True
Args in experiment:
[1mBasic Config[0m
  Task Name:          long_term_forecast  Is Training:        1                   
  Model ID:           ECL_96_720          Model:              TimesNet            

[1mData Loader[0m
  Data:               custom              Root Path:          ./dataset/          
  Data Path:          electricity.csv     Features:           M                   
  Target:             OT                  Freq:               h                   
  Checkpoints:        ./checkpoints/      

[1mForecasting Task[0m
  Seq Len:            96                  Label Len:          48                  
  Pred Len:           720                 Seasonal Patterns:  Monthly             
  Inverse:            0                   

[1mModel Parameters[0m
  Top k:              5                   Num Kernels:        6                   
  Enc In:             321                 Dec In:             321                 
  C Out:              321                 d model:            64                  
  n heads:            8                   e layers:           2                   
  d layers:           1                   d FF:               64                  
  Moving Avg:         25                  Factor:             3                   
  Distil:             1                   Dropout:            0.1                 
  Embed:              timeF               Activation:         gelu                

[1mRun Parameters[0m
  Num Workers:        10                  Itr:                1                   
  Train Epochs:       30                  Batch Size:         32                  
  Patience:           3                   Learning Rate:      0.0001              
  Des:                Exp                 Loss:               MSE                 
  Lradj:              type1               Use Amp:            0                   

[1mGPU[0m
  Use GPU:            1                   GPU:                0                   
  Use Multi GPU:      0                   Devices:            0,1,2,3             

[1mDe-stationary Projector Params[0m
  P Hidden Dims:      128, 128            P Hidden Layers:    2                   

Use GPU: cuda:0
>>>>>>>start training : long_term_forecast_ECL_96_720_TimesNet_custom_ftM_sl96_ll48_pl720_dm64_nh8_el2_dl1_df64_expand2_dc4_fc3_ebtimeF_dtTrue_Exp_0>>>>>>>>>>>>>>>>>>>>>>>>>>
train 17597
val 1913
test 4541
	iters: 100, epoch: 1 | loss: 0.5913334
	speed: 0.8879s/iter; left time: 14561.8876s
	iters: 200, epoch: 1 | loss: 0.4171424
	speed: 0.7856s/iter; left time: 12805.9003s
	iters: 300, epoch: 1 | loss: 0.3609238
	speed: 0.7710s/iter; left time: 12490.9320s
	iters: 400, epoch: 1 | loss: 0.3231696
	speed: 0.7830s/iter; left time: 12606.5394s
	iters: 500, epoch: 1 | loss: 0.3251173
	speed: 0.7885s/iter; left time: 12616.8596s
Epoch: 1 cost time: 441.86177587509155
Epoch: 1, Steps: 550 | Train Loss: 0.4668222 Vali Loss: 0.2697574 Test Loss: 0.3202695
Validation loss decreased (inf --> 0.269757).  Saving model ...
Updating learning rate to 0.0001
	iters: 100, epoch: 2 | loss: 0.3272965
	speed: 2.3879s/iter; left time: 37851.3205s
	iters: 200, epoch: 2 | loss: 0.3197760
	speed: 0.7778s/iter; left time: 12251.8672s
	iters: 300, epoch: 2 | loss: 0.3076564
	speed: 0.7809s/iter; left time: 12222.4180s
	iters: 400, epoch: 2 | loss: 0.3125347
	speed: 0.7608s/iter; left time: 11831.0487s
	iters: 500, epoch: 2 | loss: 0.3236102
	speed: 0.7431s/iter; left time: 11482.2108s
Epoch: 2 cost time: 425.0320336818695
Epoch: 2, Steps: 550 | Train Loss: 0.3111760 Vali Loss: 0.2599336 Test Loss: 0.3046276
Validation loss decreased (0.269757 --> 0.259934).  Saving model ...
Updating learning rate to 5e-05
	iters: 100, epoch: 3 | loss: 0.2847090
	speed: 2.3155s/iter; left time: 35429.1393s
	iters: 200, epoch: 3 | loss: 0.3658393
	speed: 0.7594s/iter; left time: 11543.2373s
	iters: 300, epoch: 3 | loss: 0.2953724
	speed: 0.7601s/iter; left time: 11478.8425s
	iters: 400, epoch: 3 | loss: 0.2939892
	speed: 0.7708s/iter; left time: 11563.2545s
	iters: 500, epoch: 3 | loss: 0.2897866
	speed: 0.7812s/iter; left time: 11640.7964s
Epoch: 3 cost time: 423.16116070747375
Epoch: 3, Steps: 550 | Train Loss: 0.3028946 Vali Loss: 0.2549287 Test Loss: 0.3007402
Validation loss decreased (0.259934 --> 0.254929).  Saving model ...
Updating learning rate to 2.5e-05
	iters: 100, epoch: 4 | loss: 0.2957775
	speed: 2.2427s/iter; left time: 33081.6259s
	iters: 200, epoch: 4 | loss: 0.2966892
	speed: 0.7370s/iter; left time: 10798.3932s
	iters: 300, epoch: 4 | loss: 0.3133273
	speed: 0.7325s/iter; left time: 10658.8866s
	iters: 400, epoch: 4 | loss: 0.3018464
	speed: 0.7567s/iter; left time: 10935.1023s
	iters: 500, epoch: 4 | loss: 0.2926661
	speed: 0.7579s/iter; left time: 10876.1327s
Epoch: 4 cost time: 412.8157088756561
Epoch: 4, Steps: 550 | Train Loss: 0.3002028 Vali Loss: 0.2543875 Test Loss: 0.2999109
Validation loss decreased (0.254929 --> 0.254387).  Saving model ...
Updating learning rate to 1.25e-05
	iters: 100, epoch: 5 | loss: 0.2890058
	speed: 2.3330s/iter; left time: 33130.9549s
	iters: 200, epoch: 5 | loss: 0.2865455
	speed: 0.7765s/iter; left time: 10948.8618s
	iters: 300, epoch: 5 | loss: 0.2980055
	speed: 0.7676s/iter; left time: 10747.3328s
	iters: 400, epoch: 5 | loss: 0.2849700
	speed: 0.7431s/iter; left time: 10330.4234s
	iters: 500, epoch: 5 | loss: 0.2624749
	speed: 0.7390s/iter; left time: 10199.6013s
Epoch: 5 cost time: 418.6829218864441
Epoch: 5, Steps: 550 | Train Loss: 0.2989942 Vali Loss: 0.2536295 Test Loss: 0.2985660
Validation loss decreased (0.254387 --> 0.253630).  Saving model ...
Updating learning rate to 6.25e-06
	iters: 100, epoch: 6 | loss: 0.3134051
	speed: 2.3356s/iter; left time: 31883.1076s
	iters: 200, epoch: 6 | loss: 0.3089123
	speed: 0.7600s/iter; left time: 10299.0675s
	iters: 300, epoch: 6 | loss: 0.2950555
	speed: 0.7526s/iter; left time: 10123.2023s
	iters: 400, epoch: 6 | loss: 0.2799988
	speed: 0.7550s/iter; left time: 10080.1130s
	iters: 500, epoch: 6 | loss: 0.3125471
	speed: 0.7750s/iter; left time: 10269.8728s
Epoch: 6 cost time: 422.21205472946167
Epoch: 6, Steps: 550 | Train Loss: 0.2983586 Vali Loss: 0.2531772 Test Loss: 0.2985757
Validation loss decreased (0.253630 --> 0.253177).  Saving model ...
Updating learning rate to 3.125e-06
	iters: 100, epoch: 7 | loss: 0.3073723
	speed: 2.3392s/iter; left time: 30645.3324s
	iters: 200, epoch: 7 | loss: 0.3091521
	speed: 0.7324s/iter; left time: 9522.4732s
	iters: 300, epoch: 7 | loss: 0.2928065
	speed: 0.7379s/iter; left time: 9519.1562s
	iters: 400, epoch: 7 | loss: 0.3005346
	speed: 0.7204s/iter; left time: 9222.0852s
	iters: 500, epoch: 7 | loss: 0.3223967
	speed: 0.7661s/iter; left time: 9729.7832s
Epoch: 7 cost time: 410.74664974212646
Epoch: 7, Steps: 550 | Train Loss: 0.2980393 Vali Loss: 0.2531082 Test Loss: 0.2980920
Validation loss decreased (0.253177 --> 0.253108).  Saving model ...
Updating learning rate to 1.5625e-06
	iters: 100, epoch: 8 | loss: 0.2781331
	speed: 2.2983s/iter; left time: 28845.6487s
	iters: 200, epoch: 8 | loss: 0.3072179
	speed: 0.7571s/iter; left time: 9426.8650s
	iters: 300, epoch: 8 | loss: 0.2670655
	speed: 0.7801s/iter; left time: 9635.0785s
	iters: 400, epoch: 8 | loss: 0.3185244
	speed: 0.7985s/iter; left time: 9782.8649s
	iters: 500, epoch: 8 | loss: 0.2939025
	speed: 0.7607s/iter; left time: 9243.0507s
Epoch: 8 cost time: 425.84520268440247
Epoch: 8, Steps: 550 | Train Loss: 0.2978741 Vali Loss: 0.2533646 Test Loss: 0.2979568
EarlyStopping counter: 1 out of 3
Updating learning rate to 7.8125e-07
	iters: 100, epoch: 9 | loss: 0.2724414
	speed: 2.3173s/iter; left time: 27810.2946s
	iters: 200, epoch: 9 | loss: 0.2731261
	speed: 0.7864s/iter; left time: 9359.3920s
	iters: 300, epoch: 9 | loss: 0.2920130
	speed: 0.7674s/iter; left time: 9055.9819s
	iters: 400, epoch: 9 | loss: 0.2821617
	speed: 0.7612s/iter; left time: 8906.8867s
	iters: 500, epoch: 9 | loss: 0.2743855
	speed: 0.7525s/iter; left time: 8730.0998s
Epoch: 9 cost time: 422.91978192329407
Epoch: 9, Steps: 550 | Train Loss: 0.2978770 Vali Loss: 0.2533051 Test Loss: 0.2979203
EarlyStopping counter: 2 out of 3
Updating learning rate to 3.90625e-07
	iters: 100, epoch: 10 | loss: 0.2908687
	speed: 2.3300s/iter; left time: 26680.6819s
	iters: 200, epoch: 10 | loss: 0.3201280
	speed: 0.7746s/iter; left time: 8792.3929s
	iters: 300, epoch: 10 | loss: 0.2787518
	speed: 0.7869s/iter; left time: 8853.6271s
	iters: 400, epoch: 10 | loss: 0.2906482
	speed: 0.7459s/iter; left time: 8316.9997s
	iters: 500, epoch: 10 | loss: 0.2840488
	speed: 0.7622s/iter; left time: 8422.9109s
Epoch: 10 cost time: 426.5452024936676
Epoch: 10, Steps: 550 | Train Loss: 0.2977749 Vali Loss: 0.2532999 Test Loss: 0.2978454
EarlyStopping counter: 3 out of 3
Early stopping
>>>>>>>testing : long_term_forecast_ECL_96_720_TimesNet_custom_ftM_sl96_ll48_pl720_dm64_nh8_el2_dl1_df64_expand2_dc4_fc3_ebtimeF_dtTrue_Exp_0<<<<<<<<<<<<<<<<<<<<<<<<<<<<<<<<<
test 4541
test shape: (4541, 720, 321) (4541, 720, 321)
test shape: (4541, 720, 321) (4541, 720, 321)
mse:0.2980186343193054, mae:0.3704855740070343, dtw:not calculated
