True
Args in experiment:
[1mBasic Config[0m
  Task Name:          long_term_forecast  Is Training:        1                   
  Model ID:           ETTh1_336_96        Model:              TimesNet            

[1mData Loader[0m
  Data:               ETTh1               Root Path:          ./dataset/          
  Data Path:          ETTh1.csv           Features:           M                   
  Target:             OT                  Freq:               h                   
  Checkpoints:        ./checkpoints/      

[1mForecasting Task[0m
  Seq Len:            336                 Label Len:          48                  
  Pred Len:           192                 Seasonal Patterns:  Monthly             
  Inverse:            0                   

[1mModel Parameters[0m
  Top k:              5                   Num Kernels:        6                   
  Enc In:             7                   Dec In:             7                   
  C Out:              7                   d model:            16                  
  n heads:            8                   e layers:           2                   
  d layers:           1                   d FF:               32                  
  Moving Avg:         25                  Factor:             3                   
  Distil:             1                   Dropout:            0.1                 
  Embed:              timeF               Activation:         gelu                

[1mRun Parameters[0m
  Num Workers:        10                  Itr:                1                   
  Train Epochs:       30                  Batch Size:         32                  
  Patience:           3                   Learning Rate:      0.0001              
  Des:                Exp                 Loss:               MSE                 
  Lradj:              type1               Use Amp:            0                   

[1mGPU[0m
  Use GPU:            1                   GPU:                0                   
  Use Multi GPU:      0                   Devices:            0,1,2,3             

[1mDe-stationary Projector Params[0m
  P Hidden Dims:      128, 128            P Hidden Layers:    2                   

Use GPU: cuda:0
>>>>>>>start training : long_term_forecast_ETTh1_336_96_TimesNet_ETTh1_ftM_sl336_ll48_pl192_dm16_nh8_el2_dl1_df32_expand2_dc4_fc3_ebtimeF_dtTrue_Exp_0>>>>>>>>>>>>>>>>>>>>>>>>>>
train 8113
val 2689
test 2689
	iters: 100, epoch: 1 | loss: 0.4777822
	speed: 0.2670s/iter; left time: 2007.8219s
	iters: 200, epoch: 1 | loss: 0.4751191
	speed: 0.2013s/iter; left time: 1493.8453s
Epoch: 1 cost time: 58.39518737792969
Epoch: 1, Steps: 254 | Train Loss: 0.5423824 Vali Loss: 1.1776929 Test Loss: 0.4772489
Validation loss decreased (inf --> 1.177693).  Saving model ...
Updating learning rate to 0.0001
	iters: 100, epoch: 2 | loss: 0.3699043
	speed: 0.5759s/iter; left time: 4185.2417s
	iters: 200, epoch: 2 | loss: 0.3983738
	speed: 0.2270s/iter; left time: 1626.7191s
Epoch: 2 cost time: 58.637609004974365
Epoch: 2, Steps: 254 | Train Loss: 0.4200568 Vali Loss: 1.1575862 Test Loss: 0.4754366
Validation loss decreased (1.177693 --> 1.157586).  Saving model ...
Updating learning rate to 5e-05
	iters: 100, epoch: 3 | loss: 0.3850192
	speed: 0.5811s/iter; left time: 4075.2230s
	iters: 200, epoch: 3 | loss: 0.3552669
	speed: 0.2186s/iter; left time: 1511.3337s
Epoch: 3 cost time: 56.6043176651001
Epoch: 3, Steps: 254 | Train Loss: 0.3878629 Vali Loss: 1.1360321 Test Loss: 0.4831194
Validation loss decreased (1.157586 --> 1.136032).  Saving model ...
Updating learning rate to 2.5e-05
	iters: 100, epoch: 4 | loss: 0.3672165
	speed: 0.5594s/iter; left time: 3780.7597s
	iters: 200, epoch: 4 | loss: 0.3893415
	speed: 0.2248s/iter; left time: 1496.7193s
Epoch: 4 cost time: 57.4154839515686
Epoch: 4, Steps: 254 | Train Loss: 0.3759840 Vali Loss: 1.1327652 Test Loss: 0.4785766
Validation loss decreased (1.136032 --> 1.132765).  Saving model ...
Updating learning rate to 1.25e-05
	iters: 100, epoch: 5 | loss: 0.3709345
	speed: 0.6009s/iter; left time: 3909.0690s
	iters: 200, epoch: 5 | loss: 0.3680972
	speed: 0.2278s/iter; left time: 1459.1789s
Epoch: 5 cost time: 58.4314239025116
Epoch: 5, Steps: 254 | Train Loss: 0.3702058 Vali Loss: 1.1334659 Test Loss: 0.4870109
EarlyStopping counter: 1 out of 3
Updating learning rate to 6.25e-06
	iters: 100, epoch: 6 | loss: 0.3319890
	speed: 0.6222s/iter; left time: 3889.0763s
	iters: 200, epoch: 6 | loss: 0.3440310
	speed: 0.2262s/iter; left time: 1391.5442s
Epoch: 6 cost time: 59.34649705886841
Epoch: 6, Steps: 254 | Train Loss: 0.3675745 Vali Loss: 1.1355093 Test Loss: 0.4831926
EarlyStopping counter: 2 out of 3
Updating learning rate to 3.125e-06
	iters: 100, epoch: 7 | loss: 0.3582442
	speed: 0.5178s/iter; left time: 3105.2912s
	iters: 200, epoch: 7 | loss: 0.3996143
	speed: 0.2107s/iter; left time: 1242.2998s
Epoch: 7 cost time: 55.113094091415405
Epoch: 7, Steps: 254 | Train Loss: 0.3660746 Vali Loss: 1.1324731 Test Loss: 0.4828751
Validation loss decreased (1.132765 --> 1.132473).  Saving model ...
Updating learning rate to 1.5625e-06
	iters: 100, epoch: 8 | loss: 0.3352847
	speed: 0.5024s/iter; left time: 2885.1994s
	iters: 200, epoch: 8 | loss: 0.3893834
	speed: 0.2144s/iter; left time: 1209.9343s
Epoch: 8 cost time: 55.09709095954895
Epoch: 8, Steps: 254 | Train Loss: 0.3651529 Vali Loss: 1.1493906 Test Loss: 0.4855469
EarlyStopping counter: 1 out of 3
Updating learning rate to 7.8125e-07
	iters: 100, epoch: 9 | loss: 0.3638955
	speed: 0.5605s/iter; left time: 3076.6101s
	iters: 200, epoch: 9 | loss: 0.3388728
	speed: 0.2308s/iter; left time: 1243.8897s
Epoch: 9 cost time: 59.33266544342041
Epoch: 9, Steps: 254 | Train Loss: 0.3651836 Vali Loss: 1.1370877 Test Loss: 0.4858501
EarlyStopping counter: 2 out of 3
Updating learning rate to 3.90625e-07
	iters: 100, epoch: 10 | loss: 0.3490183
	speed: 0.5991s/iter; left time: 3136.3960s
	iters: 200, epoch: 10 | loss: 0.3303656
	speed: 0.2158s/iter; left time: 1108.1589s
Epoch: 10 cost time: 56.500160694122314
Epoch: 10, Steps: 254 | Train Loss: 0.3648680 Vali Loss: 1.1355352 Test Loss: 0.4861396
EarlyStopping counter: 3 out of 3
Early stopping
>>>>>>>testing : long_term_forecast_ETTh1_336_96_TimesNet_ETTh1_ftM_sl336_ll48_pl192_dm16_nh8_el2_dl1_df32_expand2_dc4_fc3_ebtimeF_dtTrue_Exp_0<<<<<<<<<<<<<<<<<<<<<<<<<<<<<<<<<
test 2689
test shape: (2689, 192, 7) (2689, 192, 7)
test shape: (2689, 192, 7) (2689, 192, 7)
mse:0.48322683572769165, mae:0.482727974653244, dtw:not calculated
