True
Args in experiment:
[1mBasic Config[0m
  Task Name:          long_term_forecast  Is Training:        1                   
  Model ID:           ETTh2_336_96        Model:              TimesNet            

[1mData Loader[0m
  Data:               ETTh2               Root Path:          ./dataset/          
  Data Path:          ETTh2.csv           Features:           M                   
  Target:             OT                  Freq:               h                   
  Checkpoints:        ./checkpoints/      

[1mForecasting Task[0m
  Seq Len:            336                 Label Len:          48                  
  Pred Len:           720                 Seasonal Patterns:  Monthly             
  Inverse:            0                   

[1mModel Parameters[0m
  Top k:              5                   Num Kernels:        6                   
  Enc In:             7                   Dec In:             7                   
  C Out:              7                   d model:            16                  
  n heads:            8                   e layers:           2                   
  d layers:           1                   d FF:               32                  
  Moving Avg:         25                  Factor:             3                   
  Distil:             1                   Dropout:            0.1                 
  Embed:              timeF               Activation:         gelu                

[1mRun Parameters[0m
  Num Workers:        10                  Itr:                1                   
  Train Epochs:       30                  Batch Size:         32                  
  Patience:           3                   Learning Rate:      0.0001              
  Des:                Exp                 Loss:               MSE                 
  Lradj:              type1               Use Amp:            0                   

[1mGPU[0m
  Use GPU:            1                   GPU:                0                   
  Use Multi GPU:      0                   Devices:            0,1,2,3             

[1mDe-stationary Projector Params[0m
  P Hidden Dims:      128, 128            P Hidden Layers:    2                   

Use GPU: cuda:0
>>>>>>>start training : long_term_forecast_ETTh2_336_96_TimesNet_ETTh2_ftM_sl336_ll48_pl720_dm16_nh8_el2_dl1_df32_expand2_dc4_fc3_ebtimeF_dtTrue_Exp_0>>>>>>>>>>>>>>>>>>>>>>>>>>
train 7585
val 2161
test 2161
	iters: 100, epoch: 1 | loss: 0.9342645
	speed: 0.4636s/iter; left time: 3264.1302s
	iters: 200, epoch: 1 | loss: 0.7149206
	speed: 0.4137s/iter; left time: 2871.5539s
Epoch: 1 cost time: 103.78685402870178
Epoch: 1, Steps: 238 | Train Loss: 0.8325419 Vali Loss: 0.7223811 Test Loss: 0.4700043
Validation loss decreased (inf --> 0.722381).  Saving model ...
Updating learning rate to 0.0001
	iters: 100, epoch: 2 | loss: 0.8916113
	speed: 0.8448s/iter; left time: 5747.1682s
	iters: 200, epoch: 2 | loss: 0.4136420
	speed: 0.4080s/iter; left time: 2734.9514s
Epoch: 2 cost time: 98.51863598823547
Epoch: 2, Steps: 238 | Train Loss: 0.7167161 Vali Loss: 0.7154273 Test Loss: 0.4666592
Validation loss decreased (0.722381 --> 0.715427).  Saving model ...
Updating learning rate to 5e-05
	iters: 100, epoch: 3 | loss: 0.3646404
	speed: 0.8044s/iter; left time: 5280.7999s
	iters: 200, epoch: 3 | loss: 0.5049694
	speed: 0.3956s/iter; left time: 2557.3161s
Epoch: 3 cost time: 95.17448425292969
Epoch: 3, Steps: 238 | Train Loss: 0.6810847 Vali Loss: 0.7140583 Test Loss: 0.4739104
Validation loss decreased (0.715427 --> 0.714058).  Saving model ...
Updating learning rate to 2.5e-05
	iters: 100, epoch: 4 | loss: 0.6456577
	speed: 0.8201s/iter; left time: 5188.5671s
	iters: 200, epoch: 4 | loss: 0.6079502
	speed: 0.3974s/iter; left time: 2474.4960s
Epoch: 4 cost time: 95.29520916938782
Epoch: 4, Steps: 238 | Train Loss: 0.6672913 Vali Loss: 0.7175070 Test Loss: 0.4773410
EarlyStopping counter: 1 out of 3
Updating learning rate to 1.25e-05
	iters: 100, epoch: 5 | loss: 0.6225510
	speed: 0.8024s/iter; left time: 4885.6416s
	iters: 200, epoch: 5 | loss: 1.0579576
	speed: 0.3955s/iter; left time: 2368.4147s
Epoch: 5 cost time: 95.06420540809631
Epoch: 5, Steps: 238 | Train Loss: 0.6616052 Vali Loss: 0.7244675 Test Loss: 0.4786706
EarlyStopping counter: 2 out of 3
Updating learning rate to 6.25e-06
	iters: 100, epoch: 6 | loss: 0.7490185
	speed: 0.7940s/iter; left time: 4645.4370s
	iters: 200, epoch: 6 | loss: 0.7175246
	speed: 0.3921s/iter; left time: 2255.1360s
Epoch: 6 cost time: 94.80291295051575
Epoch: 6, Steps: 238 | Train Loss: 0.6576420 Vali Loss: 0.7285944 Test Loss: 0.4785361
EarlyStopping counter: 3 out of 3
Early stopping
>>>>>>>testing : long_term_forecast_ETTh2_336_96_TimesNet_ETTh2_ftM_sl336_ll48_pl720_dm16_nh8_el2_dl1_df32_expand2_dc4_fc3_ebtimeF_dtTrue_Exp_0<<<<<<<<<<<<<<<<<<<<<<<<<<<<<<<<<
test 2161
test shape: (2161, 720, 7) (2161, 720, 7)
test shape: (2161, 720, 7) (2161, 720, 7)
mse:0.47241365909576416, mae:0.48257070779800415, dtw:not calculated
