True
Args in experiment:
[1mBasic Config[0m
  Task Name:          long_term_forecast  Is Training:        1                   
  Model ID:           ETTh2_720_96        Model:              TimesNet            

[1mData Loader[0m
  Data:               ETTh2               Root Path:          ./dataset/          
  Data Path:          ETTh2.csv           Features:           M                   
  Target:             OT                  Freq:               h                   
  Checkpoints:        ./checkpoints/      

[1mForecasting Task[0m
  Seq Len:            720                 Label Len:          48                  
  Pred Len:           336                 Seasonal Patterns:  Monthly             
  Inverse:            0                   

[1mModel Parameters[0m
  Top k:              5                   Num Kernels:        6                   
  Enc In:             7                   Dec In:             7                   
  C Out:              7                   d model:            16                  
  n heads:            8                   e layers:           2                   
  d layers:           1                   d FF:               32                  
  Moving Avg:         25                  Factor:             3                   
  Distil:             1                   Dropout:            0.1                 
  Embed:              timeF               Activation:         gelu                

[1mRun Parameters[0m
  Num Workers:        10                  Itr:                1                   
  Train Epochs:       30                  Batch Size:         32                  
  Patience:           3                   Learning Rate:      0.0001              
  Des:                Exp                 Loss:               MSE                 
  Lradj:              type1               Use Amp:            0                   

[1mGPU[0m
  Use GPU:            1                   GPU:                0                   
  Use Multi GPU:      0                   Devices:            0,1,2,3             

[1mDe-stationary Projector Params[0m
  P Hidden Dims:      128, 128            P Hidden Layers:    2                   

Use GPU: cuda:0
>>>>>>>start training : long_term_forecast_ETTh2_720_96_TimesNet_ETTh2_ftM_sl720_ll48_pl336_dm16_nh8_el2_dl1_df32_expand2_dc4_fc3_ebtimeF_dtTrue_Exp_0>>>>>>>>>>>>>>>>>>>>>>>>>>
train 7585
val 2545
test 2545
	iters: 100, epoch: 1 | loss: 0.7251573
	speed: 0.4083s/iter; left time: 2874.9283s
	iters: 200, epoch: 1 | loss: 0.6435685
	speed: 0.3184s/iter; left time: 2209.7166s
Epoch: 1 cost time: 84.89112710952759
Epoch: 1, Steps: 238 | Train Loss: 0.6722364 Vali Loss: 0.4892084 Test Loss: 0.4502172
Validation loss decreased (inf --> 0.489208).  Saving model ...
Updating learning rate to 0.0001
	iters: 100, epoch: 2 | loss: 0.4829693
	speed: 0.8644s/iter; left time: 5880.7432s
	iters: 200, epoch: 2 | loss: 0.5748746
	speed: 0.3221s/iter; left time: 2158.9781s
Epoch: 2 cost time: 76.74673199653625
Epoch: 2, Steps: 238 | Train Loss: 0.5193848 Vali Loss: 0.4922887 Test Loss: 0.4307729
EarlyStopping counter: 1 out of 3
Updating learning rate to 5e-05
	iters: 100, epoch: 3 | loss: 0.3205175
	speed: 0.8408s/iter; left time: 5519.8208s
	iters: 200, epoch: 3 | loss: 0.3448340
	speed: 0.3231s/iter; left time: 2088.8706s
Epoch: 3 cost time: 78.68641018867493
Epoch: 3, Steps: 238 | Train Loss: 0.4777103 Vali Loss: 0.5127339 Test Loss: 0.4234704
EarlyStopping counter: 2 out of 3
Updating learning rate to 2.5e-05
	iters: 100, epoch: 4 | loss: 0.6135463
	speed: 0.8964s/iter; left time: 5671.7978s
	iters: 200, epoch: 4 | loss: 0.2894835
	speed: 0.3040s/iter; left time: 1892.7261s
Epoch: 4 cost time: 77.73115420341492
Epoch: 4, Steps: 238 | Train Loss: 0.4598340 Vali Loss: 0.5283657 Test Loss: 0.4211155
EarlyStopping counter: 3 out of 3
Early stopping
>>>>>>>testing : long_term_forecast_ETTh2_720_96_TimesNet_ETTh2_ftM_sl720_ll48_pl336_dm16_nh8_el2_dl1_df32_expand2_dc4_fc3_ebtimeF_dtTrue_Exp_0<<<<<<<<<<<<<<<<<<<<<<<<<<<<<<<<<
test 2545
test shape: (2545, 336, 7) (2545, 336, 7)
test shape: (2545, 336, 7) (2545, 336, 7)
mse:0.445269912481308, mae:0.4647119641304016, dtw:not calculated
