True
Args in experiment:
[1mBasic Config[0m
  Task Name:          long_term_forecast  Is Training:        1                   
  Model ID:           ETTh2_336_96        Model:              TimesNet            

[1mData Loader[0m
  Data:               ETTh2               Root Path:          ./dataset/          
  Data Path:          ETTh2.csv           Features:           M                   
  Target:             OT                  Freq:               h                   
  Checkpoints:        ./checkpoints/      

[1mForecasting Task[0m
  Seq Len:            336                 Label Len:          48                  
  Pred Len:           336                 Seasonal Patterns:  Monthly             
  Inverse:            0                   

[1mModel Parameters[0m
  Top k:              5                   Num Kernels:        6                   
  Enc In:             7                   Dec In:             7                   
  C Out:              7                   d model:            16                  
  n heads:            8                   e layers:           2                   
  d layers:           1                   d FF:               32                  
  Moving Avg:         25                  Factor:             3                   
  Distil:             1                   Dropout:            0.1                 
  Embed:              timeF               Activation:         gelu                

[1mRun Parameters[0m
  Num Workers:        10                  Itr:                1                   
  Train Epochs:       30                  Batch Size:         32                  
  Patience:           3                   Learning Rate:      0.0001              
  Des:                Exp                 Loss:               MSE                 
  Lradj:              type1               Use Amp:            0                   

[1mGPU[0m
  Use GPU:            1                   GPU:                0                   
  Use Multi GPU:      0                   Devices:            0,1,2,3             

[1mDe-stationary Projector Params[0m
  P Hidden Dims:      128, 128            P Hidden Layers:    2                   

Use GPU: cuda:0
>>>>>>>start training : long_term_forecast_ETTh2_336_96_TimesNet_ETTh2_ftM_sl336_ll48_pl336_dm16_nh8_el2_dl1_df32_expand2_dc4_fc3_ebtimeF_dtTrue_Exp_0>>>>>>>>>>>>>>>>>>>>>>>>>>
train 7969
val 2545
test 2545
	iters: 100, epoch: 1 | loss: 0.8929004
	speed: 0.3674s/iter; left time: 2718.9238s
	iters: 200, epoch: 1 | loss: 0.6689059
	speed: 0.2583s/iter; left time: 1885.5392s
Epoch: 1 cost time: 74.57705783843994
Epoch: 1, Steps: 250 | Train Loss: 0.6812670 Vali Loss: 0.4660260 Test Loss: 0.3953567
Validation loss decreased (inf --> 0.466026).  Saving model ...
Updating learning rate to 0.0001
	iters: 100, epoch: 2 | loss: 0.4879863
	speed: 0.5707s/iter; left time: 4081.1913s
	iters: 200, epoch: 2 | loss: 0.4138237
	speed: 0.2317s/iter; left time: 1633.8279s
Epoch: 2 cost time: 59.236356019973755
Epoch: 2, Steps: 250 | Train Loss: 0.5289958 Vali Loss: 0.4848674 Test Loss: 0.4014840
EarlyStopping counter: 1 out of 3
Updating learning rate to 5e-05
	iters: 100, epoch: 3 | loss: 0.8809561
	speed: 0.6228s/iter; left time: 4298.0180s
	iters: 200, epoch: 3 | loss: 0.4993721
	speed: 0.2540s/iter; left time: 1727.2250s
Epoch: 3 cost time: 63.9047269821167
Epoch: 3, Steps: 250 | Train Loss: 0.4900045 Vali Loss: 0.4854631 Test Loss: 0.4133942
EarlyStopping counter: 2 out of 3
Updating learning rate to 2.5e-05
	iters: 100, epoch: 4 | loss: 0.4895027
	speed: 0.5879s/iter; left time: 3910.3158s
	iters: 200, epoch: 4 | loss: 0.3863449
	speed: 0.2549s/iter; left time: 1669.5510s
Epoch: 4 cost time: 63.61894083023071
Epoch: 4, Steps: 250 | Train Loss: 0.4822281 Vali Loss: 0.4940725 Test Loss: 0.4153270
EarlyStopping counter: 3 out of 3
Early stopping
>>>>>>>testing : long_term_forecast_ETTh2_336_96_TimesNet_ETTh2_ftM_sl336_ll48_pl336_dm16_nh8_el2_dl1_df32_expand2_dc4_fc3_ebtimeF_dtTrue_Exp_0<<<<<<<<<<<<<<<<<<<<<<<<<<<<<<<<<
test 2545
test shape: (2545, 336, 7) (2545, 336, 7)
test shape: (2545, 336, 7) (2545, 336, 7)
mse:0.3898574411869049, mae:0.4292270243167877, dtw:not calculated
