True
Args in experiment:
[1mBasic Config[0m
  Task Name:          long_term_forecast  Is Training:        1                   
  Model ID:           ETTh1_96_96         Model:              TimesNet            

[1mData Loader[0m
  Data:               ETTh1               Root Path:          ./dataset/          
  Data Path:          ETTh1.csv           Features:           M                   
  Target:             OT                  Freq:               h                   
  Checkpoints:        ./checkpoints/      

[1mForecasting Task[0m
  Seq Len:            96                  Label Len:          48                  
  Pred Len:           336                 Seasonal Patterns:  Monthly             
  Inverse:            0                   

[1mModel Parameters[0m
  Top k:              5                   Num Kernels:        6                   
  Enc In:             7                   Dec In:             7                   
  C Out:              7                   d model:            16                  
  n heads:            8                   e layers:           2                   
  d layers:           1                   d FF:               32                  
  Moving Avg:         25                  Factor:             3                   
  Distil:             1                   Dropout:            0.1                 
  Embed:              timeF               Activation:         gelu                

[1mRun Parameters[0m
  Num Workers:        10                  Itr:                1                   
  Train Epochs:       30                  Batch Size:         32                  
  Patience:           3                   Learning Rate:      0.0001              
  Des:                Exp                 Loss:               MSE                 
  Lradj:              type1               Use Amp:            0                   

[1mGPU[0m
  Use GPU:            1                   GPU:                0                   
  Use Multi GPU:      0                   Devices:            0,1,2,3             

[1mDe-stationary Projector Params[0m
  P Hidden Dims:      128, 128            P Hidden Layers:    2                   

Use GPU: cuda:0
>>>>>>>start training : long_term_forecast_ETTh1_96_96_TimesNet_ETTh1_ftM_sl96_ll48_pl336_dm16_nh8_el2_dl1_df32_expand2_dc4_fc3_ebtimeF_dtTrue_Exp_0>>>>>>>>>>>>>>>>>>>>>>>>>>
train 8209
val 2545
test 2545
	iters: 100, epoch: 1 | loss: 0.6518379
	speed: 0.2301s/iter; left time: 1751.1766s
	iters: 200, epoch: 1 | loss: 0.5816784
	speed: 0.1697s/iter; left time: 1274.8132s
Epoch: 1 cost time: 48.858747243881226
Epoch: 1, Steps: 257 | Train Loss: 0.6235444 Vali Loss: 1.3863566 Test Loss: 0.5237602
Validation loss decreased (inf --> 1.386357).  Saving model ...
Updating learning rate to 0.0001
	iters: 100, epoch: 2 | loss: 0.5304907
	speed: 0.4037s/iter; left time: 2968.9489s
	iters: 200, epoch: 2 | loss: 0.5980488
	speed: 0.1479s/iter; left time: 1073.2003s
Epoch: 2 cost time: 38.739139556884766
Epoch: 2, Steps: 257 | Train Loss: 0.5133360 Vali Loss: 1.3851554 Test Loss: 0.4956607
Validation loss decreased (1.386357 --> 1.385155).  Saving model ...
Updating learning rate to 5e-05
	iters: 100, epoch: 3 | loss: 0.4747603
	speed: 0.3612s/iter; left time: 2563.4871s
	iters: 200, epoch: 3 | loss: 0.4506647
	speed: 0.1409s/iter; left time: 986.1322s
Epoch: 3 cost time: 37.16794991493225
Epoch: 3, Steps: 257 | Train Loss: 0.4972910 Vali Loss: 1.3889745 Test Loss: 0.4867426
EarlyStopping counter: 1 out of 3
Updating learning rate to 2.5e-05
	iters: 100, epoch: 4 | loss: 0.5226346
	speed: 0.3509s/iter; left time: 2399.9713s
	iters: 200, epoch: 4 | loss: 0.4770448
	speed: 0.1385s/iter; left time: 933.4771s
Epoch: 4 cost time: 36.2205331325531
Epoch: 4, Steps: 257 | Train Loss: 0.4882289 Vali Loss: 1.3930238 Test Loss: 0.4851851
EarlyStopping counter: 2 out of 3
Updating learning rate to 1.25e-05
	iters: 100, epoch: 5 | loss: 0.5230075
	speed: 0.3813s/iter; left time: 2510.1614s
	iters: 200, epoch: 5 | loss: 0.4727461
	speed: 0.1457s/iter; left time: 944.3927s
Epoch: 5 cost time: 37.95722150802612
Epoch: 5, Steps: 257 | Train Loss: 0.4836098 Vali Loss: 1.3975339 Test Loss: 0.4829037
EarlyStopping counter: 3 out of 3
Early stopping
>>>>>>>testing : long_term_forecast_ETTh1_96_96_TimesNet_ETTh1_ftM_sl96_ll48_pl336_dm16_nh8_el2_dl1_df32_expand2_dc4_fc3_ebtimeF_dtTrue_Exp_0<<<<<<<<<<<<<<<<<<<<<<<<<<<<<<<<<
test 2545
test shape: (2545, 336, 7) (2545, 336, 7)
test shape: (2545, 336, 7) (2545, 336, 7)
mse:0.49417048692703247, mae:0.4708813726902008, dtw:not calculated
