True
Args in experiment:
[1mBasic Config[0m
  Task Name:          long_term_forecast  Is Training:        1                   
  Model ID:           ETTh1_720_96        Model:              TimesNet            

[1mData Loader[0m
  Data:               ETTh1               Root Path:          ./dataset/          
  Data Path:          ETTh1.csv           Features:           M                   
  Target:             OT                  Freq:               h                   
  Checkpoints:        ./checkpoints/      

[1mForecasting Task[0m
  Seq Len:            720                 Label Len:          48                  
  Pred Len:           192                 Seasonal Patterns:  Monthly             
  Inverse:            0                   

[1mModel Parameters[0m
  Top k:              5                   Num Kernels:        6                   
  Enc In:             7                   Dec In:             7                   
  C Out:              7                   d model:            16                  
  n heads:            8                   e layers:           2                   
  d layers:           1                   d FF:               32                  
  Moving Avg:         25                  Factor:             3                   
  Distil:             1                   Dropout:            0.1                 
  Embed:              timeF               Activation:         gelu                

[1mRun Parameters[0m
  Num Workers:        10                  Itr:                1                   
  Train Epochs:       30                  Batch Size:         32                  
  Patience:           3                   Learning Rate:      0.0001              
  Des:                Exp                 Loss:               MSE                 
  Lradj:              type1               Use Amp:            0                   

[1mGPU[0m
  Use GPU:            1                   GPU:                0                   
  Use Multi GPU:      0                   Devices:            0,1,2,3             

[1mDe-stationary Projector Params[0m
  P Hidden Dims:      128, 128            P Hidden Layers:    2                   

Use GPU: cuda:0
>>>>>>>start training : long_term_forecast_ETTh1_720_96_TimesNet_ETTh1_ftM_sl720_ll48_pl192_dm16_nh8_el2_dl1_df32_expand2_dc4_fc3_ebtimeF_dtTrue_Exp_0>>>>>>>>>>>>>>>>>>>>>>>>>>
train 7729
val 2689
test 2689
	iters: 100, epoch: 1 | loss: 0.4101421
	speed: 0.2987s/iter; left time: 2138.8826s
	iters: 200, epoch: 1 | loss: 0.3962581
	speed: 0.2211s/iter; left time: 1561.5073s
Epoch: 1 cost time: 62.17162299156189
Epoch: 1, Steps: 242 | Train Loss: 0.5005728 Vali Loss: 1.2172261 Test Loss: 0.4583665
Validation loss decreased (inf --> 1.217226).  Saving model ...
Updating learning rate to 0.0001
	iters: 100, epoch: 2 | loss: 0.3723595
	speed: 0.6808s/iter; left time: 4710.4360s
	iters: 200, epoch: 2 | loss: 0.3739068
	speed: 0.2205s/iter; left time: 1503.4384s
Epoch: 2 cost time: 55.73020672798157
Epoch: 2, Steps: 242 | Train Loss: 0.3460431 Vali Loss: 1.3868966 Test Loss: 0.5003929
EarlyStopping counter: 1 out of 3
Updating learning rate to 5e-05
	iters: 100, epoch: 3 | loss: 0.3109910
	speed: 0.6976s/iter; left time: 4657.7283s
	iters: 200, epoch: 3 | loss: 0.2982731
	speed: 0.2268s/iter; left time: 1491.4709s
Epoch: 3 cost time: 56.740209341049194
Epoch: 3, Steps: 242 | Train Loss: 0.3092136 Vali Loss: 1.4439629 Test Loss: 0.5621642
EarlyStopping counter: 2 out of 3
Updating learning rate to 2.5e-05
	iters: 100, epoch: 4 | loss: 0.3140967
	speed: 0.6984s/iter; left time: 4494.4750s
	iters: 200, epoch: 4 | loss: 0.2671481
	speed: 0.2492s/iter; left time: 1578.4654s
Epoch: 4 cost time: 58.749706506729126
Epoch: 4, Steps: 242 | Train Loss: 0.2955962 Vali Loss: 1.4690757 Test Loss: 0.5740114
EarlyStopping counter: 3 out of 3
Early stopping
>>>>>>>testing : long_term_forecast_ETTh1_720_96_TimesNet_ETTh1_ftM_sl720_ll48_pl192_dm16_nh8_el2_dl1_df32_expand2_dc4_fc3_ebtimeF_dtTrue_Exp_0<<<<<<<<<<<<<<<<<<<<<<<<<<<<<<<<<
test 2689
test shape: (2689, 192, 7) (2689, 192, 7)
test shape: (2689, 192, 7) (2689, 192, 7)
mse:0.4557183086872101, mae:0.4688541889190674, dtw:not calculated
