True
Args in experiment:
[1mBasic Config[0m
  Task Name:          long_term_forecast  Is Training:        1                   
  Model ID:           ETTh1_720_96        Model:              TimesNet            

[1mData Loader[0m
  Data:               ETTh1               Root Path:          ./dataset/          
  Data Path:          ETTh1.csv           Features:           M                   
  Target:             OT                  Freq:               h                   
  Checkpoints:        ./checkpoints/      

[1mForecasting Task[0m
  Seq Len:            720                 Label Len:          48                  
  Pred Len:           720                 Seasonal Patterns:  Monthly             
  Inverse:            0                   

[1mModel Parameters[0m
  Top k:              5                   Num Kernels:        6                   
  Enc In:             7                   Dec In:             7                   
  C Out:              7                   d model:            16                  
  n heads:            8                   e layers:           2                   
  d layers:           1                   d FF:               32                  
  Moving Avg:         25                  Factor:             3                   
  Distil:             1                   Dropout:            0.1                 
  Embed:              timeF               Activation:         gelu                

[1mRun Parameters[0m
  Num Workers:        10                  Itr:                1                   
  Train Epochs:       30                  Batch Size:         32                  
  Patience:           3                   Learning Rate:      0.0001              
  Des:                Exp                 Loss:               MSE                 
  Lradj:              type1               Use Amp:            0                   

[1mGPU[0m
  Use GPU:            1                   GPU:                0                   
  Use Multi GPU:      0                   Devices:            0,1,2,3             

[1mDe-stationary Projector Params[0m
  P Hidden Dims:      128, 128            P Hidden Layers:    2                   

Use GPU: cuda:0
>>>>>>>start training : long_term_forecast_ETTh1_720_96_TimesNet_ETTh1_ftM_sl720_ll48_pl720_dm16_nh8_el2_dl1_df32_expand2_dc4_fc3_ebtimeF_dtTrue_Exp_0>>>>>>>>>>>>>>>>>>>>>>>>>>
train 7201
val 2161
test 2161
	iters: 100, epoch: 1 | loss: 0.5769740
	speed: 0.3261s/iter; left time: 2178.8994s
	iters: 200, epoch: 1 | loss: 0.4804355
	speed: 0.2875s/iter; left time: 1891.9406s
Epoch: 1 cost time: 68.79574489593506
Epoch: 1, Steps: 226 | Train Loss: 0.5991846 Vali Loss: 1.5966873 Test Loss: 0.6330790
Validation loss decreased (inf --> 1.596687).  Saving model ...
Updating learning rate to 0.0001
	iters: 100, epoch: 2 | loss: 0.4304140
	speed: 0.6958s/iter; left time: 4491.1166s
	iters: 200, epoch: 2 | loss: 0.4254858
	speed: 0.2689s/iter; left time: 1709.1310s
Epoch: 2 cost time: 63.127275228500366
Epoch: 2, Steps: 226 | Train Loss: 0.4287327 Vali Loss: 1.6486598 Test Loss: 0.6824570
EarlyStopping counter: 1 out of 3
Updating learning rate to 5e-05
	iters: 100, epoch: 3 | loss: 0.3739906
	speed: 0.6676s/iter; left time: 4158.2989s
	iters: 200, epoch: 3 | loss: 0.3680747
	speed: 0.2985s/iter; left time: 1829.5347s
Epoch: 3 cost time: 68.79911351203918
Epoch: 3, Steps: 226 | Train Loss: 0.3836987 Vali Loss: 1.6560973 Test Loss: 0.7303354
EarlyStopping counter: 2 out of 3
Updating learning rate to 2.5e-05
	iters: 100, epoch: 4 | loss: 0.3437527
	speed: 0.6355s/iter; left time: 3814.7207s
	iters: 200, epoch: 4 | loss: 0.3498592
	speed: 0.2796s/iter; left time: 1650.4394s
Epoch: 4 cost time: 64.5702760219574
Epoch: 4, Steps: 226 | Train Loss: 0.3661315 Vali Loss: 1.6662110 Test Loss: 0.7664471
EarlyStopping counter: 3 out of 3
Early stopping
>>>>>>>testing : long_term_forecast_ETTh1_720_96_TimesNet_ETTh1_ftM_sl720_ll48_pl720_dm16_nh8_el2_dl1_df32_expand2_dc4_fc3_ebtimeF_dtTrue_Exp_0<<<<<<<<<<<<<<<<<<<<<<<<<<<<<<<<<
test 2161
test shape: (2161, 720, 7) (2161, 720, 7)
test shape: (2161, 720, 7) (2161, 720, 7)
mse:0.6319372653961182, mae:0.5776028037071228, dtw:not calculated
