True
Args in experiment:
[1mBasic Config[0m
  Task Name:          long_term_forecast  Is Training:        1                   
  Model ID:           ETTh2_720_96        Model:              TimesNet            

[1mData Loader[0m
  Data:               ETTh2               Root Path:          ./dataset/          
  Data Path:          ETTh2.csv           Features:           M                   
  Target:             OT                  Freq:               h                   
  Checkpoints:        ./checkpoints/      

[1mForecasting Task[0m
  Seq Len:            720                 Label Len:          48                  
  Pred Len:           720                 Seasonal Patterns:  Monthly             
  Inverse:            0                   

[1mModel Parameters[0m
  Top k:              5                   Num Kernels:        6                   
  Enc In:             7                   Dec In:             7                   
  C Out:              7                   d model:            16                  
  n heads:            8                   e layers:           2                   
  d layers:           1                   d FF:               32                  
  Moving Avg:         25                  Factor:             3                   
  Distil:             1                   Dropout:            0.1                 
  Embed:              timeF               Activation:         gelu                

[1mRun Parameters[0m
  Num Workers:        10                  Itr:                1                   
  Train Epochs:       30                  Batch Size:         32                  
  Patience:           3                   Learning Rate:      0.0001              
  Des:                Exp                 Loss:               MSE                 
  Lradj:              type1               Use Amp:            0                   

[1mGPU[0m
  Use GPU:            1                   GPU:                0                   
  Use Multi GPU:      0                   Devices:            0,1,2,3             

[1mDe-stationary Projector Params[0m
  P Hidden Dims:      128, 128            P Hidden Layers:    2                   

Use GPU: cuda:0
>>>>>>>start training : long_term_forecast_ETTh2_720_96_TimesNet_ETTh2_ftM_sl720_ll48_pl720_dm16_nh8_el2_dl1_df32_expand2_dc4_fc3_ebtimeF_dtTrue_Exp_0>>>>>>>>>>>>>>>>>>>>>>>>>>
train 7201
val 2161
test 2161
	iters: 100, epoch: 1 | loss: 0.6194041
	speed: 0.3850s/iter; left time: 2572.0430s
	iters: 200, epoch: 1 | loss: 0.6446462
	speed: 0.3042s/iter; left time: 2001.6515s
Epoch: 1 cost time: 76.41711330413818
Epoch: 1, Steps: 226 | Train Loss: 0.8270352 Vali Loss: 0.7594590 Test Loss: 0.4395186
Validation loss decreased (inf --> 0.759459).  Saving model ...
Updating learning rate to 0.0001
	iters: 100, epoch: 2 | loss: 0.6865647
	speed: 0.5970s/iter; left time: 3853.5539s
	iters: 200, epoch: 2 | loss: 0.5708592
	speed: 0.2904s/iter; left time: 1845.3226s
Epoch: 2 cost time: 65.7929744720459
Epoch: 2, Steps: 226 | Train Loss: 0.6540810 Vali Loss: 0.8210285 Test Loss: 0.4595853
EarlyStopping counter: 1 out of 3
Updating learning rate to 5e-05
	iters: 100, epoch: 3 | loss: 0.7252489
	speed: 0.6339s/iter; left time: 3948.7300s
	iters: 200, epoch: 3 | loss: 0.3819556
	speed: 0.3115s/iter; left time: 1908.8839s
Epoch: 3 cost time: 67.77557277679443
Epoch: 3, Steps: 226 | Train Loss: 0.6120644 Vali Loss: 0.8382749 Test Loss: 0.4631104
EarlyStopping counter: 2 out of 3
Updating learning rate to 2.5e-05
	iters: 100, epoch: 4 | loss: 0.4878141
	speed: 0.7018s/iter; left time: 4213.1085s
	iters: 200, epoch: 4 | loss: 0.4681672
	speed: 0.3140s/iter; left time: 1853.6362s
Epoch: 4 cost time: 70.88630938529968
Epoch: 4, Steps: 226 | Train Loss: 0.5784688 Vali Loss: 0.8520156 Test Loss: 0.4736431
EarlyStopping counter: 3 out of 3
Early stopping
>>>>>>>testing : long_term_forecast_ETTh2_720_96_TimesNet_ETTh2_ftM_sl720_ll48_pl720_dm16_nh8_el2_dl1_df32_expand2_dc4_fc3_ebtimeF_dtTrue_Exp_0<<<<<<<<<<<<<<<<<<<<<<<<<<<<<<<<<
test 2161
test shape: (2161, 720, 7) (2161, 720, 7)
test shape: (2161, 720, 7) (2161, 720, 7)
mse:0.4377906024456024, mae:0.4652847945690155, dtw:not calculated
