True
Args in experiment:
[1mBasic Config[0m
  Task Name:          long_term_forecast  Is Training:        1                   
  Model ID:           ETTh2_192_96        Model:              TimesNet            

[1mData Loader[0m
  Data:               ETTh2               Root Path:          ./dataset/          
  Data Path:          ETTh2.csv           Features:           M                   
  Target:             OT                  Freq:               h                   
  Checkpoints:        ./checkpoints/      

[1mForecasting Task[0m
  Seq Len:            192                 Label Len:          48                  
  Pred Len:           96                  Seasonal Patterns:  Monthly             
  Inverse:            0                   

[1mModel Parameters[0m
  Top k:              5                   Num Kernels:        6                   
  Enc In:             7                   Dec In:             7                   
  C Out:              7                   d model:            16                  
  n heads:            8                   e layers:           2                   
  d layers:           1                   d FF:               32                  
  Moving Avg:         25                  Factor:             3                   
  Distil:             1                   Dropout:            0.1                 
  Embed:              timeF               Activation:         gelu                

[1mRun Parameters[0m
  Num Workers:        10                  Itr:                1                   
  Train Epochs:       30                  Batch Size:         32                  
  Patience:           3                   Learning Rate:      0.0001              
  Des:                Exp                 Loss:               MSE                 
  Lradj:              type1               Use Amp:            0                   

[1mGPU[0m
  Use GPU:            1                   GPU:                0                   
  Use Multi GPU:      0                   Devices:            0,1,2,3             

[1mDe-stationary Projector Params[0m
  P Hidden Dims:      128, 128            P Hidden Layers:    2                   

Use GPU: cuda:0
>>>>>>>start training : long_term_forecast_ETTh2_192_96_TimesNet_ETTh2_ftM_sl192_ll48_pl96_dm16_nh8_el2_dl1_df32_expand2_dc4_fc3_ebtimeF_dtTrue_Exp_0>>>>>>>>>>>>>>>>>>>>>>>>>>
train 8353
val 2785
test 2785
	iters: 100, epoch: 1 | loss: 0.3412268
	speed: 0.1746s/iter; left time: 1354.9262s
	iters: 200, epoch: 1 | loss: 0.4192733
	speed: 0.1272s/iter; left time: 974.6580s
Epoch: 1 cost time: 38.320597648620605
Epoch: 1, Steps: 262 | Train Loss: 0.4891322 Vali Loss: 0.2707434 Test Loss: 0.3817410
Validation loss decreased (inf --> 0.270743).  Saving model ...
Updating learning rate to 0.0001
	iters: 100, epoch: 2 | loss: 0.3737580
	speed: 0.3370s/iter; left time: 2527.3198s
	iters: 200, epoch: 2 | loss: 0.2802580
	speed: 0.1305s/iter; left time: 965.5468s
Epoch: 2 cost time: 34.56049108505249
Epoch: 2, Steps: 262 | Train Loss: 0.3930590 Vali Loss: 0.2609512 Test Loss: 0.3476429
Validation loss decreased (0.270743 --> 0.260951).  Saving model ...
Updating learning rate to 5e-05
	iters: 100, epoch: 3 | loss: 0.3474427
	speed: 0.3381s/iter; left time: 2446.9066s
	iters: 200, epoch: 3 | loss: 0.2460729
	speed: 0.1279s/iter; left time: 913.0496s
Epoch: 3 cost time: 34.421515703201294
Epoch: 3, Steps: 262 | Train Loss: 0.3493885 Vali Loss: 0.2586635 Test Loss: 0.3416454
Validation loss decreased (0.260951 --> 0.258663).  Saving model ...
Updating learning rate to 2.5e-05
	iters: 100, epoch: 4 | loss: 0.3534860
	speed: 0.3600s/iter; left time: 2511.1913s
	iters: 200, epoch: 4 | loss: 0.3544866
	speed: 0.1319s/iter; left time: 906.5176s
Epoch: 4 cost time: 35.72281622886658
Epoch: 4, Steps: 262 | Train Loss: 0.3343950 Vali Loss: 0.2551369 Test Loss: 0.3410196
Validation loss decreased (0.258663 --> 0.255137).  Saving model ...
Updating learning rate to 1.25e-05
	iters: 100, epoch: 5 | loss: 0.4460922
	speed: 0.3550s/iter; left time: 2382.8608s
	iters: 200, epoch: 5 | loss: 0.3735392
	speed: 0.1275s/iter; left time: 843.0510s
Epoch: 5 cost time: 35.03255295753479
Epoch: 5, Steps: 262 | Train Loss: 0.3256515 Vali Loss: 0.2578994 Test Loss: 0.3428274
EarlyStopping counter: 1 out of 3
Updating learning rate to 6.25e-06
	iters: 100, epoch: 6 | loss: 0.2953243
	speed: 0.3317s/iter; left time: 2139.8121s
	iters: 200, epoch: 6 | loss: 0.2146713
	speed: 0.1224s/iter; left time: 777.4099s
Epoch: 6 cost time: 33.076473236083984
Epoch: 6, Steps: 262 | Train Loss: 0.3230468 Vali Loss: 0.2567360 Test Loss: 0.3430643
EarlyStopping counter: 2 out of 3
Updating learning rate to 3.125e-06
	iters: 100, epoch: 7 | loss: 0.3059650
	speed: 0.3589s/iter; left time: 2220.9428s
	iters: 200, epoch: 7 | loss: 0.3416470
	speed: 0.1345s/iter; left time: 819.2159s
Epoch: 7 cost time: 36.11331272125244
Epoch: 7, Steps: 262 | Train Loss: 0.3207077 Vali Loss: 0.2582266 Test Loss: 0.3426821
EarlyStopping counter: 3 out of 3
Early stopping
>>>>>>>testing : long_term_forecast_ETTh2_192_96_TimesNet_ETTh2_ftM_sl192_ll48_pl96_dm16_nh8_el2_dl1_df32_expand2_dc4_fc3_ebtimeF_dtTrue_Exp_0<<<<<<<<<<<<<<<<<<<<<<<<<<<<<<<<<
test 2785
test shape: (2785, 96, 7) (2785, 96, 7)
test shape: (2785, 96, 7) (2785, 96, 7)
mse:0.33772245049476624, mae:0.38006410002708435, dtw:not calculated
