True
Args in experiment:
[1mBasic Config[0m
  Task Name:          long_term_forecast  Is Training:        1                   
  Model ID:           ETTm1_96_96         Model:              TimesNet            

[1mData Loader[0m
  Data:               ETTm1               Root Path:          ./dataset/          
  Data Path:          ETTm1.csv           Features:           M                   
  Target:             OT                  Freq:               h                   
  Checkpoints:        ./checkpoints/      

[1mForecasting Task[0m
  Seq Len:            96                  Label Len:          48                  
  Pred Len:           336                 Seasonal Patterns:  Monthly             
  Inverse:            0                   

[1mModel Parameters[0m
  Top k:              5                   Num Kernels:        6                   
  Enc In:             7                   Dec In:             7                   
  C Out:              7                   d model:            16                  
  n heads:            8                   e layers:           2                   
  d layers:           1                   d FF:               32                  
  Moving Avg:         25                  Factor:             3                   
  Distil:             1                   Dropout:            0.1                 
  Embed:              timeF               Activation:         gelu                

[1mRun Parameters[0m
  Num Workers:        10                  Itr:                1                   
  Train Epochs:       30                  Batch Size:         32                  
  Patience:           3                   Learning Rate:      0.0001              
  Des:                Exp                 Loss:               MSE                 
  Lradj:              type1               Use Amp:            0                   

[1mGPU[0m
  Use GPU:            1                   GPU:                0                   
  Use Multi GPU:      0                   Devices:            0,1,2,3             

[1mDe-stationary Projector Params[0m
  P Hidden Dims:      128, 128            P Hidden Layers:    2                   

Use GPU: cuda:0
>>>>>>>start training : long_term_forecast_ETTm1_96_96_TimesNet_ETTm1_ftM_sl96_ll48_pl336_dm16_nh8_el2_dl1_df32_expand2_dc4_fc3_ebtimeF_dtTrue_Exp_0>>>>>>>>>>>>>>>>>>>>>>>>>>
train 34129
val 11185
test 11185
	iters: 100, epoch: 1 | loss: 0.5754398
	speed: 0.2297s/iter; left time: 7329.0836s
	iters: 200, epoch: 1 | loss: 0.4070115
	speed: 0.2044s/iter; left time: 6501.9764s
	iters: 300, epoch: 1 | loss: 0.4152162
	speed: 0.2033s/iter; left time: 6447.9100s
	iters: 400, epoch: 1 | loss: 0.3888284
	speed: 0.2054s/iter; left time: 6492.4901s
	iters: 500, epoch: 1 | loss: 0.5058104
	speed: 0.2058s/iter; left time: 6485.8432s
	iters: 600, epoch: 1 | loss: 0.4469801
	speed: 0.1947s/iter; left time: 6114.9983s
	iters: 700, epoch: 1 | loss: 0.4614957
	speed: 0.1925s/iter; left time: 6027.9967s
	iters: 800, epoch: 1 | loss: 0.3837170
	speed: 0.1927s/iter; left time: 6013.5813s
	iters: 900, epoch: 1 | loss: 0.3844137
	speed: 0.1965s/iter; left time: 6113.3994s
	iters: 1000, epoch: 1 | loss: 0.4656437
	speed: 0.1964s/iter; left time: 6091.3311s
Epoch: 1 cost time: 215.58567190170288
Epoch: 1, Steps: 1067 | Train Loss: 0.4305338 Vali Loss: 0.6606001 Test Loss: 0.4231674
Validation loss decreased (inf --> 0.660600).  Saving model ...
Updating learning rate to 0.0001
	iters: 100, epoch: 2 | loss: 0.4255700
	speed: 0.9600s/iter; left time: 29610.0014s
	iters: 200, epoch: 2 | loss: 0.4252347
	speed: 0.2025s/iter; left time: 6226.5374s
	iters: 300, epoch: 2 | loss: 0.3874491
	speed: 0.2015s/iter; left time: 6175.3325s
	iters: 400, epoch: 2 | loss: 0.3276103
	speed: 0.2069s/iter; left time: 6319.0934s
	iters: 500, epoch: 2 | loss: 0.3681019
	speed: 0.2091s/iter; left time: 6365.7997s
	iters: 600, epoch: 2 | loss: 0.3212523
	speed: 0.2127s/iter; left time: 6454.7697s
	iters: 700, epoch: 2 | loss: 0.3794744
	speed: 0.2171s/iter; left time: 6567.2703s
	iters: 800, epoch: 2 | loss: 0.2738163
	speed: 0.2191s/iter; left time: 6603.8039s
	iters: 900, epoch: 2 | loss: 0.4198422
	speed: 0.2182s/iter; left time: 6555.1954s
	iters: 1000, epoch: 2 | loss: 0.3872223
	speed: 0.2169s/iter; left time: 6495.5341s
Epoch: 2 cost time: 225.6674520969391
Epoch: 2, Steps: 1067 | Train Loss: 0.3683780 Vali Loss: 0.6564114 Test Loss: 0.4133284
Validation loss decreased (0.660600 --> 0.656411).  Saving model ...
Updating learning rate to 5e-05
	iters: 100, epoch: 3 | loss: 0.3230290
	speed: 0.9722s/iter; left time: 28949.2978s
	iters: 200, epoch: 3 | loss: 0.3600925
	speed: 0.2172s/iter; left time: 6445.8514s
	iters: 300, epoch: 3 | loss: 0.3433375
	speed: 0.2156s/iter; left time: 6377.8701s
	iters: 400, epoch: 3 | loss: 0.3867024
	speed: 0.2179s/iter; left time: 6421.7142s
	iters: 500, epoch: 3 | loss: 0.3457777
	speed: 0.2173s/iter; left time: 6384.8288s
	iters: 600, epoch: 3 | loss: 0.4118701
	speed: 0.2171s/iter; left time: 6356.4344s
	iters: 700, epoch: 3 | loss: 0.2977148
	speed: 0.2197s/iter; left time: 6410.9518s
	iters: 800, epoch: 3 | loss: 0.3260486
	speed: 0.2208s/iter; left time: 6420.7318s
	iters: 900, epoch: 3 | loss: 0.3605017
	speed: 0.2225s/iter; left time: 6448.6602s
	iters: 1000, epoch: 3 | loss: 0.3695193
	speed: 0.2219s/iter; left time: 6407.6907s
Epoch: 3 cost time: 234.48228669166565
Epoch: 3, Steps: 1067 | Train Loss: 0.3485721 Vali Loss: 0.6598172 Test Loss: 0.4324738
EarlyStopping counter: 1 out of 3
Updating learning rate to 2.5e-05
	iters: 100, epoch: 4 | loss: 0.3223281
	speed: 0.9544s/iter; left time: 27400.5005s
	iters: 200, epoch: 4 | loss: 0.3353527
	speed: 0.2198s/iter; left time: 6287.4243s
	iters: 300, epoch: 4 | loss: 0.2778985
	speed: 0.2191s/iter; left time: 6245.3109s
	iters: 400, epoch: 4 | loss: 0.3465050
	speed: 0.2186s/iter; left time: 6209.4450s
	iters: 500, epoch: 4 | loss: 0.3424229
	speed: 0.2193s/iter; left time: 6209.7664s
	iters: 600, epoch: 4 | loss: 0.2841342
	speed: 0.2191s/iter; left time: 6181.0604s
	iters: 700, epoch: 4 | loss: 0.3026673
	speed: 0.2180s/iter; left time: 6128.8852s
	iters: 800, epoch: 4 | loss: 0.3673424
	speed: 0.2189s/iter; left time: 6131.9160s
	iters: 900, epoch: 4 | loss: 0.3825137
	speed: 0.2208s/iter; left time: 6162.1442s
	iters: 1000, epoch: 4 | loss: 0.3598914
	speed: 0.2218s/iter; left time: 6166.9278s
Epoch: 4 cost time: 235.66455245018005
Epoch: 4, Steps: 1067 | Train Loss: 0.3404249 Vali Loss: 0.6593195 Test Loss: 0.4418283
EarlyStopping counter: 2 out of 3
Updating learning rate to 1.25e-05
	iters: 100, epoch: 5 | loss: 0.4325519
	speed: 0.9536s/iter; left time: 26360.1854s
	iters: 200, epoch: 5 | loss: 0.3942650
	speed: 0.2198s/iter; left time: 6053.0267s
	iters: 300, epoch: 5 | loss: 0.3130323
	speed: 0.2222s/iter; left time: 6097.7709s
	iters: 400, epoch: 5 | loss: 0.3263087
	speed: 0.2211s/iter; left time: 6046.9003s
	iters: 500, epoch: 5 | loss: 0.3348649
	speed: 0.2190s/iter; left time: 5967.1549s
	iters: 600, epoch: 5 | loss: 0.4266776
	speed: 0.2202s/iter; left time: 5976.7387s
	iters: 700, epoch: 5 | loss: 0.3102649
	speed: 0.2232s/iter; left time: 6036.7793s
	iters: 800, epoch: 5 | loss: 0.2935567
	speed: 0.2205s/iter; left time: 5941.4794s
	iters: 900, epoch: 5 | loss: 0.3118605
	speed: 0.2198s/iter; left time: 5900.3625s
	iters: 1000, epoch: 5 | loss: 0.4089569
	speed: 0.2174s/iter; left time: 5813.1635s
Epoch: 5 cost time: 236.07679677009583
Epoch: 5, Steps: 1067 | Train Loss: 0.3365273 Vali Loss: 0.6596322 Test Loss: 0.4410627
EarlyStopping counter: 3 out of 3
Early stopping
>>>>>>>testing : long_term_forecast_ETTm1_96_96_TimesNet_ETTm1_ftM_sl96_ll48_pl336_dm16_nh8_el2_dl1_df32_expand2_dc4_fc3_ebtimeF_dtTrue_Exp_0<<<<<<<<<<<<<<<<<<<<<<<<<<<<<<<<<
test 11185
test shape: (11185, 336, 7) (11185, 336, 7)
test shape: (11185, 336, 7) (11185, 336, 7)
mse:0.41324466466903687, mae:0.42149680852890015, dtw:not calculated
