True
Args in experiment:
[1mBasic Config[0m
  Task Name:          long_term_forecast  Is Training:        1                   
  Model ID:           traffic_192_96      Model:              TimesNet            

[1mData Loader[0m
  Data:               custom              Root Path:          ./dataset/          
  Data Path:          traffic.csv         Features:           M                   
  Target:             OT                  Freq:               h                   
  Checkpoints:        ./checkpoints/      

[1mForecasting Task[0m
  Seq Len:            192                 Label Len:          48                  
  Pred Len:           96                  Seasonal Patterns:  Monthly             
  Inverse:            0                   

[1mModel Parameters[0m
  Top k:              5                   Num Kernels:        6                   
  Enc In:             862                 Dec In:             862                 
  C Out:              862                 d model:            64                  
  n heads:            8                   e layers:           2                   
  d layers:           1                   d FF:               64                  
  Moving Avg:         25                  Factor:             3                   
  Distil:             1                   Dropout:            0.1                 
  Embed:              timeF               Activation:         gelu                

[1mRun Parameters[0m
  Num Workers:        10                  Itr:                1                   
  Train Epochs:       30                  Batch Size:         8                   
  Patience:           3                   Learning Rate:      0.0001              
  Des:                Exp                 Loss:               MSE                 
  Lradj:              type1               Use Amp:            0                   

[1mGPU[0m
  Use GPU:            1                   GPU:                0                   
  Use Multi GPU:      0                   Devices:            0,1,2,3             

[1mDe-stationary Projector Params[0m
  P Hidden Dims:      128, 128            P Hidden Layers:    2                   

Use GPU: cuda:0
>>>>>>>start training : long_term_forecast_traffic_192_96_TimesNet_custom_ftM_sl192_ll48_pl96_dm64_nh8_el2_dl1_df64_expand2_dc4_fc3_ebtimeF_dtTrue_Exp_0>>>>>>>>>>>>>>>>>>>>>>>>>>
train 11993
val 1661
test 3413
	iters: 100, epoch: 1 | loss: 0.7111251
	speed: 0.2516s/iter; left time: 11295.2015s
	iters: 200, epoch: 1 | loss: 0.4908075
	speed: 0.1663s/iter; left time: 7448.7732s
	iters: 300, epoch: 1 | loss: 0.4924537
	speed: 0.1591s/iter; left time: 7111.4801s
	iters: 400, epoch: 1 | loss: 0.4039521
	speed: 0.1634s/iter; left time: 7285.6176s
	iters: 500, epoch: 1 | loss: 0.4013712
	speed: 0.1612s/iter; left time: 7173.3537s
	iters: 600, epoch: 1 | loss: 0.4139463
	speed: 0.1620s/iter; left time: 7194.8111s
	iters: 700, epoch: 1 | loss: 0.4175820
	speed: 0.1626s/iter; left time: 7202.8713s
	iters: 800, epoch: 1 | loss: 0.3320343
	speed: 0.1631s/iter; left time: 7208.0465s
	iters: 900, epoch: 1 | loss: 0.3588205
	speed: 0.1678s/iter; left time: 7399.8288s
	iters: 1000, epoch: 1 | loss: 0.3111961
	speed: 0.1736s/iter; left time: 7638.8816s
	iters: 1100, epoch: 1 | loss: 0.2911356
	speed: 0.1740s/iter; left time: 7638.0990s
	iters: 1200, epoch: 1 | loss: 0.2786053
	speed: 0.1684s/iter; left time: 7376.7473s
	iters: 1300, epoch: 1 | loss: 0.3049706
	speed: 0.1689s/iter; left time: 7382.3089s
	iters: 1400, epoch: 1 | loss: 0.2378239
	speed: 0.1695s/iter; left time: 7388.2327s
	iters: 1500, epoch: 1 | loss: 0.1803363
	speed: 0.1598s/iter; left time: 6952.4312s
Epoch: 1 cost time: 257.3039834499359
Epoch: 1, Steps: 1500 | Train Loss: 0.4246130 Vali Loss: 0.4925592 Test Loss: 0.6417530
Validation loss decreased (inf --> 0.492559).  Saving model ...
Updating learning rate to 0.0001
	iters: 100, epoch: 2 | loss: 0.2311675
	speed: 1.1433s/iter; left time: 49619.1816s
	iters: 200, epoch: 2 | loss: 0.2359435
	speed: 0.1639s/iter; left time: 7095.4208s
	iters: 300, epoch: 2 | loss: 0.3000401
	speed: 0.1618s/iter; left time: 6991.9778s
	iters: 400, epoch: 2 | loss: 0.2816902
	speed: 0.1600s/iter; left time: 6896.1967s
	iters: 500, epoch: 2 | loss: 0.2947865
	speed: 0.1545s/iter; left time: 6641.7772s
	iters: 600, epoch: 2 | loss: 0.2514333
	speed: 0.1598s/iter; left time: 6856.9807s
	iters: 700, epoch: 2 | loss: 0.2781504
	speed: 0.1625s/iter; left time: 6955.6950s
	iters: 800, epoch: 2 | loss: 0.2721239
	speed: 0.1595s/iter; left time: 6810.4261s
	iters: 900, epoch: 2 | loss: 0.2611404
	speed: 0.1659s/iter; left time: 7067.5057s
	iters: 1000, epoch: 2 | loss: 0.2508304
	speed: 0.1637s/iter; left time: 6959.2816s
	iters: 1100, epoch: 2 | loss: 0.2398070
	speed: 0.1584s/iter; left time: 6714.5925s
	iters: 1200, epoch: 2 | loss: 0.2513527
	speed: 0.1688s/iter; left time: 7138.3579s
	iters: 1300, epoch: 2 | loss: 0.2220292
	speed: 0.1690s/iter; left time: 7130.2977s
	iters: 1400, epoch: 2 | loss: 0.2630109
	speed: 0.1677s/iter; left time: 7062.4223s
	iters: 1500, epoch: 2 | loss: 0.2323610
	speed: 0.1625s/iter; left time: 6824.5685s
Epoch: 2 cost time: 245.5989007949829
Epoch: 2, Steps: 1500 | Train Loss: 0.2545413 Vali Loss: 0.4523845 Test Loss: 0.5992950
Validation loss decreased (0.492559 --> 0.452385).  Saving model ...
Updating learning rate to 5e-05
	iters: 100, epoch: 3 | loss: 0.2482674
	speed: 1.1779s/iter; left time: 49356.8082s
	iters: 200, epoch: 3 | loss: 0.2469931
	speed: 0.1769s/iter; left time: 7392.5562s
	iters: 300, epoch: 3 | loss: 0.2230814
	speed: 0.1808s/iter; left time: 7539.9805s
	iters: 400, epoch: 3 | loss: 0.2101528
	speed: 0.1701s/iter; left time: 7076.6958s
	iters: 500, epoch: 3 | loss: 0.2180631
	speed: 0.1660s/iter; left time: 6888.5875s
	iters: 600, epoch: 3 | loss: 0.3020446
	speed: 0.1680s/iter; left time: 6955.5662s
	iters: 700, epoch: 3 | loss: 0.1886052
	speed: 0.1758s/iter; left time: 7261.6096s
	iters: 800, epoch: 3 | loss: 0.1984722
	speed: 0.1850s/iter; left time: 7620.4028s
	iters: 900, epoch: 3 | loss: 0.2286091
	speed: 0.1852s/iter; left time: 7612.1164s
	iters: 1000, epoch: 3 | loss: 0.2845846
	speed: 0.1790s/iter; left time: 7340.0446s
	iters: 1100, epoch: 3 | loss: 0.2499495
	speed: 0.1719s/iter; left time: 7029.0627s
	iters: 1200, epoch: 3 | loss: 0.2434244
	speed: 0.1713s/iter; left time: 6989.1603s
	iters: 1300, epoch: 3 | loss: 0.2705849
	speed: 0.1797s/iter; left time: 7315.3004s
	iters: 1400, epoch: 3 | loss: 0.2669742
	speed: 0.1779s/iter; left time: 7221.5286s
	iters: 1500, epoch: 3 | loss: 0.2541504
	speed: 0.1848s/iter; left time: 7484.2816s
Epoch: 3 cost time: 265.85975646972656
Epoch: 3, Steps: 1500 | Train Loss: 0.2299796 Vali Loss: 0.4405708 Test Loss: 0.5905096
Validation loss decreased (0.452385 --> 0.440571).  Saving model ...
Updating learning rate to 2.5e-05
	iters: 100, epoch: 4 | loss: 0.2166137
	speed: 1.2794s/iter; left time: 51687.1283s
	iters: 200, epoch: 4 | loss: 0.2514049
	speed: 0.1803s/iter; left time: 7267.7512s
	iters: 300, epoch: 4 | loss: 0.2079282
	speed: 0.1855s/iter; left time: 7455.6683s
	iters: 400, epoch: 4 | loss: 0.2182347
	speed: 0.1858s/iter; left time: 7449.3807s
	iters: 500, epoch: 4 | loss: 0.2247589
	speed: 0.1907s/iter; left time: 7628.2756s
	iters: 600, epoch: 4 | loss: 0.2174925
	speed: 0.1970s/iter; left time: 7860.2834s
	iters: 700, epoch: 4 | loss: 0.2132029
	speed: 0.1969s/iter; left time: 7836.1436s
	iters: 800, epoch: 4 | loss: 0.2002466
	speed: 0.2085s/iter; left time: 8277.4672s
	iters: 900, epoch: 4 | loss: 0.2404465
	speed: 0.2057s/iter; left time: 8144.9469s
	iters: 1000, epoch: 4 | loss: 0.2283831
	speed: 0.2063s/iter; left time: 8149.7074s
	iters: 1100, epoch: 4 | loss: 0.2540776
	speed: 0.2008s/iter; left time: 7911.5604s
	iters: 1200, epoch: 4 | loss: 0.1892208
	speed: 0.1927s/iter; left time: 7575.2599s
	iters: 1300, epoch: 4 | loss: 0.2098460
	speed: 0.1918s/iter; left time: 7520.3140s
	iters: 1400, epoch: 4 | loss: 0.2440794
	speed: 0.1966s/iter; left time: 7688.6054s
	iters: 1500, epoch: 4 | loss: 0.1944768
	speed: 0.1966s/iter; left time: 7668.6701s
Epoch: 4 cost time: 293.9178218841553
Epoch: 4, Steps: 1500 | Train Loss: 0.2219476 Vali Loss: 0.4392093 Test Loss: 0.5895960
Validation loss decreased (0.440571 --> 0.439209).  Saving model ...
Updating learning rate to 1.25e-05
	iters: 100, epoch: 5 | loss: 0.2122488
	speed: 1.3662s/iter; left time: 53145.2869s
	iters: 200, epoch: 5 | loss: 0.2049948
	speed: 0.1905s/iter; left time: 7391.7439s
	iters: 300, epoch: 5 | loss: 0.2513145
	speed: 0.1954s/iter; left time: 7561.6872s
	iters: 400, epoch: 5 | loss: 0.1931332
	speed: 0.1950s/iter; left time: 7528.4130s
	iters: 500, epoch: 5 | loss: 0.2168008
	speed: 0.1983s/iter; left time: 7636.1814s
	iters: 600, epoch: 5 | loss: 0.2212949
	speed: 0.1907s/iter; left time: 7323.2531s
	iters: 700, epoch: 5 | loss: 0.1878829
	speed: 0.1789s/iter; left time: 6852.5853s
	iters: 800, epoch: 5 | loss: 0.2125948
	speed: 0.1822s/iter; left time: 6961.8104s
	iters: 900, epoch: 5 | loss: 0.2295700
	speed: 0.1803s/iter; left time: 6869.3438s
	iters: 1000, epoch: 5 | loss: 0.2136027
	speed: 0.1874s/iter; left time: 7121.9056s
	iters: 1100, epoch: 5 | loss: 0.2376826
	speed: 0.1920s/iter; left time: 7275.6145s
	iters: 1200, epoch: 5 | loss: 0.2055358
	speed: 0.1875s/iter; left time: 7088.5801s
	iters: 1300, epoch: 5 | loss: 0.2151380
	speed: 0.1918s/iter; left time: 7231.3394s
	iters: 1400, epoch: 5 | loss: 0.1711704
	speed: 0.1875s/iter; left time: 7048.6933s
	iters: 1500, epoch: 5 | loss: 0.2207756
	speed: 0.1984s/iter; left time: 7440.2458s
Epoch: 5 cost time: 286.72564244270325
Epoch: 5, Steps: 1500 | Train Loss: 0.2186149 Vali Loss: 0.4445398 Test Loss: 0.5963995
EarlyStopping counter: 1 out of 3
Updating learning rate to 6.25e-06
	iters: 100, epoch: 6 | loss: 0.2210670
	speed: 1.2125s/iter; left time: 45348.4526s
	iters: 200, epoch: 6 | loss: 0.2180664
	speed: 0.1792s/iter; left time: 6682.7559s
	iters: 300, epoch: 6 | loss: 0.2192257
	speed: 0.1815s/iter; left time: 6752.0877s
	iters: 400, epoch: 6 | loss: 0.2204367
	speed: 0.1847s/iter; left time: 6851.4525s
	iters: 500, epoch: 6 | loss: 0.2307984
	speed: 0.1807s/iter; left time: 6685.5857s
	iters: 600, epoch: 6 | loss: 0.2270470
	speed: 0.1851s/iter; left time: 6828.8300s
	iters: 700, epoch: 6 | loss: 0.2561993
	speed: 0.1818s/iter; left time: 6692.2280s
	iters: 800, epoch: 6 | loss: 0.2382504
	speed: 0.1843s/iter; left time: 6764.6351s
	iters: 900, epoch: 6 | loss: 0.2282048
	speed: 0.1806s/iter; left time: 6609.7524s
	iters: 1000, epoch: 6 | loss: 0.2704872
	speed: 0.1765s/iter; left time: 6440.6237s
	iters: 1100, epoch: 6 | loss: 0.2050325
	speed: 0.1830s/iter; left time: 6659.5688s
	iters: 1200, epoch: 6 | loss: 0.2209207
	speed: 0.1817s/iter; left time: 6595.0803s
	iters: 1300, epoch: 6 | loss: 0.1839100
	speed: 0.1846s/iter; left time: 6683.0188s
	iters: 1400, epoch: 6 | loss: 0.2303650
	speed: 0.1853s/iter; left time: 6688.0568s
	iters: 1500, epoch: 6 | loss: 0.3711822
	speed: 0.1883s/iter; left time: 6779.9748s
Epoch: 6 cost time: 275.3041036128998
Epoch: 6, Steps: 1500 | Train Loss: 0.2169133 Vali Loss: 0.4442293 Test Loss: 0.5960963
EarlyStopping counter: 2 out of 3
Updating learning rate to 3.125e-06
	iters: 100, epoch: 7 | loss: 0.2350644
	speed: 1.2687s/iter; left time: 45548.5393s
	iters: 200, epoch: 7 | loss: 0.2504220
	speed: 0.1888s/iter; left time: 6760.4609s
	iters: 300, epoch: 7 | loss: 0.2325833
	speed: 0.1898s/iter; left time: 6775.9684s
	iters: 400, epoch: 7 | loss: 0.2636269
	speed: 0.1813s/iter; left time: 6454.9853s
	iters: 500, epoch: 7 | loss: 0.2455168
	speed: 0.2049s/iter; left time: 7275.1808s
	iters: 600, epoch: 7 | loss: 0.1899888
	speed: 0.2004s/iter; left time: 7095.7686s
	iters: 700, epoch: 7 | loss: 0.2444941
	speed: 0.1965s/iter; left time: 6938.0151s
	iters: 800, epoch: 7 | loss: 0.1892556
	speed: 0.2024s/iter; left time: 7126.1404s
	iters: 900, epoch: 7 | loss: 0.2049910
	speed: 0.1975s/iter; left time: 6930.7989s
	iters: 1000, epoch: 7 | loss: 0.2221482
	speed: 0.1887s/iter; left time: 6604.0274s
	iters: 1100, epoch: 7 | loss: 0.2557441
	speed: 0.1934s/iter; left time: 6750.2101s
	iters: 1200, epoch: 7 | loss: 0.1998213
	speed: 0.1897s/iter; left time: 6601.8146s
	iters: 1300, epoch: 7 | loss: 0.1987401
	speed: 0.1901s/iter; left time: 6598.1455s
	iters: 1400, epoch: 7 | loss: 0.1812832
	speed: 0.1886s/iter; left time: 6525.0274s
	iters: 1500, epoch: 7 | loss: 0.3208762
	speed: 0.1976s/iter; left time: 6817.1249s
Epoch: 7 cost time: 291.0211913585663
Epoch: 7, Steps: 1500 | Train Loss: 0.2160309 Vali Loss: 0.4411986 Test Loss: 0.5944195
EarlyStopping counter: 3 out of 3
Early stopping
>>>>>>>testing : long_term_forecast_traffic_192_96_TimesNet_custom_ftM_sl192_ll48_pl96_dm64_nh8_el2_dl1_df64_expand2_dc4_fc3_ebtimeF_dtTrue_Exp_0<<<<<<<<<<<<<<<<<<<<<<<<<<<<<<<<<
test 3413
test shape: (3413, 96, 862) (3413, 96, 862)
test shape: (3413, 96, 862) (3413, 96, 862)
mse:0.5898185968399048, mae:0.3264240026473999, dtw:not calculated
