True
Args in experiment:
[1mBasic Config[0m
  Task Name:          long_term_forecast  Is Training:        1                   
  Model ID:           weather_720_96      Model:              TimesNet            

[1mData Loader[0m
  Data:               custom              Root Path:          ./dataset/          
  Data Path:          weather.csv         Features:           M                   
  Target:             OT                  Freq:               h                   
  Checkpoints:        ./checkpoints/      

[1mForecasting Task[0m
  Seq Len:            720                 Label Len:          48                  
  Pred Len:           96                  Seasonal Patterns:  Monthly             
  Inverse:            0                   

[1mModel Parameters[0m
  Top k:              5                   Num Kernels:        6                   
  Enc In:             21                  Dec In:             21                  
  C Out:              21                  d model:            32                  
  n heads:            8                   e layers:           2                   
  d layers:           1                   d FF:               32                  
  Moving Avg:         25                  Factor:             3                   
  Distil:             1                   Dropout:            0.1                 
  Embed:              timeF               Activation:         gelu                

[1mRun Parameters[0m
  Num Workers:        10                  Itr:                1                   
  Train Epochs:       30                  Batch Size:         32                  
  Patience:           3                   Learning Rate:      0.0001              
  Des:                Exp                 Loss:               MSE                 
  Lradj:              type1               Use Amp:            0                   

[1mGPU[0m
  Use GPU:            1                   GPU:                0                   
  Use Multi GPU:      0                   Devices:            0,1,2,3             

[1mDe-stationary Projector Params[0m
  P Hidden Dims:      128, 128            P Hidden Layers:    2                   

Use GPU: cuda:0
>>>>>>>start training : long_term_forecast_weather_720_96_TimesNet_custom_ftM_sl720_ll48_pl96_dm32_nh8_el2_dl1_df32_expand2_dc4_fc3_ebtimeF_dtTrue_Exp_0>>>>>>>>>>>>>>>>>>>>>>>>>>
train 36072
val 5175
test 10444
	iters: 100, epoch: 1 | loss: 0.4580053
	speed: 0.3887s/iter; left time: 13114.9004s
	iters: 200, epoch: 1 | loss: 1.0973214
	speed: 0.3441s/iter; left time: 11575.4162s
	iters: 300, epoch: 1 | loss: 0.3963897
	speed: 0.3372s/iter; left time: 11308.9410s
	iters: 400, epoch: 1 | loss: 1.2352986
	speed: 0.3490s/iter; left time: 11670.0381s
	iters: 500, epoch: 1 | loss: 0.5069359
	speed: 0.3281s/iter; left time: 10937.6202s
	iters: 600, epoch: 1 | loss: 0.3018404
	speed: 0.3241s/iter; left time: 10772.8435s
	iters: 700, epoch: 1 | loss: 0.3107615
	speed: 0.3531s/iter; left time: 11702.1253s
	iters: 800, epoch: 1 | loss: 2.1394720
	speed: 0.3365s/iter; left time: 11119.4058s
	iters: 900, epoch: 1 | loss: 0.3366913
	speed: 0.3431s/iter; left time: 11302.8115s
	iters: 1000, epoch: 1 | loss: 0.2287579
	speed: 0.3391s/iter; left time: 11135.4242s
	iters: 1100, epoch: 1 | loss: 0.1955843
	speed: 0.3450s/iter; left time: 11295.1109s
Epoch: 1 cost time: 388.2787706851959
Epoch: 1, Steps: 1128 | Train Loss: 0.4248782 Vali Loss: 0.4071541 Test Loss: 0.1753755
Validation loss decreased (inf --> 0.407154).  Saving model ...
Updating learning rate to 0.0001
	iters: 100, epoch: 2 | loss: 0.1892210
	speed: 1.5819s/iter; left time: 51589.4823s
	iters: 200, epoch: 2 | loss: 0.2545767
	speed: 0.3520s/iter; left time: 11443.6405s
	iters: 300, epoch: 2 | loss: 0.2430252
	speed: 0.3406s/iter; left time: 11040.2802s
	iters: 400, epoch: 2 | loss: 0.5319884
	speed: 0.3610s/iter; left time: 11665.3185s
	iters: 500, epoch: 2 | loss: 0.1949668
	speed: 0.3381s/iter; left time: 10890.9238s
	iters: 600, epoch: 2 | loss: 0.3136122
	speed: 0.3561s/iter; left time: 11436.2410s
	iters: 700, epoch: 2 | loss: 0.4148740
	speed: 0.3470s/iter; left time: 11108.9449s
	iters: 800, epoch: 2 | loss: 0.2502983
	speed: 0.3428s/iter; left time: 10938.6703s
	iters: 900, epoch: 2 | loss: 0.1686317
	speed: 0.3537s/iter; left time: 11250.9290s
	iters: 1000, epoch: 2 | loss: 0.1645270
	speed: 0.3504s/iter; left time: 11111.5209s
	iters: 1100, epoch: 2 | loss: 0.2317525
	speed: 0.3462s/iter; left time: 10945.2261s
Epoch: 2 cost time: 393.2239692211151
Epoch: 2, Steps: 1128 | Train Loss: 0.3285844 Vali Loss: 0.4522584 Test Loss: 0.1910197
EarlyStopping counter: 1 out of 3
Updating learning rate to 5e-05
	iters: 100, epoch: 3 | loss: 0.1797582
	speed: 1.5982s/iter; left time: 50319.4728s
	iters: 200, epoch: 3 | loss: 1.2143834
	speed: 0.3406s/iter; left time: 10688.3189s
	iters: 300, epoch: 3 | loss: 0.1841041
	speed: 0.3575s/iter; left time: 11184.9342s
	iters: 400, epoch: 3 | loss: 0.1859204
	speed: 0.3341s/iter; left time: 10417.4194s
	iters: 500, epoch: 3 | loss: 0.1455496
	speed: 0.3543s/iter; left time: 11013.1248s
	iters: 600, epoch: 3 | loss: 1.1256680
	speed: 0.3360s/iter; left time: 10410.0184s
	iters: 700, epoch: 3 | loss: 0.1588430
	speed: 0.3243s/iter; left time: 10016.6846s
	iters: 800, epoch: 3 | loss: 0.2380884
	speed: 0.3152s/iter; left time: 9704.1277s
	iters: 900, epoch: 3 | loss: 0.1289539
	speed: 0.3136s/iter; left time: 9622.6429s
	iters: 1000, epoch: 3 | loss: 0.1952991
	speed: 0.3388s/iter; left time: 10361.5508s
	iters: 1100, epoch: 3 | loss: 0.2412099
	speed: 0.3434s/iter; left time: 10468.2292s
Epoch: 3 cost time: 382.42208671569824
Epoch: 3, Steps: 1128 | Train Loss: 0.2873734 Vali Loss: 0.4680294 Test Loss: 0.2065557
EarlyStopping counter: 2 out of 3
Updating learning rate to 2.5e-05
	iters: 100, epoch: 4 | loss: 0.1871299
	speed: 1.5622s/iter; left time: 47422.8050s
	iters: 200, epoch: 4 | loss: 0.2307338
	speed: 0.3351s/iter; left time: 10140.4879s
	iters: 300, epoch: 4 | loss: 0.1737280
	speed: 0.3255s/iter; left time: 9815.3232s
	iters: 400, epoch: 4 | loss: 0.1490561
	speed: 0.3297s/iter; left time: 9909.6698s
	iters: 500, epoch: 4 | loss: 0.1665061
	speed: 0.3391s/iter; left time: 10157.4077s
	iters: 600, epoch: 4 | loss: 0.2419531
	speed: 0.3450s/iter; left time: 10301.0937s
	iters: 700, epoch: 4 | loss: 0.1235686
	speed: 0.3363s/iter; left time: 10007.4776s
	iters: 800, epoch: 4 | loss: 0.2059360
	speed: 0.3289s/iter; left time: 9753.2965s
	iters: 900, epoch: 4 | loss: 0.1405035
	speed: 0.3369s/iter; left time: 9957.9668s
	iters: 1000, epoch: 4 | loss: 0.1774649
	speed: 0.3397s/iter; left time: 10005.2823s
	iters: 1100, epoch: 4 | loss: 0.1416462
	speed: 0.3399s/iter; left time: 9978.9706s
Epoch: 4 cost time: 380.4227738380432
Epoch: 4, Steps: 1128 | Train Loss: 0.2712273 Vali Loss: 0.4883847 Test Loss: 0.2160654
EarlyStopping counter: 3 out of 3
Early stopping
>>>>>>>testing : long_term_forecast_weather_720_96_TimesNet_custom_ftM_sl720_ll48_pl96_dm32_nh8_el2_dl1_df32_expand2_dc4_fc3_ebtimeF_dtTrue_Exp_0<<<<<<<<<<<<<<<<<<<<<<<<<<<<<<<<<
test 10444
test shape: (10444, 96, 21) (10444, 96, 21)
test shape: (10444, 96, 21) (10444, 96, 21)
mse:0.17553600668907166, mae:0.23427079617977142, dtw:not calculated
