Args in experiment:
Namespace(is_training=1, train_only=False, model_id='ETTm2_720_192', model='DLinear', data='ETTm2', root_path='./dataset/', data_path='ETTm2.csv', features='M', target='OT', freq='h', checkpoints='./checkpoints/', seq_len=720, label_len=48, pred_len=192, individual=False, embed_type=0, enc_in=7, dec_in=7, c_out=7, d_model=512, n_heads=8, e_layers=2, d_layers=1, d_ff=2048, moving_avg=25, factor=1, distil=True, dropout=0.05, embed='timeF', activation='gelu', output_attention=False, do_predict=False, num_workers=10, itr=1, train_epochs=10, batch_size=32, patience=3, learning_rate=0.001, des='Exp', loss='mse', lradj='type1', use_amp=False, use_gpu=True, gpu=7, use_multi_gpu=False, devices='0,1,2,3', test_flop=False)
Use GPU: cuda:7
>>>>>>>start training : ETTm2_720_192_DLinear_ETTm2_ftM_sl720_ll48_pl192_dm512_nh8_el2_dl1_df2048_fc1_ebtimeF_dtTrue_Exp_0>>>>>>>>>>>>>>>>>>>>>>>>>>
train 33649
val 11329
test 11329
	iters: 100, epoch: 1 | loss: 0.1406523
	speed: 0.0186s/iter; left time: 194.1385s
	iters: 200, epoch: 1 | loss: 0.1342847
	speed: 0.0069s/iter; left time: 70.9646s
	iters: 300, epoch: 1 | loss: 0.3719150
	speed: 0.0076s/iter; left time: 77.3357s
	iters: 400, epoch: 1 | loss: 0.5827003
	speed: 0.0070s/iter; left time: 71.1501s
	iters: 500, epoch: 1 | loss: 0.2159270
	speed: 0.0069s/iter; left time: 68.7650s
	iters: 600, epoch: 1 | loss: 0.3925859
	speed: 0.0065s/iter; left time: 64.8955s
	iters: 700, epoch: 1 | loss: 0.3475756
	speed: 0.0069s/iter; left time: 67.9948s
	iters: 800, epoch: 1 | loss: 0.2041321
	speed: 0.0060s/iter; left time: 58.0541s
	iters: 900, epoch: 1 | loss: 0.2426140
	speed: 0.0070s/iter; left time: 67.5909s
	iters: 1000, epoch: 1 | loss: 0.4643391
	speed: 0.0069s/iter; left time: 65.5679s
Epoch: 1 cost time: 8.46116304397583
Epoch: 1, Steps: 1051 | Train Loss: 0.3185078 Vali Loss: 0.1728329 Test Loss: 0.2491887
Validation loss decreased (inf --> 0.172833).  Saving model ...
Updating learning rate to 0.001
	iters: 100, epoch: 2 | loss: 0.3174742
	speed: 0.0791s/iter; left time: 740.4266s
	iters: 200, epoch: 2 | loss: 0.1944932
	speed: 0.0095s/iter; left time: 87.5254s
	iters: 300, epoch: 2 | loss: 0.4908905
	speed: 0.0079s/iter; left time: 72.4294s
	iters: 400, epoch: 2 | loss: 0.2151799
	speed: 0.0069s/iter; left time: 62.9339s
	iters: 500, epoch: 2 | loss: 0.2577005
	speed: 0.0071s/iter; left time: 63.6504s
	iters: 600, epoch: 2 | loss: 0.2290855
	speed: 0.0073s/iter; left time: 64.7823s
	iters: 700, epoch: 2 | loss: 0.2136548
	speed: 0.0077s/iter; left time: 67.8418s
	iters: 800, epoch: 2 | loss: 0.2280597
	speed: 0.0074s/iter; left time: 63.8869s
	iters: 900, epoch: 2 | loss: 0.2282358
	speed: 0.0072s/iter; left time: 61.6218s
	iters: 1000, epoch: 2 | loss: 0.2858581
	speed: 0.0078s/iter; left time: 66.3728s
Epoch: 2 cost time: 9.427141904830933
Epoch: 2, Steps: 1051 | Train Loss: 0.3097652 Vali Loss: 0.1672831 Test Loss: 0.2467455
Validation loss decreased (0.172833 --> 0.167283).  Saving model ...
Updating learning rate to 0.0005
	iters: 100, epoch: 3 | loss: 0.3075110
	speed: 0.0832s/iter; left time: 691.1745s
	iters: 200, epoch: 3 | loss: 0.3008094
	speed: 0.0071s/iter; left time: 57.8936s
	iters: 300, epoch: 3 | loss: 0.2399482
	speed: 0.0073s/iter; left time: 58.9025s
	iters: 400, epoch: 3 | loss: 0.2101342
	speed: 0.0074s/iter; left time: 59.1634s
	iters: 500, epoch: 3 | loss: 0.2077603
	speed: 0.0070s/iter; left time: 55.6218s
	iters: 600, epoch: 3 | loss: 0.2971717
	speed: 0.0071s/iter; left time: 55.0881s
	iters: 700, epoch: 3 | loss: 0.1592951
	speed: 0.0087s/iter; left time: 67.0394s
	iters: 800, epoch: 3 | loss: 0.3509985
	speed: 0.0074s/iter; left time: 56.1807s
	iters: 900, epoch: 3 | loss: 0.2340781
	speed: 0.0092s/iter; left time: 69.0614s
	iters: 1000, epoch: 3 | loss: 0.1575189
	speed: 0.0091s/iter; left time: 67.3814s
Epoch: 3 cost time: 8.935152292251587
Epoch: 3, Steps: 1051 | Train Loss: 0.2954508 Vali Loss: 0.1682106 Test Loss: 0.2456857
EarlyStopping counter: 1 out of 3
Updating learning rate to 0.00025
	iters: 100, epoch: 4 | loss: 0.2334067
	speed: 0.0808s/iter; left time: 586.2987s
	iters: 200, epoch: 4 | loss: 0.3791814
	speed: 0.0090s/iter; left time: 64.2900s
	iters: 300, epoch: 4 | loss: 0.1368027
	speed: 0.0073s/iter; left time: 51.3788s
	iters: 400, epoch: 4 | loss: 0.3113582
	speed: 0.0079s/iter; left time: 54.6717s
	iters: 500, epoch: 4 | loss: 0.1862463
	speed: 0.0065s/iter; left time: 44.6400s
	iters: 600, epoch: 4 | loss: 0.2951911
	speed: 0.0067s/iter; left time: 45.5387s
	iters: 700, epoch: 4 | loss: 0.4910485
	speed: 0.0074s/iter; left time: 49.0462s
	iters: 800, epoch: 4 | loss: 0.2638216
	speed: 0.0086s/iter; left time: 56.5382s
	iters: 900, epoch: 4 | loss: 0.1823006
	speed: 0.0073s/iter; left time: 47.1592s
	iters: 1000, epoch: 4 | loss: 0.3251230
	speed: 0.0064s/iter; left time: 40.6179s
Epoch: 4 cost time: 8.592698812484741
Epoch: 4, Steps: 1051 | Train Loss: 0.2884602 Vali Loss: 0.1567738 Test Loss: 0.2222095
Validation loss decreased (0.167283 --> 0.156774).  Saving model ...
Updating learning rate to 0.000125
	iters: 100, epoch: 5 | loss: 0.7398900
	speed: 0.0769s/iter; left time: 477.3319s
	iters: 200, epoch: 5 | loss: 0.1614688
	speed: 0.0078s/iter; left time: 47.7030s
	iters: 300, epoch: 5 | loss: 0.6032194
	speed: 0.0071s/iter; left time: 42.6680s
	iters: 400, epoch: 5 | loss: 0.1591968
	speed: 0.0068s/iter; left time: 39.9185s
	iters: 500, epoch: 5 | loss: 0.2009537
	speed: 0.0068s/iter; left time: 39.7375s
	iters: 600, epoch: 5 | loss: 0.6113346
	speed: 0.0071s/iter; left time: 40.3045s
	iters: 700, epoch: 5 | loss: 0.3694766
	speed: 0.0066s/iter; left time: 37.0592s
	iters: 800, epoch: 5 | loss: 0.4999121
	speed: 0.0065s/iter; left time: 35.8061s
	iters: 900, epoch: 5 | loss: 0.1503178
	speed: 0.0133s/iter; left time: 71.9331s
	iters: 1000, epoch: 5 | loss: 0.2239188
	speed: 0.0132s/iter; left time: 69.9536s
Epoch: 5 cost time: 9.431962728500366
Epoch: 5, Steps: 1051 | Train Loss: 0.2848844 Vali Loss: 0.1558587 Test Loss: 0.2228177
Validation loss decreased (0.156774 --> 0.155859).  Saving model ...
Updating learning rate to 6.25e-05
	iters: 100, epoch: 6 | loss: 0.3164968
	speed: 0.0769s/iter; left time: 396.5070s
	iters: 200, epoch: 6 | loss: 0.3965106
	speed: 0.0073s/iter; left time: 36.7171s
	iters: 300, epoch: 6 | loss: 0.5036492
	speed: 0.0074s/iter; left time: 36.4717s
	iters: 400, epoch: 6 | loss: 0.2364139
	speed: 0.0076s/iter; left time: 37.0574s
	iters: 500, epoch: 6 | loss: 0.4583828
	speed: 0.0074s/iter; left time: 35.1779s
	iters: 600, epoch: 6 | loss: 0.1316420
	speed: 0.0074s/iter; left time: 34.4219s
	iters: 700, epoch: 6 | loss: 0.2520765
	speed: 0.0081s/iter; left time: 36.6816s
	iters: 800, epoch: 6 | loss: 0.1075742
	speed: 0.0081s/iter; left time: 36.0066s
	iters: 900, epoch: 6 | loss: 0.6371964
	speed: 0.0073s/iter; left time: 31.7776s
	iters: 1000, epoch: 6 | loss: 0.1231386
	speed: 0.0069s/iter; left time: 29.3004s
Epoch: 6 cost time: 8.408921718597412
Epoch: 6, Steps: 1051 | Train Loss: 0.2828237 Vali Loss: 0.1628225 Test Loss: 0.2357381
EarlyStopping counter: 1 out of 3
Updating learning rate to 3.125e-05
	iters: 100, epoch: 7 | loss: 0.2238936
	speed: 0.0780s/iter; left time: 320.1954s
	iters: 200, epoch: 7 | loss: 0.9328046
	speed: 0.0073s/iter; left time: 29.1021s
	iters: 300, epoch: 7 | loss: 0.2588100
	speed: 0.0081s/iter; left time: 31.4895s
	iters: 400, epoch: 7 | loss: 0.2868518
	speed: 0.0070s/iter; left time: 26.6307s
	iters: 500, epoch: 7 | loss: 0.1989073
	speed: 0.0080s/iter; left time: 29.4699s
	iters: 600, epoch: 7 | loss: 0.2810292
	speed: 0.0069s/iter; left time: 24.8949s
	iters: 700, epoch: 7 | loss: 0.2439220
	speed: 0.0077s/iter; left time: 27.1205s
	iters: 800, epoch: 7 | loss: 0.2013128
	speed: 0.0079s/iter; left time: 26.7704s
	iters: 900, epoch: 7 | loss: 0.6068074
	speed: 0.0072s/iter; left time: 23.8334s
	iters: 1000, epoch: 7 | loss: 0.3537065
	speed: 0.0079s/iter; left time: 25.4117s
Epoch: 7 cost time: 8.910648822784424
Epoch: 7, Steps: 1051 | Train Loss: 0.2815391 Vali Loss: 0.1565975 Test Loss: 0.2230661
EarlyStopping counter: 2 out of 3
Updating learning rate to 1.5625e-05
	iters: 100, epoch: 8 | loss: 0.6390514
	speed: 0.0884s/iter; left time: 269.9218s
	iters: 200, epoch: 8 | loss: 0.2589283
	speed: 0.0081s/iter; left time: 23.9725s
	iters: 300, epoch: 8 | loss: 0.2785649
	speed: 0.0075s/iter; left time: 21.4777s
	iters: 400, epoch: 8 | loss: 0.2888917
	speed: 0.0068s/iter; left time: 18.6330s
	iters: 500, epoch: 8 | loss: 0.2343378
	speed: 0.0065s/iter; left time: 17.2277s
	iters: 600, epoch: 8 | loss: 0.3711604
	speed: 0.0083s/iter; left time: 21.3164s
	iters: 700, epoch: 8 | loss: 0.1476411
	speed: 0.0075s/iter; left time: 18.3497s
	iters: 800, epoch: 8 | loss: 0.3353804
	speed: 0.0076s/iter; left time: 17.9639s
	iters: 900, epoch: 8 | loss: 0.2637215
	speed: 0.0067s/iter; left time: 15.0345s
	iters: 1000, epoch: 8 | loss: 0.2103229
	speed: 0.0091s/iter; left time: 19.5441s
Epoch: 8 cost time: 8.800678253173828
Epoch: 8, Steps: 1051 | Train Loss: 0.2810978 Vali Loss: 0.1604354 Test Loss: 0.2313630
EarlyStopping counter: 3 out of 3
Early stopping
>>>>>>>testing : ETTm2_720_192_DLinear_ETTm2_ftM_sl720_ll48_pl192_dm512_nh8_el2_dl1_df2048_fc1_ebtimeF_dtTrue_Exp_0<<<<<<<<<<<<<<<<<<<<<<<<<<<<<<<<<
test 11329
mse:0.22316676378250122, mae:0.3035533130168915
