Args in experiment:
Namespace(is_training=1, train_only=False, model_id='DLinear_ETTh1_336_336', model='DLinear', data='ETTh1', root_path='./dataset/', data_path='ETTh1.csv', features='M', target='OT', freq='h', checkpoints='./checkpoints/', seq_len=336, label_len=48, pred_len=336, individual=False, embed_type=0, enc_in=7, dec_in=7, c_out=7, d_model=512, n_heads=8, e_layers=2, d_layers=1, d_ff=2048, moving_avg=25, factor=3, distil=True, dropout=0.05, embed='timeF', activation='gelu', output_attention=False, do_predict=False, num_workers=10, itr=1, train_epochs=30, batch_size=32, patience=3, learning_rate=0.0001, des='Exp', loss='mse', lradj='type1', use_amp=False, use_gpu=True, gpu=0, use_multi_gpu=False, devices='0,1,2,3', test_flop=False)
Use GPU: cuda:0
>>>>>>>start training : DLinear_ETTh1_336_336_DLinear_ETTh1_ftM_sl336_ll48_pl336_dm512_nh8_el2_dl1_df2048_fc3_ebtimeF_dtTrue_Exp_0>>>>>>>>>>>>>>>>>>>>>>>>>>
train 7969
val 2545
test 2545
	iters: 100, epoch: 1 | loss: 0.6133283
	speed: 0.0718s/iter; left time: 531.4274s
	iters: 200, epoch: 1 | loss: 0.5405692
	speed: 0.0485s/iter; left time: 354.0933s
Epoch: 1 cost time: 14.80621600151062
Epoch: 1, Steps: 250 | Train Loss: 0.6053000 Vali Loss: 1.1656231 Test Loss: 0.5033752
Validation loss decreased (inf --> 1.165623).  Saving model ...
Updating learning rate to 0.0001
	iters: 100, epoch: 2 | loss: 0.4816895
	speed: 0.2324s/iter; left time: 1661.8727s
	iters: 200, epoch: 2 | loss: 0.5024786
	speed: 0.0447s/iter; left time: 315.3006s
Epoch: 2 cost time: 11.961143255233765
Epoch: 2, Steps: 250 | Train Loss: 0.4885901 Vali Loss: 1.1064425 Test Loss: 0.4739981
Validation loss decreased (1.165623 --> 1.106442).  Saving model ...
Updating learning rate to 5e-05
	iters: 100, epoch: 3 | loss: 0.4489297
	speed: 0.2132s/iter; left time: 1471.1357s
	iters: 200, epoch: 3 | loss: 0.4685193
	speed: 0.0493s/iter; left time: 335.3649s
Epoch: 3 cost time: 13.05624270439148
Epoch: 3, Steps: 250 | Train Loss: 0.4707789 Vali Loss: 1.1018245 Test Loss: 0.4642730
Validation loss decreased (1.106442 --> 1.101825).  Saving model ...
Updating learning rate to 2.5e-05
	iters: 100, epoch: 4 | loss: 0.4717050
	speed: 0.2447s/iter; left time: 1627.5613s
	iters: 200, epoch: 4 | loss: 0.5258376
	speed: 0.0406s/iter; left time: 266.1245s
Epoch: 4 cost time: 10.708914518356323
Epoch: 4, Steps: 250 | Train Loss: 0.4643956 Vali Loss: 1.1014340 Test Loss: 0.4599186
Validation loss decreased (1.101825 --> 1.101434).  Saving model ...
Updating learning rate to 1.25e-05
	iters: 100, epoch: 5 | loss: 0.5166717
	speed: 0.1619s/iter; left time: 1036.0150s
	iters: 200, epoch: 5 | loss: 0.4205874
	speed: 0.0362s/iter; left time: 227.9351s
Epoch: 5 cost time: 9.60914397239685
Epoch: 5, Steps: 250 | Train Loss: 0.4617199 Vali Loss: 1.1003301 Test Loss: 0.4586271
Validation loss decreased (1.101434 --> 1.100330).  Saving model ...
Updating learning rate to 6.25e-06
	iters: 100, epoch: 6 | loss: 0.4739713
	speed: 0.1674s/iter; left time: 1029.8025s
	iters: 200, epoch: 6 | loss: 0.4585917
	speed: 0.0329s/iter; left time: 199.2652s
Epoch: 6 cost time: 9.936469316482544
Epoch: 6, Steps: 250 | Train Loss: 0.4603566 Vali Loss: 1.0953569 Test Loss: 0.4589092
Validation loss decreased (1.100330 --> 1.095357).  Saving model ...
Updating learning rate to 3.125e-06
	iters: 100, epoch: 7 | loss: 0.5982257
	speed: 0.2228s/iter; left time: 1314.6504s
	iters: 200, epoch: 7 | loss: 0.4854413
	speed: 0.0453s/iter; left time: 262.9421s
Epoch: 7 cost time: 11.930338382720947
Epoch: 7, Steps: 250 | Train Loss: 0.4629038 Vali Loss: 1.0947406 Test Loss: 0.4585863
Validation loss decreased (1.095357 --> 1.094741).  Saving model ...
Updating learning rate to 1.5625e-06
	iters: 100, epoch: 8 | loss: 0.4498679
	speed: 0.1679s/iter; left time: 948.5754s
	iters: 200, epoch: 8 | loss: 0.4460069
	speed: 0.0366s/iter; left time: 203.0269s
Epoch: 8 cost time: 9.057544231414795
Epoch: 8, Steps: 250 | Train Loss: 0.4595808 Vali Loss: 1.0956963 Test Loss: 0.4580420
EarlyStopping counter: 1 out of 3
Updating learning rate to 7.8125e-07
	iters: 100, epoch: 9 | loss: 0.4567285
	speed: 0.1712s/iter; left time: 924.5789s
	iters: 200, epoch: 9 | loss: 0.4644822
	speed: 0.0402s/iter; left time: 213.1250s
Epoch: 9 cost time: 10.99294638633728
Epoch: 9, Steps: 250 | Train Loss: 0.4594261 Vali Loss: 1.0963961 Test Loss: 0.4579063
EarlyStopping counter: 2 out of 3
Updating learning rate to 3.90625e-07
	iters: 100, epoch: 10 | loss: 0.4964183
	speed: 0.2596s/iter; left time: 1337.0631s
	iters: 200, epoch: 10 | loss: 0.4524854
	speed: 0.0608s/iter; left time: 307.2919s
Epoch: 10 cost time: 16.07429599761963
Epoch: 10, Steps: 250 | Train Loss: 0.4599691 Vali Loss: 1.0963643 Test Loss: 0.4578642
EarlyStopping counter: 3 out of 3
Early stopping
>>>>>>>testing : DLinear_ETTh1_336_336_DLinear_ETTh1_ftM_sl336_ll48_pl336_dm512_nh8_el2_dl1_df2048_fc3_ebtimeF_dtTrue_Exp_0<<<<<<<<<<<<<<<<<<<<<<<<<<<<<<<<<
test 2545
mse:0.45830613374710083, mae:0.45843732357025146
