Args in experiment:
Namespace(is_training=1, train_only=False, model_id='ETTm1_720_720', model='DLinear', data='ETTm1', root_path='./dataset/', data_path='ETTm1.csv', features='M', target='OT', freq='h', checkpoints='./checkpoints/', seq_len=720, label_len=48, pred_len=720, individual=False, embed_type=0, enc_in=7, dec_in=7, c_out=7, d_model=512, n_heads=8, e_layers=2, d_layers=1, d_ff=2048, moving_avg=25, factor=1, distil=True, dropout=0.05, embed='timeF', activation='gelu', output_attention=False, do_predict=False, num_workers=10, itr=1, train_epochs=10, batch_size=8, patience=3, learning_rate=0.0001, des='Exp', loss='mse', lradj='type1', use_amp=False, use_gpu=True, gpu=7, use_multi_gpu=False, devices='0,1,2,3', test_flop=False)
Use GPU: cuda:7
>>>>>>>start training : ETTm1_720_720_DLinear_ETTm1_ftM_sl720_ll48_pl720_dm512_nh8_el2_dl1_df2048_fc1_ebtimeF_dtTrue_Exp_0>>>>>>>>>>>>>>>>>>>>>>>>>>
train 33121
val 10801
test 10801
	iters: 100, epoch: 1 | loss: 0.4893567
	speed: 0.0182s/iter; left time: 749.9571s
	iters: 200, epoch: 1 | loss: 0.2915564
	speed: 0.0102s/iter; left time: 421.4183s
	iters: 300, epoch: 1 | loss: 0.3051736
	speed: 0.0086s/iter; left time: 351.7450s
	iters: 400, epoch: 1 | loss: 0.3500299
	speed: 0.0093s/iter; left time: 379.5877s
	iters: 500, epoch: 1 | loss: 0.5499684
	speed: 0.0065s/iter; left time: 266.9021s
	iters: 600, epoch: 1 | loss: 0.2868019
	speed: 0.0069s/iter; left time: 281.2584s
	iters: 700, epoch: 1 | loss: 0.4123618
	speed: 0.0065s/iter; left time: 263.2505s
	iters: 800, epoch: 1 | loss: 0.3532993
	speed: 0.0065s/iter; left time: 263.4791s
	iters: 900, epoch: 1 | loss: 0.3559702
	speed: 0.0066s/iter; left time: 266.8679s
	iters: 1000, epoch: 1 | loss: 0.4701281
	speed: 0.0068s/iter; left time: 275.4299s
	iters: 1100, epoch: 1 | loss: 0.3727772
	speed: 0.0068s/iter; left time: 274.7286s
	iters: 1200, epoch: 1 | loss: 0.3310312
	speed: 0.0065s/iter; left time: 260.9763s
	iters: 1300, epoch: 1 | loss: 0.3610442
	speed: 0.0074s/iter; left time: 298.5744s
	iters: 1400, epoch: 1 | loss: 0.3661974
	speed: 0.0067s/iter; left time: 267.0383s
	iters: 1500, epoch: 1 | loss: 0.4790125
	speed: 0.0072s/iter; left time: 286.2977s
	iters: 1600, epoch: 1 | loss: 0.3610741
	speed: 0.0076s/iter; left time: 304.3981s
	iters: 1700, epoch: 1 | loss: 0.3127075
	speed: 0.0069s/iter; left time: 272.0226s
	iters: 1800, epoch: 1 | loss: 0.3708977
	speed: 0.0063s/iter; left time: 248.7807s
	iters: 1900, epoch: 1 | loss: 0.3255411
	speed: 0.0066s/iter; left time: 261.1201s
	iters: 2000, epoch: 1 | loss: 0.2697231
	speed: 0.0054s/iter; left time: 214.4209s
	iters: 2100, epoch: 1 | loss: 0.4270680
	speed: 0.0066s/iter; left time: 260.9013s
	iters: 2200, epoch: 1 | loss: 0.5780888
	speed: 0.0067s/iter; left time: 262.0719s
	iters: 2300, epoch: 1 | loss: 0.4335158
	speed: 0.0058s/iter; left time: 225.0645s
	iters: 2400, epoch: 1 | loss: 0.4503047
	speed: 0.0064s/iter; left time: 248.5180s
	iters: 2500, epoch: 1 | loss: 0.3704527
	speed: 0.0061s/iter; left time: 238.6214s
	iters: 2600, epoch: 1 | loss: 0.5373477
	speed: 0.0060s/iter; left time: 231.5577s
	iters: 2700, epoch: 1 | loss: 0.4372416
	speed: 0.0058s/iter; left time: 225.0440s
	iters: 2800, epoch: 1 | loss: 0.4144446
	speed: 0.0059s/iter; left time: 226.4538s
	iters: 2900, epoch: 1 | loss: 0.3963758
	speed: 0.0063s/iter; left time: 243.7002s
	iters: 3000, epoch: 1 | loss: 0.3769043
	speed: 0.0061s/iter; left time: 234.2072s
	iters: 3100, epoch: 1 | loss: 0.4679228
	speed: 0.0060s/iter; left time: 230.1161s
	iters: 3200, epoch: 1 | loss: 0.5096527
	speed: 0.0065s/iter; left time: 247.1585s
	iters: 3300, epoch: 1 | loss: 0.5494975
	speed: 0.0056s/iter; left time: 214.8309s
	iters: 3400, epoch: 1 | loss: 0.3577169
	speed: 0.0061s/iter; left time: 231.9697s
	iters: 3500, epoch: 1 | loss: 0.5697749
	speed: 0.0062s/iter; left time: 233.1807s
	iters: 3600, epoch: 1 | loss: 0.4026130
	speed: 0.0058s/iter; left time: 220.5084s
	iters: 3700, epoch: 1 | loss: 0.4566998
	speed: 0.0065s/iter; left time: 243.3085s
	iters: 3800, epoch: 1 | loss: 0.5282834
	speed: 0.0056s/iter; left time: 210.4873s
	iters: 3900, epoch: 1 | loss: 0.4011967
	speed: 0.0064s/iter; left time: 239.2792s
	iters: 4000, epoch: 1 | loss: 0.4100902
	speed: 0.0055s/iter; left time: 205.4603s
	iters: 4100, epoch: 1 | loss: 0.4095145
	speed: 0.0056s/iter; left time: 210.5220s
Epoch: 1 cost time: 28.380702018737793
Epoch: 1, Steps: 4140 | Train Loss: 0.4081162 Vali Loss: 0.8646746 Test Loss: 0.4258059
Validation loss decreased (inf --> 0.864675).  Saving model ...
Updating learning rate to 0.0001
	iters: 100, epoch: 2 | loss: 0.3404091
	speed: 0.1625s/iter; left time: 6039.7089s
	iters: 200, epoch: 2 | loss: 0.4734660
	speed: 0.0078s/iter; left time: 290.2429s
	iters: 300, epoch: 2 | loss: 0.3431966
	speed: 0.0075s/iter; left time: 275.4626s
	iters: 400, epoch: 2 | loss: 0.4567087
	speed: 0.0061s/iter; left time: 225.6565s
	iters: 500, epoch: 2 | loss: 0.3370214
	speed: 0.0060s/iter; left time: 220.9057s
	iters: 600, epoch: 2 | loss: 0.4771783
	speed: 0.0060s/iter; left time: 219.4896s
	iters: 700, epoch: 2 | loss: 0.4420057
	speed: 0.0065s/iter; left time: 239.2873s
	iters: 800, epoch: 2 | loss: 0.4075264
	speed: 0.0063s/iter; left time: 229.6917s
	iters: 900, epoch: 2 | loss: 0.3399182
	speed: 0.0058s/iter; left time: 212.4480s
	iters: 1000, epoch: 2 | loss: 0.4761037
	speed: 0.0059s/iter; left time: 214.4261s
	iters: 1100, epoch: 2 | loss: 0.3124049
	speed: 0.0061s/iter; left time: 219.6398s
	iters: 1200, epoch: 2 | loss: 0.3868249
	speed: 0.0061s/iter; left time: 221.1825s
	iters: 1300, epoch: 2 | loss: 0.3184822
	speed: 0.0064s/iter; left time: 231.7046s
	iters: 1400, epoch: 2 | loss: 0.3293635
	speed: 0.0065s/iter; left time: 232.6221s
	iters: 1500, epoch: 2 | loss: 0.3268862
	speed: 0.0059s/iter; left time: 210.5353s
	iters: 1600, epoch: 2 | loss: 0.2972311
	speed: 0.0060s/iter; left time: 213.0266s
	iters: 1700, epoch: 2 | loss: 0.4641344
	speed: 0.0059s/iter; left time: 209.8490s
	iters: 1800, epoch: 2 | loss: 0.3475454
	speed: 0.0058s/iter; left time: 206.7305s
	iters: 1900, epoch: 2 | loss: 0.3408684
	speed: 0.0059s/iter; left time: 209.7737s
	iters: 2000, epoch: 2 | loss: 0.4082760
	speed: 0.0061s/iter; left time: 216.7769s
	iters: 2100, epoch: 2 | loss: 0.3196295
	speed: 0.0058s/iter; left time: 202.2277s
	iters: 2200, epoch: 2 | loss: 0.3605444
	speed: 0.0055s/iter; left time: 194.0206s
	iters: 2300, epoch: 2 | loss: 0.3235071
	speed: 0.0056s/iter; left time: 196.6850s
	iters: 2400, epoch: 2 | loss: 0.2761438
	speed: 0.0058s/iter; left time: 201.3473s
	iters: 2500, epoch: 2 | loss: 0.2927771
	speed: 0.0067s/iter; left time: 231.7819s
	iters: 2600, epoch: 2 | loss: 0.3594131
	speed: 0.0058s/iter; left time: 201.4968s
	iters: 2700, epoch: 2 | loss: 0.3159874
	speed: 0.0065s/iter; left time: 223.8364s
	iters: 2800, epoch: 2 | loss: 0.3377213
	speed: 0.0071s/iter; left time: 246.3465s
	iters: 2900, epoch: 2 | loss: 0.5673908
	speed: 0.0057s/iter; left time: 196.1322s
	iters: 3000, epoch: 2 | loss: 0.5078393
	speed: 0.0070s/iter; left time: 238.5176s
	iters: 3100, epoch: 2 | loss: 0.4938473
	speed: 0.0061s/iter; left time: 206.8664s
	iters: 3200, epoch: 2 | loss: 0.4263537
	speed: 0.0058s/iter; left time: 195.9469s
	iters: 3300, epoch: 2 | loss: 0.3675494
	speed: 0.0055s/iter; left time: 187.0666s
	iters: 3400, epoch: 2 | loss: 0.4051004
	speed: 0.0060s/iter; left time: 202.8028s
	iters: 3500, epoch: 2 | loss: 0.2975396
	speed: 0.0061s/iter; left time: 205.2990s
	iters: 3600, epoch: 2 | loss: 0.3678495
	speed: 0.0060s/iter; left time: 200.5787s
	iters: 3700, epoch: 2 | loss: 0.3603965
	speed: 0.0061s/iter; left time: 205.6510s
	iters: 3800, epoch: 2 | loss: 0.3480175
	speed: 0.0054s/iter; left time: 180.4189s
	iters: 3900, epoch: 2 | loss: 0.4184024
	speed: 0.0061s/iter; left time: 203.8234s
	iters: 4000, epoch: 2 | loss: 0.4425873
	speed: 0.0063s/iter; left time: 209.9352s
	iters: 4100, epoch: 2 | loss: 0.3508527
	speed: 0.0055s/iter; left time: 181.6527s
Epoch: 2 cost time: 26.178927183151245
Epoch: 2, Steps: 4140 | Train Loss: 0.3940551 Vali Loss: 0.8643940 Test Loss: 0.4231856
Validation loss decreased (0.864675 --> 0.864394).  Saving model ...
Updating learning rate to 5e-05
	iters: 100, epoch: 3 | loss: 0.4533701
	speed: 0.1759s/iter; left time: 5809.1123s
	iters: 200, epoch: 3 | loss: 0.4169858
	speed: 0.0063s/iter; left time: 206.3498s
	iters: 300, epoch: 3 | loss: 0.4348135
	speed: 0.0059s/iter; left time: 192.4836s
	iters: 400, epoch: 3 | loss: 0.3585090
	speed: 0.0055s/iter; left time: 179.3272s
	iters: 500, epoch: 3 | loss: 0.3024372
	speed: 0.0057s/iter; left time: 184.9008s
	iters: 600, epoch: 3 | loss: 0.4054585
	speed: 0.0054s/iter; left time: 174.8787s
	iters: 700, epoch: 3 | loss: 0.2747329
	speed: 0.0053s/iter; left time: 171.8090s
	iters: 800, epoch: 3 | loss: 0.4287460
	speed: 0.0057s/iter; left time: 184.1058s
	iters: 900, epoch: 3 | loss: 0.4131870
	speed: 0.0053s/iter; left time: 169.8363s
	iters: 1000, epoch: 3 | loss: 0.4082295
	speed: 0.0056s/iter; left time: 180.0504s
	iters: 1100, epoch: 3 | loss: 0.3496935
	speed: 0.0056s/iter; left time: 179.1847s
	iters: 1200, epoch: 3 | loss: 0.3586616
	speed: 0.0055s/iter; left time: 174.8253s
	iters: 1300, epoch: 3 | loss: 0.3631136
	speed: 0.0057s/iter; left time: 180.4646s
	iters: 1400, epoch: 3 | loss: 0.3375661
	speed: 0.0051s/iter; left time: 163.2953s
	iters: 1500, epoch: 3 | loss: 0.3347189
	speed: 0.0054s/iter; left time: 171.3542s
	iters: 1600, epoch: 3 | loss: 0.4073489
	speed: 0.0057s/iter; left time: 180.2728s
	iters: 1700, epoch: 3 | loss: 0.3348103
	speed: 0.0056s/iter; left time: 174.6417s
	iters: 1800, epoch: 3 | loss: 0.3855322
	speed: 0.0062s/iter; left time: 195.2377s
	iters: 1900, epoch: 3 | loss: 0.3553320
	speed: 0.0064s/iter; left time: 198.3893s
	iters: 2000, epoch: 3 | loss: 0.3897995
	speed: 0.0059s/iter; left time: 183.6005s
	iters: 2100, epoch: 3 | loss: 0.2828207
	speed: 0.0057s/iter; left time: 177.7630s
	iters: 2200, epoch: 3 | loss: 0.3074409
	speed: 0.0056s/iter; left time: 172.4746s
	iters: 2300, epoch: 3 | loss: 0.3186769
	speed: 0.0061s/iter; left time: 188.4994s
	iters: 2400, epoch: 3 | loss: 0.3178854
	speed: 0.0055s/iter; left time: 170.1682s
	iters: 2500, epoch: 3 | loss: 0.4287215
	speed: 0.0059s/iter; left time: 181.7322s
	iters: 2600, epoch: 3 | loss: 0.3138840
	speed: 0.0060s/iter; left time: 182.6418s
	iters: 2700, epoch: 3 | loss: 0.2394833
	speed: 0.0058s/iter; left time: 176.3118s
	iters: 2800, epoch: 3 | loss: 0.4715480
	speed: 0.0057s/iter; left time: 171.7037s
	iters: 2900, epoch: 3 | loss: 0.4166321
	speed: 0.0059s/iter; left time: 177.1971s
	iters: 3000, epoch: 3 | loss: 0.5681390
	speed: 0.0054s/iter; left time: 162.8224s
	iters: 3100, epoch: 3 | loss: 0.2988673
	speed: 0.0059s/iter; left time: 177.1035s
	iters: 3200, epoch: 3 | loss: 0.3824360
	speed: 0.0074s/iter; left time: 220.7423s
	iters: 3300, epoch: 3 | loss: 0.4598939
	speed: 0.0063s/iter; left time: 188.2044s
	iters: 3400, epoch: 3 | loss: 0.3427781
	speed: 0.0064s/iter; left time: 191.3565s
	iters: 3500, epoch: 3 | loss: 0.4540011
	speed: 0.0061s/iter; left time: 180.7362s
	iters: 3600, epoch: 3 | loss: 0.4101388
	speed: 0.0061s/iter; left time: 180.9936s
	iters: 3700, epoch: 3 | loss: 0.6246928
	speed: 0.0060s/iter; left time: 175.6464s
	iters: 3800, epoch: 3 | loss: 0.3819019
	speed: 0.0064s/iter; left time: 186.8574s
	iters: 3900, epoch: 3 | loss: 0.4333611
	speed: 0.0058s/iter; left time: 170.2525s
	iters: 4000, epoch: 3 | loss: 0.3624864
	speed: 0.0061s/iter; left time: 177.9975s
	iters: 4100, epoch: 3 | loss: 0.3261358
	speed: 0.0059s/iter; left time: 169.8272s
Epoch: 3 cost time: 24.957764863967896
Epoch: 3, Steps: 4140 | Train Loss: 0.3901917 Vali Loss: 0.8775369 Test Loss: 0.4164127
EarlyStopping counter: 1 out of 3
Updating learning rate to 2.5e-05
	iters: 100, epoch: 4 | loss: 0.3490995
	speed: 0.1748s/iter; left time: 5049.8081s
	iters: 200, epoch: 4 | loss: 0.5166803
	speed: 0.0054s/iter; left time: 156.1802s
	iters: 300, epoch: 4 | loss: 0.4383519
	speed: 0.0054s/iter; left time: 155.3783s
	iters: 400, epoch: 4 | loss: 0.3031752
	speed: 0.0054s/iter; left time: 152.9333s
	iters: 500, epoch: 4 | loss: 0.4085253
	speed: 0.0055s/iter; left time: 156.9313s
	iters: 600, epoch: 4 | loss: 0.3099627
	speed: 0.0059s/iter; left time: 167.0771s
	iters: 700, epoch: 4 | loss: 0.3960995
	speed: 0.0053s/iter; left time: 149.9239s
	iters: 800, epoch: 4 | loss: 0.2844128
	speed: 0.0054s/iter; left time: 151.2121s
	iters: 900, epoch: 4 | loss: 0.5613130
	speed: 0.0054s/iter; left time: 151.8080s
	iters: 1000, epoch: 4 | loss: 0.4010502
	speed: 0.0055s/iter; left time: 154.1746s
	iters: 1100, epoch: 4 | loss: 0.3396644
	speed: 0.0052s/iter; left time: 145.5596s
	iters: 1200, epoch: 4 | loss: 0.3511693
	speed: 0.0056s/iter; left time: 155.6629s
	iters: 1300, epoch: 4 | loss: 0.4255947
	speed: 0.0054s/iter; left time: 149.3117s
	iters: 1400, epoch: 4 | loss: 0.3166323
	speed: 0.0056s/iter; left time: 153.7264s
	iters: 1500, epoch: 4 | loss: 0.5283011
	speed: 0.0052s/iter; left time: 141.7374s
	iters: 1600, epoch: 4 | loss: 0.2967189
	speed: 0.0050s/iter; left time: 138.2442s
	iters: 1700, epoch: 4 | loss: 0.5263876
	speed: 0.0052s/iter; left time: 142.7488s
	iters: 1800, epoch: 4 | loss: 0.4476560
	speed: 0.0055s/iter; left time: 149.0266s
	iters: 1900, epoch: 4 | loss: 0.3730998
	speed: 0.0051s/iter; left time: 139.0854s
	iters: 2000, epoch: 4 | loss: 0.4120886
	speed: 0.0055s/iter; left time: 147.5281s
	iters: 2100, epoch: 4 | loss: 0.3874154
	speed: 0.0053s/iter; left time: 143.1795s
	iters: 2200, epoch: 4 | loss: 0.3745325
	speed: 0.0049s/iter; left time: 132.2418s
	iters: 2300, epoch: 4 | loss: 0.3598890
	speed: 0.0049s/iter; left time: 129.9718s
	iters: 2400, epoch: 4 | loss: 0.3329147
	speed: 0.0049s/iter; left time: 129.1640s
	iters: 2500, epoch: 4 | loss: 0.3321435
	speed: 0.0047s/iter; left time: 125.1299s
	iters: 2600, epoch: 4 | loss: 0.3451605
	speed: 0.0049s/iter; left time: 130.2986s
	iters: 2700, epoch: 4 | loss: 0.2798535
	speed: 0.0048s/iter; left time: 125.0828s
	iters: 2800, epoch: 4 | loss: 0.3291367
	speed: 0.0048s/iter; left time: 125.1586s
	iters: 2900, epoch: 4 | loss: 0.5715792
	speed: 0.0049s/iter; left time: 127.1403s
	iters: 3000, epoch: 4 | loss: 0.4237504
	speed: 0.0051s/iter; left time: 133.3496s
	iters: 3100, epoch: 4 | loss: 0.4400835
	speed: 0.0049s/iter; left time: 127.4019s
	iters: 3200, epoch: 4 | loss: 0.3418857
	speed: 0.0048s/iter; left time: 124.7100s
	iters: 3300, epoch: 4 | loss: 0.2876082
	speed: 0.0048s/iter; left time: 122.3558s
	iters: 3400, epoch: 4 | loss: 0.2792595
	speed: 0.0048s/iter; left time: 123.7535s
	iters: 3500, epoch: 4 | loss: 0.4420200
	speed: 0.0048s/iter; left time: 122.7615s
	iters: 3600, epoch: 4 | loss: 0.3618184
	speed: 0.0050s/iter; left time: 125.8969s
	iters: 3700, epoch: 4 | loss: 0.3830025
	speed: 0.0050s/iter; left time: 126.4386s
	iters: 3800, epoch: 4 | loss: 0.2771215
	speed: 0.0048s/iter; left time: 120.8925s
	iters: 3900, epoch: 4 | loss: 0.4746590
	speed: 0.0048s/iter; left time: 119.9058s
	iters: 4000, epoch: 4 | loss: 0.4717214
	speed: 0.0051s/iter; left time: 128.2489s
	iters: 4100, epoch: 4 | loss: 0.3256150
	speed: 0.0048s/iter; left time: 118.9878s
Epoch: 4 cost time: 21.97430419921875
Epoch: 4, Steps: 4140 | Train Loss: 0.3884127 Vali Loss: 0.8635838 Test Loss: 0.4159017
Validation loss decreased (0.864394 --> 0.863584).  Saving model ...
Updating learning rate to 1.25e-05
	iters: 100, epoch: 5 | loss: 0.3664721
	speed: 0.1492s/iter; left time: 3692.3975s
	iters: 200, epoch: 5 | loss: 0.4670371
	speed: 0.0045s/iter; left time: 109.6958s
	iters: 300, epoch: 5 | loss: 0.4280269
	speed: 0.0046s/iter; left time: 112.4343s
	iters: 400, epoch: 5 | loss: 0.4334969
	speed: 0.0047s/iter; left time: 114.3368s
	iters: 500, epoch: 5 | loss: 0.4813003
	speed: 0.0048s/iter; left time: 117.5798s
	iters: 600, epoch: 5 | loss: 0.4895627
	speed: 0.0048s/iter; left time: 116.4568s
	iters: 700, epoch: 5 | loss: 0.3075780
	speed: 0.0046s/iter; left time: 111.7087s
	iters: 800, epoch: 5 | loss: 0.3905751
	speed: 0.0048s/iter; left time: 116.1704s
	iters: 900, epoch: 5 | loss: 0.3445171
	speed: 0.0049s/iter; left time: 116.1676s
	iters: 1000, epoch: 5 | loss: 0.3822765
	speed: 0.0051s/iter; left time: 121.9805s
	iters: 1100, epoch: 5 | loss: 0.3142998
	speed: 0.0052s/iter; left time: 123.1588s
	iters: 1200, epoch: 5 | loss: 0.2835255
	speed: 0.0048s/iter; left time: 114.4315s
	iters: 1300, epoch: 5 | loss: 0.5422155
	speed: 0.0049s/iter; left time: 114.3981s
	iters: 1400, epoch: 5 | loss: 0.5527860
	speed: 0.0045s/iter; left time: 105.3152s
	iters: 1500, epoch: 5 | loss: 0.3977984
	speed: 0.0049s/iter; left time: 113.7806s
	iters: 1600, epoch: 5 | loss: 0.4788429
	speed: 0.0053s/iter; left time: 122.0410s
	iters: 1700, epoch: 5 | loss: 0.2888403
	speed: 0.0053s/iter; left time: 122.6190s
	iters: 1800, epoch: 5 | loss: 0.3649310
	speed: 0.0049s/iter; left time: 112.8561s
	iters: 1900, epoch: 5 | loss: 0.3102815
	speed: 0.0051s/iter; left time: 117.0559s
	iters: 2000, epoch: 5 | loss: 0.4281542
	speed: 0.0050s/iter; left time: 113.4738s
	iters: 2100, epoch: 5 | loss: 0.3886335
	speed: 0.0050s/iter; left time: 113.0024s
	iters: 2200, epoch: 5 | loss: 0.4390469
	speed: 0.0051s/iter; left time: 115.9879s
	iters: 2300, epoch: 5 | loss: 0.4195220
	speed: 0.0048s/iter; left time: 108.1465s
	iters: 2400, epoch: 5 | loss: 0.4333611
	speed: 0.0048s/iter; left time: 106.7301s
	iters: 2500, epoch: 5 | loss: 0.5472458
	speed: 0.0049s/iter; left time: 109.6070s
	iters: 2600, epoch: 5 | loss: 0.3662253
	speed: 0.0052s/iter; left time: 116.3927s
	iters: 2700, epoch: 5 | loss: 0.3596486
	speed: 0.0053s/iter; left time: 117.0694s
	iters: 2800, epoch: 5 | loss: 0.4042049
	speed: 0.0056s/iter; left time: 123.7613s
	iters: 2900, epoch: 5 | loss: 0.4596959
	speed: 0.0057s/iter; left time: 124.4277s
	iters: 3000, epoch: 5 | loss: 0.4252324
	speed: 0.0053s/iter; left time: 116.7563s
	iters: 3100, epoch: 5 | loss: 0.3275742
	speed: 0.0056s/iter; left time: 120.8762s
	iters: 3200, epoch: 5 | loss: 0.3188023
	speed: 0.0056s/iter; left time: 120.8130s
	iters: 3300, epoch: 5 | loss: 0.3255905
	speed: 0.0053s/iter; left time: 113.6116s
	iters: 3400, epoch: 5 | loss: 0.4428641
	speed: 0.0051s/iter; left time: 109.1984s
	iters: 3500, epoch: 5 | loss: 0.5636895
	speed: 0.0050s/iter; left time: 105.9944s
	iters: 3600, epoch: 5 | loss: 0.4095120
	speed: 0.0048s/iter; left time: 101.0277s
	iters: 3700, epoch: 5 | loss: 0.4818540
	speed: 0.0049s/iter; left time: 103.0235s
	iters: 3800, epoch: 5 | loss: 0.3162027
	speed: 0.0047s/iter; left time: 98.3808s
	iters: 3900, epoch: 5 | loss: 0.3909190
	speed: 0.0048s/iter; left time: 100.1007s
	iters: 4000, epoch: 5 | loss: 0.4304681
	speed: 0.0049s/iter; left time: 101.4734s
	iters: 4100, epoch: 5 | loss: 0.2973541
	speed: 0.0050s/iter; left time: 103.7367s
Epoch: 5 cost time: 21.301066160202026
Epoch: 5, Steps: 4140 | Train Loss: 0.3874549 Vali Loss: 0.8629640 Test Loss: 0.4155076
Validation loss decreased (0.863584 --> 0.862964).  Saving model ...
Updating learning rate to 6.25e-06
	iters: 100, epoch: 6 | loss: 0.3453245
	speed: 0.1507s/iter; left time: 3104.2143s
	iters: 200, epoch: 6 | loss: 0.4271889
	speed: 0.0049s/iter; left time: 101.3258s
	iters: 300, epoch: 6 | loss: 0.3500732
	speed: 0.0048s/iter; left time: 97.0786s
	iters: 400, epoch: 6 | loss: 0.4589037
	speed: 0.0050s/iter; left time: 100.6065s
	iters: 500, epoch: 6 | loss: 0.4117500
	speed: 0.0047s/iter; left time: 94.8810s
	iters: 600, epoch: 6 | loss: 0.3359253
	speed: 0.0048s/iter; left time: 97.4379s
	iters: 700, epoch: 6 | loss: 0.4338868
	speed: 0.0049s/iter; left time: 97.6563s
	iters: 800, epoch: 6 | loss: 0.3447465
	speed: 0.0049s/iter; left time: 97.4971s
	iters: 900, epoch: 6 | loss: 0.5521607
	speed: 0.0049s/iter; left time: 97.5154s
	iters: 1000, epoch: 6 | loss: 0.4755645
	speed: 0.0051s/iter; left time: 99.7998s
	iters: 1100, epoch: 6 | loss: 0.3322473
	speed: 0.0049s/iter; left time: 96.8912s
	iters: 1200, epoch: 6 | loss: 0.4245935
	speed: 0.0051s/iter; left time: 98.4880s
	iters: 1300, epoch: 6 | loss: 0.3179548
	speed: 0.0050s/iter; left time: 97.4537s
	iters: 1400, epoch: 6 | loss: 0.3872057
	speed: 0.0049s/iter; left time: 94.7176s
	iters: 1500, epoch: 6 | loss: 0.3174571
	speed: 0.0048s/iter; left time: 92.8677s
	iters: 1600, epoch: 6 | loss: 0.3609409
	speed: 0.0049s/iter; left time: 92.9962s
	iters: 1700, epoch: 6 | loss: 0.3916575
	speed: 0.0049s/iter; left time: 92.1908s
	iters: 1800, epoch: 6 | loss: 0.5207539
	speed: 0.0051s/iter; left time: 95.7774s
	iters: 1900, epoch: 6 | loss: 0.4583409
	speed: 0.0057s/iter; left time: 106.3557s
	iters: 2000, epoch: 6 | loss: 0.3701428
	speed: 0.0073s/iter; left time: 135.8412s
	iters: 2100, epoch: 6 | loss: 0.2982962
	speed: 0.0072s/iter; left time: 134.6664s
	iters: 2200, epoch: 6 | loss: 0.2956799
	speed: 0.0096s/iter; left time: 178.2995s
	iters: 2300, epoch: 6 | loss: 0.5153838
	speed: 0.0119s/iter; left time: 219.5818s
	iters: 2400, epoch: 6 | loss: 0.3586985
	speed: 0.0068s/iter; left time: 124.0857s
	iters: 2500, epoch: 6 | loss: 0.5033911
	speed: 0.0067s/iter; left time: 121.8197s
	iters: 2600, epoch: 6 | loss: 0.3077754
	speed: 0.0059s/iter; left time: 106.8777s
	iters: 2700, epoch: 6 | loss: 0.5301461
	speed: 0.0058s/iter; left time: 104.6560s
	iters: 2800, epoch: 6 | loss: 0.3170980
	speed: 0.0057s/iter; left time: 101.8888s
	iters: 2900, epoch: 6 | loss: 0.4175054
	speed: 0.0056s/iter; left time: 99.8434s
	iters: 3000, epoch: 6 | loss: 0.3030916
	speed: 0.0059s/iter; left time: 104.4083s
	iters: 3100, epoch: 6 | loss: 0.4099042
	speed: 0.0059s/iter; left time: 103.3998s
	iters: 3200, epoch: 6 | loss: 0.3159820
	speed: 0.0058s/iter; left time: 100.6792s
	iters: 3300, epoch: 6 | loss: 0.3404971
	speed: 0.0057s/iter; left time: 99.5978s
	iters: 3400, epoch: 6 | loss: 0.6660584
	speed: 0.0056s/iter; left time: 96.6700s
	iters: 3500, epoch: 6 | loss: 0.4195074
	speed: 0.0061s/iter; left time: 104.1228s
	iters: 3600, epoch: 6 | loss: 0.2832902
	speed: 0.0056s/iter; left time: 96.0327s
	iters: 3700, epoch: 6 | loss: 0.4644234
	speed: 0.0075s/iter; left time: 128.0476s
	iters: 3800, epoch: 6 | loss: 0.4566705
	speed: 0.0071s/iter; left time: 120.3095s
	iters: 3900, epoch: 6 | loss: 0.4381200
	speed: 0.0055s/iter; left time: 93.1653s
	iters: 4000, epoch: 6 | loss: 0.4139296
	speed: 0.0056s/iter; left time: 94.2956s
	iters: 4100, epoch: 6 | loss: 0.4842101
	speed: 0.0061s/iter; left time: 101.6115s
Epoch: 6 cost time: 24.81963586807251
Epoch: 6, Steps: 4140 | Train Loss: 0.3869555 Vali Loss: 0.8659328 Test Loss: 0.4150695
EarlyStopping counter: 1 out of 3
Updating learning rate to 3.125e-06
	iters: 100, epoch: 7 | loss: 0.3729824
	speed: 0.1644s/iter; left time: 2706.2099s
	iters: 200, epoch: 7 | loss: 0.4850447
	speed: 0.0056s/iter; left time: 90.8308s
	iters: 300, epoch: 7 | loss: 0.3280432
	speed: 0.0054s/iter; left time: 88.1782s
	iters: 400, epoch: 7 | loss: 0.3077974
	speed: 0.0059s/iter; left time: 94.5465s
	iters: 500, epoch: 7 | loss: 0.4525090
	speed: 0.0057s/iter; left time: 91.6963s
	iters: 600, epoch: 7 | loss: 0.2652710
	speed: 0.0059s/iter; left time: 93.5888s
	iters: 700, epoch: 7 | loss: 0.2979254
	speed: 0.0057s/iter; left time: 89.6299s
	iters: 800, epoch: 7 | loss: 0.3800588
	speed: 0.0055s/iter; left time: 86.3687s
	iters: 900, epoch: 7 | loss: 0.2592042
	speed: 0.0054s/iter; left time: 84.4383s
	iters: 1000, epoch: 7 | loss: 0.3740373
	speed: 0.0056s/iter; left time: 87.2642s
	iters: 1100, epoch: 7 | loss: 0.4000905
	speed: 0.0052s/iter; left time: 80.8481s
	iters: 1200, epoch: 7 | loss: 0.4965385
	speed: 0.0053s/iter; left time: 81.0850s
	iters: 1300, epoch: 7 | loss: 0.3910975
	speed: 0.0061s/iter; left time: 93.2986s
	iters: 1400, epoch: 7 | loss: 0.4240735
	speed: 0.0055s/iter; left time: 83.2047s
	iters: 1500, epoch: 7 | loss: 0.2491027
	speed: 0.0054s/iter; left time: 81.6787s
	iters: 1600, epoch: 7 | loss: 0.3937143
	speed: 0.0052s/iter; left time: 78.0228s
	iters: 1700, epoch: 7 | loss: 0.5388597
	speed: 0.0055s/iter; left time: 81.6978s
	iters: 1800, epoch: 7 | loss: 0.2790563
	speed: 0.0056s/iter; left time: 82.3475s
	iters: 1900, epoch: 7 | loss: 0.3324181
	speed: 0.0055s/iter; left time: 81.3001s
	iters: 2000, epoch: 7 | loss: 0.5335172
	speed: 0.0057s/iter; left time: 83.2221s
	iters: 2100, epoch: 7 | loss: 0.3376971
	speed: 0.0053s/iter; left time: 76.3840s
	iters: 2200, epoch: 7 | loss: 0.3303406
	speed: 0.0053s/iter; left time: 75.8013s
	iters: 2300, epoch: 7 | loss: 0.4815738
	speed: 0.0055s/iter; left time: 78.1237s
	iters: 2400, epoch: 7 | loss: 0.3251215
	speed: 0.0052s/iter; left time: 73.6334s
	iters: 2500, epoch: 7 | loss: 0.3858845
	speed: 0.0062s/iter; left time: 86.4889s
	iters: 2600, epoch: 7 | loss: 0.4516427
	speed: 0.0048s/iter; left time: 66.4386s
	iters: 2700, epoch: 7 | loss: 0.2406770
	speed: 0.0049s/iter; left time: 67.9643s
	iters: 2800, epoch: 7 | loss: 0.3965131
	speed: 0.0057s/iter; left time: 78.7379s
	iters: 2900, epoch: 7 | loss: 0.5725992
	speed: 0.0054s/iter; left time: 73.1185s
	iters: 3000, epoch: 7 | loss: 0.3389198
	speed: 0.0056s/iter; left time: 75.3897s
	iters: 3100, epoch: 7 | loss: 0.4628123
	speed: 0.0062s/iter; left time: 83.4468s
	iters: 3200, epoch: 7 | loss: 0.5810948
	speed: 0.0052s/iter; left time: 68.9759s
	iters: 3300, epoch: 7 | loss: 0.3645071
	speed: 0.0059s/iter; left time: 78.2646s
	iters: 3400, epoch: 7 | loss: 0.3541826
	speed: 0.0055s/iter; left time: 73.0205s
	iters: 3500, epoch: 7 | loss: 0.3662192
	speed: 0.0059s/iter; left time: 77.0461s
	iters: 3600, epoch: 7 | loss: 0.5800866
	speed: 0.0053s/iter; left time: 69.0382s
	iters: 3700, epoch: 7 | loss: 0.3049827
	speed: 0.0056s/iter; left time: 72.1467s
	iters: 3800, epoch: 7 | loss: 0.3156359
	speed: 0.0059s/iter; left time: 75.8423s
	iters: 3900, epoch: 7 | loss: 0.2779513
	speed: 0.0052s/iter; left time: 65.8631s
	iters: 4000, epoch: 7 | loss: 0.2940745
	speed: 0.0065s/iter; left time: 81.6849s
	iters: 4100, epoch: 7 | loss: 0.4495434
	speed: 0.0054s/iter; left time: 67.8337s
Epoch: 7 cost time: 23.588802099227905
Epoch: 7, Steps: 4140 | Train Loss: 0.3867056 Vali Loss: 0.8667815 Test Loss: 0.4148970
EarlyStopping counter: 2 out of 3
Updating learning rate to 1.5625e-06
	iters: 100, epoch: 8 | loss: 0.4470719
	speed: 0.1810s/iter; left time: 2230.5323s
	iters: 200, epoch: 8 | loss: 0.4039443
	speed: 0.0053s/iter; left time: 64.4829s
	iters: 300, epoch: 8 | loss: 0.2435586
	speed: 0.0059s/iter; left time: 71.0331s
	iters: 400, epoch: 8 | loss: 0.3825886
	speed: 0.0057s/iter; left time: 68.1494s
	iters: 500, epoch: 8 | loss: 0.3661849
	speed: 0.0056s/iter; left time: 66.7540s
	iters: 600, epoch: 8 | loss: 0.4057504
	speed: 0.0050s/iter; left time: 58.7810s
	iters: 700, epoch: 8 | loss: 0.3505855
	speed: 0.0049s/iter; left time: 57.9345s
	iters: 800, epoch: 8 | loss: 0.3424653
	speed: 0.0118s/iter; left time: 137.5510s
	iters: 900, epoch: 8 | loss: 0.4473869
	speed: 0.0074s/iter; left time: 85.6170s
	iters: 1000, epoch: 8 | loss: 0.4618713
	speed: 0.0060s/iter; left time: 68.7208s
	iters: 1100, epoch: 8 | loss: 0.3224168
	speed: 0.0053s/iter; left time: 59.8213s
	iters: 1200, epoch: 8 | loss: 0.4550015
	speed: 0.0056s/iter; left time: 62.9906s
	iters: 1300, epoch: 8 | loss: 0.3562860
	speed: 0.0055s/iter; left time: 61.0627s
	iters: 1400, epoch: 8 | loss: 0.3160993
	speed: 0.0054s/iter; left time: 59.1511s
	iters: 1500, epoch: 8 | loss: 0.3261695
	speed: 0.0053s/iter; left time: 58.3617s
	iters: 1600, epoch: 8 | loss: 0.6086455
	speed: 0.0056s/iter; left time: 60.9144s
	iters: 1700, epoch: 8 | loss: 0.4189035
	speed: 0.0055s/iter; left time: 58.8483s
	iters: 1800, epoch: 8 | loss: 0.4079248
	speed: 0.0056s/iter; left time: 59.6401s
	iters: 1900, epoch: 8 | loss: 0.3962022
	speed: 0.0052s/iter; left time: 54.7099s
	iters: 2000, epoch: 8 | loss: 0.4252630
	speed: 0.0057s/iter; left time: 59.7179s
	iters: 2100, epoch: 8 | loss: 0.5162147
	speed: 0.0055s/iter; left time: 56.9267s
	iters: 2200, epoch: 8 | loss: 0.4950515
	speed: 0.0057s/iter; left time: 57.8214s
	iters: 2300, epoch: 8 | loss: 0.2943002
	speed: 0.0054s/iter; left time: 54.6127s
	iters: 2400, epoch: 8 | loss: 0.2793023
	speed: 0.0055s/iter; left time: 54.9243s
	iters: 2500, epoch: 8 | loss: 0.3967502
	speed: 0.0056s/iter; left time: 55.8367s
	iters: 2600, epoch: 8 | loss: 0.3507818
	speed: 0.0058s/iter; left time: 56.6977s
	iters: 2700, epoch: 8 | loss: 0.4191021
	speed: 0.0055s/iter; left time: 53.5941s
	iters: 2800, epoch: 8 | loss: 0.3841263
	speed: 0.0053s/iter; left time: 51.1310s
	iters: 2900, epoch: 8 | loss: 0.4337220
	speed: 0.0053s/iter; left time: 50.3097s
	iters: 3000, epoch: 8 | loss: 0.3169711
	speed: 0.0054s/iter; left time: 50.4863s
	iters: 3100, epoch: 8 | loss: 0.2951311
	speed: 0.0055s/iter; left time: 50.9974s
	iters: 3200, epoch: 8 | loss: 0.3695386
	speed: 0.0054s/iter; left time: 49.5453s
	iters: 3300, epoch: 8 | loss: 0.3323075
	speed: 0.0058s/iter; left time: 53.1847s
	iters: 3400, epoch: 8 | loss: 0.4292779
	speed: 0.0057s/iter; left time: 51.0851s
	iters: 3500, epoch: 8 | loss: 0.4093267
	speed: 0.0055s/iter; left time: 48.9065s
	iters: 3600, epoch: 8 | loss: 0.3562322
	speed: 0.0054s/iter; left time: 47.7565s
	iters: 3700, epoch: 8 | loss: 0.4232788
	speed: 0.0054s/iter; left time: 47.4867s
	iters: 3800, epoch: 8 | loss: 0.3498940
	speed: 0.0054s/iter; left time: 46.7892s
	iters: 3900, epoch: 8 | loss: 0.4336243
	speed: 0.0053s/iter; left time: 45.0552s
	iters: 4000, epoch: 8 | loss: 0.3223245
	speed: 0.0055s/iter; left time: 46.0804s
	iters: 4100, epoch: 8 | loss: 0.4617891
	speed: 0.0053s/iter; left time: 43.8902s
Epoch: 8 cost time: 24.21237063407898
Epoch: 8, Steps: 4140 | Train Loss: 0.3865588 Vali Loss: 0.8678308 Test Loss: 0.4146970
EarlyStopping counter: 3 out of 3
Early stopping
>>>>>>>testing : ETTm1_720_720_DLinear_ETTm1_ftM_sl720_ll48_pl720_dm512_nh8_el2_dl1_df2048_fc1_ebtimeF_dtTrue_Exp_0<<<<<<<<<<<<<<<<<<<<<<<<<<<<<<<<<
test 10801
mse:0.41537144780158997, mae:0.4154800474643707
