Args in experiment:
Namespace(is_training=1, train_only=False, model_id='ETTh2_720_96', model='DLinear', data='ETTh2', root_path='./dataset/', data_path='ETTh2.csv', features='M', target='OT', freq='h', checkpoints='./checkpoints/', seq_len=720, label_len=48, pred_len=96, individual=False, embed_type=0, enc_in=7, dec_in=7, c_out=7, d_model=512, n_heads=8, e_layers=2, d_layers=1, d_ff=2048, moving_avg=25, factor=1, distil=True, dropout=0.05, embed='timeF', activation='gelu', output_attention=False, do_predict=False, num_workers=10, itr=1, train_epochs=10, batch_size=32, patience=3, learning_rate=0.05, des='Exp', loss='mse', lradj='type1', use_amp=False, use_gpu=True, gpu=7, use_multi_gpu=False, devices='0,1,2,3', test_flop=False)
Use GPU: cuda:7
>>>>>>>start training : ETTh2_720_96_DLinear_ETTh2_ftM_sl720_ll48_pl96_dm512_nh8_el2_dl1_df2048_fc1_ebtimeF_dtTrue_Exp_0>>>>>>>>>>>>>>>>>>>>>>>>>>
train 7825
val 2785
test 2785
	iters: 100, epoch: 1 | loss: 1.0664306
	speed: 0.0162s/iter; left time: 38.0167s
	iters: 200, epoch: 1 | loss: 0.8616731
	speed: 0.0067s/iter; left time: 15.0057s
Epoch: 1 cost time: 2.6647872924804688
Epoch: 1, Steps: 244 | Train Loss: 10.7734577 Vali Loss: 0.5265530 Test Loss: 0.8948417
Validation loss decreased (inf --> 0.526553).  Saving model ...
Updating learning rate to 0.05
	iters: 100, epoch: 2 | loss: 0.7140272
	speed: 0.0342s/iter; left time: 71.7413s
	iters: 200, epoch: 2 | loss: 1.0350049
	speed: 0.0066s/iter; left time: 13.1098s
Epoch: 2 cost time: 2.1023364067077637
Epoch: 2, Steps: 244 | Train Loss: 0.8659243 Vali Loss: 0.7595357 Test Loss: 1.3397368
EarlyStopping counter: 1 out of 3
Updating learning rate to 0.025
	iters: 100, epoch: 3 | loss: 0.7112750
	speed: 0.0334s/iter; left time: 61.8294s
	iters: 200, epoch: 3 | loss: 0.3505093
	speed: 0.0054s/iter; left time: 9.4270s
Epoch: 3 cost time: 1.990530014038086
Epoch: 3, Steps: 244 | Train Loss: 0.5941954 Vali Loss: 0.5487639 Test Loss: 1.2013590
EarlyStopping counter: 2 out of 3
Updating learning rate to 0.0125
	iters: 100, epoch: 4 | loss: 0.2535490
	speed: 0.0317s/iter; left time: 51.0771s
	iters: 200, epoch: 4 | loss: 0.6404455
	speed: 0.0052s/iter; left time: 7.8521s
Epoch: 4 cost time: 1.8598458766937256
Epoch: 4, Steps: 244 | Train Loss: 0.4838654 Vali Loss: 0.2654517 Test Loss: 0.3441586
Validation loss decreased (0.526553 --> 0.265452).  Saving model ...
Updating learning rate to 0.00625
	iters: 100, epoch: 5 | loss: 1.1827533
	speed: 0.0317s/iter; left time: 43.2341s
	iters: 200, epoch: 5 | loss: 0.2799343
	speed: 0.0050s/iter; left time: 6.3688s
Epoch: 5 cost time: 1.7666363716125488
Epoch: 5, Steps: 244 | Train Loss: 0.4314361 Vali Loss: 0.2405867 Test Loss: 0.3243037
Validation loss decreased (0.265452 --> 0.240587).  Saving model ...
Updating learning rate to 0.003125
	iters: 100, epoch: 6 | loss: 0.3700667
	speed: 0.0313s/iter; left time: 35.0443s
	iters: 200, epoch: 6 | loss: 0.3221529
	speed: 0.0053s/iter; left time: 5.4419s
Epoch: 6 cost time: 1.8850102424621582
Epoch: 6, Steps: 244 | Train Loss: 0.4107838 Vali Loss: 0.2755856 Test Loss: 0.4279639
EarlyStopping counter: 1 out of 3
Updating learning rate to 0.0015625
	iters: 100, epoch: 7 | loss: 0.3299164
	speed: 0.0369s/iter; left time: 32.3753s
	iters: 200, epoch: 7 | loss: 0.3731441
	speed: 0.0066s/iter; left time: 5.1378s
Epoch: 7 cost time: 2.2911643981933594
Epoch: 7, Steps: 244 | Train Loss: 0.3950720 Vali Loss: 0.2331493 Test Loss: 0.3209305
Validation loss decreased (0.240587 --> 0.233149).  Saving model ...
Updating learning rate to 0.00078125
	iters: 100, epoch: 8 | loss: 0.3142112
	speed: 0.0362s/iter; left time: 22.9446s
	iters: 200, epoch: 8 | loss: 0.2223791
	speed: 0.0066s/iter; left time: 3.4963s
Epoch: 8 cost time: 3.2086498737335205
Epoch: 8, Steps: 244 | Train Loss: 0.3891114 Vali Loss: 0.2220945 Test Loss: 0.2915950
Validation loss decreased (0.233149 --> 0.222094).  Saving model ...
Updating learning rate to 0.000390625
	iters: 100, epoch: 9 | loss: 0.2115294
	speed: 0.0455s/iter; left time: 17.6950s
	iters: 200, epoch: 9 | loss: 0.2988201
	speed: 0.0065s/iter; left time: 1.8820s
Epoch: 9 cost time: 2.1736464500427246
Epoch: 9, Steps: 244 | Train Loss: 0.3844958 Vali Loss: 0.2283776 Test Loss: 0.3047962
EarlyStopping counter: 1 out of 3
Updating learning rate to 0.0001953125
	iters: 100, epoch: 10 | loss: 0.5928376
	speed: 0.0366s/iter; left time: 5.3017s
	iters: 200, epoch: 10 | loss: 0.6365123
	speed: 0.0066s/iter; left time: 0.2957s
Epoch: 10 cost time: 2.160109281539917
Epoch: 10, Steps: 244 | Train Loss: 0.3820947 Vali Loss: 0.2233863 Test Loss: 0.2954351
EarlyStopping counter: 2 out of 3
Updating learning rate to 9.765625e-05
>>>>>>>testing : ETTh2_720_96_DLinear_ETTh2_ftM_sl720_ll48_pl96_dm512_nh8_el2_dl1_df2048_fc1_ebtimeF_dtTrue_Exp_0<<<<<<<<<<<<<<<<<<<<<<<<<<<<<<<<<
test 2785
mse:0.2936078608036041, mae:0.3604189157485962
