Args in experiment:
Namespace(is_training=1, train_only=False, model_id='DLinear_weather_96_96', model='DLinear', data='custom', root_path='./dataset/', data_path='weather.csv', features='M', target='OT', freq='h', checkpoints='./checkpoints/', seq_len=96, label_len=48, pred_len=96, individual=False, embed_type=0, enc_in=21, dec_in=21, c_out=21, d_model=512, n_heads=8, e_layers=2, d_layers=1, d_ff=2048, moving_avg=25, factor=3, distil=True, dropout=0.05, embed='timeF', activation='gelu', output_attention=False, do_predict=False, num_workers=10, itr=1, train_epochs=30, batch_size=32, patience=3, learning_rate=0.0001, des='Exp', loss='mse', lradj='type1', use_amp=False, use_gpu=True, gpu=0, use_multi_gpu=False, devices='0,1,2,3', test_flop=False)
Use GPU: cuda:0
>>>>>>>start training : DLinear_weather_96_96_DLinear_custom_ftM_sl96_ll48_pl96_dm512_nh8_el2_dl1_df2048_fc3_ebtimeF_dtTrue_Exp_0>>>>>>>>>>>>>>>>>>>>>>>>>>
train 36696
val 5175
test 10444
	iters: 100, epoch: 1 | loss: 0.7257760
	speed: 0.0444s/iter; left time: 1523.4481s
	iters: 200, epoch: 1 | loss: 0.5069606
	speed: 0.0197s/iter; left time: 675.0091s
	iters: 300, epoch: 1 | loss: 0.5430280
	speed: 0.0213s/iter; left time: 726.0194s
	iters: 400, epoch: 1 | loss: 0.4546605
	speed: 0.0261s/iter; left time: 888.2183s
	iters: 500, epoch: 1 | loss: 0.4582961
	speed: 0.0262s/iter; left time: 889.9276s
	iters: 600, epoch: 1 | loss: 0.4626853
	speed: 0.0255s/iter; left time: 862.8707s
	iters: 700, epoch: 1 | loss: 1.7053398
	speed: 0.0279s/iter; left time: 939.0456s
	iters: 800, epoch: 1 | loss: 0.3802410
	speed: 0.0265s/iter; left time: 891.1189s
	iters: 900, epoch: 1 | loss: 0.4000497
	speed: 0.0253s/iter; left time: 847.6038s
	iters: 1000, epoch: 1 | loss: 0.6141491
	speed: 0.0283s/iter; left time: 945.9194s
	iters: 1100, epoch: 1 | loss: 0.4732530
	speed: 0.0290s/iter; left time: 966.2271s
Epoch: 1 cost time: 31.361448287963867
Epoch: 1, Steps: 1147 | Train Loss: 0.6227195 Vali Loss: 0.4936098 Test Loss: 0.2085488
Validation loss decreased (inf --> 0.493610).  Saving model ...
Updating learning rate to 0.0001
	iters: 100, epoch: 2 | loss: 0.6628503
	speed: 0.2608s/iter; left time: 8647.6081s
	iters: 200, epoch: 2 | loss: 0.3129256
	speed: 0.0169s/iter; left time: 557.7687s
	iters: 300, epoch: 2 | loss: 0.4047714
	speed: 0.0172s/iter; left time: 567.2122s
	iters: 400, epoch: 2 | loss: 0.4900481
	speed: 0.0192s/iter; left time: 629.4533s
	iters: 500, epoch: 2 | loss: 0.4198940
	speed: 0.0171s/iter; left time: 559.7191s
	iters: 600, epoch: 2 | loss: 0.7356359
	speed: 0.0171s/iter; left time: 559.8529s
	iters: 700, epoch: 2 | loss: 0.3720455
	speed: 0.0178s/iter; left time: 579.1663s
	iters: 800, epoch: 2 | loss: 1.2790335
	speed: 0.0169s/iter; left time: 548.4206s
	iters: 900, epoch: 2 | loss: 0.4177698
	speed: 0.0171s/iter; left time: 552.6208s
	iters: 1000, epoch: 2 | loss: 0.6330447
	speed: 0.0183s/iter; left time: 590.4506s
	iters: 1100, epoch: 2 | loss: 0.3329192
	speed: 0.0180s/iter; left time: 579.1333s
Epoch: 2 cost time: 21.231141328811646
Epoch: 2, Steps: 1147 | Train Loss: 0.5251437 Vali Loss: 0.4779547 Test Loss: 0.1995852
Validation loss decreased (0.493610 --> 0.477955).  Saving model ...
Updating learning rate to 5e-05
	iters: 100, epoch: 3 | loss: 1.2553325
	speed: 0.1932s/iter; left time: 6186.4289s
	iters: 200, epoch: 3 | loss: 0.3977527
	speed: 0.0178s/iter; left time: 569.1937s
	iters: 300, epoch: 3 | loss: 1.1641541
	speed: 0.0170s/iter; left time: 542.1460s
	iters: 400, epoch: 3 | loss: 0.4861735
	speed: 0.0190s/iter; left time: 602.6072s
	iters: 500, epoch: 3 | loss: 0.5758189
	speed: 0.0177s/iter; left time: 559.5824s
	iters: 600, epoch: 3 | loss: 0.3421186
	speed: 0.0174s/iter; left time: 549.4554s
	iters: 700, epoch: 3 | loss: 0.3384982
	speed: 0.0175s/iter; left time: 551.3062s
	iters: 800, epoch: 3 | loss: 0.3112907
	speed: 0.0184s/iter; left time: 574.7689s
	iters: 900, epoch: 3 | loss: 0.4523896
	speed: 0.0174s/iter; left time: 543.7426s
	iters: 1000, epoch: 3 | loss: 0.3942013
	speed: 0.0175s/iter; left time: 543.2994s
	iters: 1100, epoch: 3 | loss: 0.6214124
	speed: 0.0169s/iter; left time: 525.6218s
Epoch: 3 cost time: 21.025563716888428
Epoch: 3, Steps: 1147 | Train Loss: 0.5142488 Vali Loss: 0.4735217 Test Loss: 0.1995673
Validation loss decreased (0.477955 --> 0.473522).  Saving model ...
Updating learning rate to 2.5e-05
	iters: 100, epoch: 4 | loss: 0.4972647
	speed: 0.1970s/iter; left time: 6080.5694s
	iters: 200, epoch: 4 | loss: 0.4478336
	speed: 0.0177s/iter; left time: 543.1036s
	iters: 300, epoch: 4 | loss: 0.3071508
	speed: 0.0171s/iter; left time: 525.2706s
	iters: 400, epoch: 4 | loss: 0.4961123
	speed: 0.0166s/iter; left time: 506.4153s
	iters: 500, epoch: 4 | loss: 1.3025652
	speed: 0.0184s/iter; left time: 560.0148s
	iters: 600, epoch: 4 | loss: 1.3018724
	speed: 0.0199s/iter; left time: 604.9337s
	iters: 700, epoch: 4 | loss: 0.4084756
	speed: 0.0215s/iter; left time: 650.4593s
	iters: 800, epoch: 4 | loss: 0.3995240
	speed: 0.0218s/iter; left time: 658.3883s
	iters: 900, epoch: 4 | loss: 0.4159971
	speed: 0.0278s/iter; left time: 834.6284s
	iters: 1000, epoch: 4 | loss: 0.5500070
	speed: 0.0240s/iter; left time: 720.1229s
	iters: 1100, epoch: 4 | loss: 0.3985192
	speed: 0.0245s/iter; left time: 731.8532s
Epoch: 4 cost time: 24.435917615890503
Epoch: 4, Steps: 1147 | Train Loss: 0.5107823 Vali Loss: 0.4715249 Test Loss: 0.1994724
Validation loss decreased (0.473522 --> 0.471525).  Saving model ...
Updating learning rate to 1.25e-05
	iters: 100, epoch: 5 | loss: 0.3329927
	speed: 0.3042s/iter; left time: 9040.8215s
	iters: 200, epoch: 5 | loss: 0.3578601
	speed: 0.0204s/iter; left time: 604.1706s
	iters: 300, epoch: 5 | loss: 0.3639080
	speed: 0.0190s/iter; left time: 560.6220s
	iters: 400, epoch: 5 | loss: 0.3224177
	speed: 0.0178s/iter; left time: 524.5099s
	iters: 500, epoch: 5 | loss: 0.3258666
	speed: 0.0184s/iter; left time: 539.1498s
	iters: 600, epoch: 5 | loss: 0.3892956
	speed: 0.0183s/iter; left time: 534.4559s
	iters: 700, epoch: 5 | loss: 0.3624935
	speed: 0.0187s/iter; left time: 545.1740s
	iters: 800, epoch: 5 | loss: 0.4336119
	speed: 0.0188s/iter; left time: 544.6724s
	iters: 900, epoch: 5 | loss: 0.7284448
	speed: 0.0185s/iter; left time: 535.3581s
	iters: 1000, epoch: 5 | loss: 0.4243793
	speed: 0.0179s/iter; left time: 516.3172s
	iters: 1100, epoch: 5 | loss: 0.3286813
	speed: 0.0174s/iter; left time: 500.9672s
Epoch: 5 cost time: 22.384575366973877
Epoch: 5, Steps: 1147 | Train Loss: 0.5092621 Vali Loss: 0.4715636 Test Loss: 0.1985120
EarlyStopping counter: 1 out of 3
Updating learning rate to 6.25e-06
	iters: 100, epoch: 6 | loss: 0.4194226
	speed: 0.2132s/iter; left time: 6092.1065s
	iters: 200, epoch: 6 | loss: 0.6094707
	speed: 0.0177s/iter; left time: 504.0595s
	iters: 300, epoch: 6 | loss: 0.4282882
	speed: 0.0189s/iter; left time: 534.8904s
	iters: 400, epoch: 6 | loss: 0.3646177
	speed: 0.0186s/iter; left time: 526.3328s
	iters: 500, epoch: 6 | loss: 0.3852910
	speed: 0.0181s/iter; left time: 508.5943s
	iters: 600, epoch: 6 | loss: 0.3996789
	speed: 0.0185s/iter; left time: 518.5689s
	iters: 700, epoch: 6 | loss: 0.3474248
	speed: 0.0175s/iter; left time: 489.2134s
	iters: 800, epoch: 6 | loss: 0.4836398
	speed: 0.0171s/iter; left time: 476.7311s
	iters: 900, epoch: 6 | loss: 0.4026550
	speed: 0.0174s/iter; left time: 482.7393s
	iters: 1000, epoch: 6 | loss: 0.4629320
	speed: 0.0178s/iter; left time: 493.5589s
	iters: 1100, epoch: 6 | loss: 0.3901592
	speed: 0.0175s/iter; left time: 483.1657s
Epoch: 6 cost time: 21.381646871566772
Epoch: 6, Steps: 1147 | Train Loss: 0.5085712 Vali Loss: 0.4711656 Test Loss: 0.1984095
Validation loss decreased (0.471525 --> 0.471166).  Saving model ...
Updating learning rate to 3.125e-06
	iters: 100, epoch: 7 | loss: 0.6340621
	speed: 0.1910s/iter; left time: 5240.1069s
	iters: 200, epoch: 7 | loss: 0.5175481
	speed: 0.0171s/iter; left time: 466.0255s
	iters: 300, epoch: 7 | loss: 0.3907749
	speed: 0.0173s/iter; left time: 470.2294s
	iters: 400, epoch: 7 | loss: 0.4092621
	speed: 0.0168s/iter; left time: 456.1098s
	iters: 500, epoch: 7 | loss: 0.5686137
	speed: 0.0184s/iter; left time: 497.0565s
	iters: 600, epoch: 7 | loss: 0.4034059
	speed: 0.0222s/iter; left time: 598.7530s
	iters: 700, epoch: 7 | loss: 1.2455739
	speed: 0.0225s/iter; left time: 603.0063s
	iters: 800, epoch: 7 | loss: 0.4544632
	speed: 0.0232s/iter; left time: 619.8634s
	iters: 900, epoch: 7 | loss: 1.4779133
	speed: 0.0223s/iter; left time: 592.5451s
	iters: 1000, epoch: 7 | loss: 0.3284681
	speed: 0.0235s/iter; left time: 622.2844s
	iters: 1100, epoch: 7 | loss: 0.3848844
	speed: 0.0201s/iter; left time: 530.6915s
Epoch: 7 cost time: 24.1015408039093
Epoch: 7, Steps: 1147 | Train Loss: 0.5084866 Vali Loss: 0.4709589 Test Loss: 0.1986102
Validation loss decreased (0.471166 --> 0.470959).  Saving model ...
Updating learning rate to 1.5625e-06
	iters: 100, epoch: 8 | loss: 0.3462480
	speed: 0.3461s/iter; left time: 9097.5125s
	iters: 200, epoch: 8 | loss: 0.4524603
	speed: 0.0268s/iter; left time: 701.4155s
	iters: 300, epoch: 8 | loss: 0.3574346
	speed: 0.0257s/iter; left time: 669.7459s
	iters: 400, epoch: 8 | loss: 0.3635157
	speed: 0.0248s/iter; left time: 644.1525s
	iters: 500, epoch: 8 | loss: 0.4384567
	speed: 0.0260s/iter; left time: 672.5090s
	iters: 600, epoch: 8 | loss: 0.3828700
	speed: 0.0239s/iter; left time: 617.1628s
	iters: 700, epoch: 8 | loss: 0.4330612
	speed: 0.0256s/iter; left time: 657.3766s
	iters: 800, epoch: 8 | loss: 0.3606889
	speed: 0.0257s/iter; left time: 658.4703s
	iters: 900, epoch: 8 | loss: 1.3477266
	speed: 0.0245s/iter; left time: 625.4136s
	iters: 1000, epoch: 8 | loss: 0.3555675
	speed: 0.0274s/iter; left time: 696.3222s
	iters: 1100, epoch: 8 | loss: 0.4852786
	speed: 0.0272s/iter; left time: 688.0890s
Epoch: 8 cost time: 30.4321870803833
Epoch: 8, Steps: 1147 | Train Loss: 0.5080481 Vali Loss: 0.4704031 Test Loss: 0.1984380
Validation loss decreased (0.470959 --> 0.470403).  Saving model ...
Updating learning rate to 7.8125e-07
	iters: 100, epoch: 9 | loss: 0.3598917
	speed: 0.2346s/iter; left time: 5897.5026s
	iters: 200, epoch: 9 | loss: 0.4588315
	speed: 0.0206s/iter; left time: 515.9425s
	iters: 300, epoch: 9 | loss: 0.5505770
	speed: 0.0211s/iter; left time: 526.7648s
	iters: 400, epoch: 9 | loss: 0.3514671
	speed: 0.0210s/iter; left time: 520.8334s
	iters: 500, epoch: 9 | loss: 0.4068561
	speed: 0.0205s/iter; left time: 506.9214s
	iters: 600, epoch: 9 | loss: 0.4967419
	speed: 0.0198s/iter; left time: 487.7020s
	iters: 700, epoch: 9 | loss: 0.6598046
	speed: 0.0210s/iter; left time: 515.6099s
	iters: 800, epoch: 9 | loss: 0.5005123
	speed: 0.0223s/iter; left time: 545.5453s
	iters: 900, epoch: 9 | loss: 0.4449599
	speed: 0.0203s/iter; left time: 493.5783s
	iters: 1000, epoch: 9 | loss: 0.3671286
	speed: 0.0195s/iter; left time: 472.6768s
	iters: 1100, epoch: 9 | loss: 0.6056769
	speed: 0.0200s/iter; left time: 483.3907s
Epoch: 9 cost time: 24.617457389831543
Epoch: 9, Steps: 1147 | Train Loss: 0.5079667 Vali Loss: 0.4706101 Test Loss: 0.1984624
EarlyStopping counter: 1 out of 3
Updating learning rate to 3.90625e-07
	iters: 100, epoch: 10 | loss: 0.4889182
	speed: 0.2544s/iter; left time: 6103.0961s
	iters: 200, epoch: 10 | loss: 0.3488200
	speed: 0.0279s/iter; left time: 667.6355s
	iters: 300, epoch: 10 | loss: 0.4758394
	speed: 0.0276s/iter; left time: 656.7033s
	iters: 400, epoch: 10 | loss: 1.1478018
	speed: 0.0269s/iter; left time: 636.0894s
	iters: 500, epoch: 10 | loss: 0.3234543
	speed: 0.0258s/iter; left time: 608.3681s
	iters: 600, epoch: 10 | loss: 0.6423760
	speed: 0.0278s/iter; left time: 654.1032s
	iters: 700, epoch: 10 | loss: 0.5634222
	speed: 0.0313s/iter; left time: 732.9291s
	iters: 800, epoch: 10 | loss: 0.4359529
	speed: 0.0290s/iter; left time: 676.0494s
	iters: 900, epoch: 10 | loss: 0.3100447
	speed: 0.0282s/iter; left time: 654.2671s
	iters: 1000, epoch: 10 | loss: 0.5271698
	speed: 0.0269s/iter; left time: 621.8183s
	iters: 1100, epoch: 10 | loss: 0.3480006
	speed: 0.0235s/iter; left time: 539.2793s
Epoch: 10 cost time: 32.42571568489075
Epoch: 10, Steps: 1147 | Train Loss: 0.5079683 Vali Loss: 0.4710524 Test Loss: 0.1984693
EarlyStopping counter: 2 out of 3
Updating learning rate to 1.953125e-07
	iters: 100, epoch: 11 | loss: 1.2620581
	speed: 0.3010s/iter; left time: 6875.7620s
	iters: 200, epoch: 11 | loss: 0.5323280
	speed: 0.0250s/iter; left time: 568.6549s
	iters: 300, epoch: 11 | loss: 0.3805279
	speed: 0.0286s/iter; left time: 647.4935s
	iters: 400, epoch: 11 | loss: 0.4080848
	speed: 0.0299s/iter; left time: 673.9952s
	iters: 500, epoch: 11 | loss: 0.3737558
	speed: 0.0266s/iter; left time: 597.5970s
	iters: 600, epoch: 11 | loss: 0.3084990
	speed: 0.0217s/iter; left time: 484.8465s
	iters: 700, epoch: 11 | loss: 0.3403137
	speed: 0.0236s/iter; left time: 525.8714s
	iters: 800, epoch: 11 | loss: 0.3899702
	speed: 0.0231s/iter; left time: 510.7378s
	iters: 900, epoch: 11 | loss: 0.3636239
	speed: 0.0235s/iter; left time: 518.8184s
	iters: 1000, epoch: 11 | loss: 0.3370328
	speed: 0.0242s/iter; left time: 530.6560s
	iters: 1100, epoch: 11 | loss: 1.1674856
	speed: 0.0264s/iter; left time: 576.7588s
Epoch: 11 cost time: 29.732149600982666
Epoch: 11, Steps: 1147 | Train Loss: 0.5080122 Vali Loss: 0.4703464 Test Loss: 0.1984694
Validation loss decreased (0.470403 --> 0.470346).  Saving model ...
Updating learning rate to 9.765625e-08
	iters: 100, epoch: 12 | loss: 0.3427679
	speed: 0.2856s/iter; left time: 6196.8589s
	iters: 200, epoch: 12 | loss: 0.3701692
	speed: 0.0206s/iter; left time: 445.0452s
	iters: 300, epoch: 12 | loss: 0.3686827
	speed: 0.0205s/iter; left time: 441.6238s
	iters: 400, epoch: 12 | loss: 0.6456148
	speed: 0.0184s/iter; left time: 393.9832s
	iters: 500, epoch: 12 | loss: 0.3741277
	speed: 0.0190s/iter; left time: 403.6456s
	iters: 600, epoch: 12 | loss: 0.4295575
	speed: 0.0185s/iter; left time: 391.9145s
	iters: 700, epoch: 12 | loss: 0.6065991
	speed: 0.0192s/iter; left time: 403.9512s
	iters: 800, epoch: 12 | loss: 0.4431845
	speed: 0.0195s/iter; left time: 410.1531s
	iters: 900, epoch: 12 | loss: 0.4559908
	speed: 0.0188s/iter; left time: 393.3416s
	iters: 1000, epoch: 12 | loss: 0.3615631
	speed: 0.0190s/iter; left time: 394.6560s
	iters: 1100, epoch: 12 | loss: 0.3789444
	speed: 0.0189s/iter; left time: 391.4630s
Epoch: 12 cost time: 22.932512760162354
Epoch: 12, Steps: 1147 | Train Loss: 0.5079686 Vali Loss: 0.4707129 Test Loss: 0.1984667
EarlyStopping counter: 1 out of 3
Updating learning rate to 4.8828125e-08
	iters: 100, epoch: 13 | loss: 0.3587429
	speed: 0.1863s/iter; left time: 3827.9772s
	iters: 200, epoch: 13 | loss: 1.5260024
	speed: 0.0166s/iter; left time: 340.0491s
	iters: 300, epoch: 13 | loss: 0.4227948
	speed: 0.0161s/iter; left time: 327.8563s
	iters: 400, epoch: 13 | loss: 0.4182360
	speed: 0.0172s/iter; left time: 347.8800s
	iters: 500, epoch: 13 | loss: 0.4064678
	speed: 0.0172s/iter; left time: 346.0068s
	iters: 600, epoch: 13 | loss: 0.4276933
	speed: 0.0168s/iter; left time: 337.0241s
	iters: 700, epoch: 13 | loss: 0.3929092
	speed: 0.0166s/iter; left time: 330.4448s
	iters: 800, epoch: 13 | loss: 0.3567812
	speed: 0.0174s/iter; left time: 345.4811s
	iters: 900, epoch: 13 | loss: 0.4548073
	speed: 0.0173s/iter; left time: 341.9463s
	iters: 1000, epoch: 13 | loss: 0.2926923
	speed: 0.0168s/iter; left time: 330.7205s
	iters: 1100, epoch: 13 | loss: 0.4805503
	speed: 0.0164s/iter; left time: 320.3920s
Epoch: 13 cost time: 20.117957592010498
Epoch: 13, Steps: 1147 | Train Loss: 0.5079455 Vali Loss: 0.4702204 Test Loss: 0.1984667
Validation loss decreased (0.470346 --> 0.470220).  Saving model ...
Updating learning rate to 2.44140625e-08
	iters: 100, epoch: 14 | loss: 0.3009931
	speed: 0.1883s/iter; left time: 3652.6421s
	iters: 200, epoch: 14 | loss: 0.3681689
	speed: 0.0161s/iter; left time: 310.9278s
	iters: 300, epoch: 14 | loss: 0.4052576
	speed: 0.0168s/iter; left time: 321.9394s
	iters: 400, epoch: 14 | loss: 0.2834202
	speed: 0.0166s/iter; left time: 317.7347s
	iters: 500, epoch: 14 | loss: 1.1423781
	speed: 0.0175s/iter; left time: 332.8092s
	iters: 600, epoch: 14 | loss: 0.3472308
	speed: 0.0166s/iter; left time: 314.5093s
	iters: 700, epoch: 14 | loss: 0.4629724
	speed: 0.0169s/iter; left time: 317.5262s
	iters: 800, epoch: 14 | loss: 0.3683739
	speed: 0.0177s/iter; left time: 330.5001s
	iters: 900, epoch: 14 | loss: 0.6962641
	speed: 0.0175s/iter; left time: 325.6278s
	iters: 1000, epoch: 14 | loss: 0.3291211
	speed: 0.0173s/iter; left time: 319.4744s
	iters: 1100, epoch: 14 | loss: 0.6460160
	speed: 0.0164s/iter; left time: 301.3126s
Epoch: 14 cost time: 20.270177364349365
Epoch: 14, Steps: 1147 | Train Loss: 0.5078895 Vali Loss: 0.4710058 Test Loss: 0.1984665
EarlyStopping counter: 1 out of 3
Updating learning rate to 1.220703125e-08
	iters: 100, epoch: 15 | loss: 0.4904385
	speed: 0.1964s/iter; left time: 3584.3774s
	iters: 200, epoch: 15 | loss: 1.3382047
	speed: 0.0226s/iter; left time: 410.2295s
	iters: 300, epoch: 15 | loss: 0.7101351
	speed: 0.0196s/iter; left time: 353.5987s
	iters: 400, epoch: 15 | loss: 0.4806470
	speed: 0.0207s/iter; left time: 372.4780s
	iters: 500, epoch: 15 | loss: 0.3240194
	speed: 0.0212s/iter; left time: 379.3044s
	iters: 600, epoch: 15 | loss: 0.3581033
	speed: 0.0195s/iter; left time: 346.3556s
	iters: 700, epoch: 15 | loss: 0.4634073
	speed: 0.0207s/iter; left time: 364.8302s
	iters: 800, epoch: 15 | loss: 0.4460108
	speed: 0.0207s/iter; left time: 363.5444s
	iters: 900, epoch: 15 | loss: 0.2866327
	speed: 0.0199s/iter; left time: 347.3379s
	iters: 1000, epoch: 15 | loss: 0.3831652
	speed: 0.0201s/iter; left time: 348.0254s
	iters: 1100, epoch: 15 | loss: 0.3611271
	speed: 0.0211s/iter; left time: 364.0884s
Epoch: 15 cost time: 24.388217449188232
Epoch: 15, Steps: 1147 | Train Loss: 0.5078973 Vali Loss: 0.4712378 Test Loss: 0.1984671
EarlyStopping counter: 2 out of 3
Updating learning rate to 6.103515625e-09
	iters: 100, epoch: 16 | loss: 0.4017081
	speed: 0.2937s/iter; left time: 5024.0838s
	iters: 200, epoch: 16 | loss: 1.4021422
	speed: 0.0208s/iter; left time: 353.7412s
	iters: 300, epoch: 16 | loss: 0.3466416
	speed: 0.0224s/iter; left time: 377.8638s
	iters: 400, epoch: 16 | loss: 0.4562957
	speed: 0.0205s/iter; left time: 344.4248s
	iters: 500, epoch: 16 | loss: 0.4416677
	speed: 0.0208s/iter; left time: 347.9643s
	iters: 600, epoch: 16 | loss: 0.3404600
	speed: 0.0206s/iter; left time: 342.2007s
	iters: 700, epoch: 16 | loss: 0.2704953
	speed: 0.0209s/iter; left time: 344.7725s
	iters: 800, epoch: 16 | loss: 0.3398512
	speed: 0.0188s/iter; left time: 308.9539s
	iters: 900, epoch: 16 | loss: 0.3642610
	speed: 0.0199s/iter; left time: 324.6564s
	iters: 1000, epoch: 16 | loss: 0.2845191
	speed: 0.0193s/iter; left time: 312.7435s
	iters: 1100, epoch: 16 | loss: 0.4559920
	speed: 0.0214s/iter; left time: 344.4283s
Epoch: 16 cost time: 24.56507897377014
Epoch: 16, Steps: 1147 | Train Loss: 0.5079277 Vali Loss: 0.4712986 Test Loss: 0.1984674
EarlyStopping counter: 3 out of 3
Early stopping
>>>>>>>testing : DLinear_weather_96_96_DLinear_custom_ftM_sl96_ll48_pl96_dm512_nh8_el2_dl1_df2048_fc3_ebtimeF_dtTrue_Exp_0<<<<<<<<<<<<<<<<<<<<<<<<<<<<<<<<<
test 10444
mse:0.19874334335327148, mae:0.25791001319885254
