Args in experiment:
Namespace(is_training=1, train_only=False, model_id='DLinear_ETTh2_336_720', model='DLinear', data='ETTh2', root_path='./dataset/', data_path='ETTh2.csv', features='M', target='OT', freq='h', checkpoints='./checkpoints/', seq_len=336, label_len=48, pred_len=720, individual=False, embed_type=0, enc_in=7, dec_in=7, c_out=7, d_model=512, n_heads=8, e_layers=2, d_layers=1, d_ff=2048, moving_avg=25, factor=3, distil=True, dropout=0.05, embed='timeF', activation='gelu', output_attention=False, do_predict=False, num_workers=10, itr=1, train_epochs=30, batch_size=32, patience=3, learning_rate=0.0001, des='Exp', loss='mse', lradj='type1', use_amp=False, use_gpu=True, gpu=0, use_multi_gpu=False, devices='0,1,2,3', test_flop=False)
Use GPU: cuda:0
>>>>>>>start training : DLinear_ETTh2_336_720_DLinear_ETTh2_ftM_sl336_ll48_pl720_dm512_nh8_el2_dl1_df2048_fc3_ebtimeF_dtTrue_Exp_0>>>>>>>>>>>>>>>>>>>>>>>>>>
train 7585
val 2161
test 2161
	iters: 100, epoch: 1 | loss: 0.7494609
	speed: 0.0610s/iter; left time: 429.1805s
	iters: 200, epoch: 1 | loss: 0.7518874
	speed: 0.0400s/iter; left time: 277.8118s
Epoch: 1 cost time: 11.714227676391602
Epoch: 1, Steps: 238 | Train Loss: 0.8197882 Vali Loss: 0.7227853 Test Loss: 0.7845464
Validation loss decreased (inf --> 0.722785).  Saving model ...
Updating learning rate to 0.0001
	iters: 100, epoch: 2 | loss: 0.9820051
	speed: 0.1755s/iter; left time: 1193.6016s
	iters: 200, epoch: 2 | loss: 0.5708016
	speed: 0.0407s/iter; left time: 272.6091s
Epoch: 2 cost time: 10.437889099121094
Epoch: 2, Steps: 238 | Train Loss: 0.7342807 Vali Loss: 0.7126484 Test Loss: 0.8252541
Validation loss decreased (0.722785 --> 0.712648).  Saving model ...
Updating learning rate to 5e-05
	iters: 100, epoch: 3 | loss: 0.8859792
	speed: 0.1776s/iter; left time: 1166.1820s
	iters: 200, epoch: 3 | loss: 0.4338089
	speed: 0.0418s/iter; left time: 270.5135s
Epoch: 3 cost time: 10.646905899047852
Epoch: 3, Steps: 238 | Train Loss: 0.7250838 Vali Loss: 0.7029690 Test Loss: 0.8137181
Validation loss decreased (0.712648 --> 0.702969).  Saving model ...
Updating learning rate to 2.5e-05
	iters: 100, epoch: 4 | loss: 0.9556236
	speed: 0.1720s/iter; left time: 1088.0375s
	iters: 200, epoch: 4 | loss: 0.7078290
	speed: 0.0455s/iter; left time: 283.2839s
Epoch: 4 cost time: 10.670991659164429
Epoch: 4, Steps: 238 | Train Loss: 0.7190851 Vali Loss: 0.6981640 Test Loss: 0.7890694
Validation loss decreased (0.702969 --> 0.698164).  Saving model ...
Updating learning rate to 1.25e-05
	iters: 100, epoch: 5 | loss: 0.7889186
	speed: 0.1881s/iter; left time: 1145.4237s
	iters: 200, epoch: 5 | loss: 0.8791403
	speed: 0.0480s/iter; left time: 287.7413s
Epoch: 5 cost time: 12.04223346710205
Epoch: 5, Steps: 238 | Train Loss: 0.7179547 Vali Loss: 0.6951556 Test Loss: 0.7788479
Validation loss decreased (0.698164 --> 0.695156).  Saving model ...
Updating learning rate to 6.25e-06
	iters: 100, epoch: 6 | loss: 0.7385552
	speed: 0.2002s/iter; left time: 1171.5305s
	iters: 200, epoch: 6 | loss: 0.4721453
	speed: 0.0488s/iter; left time: 280.4000s
Epoch: 6 cost time: 12.170633554458618
Epoch: 6, Steps: 238 | Train Loss: 0.7155151 Vali Loss: 0.6952843 Test Loss: 0.7783710
EarlyStopping counter: 1 out of 3
Updating learning rate to 3.125e-06
	iters: 100, epoch: 7 | loss: 1.0059003
	speed: 0.1892s/iter; left time: 1062.0702s
	iters: 200, epoch: 7 | loss: 0.7367613
	speed: 0.0414s/iter; left time: 228.2745s
Epoch: 7 cost time: 10.387099504470825
Epoch: 7, Steps: 238 | Train Loss: 0.7146104 Vali Loss: 0.6951461 Test Loss: 0.7780973
Validation loss decreased (0.695156 --> 0.695146).  Saving model ...
Updating learning rate to 1.5625e-06
	iters: 100, epoch: 8 | loss: 0.5889266
	speed: 0.1723s/iter; left time: 926.2032s
	iters: 200, epoch: 8 | loss: 0.7544083
	speed: 0.0391s/iter; left time: 206.4711s
Epoch: 8 cost time: 9.95905613899231
Epoch: 8, Steps: 238 | Train Loss: 0.7145858 Vali Loss: 0.6945328 Test Loss: 0.7780923
Validation loss decreased (0.695146 --> 0.694533).  Saving model ...
Updating learning rate to 7.8125e-07
	iters: 100, epoch: 9 | loss: 0.4690225
	speed: 0.1724s/iter; left time: 885.5658s
	iters: 200, epoch: 9 | loss: 0.6572131
	speed: 0.0384s/iter; left time: 193.3989s
Epoch: 9 cost time: 9.992113590240479
Epoch: 9, Steps: 238 | Train Loss: 0.7298136 Vali Loss: 0.6962261 Test Loss: 0.7788661
EarlyStopping counter: 1 out of 3
Updating learning rate to 3.90625e-07
	iters: 100, epoch: 10 | loss: 0.6034663
	speed: 0.1720s/iter; left time: 842.5857s
	iters: 200, epoch: 10 | loss: 1.2504706
	speed: 0.0393s/iter; left time: 188.5918s
Epoch: 10 cost time: 10.086513996124268
Epoch: 10, Steps: 238 | Train Loss: 0.7237808 Vali Loss: 0.6949298 Test Loss: 0.7793278
EarlyStopping counter: 2 out of 3
Updating learning rate to 1.953125e-07
	iters: 100, epoch: 11 | loss: 0.8524769
	speed: 0.1881s/iter; left time: 876.9010s
	iters: 200, epoch: 11 | loss: 0.8564258
	speed: 0.0443s/iter; left time: 202.1011s
Epoch: 11 cost time: 11.49948525428772
Epoch: 11, Steps: 238 | Train Loss: 0.7149802 Vali Loss: 0.6945077 Test Loss: 0.7795449
Validation loss decreased (0.694533 --> 0.694508).  Saving model ...
Updating learning rate to 9.765625e-08
	iters: 100, epoch: 12 | loss: 0.8968300
	speed: 0.1791s/iter; left time: 791.9996s
	iters: 200, epoch: 12 | loss: 0.7478048
	speed: 0.0403s/iter; left time: 174.4005s
Epoch: 12 cost time: 10.083174467086792
Epoch: 12, Steps: 238 | Train Loss: 0.7145642 Vali Loss: 0.6962466 Test Loss: 0.7793311
EarlyStopping counter: 1 out of 3
Updating learning rate to 4.8828125e-08
	iters: 100, epoch: 13 | loss: 0.7737747
	speed: 0.1738s/iter; left time: 727.4385s
	iters: 200, epoch: 13 | loss: 0.5317146
	speed: 0.0415s/iter; left time: 169.4412s
Epoch: 13 cost time: 10.317740201950073
Epoch: 13, Steps: 238 | Train Loss: 0.7143702 Vali Loss: 0.6953836 Test Loss: 0.7792655
EarlyStopping counter: 2 out of 3
Updating learning rate to 2.44140625e-08
	iters: 100, epoch: 14 | loss: 0.5363314
	speed: 0.1890s/iter; left time: 745.8673s
	iters: 200, epoch: 14 | loss: 0.6370749
	speed: 0.0458s/iter; left time: 176.1449s
Epoch: 14 cost time: 11.403814554214478
Epoch: 14, Steps: 238 | Train Loss: 0.7140053 Vali Loss: 0.6936784 Test Loss: 0.7792506
Validation loss decreased (0.694508 --> 0.693678).  Saving model ...
Updating learning rate to 1.220703125e-08
	iters: 100, epoch: 15 | loss: 0.6377079
	speed: 0.1752s/iter; left time: 649.9048s
	iters: 200, epoch: 15 | loss: 0.9139495
	speed: 0.0345s/iter; left time: 124.4323s
Epoch: 15 cost time: 9.104235172271729
Epoch: 15, Steps: 238 | Train Loss: 0.7140090 Vali Loss: 0.6963828 Test Loss: 0.7792475
EarlyStopping counter: 1 out of 3
Updating learning rate to 6.103515625e-09
	iters: 100, epoch: 16 | loss: 0.4526689
	speed: 0.1606s/iter; left time: 557.3778s
	iters: 200, epoch: 16 | loss: 0.8551423
	speed: 0.0353s/iter; left time: 118.9188s
Epoch: 16 cost time: 8.983575105667114
Epoch: 16, Steps: 238 | Train Loss: 0.7145381 Vali Loss: 0.6950962 Test Loss: 0.7792459
EarlyStopping counter: 2 out of 3
Updating learning rate to 3.0517578125e-09
	iters: 100, epoch: 17 | loss: 0.6149781
	speed: 0.1787s/iter; left time: 577.8332s
	iters: 200, epoch: 17 | loss: 0.5414713
	speed: 0.0437s/iter; left time: 136.8429s
Epoch: 17 cost time: 11.077218055725098
Epoch: 17, Steps: 238 | Train Loss: 0.7138829 Vali Loss: 0.6950067 Test Loss: 0.7792444
EarlyStopping counter: 3 out of 3
Early stopping
>>>>>>>testing : DLinear_ETTh2_336_720_DLinear_ETTh2_ftM_sl336_ll48_pl720_dm512_nh8_el2_dl1_df2048_fc3_ebtimeF_dtTrue_Exp_0<<<<<<<<<<<<<<<<<<<<<<<<<<<<<<<<<
test 2161
mse:0.7778247594833374, mae:0.6277464032173157
