Args in experiment:
Namespace(is_training=1, train_only=False, model_id='DLinear_ETTh1_192_96', model='DLinear', data='ETTh1', root_path='./dataset/', data_path='ETTh1.csv', features='M', target='OT', freq='h', checkpoints='./checkpoints/', seq_len=192, label_len=48, pred_len=96, individual=False, embed_type=0, enc_in=7, dec_in=7, c_out=7, d_model=512, n_heads=8, e_layers=2, d_layers=1, d_ff=2048, moving_avg=25, factor=3, distil=True, dropout=0.05, embed='timeF', activation='gelu', output_attention=False, do_predict=False, num_workers=10, itr=1, train_epochs=30, batch_size=32, patience=3, learning_rate=0.0001, des='Exp', loss='mse', lradj='type1', use_amp=False, use_gpu=True, gpu=0, use_multi_gpu=False, devices='0,1,2,3', test_flop=False)
Use GPU: cuda:0
>>>>>>>start training : DLinear_ETTh1_192_96_DLinear_ETTh1_ftM_sl192_ll48_pl96_dm512_nh8_el2_dl1_df2048_fc3_ebtimeF_dtTrue_Exp_0>>>>>>>>>>>>>>>>>>>>>>>>>>
train 8353
val 2785
test 2785
	iters: 100, epoch: 1 | loss: 0.6024095
	speed: 0.0462s/iter; left time: 358.5768s
	iters: 200, epoch: 1 | loss: 0.4375322
	speed: 0.0194s/iter; left time: 148.7216s
Epoch: 1 cost time: 7.928972482681274
Epoch: 1, Steps: 262 | Train Loss: 0.5897976 Vali Loss: 0.8611858 Test Loss: 0.4856746
Validation loss decreased (inf --> 0.861186).  Saving model ...
Updating learning rate to 0.0001
	iters: 100, epoch: 2 | loss: 0.4369223
	speed: 0.0865s/iter; left time: 648.3007s
	iters: 200, epoch: 2 | loss: 0.4408538
	speed: 0.0182s/iter; left time: 134.3867s
Epoch: 2 cost time: 5.672288179397583
Epoch: 2, Steps: 262 | Train Loss: 0.4127321 Vali Loss: 0.7598204 Test Loss: 0.4342948
Validation loss decreased (0.861186 --> 0.759820).  Saving model ...
Updating learning rate to 5e-05
	iters: 100, epoch: 3 | loss: 0.4215180
	speed: 0.0935s/iter; left time: 676.7060s
	iters: 200, epoch: 3 | loss: 0.3601235
	speed: 0.0200s/iter; left time: 142.8976s
Epoch: 3 cost time: 6.341371297836304
Epoch: 3, Steps: 262 | Train Loss: 0.3887225 Vali Loss: 0.7380787 Test Loss: 0.4213522
Validation loss decreased (0.759820 --> 0.738079).  Saving model ...
Updating learning rate to 2.5e-05
	iters: 100, epoch: 4 | loss: 0.3984121
	speed: 0.0895s/iter; left time: 624.3031s
	iters: 200, epoch: 4 | loss: 0.3654309
	speed: 0.0192s/iter; left time: 132.0821s
Epoch: 4 cost time: 6.116538763046265
Epoch: 4, Steps: 262 | Train Loss: 0.3810752 Vali Loss: 0.7282462 Test Loss: 0.4170436
Validation loss decreased (0.738079 --> 0.728246).  Saving model ...
Updating learning rate to 1.25e-05
	iters: 100, epoch: 5 | loss: 0.3530360
	speed: 0.0865s/iter; left time: 580.6864s
	iters: 200, epoch: 5 | loss: 0.4284251
	speed: 0.0181s/iter; left time: 119.6181s
Epoch: 5 cost time: 5.5117433071136475
Epoch: 5, Steps: 262 | Train Loss: 0.3772285 Vali Loss: 0.7207816 Test Loss: 0.4151682
Validation loss decreased (0.728246 --> 0.720782).  Saving model ...
Updating learning rate to 6.25e-06
	iters: 100, epoch: 6 | loss: 0.3948970
	speed: 0.0810s/iter; left time: 522.6019s
	iters: 200, epoch: 6 | loss: 0.3571842
	speed: 0.0195s/iter; left time: 124.1148s
Epoch: 6 cost time: 5.852542161941528
Epoch: 6, Steps: 262 | Train Loss: 0.3756118 Vali Loss: 0.7298321 Test Loss: 0.4135943
EarlyStopping counter: 1 out of 3
Updating learning rate to 3.125e-06
	iters: 100, epoch: 7 | loss: 0.3518920
	speed: 0.0783s/iter; left time: 484.7977s
	iters: 200, epoch: 7 | loss: 0.3087580
	speed: 0.0175s/iter; left time: 106.5776s
Epoch: 7 cost time: 5.239170789718628
Epoch: 7, Steps: 262 | Train Loss: 0.3746286 Vali Loss: 0.7269309 Test Loss: 0.4132516
EarlyStopping counter: 2 out of 3
Updating learning rate to 1.5625e-06
	iters: 100, epoch: 8 | loss: 0.3015457
	speed: 0.0764s/iter; left time: 452.8919s
	iters: 200, epoch: 8 | loss: 0.3946354
	speed: 0.0165s/iter; left time: 96.0434s
Epoch: 8 cost time: 5.050954103469849
Epoch: 8, Steps: 262 | Train Loss: 0.3742481 Vali Loss: 0.7193876 Test Loss: 0.4129866
Validation loss decreased (0.720782 --> 0.719388).  Saving model ...
Updating learning rate to 7.8125e-07
	iters: 100, epoch: 9 | loss: 0.3945790
	speed: 0.0762s/iter; left time: 431.4451s
	iters: 200, epoch: 9 | loss: 0.3981676
	speed: 0.0167s/iter; left time: 92.9872s
Epoch: 9 cost time: 5.231996536254883
Epoch: 9, Steps: 262 | Train Loss: 0.3741880 Vali Loss: 0.7208679 Test Loss: 0.4128451
EarlyStopping counter: 1 out of 3
Updating learning rate to 3.90625e-07
	iters: 100, epoch: 10 | loss: 0.3656997
	speed: 0.0780s/iter; left time: 421.6392s
	iters: 200, epoch: 10 | loss: 0.4063705
	speed: 0.0162s/iter; left time: 85.8565s
Epoch: 10 cost time: 5.196394443511963
Epoch: 10, Steps: 262 | Train Loss: 0.3739808 Vali Loss: 0.7600712 Test Loss: 0.4127769
EarlyStopping counter: 2 out of 3
Updating learning rate to 1.953125e-07
	iters: 100, epoch: 11 | loss: 0.3702016
	speed: 0.0785s/iter; left time: 403.8006s
	iters: 200, epoch: 11 | loss: 0.3848435
	speed: 0.0166s/iter; left time: 83.8508s
Epoch: 11 cost time: 5.338780641555786
Epoch: 11, Steps: 262 | Train Loss: 0.3733128 Vali Loss: 0.7208175 Test Loss: 0.4127426
EarlyStopping counter: 3 out of 3
Early stopping
>>>>>>>testing : DLinear_ETTh1_192_96_DLinear_ETTh1_ftM_sl192_ll48_pl96_dm512_nh8_el2_dl1_df2048_fc3_ebtimeF_dtTrue_Exp_0<<<<<<<<<<<<<<<<<<<<<<<<<<<<<<<<<
test 2785
mse:0.4126564860343933, mae:0.4256424903869629
