Args in experiment:
Namespace(is_training=1, train_only=False, model_id='DLinear_ETTh2_336_336', model='DLinear', data='ETTh2', root_path='./dataset/', data_path='ETTh2.csv', features='M', target='OT', freq='h', checkpoints='./checkpoints/', seq_len=336, label_len=48, pred_len=336, individual=False, embed_type=0, enc_in=7, dec_in=7, c_out=7, d_model=512, n_heads=8, e_layers=2, d_layers=1, d_ff=2048, moving_avg=25, factor=3, distil=True, dropout=0.05, embed='timeF', activation='gelu', output_attention=False, do_predict=False, num_workers=10, itr=1, train_epochs=30, batch_size=32, patience=3, learning_rate=0.0001, des='Exp', loss='mse', lradj='type1', use_amp=False, use_gpu=True, gpu=0, use_multi_gpu=False, devices='0,1,2,3', test_flop=False)
Use GPU: cuda:0
>>>>>>>start training : DLinear_ETTh2_336_336_DLinear_ETTh2_ftM_sl336_ll48_pl336_dm512_nh8_el2_dl1_df2048_fc3_ebtimeF_dtTrue_Exp_0>>>>>>>>>>>>>>>>>>>>>>>>>>
train 7969
val 2545
test 2545
	iters: 100, epoch: 1 | loss: 0.9192742
	speed: 0.0656s/iter; left time: 485.7954s
	iters: 200, epoch: 1 | loss: 0.6106013
	speed: 0.0406s/iter; left time: 296.1307s
Epoch: 1 cost time: 12.773753643035889
Epoch: 1, Steps: 250 | Train Loss: 0.7030537 Vali Loss: 0.4662676 Test Loss: 0.5583223
Validation loss decreased (inf --> 0.466268).  Saving model ...
Updating learning rate to 0.0001
	iters: 100, epoch: 2 | loss: 0.4356273
	speed: 0.2108s/iter; left time: 1507.6394s
	iters: 200, epoch: 2 | loss: 0.5441900
	speed: 0.0436s/iter; left time: 307.2277s
Epoch: 2 cost time: 11.522671699523926
Epoch: 2, Steps: 250 | Train Loss: 0.6094896 Vali Loss: 0.4449850 Test Loss: 0.5494291
Validation loss decreased (0.466268 --> 0.444985).  Saving model ...
Updating learning rate to 5e-05
	iters: 100, epoch: 3 | loss: 0.3406418
	speed: 0.2344s/iter; left time: 1617.5566s
	iters: 200, epoch: 3 | loss: 0.4472310
	speed: 0.0483s/iter; left time: 328.1949s
Epoch: 3 cost time: 13.239214897155762
Epoch: 3, Steps: 250 | Train Loss: 0.6021755 Vali Loss: 0.4403802 Test Loss: 0.5357706
Validation loss decreased (0.444985 --> 0.440380).  Saving model ...
Updating learning rate to 2.5e-05
	iters: 100, epoch: 4 | loss: 0.6813356
	speed: 0.2452s/iter; left time: 1631.0450s
	iters: 200, epoch: 4 | loss: 0.5090609
	speed: 0.0503s/iter; left time: 329.2339s
Epoch: 4 cost time: 12.883655548095703
Epoch: 4, Steps: 250 | Train Loss: 0.5933199 Vali Loss: 0.4322301 Test Loss: 0.5157036
Validation loss decreased (0.440380 --> 0.432230).  Saving model ...
Updating learning rate to 1.25e-05
	iters: 100, epoch: 5 | loss: 0.4344885
	speed: 0.2495s/iter; left time: 1597.1348s
	iters: 200, epoch: 5 | loss: 0.5204137
	speed: 0.0491s/iter; left time: 309.3230s
Epoch: 5 cost time: 13.186032772064209
Epoch: 5, Steps: 250 | Train Loss: 0.5872300 Vali Loss: 0.4295518 Test Loss: 0.5093226
Validation loss decreased (0.432230 --> 0.429552).  Saving model ...
Updating learning rate to 6.25e-06
	iters: 100, epoch: 6 | loss: 0.6322949
	speed: 0.2195s/iter; left time: 1350.2184s
	iters: 200, epoch: 6 | loss: 0.5992861
	speed: 0.0409s/iter; left time: 247.5700s
Epoch: 6 cost time: 10.795147895812988
Epoch: 6, Steps: 250 | Train Loss: 0.5864843 Vali Loss: 0.4324630 Test Loss: 0.5182745
EarlyStopping counter: 1 out of 3
Updating learning rate to 3.125e-06
	iters: 100, epoch: 7 | loss: 0.3849147
	speed: 0.1767s/iter; left time: 1042.7352s
	iters: 200, epoch: 7 | loss: 0.5879524
	speed: 0.0342s/iter; left time: 198.5941s
Epoch: 7 cost time: 9.259121179580688
Epoch: 7, Steps: 250 | Train Loss: 0.5885630 Vali Loss: 0.4323385 Test Loss: 0.5179122
EarlyStopping counter: 2 out of 3
Updating learning rate to 1.5625e-06
	iters: 100, epoch: 8 | loss: 0.3590747
	speed: 0.1773s/iter; left time: 1001.9283s
	iters: 200, epoch: 8 | loss: 0.4325603
	speed: 0.0378s/iter; left time: 209.7903s
Epoch: 8 cost time: 11.072099447250366
Epoch: 8, Steps: 250 | Train Loss: 0.5855638 Vali Loss: 0.4315104 Test Loss: 0.5162221
EarlyStopping counter: 3 out of 3
Early stopping
>>>>>>>testing : DLinear_ETTh2_336_336_DLinear_ETTh2_ftM_sl336_ll48_pl336_dm512_nh8_el2_dl1_df2048_fc3_ebtimeF_dtTrue_Exp_0<<<<<<<<<<<<<<<<<<<<<<<<<<<<<<<<<
test 2545
mse:0.5054559111595154, mae:0.49538928270339966
