Args in experiment:
Namespace(is_training=1, train_only=False, model_id='DLinear_ETTh1_192_336', model='DLinear', data='ETTh1', root_path='./dataset/', data_path='ETTh1.csv', features='M', target='OT', freq='h', checkpoints='./checkpoints/', seq_len=192, label_len=48, pred_len=336, individual=False, embed_type=0, enc_in=7, dec_in=7, c_out=7, d_model=512, n_heads=8, e_layers=2, d_layers=1, d_ff=2048, moving_avg=25, factor=3, distil=True, dropout=0.05, embed='timeF', activation='gelu', output_attention=False, do_predict=False, num_workers=10, itr=1, train_epochs=30, batch_size=32, patience=3, learning_rate=0.0001, des='Exp', loss='mse', lradj='type1', use_amp=False, use_gpu=True, gpu=0, use_multi_gpu=False, devices='0,1,2,3', test_flop=False)
Use GPU: cuda:0
>>>>>>>start training : DLinear_ETTh1_192_336_DLinear_ETTh1_ftM_sl192_ll48_pl336_dm512_nh8_el2_dl1_df2048_fc3_ebtimeF_dtTrue_Exp_0>>>>>>>>>>>>>>>>>>>>>>>>>>
train 8113
val 2545
test 2545
	iters: 100, epoch: 1 | loss: 0.6209126
	speed: 0.0539s/iter; left time: 405.7317s
	iters: 200, epoch: 1 | loss: 0.4958400
	speed: 0.0340s/iter; left time: 252.2915s
Epoch: 1 cost time: 10.72873044013977
Epoch: 1, Steps: 254 | Train Loss: 0.6519551 Vali Loss: 1.2216403 Test Loss: 0.5464067
Validation loss decreased (inf --> 1.221640).  Saving model ...
Updating learning rate to 0.0001
	iters: 100, epoch: 2 | loss: 0.5843310
	speed: 0.1792s/iter; left time: 1302.3133s
	iters: 200, epoch: 2 | loss: 0.4849698
	speed: 0.0325s/iter; left time: 232.9592s
Epoch: 2 cost time: 9.23443603515625
Epoch: 2, Steps: 254 | Train Loss: 0.5050415 Vali Loss: 1.1690085 Test Loss: 0.5016690
Validation loss decreased (1.221640 --> 1.169008).  Saving model ...
Updating learning rate to 5e-05
	iters: 100, epoch: 3 | loss: 0.5188363
	speed: 0.1787s/iter; left time: 1252.8943s
	iters: 200, epoch: 3 | loss: 0.4426720
	speed: 0.0340s/iter; left time: 235.2337s
Epoch: 3 cost time: 8.933993339538574
Epoch: 3, Steps: 254 | Train Loss: 0.4851215 Vali Loss: 1.1499357 Test Loss: 0.4919553
Validation loss decreased (1.169008 --> 1.149936).  Saving model ...
Updating learning rate to 2.5e-05
	iters: 100, epoch: 4 | loss: 0.4328492
	speed: 0.1572s/iter; left time: 1062.1796s
	iters: 200, epoch: 4 | loss: 0.5061837
	speed: 0.0238s/iter; left time: 158.7159s
Epoch: 4 cost time: 7.056236982345581
Epoch: 4, Steps: 254 | Train Loss: 0.4787670 Vali Loss: 1.1321226 Test Loss: 0.4899229
Validation loss decreased (1.149936 --> 1.132123).  Saving model ...
Updating learning rate to 1.25e-05
	iters: 100, epoch: 5 | loss: 0.4355173
	speed: 0.1147s/iter; left time: 746.1505s
	iters: 200, epoch: 5 | loss: 0.4559419
	speed: 0.0264s/iter; left time: 169.3424s
Epoch: 5 cost time: 7.28166127204895
Epoch: 5, Steps: 254 | Train Loss: 0.4757792 Vali Loss: 1.1366602 Test Loss: 0.4864964
EarlyStopping counter: 1 out of 3
Updating learning rate to 6.25e-06
	iters: 100, epoch: 6 | loss: 0.4938908
	speed: 0.1189s/iter; left time: 743.5096s
	iters: 200, epoch: 6 | loss: 0.4729092
	speed: 0.0224s/iter; left time: 137.9678s
Epoch: 6 cost time: 6.506592273712158
Epoch: 6, Steps: 254 | Train Loss: 0.4742651 Vali Loss: 1.1347424 Test Loss: 0.4857685
EarlyStopping counter: 2 out of 3
Updating learning rate to 3.125e-06
	iters: 100, epoch: 7 | loss: 0.4975685
	speed: 0.1148s/iter; left time: 688.7207s
	iters: 200, epoch: 7 | loss: 0.4923617
	speed: 0.0231s/iter; left time: 136.3409s
Epoch: 7 cost time: 6.5670506954193115
Epoch: 7, Steps: 254 | Train Loss: 0.4737128 Vali Loss: 1.1346406 Test Loss: 0.4852946
EarlyStopping counter: 3 out of 3
Early stopping
>>>>>>>testing : DLinear_ETTh1_192_336_DLinear_ETTh1_ftM_sl192_ll48_pl336_dm512_nh8_el2_dl1_df2048_fc3_ebtimeF_dtTrue_Exp_0<<<<<<<<<<<<<<<<<<<<<<<<<<<<<<<<<
test 2545
mse:0.4897232949733734, mae:0.473161906003952
