Args in experiment:
Namespace(is_training=1, train_only=False, model_id='DLinear_ETTm2_192_192', model='DLinear', data='ETTm2', root_path='./dataset/', data_path='ETTm2.csv', features='M', target='OT', freq='h', checkpoints='./checkpoints/', seq_len=192, label_len=48, pred_len=192, individual=False, embed_type=0, enc_in=7, dec_in=7, c_out=7, d_model=512, n_heads=8, e_layers=2, d_layers=1, d_ff=2048, moving_avg=25, factor=3, distil=True, dropout=0.05, embed='timeF', activation='gelu', output_attention=False, do_predict=False, num_workers=10, itr=1, train_epochs=30, batch_size=32, patience=3, learning_rate=0.0001, des='Exp', loss='mse', lradj='type1', use_amp=False, use_gpu=True, gpu=0, use_multi_gpu=False, devices='0,1,2,3', test_flop=False)
Use GPU: cuda:0
>>>>>>>start training : DLinear_ETTm2_192_192_DLinear_ETTm2_ftM_sl192_ll48_pl192_dm512_nh8_el2_dl1_df2048_fc3_ebtimeF_dtTrue_Exp_0>>>>>>>>>>>>>>>>>>>>>>>>>>
train 34177
val 11329
test 11329
	iters: 100, epoch: 1 | loss: 0.2639205
	speed: 0.0521s/iter; left time: 1664.4587s
	iters: 200, epoch: 1 | loss: 0.2828970
	speed: 0.0298s/iter; left time: 949.4671s
	iters: 300, epoch: 1 | loss: 0.2241124
	speed: 0.0294s/iter; left time: 933.9784s
	iters: 400, epoch: 1 | loss: 0.5348123
	speed: 0.0311s/iter; left time: 985.8786s
	iters: 500, epoch: 1 | loss: 0.3226529
	speed: 0.0302s/iter; left time: 953.2480s
	iters: 600, epoch: 1 | loss: 0.3749260
	speed: 0.0289s/iter; left time: 909.7987s
	iters: 700, epoch: 1 | loss: 0.2427192
	speed: 0.0286s/iter; left time: 898.0120s
	iters: 800, epoch: 1 | loss: 0.3697183
	speed: 0.0289s/iter; left time: 902.7055s
	iters: 900, epoch: 1 | loss: 0.2639739
	speed: 0.0291s/iter; left time: 906.3701s
	iters: 1000, epoch: 1 | loss: 0.2713982
	speed: 0.0290s/iter; left time: 900.2959s
Epoch: 1 cost time: 33.82737350463867
Epoch: 1, Steps: 1069 | Train Loss: 0.3839542 Vali Loss: 0.1951851 Test Loss: 0.2953162
Validation loss decreased (inf --> 0.195185).  Saving model ...
Updating learning rate to 0.0001
	iters: 100, epoch: 2 | loss: 0.5026477
	speed: 0.5009s/iter; left time: 15478.1274s
	iters: 200, epoch: 2 | loss: 0.1642357
	speed: 0.0246s/iter; left time: 758.7598s
	iters: 300, epoch: 2 | loss: 0.3961749
	speed: 0.0234s/iter; left time: 717.4241s
	iters: 400, epoch: 2 | loss: 0.3025555
	speed: 0.0233s/iter; left time: 712.5040s
	iters: 500, epoch: 2 | loss: 0.3361255
	speed: 0.0223s/iter; left time: 678.8993s
	iters: 600, epoch: 2 | loss: 0.1628291
	speed: 0.0230s/iter; left time: 699.0190s
	iters: 700, epoch: 2 | loss: 0.2216920
	speed: 0.0226s/iter; left time: 683.6792s
	iters: 800, epoch: 2 | loss: 0.2984434
	speed: 0.0228s/iter; left time: 689.6182s
	iters: 900, epoch: 2 | loss: 0.3331620
	speed: 0.0231s/iter; left time: 694.7118s
	iters: 1000, epoch: 2 | loss: 0.4920848
	speed: 0.0234s/iter; left time: 702.2177s
Epoch: 2 cost time: 25.68437385559082
Epoch: 2, Steps: 1069 | Train Loss: 0.3155019 Vali Loss: 0.1872149 Test Loss: 0.2848414
Validation loss decreased (0.195185 --> 0.187215).  Saving model ...
Updating learning rate to 5e-05
	iters: 100, epoch: 3 | loss: 0.1975286
	speed: 0.5227s/iter; left time: 15593.8770s
	iters: 200, epoch: 3 | loss: 0.5088920
	speed: 0.0229s/iter; left time: 681.9003s
	iters: 300, epoch: 3 | loss: 0.4369260
	speed: 0.0239s/iter; left time: 709.1784s
	iters: 400, epoch: 3 | loss: 0.2104425
	speed: 0.0217s/iter; left time: 642.1413s
	iters: 500, epoch: 3 | loss: 0.3265435
	speed: 0.0218s/iter; left time: 640.8898s
	iters: 600, epoch: 3 | loss: 0.3209249
	speed: 0.0210s/iter; left time: 615.8823s
	iters: 700, epoch: 3 | loss: 0.8692865
	speed: 0.0227s/iter; left time: 663.8890s
	iters: 800, epoch: 3 | loss: 0.1793377
	speed: 0.0225s/iter; left time: 656.7789s
	iters: 900, epoch: 3 | loss: 0.4803775
	speed: 0.0219s/iter; left time: 636.2905s
	iters: 1000, epoch: 3 | loss: 0.5333472
	speed: 0.0227s/iter; left time: 657.3617s
Epoch: 3 cost time: 24.449164867401123
Epoch: 3, Steps: 1069 | Train Loss: 0.3092594 Vali Loss: 0.1946989 Test Loss: 0.3031600
EarlyStopping counter: 1 out of 3
Updating learning rate to 2.5e-05
	iters: 100, epoch: 4 | loss: 0.3352320
	speed: 0.3854s/iter; left time: 11086.6409s
	iters: 200, epoch: 4 | loss: 0.1799689
	speed: 0.0214s/iter; left time: 614.3678s
	iters: 300, epoch: 4 | loss: 0.2212568
	speed: 0.0225s/iter; left time: 643.2045s
	iters: 400, epoch: 4 | loss: 0.2365878
	speed: 0.0219s/iter; left time: 622.2576s
	iters: 500, epoch: 4 | loss: 0.2176309
	speed: 0.0219s/iter; left time: 620.6044s
	iters: 600, epoch: 4 | loss: 0.2828837
	speed: 0.0209s/iter; left time: 592.0943s
	iters: 700, epoch: 4 | loss: 0.3876590
	speed: 0.0175s/iter; left time: 492.0069s
	iters: 800, epoch: 4 | loss: 0.2405829
	speed: 0.0223s/iter; left time: 626.7974s
	iters: 900, epoch: 4 | loss: 0.1985129
	speed: 0.0182s/iter; left time: 509.4370s
	iters: 1000, epoch: 4 | loss: 0.2792149
	speed: 0.0177s/iter; left time: 493.4487s
Epoch: 4 cost time: 23.283956050872803
Epoch: 4, Steps: 1069 | Train Loss: 0.3076852 Vali Loss: 0.1865284 Test Loss: 0.2833102
Validation loss decreased (0.187215 --> 0.186528).  Saving model ...
Updating learning rate to 1.25e-05
	iters: 100, epoch: 5 | loss: 0.2544222
	speed: 0.4610s/iter; left time: 12766.3252s
	iters: 200, epoch: 5 | loss: 0.5911006
	speed: 0.0275s/iter; left time: 758.4343s
	iters: 300, epoch: 5 | loss: 0.4087825
	speed: 0.0264s/iter; left time: 726.2143s
	iters: 400, epoch: 5 | loss: 0.3322634
	speed: 0.0267s/iter; left time: 731.1796s
	iters: 500, epoch: 5 | loss: 0.1702403
	speed: 0.0240s/iter; left time: 654.4551s
	iters: 600, epoch: 5 | loss: 0.6626391
	speed: 0.0232s/iter; left time: 632.0566s
	iters: 700, epoch: 5 | loss: 0.7696548
	speed: 0.0224s/iter; left time: 605.7398s
	iters: 800, epoch: 5 | loss: 0.3428027
	speed: 0.0229s/iter; left time: 619.2765s
	iters: 900, epoch: 5 | loss: 0.2969093
	speed: 0.0226s/iter; left time: 606.5273s
	iters: 1000, epoch: 5 | loss: 0.2145385
	speed: 0.0222s/iter; left time: 593.8594s
Epoch: 5 cost time: 26.84968328475952
Epoch: 5, Steps: 1069 | Train Loss: 0.3066452 Vali Loss: 0.1821039 Test Loss: 0.2748683
Validation loss decreased (0.186528 --> 0.182104).  Saving model ...
Updating learning rate to 6.25e-06
	iters: 100, epoch: 6 | loss: 0.4011588
	speed: 0.4647s/iter; left time: 12374.1841s
	iters: 200, epoch: 6 | loss: 0.8970413
	speed: 0.0264s/iter; left time: 699.0983s
	iters: 300, epoch: 6 | loss: 0.1897048
	speed: 0.0255s/iter; left time: 673.7852s
	iters: 400, epoch: 6 | loss: 0.5638282
	speed: 0.0273s/iter; left time: 717.9541s
	iters: 500, epoch: 6 | loss: 0.2950675
	speed: 0.0251s/iter; left time: 659.1532s
	iters: 600, epoch: 6 | loss: 0.2974835
	speed: 0.0245s/iter; left time: 639.3542s
	iters: 700, epoch: 6 | loss: 0.2603455
	speed: 0.0262s/iter; left time: 682.0752s
	iters: 800, epoch: 6 | loss: 0.2738041
	speed: 0.0253s/iter; left time: 656.5873s
	iters: 900, epoch: 6 | loss: 0.2769858
	speed: 0.0260s/iter; left time: 670.8823s
	iters: 1000, epoch: 6 | loss: 0.2648869
	speed: 0.0249s/iter; left time: 639.9414s
Epoch: 6 cost time: 28.46207594871521
Epoch: 6, Steps: 1069 | Train Loss: 0.3062268 Vali Loss: 0.1784110 Test Loss: 0.2654376
Validation loss decreased (0.182104 --> 0.178411).  Saving model ...
Updating learning rate to 3.125e-06
	iters: 100, epoch: 7 | loss: 0.2599019
	speed: 0.3691s/iter; left time: 9432.0596s
	iters: 200, epoch: 7 | loss: 0.1566686
	speed: 0.0198s/iter; left time: 505.2380s
	iters: 300, epoch: 7 | loss: 0.1693024
	speed: 0.0185s/iter; left time: 470.0652s
	iters: 400, epoch: 7 | loss: 0.2859657
	speed: 0.0175s/iter; left time: 442.2293s
	iters: 500, epoch: 7 | loss: 0.1138441
	speed: 0.0193s/iter; left time: 485.5988s
	iters: 600, epoch: 7 | loss: 0.2298702
	speed: 0.0185s/iter; left time: 463.4989s
	iters: 700, epoch: 7 | loss: 0.2639431
	speed: 0.0185s/iter; left time: 461.0861s
	iters: 800, epoch: 7 | loss: 0.2167123
	speed: 0.0178s/iter; left time: 441.8408s
	iters: 900, epoch: 7 | loss: 0.2801460
	speed: 0.0194s/iter; left time: 479.9083s
	iters: 1000, epoch: 7 | loss: 0.4592802
	speed: 0.0185s/iter; left time: 456.9141s
Epoch: 7 cost time: 20.861751317977905
Epoch: 7, Steps: 1069 | Train Loss: 0.3061431 Vali Loss: 0.1792165 Test Loss: 0.2680953
EarlyStopping counter: 1 out of 3
Updating learning rate to 1.5625e-06
	iters: 100, epoch: 8 | loss: 0.4107811
	speed: 0.3329s/iter; left time: 8153.1235s
	iters: 200, epoch: 8 | loss: 0.3153695
	speed: 0.0185s/iter; left time: 451.1125s
	iters: 300, epoch: 8 | loss: 0.2758690
	speed: 0.0185s/iter; left time: 448.4547s
	iters: 400, epoch: 8 | loss: 0.3152608
	speed: 0.0169s/iter; left time: 409.8634s
	iters: 500, epoch: 8 | loss: 0.3861723
	speed: 0.0205s/iter; left time: 492.7899s
	iters: 600, epoch: 8 | loss: 0.1945418
	speed: 0.0185s/iter; left time: 444.6113s
	iters: 700, epoch: 8 | loss: 0.2325487
	speed: 0.0177s/iter; left time: 423.6750s
	iters: 800, epoch: 8 | loss: 0.3228827
	speed: 0.0248s/iter; left time: 589.8610s
	iters: 900, epoch: 8 | loss: 0.1411574
	speed: 0.0237s/iter; left time: 560.5694s
	iters: 1000, epoch: 8 | loss: 0.2619975
	speed: 0.0214s/iter; left time: 504.4462s
Epoch: 8 cost time: 22.319888591766357
Epoch: 8, Steps: 1069 | Train Loss: 0.3059949 Vali Loss: 0.1796650 Test Loss: 0.2694709
EarlyStopping counter: 2 out of 3
Updating learning rate to 7.8125e-07
	iters: 100, epoch: 9 | loss: 0.3992374
	speed: 0.4349s/iter; left time: 10183.9135s
	iters: 200, epoch: 9 | loss: 0.5225763
	speed: 0.0252s/iter; left time: 587.4625s
	iters: 300, epoch: 9 | loss: 0.3505524
	speed: 0.0261s/iter; left time: 606.3598s
	iters: 400, epoch: 9 | loss: 0.3838248
	speed: 0.0248s/iter; left time: 573.1604s
	iters: 500, epoch: 9 | loss: 0.6091043
	speed: 0.0247s/iter; left time: 569.6154s
	iters: 600, epoch: 9 | loss: 0.2817245
	speed: 0.0262s/iter; left time: 599.3798s
	iters: 700, epoch: 9 | loss: 0.9928318
	speed: 0.0244s/iter; left time: 557.8526s
	iters: 800, epoch: 9 | loss: 0.1802713
	speed: 0.0241s/iter; left time: 547.1533s
	iters: 900, epoch: 9 | loss: 0.2682977
	speed: 0.0242s/iter; left time: 547.4258s
	iters: 1000, epoch: 9 | loss: 0.3437276
	speed: 0.0267s/iter; left time: 600.4345s
Epoch: 9 cost time: 27.93429183959961
Epoch: 9, Steps: 1069 | Train Loss: 0.3060715 Vali Loss: 0.1797969 Test Loss: 0.2696773
EarlyStopping counter: 3 out of 3
Early stopping
>>>>>>>testing : DLinear_ETTm2_192_192_DLinear_ETTm2_ftM_sl192_ll48_pl192_dm512_nh8_el2_dl1_df2048_fc3_ebtimeF_dtTrue_Exp_0<<<<<<<<<<<<<<<<<<<<<<<<<<<<<<<<<
test 11329
mse:0.26591959595680237, mae:0.34384390711784363
