Args in experiment:
Namespace(is_training=1, train_only=False, model_id='ETTm2_720_96', model='DLinear', data='ETTm2', root_path='./dataset/', data_path='ETTm2.csv', features='M', target='OT', freq='h', checkpoints='./checkpoints/', seq_len=720, label_len=48, pred_len=96, individual=False, embed_type=0, enc_in=7, dec_in=7, c_out=7, d_model=512, n_heads=8, e_layers=2, d_layers=1, d_ff=2048, moving_avg=25, factor=1, distil=True, dropout=0.05, embed='timeF', activation='gelu', output_attention=False, do_predict=False, num_workers=10, itr=1, train_epochs=10, batch_size=32, patience=3, learning_rate=0.001, des='Exp', loss='mse', lradj='type1', use_amp=False, use_gpu=True, gpu=7, use_multi_gpu=False, devices='0,1,2,3', test_flop=False)
Use GPU: cuda:7
>>>>>>>start training : ETTm2_720_96_DLinear_ETTm2_ftM_sl720_ll48_pl96_dm512_nh8_el2_dl1_df2048_fc1_ebtimeF_dtTrue_Exp_0>>>>>>>>>>>>>>>>>>>>>>>>>>
train 33745
val 11425
test 11425
	iters: 100, epoch: 1 | loss: 0.3652646
	speed: 0.0181s/iter; left time: 188.9945s
	iters: 200, epoch: 1 | loss: 0.4636700
	speed: 0.0064s/iter; left time: 66.1474s
	iters: 300, epoch: 1 | loss: 0.2453885
	speed: 0.0063s/iter; left time: 64.1989s
	iters: 400, epoch: 1 | loss: 0.3142952
	speed: 0.0065s/iter; left time: 66.3499s
	iters: 500, epoch: 1 | loss: 0.2519966
	speed: 0.0064s/iter; left time: 64.7247s
	iters: 600, epoch: 1 | loss: 0.1475191
	speed: 0.0068s/iter; left time: 67.6775s
	iters: 700, epoch: 1 | loss: 0.1372624
	speed: 0.0061s/iter; left time: 59.5715s
	iters: 800, epoch: 1 | loss: 0.1407739
	speed: 0.0067s/iter; left time: 64.8650s
	iters: 900, epoch: 1 | loss: 0.1476538
	speed: 0.0066s/iter; left time: 63.6912s
	iters: 1000, epoch: 1 | loss: 0.4144191
	speed: 0.0060s/iter; left time: 57.2022s
Epoch: 1 cost time: 7.98000431060791
Epoch: 1, Steps: 1054 | Train Loss: 0.2316973 Vali Loss: 0.1426741 Test Loss: 0.2166892
Validation loss decreased (inf --> 0.142674).  Saving model ...
Updating learning rate to 0.001
	iters: 100, epoch: 2 | loss: 0.2077979
	speed: 0.0641s/iter; left time: 601.6193s
	iters: 200, epoch: 2 | loss: 0.2378638
	speed: 0.0061s/iter; left time: 56.1990s
	iters: 300, epoch: 2 | loss: 0.1857611
	speed: 0.0060s/iter; left time: 54.9391s
	iters: 400, epoch: 2 | loss: 0.2278191
	speed: 0.0067s/iter; left time: 61.1473s
	iters: 500, epoch: 2 | loss: 0.3720155
	speed: 0.0066s/iter; left time: 59.5012s
	iters: 600, epoch: 2 | loss: 0.1538968
	speed: 0.0064s/iter; left time: 57.1974s
	iters: 700, epoch: 2 | loss: 0.1226535
	speed: 0.0071s/iter; left time: 62.1656s
	iters: 800, epoch: 2 | loss: 0.1993596
	speed: 0.0063s/iter; left time: 54.4272s
	iters: 900, epoch: 2 | loss: 0.3723703
	speed: 0.0063s/iter; left time: 54.4793s
	iters: 1000, epoch: 2 | loss: 0.2237662
	speed: 0.0066s/iter; left time: 55.6409s
Epoch: 2 cost time: 7.396116256713867
Epoch: 2, Steps: 1054 | Train Loss: 0.2264423 Vali Loss: 0.1286156 Test Loss: 0.1892313
Validation loss decreased (0.142674 --> 0.128616).  Saving model ...
Updating learning rate to 0.0005
	iters: 100, epoch: 3 | loss: 0.2056484
	speed: 0.0627s/iter; left time: 522.7168s
	iters: 200, epoch: 3 | loss: 0.1248639
	speed: 0.0063s/iter; left time: 52.0562s
	iters: 300, epoch: 3 | loss: 0.2394856
	speed: 0.0068s/iter; left time: 55.2565s
	iters: 400, epoch: 3 | loss: 0.1649693
	speed: 0.0063s/iter; left time: 50.8256s
	iters: 500, epoch: 3 | loss: 0.3476841
	speed: 0.0084s/iter; left time: 66.8203s
	iters: 600, epoch: 3 | loss: 0.1551040
	speed: 0.0079s/iter; left time: 61.7162s
	iters: 700, epoch: 3 | loss: 0.1736634
	speed: 0.0067s/iter; left time: 51.4641s
	iters: 800, epoch: 3 | loss: 0.0981390
	speed: 0.0059s/iter; left time: 44.9226s
	iters: 900, epoch: 3 | loss: 0.1733485
	speed: 0.0064s/iter; left time: 48.5335s
	iters: 1000, epoch: 3 | loss: 0.1363180
	speed: 0.0060s/iter; left time: 44.2730s
Epoch: 3 cost time: 7.550155878067017
Epoch: 3, Steps: 1054 | Train Loss: 0.2125421 Vali Loss: 0.1173074 Test Loss: 0.1685306
Validation loss decreased (0.128616 --> 0.117307).  Saving model ...
Updating learning rate to 0.00025
	iters: 100, epoch: 4 | loss: 0.1324023
	speed: 0.0611s/iter; left time: 444.9211s
	iters: 200, epoch: 4 | loss: 0.1945384
	speed: 0.0059s/iter; left time: 42.6158s
	iters: 300, epoch: 4 | loss: 0.2245090
	speed: 0.0065s/iter; left time: 45.6910s
	iters: 400, epoch: 4 | loss: 0.1128781
	speed: 0.0056s/iter; left time: 39.2733s
	iters: 500, epoch: 4 | loss: 0.1098791
	speed: 0.0057s/iter; left time: 39.5225s
	iters: 600, epoch: 4 | loss: 0.1387715
	speed: 0.0068s/iter; left time: 45.8173s
	iters: 700, epoch: 4 | loss: 0.1148860
	speed: 0.0062s/iter; left time: 41.6866s
	iters: 800, epoch: 4 | loss: 0.1742391
	speed: 0.0064s/iter; left time: 42.4147s
	iters: 900, epoch: 4 | loss: 0.2367923
	speed: 0.0069s/iter; left time: 44.7300s
	iters: 1000, epoch: 4 | loss: 0.1248225
	speed: 0.0066s/iter; left time: 41.9451s
Epoch: 4 cost time: 7.136740684509277
Epoch: 4, Steps: 1054 | Train Loss: 0.2077790 Vali Loss: 0.1460696 Test Loss: 0.2274864
EarlyStopping counter: 1 out of 3
Updating learning rate to 0.000125
	iters: 100, epoch: 5 | loss: 0.1795296
	speed: 0.0614s/iter; left time: 382.2222s
	iters: 200, epoch: 5 | loss: 0.1420254
	speed: 0.0090s/iter; left time: 55.2588s
	iters: 300, epoch: 5 | loss: 0.1368553
	speed: 0.0078s/iter; left time: 46.7506s
	iters: 400, epoch: 5 | loss: 0.4343906
	speed: 0.0062s/iter; left time: 36.7429s
	iters: 500, epoch: 5 | loss: 0.1508969
	speed: 0.0065s/iter; left time: 38.0293s
	iters: 600, epoch: 5 | loss: 0.1097324
	speed: 0.0068s/iter; left time: 39.1852s
	iters: 700, epoch: 5 | loss: 0.2795169
	speed: 0.0065s/iter; left time: 36.5898s
	iters: 800, epoch: 5 | loss: 0.2525116
	speed: 0.0069s/iter; left time: 37.9037s
	iters: 900, epoch: 5 | loss: 0.1047433
	speed: 0.0066s/iter; left time: 35.6394s
	iters: 1000, epoch: 5 | loss: 0.1186725
	speed: 0.0065s/iter; left time: 34.5828s
Epoch: 5 cost time: 7.745994329452515
Epoch: 5, Steps: 1054 | Train Loss: 0.2046272 Vali Loss: 0.1365291 Test Loss: 0.2067251
EarlyStopping counter: 2 out of 3
Updating learning rate to 6.25e-05
	iters: 100, epoch: 6 | loss: 0.1756522
	speed: 0.0640s/iter; left time: 330.9355s
	iters: 200, epoch: 6 | loss: 0.1383209
	speed: 0.0073s/iter; left time: 36.9201s
	iters: 300, epoch: 6 | loss: 0.1332778
	speed: 0.0067s/iter; left time: 33.1606s
	iters: 400, epoch: 6 | loss: 0.1854675
	speed: 0.0069s/iter; left time: 33.4567s
	iters: 500, epoch: 6 | loss: 0.3858472
	speed: 0.0064s/iter; left time: 30.4385s
	iters: 600, epoch: 6 | loss: 0.2867695
	speed: 0.0067s/iter; left time: 31.0790s
	iters: 700, epoch: 6 | loss: 0.1010855
	speed: 0.0069s/iter; left time: 31.3405s
	iters: 800, epoch: 6 | loss: 0.1243844
	speed: 0.0065s/iter; left time: 29.1267s
	iters: 900, epoch: 6 | loss: 0.1478367
	speed: 0.0062s/iter; left time: 27.2667s
	iters: 1000, epoch: 6 | loss: 0.1553598
	speed: 0.0073s/iter; left time: 31.3826s
Epoch: 6 cost time: 7.612577438354492
Epoch: 6, Steps: 1054 | Train Loss: 0.2027612 Vali Loss: 0.1148358 Test Loss: 0.1631725
Validation loss decreased (0.117307 --> 0.114836).  Saving model ...
Updating learning rate to 3.125e-05
	iters: 100, epoch: 7 | loss: 0.1540843
	speed: 0.0714s/iter; left time: 293.7795s
	iters: 200, epoch: 7 | loss: 0.2006422
	speed: 0.0062s/iter; left time: 24.8738s
	iters: 300, epoch: 7 | loss: 0.2535034
	speed: 0.0062s/iter; left time: 24.3178s
	iters: 400, epoch: 7 | loss: 0.2429171
	speed: 0.0069s/iter; left time: 26.4439s
	iters: 500, epoch: 7 | loss: 0.1917242
	speed: 0.0062s/iter; left time: 23.0986s
	iters: 600, epoch: 7 | loss: 0.2601371
	speed: 0.0062s/iter; left time: 22.5687s
	iters: 700, epoch: 7 | loss: 0.1461657
	speed: 0.0067s/iter; left time: 23.4088s
	iters: 800, epoch: 7 | loss: 0.1241907
	speed: 0.0068s/iter; left time: 23.1514s
	iters: 900, epoch: 7 | loss: 0.2623084
	speed: 0.0064s/iter; left time: 21.2746s
	iters: 1000, epoch: 7 | loss: 0.2616562
	speed: 0.0064s/iter; left time: 20.6039s
Epoch: 7 cost time: 7.410400152206421
Epoch: 7, Steps: 1054 | Train Loss: 0.2019016 Vali Loss: 0.1168128 Test Loss: 0.1660208
EarlyStopping counter: 1 out of 3
Updating learning rate to 1.5625e-05
	iters: 100, epoch: 8 | loss: 0.2941228
	speed: 0.0633s/iter; left time: 193.8740s
	iters: 200, epoch: 8 | loss: 0.4403559
	speed: 0.0072s/iter; left time: 21.3367s
	iters: 300, epoch: 8 | loss: 0.4093273
	speed: 0.0064s/iter; left time: 18.2360s
	iters: 400, epoch: 8 | loss: 0.3011144
	speed: 0.0067s/iter; left time: 18.5210s
	iters: 500, epoch: 8 | loss: 0.1339875
	speed: 0.0064s/iter; left time: 17.0115s
	iters: 600, epoch: 8 | loss: 0.1118526
	speed: 0.0062s/iter; left time: 15.7816s
	iters: 700, epoch: 8 | loss: 0.1711896
	speed: 0.0073s/iter; left time: 17.9190s
	iters: 800, epoch: 8 | loss: 0.2014163
	speed: 0.0064s/iter; left time: 15.1601s
	iters: 900, epoch: 8 | loss: 0.1662581
	speed: 0.0068s/iter; left time: 15.4453s
	iters: 1000, epoch: 8 | loss: 0.2077990
	speed: 0.0063s/iter; left time: 13.6341s
Epoch: 8 cost time: 7.4891746044158936
Epoch: 8, Steps: 1054 | Train Loss: 0.2015649 Vali Loss: 0.1176954 Test Loss: 0.1679215
EarlyStopping counter: 2 out of 3
Updating learning rate to 7.8125e-06
	iters: 100, epoch: 9 | loss: 0.1749545
	speed: 0.0632s/iter; left time: 126.9035s
	iters: 200, epoch: 9 | loss: 0.1791708
	speed: 0.0065s/iter; left time: 12.3861s
	iters: 300, epoch: 9 | loss: 0.1486256
	speed: 0.0067s/iter; left time: 12.1490s
	iters: 400, epoch: 9 | loss: 0.1348547
	speed: 0.0062s/iter; left time: 10.6178s
	iters: 500, epoch: 9 | loss: 0.3216703
	speed: 0.0067s/iter; left time: 10.7349s
	iters: 600, epoch: 9 | loss: 0.4766312
	speed: 0.0062s/iter; left time: 9.2936s
	iters: 700, epoch: 9 | loss: 0.1667336
	speed: 0.0065s/iter; left time: 9.1973s
	iters: 800, epoch: 9 | loss: 0.2240209
	speed: 0.0059s/iter; left time: 7.7769s
	iters: 900, epoch: 9 | loss: 0.1709519
	speed: 0.0064s/iter; left time: 7.6899s
	iters: 1000, epoch: 9 | loss: 0.2261026
	speed: 0.0065s/iter; left time: 7.2398s
Epoch: 9 cost time: 7.216283798217773
Epoch: 9, Steps: 1054 | Train Loss: 0.2012046 Vali Loss: 0.1169792 Test Loss: 0.1664728
EarlyStopping counter: 3 out of 3
Early stopping
>>>>>>>testing : ETTm2_720_96_DLinear_ETTm2_ftM_sl720_ll48_pl96_dm512_nh8_el2_dl1_df2048_fc1_ebtimeF_dtTrue_Exp_0<<<<<<<<<<<<<<<<<<<<<<<<<<<<<<<<<
test 11425
mse:0.16341805458068848, mae:0.2566758394241333
