Args in experiment:
Namespace(is_training=1, train_only=False, model_id='DLinear_ETTh1_336_192', model='DLinear', data='ETTh1', root_path='./dataset/', data_path='ETTh1.csv', features='M', target='OT', freq='h', checkpoints='./checkpoints/', seq_len=336, label_len=48, pred_len=192, individual=False, embed_type=0, enc_in=7, dec_in=7, c_out=7, d_model=512, n_heads=8, e_layers=2, d_layers=1, d_ff=2048, moving_avg=25, factor=3, distil=True, dropout=0.05, embed='timeF', activation='gelu', output_attention=False, do_predict=False, num_workers=10, itr=1, train_epochs=30, batch_size=32, patience=3, learning_rate=0.0001, des='Exp', loss='mse', lradj='type1', use_amp=False, use_gpu=True, gpu=0, use_multi_gpu=False, devices='0,1,2,3', test_flop=False)
Use GPU: cuda:0
>>>>>>>start training : DLinear_ETTh1_336_192_DLinear_ETTh1_ftM_sl336_ll48_pl192_dm512_nh8_el2_dl1_df2048_fc3_ebtimeF_dtTrue_Exp_0>>>>>>>>>>>>>>>>>>>>>>>>>>
train 8113
val 2689
test 2689
	iters: 100, epoch: 1 | loss: 0.4991389
	speed: 0.0668s/iter; left time: 502.7144s
	iters: 200, epoch: 1 | loss: 0.4531241
	speed: 0.0409s/iter; left time: 303.2243s
Epoch: 1 cost time: 13.066856384277344
Epoch: 1, Steps: 254 | Train Loss: 0.5561807 Vali Loss: 1.0038667 Test Loss: 0.4824059
Validation loss decreased (inf --> 1.003867).  Saving model ...
Updating learning rate to 0.0001
	iters: 100, epoch: 2 | loss: 0.4144334
	speed: 0.2353s/iter; left time: 1710.0381s
	iters: 200, epoch: 2 | loss: 0.4714006
	speed: 0.0415s/iter; left time: 297.3657s
Epoch: 2 cost time: 11.38934063911438
Epoch: 2, Steps: 254 | Train Loss: 0.4400729 Vali Loss: 0.9350607 Test Loss: 0.4475054
Validation loss decreased (1.003867 --> 0.935061).  Saving model ...
Updating learning rate to 5e-05
	iters: 100, epoch: 3 | loss: 0.3957698
	speed: 0.2266s/iter; left time: 1589.0447s
	iters: 200, epoch: 3 | loss: 0.4046597
	speed: 0.0362s/iter; left time: 250.4348s
Epoch: 3 cost time: 9.877140045166016
Epoch: 3, Steps: 254 | Train Loss: 0.4213896 Vali Loss: 0.9218407 Test Loss: 0.4397465
Validation loss decreased (0.935061 --> 0.921841).  Saving model ...
Updating learning rate to 2.5e-05
	iters: 100, epoch: 4 | loss: 0.4441431
	speed: 0.2080s/iter; left time: 1405.6643s
	iters: 200, epoch: 4 | loss: 0.4376798
	speed: 0.0362s/iter; left time: 241.0922s
Epoch: 4 cost time: 9.912689924240112
Epoch: 4, Steps: 254 | Train Loss: 0.4153667 Vali Loss: 0.9180057 Test Loss: 0.4354423
Validation loss decreased (0.921841 --> 0.918006).  Saving model ...
Updating learning rate to 1.25e-05
	iters: 100, epoch: 5 | loss: 0.3874623
	speed: 0.2041s/iter; left time: 1327.5100s
	iters: 200, epoch: 5 | loss: 0.4062971
	speed: 0.0368s/iter; left time: 235.6533s
Epoch: 5 cost time: 10.013410568237305
Epoch: 5, Steps: 254 | Train Loss: 0.4129178 Vali Loss: 0.9254844 Test Loss: 0.4337180
EarlyStopping counter: 1 out of 3
Updating learning rate to 6.25e-06
	iters: 100, epoch: 6 | loss: 0.3611111
	speed: 0.2009s/iter; left time: 1255.9517s
	iters: 200, epoch: 6 | loss: 0.3855659
	speed: 0.0323s/iter; left time: 198.8597s
Epoch: 6 cost time: 8.64797067642212
Epoch: 6, Steps: 254 | Train Loss: 0.4114557 Vali Loss: 0.9079471 Test Loss: 0.4329664
Validation loss decreased (0.918006 --> 0.907947).  Saving model ...
Updating learning rate to 3.125e-06
	iters: 100, epoch: 7 | loss: 0.4081034
	speed: 0.1649s/iter; left time: 988.8120s
	iters: 200, epoch: 7 | loss: 0.4289248
	speed: 0.0322s/iter; left time: 190.0745s
Epoch: 7 cost time: 8.308197975158691
Epoch: 7, Steps: 254 | Train Loss: 0.4109527 Vali Loss: 0.9144763 Test Loss: 0.4329078
EarlyStopping counter: 1 out of 3
Updating learning rate to 1.5625e-06
	iters: 100, epoch: 8 | loss: 0.4090380
	speed: 0.1663s/iter; left time: 954.8489s
	iters: 200, epoch: 8 | loss: 0.3819990
	speed: 0.0269s/iter; left time: 151.9299s
Epoch: 8 cost time: 7.802131414413452
Epoch: 8, Steps: 254 | Train Loss: 0.4107130 Vali Loss: 0.9168537 Test Loss: 0.4327061
EarlyStopping counter: 2 out of 3
Updating learning rate to 7.8125e-07
	iters: 100, epoch: 9 | loss: 0.3853513
	speed: 0.1471s/iter; left time: 807.3223s
	iters: 200, epoch: 9 | loss: 0.3947586
	speed: 0.0364s/iter; left time: 196.0632s
Epoch: 9 cost time: 9.140209197998047
Epoch: 9, Steps: 254 | Train Loss: 0.4103056 Vali Loss: 0.9201231 Test Loss: 0.4326194
EarlyStopping counter: 3 out of 3
Early stopping
>>>>>>>testing : DLinear_ETTh1_336_192_DLinear_ETTh1_ftM_sl336_ll48_pl192_dm512_nh8_el2_dl1_df2048_fc3_ebtimeF_dtTrue_Exp_0<<<<<<<<<<<<<<<<<<<<<<<<<<<<<<<<<
test 2689
mse:0.4318159520626068, mae:0.4379194378852844
