Args in experiment:
Namespace(is_training=1, train_only=False, model_id='DLinear_ETTm1_192_96', model='DLinear', data='ETTm1', root_path='./dataset/', data_path='ETTm1.csv', features='M', target='OT', freq='h', checkpoints='./checkpoints/', seq_len=192, label_len=48, pred_len=96, individual=False, embed_type=0, enc_in=7, dec_in=7, c_out=7, d_model=512, n_heads=8, e_layers=2, d_layers=1, d_ff=2048, moving_avg=25, factor=3, distil=True, dropout=0.05, embed='timeF', activation='gelu', output_attention=False, do_predict=False, num_workers=10, itr=1, train_epochs=30, batch_size=32, patience=3, learning_rate=0.0001, des='Exp', loss='mse', lradj='type1', use_amp=False, use_gpu=True, gpu=0, use_multi_gpu=False, devices='0,1,2,3', test_flop=False)
Use GPU: cuda:0
>>>>>>>start training : DLinear_ETTm1_192_96_DLinear_ETTm1_ftM_sl192_ll48_pl96_dm512_nh8_el2_dl1_df2048_fc3_ebtimeF_dtTrue_Exp_0>>>>>>>>>>>>>>>>>>>>>>>>>>
train 34273
val 11425
test 11425
	iters: 100, epoch: 1 | loss: 0.4867930
	speed: 0.0418s/iter; left time: 1341.4973s
	iters: 200, epoch: 1 | loss: 0.3845099
	speed: 0.0190s/iter; left time: 607.0281s
	iters: 300, epoch: 1 | loss: 0.3589295
	speed: 0.0192s/iter; left time: 612.6849s
	iters: 400, epoch: 1 | loss: 0.2849570
	speed: 0.0187s/iter; left time: 594.9598s
	iters: 500, epoch: 1 | loss: 0.3200646
	speed: 0.0205s/iter; left time: 650.3024s
	iters: 600, epoch: 1 | loss: 0.2634747
	speed: 0.0196s/iter; left time: 618.3090s
	iters: 700, epoch: 1 | loss: 0.3278863
	speed: 0.0203s/iter; left time: 638.1441s
	iters: 800, epoch: 1 | loss: 0.4413970
	speed: 0.0194s/iter; left time: 607.8838s
	iters: 900, epoch: 1 | loss: 0.2828805
	speed: 0.0194s/iter; left time: 606.0893s
	iters: 1000, epoch: 1 | loss: 0.2581615
	speed: 0.0196s/iter; left time: 611.8668s
Epoch: 1 cost time: 23.20473337173462
Epoch: 1, Steps: 1072 | Train Loss: 0.3791374 Vali Loss: 0.4080077 Test Loss: 0.3215964
Validation loss decreased (inf --> 0.408008).  Saving model ...
Updating learning rate to 0.0001
	iters: 100, epoch: 2 | loss: 0.3321682
	speed: 0.2034s/iter; left time: 6302.4698s
	iters: 200, epoch: 2 | loss: 0.3124574
	speed: 0.0184s/iter; left time: 569.3898s
	iters: 300, epoch: 2 | loss: 0.2844459
	speed: 0.0245s/iter; left time: 755.2681s
	iters: 400, epoch: 2 | loss: 0.2341141
	speed: 0.0203s/iter; left time: 621.5183s
	iters: 500, epoch: 2 | loss: 0.2705843
	speed: 0.0182s/iter; left time: 557.0049s
	iters: 600, epoch: 2 | loss: 0.2869613
	speed: 0.0178s/iter; left time: 543.8071s
	iters: 700, epoch: 2 | loss: 0.3061717
	speed: 0.0188s/iter; left time: 571.4431s
	iters: 800, epoch: 2 | loss: 0.3593483
	speed: 0.0183s/iter; left time: 555.5121s
	iters: 900, epoch: 2 | loss: 0.2236368
	speed: 0.0176s/iter; left time: 532.2679s
	iters: 1000, epoch: 2 | loss: 0.2698068
	speed: 0.0186s/iter; left time: 559.8646s
Epoch: 2 cost time: 21.502052783966064
Epoch: 2, Steps: 1072 | Train Loss: 0.2914759 Vali Loss: 0.3938984 Test Loss: 0.3127309
Validation loss decreased (0.408008 --> 0.393898).  Saving model ...
Updating learning rate to 5e-05
	iters: 100, epoch: 3 | loss: 0.2935897
	speed: 0.1740s/iter; left time: 5205.2044s
	iters: 200, epoch: 3 | loss: 0.2522861
	speed: 0.0190s/iter; left time: 565.4491s
	iters: 300, epoch: 3 | loss: 0.3457434
	speed: 0.0206s/iter; left time: 611.7838s
	iters: 400, epoch: 3 | loss: 0.2786204
	speed: 0.0208s/iter; left time: 615.2298s
	iters: 500, epoch: 3 | loss: 0.2481620
	speed: 0.0186s/iter; left time: 548.4931s
	iters: 600, epoch: 3 | loss: 0.2719022
	speed: 0.0213s/iter; left time: 625.1327s
	iters: 700, epoch: 3 | loss: 0.2893299
	speed: 0.0189s/iter; left time: 554.5525s
	iters: 800, epoch: 3 | loss: 0.3398903
	speed: 0.0181s/iter; left time: 528.9999s
	iters: 900, epoch: 3 | loss: 0.2711868
	speed: 0.0187s/iter; left time: 543.2857s
	iters: 1000, epoch: 3 | loss: 0.3484102
	speed: 0.0184s/iter; left time: 532.9907s
Epoch: 3 cost time: 21.379934549331665
Epoch: 3, Steps: 1072 | Train Loss: 0.2862852 Vali Loss: 0.3913596 Test Loss: 0.3097128
Validation loss decreased (0.393898 --> 0.391360).  Saving model ...
Updating learning rate to 2.5e-05
	iters: 100, epoch: 4 | loss: 0.3161158
	speed: 0.1696s/iter; left time: 4893.1733s
	iters: 200, epoch: 4 | loss: 0.3460394
	speed: 0.0135s/iter; left time: 386.9293s
	iters: 300, epoch: 4 | loss: 0.2505802
	speed: 0.0157s/iter; left time: 448.3569s
	iters: 400, epoch: 4 | loss: 0.2548438
	speed: 0.0153s/iter; left time: 436.8990s
	iters: 500, epoch: 4 | loss: 0.2661962
	speed: 0.0142s/iter; left time: 404.3430s
	iters: 600, epoch: 4 | loss: 0.2639106
	speed: 0.0166s/iter; left time: 469.6241s
	iters: 700, epoch: 4 | loss: 0.3393926
	speed: 0.0168s/iter; left time: 475.1776s
	iters: 800, epoch: 4 | loss: 0.2832677
	speed: 0.0164s/iter; left time: 460.4280s
	iters: 900, epoch: 4 | loss: 0.2830089
	speed: 0.0171s/iter; left time: 480.7248s
	iters: 1000, epoch: 4 | loss: 0.3023162
	speed: 0.0176s/iter; left time: 491.1631s
Epoch: 4 cost time: 17.919594526290894
Epoch: 4, Steps: 1072 | Train Loss: 0.2848477 Vali Loss: 0.3906351 Test Loss: 0.3090042
Validation loss decreased (0.391360 --> 0.390635).  Saving model ...
Updating learning rate to 1.25e-05
	iters: 100, epoch: 5 | loss: 0.2466406
	speed: 0.1624s/iter; left time: 4511.0500s
	iters: 200, epoch: 5 | loss: 0.2691477
	speed: 0.0163s/iter; left time: 450.1273s
	iters: 300, epoch: 5 | loss: 0.2666993
	speed: 0.0176s/iter; left time: 485.7254s
	iters: 400, epoch: 5 | loss: 0.3465633
	speed: 0.0187s/iter; left time: 513.6694s
	iters: 500, epoch: 5 | loss: 0.2926705
	speed: 0.0172s/iter; left time: 469.5005s
	iters: 600, epoch: 5 | loss: 0.3550236
	speed: 0.0167s/iter; left time: 454.7429s
	iters: 700, epoch: 5 | loss: 0.3137190
	speed: 0.0171s/iter; left time: 465.0144s
	iters: 800, epoch: 5 | loss: 0.2791244
	speed: 0.0163s/iter; left time: 439.9803s
	iters: 900, epoch: 5 | loss: 0.2310681
	speed: 0.0150s/iter; left time: 405.3014s
	iters: 1000, epoch: 5 | loss: 0.2808825
	speed: 0.0137s/iter; left time: 368.5799s
Epoch: 5 cost time: 18.464832067489624
Epoch: 5, Steps: 1072 | Train Loss: 0.2843080 Vali Loss: 0.3908184 Test Loss: 0.3087187
EarlyStopping counter: 1 out of 3
Updating learning rate to 6.25e-06
	iters: 100, epoch: 6 | loss: 0.2840603
	speed: 0.1474s/iter; left time: 3936.4755s
	iters: 200, epoch: 6 | loss: 0.3358816
	speed: 0.0138s/iter; left time: 366.0526s
	iters: 300, epoch: 6 | loss: 0.2793100
	speed: 0.0195s/iter; left time: 517.2951s
	iters: 400, epoch: 6 | loss: 0.3714511
	speed: 0.0203s/iter; left time: 536.6268s
	iters: 500, epoch: 6 | loss: 0.3199705
	speed: 0.0187s/iter; left time: 491.1866s
	iters: 600, epoch: 6 | loss: 0.3341801
	speed: 0.0174s/iter; left time: 455.5959s
	iters: 700, epoch: 6 | loss: 0.2885632
	speed: 0.0172s/iter; left time: 448.7683s
	iters: 800, epoch: 6 | loss: 0.2683184
	speed: 0.0182s/iter; left time: 472.5968s
	iters: 900, epoch: 6 | loss: 0.2551585
	speed: 0.0176s/iter; left time: 456.4823s
	iters: 1000, epoch: 6 | loss: 0.2639692
	speed: 0.0183s/iter; left time: 471.1507s
Epoch: 6 cost time: 19.86378026008606
Epoch: 6, Steps: 1072 | Train Loss: 0.2840623 Vali Loss: 0.3895431 Test Loss: 0.3085487
Validation loss decreased (0.390635 --> 0.389543).  Saving model ...
Updating learning rate to 3.125e-06
	iters: 100, epoch: 7 | loss: 0.3359000
	speed: 0.1696s/iter; left time: 4347.0089s
	iters: 200, epoch: 7 | loss: 0.2800268
	speed: 0.0167s/iter; left time: 425.1162s
	iters: 300, epoch: 7 | loss: 0.3454885
	speed: 0.0185s/iter; left time: 469.8327s
	iters: 400, epoch: 7 | loss: 0.2813383
	speed: 0.0175s/iter; left time: 443.8956s
	iters: 500, epoch: 7 | loss: 0.2960464
	speed: 0.0165s/iter; left time: 415.7333s
	iters: 600, epoch: 7 | loss: 0.3339339
	speed: 0.0161s/iter; left time: 404.9738s
	iters: 700, epoch: 7 | loss: 0.2961637
	speed: 0.0155s/iter; left time: 387.6500s
	iters: 800, epoch: 7 | loss: 0.3416336
	speed: 0.0169s/iter; left time: 420.4683s
	iters: 900, epoch: 7 | loss: 0.3031756
	speed: 0.0163s/iter; left time: 405.3026s
	iters: 1000, epoch: 7 | loss: 0.3400355
	speed: 0.0169s/iter; left time: 417.5643s
Epoch: 7 cost time: 18.824853658676147
Epoch: 7, Steps: 1072 | Train Loss: 0.2841527 Vali Loss: 0.3901908 Test Loss: 0.3085232
EarlyStopping counter: 1 out of 3
Updating learning rate to 1.5625e-06
	iters: 100, epoch: 8 | loss: 0.2362886
	speed: 0.1695s/iter; left time: 4163.1562s
	iters: 200, epoch: 8 | loss: 0.2453420
	speed: 0.0181s/iter; left time: 442.6950s
	iters: 300, epoch: 8 | loss: 0.2811742
	speed: 0.0222s/iter; left time: 539.6562s
	iters: 400, epoch: 8 | loss: 0.2539185
	speed: 0.0193s/iter; left time: 468.8249s
	iters: 500, epoch: 8 | loss: 0.2868943
	speed: 0.0193s/iter; left time: 465.0788s
	iters: 600, epoch: 8 | loss: 0.3052636
	speed: 0.0188s/iter; left time: 451.5478s
	iters: 700, epoch: 8 | loss: 0.3174332
	speed: 0.0190s/iter; left time: 454.9689s
	iters: 800, epoch: 8 | loss: 0.2794746
	speed: 0.0186s/iter; left time: 443.6190s
	iters: 900, epoch: 8 | loss: 0.2896905
	speed: 0.0194s/iter; left time: 460.4215s
	iters: 1000, epoch: 8 | loss: 0.2787142
	speed: 0.0179s/iter; left time: 424.0350s
Epoch: 8 cost time: 21.125296354293823
Epoch: 8, Steps: 1072 | Train Loss: 0.2839375 Vali Loss: 0.3891265 Test Loss: 0.3084686
Validation loss decreased (0.389543 --> 0.389126).  Saving model ...
Updating learning rate to 7.8125e-07
	iters: 100, epoch: 9 | loss: 0.3255979
	speed: 0.1833s/iter; left time: 4305.5225s
	iters: 200, epoch: 9 | loss: 0.2661280
	speed: 0.0198s/iter; left time: 462.8456s
	iters: 300, epoch: 9 | loss: 0.2593328
	speed: 0.0213s/iter; left time: 494.8721s
	iters: 400, epoch: 9 | loss: 0.3589935
	speed: 0.0167s/iter; left time: 387.1016s
	iters: 500, epoch: 9 | loss: 0.2505230
	speed: 0.0158s/iter; left time: 363.7582s
	iters: 600, epoch: 9 | loss: 0.2799554
	speed: 0.0167s/iter; left time: 384.9170s
	iters: 700, epoch: 9 | loss: 0.2709449
	speed: 0.0183s/iter; left time: 418.1478s
	iters: 800, epoch: 9 | loss: 0.2880909
	speed: 0.0174s/iter; left time: 395.3492s
	iters: 900, epoch: 9 | loss: 0.2596775
	speed: 0.0167s/iter; left time: 379.5162s
	iters: 1000, epoch: 9 | loss: 0.3050671
	speed: 0.0186s/iter; left time: 419.2065s
Epoch: 9 cost time: 20.128174543380737
Epoch: 9, Steps: 1072 | Train Loss: 0.2838708 Vali Loss: 0.3886543 Test Loss: 0.3084505
Validation loss decreased (0.389126 --> 0.388654).  Saving model ...
Updating learning rate to 3.90625e-07
	iters: 100, epoch: 10 | loss: 0.3108087
	speed: 0.1704s/iter; left time: 3818.4062s
	iters: 200, epoch: 10 | loss: 0.3065355
	speed: 0.0189s/iter; left time: 421.0030s
	iters: 300, epoch: 10 | loss: 0.2319397
	speed: 0.0151s/iter; left time: 335.1003s
	iters: 400, epoch: 10 | loss: 0.2628113
	speed: 0.0160s/iter; left time: 352.7938s
	iters: 500, epoch: 10 | loss: 0.2677884
	speed: 0.0154s/iter; left time: 339.7114s
	iters: 600, epoch: 10 | loss: 0.3273319
	speed: 0.0142s/iter; left time: 310.6857s
	iters: 700, epoch: 10 | loss: 0.2869804
	speed: 0.0145s/iter; left time: 317.0608s
	iters: 800, epoch: 10 | loss: 0.2602988
	speed: 0.0133s/iter; left time: 288.4533s
	iters: 900, epoch: 10 | loss: 0.2908495
	speed: 0.0148s/iter; left time: 320.1018s
	iters: 1000, epoch: 10 | loss: 0.2684020
	speed: 0.0149s/iter; left time: 321.1209s
Epoch: 10 cost time: 17.237844228744507
Epoch: 10, Steps: 1072 | Train Loss: 0.2837710 Vali Loss: 0.3887881 Test Loss: 0.3084390
EarlyStopping counter: 1 out of 3
Updating learning rate to 1.953125e-07
	iters: 100, epoch: 11 | loss: 0.2649000
	speed: 0.1279s/iter; left time: 2728.6438s
	iters: 200, epoch: 11 | loss: 0.3211075
	speed: 0.0126s/iter; left time: 266.9307s
	iters: 300, epoch: 11 | loss: 0.2614876
	speed: 0.0126s/iter; left time: 266.9982s
	iters: 400, epoch: 11 | loss: 0.2685307
	speed: 0.0130s/iter; left time: 273.6555s
	iters: 500, epoch: 11 | loss: 0.2729516
	speed: 0.0142s/iter; left time: 297.0152s
	iters: 600, epoch: 11 | loss: 0.3814229
	speed: 0.0135s/iter; left time: 281.9440s
	iters: 700, epoch: 11 | loss: 0.3279872
	speed: 0.0135s/iter; left time: 280.5039s
	iters: 800, epoch: 11 | loss: 0.2929912
	speed: 0.0124s/iter; left time: 255.8983s
	iters: 900, epoch: 11 | loss: 0.2886654
	speed: 0.0135s/iter; left time: 276.8438s
	iters: 1000, epoch: 11 | loss: 0.3135880
	speed: 0.0138s/iter; left time: 281.0767s
Epoch: 11 cost time: 14.90762448310852
Epoch: 11, Steps: 1072 | Train Loss: 0.2839589 Vali Loss: 0.3885916 Test Loss: 0.3084375
Validation loss decreased (0.388654 --> 0.388592).  Saving model ...
Updating learning rate to 9.765625e-08
	iters: 100, epoch: 12 | loss: 0.2458540
	speed: 0.1223s/iter; left time: 2479.8750s
	iters: 200, epoch: 12 | loss: 0.3069878
	speed: 0.0140s/iter; left time: 281.6747s
	iters: 300, epoch: 12 | loss: 0.3630802
	speed: 0.0150s/iter; left time: 301.9865s
	iters: 400, epoch: 12 | loss: 0.2429625
	speed: 0.0162s/iter; left time: 323.6198s
	iters: 500, epoch: 12 | loss: 0.2800863
	speed: 0.0169s/iter; left time: 336.6517s
	iters: 600, epoch: 12 | loss: 0.2592101
	speed: 0.0149s/iter; left time: 294.3675s
	iters: 700, epoch: 12 | loss: 0.2533185
	speed: 0.0155s/iter; left time: 304.6209s
	iters: 800, epoch: 12 | loss: 0.3278727
	speed: 0.0125s/iter; left time: 245.4032s
	iters: 900, epoch: 12 | loss: 0.2579941
	speed: 0.0134s/iter; left time: 260.6627s
	iters: 1000, epoch: 12 | loss: 0.3134044
	speed: 0.0167s/iter; left time: 324.0669s
Epoch: 12 cost time: 16.662546157836914
Epoch: 12, Steps: 1072 | Train Loss: 0.2838144 Vali Loss: 0.3893625 Test Loss: 0.3084357
EarlyStopping counter: 1 out of 3
Updating learning rate to 4.8828125e-08
	iters: 100, epoch: 13 | loss: 0.3720036
	speed: 0.1587s/iter; left time: 3045.8715s
	iters: 200, epoch: 13 | loss: 0.2429475
	speed: 0.0167s/iter; left time: 319.2091s
	iters: 300, epoch: 13 | loss: 0.2640920
	speed: 0.0178s/iter; left time: 337.5431s
	iters: 400, epoch: 13 | loss: 0.2746896
	speed: 0.0185s/iter; left time: 349.8304s
	iters: 500, epoch: 13 | loss: 0.2762969
	speed: 0.0180s/iter; left time: 338.8258s
	iters: 600, epoch: 13 | loss: 0.2990286
	speed: 0.0162s/iter; left time: 302.6631s
	iters: 700, epoch: 13 | loss: 0.2963751
	speed: 0.0165s/iter; left time: 306.0024s
	iters: 800, epoch: 13 | loss: 0.3243706
	speed: 0.0170s/iter; left time: 315.1849s
	iters: 900, epoch: 13 | loss: 0.2957312
	speed: 0.0170s/iter; left time: 313.0074s
	iters: 1000, epoch: 13 | loss: 0.3048815
	speed: 0.0169s/iter; left time: 309.1790s
Epoch: 13 cost time: 19.056092500686646
Epoch: 13, Steps: 1072 | Train Loss: 0.2838464 Vali Loss: 0.3886187 Test Loss: 0.3084347
EarlyStopping counter: 2 out of 3
Updating learning rate to 2.44140625e-08
	iters: 100, epoch: 14 | loss: 0.2889540
	speed: 0.1565s/iter; left time: 2837.0339s
	iters: 200, epoch: 14 | loss: 0.2379902
	speed: 0.0164s/iter; left time: 295.7756s
	iters: 300, epoch: 14 | loss: 0.3368724
	speed: 0.0165s/iter; left time: 295.2383s
	iters: 400, epoch: 14 | loss: 0.2772493
	speed: 0.0182s/iter; left time: 325.1023s
	iters: 500, epoch: 14 | loss: 0.2690387
	speed: 0.0167s/iter; left time: 296.5560s
	iters: 600, epoch: 14 | loss: 0.3680565
	speed: 0.0163s/iter; left time: 287.5736s
	iters: 700, epoch: 14 | loss: 0.2655434
	speed: 0.0160s/iter; left time: 280.0695s
	iters: 800, epoch: 14 | loss: 0.2803424
	speed: 0.0169s/iter; left time: 294.8949s
	iters: 900, epoch: 14 | loss: 0.3293950
	speed: 0.0167s/iter; left time: 289.7525s
	iters: 1000, epoch: 14 | loss: 0.2843617
	speed: 0.0174s/iter; left time: 300.5217s
Epoch: 14 cost time: 18.71746826171875
Epoch: 14, Steps: 1072 | Train Loss: 0.2838206 Vali Loss: 0.3884523 Test Loss: 0.3084341
Validation loss decreased (0.388592 --> 0.388452).  Saving model ...
Updating learning rate to 1.220703125e-08
	iters: 100, epoch: 15 | loss: 0.2749920
	speed: 0.1595s/iter; left time: 2720.0879s
	iters: 200, epoch: 15 | loss: 0.3644260
	speed: 0.0181s/iter; left time: 306.8800s
	iters: 300, epoch: 15 | loss: 0.2459644
	speed: 0.0191s/iter; left time: 321.3628s
	iters: 400, epoch: 15 | loss: 0.2435969
	speed: 0.0180s/iter; left time: 301.7532s
	iters: 500, epoch: 15 | loss: 0.3181430
	speed: 0.0169s/iter; left time: 281.0732s
	iters: 600, epoch: 15 | loss: 0.3316023
	speed: 0.0166s/iter; left time: 275.1822s
	iters: 700, epoch: 15 | loss: 0.2875069
	speed: 0.0174s/iter; left time: 285.7413s
	iters: 800, epoch: 15 | loss: 0.3121736
	speed: 0.0163s/iter; left time: 266.5113s
	iters: 900, epoch: 15 | loss: 0.2579333
	speed: 0.0180s/iter; left time: 292.1490s
	iters: 1000, epoch: 15 | loss: 0.3395352
	speed: 0.0175s/iter; left time: 282.2200s
Epoch: 15 cost time: 19.407694578170776
Epoch: 15, Steps: 1072 | Train Loss: 0.2838343 Vali Loss: 0.3888928 Test Loss: 0.3084338
EarlyStopping counter: 1 out of 3
Updating learning rate to 6.103515625e-09
	iters: 100, epoch: 16 | loss: 0.3277380
	speed: 0.1558s/iter; left time: 2489.8960s
	iters: 200, epoch: 16 | loss: 0.2728633
	speed: 0.0190s/iter; left time: 301.4054s
	iters: 300, epoch: 16 | loss: 0.2976988
	speed: 0.0198s/iter; left time: 312.8501s
	iters: 400, epoch: 16 | loss: 0.2710403
	speed: 0.0196s/iter; left time: 307.8289s
	iters: 500, epoch: 16 | loss: 0.3112919
	speed: 0.0183s/iter; left time: 284.9926s
	iters: 600, epoch: 16 | loss: 0.2674089
	speed: 0.0188s/iter; left time: 291.5953s
	iters: 700, epoch: 16 | loss: 0.3007362
	speed: 0.0184s/iter; left time: 282.7774s
	iters: 800, epoch: 16 | loss: 0.3136147
	speed: 0.0204s/iter; left time: 311.0547s
	iters: 900, epoch: 16 | loss: 0.2826260
	speed: 0.0150s/iter; left time: 227.1074s
	iters: 1000, epoch: 16 | loss: 0.3083135
	speed: 0.0199s/iter; left time: 300.4256s
Epoch: 16 cost time: 20.774702548980713
Epoch: 16, Steps: 1072 | Train Loss: 0.2842442 Vali Loss: 0.3886387 Test Loss: 0.3084337
EarlyStopping counter: 2 out of 3
Updating learning rate to 3.0517578125e-09
	iters: 100, epoch: 17 | loss: 0.3242112
	speed: 0.1799s/iter; left time: 2682.0790s
	iters: 200, epoch: 17 | loss: 0.2020625
	speed: 0.0186s/iter; left time: 276.1341s
	iters: 300, epoch: 17 | loss: 0.2853615
	speed: 0.0210s/iter; left time: 309.5042s
	iters: 400, epoch: 17 | loss: 0.2928401
	speed: 0.0195s/iter; left time: 284.6911s
	iters: 500, epoch: 17 | loss: 0.2021639
	speed: 0.0192s/iter; left time: 278.8299s
	iters: 600, epoch: 17 | loss: 0.3281466
	speed: 0.0206s/iter; left time: 296.5791s
	iters: 700, epoch: 17 | loss: 0.3360403
	speed: 0.0200s/iter; left time: 286.7101s
	iters: 800, epoch: 17 | loss: 0.2707108
	speed: 0.0197s/iter; left time: 279.6013s
	iters: 900, epoch: 17 | loss: 0.2382655
	speed: 0.0182s/iter; left time: 257.4244s
	iters: 1000, epoch: 17 | loss: 0.2904257
	speed: 0.0202s/iter; left time: 283.0336s
Epoch: 17 cost time: 22.09299635887146
Epoch: 17, Steps: 1072 | Train Loss: 0.2836763 Vali Loss: 0.3883499 Test Loss: 0.3084337
Validation loss decreased (0.388452 --> 0.388350).  Saving model ...
Updating learning rate to 1.52587890625e-09
	iters: 100, epoch: 18 | loss: 0.3038607
	speed: 0.1900s/iter; left time: 2629.4795s
	iters: 200, epoch: 18 | loss: 0.3394428
	speed: 0.0187s/iter; left time: 256.4515s
	iters: 300, epoch: 18 | loss: 0.2074371
	speed: 0.0210s/iter; left time: 286.8941s
	iters: 400, epoch: 18 | loss: 0.3031858
	speed: 0.0180s/iter; left time: 244.0151s
	iters: 500, epoch: 18 | loss: 0.2648079
	speed: 0.0161s/iter; left time: 216.5314s
	iters: 600, epoch: 18 | loss: 0.3657884
	speed: 0.0194s/iter; left time: 258.9867s
	iters: 700, epoch: 18 | loss: 0.3467292
	speed: 0.0181s/iter; left time: 239.2460s
	iters: 800, epoch: 18 | loss: 0.2835045
	speed: 0.0176s/iter; left time: 230.7106s
	iters: 900, epoch: 18 | loss: 0.3199904
	speed: 0.0160s/iter; left time: 208.5433s
	iters: 1000, epoch: 18 | loss: 0.2810594
	speed: 0.0167s/iter; left time: 216.2177s
Epoch: 18 cost time: 20.45008945465088
Epoch: 18, Steps: 1072 | Train Loss: 0.2840524 Vali Loss: 0.3883683 Test Loss: 0.3084337
EarlyStopping counter: 1 out of 3
Updating learning rate to 7.62939453125e-10
	iters: 100, epoch: 19 | loss: 0.2822234
	speed: 0.1557s/iter; left time: 1986.9537s
	iters: 200, epoch: 19 | loss: 0.3271491
	speed: 0.0155s/iter; left time: 196.8696s
	iters: 300, epoch: 19 | loss: 0.3046797
	speed: 0.0168s/iter; left time: 211.6729s
	iters: 400, epoch: 19 | loss: 0.2375780
	speed: 0.0187s/iter; left time: 232.7739s
	iters: 500, epoch: 19 | loss: 0.2499754
	speed: 0.0157s/iter; left time: 194.7222s
	iters: 600, epoch: 19 | loss: 0.2383271
	speed: 0.0170s/iter; left time: 208.2882s
	iters: 700, epoch: 19 | loss: 0.2618975
	speed: 0.0161s/iter; left time: 196.1806s
	iters: 800, epoch: 19 | loss: 0.2767029
	speed: 0.0162s/iter; left time: 195.5352s
	iters: 900, epoch: 19 | loss: 0.2871148
	speed: 0.0162s/iter; left time: 194.1769s
	iters: 1000, epoch: 19 | loss: 0.2427607
	speed: 0.0171s/iter; left time: 202.4645s
Epoch: 19 cost time: 18.447245597839355
Epoch: 19, Steps: 1072 | Train Loss: 0.2837304 Vali Loss: 0.3884555 Test Loss: 0.3084337
EarlyStopping counter: 2 out of 3
Updating learning rate to 3.814697265625e-10
	iters: 100, epoch: 20 | loss: 0.3406872
	speed: 0.1603s/iter; left time: 1874.8158s
	iters: 200, epoch: 20 | loss: 0.2977614
	speed: 0.0181s/iter; left time: 209.4091s
	iters: 300, epoch: 20 | loss: 0.3429325
	speed: 0.0194s/iter; left time: 222.7008s
	iters: 400, epoch: 20 | loss: 0.3362589
	speed: 0.0212s/iter; left time: 241.2371s
	iters: 500, epoch: 20 | loss: 0.2590256
	speed: 0.0174s/iter; left time: 196.6947s
	iters: 600, epoch: 20 | loss: 0.2801549
	speed: 0.0183s/iter; left time: 204.7421s
	iters: 700, epoch: 20 | loss: 0.2642047
	speed: 0.0181s/iter; left time: 201.3083s
	iters: 800, epoch: 20 | loss: 0.2602080
	speed: 0.0175s/iter; left time: 192.3134s
	iters: 900, epoch: 20 | loss: 0.2822541
	speed: 0.0187s/iter; left time: 203.4103s
	iters: 1000, epoch: 20 | loss: 0.3413124
	speed: 0.0182s/iter; left time: 196.0422s
Epoch: 20 cost time: 20.348881244659424
Epoch: 20, Steps: 1072 | Train Loss: 0.2838466 Vali Loss: 0.3883540 Test Loss: 0.3084337
EarlyStopping counter: 3 out of 3
Early stopping
>>>>>>>testing : DLinear_ETTm1_192_96_DLinear_ETTm1_ftM_sl192_ll48_pl96_dm512_nh8_el2_dl1_df2048_fc3_ebtimeF_dtTrue_Exp_0<<<<<<<<<<<<<<<<<<<<<<<<<<<<<<<<<
test 11425
mse:0.3091297745704651, mae:0.34791624546051025
