Args in experiment:
Namespace(is_training=1, train_only=False, model_id='DLinear_ETTm2_192_336', model='DLinear', data='ETTm2', root_path='./dataset/', data_path='ETTm2.csv', features='M', target='OT', freq='h', checkpoints='./checkpoints/', seq_len=192, label_len=48, pred_len=336, individual=False, embed_type=0, enc_in=7, dec_in=7, c_out=7, d_model=512, n_heads=8, e_layers=2, d_layers=1, d_ff=2048, moving_avg=25, factor=3, distil=True, dropout=0.05, embed='timeF', activation='gelu', output_attention=False, do_predict=False, num_workers=10, itr=1, train_epochs=30, batch_size=32, patience=3, learning_rate=0.0001, des='Exp', loss='mse', lradj='type1', use_amp=False, use_gpu=True, gpu=0, use_multi_gpu=False, devices='0,1,2,3', test_flop=False)
Use GPU: cuda:0
>>>>>>>start training : DLinear_ETTm2_192_336_DLinear_ETTm2_ftM_sl192_ll48_pl336_dm512_nh8_el2_dl1_df2048_fc3_ebtimeF_dtTrue_Exp_0>>>>>>>>>>>>>>>>>>>>>>>>>>
train 34033
val 11185
test 11185
	iters: 100, epoch: 1 | loss: 0.4080904
	speed: 0.0445s/iter; left time: 1416.7130s
	iters: 200, epoch: 1 | loss: 0.5275133
	speed: 0.0224s/iter; left time: 710.6339s
	iters: 300, epoch: 1 | loss: 0.3837868
	speed: 0.0248s/iter; left time: 783.4762s
	iters: 400, epoch: 1 | loss: 0.2745320
	speed: 0.0248s/iter; left time: 781.9393s
	iters: 500, epoch: 1 | loss: 0.2983208
	speed: 0.0251s/iter; left time: 787.9231s
	iters: 600, epoch: 1 | loss: 0.2939346
	speed: 0.0255s/iter; left time: 797.1218s
	iters: 700, epoch: 1 | loss: 0.6693077
	speed: 0.0258s/iter; left time: 805.0973s
	iters: 800, epoch: 1 | loss: 0.2708681
	speed: 0.0277s/iter; left time: 862.5464s
	iters: 900, epoch: 1 | loss: 0.2065751
	speed: 0.0246s/iter; left time: 762.4732s
	iters: 1000, epoch: 1 | loss: 0.5548379
	speed: 0.0238s/iter; left time: 737.0215s
Epoch: 1 cost time: 28.61068820953369
Epoch: 1, Steps: 1064 | Train Loss: 0.4561638 Vali Loss: 0.2386462 Test Loss: 0.3431928
Validation loss decreased (inf --> 0.238646).  Saving model ...
Updating learning rate to 0.0001
	iters: 100, epoch: 2 | loss: 0.3300959
	speed: 0.4188s/iter; left time: 12881.8084s
	iters: 200, epoch: 2 | loss: 0.2770900
	speed: 0.0304s/iter; left time: 932.2744s
	iters: 300, epoch: 2 | loss: 0.1943474
	speed: 0.0284s/iter; left time: 869.2570s
	iters: 400, epoch: 2 | loss: 0.2342115
	speed: 0.0294s/iter; left time: 894.8410s
	iters: 500, epoch: 2 | loss: 0.2623765
	speed: 0.0286s/iter; left time: 869.4549s
	iters: 600, epoch: 2 | loss: 0.6313413
	speed: 0.0291s/iter; left time: 881.4911s
	iters: 700, epoch: 2 | loss: 0.4304946
	speed: 0.0286s/iter; left time: 861.0550s
	iters: 800, epoch: 2 | loss: 0.4707718
	speed: 0.0291s/iter; left time: 875.5124s
	iters: 900, epoch: 2 | loss: 0.3548642
	speed: 0.0286s/iter; left time: 855.7787s
	iters: 1000, epoch: 2 | loss: 0.4847538
	speed: 0.0304s/iter; left time: 907.5207s
Epoch: 2 cost time: 31.800987720489502
Epoch: 2, Steps: 1064 | Train Loss: 0.3973596 Vali Loss: 0.2509059 Test Loss: 0.3774043
EarlyStopping counter: 1 out of 3
Updating learning rate to 5e-05
	iters: 100, epoch: 3 | loss: 0.2910776
	speed: 0.3643s/iter; left time: 10818.2302s
	iters: 200, epoch: 3 | loss: 0.2407387
	speed: 0.0240s/iter; left time: 708.7924s
	iters: 300, epoch: 3 | loss: 0.2643818
	speed: 0.0209s/iter; left time: 615.8541s
	iters: 400, epoch: 3 | loss: 0.1862923
	speed: 0.0228s/iter; left time: 670.9360s
	iters: 500, epoch: 3 | loss: 0.4298471
	speed: 0.0238s/iter; left time: 697.2358s
	iters: 600, epoch: 3 | loss: 0.3426163
	speed: 0.0244s/iter; left time: 713.7631s
	iters: 700, epoch: 3 | loss: 0.4191416
	speed: 0.0209s/iter; left time: 607.7182s
	iters: 800, epoch: 3 | loss: 0.2996591
	speed: 0.0232s/iter; left time: 674.0260s
	iters: 900, epoch: 3 | loss: 0.2147341
	speed: 0.0212s/iter; left time: 613.9551s
	iters: 1000, epoch: 3 | loss: 0.4684856
	speed: 0.0208s/iter; left time: 599.0803s
Epoch: 3 cost time: 25.04271697998047
Epoch: 3, Steps: 1064 | Train Loss: 0.3921649 Vali Loss: 0.2350202 Test Loss: 0.3438008
Validation loss decreased (0.238646 --> 0.235020).  Saving model ...
Updating learning rate to 2.5e-05
	iters: 100, epoch: 4 | loss: 0.3501469
	speed: 0.3299s/iter; left time: 9444.6730s
	iters: 200, epoch: 4 | loss: 0.6476755
	speed: 0.0235s/iter; left time: 670.9371s
	iters: 300, epoch: 4 | loss: 0.2590895
	speed: 0.0235s/iter; left time: 667.1834s
	iters: 400, epoch: 4 | loss: 0.8542429
	speed: 0.0217s/iter; left time: 614.0056s
	iters: 500, epoch: 4 | loss: 0.2140962
	speed: 0.0233s/iter; left time: 658.9142s
	iters: 600, epoch: 4 | loss: 0.4532625
	speed: 0.0235s/iter; left time: 661.4092s
	iters: 700, epoch: 4 | loss: 0.2838012
	speed: 0.0218s/iter; left time: 611.4729s
	iters: 800, epoch: 4 | loss: 0.3907741
	speed: 0.0248s/iter; left time: 693.6074s
	iters: 900, epoch: 4 | loss: 0.2206774
	speed: 0.0219s/iter; left time: 610.6988s
	iters: 1000, epoch: 4 | loss: 0.2441988
	speed: 0.0230s/iter; left time: 637.6182s
Epoch: 4 cost time: 24.98668146133423
Epoch: 4, Steps: 1064 | Train Loss: 0.3904866 Vali Loss: 0.2426070 Test Loss: 0.3611400
EarlyStopping counter: 1 out of 3
Updating learning rate to 1.25e-05
	iters: 100, epoch: 5 | loss: 0.3020156
	speed: 0.2390s/iter; left time: 6587.1450s
	iters: 200, epoch: 5 | loss: 0.5854092
	speed: 0.0188s/iter; left time: 517.6764s
	iters: 300, epoch: 5 | loss: 0.5482566
	speed: 0.0191s/iter; left time: 523.9391s
	iters: 400, epoch: 5 | loss: 0.3154618
	speed: 0.0200s/iter; left time: 544.1516s
	iters: 500, epoch: 5 | loss: 0.2998603
	speed: 0.0255s/iter; left time: 693.0599s
	iters: 600, epoch: 5 | loss: 0.5812668
	speed: 0.0268s/iter; left time: 724.9394s
	iters: 700, epoch: 5 | loss: 0.2808323
	speed: 0.0255s/iter; left time: 687.8496s
	iters: 800, epoch: 5 | loss: 0.3349284
	speed: 0.0272s/iter; left time: 731.2209s
	iters: 900, epoch: 5 | loss: 0.8238600
	speed: 0.0269s/iter; left time: 719.5131s
	iters: 1000, epoch: 5 | loss: 0.5618351
	speed: 0.0276s/iter; left time: 734.8965s
Epoch: 5 cost time: 25.84910297393799
Epoch: 5, Steps: 1064 | Train Loss: 0.3898830 Vali Loss: 0.2417777 Test Loss: 0.3594617
EarlyStopping counter: 2 out of 3
Updating learning rate to 6.25e-06
	iters: 100, epoch: 6 | loss: 0.5060061
	speed: 0.4128s/iter; left time: 10939.2616s
	iters: 200, epoch: 6 | loss: 0.1727740
	speed: 0.0232s/iter; left time: 612.0660s
	iters: 300, epoch: 6 | loss: 0.2466669
	speed: 0.0202s/iter; left time: 531.8705s
	iters: 400, epoch: 6 | loss: 0.8709217
	speed: 0.0212s/iter; left time: 554.4232s
	iters: 500, epoch: 6 | loss: 0.3381970
	speed: 0.0198s/iter; left time: 516.0502s
	iters: 600, epoch: 6 | loss: 0.4401625
	speed: 0.0172s/iter; left time: 446.9071s
	iters: 700, epoch: 6 | loss: 0.2143575
	speed: 0.0230s/iter; left time: 595.4468s
	iters: 800, epoch: 6 | loss: 0.5377328
	speed: 0.0264s/iter; left time: 681.8256s
	iters: 900, epoch: 6 | loss: 0.4339834
	speed: 0.0247s/iter; left time: 634.9118s
	iters: 1000, epoch: 6 | loss: 0.3597327
	speed: 0.0236s/iter; left time: 605.0094s
Epoch: 6 cost time: 24.309536457061768
Epoch: 6, Steps: 1064 | Train Loss: 0.3894280 Vali Loss: 0.2426827 Test Loss: 0.3616297
EarlyStopping counter: 3 out of 3
Early stopping
>>>>>>>testing : DLinear_ETTm2_192_336_DLinear_ETTm2_ftM_sl192_ll48_pl336_dm512_nh8_el2_dl1_df2048_fc3_ebtimeF_dtTrue_Exp_0<<<<<<<<<<<<<<<<<<<<<<<<<<<<<<<<<
test 11185
mse:0.34411635994911194, mae:0.39901965856552124
