Args in experiment:
Namespace(is_training=1, train_only=False, model_id='DLinear_ETTh2_192_192', model='DLinear', data='ETTh2', root_path='./dataset/', data_path='ETTh2.csv', features='M', target='OT', freq='h', checkpoints='./checkpoints/', seq_len=192, label_len=48, pred_len=192, individual=False, embed_type=0, enc_in=7, dec_in=7, c_out=7, d_model=512, n_heads=8, e_layers=2, d_layers=1, d_ff=2048, moving_avg=25, factor=3, distil=True, dropout=0.05, embed='timeF', activation='gelu', output_attention=False, do_predict=False, num_workers=10, itr=1, train_epochs=30, batch_size=32, patience=3, learning_rate=0.0001, des='Exp', loss='mse', lradj='type1', use_amp=False, use_gpu=True, gpu=0, use_multi_gpu=False, devices='0,1,2,3', test_flop=False)
Use GPU: cuda:0
>>>>>>>start training : DLinear_ETTh2_192_192_DLinear_ETTh2_ftM_sl192_ll48_pl192_dm512_nh8_el2_dl1_df2048_fc3_ebtimeF_dtTrue_Exp_0>>>>>>>>>>>>>>>>>>>>>>>>>>
train 8257
val 2689
test 2689
	iters: 100, epoch: 1 | loss: 0.4615627
	speed: 0.0504s/iter; left time: 386.8632s
	iters: 200, epoch: 1 | loss: 0.8279691
	speed: 0.0281s/iter; left time: 212.6213s
Epoch: 1 cost time: 9.503774642944336
Epoch: 1, Steps: 259 | Train Loss: 0.6711733 Vali Loss: 0.3603050 Test Loss: 0.4931129
Validation loss decreased (inf --> 0.360305).  Saving model ...
Updating learning rate to 0.0001
	iters: 100, epoch: 2 | loss: 0.4186337
	speed: 0.1778s/iter; left time: 1318.1238s
	iters: 200, epoch: 2 | loss: 0.8532827
	speed: 0.0283s/iter; left time: 207.0364s
Epoch: 2 cost time: 8.013589859008789
Epoch: 2, Steps: 259 | Train Loss: 0.5375215 Vali Loss: 0.3346671 Test Loss: 0.4601758
Validation loss decreased (0.360305 --> 0.334667).  Saving model ...
Updating learning rate to 5e-05
	iters: 100, epoch: 3 | loss: 0.3960459
	speed: 0.1780s/iter; left time: 1273.2521s
	iters: 200, epoch: 3 | loss: 0.5734162
	speed: 0.0266s/iter; left time: 187.7629s
Epoch: 3 cost time: 7.76671838760376
Epoch: 3, Steps: 259 | Train Loss: 0.5189402 Vali Loss: 0.3356530 Test Loss: 0.4678008
EarlyStopping counter: 1 out of 3
Updating learning rate to 2.5e-05
	iters: 100, epoch: 4 | loss: 0.5009008
	speed: 0.1782s/iter; left time: 1228.2607s
	iters: 200, epoch: 4 | loss: 0.6888800
	speed: 0.0221s/iter; left time: 149.8077s
Epoch: 4 cost time: 6.780147314071655
Epoch: 4, Steps: 259 | Train Loss: 0.5134731 Vali Loss: 0.3301359 Test Loss: 0.4579236
Validation loss decreased (0.334667 --> 0.330136).  Saving model ...
Updating learning rate to 1.25e-05
	iters: 100, epoch: 5 | loss: 0.3048243
	speed: 0.1739s/iter; left time: 1153.5670s
	iters: 200, epoch: 5 | loss: 0.4394376
	speed: 0.0296s/iter; left time: 193.3842s
Epoch: 5 cost time: 8.286327600479126
Epoch: 5, Steps: 259 | Train Loss: 0.5108146 Vali Loss: 0.3317572 Test Loss: 0.4602998
EarlyStopping counter: 1 out of 3
Updating learning rate to 6.25e-06
	iters: 100, epoch: 6 | loss: 0.7575378
	speed: 0.1851s/iter; left time: 1179.9045s
	iters: 200, epoch: 6 | loss: 0.3682014
	speed: 0.0249s/iter; left time: 156.1074s
Epoch: 6 cost time: 7.2281975746154785
Epoch: 6, Steps: 259 | Train Loss: 0.5095894 Vali Loss: 0.3298745 Test Loss: 0.4595529
Validation loss decreased (0.330136 --> 0.329874).  Saving model ...
Updating learning rate to 3.125e-06
	iters: 100, epoch: 7 | loss: 0.7118617
	speed: 0.1637s/iter; left time: 1001.1481s
	iters: 200, epoch: 7 | loss: 0.5529470
	speed: 0.0259s/iter; left time: 155.6109s
Epoch: 7 cost time: 7.209919691085815
Epoch: 7, Steps: 259 | Train Loss: 0.5107971 Vali Loss: 0.3275727 Test Loss: 0.4550699
Validation loss decreased (0.329874 --> 0.327573).  Saving model ...
Updating learning rate to 1.5625e-06
	iters: 100, epoch: 8 | loss: 0.3018822
	speed: 0.1618s/iter; left time: 947.8629s
	iters: 200, epoch: 8 | loss: 0.7502472
	speed: 0.0254s/iter; left time: 146.3236s
Epoch: 8 cost time: 7.222562313079834
Epoch: 8, Steps: 259 | Train Loss: 0.5088431 Vali Loss: 0.3305016 Test Loss: 0.4551754
EarlyStopping counter: 1 out of 3
Updating learning rate to 7.8125e-07
	iters: 100, epoch: 9 | loss: 0.2999599
	speed: 0.1618s/iter; left time: 906.0735s
	iters: 200, epoch: 9 | loss: 0.5904778
	speed: 0.0241s/iter; left time: 132.4572s
Epoch: 9 cost time: 7.1375343799591064
Epoch: 9, Steps: 259 | Train Loss: 0.5090885 Vali Loss: 0.3292610 Test Loss: 0.4549820
EarlyStopping counter: 2 out of 3
Updating learning rate to 3.90625e-07
	iters: 100, epoch: 10 | loss: 0.7135112
	speed: 0.1643s/iter; left time: 877.5851s
	iters: 200, epoch: 10 | loss: 0.5608255
	speed: 0.0273s/iter; left time: 143.0074s
Epoch: 10 cost time: 7.609112501144409
Epoch: 10, Steps: 259 | Train Loss: 0.5083012 Vali Loss: 0.3275290 Test Loss: 0.4550360
Validation loss decreased (0.327573 --> 0.327529).  Saving model ...
Updating learning rate to 1.953125e-07
	iters: 100, epoch: 11 | loss: 0.2973220
	speed: 0.1590s/iter; left time: 807.8899s
	iters: 200, epoch: 11 | loss: 0.5237433
	speed: 0.0278s/iter; left time: 138.4252s
Epoch: 11 cost time: 7.866498947143555
Epoch: 11, Steps: 259 | Train Loss: 0.5091028 Vali Loss: 0.3314504 Test Loss: 0.4550099
EarlyStopping counter: 1 out of 3
Updating learning rate to 9.765625e-08
	iters: 100, epoch: 12 | loss: 0.3230002
	speed: 0.1467s/iter; left time: 707.1925s
	iters: 200, epoch: 12 | loss: 0.3838125
	speed: 0.0213s/iter; left time: 100.4885s
Epoch: 12 cost time: 6.253941297531128
Epoch: 12, Steps: 259 | Train Loss: 0.5085418 Vali Loss: 0.3274663 Test Loss: 0.4549822
Validation loss decreased (0.327529 --> 0.327466).  Saving model ...
Updating learning rate to 4.8828125e-08
	iters: 100, epoch: 13 | loss: 0.7855940
	speed: 0.1445s/iter; left time: 659.2660s
	iters: 200, epoch: 13 | loss: 0.2547640
	speed: 0.0240s/iter; left time: 107.2537s
Epoch: 13 cost time: 7.161879539489746
Epoch: 13, Steps: 259 | Train Loss: 0.5082552 Vali Loss: 0.3287776 Test Loss: 0.4549668
EarlyStopping counter: 1 out of 3
Updating learning rate to 2.44140625e-08
	iters: 100, epoch: 14 | loss: 0.6047007
	speed: 0.1445s/iter; left time: 621.9445s
	iters: 200, epoch: 14 | loss: 0.3468714
	speed: 0.0223s/iter; left time: 93.8857s
Epoch: 14 cost time: 6.367399215698242
Epoch: 14, Steps: 259 | Train Loss: 0.5082867 Vali Loss: 0.3277798 Test Loss: 0.4549672
EarlyStopping counter: 2 out of 3
Updating learning rate to 1.220703125e-08
	iters: 100, epoch: 15 | loss: 0.3785821
	speed: 0.1410s/iter; left time: 570.4578s
	iters: 200, epoch: 15 | loss: 0.6565213
	speed: 0.0219s/iter; left time: 86.2861s
Epoch: 15 cost time: 6.350411891937256
Epoch: 15, Steps: 259 | Train Loss: 0.5082299 Vali Loss: 0.3284018 Test Loss: 0.4549654
EarlyStopping counter: 3 out of 3
Early stopping
>>>>>>>testing : DLinear_ETTh2_192_192_DLinear_ETTh2_ftM_sl192_ll48_pl192_dm512_nh8_el2_dl1_df2048_fc3_ebtimeF_dtTrue_Exp_0<<<<<<<<<<<<<<<<<<<<<<<<<<<<<<<<<
test 2689
mse:0.45347410440444946, mae:0.462379515171051
