Args in experiment:
Namespace(is_training=1, train_only=False, model_id='DLinear_ETTm1_192_192', model='DLinear', data='ETTm1', root_path='./dataset/', data_path='ETTm1.csv', features='M', target='OT', freq='h', checkpoints='./checkpoints/', seq_len=192, label_len=48, pred_len=192, individual=False, embed_type=0, enc_in=7, dec_in=7, c_out=7, d_model=512, n_heads=8, e_layers=2, d_layers=1, d_ff=2048, moving_avg=25, factor=3, distil=True, dropout=0.05, embed='timeF', activation='gelu', output_attention=False, do_predict=False, num_workers=10, itr=1, train_epochs=30, batch_size=32, patience=3, learning_rate=0.0001, des='Exp', loss='mse', lradj='type1', use_amp=False, use_gpu=True, gpu=0, use_multi_gpu=False, devices='0,1,2,3', test_flop=False)
Use GPU: cuda:0
>>>>>>>start training : DLinear_ETTm1_192_192_DLinear_ETTm1_ftM_sl192_ll48_pl192_dm512_nh8_el2_dl1_df2048_fc3_ebtimeF_dtTrue_Exp_0>>>>>>>>>>>>>>>>>>>>>>>>>>
train 34177
val 11329
test 11329
	iters: 100, epoch: 1 | loss: 0.5986487
	speed: 0.0544s/iter; left time: 1738.9036s
	iters: 200, epoch: 1 | loss: 0.4327810
	speed: 0.0257s/iter; left time: 817.6810s
	iters: 300, epoch: 1 | loss: 0.3285090
	speed: 0.0241s/iter; left time: 764.8502s
	iters: 400, epoch: 1 | loss: 0.3591725
	speed: 0.0271s/iter; left time: 857.5080s
	iters: 500, epoch: 1 | loss: 0.4192110
	speed: 0.0290s/iter; left time: 914.9483s
	iters: 600, epoch: 1 | loss: 0.4005676
	speed: 0.0283s/iter; left time: 892.1292s
	iters: 700, epoch: 1 | loss: 0.5450271
	speed: 0.0278s/iter; left time: 871.2359s
	iters: 800, epoch: 1 | loss: 0.3291113
	speed: 0.0232s/iter; left time: 725.0448s
	iters: 900, epoch: 1 | loss: 0.3203210
	speed: 0.0218s/iter; left time: 678.9127s
	iters: 1000, epoch: 1 | loss: 0.2983336
	speed: 0.0227s/iter; left time: 704.1450s
Epoch: 1 cost time: 29.996036052703857
Epoch: 1, Steps: 1069 | Train Loss: 0.3985630 Vali Loss: 0.5147533 Test Loss: 0.3533983
Validation loss decreased (inf --> 0.514753).  Saving model ...
Updating learning rate to 0.0001
	iters: 100, epoch: 2 | loss: 0.3639539
	speed: 0.4363s/iter; left time: 13482.9375s
	iters: 200, epoch: 2 | loss: 0.3599507
	speed: 0.0228s/iter; left time: 701.8934s
	iters: 300, epoch: 2 | loss: 0.3413914
	speed: 0.0238s/iter; left time: 730.7151s
	iters: 400, epoch: 2 | loss: 0.2780234
	speed: 0.0223s/iter; left time: 682.7302s
	iters: 500, epoch: 2 | loss: 0.2880367
	speed: 0.0229s/iter; left time: 699.5580s
	iters: 600, epoch: 2 | loss: 0.2573496
	speed: 0.0225s/iter; left time: 685.3919s
	iters: 700, epoch: 2 | loss: 0.3044644
	speed: 0.0228s/iter; left time: 689.5543s
	iters: 800, epoch: 2 | loss: 0.3206258
	speed: 0.0233s/iter; left time: 704.2549s
	iters: 900, epoch: 2 | loss: 0.2800333
	speed: 0.0212s/iter; left time: 639.2434s
	iters: 1000, epoch: 2 | loss: 0.3290024
	speed: 0.0248s/iter; left time: 745.5279s
Epoch: 2 cost time: 25.743964672088623
Epoch: 2, Steps: 1069 | Train Loss: 0.3278471 Vali Loss: 0.5039800 Test Loss: 0.3468691
Validation loss decreased (0.514753 --> 0.503980).  Saving model ...
Updating learning rate to 5e-05
	iters: 100, epoch: 3 | loss: 0.3210058
	speed: 0.4941s/iter; left time: 14739.7098s
	iters: 200, epoch: 3 | loss: 0.3175092
	speed: 0.0232s/iter; left time: 690.1266s
	iters: 300, epoch: 3 | loss: 0.3756220
	speed: 0.0211s/iter; left time: 626.7297s
	iters: 400, epoch: 3 | loss: 0.3782600
	speed: 0.0164s/iter; left time: 485.7115s
	iters: 500, epoch: 3 | loss: 0.3445389
	speed: 0.0176s/iter; left time: 516.6523s
	iters: 600, epoch: 3 | loss: 0.3097989
	speed: 0.0224s/iter; left time: 657.3482s
	iters: 700, epoch: 3 | loss: 0.3569423
	speed: 0.0187s/iter; left time: 547.2174s
	iters: 800, epoch: 3 | loss: 0.3459956
	speed: 0.0192s/iter; left time: 560.1620s
	iters: 900, epoch: 3 | loss: 0.3420315
	speed: 0.0198s/iter; left time: 574.2774s
	iters: 1000, epoch: 3 | loss: 0.3474294
	speed: 0.0174s/iter; left time: 503.4286s
Epoch: 3 cost time: 21.991615533828735
Epoch: 3, Steps: 1069 | Train Loss: 0.3241898 Vali Loss: 0.5013958 Test Loss: 0.3450733
Validation loss decreased (0.503980 --> 0.501396).  Saving model ...
Updating learning rate to 2.5e-05
	iters: 100, epoch: 4 | loss: 0.3815894
	speed: 0.3554s/iter; left time: 10221.6616s
	iters: 200, epoch: 4 | loss: 0.3153843
	speed: 0.0225s/iter; left time: 645.1725s
	iters: 300, epoch: 4 | loss: 0.3094693
	speed: 0.0222s/iter; left time: 632.9650s
	iters: 400, epoch: 4 | loss: 0.3327191
	speed: 0.0266s/iter; left time: 756.8073s
	iters: 500, epoch: 4 | loss: 0.4029889
	speed: 0.0270s/iter; left time: 766.1448s
	iters: 600, epoch: 4 | loss: 0.2594619
	speed: 0.0249s/iter; left time: 704.7051s
	iters: 700, epoch: 4 | loss: 0.3049242
	speed: 0.0257s/iter; left time: 723.4637s
	iters: 800, epoch: 4 | loss: 0.3541064
	speed: 0.0264s/iter; left time: 740.2835s
	iters: 900, epoch: 4 | loss: 0.3237271
	speed: 0.0265s/iter; left time: 740.5379s
	iters: 1000, epoch: 4 | loss: 0.3325839
	speed: 0.0232s/iter; left time: 645.8818s
Epoch: 4 cost time: 27.257131099700928
Epoch: 4, Steps: 1069 | Train Loss: 0.3228778 Vali Loss: 0.4987999 Test Loss: 0.3443935
Validation loss decreased (0.501396 --> 0.498800).  Saving model ...
Updating learning rate to 1.25e-05
	iters: 100, epoch: 5 | loss: 0.3538057
	speed: 0.4700s/iter; left time: 13016.5349s
	iters: 200, epoch: 5 | loss: 0.3147737
	speed: 0.0217s/iter; left time: 597.6712s
	iters: 300, epoch: 5 | loss: 0.2568832
	speed: 0.0208s/iter; left time: 573.1623s
	iters: 400, epoch: 5 | loss: 0.4188199
	speed: 0.0221s/iter; left time: 604.1431s
	iters: 500, epoch: 5 | loss: 0.3159559
	speed: 0.0252s/iter; left time: 688.4542s
	iters: 600, epoch: 5 | loss: 0.2887684
	speed: 0.0245s/iter; left time: 666.5338s
	iters: 700, epoch: 5 | loss: 0.2990163
	speed: 0.0253s/iter; left time: 685.1415s
	iters: 800, epoch: 5 | loss: 0.3014560
	speed: 0.0253s/iter; left time: 682.9078s
	iters: 900, epoch: 5 | loss: 0.3238778
	speed: 0.0249s/iter; left time: 669.5637s
	iters: 1000, epoch: 5 | loss: 0.2700805
	speed: 0.0257s/iter; left time: 689.2408s
Epoch: 5 cost time: 26.280880212783813
Epoch: 5, Steps: 1069 | Train Loss: 0.3226284 Vali Loss: 0.4989286 Test Loss: 0.3441880
EarlyStopping counter: 1 out of 3
Updating learning rate to 6.25e-06
	iters: 100, epoch: 6 | loss: 0.3101816
	speed: 0.4526s/iter; left time: 12050.6332s
	iters: 200, epoch: 6 | loss: 0.2846289
	speed: 0.0258s/iter; left time: 684.3419s
	iters: 300, epoch: 6 | loss: 0.2773764
	speed: 0.0254s/iter; left time: 671.0736s
	iters: 400, epoch: 6 | loss: 0.3830737
	speed: 0.0260s/iter; left time: 683.2714s
	iters: 500, epoch: 6 | loss: 0.2613221
	speed: 0.0253s/iter; left time: 662.3718s
	iters: 600, epoch: 6 | loss: 0.3187214
	speed: 0.0258s/iter; left time: 672.8427s
	iters: 700, epoch: 6 | loss: 0.3402885
	speed: 0.0252s/iter; left time: 656.6607s
	iters: 800, epoch: 6 | loss: 0.3023894
	speed: 0.0263s/iter; left time: 681.2823s
	iters: 900, epoch: 6 | loss: 0.3101354
	speed: 0.0241s/iter; left time: 621.2849s
	iters: 1000, epoch: 6 | loss: 0.3324887
	speed: 0.0261s/iter; left time: 671.0186s
Epoch: 6 cost time: 28.036969900131226
Epoch: 6, Steps: 1069 | Train Loss: 0.3221390 Vali Loss: 0.4990286 Test Loss: 0.3440550
EarlyStopping counter: 2 out of 3
Updating learning rate to 3.125e-06
	iters: 100, epoch: 7 | loss: 0.3534340
	speed: 0.4371s/iter; left time: 11172.2325s
	iters: 200, epoch: 7 | loss: 0.2719436
	speed: 0.0222s/iter; left time: 566.1578s
	iters: 300, epoch: 7 | loss: 0.2791465
	speed: 0.0234s/iter; left time: 592.2593s
	iters: 400, epoch: 7 | loss: 0.3352702
	speed: 0.0216s/iter; left time: 544.9422s
	iters: 500, epoch: 7 | loss: 0.2702562
	speed: 0.0211s/iter; left time: 530.0590s
	iters: 600, epoch: 7 | loss: 0.3371686
	speed: 0.0217s/iter; left time: 544.1591s
	iters: 700, epoch: 7 | loss: 0.3133498
	speed: 0.0218s/iter; left time: 545.0370s
	iters: 800, epoch: 7 | loss: 0.3384571
	speed: 0.0217s/iter; left time: 539.3640s
	iters: 900, epoch: 7 | loss: 0.3746558
	speed: 0.0216s/iter; left time: 535.0293s
	iters: 1000, epoch: 7 | loss: 0.4516660
	speed: 0.0226s/iter; left time: 557.1369s
Epoch: 7 cost time: 24.42447543144226
Epoch: 7, Steps: 1069 | Train Loss: 0.3221277 Vali Loss: 0.4999131 Test Loss: 0.3439803
EarlyStopping counter: 3 out of 3
Early stopping
>>>>>>>testing : DLinear_ETTm1_192_192_DLinear_ETTm1_ftM_sl192_ll48_pl192_dm512_nh8_el2_dl1_df2048_fc3_ebtimeF_dtTrue_Exp_0<<<<<<<<<<<<<<<<<<<<<<<<<<<<<<<<<
test 11329
mse:0.3444835841655731, mae:0.37012022733688354
