Args in experiment:
Namespace(is_training=1, train_only=False, model_id='ETTh2_720_192', model='DLinear', data='ETTh2', root_path='./dataset/', data_path='ETTh2.csv', features='M', target='OT', freq='h', checkpoints='./checkpoints/', seq_len=720, label_len=48, pred_len=192, individual=False, embed_type=0, enc_in=7, dec_in=7, c_out=7, d_model=512, n_heads=8, e_layers=2, d_layers=1, d_ff=2048, moving_avg=25, factor=1, distil=True, dropout=0.05, embed='timeF', activation='gelu', output_attention=False, do_predict=False, num_workers=10, itr=1, train_epochs=10, batch_size=32, patience=3, learning_rate=0.05, des='Exp', loss='mse', lradj='type1', use_amp=False, use_gpu=True, gpu=7, use_multi_gpu=False, devices='0,1,2,3', test_flop=False)
Use GPU: cuda:7
>>>>>>>start training : ETTh2_720_192_DLinear_ETTh2_ftM_sl720_ll48_pl192_dm512_nh8_el2_dl1_df2048_fc1_ebtimeF_dtTrue_Exp_0>>>>>>>>>>>>>>>>>>>>>>>>>>
train 7729
val 2689
test 2689
	iters: 100, epoch: 1 | loss: 0.6727681
	speed: 0.0165s/iter; left time: 38.0295s
	iters: 200, epoch: 1 | loss: 0.7189016
	speed: 0.0061s/iter; left time: 13.5577s
Epoch: 1 cost time: 2.6485676765441895
Epoch: 1, Steps: 241 | Train Loss: 10.0336218 Vali Loss: 0.5052206 Test Loss: 0.6823892
Validation loss decreased (inf --> 0.505221).  Saving model ...
Updating learning rate to 0.05
	iters: 100, epoch: 2 | loss: 0.9091555
	speed: 0.0376s/iter; left time: 77.7377s
	iters: 200, epoch: 2 | loss: 1.0214738
	speed: 0.0073s/iter; left time: 14.3828s
Epoch: 2 cost time: 2.2455856800079346
Epoch: 2, Steps: 241 | Train Loss: 1.0373299 Vali Loss: 1.1444901 Test Loss: 2.1935093
EarlyStopping counter: 1 out of 3
Updating learning rate to 0.025
	iters: 100, epoch: 3 | loss: 0.8814801
	speed: 0.0367s/iter; left time: 67.0348s
	iters: 200, epoch: 3 | loss: 1.2236503
	speed: 0.0062s/iter; left time: 10.7687s
Epoch: 3 cost time: 2.139456272125244
Epoch: 3, Steps: 241 | Train Loss: 0.7455977 Vali Loss: 0.5102735 Test Loss: 0.8274299
EarlyStopping counter: 2 out of 3
Updating learning rate to 0.0125
	iters: 100, epoch: 4 | loss: 0.9092175
	speed: 0.0424s/iter; left time: 67.4092s
	iters: 200, epoch: 4 | loss: 0.5280162
	speed: 0.0069s/iter; left time: 10.2160s
Epoch: 4 cost time: 2.250077247619629
Epoch: 4, Steps: 241 | Train Loss: 0.5911783 Vali Loss: 0.4085554 Test Loss: 0.5458776
Validation loss decreased (0.505221 --> 0.408555).  Saving model ...
Updating learning rate to 0.00625
	iters: 100, epoch: 5 | loss: 0.2711917
	speed: 0.0379s/iter; left time: 51.0752s
	iters: 200, epoch: 5 | loss: 0.2775102
	speed: 0.0072s/iter; left time: 8.9388s
Epoch: 5 cost time: 2.294711112976074
Epoch: 5, Steps: 241 | Train Loss: 0.5353849 Vali Loss: 0.4115505 Test Loss: 0.6942559
EarlyStopping counter: 1 out of 3
Updating learning rate to 0.003125
	iters: 100, epoch: 6 | loss: 0.4825571
	speed: 0.0382s/iter; left time: 42.2923s
	iters: 200, epoch: 6 | loss: 0.6169239
	speed: 0.0068s/iter; left time: 6.8881s
Epoch: 6 cost time: 2.269455671310425
Epoch: 6, Steps: 241 | Train Loss: 0.5089573 Vali Loss: 0.3258969 Test Loss: 0.4559181
Validation loss decreased (0.408555 --> 0.325897).  Saving model ...
Updating learning rate to 0.0015625
	iters: 100, epoch: 7 | loss: 0.5121790
	speed: 0.0470s/iter; left time: 40.6440s
	iters: 200, epoch: 7 | loss: 0.4249200
	speed: 0.0069s/iter; left time: 5.2478s
Epoch: 7 cost time: 2.2693817615509033
Epoch: 7, Steps: 241 | Train Loss: 0.4938285 Vali Loss: 0.3216745 Test Loss: 0.4614060
Validation loss decreased (0.325897 --> 0.321675).  Saving model ...
Updating learning rate to 0.00078125
	iters: 100, epoch: 8 | loss: 0.6625288
	speed: 0.0391s/iter; left time: 24.4265s
	iters: 200, epoch: 8 | loss: 0.5202051
	speed: 0.0069s/iter; left time: 3.5979s
Epoch: 8 cost time: 2.2762510776519775
Epoch: 8, Steps: 241 | Train Loss: 0.4855693 Vali Loss: 0.3098134 Test Loss: 0.4136980
Validation loss decreased (0.321675 --> 0.309813).  Saving model ...
Updating learning rate to 0.000390625
	iters: 100, epoch: 9 | loss: 0.4408771
	speed: 0.0369s/iter; left time: 14.1262s
	iters: 200, epoch: 9 | loss: 0.3277305
	speed: 0.0068s/iter; left time: 1.9187s
Epoch: 9 cost time: 2.227912187576294
Epoch: 9, Steps: 241 | Train Loss: 0.4801259 Vali Loss: 0.3181111 Test Loss: 0.4266692
EarlyStopping counter: 1 out of 3
Updating learning rate to 0.0001953125
	iters: 100, epoch: 10 | loss: 0.4046288
	speed: 0.0390s/iter; left time: 5.5444s
	iters: 200, epoch: 10 | loss: 0.5080252
	speed: 0.0068s/iter; left time: 0.2866s
Epoch: 10 cost time: 2.335218906402588
Epoch: 10, Steps: 241 | Train Loss: 0.4764118 Vali Loss: 0.3111664 Test Loss: 0.4218364
EarlyStopping counter: 2 out of 3
Updating learning rate to 9.765625e-05
>>>>>>>testing : ETTh2_720_192_DLinear_ETTh2_ftM_sl720_ll48_pl192_dm512_nh8_el2_dl1_df2048_fc1_ebtimeF_dtTrue_Exp_0<<<<<<<<<<<<<<<<<<<<<<<<<<<<<<<<<
test 2689
mse:0.41226261854171753, mae:0.43724215030670166
