Args in experiment:
Namespace(is_training=1, train_only=False, model_id='traffic_720_720', model='DLinear', data='custom', root_path='./dataset/', data_path='traffic.csv', features='M', target='OT', freq='h', checkpoints='./checkpoints/', seq_len=720, label_len=48, pred_len=720, individual=False, embed_type=0, enc_in=862, dec_in=7, c_out=7, d_model=512, n_heads=8, e_layers=2, d_layers=1, d_ff=2048, moving_avg=25, factor=1, distil=True, dropout=0.05, embed='timeF', activation='gelu', output_attention=False, do_predict=False, num_workers=10, itr=1, train_epochs=10, batch_size=16, patience=3, learning_rate=0.001, des='Exp', loss='mse', lradj='type1', use_amp=False, use_gpu=True, gpu=7, use_multi_gpu=False, devices='0,1,2,3', test_flop=False)
Use GPU: cuda:7
>>>>>>>start training : traffic_720_720_DLinear_custom_ftM_sl720_ll48_pl720_dm512_nh8_el2_dl1_df2048_fc1_ebtimeF_dtTrue_Exp_0>>>>>>>>>>>>>>>>>>>>>>>>>>
train 10841
val 1037
test 2789
	iters: 100, epoch: 1 | loss: 0.3033329
	speed: 0.0892s/iter; left time: 594.9649s
	iters: 200, epoch: 1 | loss: 0.3058560
	speed: 0.0744s/iter; left time: 489.1325s
	iters: 300, epoch: 1 | loss: 0.2809514
	speed: 0.0771s/iter; left time: 498.6120s
	iters: 400, epoch: 1 | loss: 0.2727834
	speed: 0.0815s/iter; left time: 519.3640s
	iters: 500, epoch: 1 | loss: 0.2874860
	speed: 0.0758s/iter; left time: 475.1745s
	iters: 600, epoch: 1 | loss: 0.2623999
	speed: 0.0780s/iter; left time: 481.5430s
Epoch: 1 cost time: 54.10328698158264
Epoch: 1, Steps: 677 | Train Loss: 0.3100810 Vali Loss: 0.4124606 Test Loss: 0.4781217
Validation loss decreased (inf --> 0.412461).  Saving model ...
Updating learning rate to 0.001
	iters: 100, epoch: 2 | loss: 0.2779094
	speed: 0.4775s/iter; left time: 2862.4287s
	iters: 200, epoch: 2 | loss: 0.2717985
	speed: 0.0796s/iter; left time: 469.0009s
	iters: 300, epoch: 2 | loss: 0.2845187
	speed: 0.0847s/iter; left time: 490.7000s
	iters: 400, epoch: 2 | loss: 0.2728163
	speed: 0.0764s/iter; left time: 435.2064s
	iters: 500, epoch: 2 | loss: 0.2816112
	speed: 0.0795s/iter; left time: 444.5827s
	iters: 600, epoch: 2 | loss: 0.2660823
	speed: 0.0861s/iter; left time: 472.8899s
Epoch: 2 cost time: 54.923705101013184
Epoch: 2, Steps: 677 | Train Loss: 0.2833977 Vali Loss: 0.4078431 Test Loss: 0.4698550
Validation loss decreased (0.412461 --> 0.407843).  Saving model ...
Updating learning rate to 0.0005
	iters: 100, epoch: 3 | loss: 0.2721784
	speed: 0.4856s/iter; left time: 2581.8161s
	iters: 200, epoch: 3 | loss: 0.2891806
	speed: 0.0828s/iter; left time: 431.9553s
	iters: 300, epoch: 3 | loss: 0.2784378
	speed: 0.0779s/iter; left time: 398.4266s
	iters: 400, epoch: 3 | loss: 0.2748859
	speed: 0.0791s/iter; left time: 396.9748s
	iters: 500, epoch: 3 | loss: 0.2763727
	speed: 0.0914s/iter; left time: 449.3664s
	iters: 600, epoch: 3 | loss: 0.2565480
	speed: 0.0812s/iter; left time: 390.9586s
Epoch: 3 cost time: 56.29263186454773
Epoch: 3, Steps: 677 | Train Loss: 0.2742148 Vali Loss: 0.3993495 Test Loss: 0.4615894
Validation loss decreased (0.407843 --> 0.399350).  Saving model ...
Updating learning rate to 0.00025
	iters: 100, epoch: 4 | loss: 0.2624654
	speed: 0.4742s/iter; left time: 2200.2309s
	iters: 200, epoch: 4 | loss: 0.2537825
	speed: 0.0796s/iter; left time: 361.1624s
	iters: 300, epoch: 4 | loss: 0.2614420
	speed: 0.0875s/iter; left time: 388.5268s
	iters: 400, epoch: 4 | loss: 0.2808451
	speed: 0.0812s/iter; left time: 352.5653s
	iters: 500, epoch: 4 | loss: 0.2702163
	speed: 0.0809s/iter; left time: 343.1102s
	iters: 600, epoch: 4 | loss: 0.2536589
	speed: 0.0846s/iter; left time: 350.0739s
Epoch: 4 cost time: 56.32801342010498
Epoch: 4, Steps: 677 | Train Loss: 0.2702133 Vali Loss: 0.3959842 Test Loss: 0.4590727
Validation loss decreased (0.399350 --> 0.395984).  Saving model ...
Updating learning rate to 0.000125
	iters: 100, epoch: 5 | loss: 0.2798749
	speed: 0.5024s/iter; left time: 1990.8396s
	iters: 200, epoch: 5 | loss: 0.2649150
	speed: 0.0909s/iter; left time: 350.9717s
	iters: 300, epoch: 5 | loss: 0.2683739
	speed: 0.0816s/iter; left time: 307.1204s
	iters: 400, epoch: 5 | loss: 0.2676004
	speed: 0.0753s/iter; left time: 275.9097s
	iters: 500, epoch: 5 | loss: 0.2573326
	speed: 0.0774s/iter; left time: 275.8678s
	iters: 600, epoch: 5 | loss: 0.2768099
	speed: 0.0799s/iter; left time: 276.7075s
Epoch: 5 cost time: 55.42801785469055
Epoch: 5, Steps: 677 | Train Loss: 0.2682411 Vali Loss: 0.3915697 Test Loss: 0.4587522
Validation loss decreased (0.395984 --> 0.391570).  Saving model ...
Updating learning rate to 6.25e-05
	iters: 100, epoch: 6 | loss: 0.2785978
	speed: 0.4825s/iter; left time: 1585.4676s
	iters: 200, epoch: 6 | loss: 0.2745780
	speed: 0.0792s/iter; left time: 252.4787s
	iters: 300, epoch: 6 | loss: 0.2650388
	speed: 0.0771s/iter; left time: 237.9416s
	iters: 400, epoch: 6 | loss: 0.2765363
	speed: 0.0780s/iter; left time: 232.9507s
	iters: 500, epoch: 6 | loss: 0.2764112
	speed: 0.0774s/iter; left time: 223.2962s
	iters: 600, epoch: 6 | loss: 0.2669782
	speed: 0.0765s/iter; left time: 213.0862s
Epoch: 6 cost time: 54.22619891166687
Epoch: 6, Steps: 677 | Train Loss: 0.2672146 Vali Loss: 0.3908628 Test Loss: 0.4580410
Validation loss decreased (0.391570 --> 0.390863).  Saving model ...
Updating learning rate to 3.125e-05
	iters: 100, epoch: 7 | loss: 0.2804640
	speed: 0.4801s/iter; left time: 1252.5254s
	iters: 200, epoch: 7 | loss: 0.2852979
	speed: 0.0771s/iter; left time: 193.3575s
	iters: 300, epoch: 7 | loss: 0.2696737
	speed: 0.0769s/iter; left time: 185.2171s
	iters: 400, epoch: 7 | loss: 0.2669825
	speed: 0.0747s/iter; left time: 172.3952s
	iters: 500, epoch: 7 | loss: 0.2823733
	speed: 0.0765s/iter; left time: 168.9838s
	iters: 600, epoch: 7 | loss: 0.2606218
	speed: 0.0814s/iter; left time: 171.7702s
Epoch: 7 cost time: 53.15151858329773
Epoch: 7, Steps: 677 | Train Loss: 0.2666530 Vali Loss: 0.3902246 Test Loss: 0.4577533
Validation loss decreased (0.390863 --> 0.390225).  Saving model ...
Updating learning rate to 1.5625e-05
	iters: 100, epoch: 8 | loss: 0.2777643
	speed: 0.4814s/iter; left time: 929.9808s
	iters: 200, epoch: 8 | loss: 0.2659827
	speed: 0.0731s/iter; left time: 133.8694s
	iters: 300, epoch: 8 | loss: 0.2644120
	speed: 0.0763s/iter; left time: 132.2351s
	iters: 400, epoch: 8 | loss: 0.2641173
	speed: 0.0792s/iter; left time: 129.2372s
	iters: 500, epoch: 8 | loss: 0.2561012
	speed: 0.0840s/iter; left time: 128.6661s
	iters: 600, epoch: 8 | loss: 0.2601501
	speed: 0.0747s/iter; left time: 106.9563s
Epoch: 8 cost time: 52.83712458610535
Epoch: 8, Steps: 677 | Train Loss: 0.2663471 Vali Loss: 0.3901217 Test Loss: 0.4574532
Validation loss decreased (0.390225 --> 0.390122).  Saving model ...
Updating learning rate to 7.8125e-06
	iters: 100, epoch: 9 | loss: 0.2808715
	speed: 0.4741s/iter; left time: 594.9804s
	iters: 200, epoch: 9 | loss: 0.2851715
	speed: 0.0781s/iter; left time: 90.1968s
	iters: 300, epoch: 9 | loss: 0.2700277
	speed: 0.0846s/iter; left time: 89.2946s
	iters: 400, epoch: 9 | loss: 0.2539546
	speed: 0.0739s/iter; left time: 70.6159s
	iters: 500, epoch: 9 | loss: 0.2816327
	speed: 0.0750s/iter; left time: 64.1259s
	iters: 600, epoch: 9 | loss: 0.2732455
	speed: 0.0836s/iter; left time: 63.1106s
Epoch: 9 cost time: 53.7255642414093
Epoch: 9, Steps: 677 | Train Loss: 0.2661822 Vali Loss: 0.3892924 Test Loss: 0.4571685
Validation loss decreased (0.390122 --> 0.389292).  Saving model ...
Updating learning rate to 3.90625e-06
	iters: 100, epoch: 10 | loss: 0.2773584
	speed: 0.4640s/iter; left time: 268.1756s
	iters: 200, epoch: 10 | loss: 0.2904966
	speed: 0.0814s/iter; left time: 38.9164s
	iters: 300, epoch: 10 | loss: 0.2548725
	speed: 0.0761s/iter; left time: 28.7610s
	iters: 400, epoch: 10 | loss: 0.2777026
	speed: 0.0759s/iter; left time: 21.0906s
	iters: 500, epoch: 10 | loss: 0.2920891
	speed: 0.0848s/iter; left time: 15.0919s
	iters: 600, epoch: 10 | loss: 0.2861488
	speed: 0.0780s/iter; left time: 6.0802s
Epoch: 10 cost time: 53.90980672836304
Epoch: 10, Steps: 677 | Train Loss: 0.2660384 Vali Loss: 0.3900680 Test Loss: 0.4571679
EarlyStopping counter: 1 out of 3
Updating learning rate to 1.953125e-06
>>>>>>>testing : traffic_720_720_DLinear_custom_ftM_sl720_ll48_pl720_dm512_nh8_el2_dl1_df2048_fc1_ebtimeF_dtTrue_Exp_0<<<<<<<<<<<<<<<<<<<<<<<<<<<<<<<<<
test 2789
mse:0.4570338137149811, mae:0.3098636486530304
