Args in experiment:
Namespace(is_training=1, train_only=False, model_id='ETTh1_720_192', model='DLinear', data='ETTh1', root_path='./dataset/', data_path='ETTh1.csv', features='M', target='OT', freq='h', checkpoints='./checkpoints/', seq_len=720, label_len=48, pred_len=192, individual=False, embed_type=0, enc_in=7, dec_in=7, c_out=7, d_model=512, n_heads=8, e_layers=2, d_layers=1, d_ff=2048, moving_avg=25, factor=1, distil=True, dropout=0.05, embed='timeF', activation='gelu', output_attention=False, do_predict=False, num_workers=10, itr=1, train_epochs=10, batch_size=32, patience=3, learning_rate=0.005, des='Exp', loss='mse', lradj='type1', use_amp=False, use_gpu=True, gpu=7, use_multi_gpu=False, devices='0,1,2,3', test_flop=False)
Use GPU: cuda:7
>>>>>>>start training : ETTh1_720_192_DLinear_ETTh1_ftM_sl720_ll48_pl192_dm512_nh8_el2_dl1_df2048_fc1_ebtimeF_dtTrue_Exp_0>>>>>>>>>>>>>>>>>>>>>>>>>>
train 7729
val 2689
test 2689
	iters: 100, epoch: 1 | loss: 0.4234832
	speed: 0.0193s/iter; left time: 44.5086s
	iters: 200, epoch: 1 | loss: 0.4305508
	speed: 0.0074s/iter; left time: 16.4297s
Epoch: 1 cost time: 3.053905725479126
Epoch: 1, Steps: 241 | Train Loss: 0.5143444 Vali Loss: 0.9952378 Test Loss: 0.5248175
Validation loss decreased (inf --> 0.995238).  Saving model ...
Updating learning rate to 0.005
	iters: 100, epoch: 2 | loss: 0.4192670
	speed: 0.0350s/iter; left time: 72.4352s
	iters: 200, epoch: 2 | loss: 0.4515848
	speed: 0.0063s/iter; left time: 12.3533s
Epoch: 2 cost time: 2.080904722213745
Epoch: 2, Steps: 241 | Train Loss: 0.4585108 Vali Loss: 1.1097596 Test Loss: 0.5295808
EarlyStopping counter: 1 out of 3
Updating learning rate to 0.0025
	iters: 100, epoch: 3 | loss: 0.4270417
	speed: 0.0388s/iter; left time: 70.9380s
	iters: 200, epoch: 3 | loss: 0.4382315
	speed: 0.0081s/iter; left time: 14.0147s
Epoch: 3 cost time: 2.7080888748168945
Epoch: 3, Steps: 241 | Train Loss: 0.4095614 Vali Loss: 0.9310324 Test Loss: 0.4631587
Validation loss decreased (0.995238 --> 0.931032).  Saving model ...
Updating learning rate to 0.00125
	iters: 100, epoch: 4 | loss: 0.4513024
	speed: 0.0371s/iter; left time: 58.9637s
	iters: 200, epoch: 4 | loss: 0.4069641
	speed: 0.0069s/iter; left time: 10.2361s
Epoch: 4 cost time: 2.1758413314819336
Epoch: 4, Steps: 241 | Train Loss: 0.3856110 Vali Loss: 0.9106029 Test Loss: 0.4542748
Validation loss decreased (0.931032 --> 0.910603).  Saving model ...
Updating learning rate to 0.000625
	iters: 100, epoch: 5 | loss: 0.3591922
	speed: 0.0414s/iter; left time: 55.7182s
	iters: 200, epoch: 5 | loss: 0.4044251
	speed: 0.0073s/iter; left time: 9.1476s
Epoch: 5 cost time: 2.3926284313201904
Epoch: 5, Steps: 241 | Train Loss: 0.3745285 Vali Loss: 0.9216027 Test Loss: 0.4222492
EarlyStopping counter: 1 out of 3
Updating learning rate to 0.0003125
	iters: 100, epoch: 6 | loss: 0.3745719
	speed: 0.0350s/iter; left time: 38.7236s
	iters: 200, epoch: 6 | loss: 0.4155265
	speed: 0.0072s/iter; left time: 7.1934s
Epoch: 6 cost time: 2.17765736579895
Epoch: 6, Steps: 241 | Train Loss: 0.3683103 Vali Loss: 0.9031187 Test Loss: 0.4219073
Validation loss decreased (0.910603 --> 0.903119).  Saving model ...
Updating learning rate to 0.00015625
	iters: 100, epoch: 7 | loss: 0.3701673
	speed: 0.0371s/iter; left time: 32.1038s
	iters: 200, epoch: 7 | loss: 0.3267488
	speed: 0.0078s/iter; left time: 5.9389s
Epoch: 7 cost time: 2.413757562637329
Epoch: 7, Steps: 241 | Train Loss: 0.3649359 Vali Loss: 0.9133542 Test Loss: 0.4168170
EarlyStopping counter: 1 out of 3
Updating learning rate to 7.8125e-05
	iters: 100, epoch: 8 | loss: 0.3355396
	speed: 0.0443s/iter; left time: 27.6386s
	iters: 200, epoch: 8 | loss: 0.3234373
	speed: 0.0093s/iter; left time: 4.8863s
Epoch: 8 cost time: 2.6445467472076416
Epoch: 8, Steps: 241 | Train Loss: 0.3629417 Vali Loss: 0.9084588 Test Loss: 0.4142219
EarlyStopping counter: 2 out of 3
Updating learning rate to 3.90625e-05
	iters: 100, epoch: 9 | loss: 0.3573425
	speed: 0.0393s/iter; left time: 15.0473s
	iters: 200, epoch: 9 | loss: 0.4038267
	speed: 0.0070s/iter; left time: 1.9708s
Epoch: 9 cost time: 2.3235716819763184
Epoch: 9, Steps: 241 | Train Loss: 0.3617842 Vali Loss: 0.9005297 Test Loss: 0.4159076
Validation loss decreased (0.903119 --> 0.900530).  Saving model ...
Updating learning rate to 1.953125e-05
	iters: 100, epoch: 10 | loss: 0.3685961
	speed: 0.0413s/iter; left time: 5.8649s
	iters: 200, epoch: 10 | loss: 0.3476122
	speed: 0.0081s/iter; left time: 0.3419s
Epoch: 10 cost time: 2.5699048042297363
Epoch: 10, Steps: 241 | Train Loss: 0.3615274 Vali Loss: 0.9056392 Test Loss: 0.4143191
EarlyStopping counter: 1 out of 3
Updating learning rate to 9.765625e-06
>>>>>>>testing : ETTh1_720_192_DLinear_ETTh1_ftM_sl720_ll48_pl192_dm512_nh8_el2_dl1_df2048_fc1_ebtimeF_dtTrue_Exp_0<<<<<<<<<<<<<<<<<<<<<<<<<<<<<<<<<
test 2689
mse:0.41513970494270325, mae:0.4251370131969452
