Args in experiment:
Namespace(is_training=1, model_id='Electricity_720_720', model='SparseTSF', data='custom', root_path='./dataset/', data_path='electricity.csv', features='M', target='OT', freq='h', checkpoints='./checkpoints/', seq_len=720, label_len=48, pred_len=720, period_len=24, basis_num=6, fc_dropout=0.05, head_dropout=0.0, patch_len=16, stride=8, padding_patch='end', revin=1, affine=0, subtract_last=0, decomposition=0, kernel_size=7, individual=0, embed_type=0, enc_in=321, dec_in=7, c_out=7, d_model=512, n_heads=8, e_layers=2, d_layers=1, d_ff=2048, moving_avg=25, factor=1, distil=True, dropout=0.05, embed='learned', activation='gelu', output_attention=False, do_predict=False, num_workers=10, itr=1, train_epochs=30, batch_size=128, patience=5, learning_rate=0.02, des='test', loss='mse', lradj='type3', pct_start=0.3, use_amp=False, use_gpu=True, gpu=7, use_multi_gpu=0, devices='0,1', test_flop=False)
Use GPU: cuda:7
model的参数数量: 925
[INFO] Register count_convNd() for <class 'torch.nn.modules.conv.Conv1d'>.
[INFO] Register count_linear() for <class 'torch.nn.modules.linear.Linear'>.
MACs: 12711600.0
Params: 925.0
12.71M MACs
>>>>>>>start training : Electricity_720_720_SparseTSF_custom_ftM_sl720_pl720_test_0_seed2023>>>>>>>>>>>>>>>>>>>>>>>>>>
train 16973
val 1913
test 4541
	iters: 100, epoch: 1 | loss: 0.3103467
	speed: 0.2796s/iter; left time: 1079.7150s
Max Memory (MB): 0.0
Epoch: 1 cost time: 36.33410692214966
Epoch: 1, Steps: 132 | Train Loss: 0.4701534 Vali Loss: 0.2609163 Test Loss: 0.2907393
Validation loss decreased (inf --> 0.260916).  Saving model ...
Updating learning rate to 0.02
	iters: 100, epoch: 2 | loss: 0.2308692
	speed: 0.5795s/iter; left time: 2161.0205s
Max Memory (MB): 0.0
Epoch: 2 cost time: 33.38102841377258
Epoch: 2, Steps: 132 | Train Loss: 0.2382182 Vali Loss: 0.1776683 Test Loss: 0.2055146
Validation loss decreased (0.260916 --> 0.177668).  Saving model ...
Updating learning rate to 0.02
	iters: 100, epoch: 3 | loss: 0.2174839
	speed: 0.6011s/iter; left time: 2162.2542s
Max Memory (MB): 0.0
Epoch: 3 cost time: 34.84614968299866
Epoch: 3, Steps: 132 | Train Loss: 0.2203313 Vali Loss: 0.1771296 Test Loss: 0.2042755
Validation loss decreased (0.177668 --> 0.177130).  Saving model ...
Updating learning rate to 0.02
	iters: 100, epoch: 4 | loss: 0.2151334
	speed: 0.6073s/iter; left time: 2104.3871s
Max Memory (MB): 0.0
Epoch: 4 cost time: 34.16376090049744
Epoch: 4, Steps: 132 | Train Loss: 0.2193967 Vali Loss: 0.1759200 Test Loss: 0.2035300
Validation loss decreased (0.177130 --> 0.175920).  Saving model ...
Updating learning rate to 0.016
	iters: 100, epoch: 5 | loss: 0.2175509
	speed: 0.5917s/iter; left time: 1972.2379s
Max Memory (MB): 0.0
Epoch: 5 cost time: 34.76777124404907
Epoch: 5, Steps: 132 | Train Loss: 0.2191766 Vali Loss: 0.1758891 Test Loss: 0.2033807
Validation loss decreased (0.175920 --> 0.175889).  Saving model ...
Updating learning rate to 0.012800000000000002
	iters: 100, epoch: 6 | loss: 0.2139622
	speed: 0.5819s/iter; left time: 1862.6385s
Max Memory (MB): 0.0
Epoch: 6 cost time: 32.58562684059143
Epoch: 6, Steps: 132 | Train Loss: 0.2188928 Vali Loss: 0.1764302 Test Loss: 0.2032342
EarlyStopping counter: 1 out of 5
Updating learning rate to 0.010240000000000003
	iters: 100, epoch: 7 | loss: 0.2235020
	speed: 0.6140s/iter; left time: 1884.3877s
Max Memory (MB): 0.0
Epoch: 7 cost time: 35.07975149154663
Epoch: 7, Steps: 132 | Train Loss: 0.2188169 Vali Loss: 0.1763191 Test Loss: 0.2032291
EarlyStopping counter: 2 out of 5
Updating learning rate to 0.008192000000000001
	iters: 100, epoch: 8 | loss: 0.2234200
	speed: 0.5979s/iter; left time: 1755.9826s
Max Memory (MB): 0.0
Epoch: 8 cost time: 32.904343605041504
Epoch: 8, Steps: 132 | Train Loss: 0.2187839 Vali Loss: 0.1760301 Test Loss: 0.2032407
EarlyStopping counter: 3 out of 5
Updating learning rate to 0.0065536000000000014
	iters: 100, epoch: 9 | loss: 0.2306102
	speed: 0.5751s/iter; left time: 1613.1510s
Max Memory (MB): 0.0
Epoch: 9 cost time: 34.40195918083191
Epoch: 9, Steps: 132 | Train Loss: 0.2188274 Vali Loss: 0.1769085 Test Loss: 0.2031655
EarlyStopping counter: 4 out of 5
Updating learning rate to 0.005242880000000002
	iters: 100, epoch: 10 | loss: 0.2177814
	speed: 0.6054s/iter; left time: 1618.2960s
Max Memory (MB): 0.0
Epoch: 10 cost time: 34.81318473815918
Epoch: 10, Steps: 132 | Train Loss: 0.2187881 Vali Loss: 0.1758900 Test Loss: 0.2034840
EarlyStopping counter: 5 out of 5
Early stopping
Final Max Memory (MB): 0.0
>>>>>>>testing : Electricity_720_720_SparseTSF_custom_ftM_sl720_pl720_test_0_seed2023<<<<<<<<<<<<<<<<<<<<<<<<<<<<<<<<<
test 4541
mse:0.2033800482749939, mae:0.29247498512268066, rse:0.45030128955841064
