Args in experiment:
Namespace(is_training=1, model_id='ETTh1_720_192', model='SparseTSF', data='ETTh1', root_path='./dataset/', data_path='ETTh1.csv', features='M', target='OT', freq='h', checkpoints='./checkpoints/', seq_len=720, label_len=48, pred_len=192, period_len=24, basis_num=6, fc_dropout=0.05, head_dropout=0.0, patch_len=16, stride=8, padding_patch='end', revin=1, affine=0, subtract_last=0, decomposition=0, kernel_size=7, individual=0, embed_type=0, enc_in=7, dec_in=7, c_out=7, d_model=512, n_heads=8, e_layers=2, d_layers=1, d_ff=2048, moving_avg=25, factor=1, distil=True, dropout=0.05, embed='learned', activation='gelu', output_attention=False, do_predict=False, num_workers=10, itr=1, train_epochs=30, batch_size=256, patience=5, learning_rate=0.02, des='test', loss='mse', lradj='type3', pct_start=0.3, use_amp=False, use_gpu=True, gpu=7, use_multi_gpu=0, devices='0,1', test_flop=False)
Use GPU: cuda:7
model的参数数量: 265
[INFO] Register count_convNd() for <class 'torch.nn.modules.conv.Conv1d'>.
[INFO] Register count_linear() for <class 'torch.nn.modules.linear.Linear'>.
MACs: 166320.0
Params: 265.0
166320.0 MACs
>>>>>>>start training : ETTh1_720_192_SparseTSF_ETTh1_ftM_sl720_pl192_test_0_seed2023>>>>>>>>>>>>>>>>>>>>>>>>>>
train 7729
val 2689
test 2689
Max Memory (MB): 0.0
Epoch: 1 cost time: 1.0510246753692627
Epoch: 1, Steps: 30 | Train Loss: 0.6940630 Vali Loss: 1.3343933 Test Loss: 0.5762030
Validation loss decreased (inf --> 1.334393).  Saving model ...
Updating learning rate to 0.02
Max Memory (MB): 0.0
Epoch: 2 cost time: 0.9784317016601562
Epoch: 2, Steps: 30 | Train Loss: 0.6092339 Vali Loss: 1.0832524 Test Loss: 0.4432110
Validation loss decreased (1.334393 --> 1.083252).  Saving model ...
Updating learning rate to 0.02
Max Memory (MB): 0.0
Epoch: 3 cost time: 0.9259552955627441
Epoch: 3, Steps: 30 | Train Loss: 0.4482336 Vali Loss: 1.0682939 Test Loss: 0.4570711
Validation loss decreased (1.083252 --> 1.068294).  Saving model ...
Updating learning rate to 0.02
Max Memory (MB): 0.0
Epoch: 4 cost time: 0.9324221611022949
Epoch: 4, Steps: 30 | Train Loss: 0.4049344 Vali Loss: 1.0041211 Test Loss: 0.4055585
Validation loss decreased (1.068294 --> 1.004121).  Saving model ...
Updating learning rate to 0.016
Max Memory (MB): 0.0
Epoch: 5 cost time: 0.9216108322143555
Epoch: 5, Steps: 30 | Train Loss: 0.3927514 Vali Loss: 0.9966499 Test Loss: 0.4019750
Validation loss decreased (1.004121 --> 0.996650).  Saving model ...
Updating learning rate to 0.012800000000000002
Max Memory (MB): 0.0
Epoch: 6 cost time: 0.9341022968292236
Epoch: 6, Steps: 30 | Train Loss: 0.3895392 Vali Loss: 0.9686054 Test Loss: 0.3993068
Validation loss decreased (0.996650 --> 0.968605).  Saving model ...
Updating learning rate to 0.010240000000000003
Max Memory (MB): 0.0
Epoch: 7 cost time: 0.9576566219329834
Epoch: 7, Steps: 30 | Train Loss: 0.3878817 Vali Loss: 0.9657461 Test Loss: 0.3971366
Validation loss decreased (0.968605 --> 0.965746).  Saving model ...
Updating learning rate to 0.008192000000000001
Max Memory (MB): 0.0
Epoch: 8 cost time: 0.9548482894897461
Epoch: 8, Steps: 30 | Train Loss: 0.3873258 Vali Loss: 0.9680858 Test Loss: 0.3972657
EarlyStopping counter: 1 out of 5
Updating learning rate to 0.0065536000000000014
Max Memory (MB): 0.0
Epoch: 9 cost time: 1.2015149593353271
Epoch: 9, Steps: 30 | Train Loss: 0.3871569 Vali Loss: 0.9788642 Test Loss: 0.3991806
EarlyStopping counter: 2 out of 5
Updating learning rate to 0.005242880000000002
Max Memory (MB): 0.0
Epoch: 10 cost time: 0.9163062572479248
Epoch: 10, Steps: 30 | Train Loss: 0.3871930 Vali Loss: 0.9664164 Test Loss: 0.3965437
EarlyStopping counter: 3 out of 5
Updating learning rate to 0.004194304000000002
Max Memory (MB): 0.0
Epoch: 11 cost time: 0.948096752166748
Epoch: 11, Steps: 30 | Train Loss: 0.3869598 Vali Loss: 0.9712309 Test Loss: 0.3970366
EarlyStopping counter: 4 out of 5
Updating learning rate to 0.003355443200000002
Max Memory (MB): 0.0
Epoch: 12 cost time: 0.9463984966278076
Epoch: 12, Steps: 30 | Train Loss: 0.3868956 Vali Loss: 0.9742939 Test Loss: 0.3980817
EarlyStopping counter: 5 out of 5
Early stopping
Final Max Memory (MB): 0.0
>>>>>>>testing : ETTh1_720_192_SparseTSF_ETTh1_ftM_sl720_pl192_test_0_seed2023<<<<<<<<<<<<<<<<<<<<<<<<<<<<<<<<<
test 2689
mse:0.39713671803474426, mae:0.40642955899238586, rse:0.5994096994400024
