Args in experiment:
Namespace(is_training=1, model_id='weather_720_720', model='SparseTSF', data='custom', root_path='./dataset/', data_path='weather.csv', features='M', target='OT', freq='h', checkpoints='./checkpoints/', seq_len=720, label_len=48, pred_len=720, period_len=4, basis_num=6, fc_dropout=0.05, head_dropout=0.0, patch_len=16, stride=8, padding_patch='end', revin=1, affine=0, subtract_last=0, decomposition=0, kernel_size=7, individual=0, embed_type=0, enc_in=21, dec_in=7, c_out=7, d_model=512, n_heads=8, e_layers=2, d_layers=1, d_ff=2048, moving_avg=25, factor=1, distil=True, dropout=0.05, embed='learned', activation='gelu', output_attention=False, do_predict=False, num_workers=10, itr=1, train_epochs=30, batch_size=256, patience=5, learning_rate=0.02, des='test', loss='mse', lradj='type3', pct_start=0.3, use_amp=False, use_gpu=True, gpu=0, use_multi_gpu=0, devices='0,1', test_flop=False)
Use GPU: cuda:0
model的参数数量: 32405
[INFO] Register count_convNd() for <class 'torch.nn.modules.conv.Conv1d'>.
[INFO] Register count_linear() for <class 'torch.nn.modules.linear.Linear'>.
MACs: 2797200.0
Params: 32405.0
2.80M MACs
>>>>>>>start training : weather_720_720_SparseTSF_custom_ftM_sl720_pl720_test_0_seed2023>>>>>>>>>>>>>>>>>>>>>>>>>>
train 35448
val 4551
test 9820
	iters: 100, epoch: 1 | loss: 0.5959992
	speed: 0.0760s/iter; left time: 307.0402s
Max Memory (MB): 871.63916015625
Epoch: 1 cost time: 10.168548107147217
Epoch: 1, Steps: 138 | Train Loss: 0.7117775 Vali Loss: 0.6418127 Test Loss: 0.3300298
Validation loss decreased (inf --> 0.641813).  Saving model ...
Updating learning rate to 0.02
	iters: 100, epoch: 2 | loss: 0.5570084
	speed: 0.2054s/iter; left time: 801.5832s
Max Memory (MB): 871.63916015625
Epoch: 2 cost time: 11.537593364715576
Epoch: 2, Steps: 138 | Train Loss: 0.6049424 Vali Loss: 0.6181774 Test Loss: 0.3210640
Validation loss decreased (0.641813 --> 0.618177).  Saving model ...
Updating learning rate to 0.02
	iters: 100, epoch: 3 | loss: 0.6490323
	speed: 0.1854s/iter; left time: 698.0167s
Max Memory (MB): 871.63916015625
Epoch: 3 cost time: 10.834769487380981
Epoch: 3, Steps: 138 | Train Loss: 0.5958099 Vali Loss: 0.6239648 Test Loss: 0.3190225
EarlyStopping counter: 1 out of 5
Updating learning rate to 0.02
	iters: 100, epoch: 4 | loss: 0.5356388
	speed: 0.2249s/iter; left time: 815.7945s
Max Memory (MB): 871.63916015625
Epoch: 4 cost time: 12.131900310516357
Epoch: 4, Steps: 138 | Train Loss: 0.5930873 Vali Loss: 0.6203028 Test Loss: 0.3211119
EarlyStopping counter: 2 out of 5
Updating learning rate to 0.016
	iters: 100, epoch: 5 | loss: 0.5441055
	speed: 0.2214s/iter; left time: 772.4319s
Max Memory (MB): 871.63916015625
Epoch: 5 cost time: 11.883634090423584
Epoch: 5, Steps: 138 | Train Loss: 0.5903181 Vali Loss: 0.6138422 Test Loss: 0.3192208
Validation loss decreased (0.618177 --> 0.613842).  Saving model ...
Updating learning rate to 0.012800000000000002
	iters: 100, epoch: 6 | loss: 0.5774654
	speed: 0.1743s/iter; left time: 583.9744s
Max Memory (MB): 871.63916015625
Epoch: 6 cost time: 8.818610429763794
Epoch: 6, Steps: 138 | Train Loss: 0.5885961 Vali Loss: 0.6174856 Test Loss: 0.3190990
EarlyStopping counter: 1 out of 5
Updating learning rate to 0.010240000000000003
	iters: 100, epoch: 7 | loss: 0.5502855
	speed: 0.2131s/iter; left time: 684.5881s
Max Memory (MB): 871.63916015625
Epoch: 7 cost time: 12.056172370910645
Epoch: 7, Steps: 138 | Train Loss: 0.5894124 Vali Loss: 0.6200702 Test Loss: 0.3195333
EarlyStopping counter: 2 out of 5
Updating learning rate to 0.008192000000000001
	iters: 100, epoch: 8 | loss: 0.6316362
	speed: 0.2066s/iter; left time: 635.1550s
Max Memory (MB): 871.63916015625
Epoch: 8 cost time: 10.571488380432129
Epoch: 8, Steps: 138 | Train Loss: 0.5884830 Vali Loss: 0.6172913 Test Loss: 0.3189465
EarlyStopping counter: 3 out of 5
Updating learning rate to 0.0065536000000000014
	iters: 100, epoch: 9 | loss: 0.5835155
	speed: 0.2123s/iter; left time: 623.4118s
Max Memory (MB): 871.63916015625
Epoch: 9 cost time: 12.123194694519043
Epoch: 9, Steps: 138 | Train Loss: 0.5886505 Vali Loss: 0.6133645 Test Loss: 0.3179182
Validation loss decreased (0.613842 --> 0.613364).  Saving model ...
Updating learning rate to 0.005242880000000002
	iters: 100, epoch: 10 | loss: 0.6364930
	speed: 0.2204s/iter; left time: 616.8011s
Max Memory (MB): 871.63916015625
Epoch: 10 cost time: 12.123783588409424
Epoch: 10, Steps: 138 | Train Loss: 0.5878764 Vali Loss: 0.6144511 Test Loss: 0.3188395
EarlyStopping counter: 1 out of 5
Updating learning rate to 0.004194304000000002
	iters: 100, epoch: 11 | loss: 0.5986337
	speed: 0.2197s/iter; left time: 584.5231s
Max Memory (MB): 871.63916015625
Epoch: 11 cost time: 11.331323385238647
Epoch: 11, Steps: 138 | Train Loss: 0.5883960 Vali Loss: 0.6168929 Test Loss: 0.3186729
EarlyStopping counter: 2 out of 5
Updating learning rate to 0.003355443200000002
	iters: 100, epoch: 12 | loss: 0.6048647
	speed: 0.2009s/iter; left time: 506.9361s
Max Memory (MB): 871.63916015625
Epoch: 12 cost time: 11.732657194137573
Epoch: 12, Steps: 138 | Train Loss: 0.5882307 Vali Loss: 0.6152064 Test Loss: 0.3188104
EarlyStopping counter: 3 out of 5
Updating learning rate to 0.002684354560000001
	iters: 100, epoch: 13 | loss: 0.5703448
	speed: 0.2186s/iter; left time: 521.3779s
Max Memory (MB): 871.63916015625
Epoch: 13 cost time: 11.872550964355469
Epoch: 13, Steps: 138 | Train Loss: 0.5880483 Vali Loss: 0.6163682 Test Loss: 0.3181790
EarlyStopping counter: 4 out of 5
Updating learning rate to 0.0021474836480000013
	iters: 100, epoch: 14 | loss: 0.5868580
	speed: 0.1933s/iter; left time: 434.4276s
Max Memory (MB): 871.63916015625
Epoch: 14 cost time: 11.20774507522583
Epoch: 14, Steps: 138 | Train Loss: 0.5879503 Vali Loss: 0.6165162 Test Loss: 0.3185203
EarlyStopping counter: 5 out of 5
Early stopping
Final Max Memory (MB): 871.63916015625
>>>>>>>testing : weather_720_720_SparseTSF_custom_ftM_sl720_pl720_test_0_seed2023<<<<<<<<<<<<<<<<<<<<<<<<<<<<<<<<<
test 9820
mse:0.3179178237915039, mae:0.3382321298122406, rse:0.7438321709632874
