Args in experiment:
Namespace(is_training=1, model_id='weather_720_336', model='SparseTSF', data='custom', root_path='./dataset/', data_path='weather.csv', features='M', target='OT', freq='h', checkpoints='./checkpoints/', seq_len=720, label_len=48, pred_len=336, period_len=4, basis_num=6, fc_dropout=0.05, head_dropout=0.0, patch_len=16, stride=8, padding_patch='end', revin=1, affine=0, subtract_last=0, decomposition=0, kernel_size=7, individual=0, embed_type=0, enc_in=21, dec_in=7, c_out=7, d_model=512, n_heads=8, e_layers=2, d_layers=1, d_ff=2048, moving_avg=25, factor=1, distil=True, dropout=0.05, embed='learned', activation='gelu', output_attention=False, do_predict=False, num_workers=10, itr=1, train_epochs=30, batch_size=256, patience=5, learning_rate=0.02, des='test', loss='mse', lradj='type3', pct_start=0.3, use_amp=False, use_gpu=True, gpu=0, use_multi_gpu=0, devices='0,1', test_flop=False)
Use GPU: cuda:0
model的参数数量: 15125
[INFO] Register count_convNd() for <class 'torch.nn.modules.conv.Conv1d'>.
[INFO] Register count_linear() for <class 'torch.nn.modules.linear.Linear'>.
MACs: 1345680.0
Params: 15125.0
1.35M MACs
>>>>>>>start training : weather_720_336_SparseTSF_custom_ftM_sl720_pl336_test_0_seed2023>>>>>>>>>>>>>>>>>>>>>>>>>>
train 35832
val 4935
test 10204
	iters: 100, epoch: 1 | loss: 0.6080765
	speed: 0.0735s/iter; left time: 299.2421s
Max Memory (MB): 471.43408203125
Epoch: 1 cost time: 9.839746475219727
Epoch: 1, Steps: 139 | Train Loss: 0.6667792 Vali Loss: 0.5695639 Test Loss: 0.2753068
Validation loss decreased (inf --> 0.569564).  Saving model ...
Updating learning rate to 0.02
	iters: 100, epoch: 2 | loss: 0.5334257
	speed: 0.1859s/iter; left time: 731.0749s
Max Memory (MB): 471.43408203125
Epoch: 2 cost time: 10.65444302558899
Epoch: 2, Steps: 139 | Train Loss: 0.5498394 Vali Loss: 0.5427082 Test Loss: 0.2612752
Validation loss decreased (0.569564 --> 0.542708).  Saving model ...
Updating learning rate to 0.02
	iters: 100, epoch: 3 | loss: 0.5399026
	speed: 0.1825s/iter; left time: 692.0839s
Max Memory (MB): 471.43408203125
Epoch: 3 cost time: 10.064515829086304
Epoch: 3, Steps: 139 | Train Loss: 0.5397876 Vali Loss: 0.5392811 Test Loss: 0.2621390
Validation loss decreased (0.542708 --> 0.539281).  Saving model ...
Updating learning rate to 0.02
	iters: 100, epoch: 4 | loss: 0.4916003
	speed: 0.1717s/iter; left time: 627.3393s
Max Memory (MB): 471.43408203125
Epoch: 4 cost time: 8.7530038356781
Epoch: 4, Steps: 139 | Train Loss: 0.5362109 Vali Loss: 0.5404353 Test Loss: 0.2627615
EarlyStopping counter: 1 out of 5
Updating learning rate to 0.016
	iters: 100, epoch: 5 | loss: 0.4559458
	speed: 0.1382s/iter; left time: 485.7833s
Max Memory (MB): 471.43408203125
Epoch: 5 cost time: 7.986146688461304
Epoch: 5, Steps: 139 | Train Loss: 0.5336036 Vali Loss: 0.5352260 Test Loss: 0.2601280
Validation loss decreased (0.539281 --> 0.535226).  Saving model ...
Updating learning rate to 0.012800000000000002
	iters: 100, epoch: 6 | loss: 0.4816922
	speed: 0.1745s/iter; left time: 589.1485s
Max Memory (MB): 471.43408203125
Epoch: 6 cost time: 10.645003318786621
Epoch: 6, Steps: 139 | Train Loss: 0.5327800 Vali Loss: 0.5336407 Test Loss: 0.2604973
Validation loss decreased (0.535226 --> 0.533641).  Saving model ...
Updating learning rate to 0.010240000000000003
	iters: 100, epoch: 7 | loss: 0.5466222
	speed: 0.1920s/iter; left time: 621.5972s
Max Memory (MB): 471.43408203125
Epoch: 7 cost time: 10.796009063720703
Epoch: 7, Steps: 139 | Train Loss: 0.5320722 Vali Loss: 0.5428485 Test Loss: 0.2612297
EarlyStopping counter: 1 out of 5
Updating learning rate to 0.008192000000000001
	iters: 100, epoch: 8 | loss: 0.6222214
	speed: 0.1914s/iter; left time: 593.0717s
Max Memory (MB): 471.43408203125
Epoch: 8 cost time: 11.001039028167725
Epoch: 8, Steps: 139 | Train Loss: 0.5332833 Vali Loss: 0.5351228 Test Loss: 0.2602390
EarlyStopping counter: 2 out of 5
Updating learning rate to 0.0065536000000000014
	iters: 100, epoch: 9 | loss: 0.4599938
	speed: 0.1999s/iter; left time: 591.5599s
Max Memory (MB): 471.43408203125
Epoch: 9 cost time: 9.910637140274048
Epoch: 9, Steps: 139 | Train Loss: 0.5321344 Vali Loss: 0.5364927 Test Loss: 0.2610215
EarlyStopping counter: 3 out of 5
Updating learning rate to 0.005242880000000002
	iters: 100, epoch: 10 | loss: 0.5709137
	speed: 0.1575s/iter; left time: 444.0814s
Max Memory (MB): 471.43408203125
Epoch: 10 cost time: 9.322246551513672
Epoch: 10, Steps: 139 | Train Loss: 0.5319888 Vali Loss: 0.5369615 Test Loss: 0.2627335
EarlyStopping counter: 4 out of 5
Updating learning rate to 0.004194304000000002
	iters: 100, epoch: 11 | loss: 0.5413691
	speed: 0.1912s/iter; left time: 512.5436s
Max Memory (MB): 471.43408203125
Epoch: 11 cost time: 10.522016763687134
Epoch: 11, Steps: 139 | Train Loss: 0.5314875 Vali Loss: 0.5337732 Test Loss: 0.2612597
EarlyStopping counter: 5 out of 5
Early stopping
Final Max Memory (MB): 471.43408203125
>>>>>>>testing : weather_720_336_SparseTSF_custom_ftM_sl720_pl336_test_0_seed2023<<<<<<<<<<<<<<<<<<<<<<<<<<<<<<<<<
test 10204
mse:0.26049700379371643, mae:0.2971694767475128, rse:0.6726837158203125
