Args in experiment:
Namespace(is_training=1, train_only=False, model_id='Informer_ETTh1_192_720', model='Informer', data='ETTh1', root_path='./dataset/', data_path='ETTh1.csv', features='M', target='OT', freq='h', checkpoints='./checkpoints/', seq_len=192, label_len=48, pred_len=720, individual=False, embed_type=0, enc_in=7, dec_in=7, c_out=7, d_model=512, n_heads=8, e_layers=2, d_layers=1, d_ff=2048, moving_avg=25, factor=3, distil=True, dropout=0.05, embed='timeF', activation='gelu', output_attention=False, do_predict=False, num_workers=10, itr=1, train_epochs=30, batch_size=32, patience=3, learning_rate=0.0001, des='Exp', loss='mse', lradj='type1', use_amp=False, use_gpu=True, gpu=0, use_multi_gpu=False, devices='0,1,2,3', test_flop=False)
Use GPU: cuda:0
>>>>>>>start training : Informer_ETTh1_192_720_Informer_ETTh1_ftM_sl192_ll48_pl720_dm512_nh8_el2_dl1_df2048_fc3_ebtimeF_dtTrue_Exp_0>>>>>>>>>>>>>>>>>>>>>>>>>>
train 7729
val 2161
test 2161
	iters: 100, epoch: 1 | loss: 0.5799515
	speed: 0.5637s/iter; left time: 4036.6320s
	iters: 200, epoch: 1 | loss: 0.5306630
	speed: 0.4559s/iter; left time: 3218.7965s
Epoch: 1 cost time: 121.90502047538757
Epoch: 1, Steps: 242 | Train Loss: 0.5605511 Vali Loss: 1.8036933 Test Loss: 1.2195612
Validation loss decreased (inf --> 1.803693).  Saving model ...
Updating learning rate to 0.0001
	iters: 100, epoch: 2 | loss: 0.4519934
	speed: 1.0784s/iter; left time: 7461.5737s
	iters: 200, epoch: 2 | loss: 0.4833423
	speed: 0.4258s/iter; left time: 2903.5521s
Epoch: 2 cost time: 109.25455927848816
Epoch: 2, Steps: 242 | Train Loss: 0.4847566 Vali Loss: 1.7246165 Test Loss: 1.2309785
Validation loss decreased (1.803693 --> 1.724617).  Saving model ...
Updating learning rate to 5e-05
	iters: 100, epoch: 3 | loss: 0.4074633
	speed: 1.0560s/iter; left time: 7050.7369s
	iters: 200, epoch: 3 | loss: 0.4621511
	speed: 0.4496s/iter; left time: 2957.1222s
Epoch: 3 cost time: 110.18280482292175
Epoch: 3, Steps: 242 | Train Loss: 0.4576104 Vali Loss: 1.7178441 Test Loss: 1.2600205
Validation loss decreased (1.724617 --> 1.717844).  Saving model ...
Updating learning rate to 2.5e-05
	iters: 100, epoch: 4 | loss: 0.4287584
	speed: 1.1069s/iter; left time: 7122.9966s
	iters: 200, epoch: 4 | loss: 0.4525246
	speed: 0.4402s/iter; left time: 2788.4966s
Epoch: 4 cost time: 109.80945110321045
Epoch: 4, Steps: 242 | Train Loss: 0.4484925 Vali Loss: 1.7388161 Test Loss: 1.2504600
EarlyStopping counter: 1 out of 3
Updating learning rate to 1.25e-05
	iters: 100, epoch: 5 | loss: 0.4160063
	speed: 1.0996s/iter; left time: 6810.0881s
	iters: 200, epoch: 5 | loss: 0.4204784
	speed: 0.4635s/iter; left time: 2824.1440s
Epoch: 5 cost time: 115.45046830177307
Epoch: 5, Steps: 242 | Train Loss: 0.4437504 Vali Loss: 1.7611840 Test Loss: 1.2502582
EarlyStopping counter: 2 out of 3
Updating learning rate to 6.25e-06
	iters: 100, epoch: 6 | loss: 0.4453019
	speed: 1.1099s/iter; left time: 6605.3094s
	iters: 200, epoch: 6 | loss: 0.4230926
	speed: 0.4612s/iter; left time: 2698.1946s
Epoch: 6 cost time: 114.73795509338379
Epoch: 6, Steps: 242 | Train Loss: 0.4411812 Vali Loss: 1.7492437 Test Loss: 1.2565550
EarlyStopping counter: 3 out of 3
Early stopping
>>>>>>>testing : Informer_ETTh1_192_720_Informer_ETTh1_ftM_sl192_ll48_pl720_dm512_nh8_el2_dl1_df2048_fc3_ebtimeF_dtTrue_Exp_0<<<<<<<<<<<<<<<<<<<<<<<<<<<<<<<<<
test 2161
mse:1.258101224899292, mae:0.8918190598487854
