Args in experiment:
Namespace(is_training=1, train_only=False, model_id='Informer_electricity_192_192', model='Informer', data='custom', root_path='./dataset/', data_path='electricity.csv', features='M', target='OT', freq='h', checkpoints='./checkpoints/', seq_len=192, label_len=48, pred_len=192, individual=False, embed_type=0, enc_in=321, dec_in=321, c_out=321, d_model=512, n_heads=8, e_layers=2, d_layers=1, d_ff=2048, moving_avg=25, factor=3, distil=True, dropout=0.05, embed='timeF', activation='gelu', output_attention=False, do_predict=False, num_workers=10, itr=1, train_epochs=30, batch_size=32, patience=3, learning_rate=0.0001, des='Exp', loss='mse', lradj='type1', use_amp=False, use_gpu=True, gpu=0, use_multi_gpu=False, devices='0,1,2,3', test_flop=False)
Use GPU: cuda:0
>>>>>>>start training : Informer_electricity_192_192_Informer_custom_ftM_sl192_ll48_pl192_dm512_nh8_el2_dl1_df2048_fc3_ebtimeF_dtTrue_Exp_0>>>>>>>>>>>>>>>>>>>>>>>>>>
train 18029
val 2441
test 5069
	iters: 100, epoch: 1 | loss: 0.8411824
	speed: 0.3098s/iter; left time: 5210.8069s
	iters: 200, epoch: 1 | loss: 0.7355739
	speed: 0.2710s/iter; left time: 4532.0835s
	iters: 300, epoch: 1 | loss: 0.6058244
	speed: 0.2665s/iter; left time: 4430.0863s
	iters: 400, epoch: 1 | loss: 0.5602801
	speed: 0.2716s/iter; left time: 4487.3192s
	iters: 500, epoch: 1 | loss: 0.4780362
	speed: 0.2783s/iter; left time: 4569.8071s
Epoch: 1 cost time: 157.94413375854492
Epoch: 1, Steps: 564 | Train Loss: 0.6665168 Vali Loss: 0.4708526 Test Loss: 0.5848479
Validation loss decreased (inf --> 0.470853).  Saving model ...
Updating learning rate to 0.0001
	iters: 100, epoch: 2 | loss: 0.3164597
	speed: 0.8322s/iter; left time: 13528.9082s
	iters: 200, epoch: 2 | loss: 0.2685281
	speed: 0.2723s/iter; left time: 4399.4654s
	iters: 300, epoch: 2 | loss: 0.2716509
	speed: 0.2771s/iter; left time: 4449.9230s
	iters: 400, epoch: 2 | loss: 0.2162072
	speed: 0.2748s/iter; left time: 4385.5903s
	iters: 500, epoch: 2 | loss: 0.2321204
	speed: 0.2772s/iter; left time: 4395.7525s
Epoch: 2 cost time: 156.1364541053772
Epoch: 2, Steps: 564 | Train Loss: 0.2696532 Vali Loss: 0.2956915 Test Loss: 0.3611365
Validation loss decreased (0.470853 --> 0.295691).  Saving model ...
Updating learning rate to 5e-05
	iters: 100, epoch: 3 | loss: 0.1980938
	speed: 0.8625s/iter; left time: 13534.6052s
	iters: 200, epoch: 3 | loss: 0.1980068
	speed: 0.2728s/iter; left time: 4253.2861s
	iters: 300, epoch: 3 | loss: 0.2083032
	speed: 0.2790s/iter; left time: 4321.9402s
	iters: 400, epoch: 3 | loss: 0.1977531
	speed: 0.2790s/iter; left time: 4294.8397s
	iters: 500, epoch: 3 | loss: 0.2040986
	speed: 0.2698s/iter; left time: 4126.7442s
Epoch: 3 cost time: 155.6892647743225
Epoch: 3, Steps: 564 | Train Loss: 0.1990222 Vali Loss: 0.2689615 Test Loss: 0.3500667
Validation loss decreased (0.295691 --> 0.268961).  Saving model ...
Updating learning rate to 2.5e-05
	iters: 100, epoch: 4 | loss: 0.1792186
	speed: 0.8548s/iter; left time: 12932.7524s
	iters: 200, epoch: 4 | loss: 0.2024380
	speed: 0.2790s/iter; left time: 4193.6680s
	iters: 300, epoch: 4 | loss: 0.1801883
	speed: 0.2761s/iter; left time: 4122.1564s
	iters: 400, epoch: 4 | loss: 0.1869802
	speed: 0.2770s/iter; left time: 4107.8905s
	iters: 500, epoch: 4 | loss: 0.1914022
	speed: 0.2733s/iter; left time: 4024.8034s
Epoch: 4 cost time: 156.65274310112
Epoch: 4, Steps: 564 | Train Loss: 0.1860062 Vali Loss: 0.2755902 Test Loss: 0.3555425
EarlyStopping counter: 1 out of 3
Updating learning rate to 1.25e-05
	iters: 100, epoch: 5 | loss: 0.1866726
	speed: 0.8559s/iter; left time: 12465.9966s
	iters: 200, epoch: 5 | loss: 0.1828869
	speed: 0.2756s/iter; left time: 3987.2627s
	iters: 300, epoch: 5 | loss: 0.1780815
	speed: 0.2730s/iter; left time: 3921.8194s
	iters: 400, epoch: 5 | loss: 0.1808359
	speed: 0.2753s/iter; left time: 3927.5658s
	iters: 500, epoch: 5 | loss: 0.1747832
	speed: 0.2765s/iter; left time: 3917.0879s
Epoch: 5 cost time: 157.32059788703918
Epoch: 5, Steps: 564 | Train Loss: 0.1801033 Vali Loss: 0.2704427 Test Loss: 0.3534415
EarlyStopping counter: 2 out of 3
Updating learning rate to 6.25e-06
	iters: 100, epoch: 6 | loss: 0.1751801
	speed: 0.8880s/iter; left time: 12433.3642s
	iters: 200, epoch: 6 | loss: 0.1778995
	speed: 0.2758s/iter; left time: 3834.3991s
	iters: 300, epoch: 6 | loss: 0.1661422
	speed: 0.2715s/iter; left time: 3747.5018s
	iters: 400, epoch: 6 | loss: 0.1750690
	speed: 0.2779s/iter; left time: 3808.1125s
	iters: 500, epoch: 6 | loss: 0.1892307
	speed: 0.2901s/iter; left time: 3945.0769s
Epoch: 6 cost time: 159.01256656646729
Epoch: 6, Steps: 564 | Train Loss: 0.1769730 Vali Loss: 0.2651389 Test Loss: 0.3464645
Validation loss decreased (0.268961 --> 0.265139).  Saving model ...
Updating learning rate to 3.125e-06
	iters: 100, epoch: 7 | loss: 0.1706666
	speed: 0.8532s/iter; left time: 11464.4501s
	iters: 200, epoch: 7 | loss: 0.1743030
	speed: 0.2778s/iter; left time: 3705.6808s
	iters: 300, epoch: 7 | loss: 0.1731821
	speed: 0.2835s/iter; left time: 3753.1592s
	iters: 400, epoch: 7 | loss: 0.1799878
	speed: 0.2758s/iter; left time: 3623.3272s
	iters: 500, epoch: 7 | loss: 0.1678654
	speed: 0.2729s/iter; left time: 3557.9924s
Epoch: 7 cost time: 156.98956942558289
Epoch: 7, Steps: 564 | Train Loss: 0.1753645 Vali Loss: 0.2635235 Test Loss: 0.3466884
Validation loss decreased (0.265139 --> 0.263524).  Saving model ...
Updating learning rate to 1.5625e-06
	iters: 100, epoch: 8 | loss: 0.1725868
	speed: 0.8975s/iter; left time: 11553.1161s
	iters: 200, epoch: 8 | loss: 0.1691911
	speed: 0.2683s/iter; left time: 3427.5479s
	iters: 300, epoch: 8 | loss: 0.1762451
	speed: 0.2724s/iter; left time: 3451.8708s
	iters: 400, epoch: 8 | loss: 0.1820200
	speed: 0.2694s/iter; left time: 3386.5460s
	iters: 500, epoch: 8 | loss: 0.1822924
	speed: 0.2678s/iter; left time: 3340.0970s
Epoch: 8 cost time: 154.00674414634705
Epoch: 8, Steps: 564 | Train Loss: 0.1745106 Vali Loss: 0.2646487 Test Loss: 0.3475836
EarlyStopping counter: 1 out of 3
Updating learning rate to 7.8125e-07
	iters: 100, epoch: 9 | loss: 0.1780215
	speed: 0.8626s/iter; left time: 10618.0289s
	iters: 200, epoch: 9 | loss: 0.1799189
	speed: 0.2708s/iter; left time: 3306.6415s
	iters: 300, epoch: 9 | loss: 0.1772897
	speed: 0.2772s/iter; left time: 3356.4138s
	iters: 400, epoch: 9 | loss: 0.1694162
	speed: 0.2900s/iter; left time: 3482.5675s
	iters: 500, epoch: 9 | loss: 0.1660211
	speed: 0.2772s/iter; left time: 3300.8563s
Epoch: 9 cost time: 157.4455864429474
Epoch: 9, Steps: 564 | Train Loss: 0.1739872 Vali Loss: 0.2646012 Test Loss: 0.3487182
EarlyStopping counter: 2 out of 3
Updating learning rate to 3.90625e-07
	iters: 100, epoch: 10 | loss: 0.1733571
	speed: 0.8338s/iter; left time: 9792.6662s
	iters: 200, epoch: 10 | loss: 0.1638287
	speed: 0.2732s/iter; left time: 3181.8644s
	iters: 300, epoch: 10 | loss: 0.1732954
	speed: 0.2764s/iter; left time: 3190.9017s
	iters: 400, epoch: 10 | loss: 0.1713323
	speed: 0.2829s/iter; left time: 3238.2990s
	iters: 500, epoch: 10 | loss: 0.1759855
	speed: 0.2785s/iter; left time: 3160.1020s
Epoch: 10 cost time: 157.53179049491882
Epoch: 10, Steps: 564 | Train Loss: 0.1738099 Vali Loss: 0.2645390 Test Loss: 0.3488762
EarlyStopping counter: 3 out of 3
Early stopping
>>>>>>>testing : Informer_electricity_192_192_Informer_custom_ftM_sl192_ll48_pl192_dm512_nh8_el2_dl1_df2048_fc3_ebtimeF_dtTrue_Exp_0<<<<<<<<<<<<<<<<<<<<<<<<<<<<<<<<<
test 5069
mse:0.3452390134334564, mae:0.4309822618961334
