Args in experiment:
Namespace(is_training=1, train_only=False, model_id='Informer_traffic_720_96', model='Informer', data='custom', root_path='./dataset/', data_path='traffic.csv', features='M', target='OT', freq='h', checkpoints='./checkpoints/', seq_len=720, label_len=48, pred_len=96, individual=False, embed_type=0, enc_in=862, dec_in=862, c_out=862, d_model=512, n_heads=8, e_layers=2, d_layers=1, d_ff=2048, moving_avg=25, factor=3, distil=True, dropout=0.05, embed='timeF', activation='gelu', output_attention=False, do_predict=False, num_workers=10, itr=1, train_epochs=30, batch_size=32, patience=3, learning_rate=0.0001, des='Exp', loss='mse', lradj='type1', use_amp=False, use_gpu=True, gpu=0, use_multi_gpu=False, devices='0,1,2,3', test_flop=False)
Use GPU: cuda:0
>>>>>>>start training : Informer_traffic_720_96_Informer_custom_ftM_sl720_ll48_pl96_dm512_nh8_el2_dl1_df2048_fc3_ebtimeF_dtTrue_Exp_0>>>>>>>>>>>>>>>>>>>>>>>>>>
train 11465
val 1661
test 3413
	iters: 100, epoch: 1 | loss: 0.9403827
	speed: 0.6260s/iter; left time: 6679.8974s
	iters: 200, epoch: 1 | loss: 0.7510834
	speed: 0.5820s/iter; left time: 6152.3793s
	iters: 300, epoch: 1 | loss: 0.6386237
	speed: 0.5732s/iter; left time: 6002.2118s
Epoch: 1 cost time: 211.04505491256714
Epoch: 1, Steps: 359 | Train Loss: 0.8133871 Vali Loss: 0.8105124 Test Loss: 1.0810642
Validation loss decreased (inf --> 0.810512).  Saving model ...
Updating learning rate to 0.0001
	iters: 100, epoch: 2 | loss: 0.4249057
	speed: 1.6101s/iter; left time: 16603.0004s
	iters: 200, epoch: 2 | loss: 0.3905398
	speed: 0.5359s/iter; left time: 5472.8140s
	iters: 300, epoch: 2 | loss: 0.3764148
	speed: 0.5441s/iter; left time: 5502.1569s
Epoch: 2 cost time: 197.38099312782288
Epoch: 2, Steps: 359 | Train Loss: 0.4220537 Vali Loss: 0.6627734 Test Loss: 0.8467909
Validation loss decreased (0.810512 --> 0.662773).  Saving model ...
Updating learning rate to 5e-05
	iters: 100, epoch: 3 | loss: 0.3289073
	speed: 1.5275s/iter; left time: 15203.2181s
	iters: 200, epoch: 3 | loss: 0.3061203
	speed: 0.5293s/iter; left time: 5215.1408s
	iters: 300, epoch: 3 | loss: 0.3194377
	speed: 0.5558s/iter; left time: 5420.8229s
Epoch: 3 cost time: 195.03603649139404
Epoch: 3, Steps: 359 | Train Loss: 0.3193884 Vali Loss: 0.6558306 Test Loss: 0.8187340
Validation loss decreased (0.662773 --> 0.655831).  Saving model ...
Updating learning rate to 2.5e-05
	iters: 100, epoch: 4 | loss: 0.3187315
	speed: 1.5247s/iter; left time: 14627.5439s
	iters: 200, epoch: 4 | loss: 0.2844989
	speed: 0.5320s/iter; left time: 5050.9828s
	iters: 300, epoch: 4 | loss: 0.2791675
	speed: 0.5339s/iter; left time: 5015.3014s
Epoch: 4 cost time: 193.43283319473267
Epoch: 4, Steps: 359 | Train Loss: 0.2939674 Vali Loss: 0.6316643 Test Loss: 0.8668130
Validation loss decreased (0.655831 --> 0.631664).  Saving model ...
Updating learning rate to 1.25e-05
	iters: 100, epoch: 5 | loss: 0.2774185
	speed: 1.5549s/iter; left time: 14359.3313s
	iters: 200, epoch: 5 | loss: 0.2707168
	speed: 0.5424s/iter; left time: 4954.4203s
	iters: 300, epoch: 5 | loss: 0.2740004
	speed: 0.5430s/iter; left time: 4906.0057s
Epoch: 5 cost time: 194.98386597633362
Epoch: 5, Steps: 359 | Train Loss: 0.2828616 Vali Loss: 0.6099868 Test Loss: 0.8278667
Validation loss decreased (0.631664 --> 0.609987).  Saving model ...
Updating learning rate to 6.25e-06
	iters: 100, epoch: 6 | loss: 0.2677726
	speed: 1.5616s/iter; left time: 13861.0035s
	iters: 200, epoch: 6 | loss: 0.2603438
	speed: 0.5373s/iter; left time: 4715.5974s
	iters: 300, epoch: 6 | loss: 0.2664976
	speed: 0.5449s/iter; left time: 4727.1430s
Epoch: 6 cost time: 196.1527099609375
Epoch: 6, Steps: 359 | Train Loss: 0.2759170 Vali Loss: 0.6198887 Test Loss: 0.8307042
EarlyStopping counter: 1 out of 3
Updating learning rate to 3.125e-06
	iters: 100, epoch: 7 | loss: 0.2514848
	speed: 1.5430s/iter; left time: 13141.4320s
	iters: 200, epoch: 7 | loss: 0.2607608
	speed: 0.5340s/iter; left time: 4494.8833s
	iters: 300, epoch: 7 | loss: 0.2562174
	speed: 0.5512s/iter; left time: 4583.9951s
Epoch: 7 cost time: 197.64181900024414
Epoch: 7, Steps: 359 | Train Loss: 0.2720567 Vali Loss: 0.6221476 Test Loss: 0.8638237
EarlyStopping counter: 2 out of 3
Updating learning rate to 1.5625e-06
	iters: 100, epoch: 8 | loss: 0.2598597
	speed: 1.5245s/iter; left time: 12437.1893s
	iters: 200, epoch: 8 | loss: 0.2865546
	speed: 0.5406s/iter; left time: 4356.1335s
	iters: 300, epoch: 8 | loss: 0.2639516
	speed: 0.5300s/iter; left time: 4217.6770s
Epoch: 8 cost time: 197.28107213974
Epoch: 8, Steps: 359 | Train Loss: 0.2703979 Vali Loss: 0.6185611 Test Loss: 0.8608304
EarlyStopping counter: 3 out of 3
Early stopping
>>>>>>>testing : Informer_traffic_720_96_Informer_custom_ftM_sl720_ll48_pl96_dm512_nh8_el2_dl1_df2048_fc3_ebtimeF_dtTrue_Exp_0<<<<<<<<<<<<<<<<<<<<<<<<<<<<<<<<<
test 3413
mse:0.8287394046783447, mae:0.48704221844673157
