Args in experiment:
Namespace(is_training=1, train_only=False, model_id='ETTm1_720_720', model='Informer', data='ETTm1', root_path='./dataset/', data_path='ETTm1.csv', features='M', target='OT', freq='h', checkpoints='./checkpoints/', seq_len=720, label_len=48, pred_len=720, individual=False, embed_type=0, enc_in=7, dec_in=7, c_out=7, d_model=512, n_heads=8, e_layers=2, d_layers=1, d_ff=2048, moving_avg=25, factor=3, distil=True, dropout=0.05, embed='timeF', activation='gelu', output_attention=False, do_predict=False, num_workers=10, itr=1, train_epochs=30, batch_size=32, patience=3, learning_rate=0.0001, des='Exp', loss='mse', lradj='type1', use_amp=False, use_gpu=True, gpu=0, use_multi_gpu=False, devices='0,1,2,3', test_flop=False)
Use GPU: cuda:0
>>>>>>>start training : ETTm1_720_720_Informer_ETTm1_ftM_sl720_ll48_pl720_dm512_nh8_el2_dl1_df2048_fc3_ebtimeF_dtTrue_Exp_0>>>>>>>>>>>>>>>>>>>>>>>>>>
train 33121
val 10801
test 10801
	iters: 100, epoch: 1 | loss: 0.4797919
	speed: 0.5644s/iter; left time: 17486.9465s
	iters: 200, epoch: 1 | loss: 0.5197122
	speed: 0.5212s/iter; left time: 16096.0290s
	iters: 300, epoch: 1 | loss: 0.5327805
	speed: 0.5203s/iter; left time: 16016.1889s
	iters: 400, epoch: 1 | loss: 0.4919649
	speed: 0.5184s/iter; left time: 15904.6153s
	iters: 500, epoch: 1 | loss: 0.4458517
	speed: 0.5223s/iter; left time: 15971.1032s
	iters: 600, epoch: 1 | loss: 0.3894071
	speed: 0.5148s/iter; left time: 15690.2092s
	iters: 700, epoch: 1 | loss: 0.4251367
	speed: 0.5184s/iter; left time: 15749.9201s
	iters: 800, epoch: 1 | loss: 0.4155892
	speed: 0.5193s/iter; left time: 15726.2196s
	iters: 900, epoch: 1 | loss: 0.3844516
	speed: 0.5190s/iter; left time: 15664.3123s
	iters: 1000, epoch: 1 | loss: 0.3805675
	speed: 0.5211s/iter; left time: 15676.5057s
Epoch: 1 cost time: 542.6411046981812
Epoch: 1, Steps: 1036 | Train Loss: 0.4546542 Vali Loss: 1.5635806 Test Loss: 1.5453345
Validation loss decreased (inf --> 1.563581).  Saving model ...
Updating learning rate to 0.0001
	iters: 100, epoch: 2 | loss: 0.3549355
	speed: 2.3429s/iter; left time: 70158.9149s
	iters: 200, epoch: 2 | loss: 0.3360955
	speed: 0.5208s/iter; left time: 15543.9667s
	iters: 300, epoch: 2 | loss: 0.3412331
	speed: 0.5182s/iter; left time: 15414.3821s
	iters: 400, epoch: 2 | loss: 0.3209538
	speed: 0.5134s/iter; left time: 15220.7554s
	iters: 500, epoch: 2 | loss: 0.2760935
	speed: 0.5069s/iter; left time: 14975.3021s
	iters: 600, epoch: 2 | loss: 0.3037347
	speed: 0.5195s/iter; left time: 15295.6526s
	iters: 700, epoch: 2 | loss: 0.2731423
	speed: 0.5243s/iter; left time: 15384.3756s
	iters: 800, epoch: 2 | loss: 0.2731817
	speed: 0.5231s/iter; left time: 15297.1426s
	iters: 900, epoch: 2 | loss: 0.2761845
	speed: 0.5237s/iter; left time: 15264.0247s
	iters: 1000, epoch: 2 | loss: 0.2702867
	speed: 0.5197s/iter; left time: 15095.1526s
Epoch: 2 cost time: 538.6678743362427
Epoch: 2, Steps: 1036 | Train Loss: 0.3064923 Vali Loss: 1.4929767 Test Loss: 1.5080658
Validation loss decreased (1.563581 --> 1.492977).  Saving model ...
Updating learning rate to 5e-05
	iters: 100, epoch: 3 | loss: 0.2473158
	speed: 2.3399s/iter; left time: 67645.3518s
	iters: 200, epoch: 3 | loss: 0.2714410
	speed: 0.5187s/iter; left time: 14942.3584s
	iters: 300, epoch: 3 | loss: 0.2439084
	speed: 0.5235s/iter; left time: 15028.7912s
	iters: 400, epoch: 3 | loss: 0.2318431
	speed: 0.5267s/iter; left time: 15068.7460s
	iters: 500, epoch: 3 | loss: 0.2485092
	speed: 0.5254s/iter; left time: 14979.2515s
	iters: 600, epoch: 3 | loss: 0.2400053
	speed: 0.6146s/iter; left time: 17460.0621s
	iters: 700, epoch: 3 | loss: 0.2568634
	speed: 0.7362s/iter; left time: 20841.6879s
	iters: 800, epoch: 3 | loss: 0.2369664
	speed: 0.7335s/iter; left time: 20691.9712s
	iters: 900, epoch: 3 | loss: 0.2234422
	speed: 0.7221s/iter; left time: 20297.9972s
	iters: 1000, epoch: 3 | loss: 0.2391335
	speed: 0.7360s/iter; left time: 20613.3676s
Epoch: 3 cost time: 641.4969456195831
Epoch: 3, Steps: 1036 | Train Loss: 0.2425949 Vali Loss: 1.4490964 Test Loss: 1.3968134
Validation loss decreased (1.492977 --> 1.449096).  Saving model ...
Updating learning rate to 2.5e-05
	iters: 100, epoch: 4 | loss: 0.2350860
	speed: 3.4553s/iter; left time: 96308.7914s
	iters: 200, epoch: 4 | loss: 0.2284126
	speed: 0.5205s/iter; left time: 14455.7585s
	iters: 300, epoch: 4 | loss: 0.2181030
	speed: 0.5182s/iter; left time: 14340.8743s
	iters: 400, epoch: 4 | loss: 0.2209568
	speed: 0.5284s/iter; left time: 14568.4534s
	iters: 500, epoch: 4 | loss: 0.2197085
	speed: 0.5239s/iter; left time: 14392.9207s
	iters: 600, epoch: 4 | loss: 0.2123417
	speed: 0.5233s/iter; left time: 14323.5255s
	iters: 700, epoch: 4 | loss: 0.2013575
	speed: 0.5245s/iter; left time: 14304.0414s
	iters: 800, epoch: 4 | loss: 0.2133577
	speed: 0.5197s/iter; left time: 14122.0471s
	iters: 900, epoch: 4 | loss: 0.2051353
	speed: 0.5251s/iter; left time: 14217.1976s
	iters: 1000, epoch: 4 | loss: 0.2227227
	speed: 0.5191s/iter; left time: 14000.5546s
Epoch: 4 cost time: 541.7947406768799
Epoch: 4, Steps: 1036 | Train Loss: 0.2185389 Vali Loss: 1.4903122 Test Loss: 1.4729394
EarlyStopping counter: 1 out of 3
Updating learning rate to 1.25e-05
	iters: 100, epoch: 5 | loss: 0.2249882
	speed: 2.3523s/iter; left time: 63128.4187s
	iters: 200, epoch: 5 | loss: 0.2138093
	speed: 0.5242s/iter; left time: 14015.5744s
	iters: 300, epoch: 5 | loss: 0.2045476
	speed: 0.5242s/iter; left time: 13964.3614s
	iters: 400, epoch: 5 | loss: 0.2196314
	speed: 0.5127s/iter; left time: 13604.8129s
	iters: 500, epoch: 5 | loss: 0.2022341
	speed: 0.5144s/iter; left time: 13600.3029s
	iters: 600, epoch: 5 | loss: 0.2009244
	speed: 0.5174s/iter; left time: 13627.5427s
	iters: 700, epoch: 5 | loss: 0.2009352
	speed: 0.5774s/iter; left time: 15150.3541s
	iters: 800, epoch: 5 | loss: 0.2004679
	speed: 0.6742s/iter; left time: 17620.5647s
	iters: 900, epoch: 5 | loss: 0.2016440
	speed: 0.6878s/iter; left time: 17909.2089s
	iters: 1000, epoch: 5 | loss: 0.2048610
	speed: 0.6909s/iter; left time: 17918.8117s
Epoch: 5 cost time: 600.7063202857971
Epoch: 5, Steps: 1036 | Train Loss: 0.2071888 Vali Loss: 1.5056773 Test Loss: 1.4862188
EarlyStopping counter: 2 out of 3
Updating learning rate to 6.25e-06
	iters: 100, epoch: 6 | loss: 0.1975687
	speed: 3.9246s/iter; left time: 101259.2731s
	iters: 200, epoch: 6 | loss: 0.2025706
	speed: 0.6811s/iter; left time: 17505.8108s
	iters: 300, epoch: 6 | loss: 0.2043065
	speed: 0.6810s/iter; left time: 17434.4001s
	iters: 400, epoch: 6 | loss: 0.1880276
	speed: 0.6789s/iter; left time: 17312.3610s
	iters: 500, epoch: 6 | loss: 0.2095838
	speed: 0.6957s/iter; left time: 17670.4363s
	iters: 600, epoch: 6 | loss: 0.1890799
	speed: 0.6918s/iter; left time: 17503.4387s
	iters: 700, epoch: 6 | loss: 0.2042695
	speed: 0.6856s/iter; left time: 17276.8579s
	iters: 800, epoch: 6 | loss: 0.1997857
	speed: 0.6942s/iter; left time: 17424.2512s
	iters: 900, epoch: 6 | loss: 0.2028858
	speed: 0.6907s/iter; left time: 17267.7995s
	iters: 1000, epoch: 6 | loss: 0.1940841
	speed: 0.6923s/iter; left time: 17239.7850s
Epoch: 6 cost time: 713.7496109008789
Epoch: 6, Steps: 1036 | Train Loss: 0.2011464 Vali Loss: 1.4870142 Test Loss: 1.4976088
EarlyStopping counter: 3 out of 3
Early stopping
>>>>>>>testing : ETTm1_720_720_Informer_ETTm1_ftM_sl720_ll48_pl720_dm512_nh8_el2_dl1_df2048_fc3_ebtimeF_dtTrue_Exp_0<<<<<<<<<<<<<<<<<<<<<<<<<<<<<<<<<
test 10801
mse:1.3970673084259033, mae:0.97279292345047
