Args in experiment:
Namespace(is_training=1, train_only=False, model_id='Informer_ETTh2_192_336', model='Informer', data='ETTh2', root_path='./dataset/', data_path='ETTh2.csv', features='M', target='OT', freq='h', checkpoints='./checkpoints/', seq_len=192, label_len=48, pred_len=336, individual=False, embed_type=0, enc_in=7, dec_in=7, c_out=7, d_model=512, n_heads=8, e_layers=2, d_layers=1, d_ff=2048, moving_avg=25, factor=3, distil=True, dropout=0.05, embed='timeF', activation='gelu', output_attention=False, do_predict=False, num_workers=10, itr=1, train_epochs=30, batch_size=32, patience=3, learning_rate=0.0001, des='Exp', loss='mse', lradj='type1', use_amp=False, use_gpu=True, gpu=0, use_multi_gpu=False, devices='0,1,2,3', test_flop=False)
Use GPU: cuda:0
>>>>>>>start training : Informer_ETTh2_192_336_Informer_ETTh2_ftM_sl192_ll48_pl336_dm512_nh8_el2_dl1_df2048_fc3_ebtimeF_dtTrue_Exp_0>>>>>>>>>>>>>>>>>>>>>>>>>>
train 8113
val 2545
test 2545
	iters: 100, epoch: 1 | loss: 0.3457553
	speed: 0.3566s/iter; left time: 2681.9768s
	iters: 200, epoch: 1 | loss: 0.3298649
	speed: 0.3243s/iter; left time: 2406.5120s
Epoch: 1 cost time: 86.41629338264465
Epoch: 1, Steps: 254 | Train Loss: 0.4247713 Vali Loss: 1.0397228 Test Loss: 4.0812044
Validation loss decreased (inf --> 1.039723).  Saving model ...
Updating learning rate to 0.0001
	iters: 100, epoch: 2 | loss: 0.2630713
	speed: 0.8635s/iter; left time: 6275.2412s
	iters: 200, epoch: 2 | loss: 0.2916699
	speed: 0.3343s/iter; left time: 2396.0344s
Epoch: 2 cost time: 85.71743321418762
Epoch: 2, Steps: 254 | Train Loss: 0.2994495 Vali Loss: 1.1592327 Test Loss: 5.2669015
EarlyStopping counter: 1 out of 3
Updating learning rate to 5e-05
	iters: 100, epoch: 3 | loss: 0.2271892
	speed: 0.8929s/iter; left time: 6261.9844s
	iters: 200, epoch: 3 | loss: 0.2226082
	speed: 0.3639s/iter; left time: 2515.9135s
Epoch: 3 cost time: 91.10465717315674
Epoch: 3, Steps: 254 | Train Loss: 0.2499605 Vali Loss: 1.1054966 Test Loss: 4.7823911
EarlyStopping counter: 2 out of 3
Updating learning rate to 2.5e-05
	iters: 100, epoch: 4 | loss: 0.2076718
	speed: 0.9821s/iter; left time: 6638.0533s
	iters: 200, epoch: 4 | loss: 0.1924219
	speed: 0.4027s/iter; left time: 2681.6865s
Epoch: 4 cost time: 99.17711758613586
Epoch: 4, Steps: 254 | Train Loss: 0.2306114 Vali Loss: 1.2106369 Test Loss: 5.2816219
EarlyStopping counter: 3 out of 3
Early stopping
>>>>>>>testing : Informer_ETTh2_192_336_Informer_ETTh2_ftM_sl192_ll48_pl336_dm512_nh8_el2_dl1_df2048_fc3_ebtimeF_dtTrue_Exp_0<<<<<<<<<<<<<<<<<<<<<<<<<<<<<<<<<
test 2545
mse:4.0659661293029785, mae:1.6575415134429932
