Args in experiment:
Namespace(is_training=1, train_only=False, model_id='ETTm2_720_96', model='Informer', data='ETTm2', root_path='./dataset/', data_path='ETTm2.csv', features='M', target='OT', freq='h', checkpoints='./checkpoints/', seq_len=720, label_len=48, pred_len=96, individual=False, embed_type=0, enc_in=7, dec_in=7, c_out=7, d_model=512, n_heads=8, e_layers=2, d_layers=1, d_ff=2048, moving_avg=25, factor=3, distil=True, dropout=0.05, embed='timeF', activation='gelu', output_attention=False, do_predict=False, num_workers=10, itr=1, train_epochs=30, batch_size=32, patience=3, learning_rate=0.0001, des='Exp', loss='mse', lradj='type1', use_amp=False, use_gpu=True, gpu=0, use_multi_gpu=False, devices='0,1,2,3', test_flop=False)
Use GPU: cuda:0
>>>>>>>start training : ETTm2_720_96_Informer_ETTm2_ftM_sl720_ll48_pl96_dm512_nh8_el2_dl1_df2048_fc3_ebtimeF_dtTrue_Exp_0>>>>>>>>>>>>>>>>>>>>>>>>>>
train 33745
val 11425
test 11425
	iters: 100, epoch: 1 | loss: 0.2106201
	speed: 0.1447s/iter; left time: 4566.0367s
	iters: 200, epoch: 1 | loss: 0.4641746
	speed: 0.1267s/iter; left time: 3984.6198s
	iters: 300, epoch: 1 | loss: 0.2519876
	speed: 0.1273s/iter; left time: 3992.2762s
	iters: 400, epoch: 1 | loss: 0.3017377
	speed: 0.1236s/iter; left time: 3861.7228s
	iters: 500, epoch: 1 | loss: 0.3529378
	speed: 0.1266s/iter; left time: 3945.1693s
	iters: 600, epoch: 1 | loss: 0.1650192
	speed: 0.1234s/iter; left time: 3832.1843s
	iters: 700, epoch: 1 | loss: 0.1845846
	speed: 0.1251s/iter; left time: 3871.5518s
	iters: 800, epoch: 1 | loss: 0.1630158
	speed: 0.1253s/iter; left time: 3864.8002s
	iters: 900, epoch: 1 | loss: 0.1376492
	speed: 0.1241s/iter; left time: 3817.1033s
	iters: 1000, epoch: 1 | loss: 0.1536519
	speed: 0.1280s/iter; left time: 3922.9641s
Epoch: 1 cost time: 134.6039960384369
Epoch: 1, Steps: 1055 | Train Loss: 0.2402784 Vali Loss: 0.8303797 Test Loss: 2.0053525
Validation loss decreased (inf --> 0.830380).  Saving model ...
Updating learning rate to 0.0001
	iters: 100, epoch: 2 | loss: 0.1827981
	speed: 0.5601s/iter; left time: 17079.3719s
	iters: 200, epoch: 2 | loss: 0.2070480
	speed: 0.1229s/iter; left time: 3736.3425s
	iters: 300, epoch: 2 | loss: 0.1125890
	speed: 0.1233s/iter; left time: 3734.8406s
	iters: 400, epoch: 2 | loss: 0.1186843
	speed: 0.1265s/iter; left time: 3819.7875s
	iters: 500, epoch: 2 | loss: 0.1729164
	speed: 0.1232s/iter; left time: 3708.2218s
	iters: 600, epoch: 2 | loss: 0.1547428
	speed: 0.1231s/iter; left time: 3691.3532s
	iters: 700, epoch: 2 | loss: 0.1488077
	speed: 0.1278s/iter; left time: 3820.9323s
	iters: 800, epoch: 2 | loss: 0.0889498
	speed: 0.1233s/iter; left time: 3672.9230s
	iters: 900, epoch: 2 | loss: 0.1139730
	speed: 0.1242s/iter; left time: 3689.1039s
	iters: 1000, epoch: 2 | loss: 0.1149834
	speed: 0.1240s/iter; left time: 3669.0926s
Epoch: 2 cost time: 131.65789270401
Epoch: 2, Steps: 1055 | Train Loss: 0.1498411 Vali Loss: 0.6179157 Test Loss: 1.8661776
Validation loss decreased (0.830380 --> 0.617916).  Saving model ...
Updating learning rate to 5e-05
	iters: 100, epoch: 3 | loss: 0.1071494
	speed: 0.5551s/iter; left time: 16342.7922s
	iters: 200, epoch: 3 | loss: 0.1039466
	speed: 0.1230s/iter; left time: 3608.1364s
	iters: 300, epoch: 3 | loss: 0.1376989
	speed: 0.1233s/iter; left time: 3605.8896s
	iters: 400, epoch: 3 | loss: 0.1146955
	speed: 0.1244s/iter; left time: 3625.7565s
	iters: 500, epoch: 3 | loss: 0.0939595
	speed: 0.1236s/iter; left time: 3589.6560s
	iters: 600, epoch: 3 | loss: 0.1120763
	speed: 0.1248s/iter; left time: 3612.6828s
	iters: 700, epoch: 3 | loss: 0.1391140
	speed: 0.1236s/iter; left time: 3563.8081s
	iters: 800, epoch: 3 | loss: 0.0939857
	speed: 0.1241s/iter; left time: 3567.9977s
	iters: 900, epoch: 3 | loss: 0.1190789
	speed: 0.1250s/iter; left time: 3580.7927s
	iters: 1000, epoch: 3 | loss: 0.1015385
	speed: 0.1238s/iter; left time: 3532.4935s
Epoch: 3 cost time: 131.474680185318
Epoch: 3, Steps: 1055 | Train Loss: 0.1115623 Vali Loss: 0.6771237 Test Loss: 1.8122967
EarlyStopping counter: 1 out of 3
Updating learning rate to 2.5e-05
	iters: 100, epoch: 4 | loss: 0.0793616
	speed: 0.5553s/iter; left time: 15763.0788s
	iters: 200, epoch: 4 | loss: 0.0900351
	speed: 0.1228s/iter; left time: 3473.5009s
	iters: 300, epoch: 4 | loss: 0.0924210
	speed: 0.1235s/iter; left time: 3480.9696s
	iters: 400, epoch: 4 | loss: 0.0859235
	speed: 0.1241s/iter; left time: 3484.7326s
	iters: 500, epoch: 4 | loss: 0.0843093
	speed: 0.1269s/iter; left time: 3550.2582s
	iters: 600, epoch: 4 | loss: 0.0929760
	speed: 0.1277s/iter; left time: 3559.6858s
	iters: 700, epoch: 4 | loss: 0.1183324
	speed: 0.1263s/iter; left time: 3510.4673s
	iters: 800, epoch: 4 | loss: 0.1337414
	speed: 0.1248s/iter; left time: 3455.7933s
	iters: 900, epoch: 4 | loss: 0.0804084
	speed: 0.1274s/iter; left time: 3513.7101s
	iters: 1000, epoch: 4 | loss: 0.0867045
	speed: 0.1283s/iter; left time: 3525.3354s
Epoch: 4 cost time: 133.2142653465271
Epoch: 4, Steps: 1055 | Train Loss: 0.0957479 Vali Loss: 0.6554750 Test Loss: 1.9048370
EarlyStopping counter: 2 out of 3
Updating learning rate to 1.25e-05
	iters: 100, epoch: 5 | loss: 0.0961935
	speed: 0.5688s/iter; left time: 15546.2111s
	iters: 200, epoch: 5 | loss: 0.0916721
	speed: 0.1265s/iter; left time: 3444.5305s
	iters: 300, epoch: 5 | loss: 0.1015830
	speed: 0.1277s/iter; left time: 3465.1092s
	iters: 400, epoch: 5 | loss: 0.0844766
	speed: 0.1263s/iter; left time: 3414.6953s
	iters: 500, epoch: 5 | loss: 0.0883157
	speed: 0.1278s/iter; left time: 3442.3672s
	iters: 600, epoch: 5 | loss: 0.0924581
	speed: 0.1243s/iter; left time: 3336.3140s
	iters: 700, epoch: 5 | loss: 0.0739396
	speed: 0.1259s/iter; left time: 3365.6357s
	iters: 800, epoch: 5 | loss: 0.0818603
	speed: 0.1254s/iter; left time: 3339.0386s
	iters: 900, epoch: 5 | loss: 0.0726114
	speed: 0.1237s/iter; left time: 3281.4803s
	iters: 1000, epoch: 5 | loss: 0.0788685
	speed: 0.1236s/iter; left time: 3266.0098s
Epoch: 5 cost time: 133.59335041046143
Epoch: 5, Steps: 1055 | Train Loss: 0.0882588 Vali Loss: 0.7681822 Test Loss: 2.1270502
EarlyStopping counter: 3 out of 3
Early stopping
>>>>>>>testing : ETTm2_720_96_Informer_ETTm2_ftM_sl720_ll48_pl96_dm512_nh8_el2_dl1_df2048_fc3_ebtimeF_dtTrue_Exp_0<<<<<<<<<<<<<<<<<<<<<<<<<<<<<<<<<
test 11425
mse:1.8697811365127563, mae:1.001516342163086
