Args in experiment:
Namespace(is_training=1, train_only=False, model_id='Informer_ETTh2_336_96', model='Informer', data='ETTh2', root_path='./dataset/', data_path='ETTh2.csv', features='M', target='OT', freq='h', checkpoints='./checkpoints/', seq_len=336, label_len=48, pred_len=96, individual=False, embed_type=0, enc_in=7, dec_in=7, c_out=7, d_model=512, n_heads=8, e_layers=2, d_layers=1, d_ff=2048, moving_avg=25, factor=3, distil=True, dropout=0.05, embed='timeF', activation='gelu', output_attention=False, do_predict=False, num_workers=10, itr=1, train_epochs=30, batch_size=32, patience=3, learning_rate=0.0001, des='Exp', loss='mse', lradj='type1', use_amp=False, use_gpu=True, gpu=0, use_multi_gpu=False, devices='0,1,2,3', test_flop=False)
Use GPU: cuda:0
>>>>>>>start training : Informer_ETTh2_336_96_Informer_ETTh2_ftM_sl336_ll48_pl96_dm512_nh8_el2_dl1_df2048_fc3_ebtimeF_dtTrue_Exp_0>>>>>>>>>>>>>>>>>>>>>>>>>>
train 8209
val 2785
test 2785
	iters: 100, epoch: 1 | loss: 0.5717758
	speed: 0.3792s/iter; left time: 2885.7180s
	iters: 200, epoch: 1 | loss: 0.3750825
	speed: 0.3248s/iter; left time: 2439.5889s
Epoch: 1 cost time: 89.18741059303284
Epoch: 1, Steps: 257 | Train Loss: 0.3755800 Vali Loss: 1.1716816 Test Loss: 3.8752837
Validation loss decreased (inf --> 1.171682).  Saving model ...
Updating learning rate to 0.0001
	iters: 100, epoch: 2 | loss: 0.2799742
	speed: 0.8080s/iter; left time: 5941.8926s
	iters: 200, epoch: 2 | loss: 0.2661614
	speed: 0.3269s/iter; left time: 2371.6918s
Epoch: 2 cost time: 84.5957510471344
Epoch: 2, Steps: 257 | Train Loss: 0.2717740 Vali Loss: 1.4008060 Test Loss: 4.3949113
EarlyStopping counter: 1 out of 3
Updating learning rate to 5e-05
	iters: 100, epoch: 3 | loss: 0.2685352
	speed: 0.7985s/iter; left time: 5666.9455s
	iters: 200, epoch: 3 | loss: 0.2275242
	speed: 0.3170s/iter; left time: 2218.1628s
Epoch: 3 cost time: 82.0415735244751
Epoch: 3, Steps: 257 | Train Loss: 0.2265389 Vali Loss: 1.5675759 Test Loss: 4.2007451
EarlyStopping counter: 2 out of 3
Updating learning rate to 2.5e-05
	iters: 100, epoch: 4 | loss: 0.1786879
	speed: 0.7900s/iter; left time: 5403.8030s
	iters: 200, epoch: 4 | loss: 0.1817254
	speed: 0.3011s/iter; left time: 2029.5701s
Epoch: 4 cost time: 79.962655544281
Epoch: 4, Steps: 257 | Train Loss: 0.2082867 Vali Loss: 1.7366763 Test Loss: 4.4934311
EarlyStopping counter: 3 out of 3
Early stopping
>>>>>>>testing : Informer_ETTh2_336_96_Informer_ETTh2_ftM_sl336_ll48_pl96_dm512_nh8_el2_dl1_df2048_fc3_ebtimeF_dtTrue_Exp_0<<<<<<<<<<<<<<<<<<<<<<<<<<<<<<<<<
test 2785
mse:3.8881163597106934, mae:1.5609663724899292
