Args in experiment:
Namespace(is_training=1, train_only=False, model_id='ETTh1_720_720', model='Informer', data='ETTh1', root_path='./dataset/', data_path='ETTh1.csv', features='M', target='OT', freq='h', checkpoints='./checkpoints/', seq_len=720, label_len=48, pred_len=720, individual=False, embed_type=0, enc_in=7, dec_in=7, c_out=7, d_model=512, n_heads=8, e_layers=2, d_layers=1, d_ff=2048, moving_avg=25, factor=3, distil=True, dropout=0.05, embed='timeF', activation='gelu', output_attention=False, do_predict=False, num_workers=10, itr=1, train_epochs=30, batch_size=32, patience=3, learning_rate=0.0001, des='Exp', loss='mse', lradj='type1', use_amp=False, use_gpu=True, gpu=0, use_multi_gpu=False, devices='0,1,2,3', test_flop=False)
Use GPU: cuda:0
>>>>>>>start training : ETTh1_720_720_Informer_ETTh1_ftM_sl720_ll48_pl720_dm512_nh8_el2_dl1_df2048_fc3_ebtimeF_dtTrue_Exp_0>>>>>>>>>>>>>>>>>>>>>>>>>>
train 7201
val 2161
test 2161
	iters: 100, epoch: 1 | loss: 0.5322011
	speed: 0.6193s/iter; left time: 4137.8281s
	iters: 200, epoch: 1 | loss: 0.5042032
	speed: 0.5139s/iter; left time: 3381.7468s
Epoch: 1 cost time: 127.00415325164795
Epoch: 1, Steps: 226 | Train Loss: 0.5446438 Vali Loss: 1.8148320 Test Loss: 1.4829311
Validation loss decreased (inf --> 1.814832).  Saving model ...
Updating learning rate to 0.0001
	iters: 100, epoch: 2 | loss: 0.4965945
	speed: 1.0342s/iter; left time: 6675.8021s
	iters: 200, epoch: 2 | loss: 0.4678308
	speed: 0.5278s/iter; left time: 3354.4727s
Epoch: 2 cost time: 120.84689259529114
Epoch: 2, Steps: 226 | Train Loss: 0.4852125 Vali Loss: 1.8235507 Test Loss: 1.3579022
EarlyStopping counter: 1 out of 3
Updating learning rate to 5e-05
	iters: 100, epoch: 3 | loss: 0.4392505
	speed: 1.0362s/iter; left time: 6454.6700s
	iters: 200, epoch: 3 | loss: 0.4792974
	speed: 0.5196s/iter; left time: 3184.7010s
Epoch: 3 cost time: 118.01286888122559
Epoch: 3, Steps: 226 | Train Loss: 0.4688332 Vali Loss: 1.8584454 Test Loss: 1.3818265
EarlyStopping counter: 2 out of 3
Updating learning rate to 2.5e-05
	iters: 100, epoch: 4 | loss: 0.4422518
	speed: 0.9684s/iter; left time: 5813.3572s
	iters: 200, epoch: 4 | loss: 0.4905586
	speed: 0.5324s/iter; left time: 3142.6670s
Epoch: 4 cost time: 118.49561882019043
Epoch: 4, Steps: 226 | Train Loss: 0.4632894 Vali Loss: 1.8870224 Test Loss: 1.3569573
EarlyStopping counter: 3 out of 3
Early stopping
>>>>>>>testing : ETTh1_720_720_Informer_ETTh1_ftM_sl720_ll48_pl720_dm512_nh8_el2_dl1_df2048_fc3_ebtimeF_dtTrue_Exp_0<<<<<<<<<<<<<<<<<<<<<<<<<<<<<<<<<
test 2161
mse:1.4809192419052124, mae:0.9752286076545715
