Args in experiment:
Namespace(is_training=1, train_only=False, model_id='Informer_ETTh1_192_336', model='Informer', data='ETTh1', root_path='./dataset/', data_path='ETTh1.csv', features='M', target='OT', freq='h', checkpoints='./checkpoints/', seq_len=192, label_len=48, pred_len=336, individual=False, embed_type=0, enc_in=7, dec_in=7, c_out=7, d_model=512, n_heads=8, e_layers=2, d_layers=1, d_ff=2048, moving_avg=25, factor=3, distil=True, dropout=0.05, embed='timeF', activation='gelu', output_attention=False, do_predict=False, num_workers=10, itr=1, train_epochs=30, batch_size=32, patience=3, learning_rate=0.0001, des='Exp', loss='mse', lradj='type1', use_amp=False, use_gpu=True, gpu=0, use_multi_gpu=False, devices='0,1,2,3', test_flop=False)
Use GPU: cuda:0
>>>>>>>start training : Informer_ETTh1_192_336_Informer_ETTh1_ftM_sl192_ll48_pl336_dm512_nh8_el2_dl1_df2048_fc3_ebtimeF_dtTrue_Exp_0>>>>>>>>>>>>>>>>>>>>>>>>>>
train 8113
val 2545
test 2545
	iters: 100, epoch: 1 | loss: 0.5844787
	speed: 0.3396s/iter; left time: 2554.4133s
	iters: 200, epoch: 1 | loss: 0.4931814
	speed: 0.2877s/iter; left time: 2135.3373s
Epoch: 1 cost time: 78.32538080215454
Epoch: 1, Steps: 254 | Train Loss: 0.5584204 Vali Loss: 1.6845226 Test Loss: 1.1666771
Validation loss decreased (inf --> 1.684523).  Saving model ...
Updating learning rate to 0.0001
	iters: 100, epoch: 2 | loss: 0.4551626
	speed: 0.6962s/iter; left time: 5059.1005s
	iters: 200, epoch: 2 | loss: 0.4959839
	speed: 0.2872s/iter; left time: 2058.6242s
Epoch: 2 cost time: 73.64600586891174
Epoch: 2, Steps: 254 | Train Loss: 0.4803247 Vali Loss: 1.6106377 Test Loss: 1.2608637
Validation loss decreased (1.684523 --> 1.610638).  Saving model ...
Updating learning rate to 5e-05
	iters: 100, epoch: 3 | loss: 0.4533215
	speed: 0.7036s/iter; left time: 4934.3021s
	iters: 200, epoch: 3 | loss: 0.4121689
	speed: 0.2841s/iter; left time: 1963.6770s
Epoch: 3 cost time: 73.19316840171814
Epoch: 3, Steps: 254 | Train Loss: 0.4476092 Vali Loss: 1.6703701 Test Loss: 1.3006074
EarlyStopping counter: 1 out of 3
Updating learning rate to 2.5e-05
	iters: 100, epoch: 4 | loss: 0.4291120
	speed: 0.6908s/iter; left time: 4669.2391s
	iters: 200, epoch: 4 | loss: 0.3994361
	speed: 0.2828s/iter; left time: 1883.2965s
Epoch: 4 cost time: 73.2225878238678
Epoch: 4, Steps: 254 | Train Loss: 0.4334146 Vali Loss: 1.6739924 Test Loss: 1.2661083
EarlyStopping counter: 2 out of 3
Updating learning rate to 1.25e-05
	iters: 100, epoch: 5 | loss: 0.4597096
	speed: 0.6803s/iter; left time: 4425.2396s
	iters: 200, epoch: 5 | loss: 0.4559707
	speed: 0.2876s/iter; left time: 1841.8170s
Epoch: 5 cost time: 73.24219965934753
Epoch: 5, Steps: 254 | Train Loss: 0.4266236 Vali Loss: 1.7068634 Test Loss: 1.2870977
EarlyStopping counter: 3 out of 3
Early stopping
>>>>>>>testing : Informer_ETTh1_192_336_Informer_ETTh1_ftM_sl192_ll48_pl336_dm512_nh8_el2_dl1_df2048_fc3_ebtimeF_dtTrue_Exp_0<<<<<<<<<<<<<<<<<<<<<<<<<<<<<<<<<
test 2545
mse:1.262606143951416, mae:0.9143972396850586
