Args in experiment:
Namespace(is_training=1, train_only=False, model_id='Informer_ETTh1_96_96', model='Informer', data='ETTh1', root_path='./dataset/', data_path='ETTh1.csv', features='M', target='OT', freq='h', checkpoints='./checkpoints/', seq_len=96, label_len=48, pred_len=96, individual=False, embed_type=0, enc_in=7, dec_in=7, c_out=7, d_model=512, n_heads=8, e_layers=2, d_layers=1, d_ff=2048, moving_avg=25, factor=3, distil=True, dropout=0.05, embed='timeF', activation='gelu', output_attention=False, do_predict=False, num_workers=10, itr=1, train_epochs=30, batch_size=32, patience=3, learning_rate=0.0001, des='Exp', loss='mse', lradj='type1', use_amp=False, use_gpu=True, gpu=0, use_multi_gpu=False, devices='0,1,2,3', test_flop=False)
Use GPU: cuda:0
>>>>>>>start training : Informer_ETTh1_96_96_Informer_ETTh1_ftM_sl96_ll48_pl96_dm512_nh8_el2_dl1_df2048_fc3_ebtimeF_dtTrue_Exp_0>>>>>>>>>>>>>>>>>>>>>>>>>>
train 8449
val 2785
test 2785
	iters: 100, epoch: 1 | loss: 0.5276425
	speed: 0.3189s/iter; left time: 2504.0383s
	iters: 200, epoch: 1 | loss: 0.4829888
	speed: 0.2512s/iter; left time: 1947.2410s
Epoch: 1 cost time: 73.35481572151184
Epoch: 1, Steps: 265 | Train Loss: 0.5215374 Vali Loss: 1.1978199 Test Loss: 0.9653015
Validation loss decreased (inf --> 1.197820).  Saving model ...
Updating learning rate to 0.0001
	iters: 100, epoch: 2 | loss: 0.4048640
	speed: 0.6318s/iter; left time: 4792.5002s
	iters: 200, epoch: 2 | loss: 0.3718288
	speed: 0.2501s/iter; left time: 1871.9136s
Epoch: 2 cost time: 67.2640495300293
Epoch: 2, Steps: 265 | Train Loss: 0.4261498 Vali Loss: 1.2578250 Test Loss: 0.9733658
EarlyStopping counter: 1 out of 3
Updating learning rate to 5e-05
	iters: 100, epoch: 3 | loss: 0.4154700
	speed: 0.6351s/iter; left time: 4649.3367s
	iters: 200, epoch: 3 | loss: 0.3524950
	speed: 0.2511s/iter; left time: 1813.4330s
Epoch: 3 cost time: 65.75929737091064
Epoch: 3, Steps: 265 | Train Loss: 0.3759589 Vali Loss: 1.2854483 Test Loss: 1.1455283
EarlyStopping counter: 2 out of 3
Updating learning rate to 2.5e-05
	iters: 100, epoch: 4 | loss: 0.3741323
	speed: 0.6427s/iter; left time: 4535.2222s
	iters: 200, epoch: 4 | loss: 0.3424129
	speed: 0.2477s/iter; left time: 1722.8648s
Epoch: 4 cost time: 66.037668466568
Epoch: 4, Steps: 265 | Train Loss: 0.3437433 Vali Loss: 1.2657783 Test Loss: 1.2758708
EarlyStopping counter: 3 out of 3
Early stopping
>>>>>>>testing : Informer_ETTh1_96_96_Informer_ETTh1_ftM_sl96_ll48_pl96_dm512_nh8_el2_dl1_df2048_fc3_ebtimeF_dtTrue_Exp_0<<<<<<<<<<<<<<<<<<<<<<<<<<<<<<<<<
test 2785
mse:0.9626948833465576, mae:0.7797272205352783
