Args in experiment:
Namespace(is_training=1, train_only=False, model_id='Informer_traffic_96_720', model='Informer', data='custom', root_path='./dataset/', data_path='traffic.csv', features='M', target='OT', freq='h', checkpoints='./checkpoints/', seq_len=96, label_len=48, pred_len=720, individual=False, embed_type=0, enc_in=862, dec_in=862, c_out=862, d_model=512, n_heads=8, e_layers=2, d_layers=1, d_ff=2048, moving_avg=25, factor=3, distil=True, dropout=0.05, embed='timeF', activation='gelu', output_attention=False, do_predict=False, num_workers=10, itr=1, train_epochs=30, batch_size=32, patience=3, learning_rate=0.0001, des='Exp', loss='mse', lradj='type1', use_amp=False, use_gpu=True, gpu=0, use_multi_gpu=False, devices='0,1,2,3', test_flop=False)
Use GPU: cuda:0
>>>>>>>start training : Informer_traffic_96_720_Informer_custom_ftM_sl96_ll48_pl720_dm512_nh8_el2_dl1_df2048_fc3_ebtimeF_dtTrue_Exp_0>>>>>>>>>>>>>>>>>>>>>>>>>>
train 11465
val 1037
test 2789
	iters: 100, epoch: 1 | loss: 0.9715443
	speed: 0.6707s/iter; left time: 7156.8120s
	iters: 200, epoch: 1 | loss: 0.9476204
	speed: 0.6001s/iter; left time: 6343.3032s
	iters: 300, epoch: 1 | loss: 0.9368837
	speed: 0.6162s/iter; left time: 6451.8843s
Epoch: 1 cost time: 223.7523591518402
Epoch: 1, Steps: 359 | Train Loss: 0.9599685 Vali Loss: 1.1858753 Test Loss: 1.4567164
Validation loss decreased (inf --> 1.185875).  Saving model ...
Updating learning rate to 0.0001
	iters: 100, epoch: 2 | loss: 0.8916379
	speed: 1.6411s/iter; left time: 16922.8350s
	iters: 200, epoch: 2 | loss: 0.8967633
	speed: 0.5960s/iter; left time: 6085.9158s
	iters: 300, epoch: 2 | loss: 0.8931337
	speed: 0.5988s/iter; left time: 6055.4044s
Epoch: 2 cost time: 218.2035608291626
Epoch: 2, Steps: 359 | Train Loss: 0.8991022 Vali Loss: 1.1814686 Test Loss: 1.4654843
Validation loss decreased (1.185875 --> 1.181469).  Saving model ...
Updating learning rate to 5e-05
	iters: 100, epoch: 3 | loss: 0.8462391
	speed: 1.6724s/iter; left time: 16645.7152s
	iters: 200, epoch: 3 | loss: 0.7626989
	speed: 0.6177s/iter; left time: 6086.3954s
	iters: 300, epoch: 3 | loss: 0.5934137
	speed: 0.5911s/iter; left time: 5764.5493s
Epoch: 3 cost time: 216.1667091846466
Epoch: 3, Steps: 359 | Train Loss: 0.7477373 Vali Loss: 0.8559074 Test Loss: 1.0988501
Validation loss decreased (1.181469 --> 0.855907).  Saving model ...
Updating learning rate to 2.5e-05
	iters: 100, epoch: 4 | loss: 0.4964598
	speed: 1.6530s/iter; left time: 15858.8700s
	iters: 200, epoch: 4 | loss: 0.4815262
	speed: 0.5798s/iter; left time: 5504.2199s
	iters: 300, epoch: 4 | loss: 0.4825943
	speed: 0.6104s/iter; left time: 5733.8870s
Epoch: 4 cost time: 215.91978883743286
Epoch: 4, Steps: 359 | Train Loss: 0.4995599 Vali Loss: 0.8005285 Test Loss: 1.0098935
Validation loss decreased (0.855907 --> 0.800528).  Saving model ...
Updating learning rate to 1.25e-05
	iters: 100, epoch: 5 | loss: 0.4486946
	speed: 1.6948s/iter; left time: 15651.2080s
	iters: 200, epoch: 5 | loss: 0.4507057
	speed: 0.6124s/iter; left time: 5594.6284s
	iters: 300, epoch: 5 | loss: 0.4447420
	speed: 0.5791s/iter; left time: 5231.9395s
Epoch: 5 cost time: 212.60655903816223
Epoch: 5, Steps: 359 | Train Loss: 0.4545134 Vali Loss: 0.7840059 Test Loss: 0.9925274
Validation loss decreased (0.800528 --> 0.784006).  Saving model ...
Updating learning rate to 6.25e-06
	iters: 100, epoch: 6 | loss: 0.4476167
	speed: 1.6851s/iter; left time: 14956.6816s
	iters: 200, epoch: 6 | loss: 0.4289391
	speed: 0.6097s/iter; left time: 5350.9330s
	iters: 300, epoch: 6 | loss: 0.4288743
	speed: 0.6310s/iter; left time: 5474.5837s
Epoch: 6 cost time: 219.06004977226257
Epoch: 6, Steps: 359 | Train Loss: 0.4408142 Vali Loss: 0.7739792 Test Loss: 0.9884978
Validation loss decreased (0.784006 --> 0.773979).  Saving model ...
Updating learning rate to 3.125e-06
	iters: 100, epoch: 7 | loss: 0.4350415
	speed: 1.7279s/iter; left time: 14716.3275s
	iters: 200, epoch: 7 | loss: 0.4249390
	speed: 0.5938s/iter; left time: 4997.8963s
	iters: 300, epoch: 7 | loss: 0.4397087
	speed: 0.5693s/iter; left time: 4734.8218s
Epoch: 7 cost time: 213.52725434303284
Epoch: 7, Steps: 359 | Train Loss: 0.4339191 Vali Loss: 0.7696374 Test Loss: 0.9869022
Validation loss decreased (0.773979 --> 0.769637).  Saving model ...
Updating learning rate to 1.5625e-06
	iters: 100, epoch: 8 | loss: 0.4314546
	speed: 1.6946s/iter; left time: 13824.1476s
	iters: 200, epoch: 8 | loss: 0.4256309
	speed: 0.5867s/iter; left time: 4727.4556s
	iters: 300, epoch: 8 | loss: 0.4295889
	speed: 0.6021s/iter; left time: 4791.8647s
Epoch: 8 cost time: 215.96754050254822
Epoch: 8, Steps: 359 | Train Loss: 0.4305050 Vali Loss: 0.7699689 Test Loss: 0.9892430
EarlyStopping counter: 1 out of 3
Updating learning rate to 7.8125e-07
	iters: 100, epoch: 9 | loss: 0.4283662
	speed: 1.7167s/iter; left time: 13388.2348s
	iters: 200, epoch: 9 | loss: 0.4274261
	speed: 0.5863s/iter; left time: 4513.9417s
	iters: 300, epoch: 9 | loss: 0.4222118
	speed: 0.5709s/iter; left time: 4338.3071s
Epoch: 9 cost time: 211.96846437454224
Epoch: 9, Steps: 359 | Train Loss: 0.4287466 Vali Loss: 0.7689302 Test Loss: 0.9874649
Validation loss decreased (0.769637 --> 0.768930).  Saving model ...
Updating learning rate to 3.90625e-07
	iters: 100, epoch: 10 | loss: 0.4269215
	speed: 1.6925s/iter; left time: 12592.1156s
	iters: 200, epoch: 10 | loss: 0.4375095
	speed: 0.6005s/iter; left time: 4407.9456s
	iters: 300, epoch: 10 | loss: 0.4312126
	speed: 0.5917s/iter; left time: 4284.2557s
Epoch: 10 cost time: 216.4977023601532
Epoch: 10, Steps: 359 | Train Loss: 0.4278678 Vali Loss: 0.7692510 Test Loss: 0.9850796
EarlyStopping counter: 1 out of 3
Updating learning rate to 1.953125e-07
	iters: 100, epoch: 11 | loss: 0.4231972
	speed: 1.7032s/iter; left time: 12060.4998s
	iters: 200, epoch: 11 | loss: 0.4262219
	speed: 0.5995s/iter; left time: 4184.9094s
	iters: 300, epoch: 11 | loss: 0.4371992
	speed: 0.6175s/iter; left time: 4248.9030s
Epoch: 11 cost time: 219.4590141773224
Epoch: 11, Steps: 359 | Train Loss: 0.4273706 Vali Loss: 0.7694555 Test Loss: 0.9852073
EarlyStopping counter: 2 out of 3
Updating learning rate to 9.765625e-08
	iters: 100, epoch: 12 | loss: 0.4267504
	speed: 1.7191s/iter; left time: 11556.0610s
	iters: 200, epoch: 12 | loss: 0.4196819
	speed: 0.6335s/iter; left time: 4195.3263s
	iters: 300, epoch: 12 | loss: 0.4310683
	speed: 0.5873s/iter; left time: 3830.0690s
Epoch: 12 cost time: 220.0259039402008
Epoch: 12, Steps: 359 | Train Loss: 0.4271270 Vali Loss: 0.7676300 Test Loss: 0.9854238
Validation loss decreased (0.768930 --> 0.767630).  Saving model ...
Updating learning rate to 4.8828125e-08
	iters: 100, epoch: 13 | loss: 0.4182364
	speed: 1.6661s/iter; left time: 10601.3494s
	iters: 200, epoch: 13 | loss: 0.4237028
	speed: 0.6166s/iter; left time: 3861.9762s
	iters: 300, epoch: 13 | loss: 0.4272731
	speed: 0.6137s/iter; left time: 3781.9757s
Epoch: 13 cost time: 219.5644714832306
Epoch: 13, Steps: 359 | Train Loss: 0.4271243 Vali Loss: 0.7686818 Test Loss: 0.9850227
EarlyStopping counter: 1 out of 3
Updating learning rate to 2.44140625e-08
	iters: 100, epoch: 14 | loss: 0.4221007
	speed: 1.7088s/iter; left time: 10259.4320s
	iters: 200, epoch: 14 | loss: 0.4193773
	speed: 0.5773s/iter; left time: 3408.1218s
	iters: 300, epoch: 14 | loss: 0.4239344
	speed: 0.5824s/iter; left time: 3380.1508s
Epoch: 14 cost time: 214.65672063827515
Epoch: 14, Steps: 359 | Train Loss: 0.4267325 Vali Loss: 0.7659428 Test Loss: 0.9834867
Validation loss decreased (0.767630 --> 0.765943).  Saving model ...
Updating learning rate to 1.220703125e-08
	iters: 100, epoch: 15 | loss: 0.4286968
	speed: 1.6637s/iter; left time: 9391.6878s
	iters: 200, epoch: 15 | loss: 0.4287564
	speed: 0.6098s/iter; left time: 3381.1707s
	iters: 300, epoch: 15 | loss: 0.4342110
	speed: 0.6158s/iter; left time: 3352.8247s
Epoch: 15 cost time: 220.57010555267334
Epoch: 15, Steps: 359 | Train Loss: 0.4267087 Vali Loss: 0.7643610 Test Loss: 0.9848570
Validation loss decreased (0.765943 --> 0.764361).  Saving model ...
Updating learning rate to 6.103515625e-09
	iters: 100, epoch: 16 | loss: 0.4347897
	speed: 1.7164s/iter; left time: 9072.8370s
	iters: 200, epoch: 16 | loss: 0.4285711
	speed: 0.6082s/iter; left time: 3154.2944s
	iters: 300, epoch: 16 | loss: 0.4354584
	speed: 0.5960s/iter; left time: 3031.0587s
Epoch: 16 cost time: 217.87199068069458
Epoch: 16, Steps: 359 | Train Loss: 0.4268022 Vali Loss: 0.7701890 Test Loss: 0.9851669
EarlyStopping counter: 1 out of 3
Updating learning rate to 3.0517578125e-09
	iters: 100, epoch: 17 | loss: 0.4207526
	speed: 1.6857s/iter; left time: 8305.3336s
	iters: 200, epoch: 17 | loss: 0.4301487
	speed: 0.6145s/iter; left time: 2966.2700s
	iters: 300, epoch: 17 | loss: 0.4251202
	speed: 0.5856s/iter; left time: 2768.1924s
Epoch: 17 cost time: 216.30828428268433
Epoch: 17, Steps: 359 | Train Loss: 0.4267958 Vali Loss: 0.7681267 Test Loss: 0.9860180
EarlyStopping counter: 2 out of 3
Updating learning rate to 1.52587890625e-09
	iters: 100, epoch: 18 | loss: 0.4431142
	speed: 1.6795s/iter; left time: 7672.0264s
	iters: 200, epoch: 18 | loss: 0.4302987
	speed: 0.6015s/iter; left time: 2687.4786s
	iters: 300, epoch: 18 | loss: 0.4279782
	speed: 0.6290s/iter; left time: 2747.6712s
Epoch: 18 cost time: 223.03442692756653
Epoch: 18, Steps: 359 | Train Loss: 0.4268223 Vali Loss: 0.7730225 Test Loss: 0.9887536
EarlyStopping counter: 3 out of 3
Early stopping
>>>>>>>testing : Informer_traffic_96_720_Informer_custom_ftM_sl96_ll48_pl720_dm512_nh8_el2_dl1_df2048_fc3_ebtimeF_dtTrue_Exp_0<<<<<<<<<<<<<<<<<<<<<<<<<<<<<<<<<
test 2789
mse:0.9856538772583008, mae:0.5528883934020996
