Args in experiment:
Namespace(is_training=1, train_only=False, model_id='traffic_720_720', model='Informer', data='custom', root_path='./dataset/', data_path='traffic.csv', features='M', target='OT', freq='h', checkpoints='./checkpoints/', seq_len=720, label_len=48, pred_len=720, individual=False, embed_type=0, enc_in=862, dec_in=862, c_out=862, d_model=512, n_heads=8, e_layers=2, d_layers=1, d_ff=2048, moving_avg=25, factor=3, distil=True, dropout=0.05, embed='timeF', activation='gelu', output_attention=False, do_predict=False, num_workers=10, itr=1, train_epochs=30, batch_size=32, patience=3, learning_rate=0.0001, des='Exp', loss='mse', lradj='type1', use_amp=False, use_gpu=True, gpu=0, use_multi_gpu=False, devices='0,1,2,3', test_flop=False)
Use GPU: cuda:0
>>>>>>>start training : traffic_720_720_Informer_custom_ftM_sl720_ll48_pl720_dm512_nh8_el2_dl1_df2048_fc3_ebtimeF_dtTrue_Exp_0>>>>>>>>>>>>>>>>>>>>>>>>>>
train 10841
val 1037
test 2789
	iters: 100, epoch: 1 | loss: 1.0009332
	speed: 0.6869s/iter; left time: 6917.9850s
	iters: 200, epoch: 1 | loss: 0.9573305
	speed: 0.6424s/iter; left time: 6405.8068s
	iters: 300, epoch: 1 | loss: 0.9624450
	speed: 0.6468s/iter; left time: 6384.8565s
Epoch: 1 cost time: 223.05580520629883
Epoch: 1, Steps: 339 | Train Loss: 0.9790136 Vali Loss: 1.2000179 Test Loss: 1.4668258
Validation loss decreased (inf --> 1.200018).  Saving model ...
Updating learning rate to 0.0001
	iters: 100, epoch: 2 | loss: 0.8959063
	speed: 1.4472s/iter; left time: 14084.0888s
	iters: 200, epoch: 2 | loss: 0.9026477
	speed: 0.6422s/iter; left time: 6185.7601s
	iters: 300, epoch: 2 | loss: 0.8790456
	speed: 0.6472s/iter; left time: 6169.1815s
Epoch: 2 cost time: 219.7309374809265
Epoch: 2, Steps: 339 | Train Loss: 0.9125091 Vali Loss: 1.2308049 Test Loss: 1.5000374
EarlyStopping counter: 1 out of 3
Updating learning rate to 5e-05
	iters: 100, epoch: 3 | loss: 0.8816025
	speed: 1.4287s/iter; left time: 13419.3550s
	iters: 200, epoch: 3 | loss: 0.8632889
	speed: 0.6376s/iter; left time: 5924.7892s
	iters: 300, epoch: 3 | loss: 0.8625394
	speed: 0.6401s/iter; left time: 5884.7791s
Epoch: 3 cost time: 217.86758589744568
Epoch: 3, Steps: 339 | Train Loss: 0.8627932 Vali Loss: 1.2244841 Test Loss: 1.5001668
EarlyStopping counter: 2 out of 3
Updating learning rate to 2.5e-05
	iters: 100, epoch: 4 | loss: 0.8187786
	speed: 1.4364s/iter; left time: 13004.8466s
	iters: 200, epoch: 4 | loss: 0.7981498
	speed: 0.6414s/iter; left time: 5743.3379s
	iters: 300, epoch: 4 | loss: 0.7577742
	speed: 0.6420s/iter; left time: 5684.6534s
Epoch: 4 cost time: 218.99967050552368
Epoch: 4, Steps: 339 | Train Loss: 0.8064134 Vali Loss: 1.1714401 Test Loss: 1.4750531
Validation loss decreased (1.200018 --> 1.171440).  Saving model ...
Updating learning rate to 1.25e-05
	iters: 100, epoch: 5 | loss: 0.7064449
	speed: 1.4411s/iter; left time: 12559.3731s
	iters: 200, epoch: 5 | loss: 0.7312333
	speed: 0.6455s/iter; left time: 5560.8151s
	iters: 300, epoch: 5 | loss: 0.6897553
	speed: 0.6453s/iter; left time: 5494.3219s
Epoch: 5 cost time: 219.96529507637024
Epoch: 5, Steps: 339 | Train Loss: 0.7232638 Vali Loss: 1.1418513 Test Loss: 1.4840522
Validation loss decreased (1.171440 --> 1.141851).  Saving model ...
Updating learning rate to 6.25e-06
	iters: 100, epoch: 6 | loss: 0.6992738
	speed: 1.4385s/iter; left time: 12048.7168s
	iters: 200, epoch: 6 | loss: 0.6756414
	speed: 0.6456s/iter; left time: 5342.8206s
	iters: 300, epoch: 6 | loss: 0.6498582
	speed: 0.6478s/iter; left time: 5296.1100s
Epoch: 6 cost time: 219.5846836566925
Epoch: 6, Steps: 339 | Train Loss: 0.6730548 Vali Loss: 1.1355854 Test Loss: 1.4513153
Validation loss decreased (1.141851 --> 1.135585).  Saving model ...
Updating learning rate to 3.125e-06
	iters: 100, epoch: 7 | loss: 0.6597726
	speed: 1.4348s/iter; left time: 11531.5175s
	iters: 200, epoch: 7 | loss: 0.6295943
	speed: 0.6481s/iter; left time: 5143.8460s
	iters: 300, epoch: 7 | loss: 0.6109494
	speed: 0.6468s/iter; left time: 5069.0179s
Epoch: 7 cost time: 219.731440782547
Epoch: 7, Steps: 339 | Train Loss: 0.6466772 Vali Loss: 1.1341630 Test Loss: 1.4551326
Validation loss decreased (1.135585 --> 1.134163).  Saving model ...
Updating learning rate to 1.5625e-06
	iters: 100, epoch: 8 | loss: 0.6526113
	speed: 1.4468s/iter; left time: 11137.4780s
	iters: 200, epoch: 8 | loss: 0.6254281
	speed: 0.6419s/iter; left time: 4877.3002s
	iters: 300, epoch: 8 | loss: 0.6474939
	speed: 0.6425s/iter; left time: 4817.3081s
Epoch: 8 cost time: 219.4297924041748
Epoch: 8, Steps: 339 | Train Loss: 0.6316806 Vali Loss: 1.1237923 Test Loss: 1.4509635
Validation loss decreased (1.134163 --> 1.123792).  Saving model ...
Updating learning rate to 7.8125e-07
	iters: 100, epoch: 9 | loss: 0.6320097
	speed: 1.4527s/iter; left time: 10690.3391s
	iters: 200, epoch: 9 | loss: 0.6192845
	speed: 0.6436s/iter; left time: 4672.0530s
	iters: 300, epoch: 9 | loss: 0.6145005
	speed: 0.6441s/iter; left time: 4611.0119s
Epoch: 9 cost time: 219.79847645759583
Epoch: 9, Steps: 339 | Train Loss: 0.6232733 Vali Loss: 1.1197921 Test Loss: 1.4363755
Validation loss decreased (1.123792 --> 1.119792).  Saving model ...
Updating learning rate to 3.90625e-07
	iters: 100, epoch: 10 | loss: 0.6197177
	speed: 1.4392s/iter; left time: 10103.4248s
	iters: 200, epoch: 10 | loss: 0.6222424
	speed: 0.6451s/iter; left time: 4464.2394s
	iters: 300, epoch: 10 | loss: 0.6132491
	speed: 0.6457s/iter; left time: 4403.4106s
Epoch: 10 cost time: 219.20454955101013
Epoch: 10, Steps: 339 | Train Loss: 0.6193822 Vali Loss: 1.1244380 Test Loss: 1.4452237
EarlyStopping counter: 1 out of 3
Updating learning rate to 1.953125e-07
	iters: 100, epoch: 11 | loss: 0.6288074
	speed: 1.4347s/iter; left time: 9585.4069s
	iters: 200, epoch: 11 | loss: 0.6166097
	speed: 0.6462s/iter; left time: 4252.8209s
	iters: 300, epoch: 11 | loss: 0.6182336
	speed: 0.6442s/iter; left time: 4175.0136s
Epoch: 11 cost time: 219.37664914131165
Epoch: 11, Steps: 339 | Train Loss: 0.6169986 Vali Loss: 1.1149231 Test Loss: 1.4362775
Validation loss decreased (1.119792 --> 1.114923).  Saving model ...
Updating learning rate to 9.765625e-08
	iters: 100, epoch: 12 | loss: 0.6262997
	speed: 1.4458s/iter; left time: 9169.4347s
	iters: 200, epoch: 12 | loss: 0.6279464
	speed: 0.6400s/iter; left time: 3994.8091s
	iters: 300, epoch: 12 | loss: 0.6115219
	speed: 0.6423s/iter; left time: 3945.2066s
Epoch: 12 cost time: 218.4399116039276
Epoch: 12, Steps: 339 | Train Loss: 0.6161828 Vali Loss: 1.1165804 Test Loss: 1.4384693
EarlyStopping counter: 1 out of 3
Updating learning rate to 4.8828125e-08
	iters: 100, epoch: 13 | loss: 0.6094318
	speed: 1.4467s/iter; left time: 8684.3319s
	iters: 200, epoch: 13 | loss: 0.6018206
	speed: 0.6501s/iter; left time: 3837.5745s
	iters: 300, epoch: 13 | loss: 0.6285958
	speed: 0.6468s/iter; left time: 3753.5849s
Epoch: 13 cost time: 221.28620648384094
Epoch: 13, Steps: 339 | Train Loss: 0.6156651 Vali Loss: 1.1210930 Test Loss: 1.4438915
EarlyStopping counter: 2 out of 3
Updating learning rate to 2.44140625e-08
	iters: 100, epoch: 14 | loss: 0.6133319
	speed: 1.4636s/iter; left time: 8289.9499s
	iters: 200, epoch: 14 | loss: 0.6016133
	speed: 0.6586s/iter; left time: 3664.4151s
	iters: 300, epoch: 14 | loss: 0.6113929
	speed: 0.6588s/iter; left time: 3599.9094s
Epoch: 14 cost time: 224.66232442855835
Epoch: 14, Steps: 339 | Train Loss: 0.6154115 Vali Loss: 1.1134535 Test Loss: 1.4349208
Validation loss decreased (1.114923 --> 1.113454).  Saving model ...
Updating learning rate to 1.220703125e-08
	iters: 100, epoch: 15 | loss: 0.6147315
	speed: 1.4839s/iter; left time: 7901.7565s
	iters: 200, epoch: 15 | loss: 0.6050708
	speed: 0.6572s/iter; left time: 3433.7686s
	iters: 300, epoch: 15 | loss: 0.6101725
	speed: 0.6560s/iter; left time: 3361.9442s
Epoch: 15 cost time: 223.6262812614441
Epoch: 15, Steps: 339 | Train Loss: 0.6150722 Vali Loss: 1.1210042 Test Loss: 1.4418637
EarlyStopping counter: 1 out of 3
Updating learning rate to 6.103515625e-09
	iters: 100, epoch: 16 | loss: 0.6239854
	speed: 1.4796s/iter; left time: 7377.0805s
	iters: 200, epoch: 16 | loss: 0.6168916
	speed: 0.6614s/iter; left time: 3231.4928s
	iters: 300, epoch: 16 | loss: 0.6161144
	speed: 0.6804s/iter; left time: 3256.4498s
Epoch: 16 cost time: 228.04663825035095
Epoch: 16, Steps: 339 | Train Loss: 0.6147805 Vali Loss: 1.1182727 Test Loss: 1.4392337
EarlyStopping counter: 2 out of 3
Updating learning rate to 3.0517578125e-09
	iters: 100, epoch: 17 | loss: 0.6158432
	speed: 1.5419s/iter; left time: 7165.1919s
	iters: 200, epoch: 17 | loss: 0.6123036
	speed: 0.6747s/iter; left time: 3067.7395s
	iters: 300, epoch: 17 | loss: 0.5919571
	speed: 0.6785s/iter; left time: 3017.3992s
Epoch: 17 cost time: 230.48707628250122
Epoch: 17, Steps: 339 | Train Loss: 0.6153061 Vali Loss: 1.1110020 Test Loss: 1.4295729
Validation loss decreased (1.113454 --> 1.111002).  Saving model ...
Updating learning rate to 1.52587890625e-09
	iters: 100, epoch: 18 | loss: 0.6154490
	speed: 1.5422s/iter; left time: 6643.6454s
	iters: 200, epoch: 18 | loss: 0.6180711
	speed: 0.6788s/iter; left time: 2856.2046s
	iters: 300, epoch: 18 | loss: 0.6161349
	speed: 0.6943s/iter; left time: 2852.2436s
Epoch: 18 cost time: 233.5895049571991
Epoch: 18, Steps: 339 | Train Loss: 0.6151801 Vali Loss: 1.1141856 Test Loss: 1.4313644
EarlyStopping counter: 1 out of 3
Updating learning rate to 7.62939453125e-10
	iters: 100, epoch: 19 | loss: 0.6144675
	speed: 1.5465s/iter; left time: 6138.1328s
	iters: 200, epoch: 19 | loss: 0.6391017
	speed: 0.6776s/iter; left time: 2621.5891s
	iters: 300, epoch: 19 | loss: 0.6268253
	speed: 0.6844s/iter; left time: 2579.3883s
Epoch: 19 cost time: 231.0098376274109
Epoch: 19, Steps: 339 | Train Loss: 0.6146678 Vali Loss: 1.1177791 Test Loss: 1.4389756
EarlyStopping counter: 2 out of 3
Updating learning rate to 3.814697265625e-10
	iters: 100, epoch: 20 | loss: 0.6224282
	speed: 1.5429s/iter; left time: 5600.5893s
	iters: 200, epoch: 20 | loss: 0.5863356
	speed: 0.6794s/iter; left time: 2398.2817s
	iters: 300, epoch: 20 | loss: 0.6089888
	speed: 0.6803s/iter; left time: 2333.3643s
Epoch: 20 cost time: 231.39520168304443
Epoch: 20, Steps: 339 | Train Loss: 0.6147635 Vali Loss: 1.1198056 Test Loss: 1.4379482
EarlyStopping counter: 3 out of 3
Early stopping
>>>>>>>testing : traffic_720_720_Informer_custom_ftM_sl720_ll48_pl720_dm512_nh8_el2_dl1_df2048_fc3_ebtimeF_dtTrue_Exp_0<<<<<<<<<<<<<<<<<<<<<<<<<<<<<<<<<
test 2789
mse:1.4295191764831543, mae:0.7930066585540771
