Args in experiment:
Namespace(is_training=1, train_only=False, model_id='Informer_ETTh2_96_96', model='Informer', data='ETTh2', root_path='./dataset/', data_path='ETTh2.csv', features='M', target='OT', freq='h', checkpoints='./checkpoints/', seq_len=96, label_len=48, pred_len=96, individual=False, embed_type=0, enc_in=7, dec_in=7, c_out=7, d_model=512, n_heads=8, e_layers=2, d_layers=1, d_ff=2048, moving_avg=25, factor=3, distil=True, dropout=0.05, embed='timeF', activation='gelu', output_attention=False, do_predict=False, num_workers=10, itr=1, train_epochs=30, batch_size=32, patience=3, learning_rate=0.0001, des='Exp', loss='mse', lradj='type1', use_amp=False, use_gpu=True, gpu=0, use_multi_gpu=False, devices='0,1,2,3', test_flop=False)
Use GPU: cuda:0
>>>>>>>start training : Informer_ETTh2_96_96_Informer_ETTh2_ftM_sl96_ll48_pl96_dm512_nh8_el2_dl1_df2048_fc3_ebtimeF_dtTrue_Exp_0>>>>>>>>>>>>>>>>>>>>>>>>>>
train 8449
val 2785
test 2785
	iters: 100, epoch: 1 | loss: 0.4139297
	speed: 0.3167s/iter; left time: 2486.5595s
	iters: 200, epoch: 1 | loss: 0.4373922
	speed: 0.2379s/iter; left time: 1844.1687s
Epoch: 1 cost time: 72.13626956939697
Epoch: 1, Steps: 265 | Train Loss: 0.3790468 Vali Loss: 0.9110142 Test Loss: 2.8342848
Validation loss decreased (inf --> 0.911014).  Saving model ...
Updating learning rate to 0.0001
	iters: 100, epoch: 2 | loss: 0.2724397
	speed: 0.6369s/iter; left time: 4831.5150s
	iters: 200, epoch: 2 | loss: 0.2808607
	speed: 0.2541s/iter; left time: 1902.3473s
Epoch: 2 cost time: 67.11387324333191
Epoch: 2, Steps: 265 | Train Loss: 0.2683842 Vali Loss: 1.1367159 Test Loss: 4.1305294
EarlyStopping counter: 1 out of 3
Updating learning rate to 5e-05
	iters: 100, epoch: 3 | loss: 0.1968881
	speed: 0.6580s/iter; left time: 4817.3508s
	iters: 200, epoch: 3 | loss: 0.1882198
	speed: 0.2533s/iter; left time: 1828.7444s
Epoch: 3 cost time: 67.23047733306885
Epoch: 3, Steps: 265 | Train Loss: 0.2226728 Vali Loss: 1.1812344 Test Loss: 4.4130740
EarlyStopping counter: 2 out of 3
Updating learning rate to 2.5e-05
	iters: 100, epoch: 4 | loss: 0.2278455
	speed: 0.6510s/iter; left time: 4593.4621s
	iters: 200, epoch: 4 | loss: 0.2353460
	speed: 0.2578s/iter; left time: 1793.4626s
Epoch: 4 cost time: 69.52651453018188
Epoch: 4, Steps: 265 | Train Loss: 0.2016918 Vali Loss: 1.1296970 Test Loss: 4.1528354
EarlyStopping counter: 3 out of 3
Early stopping
>>>>>>>testing : Informer_ETTh2_96_96_Informer_ETTh2_ftM_sl96_ll48_pl96_dm512_nh8_el2_dl1_df2048_fc3_ebtimeF_dtTrue_Exp_0<<<<<<<<<<<<<<<<<<<<<<<<<<<<<<<<<
test 2785
mse:2.85430645942688, mae:1.3336796760559082
