Args in experiment:
Namespace(is_training=1, train_only=False, model_id='ETTh2_720_96', model='Informer', data='ETTh2', root_path='./dataset/', data_path='ETTh2.csv', features='M', target='OT', freq='h', checkpoints='./checkpoints/', seq_len=720, label_len=48, pred_len=96, individual=False, embed_type=0, enc_in=7, dec_in=7, c_out=7, d_model=512, n_heads=8, e_layers=2, d_layers=1, d_ff=2048, moving_avg=25, factor=3, distil=True, dropout=0.05, embed='timeF', activation='gelu', output_attention=False, do_predict=False, num_workers=10, itr=1, train_epochs=30, batch_size=32, patience=3, learning_rate=0.0001, des='Exp', loss='mse', lradj='type1', use_amp=False, use_gpu=True, gpu=0, use_multi_gpu=False, devices='0,1,2,3', test_flop=False)
Use GPU: cuda:0
>>>>>>>start training : ETTh2_720_96_Informer_ETTh2_ftM_sl720_ll48_pl96_dm512_nh8_el2_dl1_df2048_fc3_ebtimeF_dtTrue_Exp_0>>>>>>>>>>>>>>>>>>>>>>>>>>
train 7825
val 2785
test 2785
	iters: 100, epoch: 1 | loss: 0.3360579
	speed: 0.1409s/iter; left time: 1021.9412s
	iters: 200, epoch: 1 | loss: 0.2349767
	speed: 0.1243s/iter; left time: 888.8859s
Epoch: 1 cost time: 32.138343811035156
Epoch: 1, Steps: 245 | Train Loss: 0.3779715 Vali Loss: 1.4286057 Test Loss: 5.1743484
Validation loss decreased (inf --> 1.428606).  Saving model ...
Updating learning rate to 0.0001
	iters: 100, epoch: 2 | loss: 0.3049406
	speed: 0.2865s/iter; left time: 2007.2763s
	iters: 200, epoch: 2 | loss: 0.3176183
	speed: 0.1284s/iter; left time: 886.9073s
Epoch: 2 cost time: 31.862972021102905
Epoch: 2, Steps: 245 | Train Loss: 0.2736946 Vali Loss: 1.6877685 Test Loss: 6.3291502
EarlyStopping counter: 1 out of 3
Updating learning rate to 5e-05
	iters: 100, epoch: 3 | loss: 0.2388835
	speed: 0.2872s/iter; left time: 1941.7107s
	iters: 200, epoch: 3 | loss: 0.1842849
	speed: 0.1252s/iter; left time: 834.0938s
Epoch: 3 cost time: 31.623664140701294
Epoch: 3, Steps: 245 | Train Loss: 0.2339441 Vali Loss: 2.0326025 Test Loss: 7.0547099
EarlyStopping counter: 2 out of 3
Updating learning rate to 2.5e-05
	iters: 100, epoch: 4 | loss: 0.3010209
	speed: 0.2856s/iter; left time: 1860.6590s
	iters: 200, epoch: 4 | loss: 0.1841973
	speed: 0.1241s/iter; left time: 796.1520s
Epoch: 4 cost time: 31.07249164581299
Epoch: 4, Steps: 245 | Train Loss: 0.2169181 Vali Loss: 2.0930297 Test Loss: 7.2404637
EarlyStopping counter: 3 out of 3
Early stopping
>>>>>>>testing : ETTh2_720_96_Informer_ETTh2_ftM_sl720_ll48_pl96_dm512_nh8_el2_dl1_df2048_fc3_ebtimeF_dtTrue_Exp_0<<<<<<<<<<<<<<<<<<<<<<<<<<<<<<<<<
test 2785
mse:5.189213752746582, mae:1.8123352527618408
