Args in experiment:
Namespace(is_training=1, train_only=False, model_id='Informer_ETTm2_336_192', model='Informer', data='ETTm2', root_path='./dataset/', data_path='ETTm2.csv', features='M', target='OT', freq='h', checkpoints='./checkpoints/', seq_len=336, label_len=48, pred_len=192, individual=False, embed_type=0, enc_in=7, dec_in=7, c_out=7, d_model=512, n_heads=8, e_layers=2, d_layers=1, d_ff=2048, moving_avg=25, factor=3, distil=True, dropout=0.05, embed='timeF', activation='gelu', output_attention=False, do_predict=False, num_workers=10, itr=1, train_epochs=30, batch_size=32, patience=3, learning_rate=0.0001, des='Exp', loss='mse', lradj='type1', use_amp=False, use_gpu=True, gpu=0, use_multi_gpu=False, devices='0,1,2,3', test_flop=False)
Use GPU: cuda:0
>>>>>>>start training : Informer_ETTm2_336_192_Informer_ETTm2_ftM_sl336_ll48_pl192_dm512_nh8_el2_dl1_df2048_fc3_ebtimeF_dtTrue_Exp_0>>>>>>>>>>>>>>>>>>>>>>>>>>
train 34033
val 11329
test 11329
	iters: 100, epoch: 1 | loss: 0.4184979
	speed: 0.3895s/iter; left time: 12393.0545s
	iters: 200, epoch: 1 | loss: 0.2062380
	speed: 0.3413s/iter; left time: 10827.4696s
	iters: 300, epoch: 1 | loss: 0.3631048
	speed: 0.3425s/iter; left time: 10828.8880s
	iters: 400, epoch: 1 | loss: 0.2032704
	speed: 0.3453s/iter; left time: 10883.4688s
	iters: 500, epoch: 1 | loss: 0.1998965
	speed: 0.3520s/iter; left time: 11058.8280s
	iters: 600, epoch: 1 | loss: 0.1879336
	speed: 0.3440s/iter; left time: 10774.9105s
	iters: 700, epoch: 1 | loss: 0.2703056
	speed: 0.3754s/iter; left time: 11720.3767s
	iters: 800, epoch: 1 | loss: 0.2330875
	speed: 0.4000s/iter; left time: 12446.9111s
	iters: 900, epoch: 1 | loss: 0.2209880
	speed: 0.3570s/iter; left time: 11075.4422s
	iters: 1000, epoch: 1 | loss: 0.2431928
	speed: 0.3419s/iter; left time: 10570.3784s
Epoch: 1 cost time: 381.17788076400757
Epoch: 1, Steps: 1064 | Train Loss: 0.2482832 Vali Loss: 0.4613019 Test Loss: 1.8507099
Validation loss decreased (inf --> 0.461302).  Saving model ...
Updating learning rate to 0.0001
	iters: 100, epoch: 2 | loss: 0.1427576
	speed: 2.1157s/iter; left time: 65071.4323s
	iters: 200, epoch: 2 | loss: 0.2325728
	speed: 0.3541s/iter; left time: 10855.8471s
	iters: 300, epoch: 2 | loss: 0.1723485
	speed: 0.3732s/iter; left time: 11405.3801s
	iters: 400, epoch: 2 | loss: 0.1504444
	speed: 0.3842s/iter; left time: 11700.9433s
	iters: 500, epoch: 2 | loss: 0.1687707
	speed: 0.3721s/iter; left time: 11296.7747s
	iters: 600, epoch: 2 | loss: 0.1236579
	speed: 0.3650s/iter; left time: 11045.2709s
	iters: 700, epoch: 2 | loss: 0.1811997
	speed: 0.3423s/iter; left time: 10322.9541s
	iters: 800, epoch: 2 | loss: 0.1718604
	speed: 0.3463s/iter; left time: 10408.4422s
	iters: 900, epoch: 2 | loss: 0.1324787
	speed: 0.3421s/iter; left time: 10248.8977s
	iters: 1000, epoch: 2 | loss: 0.1638938
	speed: 0.3371s/iter; left time: 10063.6918s
Epoch: 2 cost time: 378.2910327911377
Epoch: 2, Steps: 1064 | Train Loss: 0.1595078 Vali Loss: 0.6089028 Test Loss: 2.4346125
EarlyStopping counter: 1 out of 3
Updating learning rate to 5e-05
	iters: 100, epoch: 3 | loss: 0.1154755
	speed: 2.2150s/iter; left time: 65771.2599s
	iters: 200, epoch: 3 | loss: 0.1075117
	speed: 0.3790s/iter; left time: 11215.3071s
	iters: 300, epoch: 3 | loss: 0.1418446
	speed: 0.3436s/iter; left time: 10132.6803s
	iters: 400, epoch: 3 | loss: 0.1298679
	speed: 0.3330s/iter; left time: 9787.0456s
	iters: 500, epoch: 3 | loss: 0.1279586
	speed: 0.3424s/iter; left time: 10028.8631s
	iters: 600, epoch: 3 | loss: 0.1193469
	speed: 0.3429s/iter; left time: 10009.3119s
	iters: 700, epoch: 3 | loss: 0.1110156
	speed: 0.3414s/iter; left time: 9932.6429s
	iters: 800, epoch: 3 | loss: 0.1408404
	speed: 0.3380s/iter; left time: 9800.3095s
	iters: 900, epoch: 3 | loss: 0.1010845
	speed: 0.3358s/iter; left time: 9701.2137s
	iters: 1000, epoch: 3 | loss: 0.1074524
	speed: 0.3451s/iter; left time: 9937.2869s
Epoch: 3 cost time: 372.09763503074646
Epoch: 3, Steps: 1064 | Train Loss: 0.1188736 Vali Loss: 0.6408485 Test Loss: 2.3356409
EarlyStopping counter: 2 out of 3
Updating learning rate to 2.5e-05
	iters: 100, epoch: 4 | loss: 0.1213066
	speed: 2.1603s/iter; left time: 61847.9048s
	iters: 200, epoch: 4 | loss: 0.1323677
	speed: 0.3452s/iter; left time: 9847.9853s
	iters: 300, epoch: 4 | loss: 0.0808378
	speed: 0.3533s/iter; left time: 10044.0906s
	iters: 400, epoch: 4 | loss: 0.1069335
	speed: 0.3517s/iter; left time: 9962.2140s
	iters: 500, epoch: 4 | loss: 0.0893484
	speed: 0.3475s/iter; left time: 9809.4057s
	iters: 600, epoch: 4 | loss: 0.0924495
	speed: 0.3386s/iter; left time: 9524.6179s
	iters: 700, epoch: 4 | loss: 0.1105738
	speed: 0.3570s/iter; left time: 10007.0365s
	iters: 800, epoch: 4 | loss: 0.1225710
	speed: 0.3784s/iter; left time: 10567.0827s
	iters: 900, epoch: 4 | loss: 0.1102210
	speed: 0.3473s/iter; left time: 9665.5893s
	iters: 1000, epoch: 4 | loss: 0.0941785
	speed: 0.3438s/iter; left time: 9533.4370s
Epoch: 4 cost time: 373.8376712799072
Epoch: 4, Steps: 1064 | Train Loss: 0.1009887 Vali Loss: 0.6399176 Test Loss: 2.6904221
EarlyStopping counter: 3 out of 3
Early stopping
>>>>>>>testing : Informer_ETTm2_336_192_Informer_ETTm2_ftM_sl336_ll48_pl192_dm512_nh8_el2_dl1_df2048_fc3_ebtimeF_dtTrue_Exp_0<<<<<<<<<<<<<<<<<<<<<<<<<<<<<<<<<
test 11329
mse:1.854997992515564, mae:1.0507197380065918
