Args in experiment:
Namespace(is_training=1, train_only=False, model_id='ETTm1_720_336', model='Informer', data='ETTm1', root_path='./dataset/', data_path='ETTm1.csv', features='M', target='OT', freq='h', checkpoints='./checkpoints/', seq_len=720, label_len=48, pred_len=336, individual=False, embed_type=0, enc_in=7, dec_in=7, c_out=7, d_model=512, n_heads=8, e_layers=2, d_layers=1, d_ff=2048, moving_avg=25, factor=3, distil=True, dropout=0.05, embed='timeF', activation='gelu', output_attention=False, do_predict=False, num_workers=10, itr=1, train_epochs=30, batch_size=32, patience=3, learning_rate=0.0001, des='Exp', loss='mse', lradj='type1', use_amp=False, use_gpu=True, gpu=0, use_multi_gpu=False, devices='0,1,2,3', test_flop=False)
Use GPU: cuda:0
>>>>>>>start training : ETTm1_720_336_Informer_ETTm1_ftM_sl720_ll48_pl336_dm512_nh8_el2_dl1_df2048_fc3_ebtimeF_dtTrue_Exp_0>>>>>>>>>>>>>>>>>>>>>>>>>>
train 33505
val 11185
test 11185
	iters: 100, epoch: 1 | loss: 0.4632761
	speed: 0.5096s/iter; left time: 15972.7666s
	iters: 200, epoch: 1 | loss: 0.4185808
	speed: 0.4659s/iter; left time: 14554.4869s
	iters: 300, epoch: 1 | loss: 0.4967486
	speed: 0.4617s/iter; left time: 14376.3568s
	iters: 400, epoch: 1 | loss: 0.3893878
	speed: 0.4639s/iter; left time: 14398.7680s
	iters: 500, epoch: 1 | loss: 0.3668939
	speed: 0.4621s/iter; left time: 14297.0820s
	iters: 600, epoch: 1 | loss: 0.3913393
	speed: 0.4639s/iter; left time: 14307.1305s
	iters: 700, epoch: 1 | loss: 0.3805641
	speed: 0.4725s/iter; left time: 14526.0115s
	iters: 800, epoch: 1 | loss: 0.3830171
	speed: 0.4715s/iter; left time: 14446.4893s
	iters: 900, epoch: 1 | loss: 0.3560783
	speed: 0.4744s/iter; left time: 14488.4341s
	iters: 1000, epoch: 1 | loss: 0.3395128
	speed: 0.4625s/iter; left time: 14077.9196s
Epoch: 1 cost time: 493.8429718017578
Epoch: 1, Steps: 1048 | Train Loss: 0.4185632 Vali Loss: 1.3952789 Test Loss: 1.3918682
Validation loss decreased (inf --> 1.395279).  Saving model ...
Updating learning rate to 0.0001
	iters: 100, epoch: 2 | loss: 0.2957393
	speed: 2.2978s/iter; left time: 69606.6604s
	iters: 200, epoch: 2 | loss: 0.3007631
	speed: 0.4679s/iter; left time: 14128.6333s
	iters: 300, epoch: 2 | loss: 0.2779087
	speed: 0.4556s/iter; left time: 13708.9269s
	iters: 400, epoch: 2 | loss: 0.2808250
	speed: 0.4587s/iter; left time: 13756.7315s
	iters: 500, epoch: 2 | loss: 0.2956246
	speed: 0.4773s/iter; left time: 14267.1000s
	iters: 600, epoch: 2 | loss: 0.2570324
	speed: 0.4678s/iter; left time: 13936.1986s
	iters: 700, epoch: 2 | loss: 0.2785484
	speed: 0.4734s/iter; left time: 14057.5740s
	iters: 800, epoch: 2 | loss: 0.2315547
	speed: 0.4645s/iter; left time: 13745.2886s
	iters: 900, epoch: 2 | loss: 0.2492292
	speed: 0.4703s/iter; left time: 13870.6512s
	iters: 1000, epoch: 2 | loss: 0.2394163
	speed: 0.4687s/iter; left time: 13775.8280s
Epoch: 2 cost time: 490.42423725128174
Epoch: 2, Steps: 1048 | Train Loss: 0.2750537 Vali Loss: 1.4288536 Test Loss: 1.2525879
EarlyStopping counter: 1 out of 3
Updating learning rate to 5e-05
	iters: 100, epoch: 3 | loss: 0.2208645
	speed: 2.4281s/iter; left time: 71009.1330s
	iters: 200, epoch: 3 | loss: 0.2234326
	speed: 0.4674s/iter; left time: 13623.1707s
	iters: 300, epoch: 3 | loss: 0.2264072
	speed: 0.4745s/iter; left time: 13782.3269s
	iters: 400, epoch: 3 | loss: 0.2045773
	speed: 0.4670s/iter; left time: 13518.3444s
	iters: 500, epoch: 3 | loss: 0.2125137
	speed: 0.4732s/iter; left time: 13649.8289s
	iters: 600, epoch: 3 | loss: 0.2186041
	speed: 0.4659s/iter; left time: 13393.2233s
	iters: 700, epoch: 3 | loss: 0.2145152
	speed: 0.4726s/iter; left time: 13536.9196s
	iters: 800, epoch: 3 | loss: 0.2023740
	speed: 0.4729s/iter; left time: 13498.6310s
	iters: 900, epoch: 3 | loss: 0.1925969
	speed: 0.4620s/iter; left time: 13140.5557s
	iters: 1000, epoch: 3 | loss: 0.1922150
	speed: 0.4688s/iter; left time: 13287.1738s
Epoch: 3 cost time: 491.820508480072
Epoch: 3, Steps: 1048 | Train Loss: 0.2149204 Vali Loss: 1.5495086 Test Loss: 1.2576140
EarlyStopping counter: 2 out of 3
Updating learning rate to 2.5e-05
	iters: 100, epoch: 4 | loss: 0.2007509
	speed: 2.3775s/iter; left time: 67038.3302s
	iters: 200, epoch: 4 | loss: 0.1704568
	speed: 0.4657s/iter; left time: 13083.8790s
	iters: 300, epoch: 4 | loss: 0.1937265
	speed: 0.4715s/iter; left time: 13200.5792s
	iters: 400, epoch: 4 | loss: 0.1932029
	speed: 0.4697s/iter; left time: 13104.4347s
	iters: 500, epoch: 4 | loss: 0.1915803
	speed: 0.4684s/iter; left time: 13020.7529s
	iters: 600, epoch: 4 | loss: 0.1997987
	speed: 0.4730s/iter; left time: 13101.1541s
	iters: 700, epoch: 4 | loss: 0.1885106
	speed: 0.4710s/iter; left time: 12999.3649s
	iters: 800, epoch: 4 | loss: 0.1804262
	speed: 0.4688s/iter; left time: 12889.9066s
	iters: 900, epoch: 4 | loss: 0.1768644
	speed: 0.4706s/iter; left time: 12893.0923s
	iters: 1000, epoch: 4 | loss: 0.1922326
	speed: 0.4598s/iter; left time: 12551.7598s
Epoch: 4 cost time: 492.05716276168823
Epoch: 4, Steps: 1048 | Train Loss: 0.1911226 Vali Loss: 1.6177986 Test Loss: 1.3571905
EarlyStopping counter: 3 out of 3
Early stopping
>>>>>>>testing : ETTm1_720_336_Informer_ETTm1_ftM_sl720_ll48_pl336_dm512_nh8_el2_dl1_df2048_fc3_ebtimeF_dtTrue_Exp_0<<<<<<<<<<<<<<<<<<<<<<<<<<<<<<<<<
test 11185
mse:1.3910149335861206, mae:0.9229529500007629
