Args in experiment:
Namespace(is_training=1, train_only=False, model_id='Informer_traffic_336_720', model='Informer', data='custom', root_path='./dataset/', data_path='traffic.csv', features='M', target='OT', freq='h', checkpoints='./checkpoints/', seq_len=336, label_len=48, pred_len=720, individual=False, embed_type=0, enc_in=862, dec_in=862, c_out=862, d_model=512, n_heads=8, e_layers=2, d_layers=1, d_ff=2048, moving_avg=25, factor=3, distil=True, dropout=0.05, embed='timeF', activation='gelu', output_attention=False, do_predict=False, num_workers=10, itr=1, train_epochs=30, batch_size=32, patience=3, learning_rate=0.0001, des='Exp', loss='mse', lradj='type1', use_amp=False, use_gpu=True, gpu=0, use_multi_gpu=False, devices='0,1,2,3', test_flop=False)
Use GPU: cuda:0
>>>>>>>start training : Informer_traffic_336_720_Informer_custom_ftM_sl336_ll48_pl720_dm512_nh8_el2_dl1_df2048_fc3_ebtimeF_dtTrue_Exp_0>>>>>>>>>>>>>>>>>>>>>>>>>>
train 11225
val 1037
test 2789
	iters: 100, epoch: 1 | loss: 0.9836148
	speed: 0.6647s/iter; left time: 6933.4167s
	iters: 200, epoch: 1 | loss: 0.9652937
	speed: 0.6105s/iter; left time: 6307.0799s
	iters: 300, epoch: 1 | loss: 0.9070901
	speed: 0.6095s/iter; left time: 6235.6766s
Epoch: 1 cost time: 220.34035658836365
Epoch: 1, Steps: 351 | Train Loss: 0.9689584 Vali Loss: 1.1821420 Test Loss: 1.4515915
Validation loss decreased (inf --> 1.182142).  Saving model ...
Updating learning rate to 0.0001
	iters: 100, epoch: 2 | loss: 0.8889920
	speed: 1.5842s/iter; left time: 15969.1774s
	iters: 200, epoch: 2 | loss: 0.8794601
	speed: 0.6111s/iter; left time: 6098.3063s
	iters: 300, epoch: 2 | loss: 0.8847687
	speed: 0.5871s/iter; left time: 5800.4087s
Epoch: 2 cost time: 211.02291750907898
Epoch: 2, Steps: 351 | Train Loss: 0.8936460 Vali Loss: 1.1820132 Test Loss: 1.4460340
Validation loss decreased (1.182142 --> 1.182013).  Saving model ...
Updating learning rate to 5e-05
	iters: 100, epoch: 3 | loss: 0.8639497
	speed: 1.5436s/iter; left time: 15017.6110s
	iters: 200, epoch: 3 | loss: 0.8091918
	speed: 0.6253s/iter; left time: 6020.8514s
	iters: 300, epoch: 3 | loss: 0.8010592
	speed: 0.6084s/iter; left time: 5797.7082s
Epoch: 3 cost time: 215.86422562599182
Epoch: 3, Steps: 351 | Train Loss: 0.8361152 Vali Loss: 1.1066302 Test Loss: 1.3707519
Validation loss decreased (1.182013 --> 1.106630).  Saving model ...
Updating learning rate to 2.5e-05
	iters: 100, epoch: 4 | loss: 0.6531500
	speed: 1.6139s/iter; left time: 15135.3282s
	iters: 200, epoch: 4 | loss: 0.5833803
	speed: 0.5844s/iter; left time: 5421.7944s
	iters: 300, epoch: 4 | loss: 0.5312554
	speed: 0.6053s/iter; left time: 5555.1890s
Epoch: 4 cost time: 212.15533256530762
Epoch: 4, Steps: 351 | Train Loss: 0.6117697 Vali Loss: 0.8504656 Test Loss: 1.1210326
Validation loss decreased (1.106630 --> 0.850466).  Saving model ...
Updating learning rate to 1.25e-05
	iters: 100, epoch: 5 | loss: 0.5029444
	speed: 1.5137s/iter; left time: 13664.4598s
	iters: 200, epoch: 5 | loss: 0.5040094
	speed: 0.5657s/iter; left time: 5049.9418s
	iters: 300, epoch: 5 | loss: 0.4691304
	speed: 0.5936s/iter; left time: 5239.8083s
Epoch: 5 cost time: 205.11590671539307
Epoch: 5, Steps: 351 | Train Loss: 0.4924868 Vali Loss: 0.8332551 Test Loss: 1.0733340
Validation loss decreased (0.850466 --> 0.833255).  Saving model ...
Updating learning rate to 6.25e-06
	iters: 100, epoch: 6 | loss: 0.4719543
	speed: 1.4774s/iter; left time: 12817.5715s
	iters: 200, epoch: 6 | loss: 0.4787148
	speed: 0.6013s/iter; left time: 5157.1316s
	iters: 300, epoch: 6 | loss: 0.4628766
	speed: 0.5760s/iter; left time: 4881.9398s
Epoch: 6 cost time: 206.25
Epoch: 6, Steps: 351 | Train Loss: 0.4713336 Vali Loss: 0.7959824 Test Loss: 1.0578942
Validation loss decreased (0.833255 --> 0.795982).  Saving model ...
Updating learning rate to 3.125e-06
	iters: 100, epoch: 7 | loss: 0.4759241
	speed: 1.5587s/iter; left time: 12976.0116s
	iters: 200, epoch: 7 | loss: 0.4508529
	speed: 0.6531s/iter; left time: 5371.3983s
	iters: 300, epoch: 7 | loss: 0.4455024
	speed: 0.6225s/iter; left time: 5057.5286s
Epoch: 7 cost time: 222.35665941238403
Epoch: 7, Steps: 351 | Train Loss: 0.4633207 Vali Loss: 0.8060293 Test Loss: 1.0480834
EarlyStopping counter: 1 out of 3
Updating learning rate to 1.5625e-06
	iters: 100, epoch: 8 | loss: 0.4709682
	speed: 1.5640s/iter; left time: 12471.5662s
	iters: 200, epoch: 8 | loss: 0.4566381
	speed: 0.5994s/iter; left time: 4719.9306s
	iters: 300, epoch: 8 | loss: 0.4544102
	speed: 0.6128s/iter; left time: 4763.9702s
Epoch: 8 cost time: 214.29579663276672
Epoch: 8, Steps: 351 | Train Loss: 0.4595040 Vali Loss: 0.8014478 Test Loss: 1.0491697
EarlyStopping counter: 2 out of 3
Updating learning rate to 7.8125e-07
	iters: 100, epoch: 9 | loss: 0.4633459
	speed: 1.6623s/iter; left time: 12671.3516s
	iters: 200, epoch: 9 | loss: 0.4609666
	speed: 0.6038s/iter; left time: 4542.5582s
	iters: 300, epoch: 9 | loss: 0.4496892
	speed: 0.5939s/iter; left time: 4408.6548s
Epoch: 9 cost time: 215.68929862976074
Epoch: 9, Steps: 351 | Train Loss: 0.4577221 Vali Loss: 0.7982953 Test Loss: 1.0493966
EarlyStopping counter: 3 out of 3
Early stopping
>>>>>>>testing : Informer_traffic_336_720_Informer_custom_ftM_sl336_ll48_pl720_dm512_nh8_el2_dl1_df2048_fc3_ebtimeF_dtTrue_Exp_0<<<<<<<<<<<<<<<<<<<<<<<<<<<<<<<<<
test 2789
mse:1.0593290328979492, mae:0.6045143008232117
