Args in experiment:
Namespace(is_training=1, train_only=False, model_id='Informer_ETTh1_96_336', model='Informer', data='ETTh1', root_path='./dataset/', data_path='ETTh1.csv', features='M', target='OT', freq='h', checkpoints='./checkpoints/', seq_len=96, label_len=48, pred_len=336, individual=False, embed_type=0, enc_in=7, dec_in=7, c_out=7, d_model=512, n_heads=8, e_layers=2, d_layers=1, d_ff=2048, moving_avg=25, factor=3, distil=True, dropout=0.05, embed='timeF', activation='gelu', output_attention=False, do_predict=False, num_workers=10, itr=1, train_epochs=30, batch_size=32, patience=3, learning_rate=0.0001, des='Exp', loss='mse', lradj='type1', use_amp=False, use_gpu=True, gpu=0, use_multi_gpu=False, devices='0,1,2,3', test_flop=False)
Use GPU: cuda:0
>>>>>>>start training : Informer_ETTh1_96_336_Informer_ETTh1_ftM_sl96_ll48_pl336_dm512_nh8_el2_dl1_df2048_fc3_ebtimeF_dtTrue_Exp_0>>>>>>>>>>>>>>>>>>>>>>>>>>
train 8209
val 2545
test 2545
	iters: 100, epoch: 1 | loss: 0.5870445
	speed: 0.3990s/iter; left time: 3036.6194s
	iters: 200, epoch: 1 | loss: 0.5387279
	speed: 0.3569s/iter; left time: 2680.9133s
Epoch: 1 cost time: 95.97349572181702
Epoch: 1, Steps: 257 | Train Loss: 0.5659692 Vali Loss: 1.6832635 Test Loss: 1.0457128
Validation loss decreased (inf --> 1.683264).  Saving model ...
Updating learning rate to 0.0001
	iters: 100, epoch: 2 | loss: 0.4447582
	speed: 0.9546s/iter; left time: 7019.8589s
	iters: 200, epoch: 2 | loss: 0.4723519
	speed: 0.3486s/iter; left time: 2528.5363s
Epoch: 2 cost time: 90.75445532798767
Epoch: 2, Steps: 257 | Train Loss: 0.4888689 Vali Loss: 1.7203623 Test Loss: 1.1831573
EarlyStopping counter: 1 out of 3
Updating learning rate to 5e-05
	iters: 100, epoch: 3 | loss: 0.5148014
	speed: 0.9411s/iter; left time: 6679.1183s
	iters: 200, epoch: 3 | loss: 0.4272309
	speed: 0.3334s/iter; left time: 2332.6400s
Epoch: 3 cost time: 87.98860287666321
Epoch: 3, Steps: 257 | Train Loss: 0.4454549 Vali Loss: 1.6930023 Test Loss: 1.2188851
EarlyStopping counter: 2 out of 3
Updating learning rate to 2.5e-05
	iters: 100, epoch: 4 | loss: 0.4130940
	speed: 1.0088s/iter; left time: 6899.8768s
	iters: 200, epoch: 4 | loss: 0.4332823
	speed: 0.3329s/iter; left time: 2243.4694s
Epoch: 4 cost time: 89.87907338142395
Epoch: 4, Steps: 257 | Train Loss: 0.4273825 Vali Loss: 1.7490768 Test Loss: 1.2474641
EarlyStopping counter: 3 out of 3
Early stopping
>>>>>>>testing : Informer_ETTh1_96_336_Informer_ETTh1_ftM_sl96_ll48_pl336_dm512_nh8_el2_dl1_df2048_fc3_ebtimeF_dtTrue_Exp_0<<<<<<<<<<<<<<<<<<<<<<<<<<<<<<<<<
test 2545
mse:1.0465705394744873, mae:0.7904399633407593
