Args in experiment:
Namespace(is_training=1, train_only=False, model_id='Informer_electricity_96_192', model='Informer', data='custom', root_path='./dataset/', data_path='electricity.csv', features='M', target='OT', freq='h', checkpoints='./checkpoints/', seq_len=96, label_len=48, pred_len=192, individual=False, embed_type=0, enc_in=321, dec_in=321, c_out=321, d_model=512, n_heads=8, e_layers=2, d_layers=1, d_ff=2048, moving_avg=25, factor=3, distil=True, dropout=0.05, embed='timeF', activation='gelu', output_attention=False, do_predict=False, num_workers=10, itr=1, train_epochs=30, batch_size=32, patience=3, learning_rate=0.0001, des='Exp', loss='mse', lradj='type1', use_amp=False, use_gpu=True, gpu=0, use_multi_gpu=False, devices='0,1,2,3', test_flop=False)
Use GPU: cuda:0
>>>>>>>start training : Informer_electricity_96_192_Informer_custom_ftM_sl96_ll48_pl192_dm512_nh8_el2_dl1_df2048_fc3_ebtimeF_dtTrue_Exp_0>>>>>>>>>>>>>>>>>>>>>>>>>>
train 18125
val 2441
test 5069
	iters: 100, epoch: 1 | loss: 0.7543329
	speed: 0.4118s/iter; left time: 6964.1720s
	iters: 200, epoch: 1 | loss: 0.7421328
	speed: 0.3481s/iter; left time: 5851.8262s
	iters: 300, epoch: 1 | loss: 0.6002262
	speed: 0.3541s/iter; left time: 5917.3801s
	iters: 400, epoch: 1 | loss: 0.4879294
	speed: 0.3446s/iter; left time: 5724.5119s
	iters: 500, epoch: 1 | loss: 0.3411205
	speed: 0.3283s/iter; left time: 5420.9653s
Epoch: 1 cost time: 200.69803142547607
Epoch: 1, Steps: 567 | Train Loss: 0.6108742 Vali Loss: 0.3353922 Test Loss: 0.4004131
Validation loss decreased (inf --> 0.335392).  Saving model ...
Updating learning rate to 0.0001
	iters: 100, epoch: 2 | loss: 0.2501315
	speed: 1.2509s/iter; left time: 20444.6500s
	iters: 200, epoch: 2 | loss: 0.2362382
	speed: 0.3268s/iter; left time: 5307.9852s
	iters: 300, epoch: 2 | loss: 0.2117965
	speed: 0.3323s/iter; left time: 5363.9414s
	iters: 400, epoch: 2 | loss: 0.2121482
	speed: 0.3448s/iter; left time: 5532.1030s
	iters: 500, epoch: 2 | loss: 0.1976462
	speed: 0.3465s/iter; left time: 5525.1728s
Epoch: 2 cost time: 195.02652668952942
Epoch: 2, Steps: 567 | Train Loss: 0.2306638 Vali Loss: 0.2575090 Test Loss: 0.3414241
Validation loss decreased (0.335392 --> 0.257509).  Saving model ...
Updating learning rate to 5e-05
	iters: 100, epoch: 3 | loss: 0.1925872
	speed: 1.2244s/iter; left time: 19317.7642s
	iters: 200, epoch: 3 | loss: 0.1959553
	speed: 0.3402s/iter; left time: 5334.0158s
	iters: 300, epoch: 3 | loss: 0.1973111
	speed: 0.3382s/iter; left time: 5267.4279s
	iters: 400, epoch: 3 | loss: 0.1908739
	speed: 0.3327s/iter; left time: 5149.7697s
	iters: 500, epoch: 3 | loss: 0.1938660
	speed: 0.3153s/iter; left time: 4848.4708s
Epoch: 3 cost time: 188.96320796012878
Epoch: 3, Steps: 567 | Train Loss: 0.1903259 Vali Loss: 0.2517847 Test Loss: 0.3468303
Validation loss decreased (0.257509 --> 0.251785).  Saving model ...
Updating learning rate to 2.5e-05
	iters: 100, epoch: 4 | loss: 0.1735882
	speed: 1.2399s/iter; left time: 18859.5979s
	iters: 200, epoch: 4 | loss: 0.1730535
	speed: 0.3312s/iter; left time: 5004.5834s
	iters: 300, epoch: 4 | loss: 0.1750303
	speed: 0.3159s/iter; left time: 4741.3407s
	iters: 400, epoch: 4 | loss: 0.1787069
	speed: 0.3253s/iter; left time: 4850.2689s
	iters: 500, epoch: 4 | loss: 0.1672155
	speed: 0.3526s/iter; left time: 5221.3941s
Epoch: 4 cost time: 190.30645513534546
Epoch: 4, Steps: 567 | Train Loss: 0.1790649 Vali Loss: 0.2490552 Test Loss: 0.3511978
Validation loss decreased (0.251785 --> 0.249055).  Saving model ...
Updating learning rate to 1.25e-05
	iters: 100, epoch: 5 | loss: 0.1742135
	speed: 1.2843s/iter; left time: 18805.8378s
	iters: 200, epoch: 5 | loss: 0.1772788
	speed: 0.3390s/iter; left time: 4929.9480s
	iters: 300, epoch: 5 | loss: 0.1726830
	speed: 0.3316s/iter; left time: 4788.8963s
	iters: 400, epoch: 5 | loss: 0.1695609
	speed: 0.3310s/iter; left time: 4747.1605s
	iters: 500, epoch: 5 | loss: 0.1740333
	speed: 0.3334s/iter; left time: 4749.3032s
Epoch: 5 cost time: 192.52339625358582
Epoch: 5, Steps: 567 | Train Loss: 0.1734979 Vali Loss: 0.2429625 Test Loss: 0.3453760
Validation loss decreased (0.249055 --> 0.242962).  Saving model ...
Updating learning rate to 6.25e-06
	iters: 100, epoch: 6 | loss: 0.1683340
	speed: 1.2223s/iter; left time: 17204.6267s
	iters: 200, epoch: 6 | loss: 0.1642833
	speed: 0.3265s/iter; left time: 4562.4730s
	iters: 300, epoch: 6 | loss: 0.1685303
	speed: 0.3283s/iter; left time: 4554.8433s
	iters: 400, epoch: 6 | loss: 0.1645809
	speed: 0.3336s/iter; left time: 4595.2050s
	iters: 500, epoch: 6 | loss: 0.1644437
	speed: 0.3383s/iter; left time: 4627.1964s
Epoch: 6 cost time: 190.8146252632141
Epoch: 6, Steps: 567 | Train Loss: 0.1708067 Vali Loss: 0.2451889 Test Loss: 0.3516728
EarlyStopping counter: 1 out of 3
Updating learning rate to 3.125e-06
	iters: 100, epoch: 7 | loss: 0.1653689
	speed: 1.2270s/iter; left time: 16575.5673s
	iters: 200, epoch: 7 | loss: 0.1734028
	speed: 0.3145s/iter; left time: 4216.7046s
	iters: 300, epoch: 7 | loss: 0.1727868
	speed: 0.3208s/iter; left time: 4269.5021s
	iters: 400, epoch: 7 | loss: 0.1820181
	speed: 0.3404s/iter; left time: 4495.8718s
	iters: 500, epoch: 7 | loss: 0.1681003
	speed: 0.3398s/iter; left time: 4454.0724s
Epoch: 7 cost time: 189.8340299129486
Epoch: 7, Steps: 567 | Train Loss: 0.1692575 Vali Loss: 0.2437139 Test Loss: 0.3470006
EarlyStopping counter: 2 out of 3
Updating learning rate to 1.5625e-06
	iters: 100, epoch: 8 | loss: 0.1657789
	speed: 1.2380s/iter; left time: 16021.5777s
	iters: 200, epoch: 8 | loss: 0.1713306
	speed: 0.3619s/iter; left time: 4647.2795s
	iters: 300, epoch: 8 | loss: 0.1746447
	speed: 0.3651s/iter; left time: 4651.6830s
	iters: 400, epoch: 8 | loss: 0.1789169
	speed: 0.3732s/iter; left time: 4718.4561s
	iters: 500, epoch: 8 | loss: 0.1680697
	speed: 0.3519s/iter; left time: 4412.9645s
Epoch: 8 cost time: 203.98156094551086
Epoch: 8, Steps: 567 | Train Loss: 0.1684943 Vali Loss: 0.2423615 Test Loss: 0.3483337
Validation loss decreased (0.242962 --> 0.242361).  Saving model ...
Updating learning rate to 7.8125e-07
	iters: 100, epoch: 9 | loss: 0.1747536
	speed: 1.2642s/iter; left time: 15644.4000s
	iters: 200, epoch: 9 | loss: 0.1628522
	speed: 0.3167s/iter; left time: 3887.0034s
	iters: 300, epoch: 9 | loss: 0.1599016
	speed: 0.3266s/iter; left time: 3976.1688s
	iters: 400, epoch: 9 | loss: 0.1721340
	speed: 0.3355s/iter; left time: 4050.7139s
	iters: 500, epoch: 9 | loss: 0.1648391
	speed: 0.3237s/iter; left time: 3875.8295s
Epoch: 9 cost time: 188.08325028419495
Epoch: 9, Steps: 567 | Train Loss: 0.1680158 Vali Loss: 0.2425076 Test Loss: 0.3473407
EarlyStopping counter: 1 out of 3
Updating learning rate to 3.90625e-07
	iters: 100, epoch: 10 | loss: 0.1662694
	speed: 1.2633s/iter; left time: 14916.6686s
	iters: 200, epoch: 10 | loss: 0.1639921
	speed: 0.3375s/iter; left time: 3951.0064s
	iters: 300, epoch: 10 | loss: 0.1686482
	speed: 0.3196s/iter; left time: 3710.4705s
	iters: 400, epoch: 10 | loss: 0.1728767
	speed: 0.3296s/iter; left time: 3792.6589s
	iters: 500, epoch: 10 | loss: 0.1633377
	speed: 0.3264s/iter; left time: 3723.6741s
Epoch: 10 cost time: 188.75648307800293
Epoch: 10, Steps: 567 | Train Loss: 0.1678624 Vali Loss: 0.2424170 Test Loss: 0.3475231
EarlyStopping counter: 2 out of 3
Updating learning rate to 1.953125e-07
	iters: 100, epoch: 11 | loss: 0.1736349
	speed: 1.1965s/iter; left time: 13449.9979s
	iters: 200, epoch: 11 | loss: 0.1665516
	speed: 0.3148s/iter; left time: 3507.4183s
	iters: 300, epoch: 11 | loss: 0.1632802
	speed: 0.3479s/iter; left time: 3841.3146s
	iters: 400, epoch: 11 | loss: 0.1590421
	speed: 0.3346s/iter; left time: 3660.5105s
	iters: 500, epoch: 11 | loss: 0.1671738
	speed: 0.3308s/iter; left time: 3586.2338s
Epoch: 11 cost time: 190.39332795143127
Epoch: 11, Steps: 567 | Train Loss: 0.1677432 Vali Loss: 0.2426769 Test Loss: 0.3487231
EarlyStopping counter: 3 out of 3
Early stopping
>>>>>>>testing : Informer_electricity_96_192_Informer_custom_ftM_sl96_ll48_pl192_dm512_nh8_el2_dl1_df2048_fc3_ebtimeF_dtTrue_Exp_0<<<<<<<<<<<<<<<<<<<<<<<<<<<<<<<<<
test 5069
mse:0.3471033573150635, mae:0.43040814995765686
