Args in experiment:
Namespace(is_training=1, train_only=False, model_id='Informer_traffic_336_192', model='Informer', data='custom', root_path='./dataset/', data_path='traffic.csv', features='M', target='OT', freq='h', checkpoints='./checkpoints/', seq_len=336, label_len=48, pred_len=192, individual=False, embed_type=0, enc_in=862, dec_in=862, c_out=862, d_model=512, n_heads=8, e_layers=2, d_layers=1, d_ff=2048, moving_avg=25, factor=3, distil=True, dropout=0.05, embed='timeF', activation='gelu', output_attention=False, do_predict=False, num_workers=10, itr=1, train_epochs=30, batch_size=32, patience=3, learning_rate=0.0001, des='Exp', loss='mse', lradj='type1', use_amp=False, use_gpu=True, gpu=0, use_multi_gpu=False, devices='0,1,2,3', test_flop=False)
Use GPU: cuda:0
>>>>>>>start training : Informer_traffic_336_192_Informer_custom_ftM_sl336_ll48_pl192_dm512_nh8_el2_dl1_df2048_fc3_ebtimeF_dtTrue_Exp_0>>>>>>>>>>>>>>>>>>>>>>>>>>
train 11753
val 1565
test 3317
	iters: 100, epoch: 1 | loss: 0.9186349
	speed: 0.5038s/iter; left time: 5511.5603s
	iters: 200, epoch: 1 | loss: 0.8449739
	speed: 0.4267s/iter; left time: 4626.3871s
	iters: 300, epoch: 1 | loss: 0.7722351
	speed: 0.4425s/iter; left time: 4752.9590s
Epoch: 1 cost time: 165.80911946296692
Epoch: 1, Steps: 368 | Train Loss: 0.8677632 Vali Loss: 1.0563468 Test Loss: 1.2600882
Validation loss decreased (inf --> 1.056347).  Saving model ...
Updating learning rate to 0.0001
	iters: 100, epoch: 2 | loss: 0.6624879
	speed: 1.2566s/iter; left time: 13285.8192s
	iters: 200, epoch: 2 | loss: 0.5067195
	speed: 0.4499s/iter; left time: 4712.0483s
	iters: 300, epoch: 2 | loss: 0.4267960
	speed: 0.4455s/iter; left time: 4620.7387s
Epoch: 2 cost time: 164.4095902442932
Epoch: 2, Steps: 368 | Train Loss: 0.5612972 Vali Loss: 0.7144182 Test Loss: 0.9046438
Validation loss decreased (1.056347 --> 0.714418).  Saving model ...
Updating learning rate to 5e-05
	iters: 100, epoch: 3 | loss: 0.3478922
	speed: 1.2659s/iter; left time: 12918.5460s
	iters: 200, epoch: 3 | loss: 0.3269766
	speed: 0.4468s/iter; left time: 4514.5800s
	iters: 300, epoch: 3 | loss: 0.3497193
	speed: 0.4339s/iter; left time: 4341.4281s
Epoch: 3 cost time: 161.25768733024597
Epoch: 3, Steps: 368 | Train Loss: 0.3496656 Vali Loss: 0.6628160 Test Loss: 0.8403008
Validation loss decreased (0.714418 --> 0.662816).  Saving model ...
Updating learning rate to 2.5e-05
	iters: 100, epoch: 4 | loss: 0.3242103
	speed: 1.2345s/iter; left time: 12144.1685s
	iters: 200, epoch: 4 | loss: 0.3150761
	speed: 0.4448s/iter; left time: 4331.0027s
	iters: 300, epoch: 4 | loss: 0.3012260
	speed: 0.4412s/iter; left time: 4251.8085s
Epoch: 4 cost time: 162.18149495124817
Epoch: 4, Steps: 368 | Train Loss: 0.3081674 Vali Loss: 0.6638773 Test Loss: 0.8639603
EarlyStopping counter: 1 out of 3
Updating learning rate to 1.25e-05
	iters: 100, epoch: 5 | loss: 0.3127194
	speed: 1.2982s/iter; left time: 12293.0646s
	iters: 200, epoch: 5 | loss: 0.2927873
	speed: 0.4263s/iter; left time: 3993.9064s
	iters: 300, epoch: 5 | loss: 0.2916658
	speed: 0.4098s/iter; left time: 3798.0925s
Epoch: 5 cost time: 157.20938301086426
Epoch: 5, Steps: 368 | Train Loss: 0.2944208 Vali Loss: 0.6483209 Test Loss: 0.8116347
Validation loss decreased (0.662816 --> 0.648321).  Saving model ...
Updating learning rate to 6.25e-06
	iters: 100, epoch: 6 | loss: 0.2903270
	speed: 1.2192s/iter; left time: 11095.8757s
	iters: 200, epoch: 6 | loss: 0.2880494
	speed: 0.4422s/iter; left time: 3979.8963s
	iters: 300, epoch: 6 | loss: 0.2881619
	speed: 0.4498s/iter; left time: 4003.4604s
Epoch: 6 cost time: 162.17470741271973
Epoch: 6, Steps: 368 | Train Loss: 0.2883787 Vali Loss: 0.6490147 Test Loss: 0.8084683
EarlyStopping counter: 1 out of 3
Updating learning rate to 3.125e-06
	iters: 100, epoch: 7 | loss: 0.2730680
	speed: 1.2412s/iter; left time: 10839.7828s
	iters: 200, epoch: 7 | loss: 0.2857015
	speed: 0.4201s/iter; left time: 3626.3759s
	iters: 300, epoch: 7 | loss: 0.2847023
	speed: 0.4235s/iter; left time: 3613.8641s
Epoch: 7 cost time: 156.63647389411926
Epoch: 7, Steps: 368 | Train Loss: 0.2854901 Vali Loss: 0.6428226 Test Loss: 0.8076581
Validation loss decreased (0.648321 --> 0.642823).  Saving model ...
Updating learning rate to 1.5625e-06
	iters: 100, epoch: 8 | loss: 0.2853703
	speed: 1.2763s/iter; left time: 10676.0820s
	iters: 200, epoch: 8 | loss: 0.3040761
	speed: 0.4128s/iter; left time: 3412.1772s
	iters: 300, epoch: 8 | loss: 0.2808672
	speed: 0.4227s/iter; left time: 3451.5454s
Epoch: 8 cost time: 156.29323053359985
Epoch: 8, Steps: 368 | Train Loss: 0.2836894 Vali Loss: 0.6480519 Test Loss: 0.8124880
EarlyStopping counter: 1 out of 3
Updating learning rate to 7.8125e-07
	iters: 100, epoch: 9 | loss: 0.2855627
	speed: 1.2869s/iter; left time: 10291.0287s
	iters: 200, epoch: 9 | loss: 0.2815275
	speed: 0.4248s/iter; left time: 3354.9271s
	iters: 300, epoch: 9 | loss: 0.2742240
	speed: 0.4227s/iter; left time: 3295.6594s
Epoch: 9 cost time: 158.40781593322754
Epoch: 9, Steps: 368 | Train Loss: 0.2828950 Vali Loss: 0.6468933 Test Loss: 0.8133846
EarlyStopping counter: 2 out of 3
Updating learning rate to 3.90625e-07
	iters: 100, epoch: 10 | loss: 0.2892074
	speed: 1.2619s/iter; left time: 9627.0829s
	iters: 200, epoch: 10 | loss: 0.2772590
	speed: 0.4154s/iter; left time: 3127.4503s
	iters: 300, epoch: 10 | loss: 0.2870964
	speed: 0.4236s/iter; left time: 3147.1978s
Epoch: 10 cost time: 157.28818321228027
Epoch: 10, Steps: 368 | Train Loss: 0.2825827 Vali Loss: 0.6471977 Test Loss: 0.8137649
EarlyStopping counter: 3 out of 3
Early stopping
>>>>>>>testing : Informer_traffic_336_192_Informer_custom_ftM_sl336_ll48_pl192_dm512_nh8_el2_dl1_df2048_fc3_ebtimeF_dtTrue_Exp_0<<<<<<<<<<<<<<<<<<<<<<<<<<<<<<<<<
test 3317
mse:0.8086402416229248, mae:0.4607560634613037
