Args in experiment:
Namespace(is_training=1, train_only=False, model_id='Informer_ETTh2_336_336', model='Informer', data='ETTh2', root_path='./dataset/', data_path='ETTh2.csv', features='M', target='OT', freq='h', checkpoints='./checkpoints/', seq_len=336, label_len=48, pred_len=336, individual=False, embed_type=0, enc_in=7, dec_in=7, c_out=7, d_model=512, n_heads=8, e_layers=2, d_layers=1, d_ff=2048, moving_avg=25, factor=3, distil=True, dropout=0.05, embed='timeF', activation='gelu', output_attention=False, do_predict=False, num_workers=10, itr=1, train_epochs=30, batch_size=32, patience=3, learning_rate=0.0001, des='Exp', loss='mse', lradj='type1', use_amp=False, use_gpu=True, gpu=0, use_multi_gpu=False, devices='0,1,2,3', test_flop=False)
Use GPU: cuda:0
>>>>>>>start training : Informer_ETTh2_336_336_Informer_ETTh2_ftM_sl336_ll48_pl336_dm512_nh8_el2_dl1_df2048_fc3_ebtimeF_dtTrue_Exp_0>>>>>>>>>>>>>>>>>>>>>>>>>>
train 7969
val 2545
test 2545
	iters: 100, epoch: 1 | loss: 0.3239577
	speed: 0.4021s/iter; left time: 2976.2857s
	iters: 200, epoch: 1 | loss: 0.2966746
	speed: 0.3584s/iter; left time: 2616.8415s
Epoch: 1 cost time: 94.5075671672821
Epoch: 1, Steps: 250 | Train Loss: 0.4202706 Vali Loss: 1.0534842 Test Loss: 3.3546042
Validation loss decreased (inf --> 1.053484).  Saving model ...
Updating learning rate to 0.0001
	iters: 100, epoch: 2 | loss: 0.3408478
	speed: 0.9072s/iter; left time: 6487.6941s
	iters: 200, epoch: 2 | loss: 0.2200216
	speed: 0.3613s/iter; left time: 2547.2554s
Epoch: 2 cost time: 90.91572880744934
Epoch: 2, Steps: 250 | Train Loss: 0.2987226 Vali Loss: 1.0514342 Test Loss: 3.1472087
Validation loss decreased (1.053484 --> 1.051434).  Saving model ...
Updating learning rate to 5e-05
	iters: 100, epoch: 3 | loss: 0.2738772
	speed: 0.8690s/iter; left time: 5997.0387s
	iters: 200, epoch: 3 | loss: 0.2625260
	speed: 0.3573s/iter; left time: 2429.7948s
Epoch: 3 cost time: 90.65570855140686
Epoch: 3, Steps: 250 | Train Loss: 0.2529940 Vali Loss: 1.0791893 Test Loss: 2.9321246
EarlyStopping counter: 1 out of 3
Updating learning rate to 2.5e-05
	iters: 100, epoch: 4 | loss: 0.2248441
	speed: 0.8930s/iter; left time: 5939.4624s
	iters: 200, epoch: 4 | loss: 0.1806967
	speed: 0.3717s/iter; left time: 2435.2559s
Epoch: 4 cost time: 91.3105902671814
Epoch: 4, Steps: 250 | Train Loss: 0.2330032 Vali Loss: 1.0942802 Test Loss: 2.8070035
EarlyStopping counter: 2 out of 3
Updating learning rate to 1.25e-05
	iters: 100, epoch: 5 | loss: 0.2331527
	speed: 0.8791s/iter; left time: 5626.9374s
	iters: 200, epoch: 5 | loss: 0.1954215
	speed: 0.3565s/iter; left time: 2246.3956s
Epoch: 5 cost time: 90.19204521179199
Epoch: 5, Steps: 250 | Train Loss: 0.2247687 Vali Loss: 1.1538990 Test Loss: 2.7262712
EarlyStopping counter: 3 out of 3
Early stopping
>>>>>>>testing : Informer_ETTh2_336_336_Informer_ETTh2_ftM_sl336_ll48_pl336_dm512_nh8_el2_dl1_df2048_fc3_ebtimeF_dtTrue_Exp_0<<<<<<<<<<<<<<<<<<<<<<<<<<<<<<<<<
test 2545
mse:3.1328623294830322, mae:1.4032303094863892
