Args in experiment:
Namespace(is_training=1, train_only=False, model_id='Informer_ETTh1_96_192', model='Informer', data='ETTh1', root_path='./dataset/', data_path='ETTh1.csv', features='M', target='OT', freq='h', checkpoints='./checkpoints/', seq_len=96, label_len=48, pred_len=192, individual=False, embed_type=0, enc_in=7, dec_in=7, c_out=7, d_model=512, n_heads=8, e_layers=2, d_layers=1, d_ff=2048, moving_avg=25, factor=3, distil=True, dropout=0.05, embed='timeF', activation='gelu', output_attention=False, do_predict=False, num_workers=10, itr=1, train_epochs=30, batch_size=32, patience=3, learning_rate=0.0001, des='Exp', loss='mse', lradj='type1', use_amp=False, use_gpu=True, gpu=0, use_multi_gpu=False, devices='0,1,2,3', test_flop=False)
Use GPU: cuda:0
>>>>>>>start training : Informer_ETTh1_96_192_Informer_ETTh1_ftM_sl96_ll48_pl192_dm512_nh8_el2_dl1_df2048_fc3_ebtimeF_dtTrue_Exp_0>>>>>>>>>>>>>>>>>>>>>>>>>>
train 8353
val 2689
test 2689
	iters: 100, epoch: 1 | loss: 0.4548197
	speed: 0.3783s/iter; left time: 2935.9886s
	iters: 200, epoch: 1 | loss: 0.5316337
	speed: 0.2994s/iter; left time: 2293.9413s
Epoch: 1 cost time: 87.5490038394928
Epoch: 1, Steps: 262 | Train Loss: 0.5503932 Vali Loss: 1.4692694 Test Loss: 1.0060496
Validation loss decreased (inf --> 1.469269).  Saving model ...
Updating learning rate to 0.0001
	iters: 100, epoch: 2 | loss: 0.4432166
	speed: 0.9226s/iter; left time: 6918.4130s
	iters: 200, epoch: 2 | loss: 0.4616008
	speed: 0.3138s/iter; left time: 2321.9212s
Epoch: 2 cost time: 83.82954049110413
Epoch: 2, Steps: 262 | Train Loss: 0.4704274 Vali Loss: 1.5324262 Test Loss: 1.2675482
EarlyStopping counter: 1 out of 3
Updating learning rate to 5e-05
	iters: 100, epoch: 3 | loss: 0.4549472
	speed: 0.8873s/iter; left time: 6421.2610s
	iters: 200, epoch: 3 | loss: 0.4214501
	speed: 0.3151s/iter; left time: 2249.2145s
Epoch: 3 cost time: 83.4810266494751
Epoch: 3, Steps: 262 | Train Loss: 0.4261213 Vali Loss: 1.6261656 Test Loss: 1.2158891
EarlyStopping counter: 2 out of 3
Updating learning rate to 2.5e-05
	iters: 100, epoch: 4 | loss: 0.4534644
	speed: 0.9071s/iter; left time: 6327.1849s
	iters: 200, epoch: 4 | loss: 0.3994738
	speed: 0.3132s/iter; left time: 2153.1098s
Epoch: 4 cost time: 83.39038324356079
Epoch: 4, Steps: 262 | Train Loss: 0.4049415 Vali Loss: 1.5863888 Test Loss: 1.2482747
EarlyStopping counter: 3 out of 3
Early stopping
>>>>>>>testing : Informer_ETTh1_96_192_Informer_ETTh1_ftM_sl96_ll48_pl192_dm512_nh8_el2_dl1_df2048_fc3_ebtimeF_dtTrue_Exp_0<<<<<<<<<<<<<<<<<<<<<<<<<<<<<<<<<
test 2689
mse:1.0084079504013062, mae:0.7817590832710266
