Args in experiment:
Namespace(is_training=1, train_only=False, model_id='Informer_ETTm2_336_96', model='Informer', data='ETTm2', root_path='./dataset/', data_path='ETTm2.csv', features='M', target='OT', freq='h', checkpoints='./checkpoints/', seq_len=336, label_len=48, pred_len=96, individual=False, embed_type=0, enc_in=7, dec_in=7, c_out=7, d_model=512, n_heads=8, e_layers=2, d_layers=1, d_ff=2048, moving_avg=25, factor=3, distil=True, dropout=0.05, embed='timeF', activation='gelu', output_attention=False, do_predict=False, num_workers=10, itr=1, train_epochs=30, batch_size=32, patience=3, learning_rate=0.0001, des='Exp', loss='mse', lradj='type1', use_amp=False, use_gpu=True, gpu=0, use_multi_gpu=False, devices='0,1,2,3', test_flop=False)
Use GPU: cuda:0
>>>>>>>start training : Informer_ETTm2_336_96_Informer_ETTm2_ftM_sl336_ll48_pl96_dm512_nh8_el2_dl1_df2048_fc3_ebtimeF_dtTrue_Exp_0>>>>>>>>>>>>>>>>>>>>>>>>>>
train 34129
val 11425
test 11425
	iters: 100, epoch: 1 | loss: 0.5214044
	speed: 0.3724s/iter; left time: 11883.1285s
	iters: 200, epoch: 1 | loss: 0.2726950
	speed: 0.3224s/iter; left time: 10254.7127s
	iters: 300, epoch: 1 | loss: 0.2724069
	speed: 0.3155s/iter; left time: 10005.2066s
	iters: 400, epoch: 1 | loss: 0.3057854
	speed: 0.3119s/iter; left time: 9859.6279s
	iters: 500, epoch: 1 | loss: 0.2231664
	speed: 0.3105s/iter; left time: 9785.5501s
	iters: 600, epoch: 1 | loss: 0.2457724
	speed: 0.3174s/iter; left time: 9970.1912s
	iters: 700, epoch: 1 | loss: 0.1777962
	speed: 0.3262s/iter; left time: 10214.3604s
	iters: 800, epoch: 1 | loss: 0.1722484
	speed: 0.3175s/iter; left time: 9908.5473s
	iters: 900, epoch: 1 | loss: 0.1635622
	speed: 0.3157s/iter; left time: 9821.6905s
	iters: 1000, epoch: 1 | loss: 0.2233826
	speed: 0.3057s/iter; left time: 9479.1757s
Epoch: 1 cost time: 341.92486333847046
Epoch: 1, Steps: 1067 | Train Loss: 0.2257726 Vali Loss: 0.3996886 Test Loss: 1.3099520
Validation loss decreased (inf --> 0.399689).  Saving model ...
Updating learning rate to 0.0001
	iters: 100, epoch: 2 | loss: 0.1631123
	speed: 1.6282s/iter; left time: 50220.5624s
	iters: 200, epoch: 2 | loss: 0.1813714
	speed: 0.3122s/iter; left time: 9597.3883s
	iters: 300, epoch: 2 | loss: 0.1586433
	speed: 0.3179s/iter; left time: 9741.2721s
	iters: 400, epoch: 2 | loss: 0.1601619
	speed: 0.3192s/iter; left time: 9751.0658s
	iters: 500, epoch: 2 | loss: 0.1584353
	speed: 0.3133s/iter; left time: 9537.5635s
	iters: 600, epoch: 2 | loss: 0.1812605
	speed: 0.3208s/iter; left time: 9733.9975s
	iters: 700, epoch: 2 | loss: 0.1056459
	speed: 0.3118s/iter; left time: 9429.2190s
	iters: 800, epoch: 2 | loss: 0.1301029
	speed: 0.3243s/iter; left time: 9774.5819s
	iters: 900, epoch: 2 | loss: 0.1380001
	speed: 0.3220s/iter; left time: 9674.9518s
	iters: 1000, epoch: 2 | loss: 0.1405860
	speed: 0.3125s/iter; left time: 9356.6583s
Epoch: 2 cost time: 338.6631360054016
Epoch: 2, Steps: 1067 | Train Loss: 0.1456169 Vali Loss: 0.4796484 Test Loss: 2.3674932
EarlyStopping counter: 1 out of 3
Updating learning rate to 5e-05
	iters: 100, epoch: 3 | loss: 0.1127120
	speed: 1.6207s/iter; left time: 48259.5287s
	iters: 200, epoch: 3 | loss: 0.0986574
	speed: 0.3132s/iter; left time: 9294.5900s
	iters: 300, epoch: 3 | loss: 0.1239797
	speed: 0.3039s/iter; left time: 8988.4034s
	iters: 400, epoch: 3 | loss: 0.0942098
	speed: 0.3081s/iter; left time: 9081.5962s
	iters: 500, epoch: 3 | loss: 0.1071835
	speed: 0.3241s/iter; left time: 9521.6221s
	iters: 600, epoch: 3 | loss: 0.1068140
	speed: 0.3192s/iter; left time: 9344.7362s
	iters: 700, epoch: 3 | loss: 0.1161041
	speed: 0.3160s/iter; left time: 9220.6353s
	iters: 800, epoch: 3 | loss: 0.0970909
	speed: 0.3173s/iter; left time: 9226.5946s
	iters: 900, epoch: 3 | loss: 0.1156288
	speed: 0.3215s/iter; left time: 9316.0594s
	iters: 1000, epoch: 3 | loss: 0.0895910
	speed: 0.3058s/iter; left time: 8831.5519s
Epoch: 3 cost time: 335.05818128585815
Epoch: 3, Steps: 1067 | Train Loss: 0.1082160 Vali Loss: 0.4239549 Test Loss: 2.0696783
EarlyStopping counter: 2 out of 3
Updating learning rate to 2.5e-05
	iters: 100, epoch: 4 | loss: 0.0942930
	speed: 1.6189s/iter; left time: 46478.2408s
	iters: 200, epoch: 4 | loss: 0.0894545
	speed: 0.3068s/iter; left time: 8776.7957s
	iters: 300, epoch: 4 | loss: 0.0804523
	speed: 0.3091s/iter; left time: 8812.5520s
	iters: 400, epoch: 4 | loss: 0.0805454
	speed: 0.3028s/iter; left time: 8603.5757s
	iters: 500, epoch: 4 | loss: 0.0773320
	speed: 0.3159s/iter; left time: 8941.9477s
	iters: 600, epoch: 4 | loss: 0.0782814
	speed: 0.3231s/iter; left time: 9113.9496s
	iters: 700, epoch: 4 | loss: 0.0988941
	speed: 0.3148s/iter; left time: 8848.1372s
	iters: 800, epoch: 4 | loss: 0.0838061
	speed: 0.3064s/iter; left time: 8581.3671s
	iters: 900, epoch: 4 | loss: 0.0816478
	speed: 0.3080s/iter; left time: 8597.5470s
	iters: 1000, epoch: 4 | loss: 0.1228880
	speed: 0.3092s/iter; left time: 8597.9082s
Epoch: 4 cost time: 331.5278835296631
Epoch: 4, Steps: 1067 | Train Loss: 0.0925501 Vali Loss: 0.4839683 Test Loss: 1.8876438
EarlyStopping counter: 3 out of 3
Early stopping
>>>>>>>testing : Informer_ETTm2_336_96_Informer_ETTm2_ftM_sl336_ll48_pl96_dm512_nh8_el2_dl1_df2048_fc3_ebtimeF_dtTrue_Exp_0<<<<<<<<<<<<<<<<<<<<<<<<<<<<<<<<<
test 11425
mse:1.31146240234375, mae:0.8813587427139282
