Args in experiment:
Namespace(is_training=1, train_only=False, model_id='traffic_720_192', model='Informer', data='custom', root_path='./dataset/', data_path='traffic.csv', features='M', target='OT', freq='h', checkpoints='./checkpoints/', seq_len=720, label_len=48, pred_len=192, individual=False, embed_type=0, enc_in=862, dec_in=862, c_out=862, d_model=512, n_heads=8, e_layers=2, d_layers=1, d_ff=2048, moving_avg=25, factor=3, distil=True, dropout=0.05, embed='timeF', activation='gelu', output_attention=False, do_predict=False, num_workers=10, itr=1, train_epochs=30, batch_size=32, patience=3, learning_rate=0.0001, des='Exp', loss='mse', lradj='type1', use_amp=False, use_gpu=True, gpu=0, use_multi_gpu=False, devices='0,1,2,3', test_flop=False)
Use GPU: cuda:0
>>>>>>>start training : traffic_720_192_Informer_custom_ftM_sl720_ll48_pl192_dm512_nh8_el2_dl1_df2048_fc3_ebtimeF_dtTrue_Exp_0>>>>>>>>>>>>>>>>>>>>>>>>>>
train 11369
val 1565
test 3317
	iters: 100, epoch: 1 | loss: 0.9531619
	speed: 0.6094s/iter; left time: 6448.3173s
	iters: 200, epoch: 1 | loss: 0.9040599
	speed: 0.5473s/iter; left time: 5736.6452s
	iters: 300, epoch: 1 | loss: 0.8123571
	speed: 0.5468s/iter; left time: 5676.6546s
Epoch: 1 cost time: 200.95306158065796
Epoch: 1, Steps: 356 | Train Loss: 0.8962312 Vali Loss: 1.1150517 Test Loss: 1.2818290
Validation loss decreased (inf --> 1.115052).  Saving model ...
Updating learning rate to 0.0001
	iters: 100, epoch: 2 | loss: 0.6901514
	speed: 1.4991s/iter; left time: 15328.5620s
	iters: 200, epoch: 2 | loss: 0.6634578
	speed: 0.5576s/iter; left time: 5645.2303s
	iters: 300, epoch: 2 | loss: 0.5294255
	speed: 0.5544s/iter; left time: 5557.7757s
Epoch: 2 cost time: 199.52490377426147
Epoch: 2, Steps: 356 | Train Loss: 0.6576495 Vali Loss: 0.8669242 Test Loss: 1.0295038
Validation loss decreased (1.115052 --> 0.866924).  Saving model ...
Updating learning rate to 5e-05
	iters: 100, epoch: 3 | loss: 0.4460110
	speed: 1.4925s/iter; left time: 14729.8549s
	iters: 200, epoch: 3 | loss: 0.4295135
	speed: 0.5327s/iter; left time: 5204.4082s
	iters: 300, epoch: 3 | loss: 0.4048182
	speed: 0.5195s/iter; left time: 5023.4658s
Epoch: 3 cost time: 190.62953972816467
Epoch: 3, Steps: 356 | Train Loss: 0.4286037 Vali Loss: 0.8240401 Test Loss: 0.9605179
Validation loss decreased (0.866924 --> 0.824040).  Saving model ...
Updating learning rate to 2.5e-05
	iters: 100, epoch: 4 | loss: 0.3653559
	speed: 1.4792s/iter; left time: 14071.7867s
	iters: 200, epoch: 4 | loss: 0.3410207
	speed: 0.5444s/iter; left time: 5124.1225s
	iters: 300, epoch: 4 | loss: 0.3381000
	speed: 0.5467s/iter; left time: 5091.1996s
Epoch: 4 cost time: 195.73809266090393
Epoch: 4, Steps: 356 | Train Loss: 0.3557458 Vali Loss: 0.7277826 Test Loss: 0.9268757
Validation loss decreased (0.824040 --> 0.727783).  Saving model ...
Updating learning rate to 1.25e-05
	iters: 100, epoch: 5 | loss: 0.3300017
	speed: 1.4844s/iter; left time: 13592.6832s
	iters: 200, epoch: 5 | loss: 0.3366016
	speed: 0.5488s/iter; left time: 4970.1884s
	iters: 300, epoch: 5 | loss: 0.3298921
	speed: 0.5510s/iter; left time: 4935.0521s
Epoch: 5 cost time: 196.18632197380066
Epoch: 5, Steps: 356 | Train Loss: 0.3293263 Vali Loss: 0.7041562 Test Loss: 0.8971176
Validation loss decreased (0.727783 --> 0.704156).  Saving model ...
Updating learning rate to 6.25e-06
	iters: 100, epoch: 6 | loss: 0.3205585
	speed: 1.4864s/iter; left time: 13081.6967s
	iters: 200, epoch: 6 | loss: 0.3089078
	speed: 0.5556s/iter; left time: 4834.2269s
	iters: 300, epoch: 6 | loss: 0.3127679
	speed: 0.5540s/iter; left time: 4765.3243s
Epoch: 6 cost time: 197.6555998325348
Epoch: 6, Steps: 356 | Train Loss: 0.3178338 Vali Loss: 0.6969787 Test Loss: 0.8994359
Validation loss decreased (0.704156 --> 0.696979).  Saving model ...
Updating learning rate to 3.125e-06
	iters: 100, epoch: 7 | loss: 0.3063920
	speed: 1.4984s/iter; left time: 12654.2837s
	iters: 200, epoch: 7 | loss: 0.3147028
	speed: 0.5480s/iter; left time: 4573.1498s
	iters: 300, epoch: 7 | loss: 0.3114286
	speed: 0.5564s/iter; left time: 4587.2143s
Epoch: 7 cost time: 197.73047137260437
Epoch: 7, Steps: 356 | Train Loss: 0.3139398 Vali Loss: 0.6927634 Test Loss: 0.9015691
Validation loss decreased (0.696979 --> 0.692763).  Saving model ...
Updating learning rate to 1.5625e-06
	iters: 100, epoch: 8 | loss: 0.3146538
	speed: 1.4868s/iter; left time: 12026.3624s
	iters: 200, epoch: 8 | loss: 0.3153890
	speed: 0.5391s/iter; left time: 4306.8541s
	iters: 300, epoch: 8 | loss: 0.3150510
	speed: 0.5446s/iter; left time: 4296.7036s
Epoch: 8 cost time: 194.8064239025116
Epoch: 8, Steps: 356 | Train Loss: 0.3109750 Vali Loss: 0.6965646 Test Loss: 0.8842987
EarlyStopping counter: 1 out of 3
Updating learning rate to 7.8125e-07
	iters: 100, epoch: 9 | loss: 0.3204646
	speed: 1.4908s/iter; left time: 11528.4478s
	iters: 200, epoch: 9 | loss: 0.2939276
	speed: 0.5495s/iter; left time: 4194.4149s
	iters: 300, epoch: 9 | loss: 0.3160642
	speed: 0.5437s/iter; left time: 4095.6958s
Epoch: 9 cost time: 196.34819793701172
Epoch: 9, Steps: 356 | Train Loss: 0.3100915 Vali Loss: 0.6928743 Test Loss: 0.8903539
EarlyStopping counter: 2 out of 3
Updating learning rate to 3.90625e-07
	iters: 100, epoch: 10 | loss: 0.3128697
	speed: 1.4217s/iter; left time: 10488.1451s
	iters: 200, epoch: 10 | loss: 0.3098296
	speed: 0.5323s/iter; left time: 3873.6361s
	iters: 300, epoch: 10 | loss: 0.3135572
	speed: 0.5315s/iter; left time: 3814.6047s
Epoch: 10 cost time: 190.15052342414856
Epoch: 10, Steps: 356 | Train Loss: 0.3091886 Vali Loss: 0.6944528 Test Loss: 0.8937791
EarlyStopping counter: 3 out of 3
Early stopping
>>>>>>>testing : traffic_720_192_Informer_custom_ftM_sl720_ll48_pl192_dm512_nh8_el2_dl1_df2048_fc3_ebtimeF_dtTrue_Exp_0<<<<<<<<<<<<<<<<<<<<<<<<<<<<<<<<<
test 3317
mse:0.9024980068206787, mae:0.524569571018219
