Args in experiment:
Namespace(is_training=1, task_id='weather_336_720', model='FEDformer', version='Fourier', mode_select='random', modes=64, L=3, base='legendre', cross_activation='tanh', data='custom', root_path='./dataset/', data_path='weather.csv', features='M', target='OT', freq='h', detail_freq='h', checkpoints='./checkpoints/', seq_len=336, label_len=168, pred_len=720, enc_in=21, dec_in=21, c_out=21, d_model=512, n_heads=8, e_layers=2, d_layers=1, d_ff=2048, moving_avg=[25], factor=3, distil=True, dropout=0.05, embed='timeF', activation='gelu', output_attention=False, do_predict=False, num_workers=10, itr=1, train_epochs=30, batch_size=32, patience=3, learning_rate=0.0001, des='Exp', loss='mse', lradj='type1', use_amp=False, use_gpu=True, gpu=0, use_multi_gpu=False, devices='0,1')
Use GPU: cuda:0
fourier enhanced block used!
modes=64, index=[0, 2, 4, 6, 8, 10, 12, 13, 14, 22, 23, 24, 28, 30, 34, 35, 36, 41, 42, 43, 45, 52, 55, 56, 58, 59, 64, 65, 66, 68, 69, 72, 73, 74, 77, 79, 81, 83, 86, 91, 95, 96, 97, 98, 104, 107, 112, 117, 118, 121, 125, 126, 131, 134, 136, 138, 139, 142, 143, 148, 149, 154, 161, 162]
fourier enhanced block used!
modes=64, index=[1, 3, 17, 28, 32, 46, 52, 81, 90, 100, 103, 107, 111, 115, 119, 121, 124, 125, 130, 141, 154, 167, 173, 174, 177, 179, 187, 194, 200, 208, 210, 220, 223, 227, 230, 237, 248, 252, 253, 268, 271, 285, 286, 302, 309, 327, 332, 346, 351, 360, 366, 367, 382, 385, 391, 396, 399, 406, 410, 415, 427, 428, 430, 443]
 fourier enhanced cross attention used!
modes_q=64, index_q=[12, 13, 17, 20, 22, 23, 30, 32, 35, 38, 48, 50, 70, 76, 77, 92, 99, 100, 105, 109, 113, 114, 116, 118, 122, 127, 152, 179, 193, 200, 201, 202, 210, 215, 226, 229, 231, 249, 253, 256, 281, 283, 286, 297, 313, 323, 325, 327, 328, 331, 335, 336, 352, 360, 368, 375, 376, 382, 386, 389, 402, 404, 418, 435]
modes_kv=64, index_kv=[1, 3, 7, 8, 10, 13, 15, 16, 18, 23, 26, 28, 32, 33, 38, 40, 42, 43, 44, 45, 47, 48, 49, 51, 53, 55, 56, 57, 59, 62, 64, 65, 66, 67, 75, 76, 77, 83, 89, 92, 94, 95, 97, 98, 104, 108, 109, 114, 119, 120, 122, 124, 125, 126, 133, 138, 139, 141, 142, 145, 147, 148, 160, 164]
enc_modes: 64, dec_modes: 64
>>>>>>>start training : weather_336_720_FEDformer_random_modes64_custom_ftM_sl336_ll168_pl720_dm512_nh8_el2_dl1_df2048_fc3_ebtimeF_dtTrue_Exp_0>>>>>>>>>>>>>>>>>>>>>>>>>>
train 35832
val 4551
test 9820
Epoch: 1 cost time: 1261.0121438503265
Epoch: 1, Steps: 1120 | Train Loss: 0.6895740 Vali Loss: 0.7256822 Test Loss: 0.4068138
Validation loss decreased (inf --> 0.725682).  Saving model ...
Updating learning rate to 0.0001
Epoch: 2 cost time: 1185.7330348491669
Epoch: 2, Steps: 1120 | Train Loss: 0.6255569 Vali Loss: 0.7180834 Test Loss: 0.4199612
Validation loss decreased (0.725682 --> 0.718083).  Saving model ...
Updating learning rate to 5e-05
Epoch: 3 cost time: 1218.3025965690613
Epoch: 3, Steps: 1120 | Train Loss: 0.6020589 Vali Loss: 0.7021918 Test Loss: 0.4091645
Validation loss decreased (0.718083 --> 0.702192).  Saving model ...
Updating learning rate to 2.5e-05
Epoch: 4 cost time: 1272.531149148941
Epoch: 4, Steps: 1120 | Train Loss: 0.5916942 Vali Loss: 0.7031714 Test Loss: 0.4109800
EarlyStopping counter: 1 out of 3
Updating learning rate to 1.25e-05
Epoch: 5 cost time: 1272.1786181926727
Epoch: 5, Steps: 1120 | Train Loss: 0.5856436 Vali Loss: 0.7076512 Test Loss: 0.4121283
EarlyStopping counter: 2 out of 3
Updating learning rate to 6.25e-06
Epoch: 6 cost time: 1143.9510562419891
Epoch: 6, Steps: 1120 | Train Loss: 0.5827255 Vali Loss: 0.7058825 Test Loss: 0.4119807
EarlyStopping counter: 3 out of 3
Early stopping
>>>>>>>testing : weather_336_720_FEDformer_random_modes64_custom_ftM_sl336_ll168_pl720_dm512_nh8_el2_dl1_df2048_fc3_ebtimeF_dtTrue_Exp_0<<<<<<<<<<<<<<<<<<<<<<<<<<<<<<<<<
test 9820
test shape: (9820, 720, 21) (9820, 720, 21)
test shape: (9820, 720, 21) (9820, 720, 21)
mse:0.40902695059776306, mae:0.4343462586402893
