Args in experiment:
Namespace(is_training=1, task_id='traffic_336_192', model='FEDformer', version='Fourier', mode_select='random', modes=64, L=3, base='legendre', cross_activation='tanh', data='custom', root_path='./dataset/', data_path='traffic.csv', features='M', target='OT', freq='h', detail_freq='h', checkpoints='./checkpoints/', seq_len=336, label_len=168, pred_len=192, enc_in=862, dec_in=862, c_out=862, d_model=512, n_heads=8, e_layers=2, d_layers=1, d_ff=2048, moving_avg=[25], factor=3, distil=True, dropout=0.05, embed='timeF', activation='gelu', output_attention=False, do_predict=False, num_workers=10, itr=1, train_epochs=30, batch_size=32, patience=3, learning_rate=0.0001, des='Exp', loss='mse', lradj='type1', use_amp=False, use_gpu=True, gpu=0, use_multi_gpu=False, devices='0,1')
Use GPU: cuda:0
fourier enhanced block used!
modes=64, index=[0, 2, 4, 6, 8, 10, 12, 13, 14, 22, 23, 24, 28, 30, 34, 35, 36, 41, 42, 43, 45, 52, 55, 56, 58, 59, 64, 65, 66, 68, 69, 72, 73, 74, 77, 79, 81, 83, 86, 91, 95, 96, 97, 98, 104, 107, 112, 117, 118, 121, 125, 126, 131, 134, 136, 138, 139, 142, 143, 148, 149, 154, 161, 162]
fourier enhanced block used!
modes=64, index=[1, 2, 5, 6, 8, 9, 11, 12, 14, 15, 22, 25, 28, 29, 30, 36, 37, 46, 48, 58, 63, 64, 69, 71, 76, 79, 83, 84, 87, 88, 90, 94, 95, 96, 100, 101, 102, 103, 107, 111, 116, 118, 121, 126, 127, 128, 130, 132, 136, 141, 144, 145, 149, 150, 154, 161, 162, 163, 165, 166, 169, 174, 176, 179]
 fourier enhanced cross attention used!
modes_q=64, index_q=[0, 2, 3, 6, 8, 13, 16, 17, 24, 26, 29, 30, 31, 32, 34, 38, 43, 45, 56, 62, 65, 73, 74, 76, 79, 81, 82, 85, 87, 88, 90, 91, 93, 97, 98, 99, 100, 101, 107, 109, 110, 112, 114, 116, 118, 119, 121, 122, 125, 130, 141, 147, 153, 154, 156, 157, 158, 159, 162, 164, 166, 169, 170, 172]
modes_kv=64, index_kv=[3, 6, 9, 16, 17, 18, 19, 20, 28, 30, 32, 34, 35, 36, 40, 42, 44, 46, 47, 48, 58, 61, 63, 72, 73, 74, 75, 79, 81, 82, 84, 85, 90, 96, 98, 101, 104, 105, 109, 112, 114, 117, 124, 128, 130, 132, 134, 136, 137, 138, 140, 145, 148, 149, 150, 156, 157, 158, 159, 160, 163, 164, 165, 166]
enc_modes: 64, dec_modes: 64
>>>>>>>start training : traffic_336_192_FEDformer_random_modes64_custom_ftM_sl336_ll168_pl192_dm512_nh8_el2_dl1_df2048_fc3_ebtimeF_dtTrue_Exp_0>>>>>>>>>>>>>>>>>>>>>>>>>>
train 11753
val 1565
test 3317
Epoch: 1 cost time: 343.32433581352234
Epoch: 1, Steps: 368 | Train Loss: 0.3702456 Vali Loss: 0.4715415 Test Loss: 0.6174987
Validation loss decreased (inf --> 0.471541).  Saving model ...
Updating learning rate to 0.0001
Epoch: 2 cost time: 337.2704348564148
Epoch: 2, Steps: 368 | Train Loss: 0.2496396 Vali Loss: 0.4768251 Test Loss: 0.6536779
EarlyStopping counter: 1 out of 3
Updating learning rate to 5e-05
Epoch: 3 cost time: 337.2286868095398
Epoch: 3, Steps: 368 | Train Loss: 0.2328382 Vali Loss: 0.4703945 Test Loss: 0.6538500
Validation loss decreased (0.471541 --> 0.470394).  Saving model ...
Updating learning rate to 2.5e-05
Epoch: 4 cost time: 336.76962637901306
Epoch: 4, Steps: 368 | Train Loss: 0.2271895 Vali Loss: 0.4714140 Test Loss: 0.6612395
EarlyStopping counter: 1 out of 3
Updating learning rate to 1.25e-05
Epoch: 5 cost time: 343.4042854309082
Epoch: 5, Steps: 368 | Train Loss: 0.2245224 Vali Loss: 0.4718538 Test Loss: 0.6670942
EarlyStopping counter: 2 out of 3
Updating learning rate to 6.25e-06
Epoch: 6 cost time: 343.3655390739441
Epoch: 6, Steps: 368 | Train Loss: 0.2231752 Vali Loss: 0.4737966 Test Loss: 0.6687703
EarlyStopping counter: 3 out of 3
Early stopping
>>>>>>>testing : traffic_336_192_FEDformer_random_modes64_custom_ftM_sl336_ll168_pl192_dm512_nh8_el2_dl1_df2048_fc3_ebtimeF_dtTrue_Exp_0<<<<<<<<<<<<<<<<<<<<<<<<<<<<<<<<<
test 3317
test shape: (3317, 192, 862) (3317, 192, 862)
test shape: (3317, 192, 862) (3317, 192, 862)
mse:0.6540044546127319, mae:0.42003920674324036
