Args in experiment:
Namespace(is_training=1, task_id='electricity_96_336', model='FEDformer', version='Fourier', mode_select='random', modes=64, L=3, base='legendre', cross_activation='tanh', data='custom', root_path='./dataset/', data_path='electricity.csv', features='M', target='OT', freq='h', detail_freq='h', checkpoints='./checkpoints/', seq_len=96, label_len=48, pred_len=336, enc_in=321, dec_in=321, c_out=321, d_model=512, n_heads=8, e_layers=2, d_layers=1, d_ff=2048, moving_avg=[25], factor=3, distil=True, dropout=0.05, embed='timeF', activation='gelu', output_attention=False, do_predict=False, num_workers=10, itr=1, train_epochs=10, batch_size=32, patience=3, learning_rate=0.0001, des='Exp', loss='mse', lradj='type1', use_amp=False, use_gpu=True, gpu=0, use_multi_gpu=False, devices='0,1')
Use GPU: cuda:0
fourier enhanced block used!
modes=64, index=[0, 1, 2, 3, 4, 5, 6, 7, 8, 9, 10, 11, 12, 13, 14, 15, 16, 17, 18, 19, 20, 21, 22, 23, 24, 25, 26, 27, 28, 29, 30, 31, 32, 33, 34, 35, 36, 37, 38, 39, 40, 41, 42, 43, 44, 45, 46, 47]
fourier enhanced block used!
modes=64, index=[0, 1, 3, 5, 8, 10, 13, 15, 18, 21, 22, 23, 24, 26, 28, 35, 37, 41, 42, 43, 48, 51, 56, 59, 61, 63, 64, 72, 76, 77, 80, 85, 86, 88, 92, 95, 97, 101, 108, 109, 111, 117, 118, 128, 129, 130, 134, 137, 138, 142, 144, 149, 150, 151, 154, 157, 163, 168, 171, 174, 182, 184, 185, 191]
 fourier enhanced cross attention used!
modes_q=64, index_q=[0, 2, 4, 8, 10, 12, 13, 24, 27, 34, 35, 37, 41, 44, 45, 46, 49, 50, 52, 64, 66, 70, 73, 76, 81, 83, 86, 92, 95, 98, 100, 106, 107, 108, 111, 113, 115, 118, 120, 121, 124, 128, 131, 133, 138, 139, 140, 141, 142, 144, 147, 151, 152, 154, 155, 157, 163, 167, 169, 170, 174, 179, 184, 191]
modes_kv=48, index_kv=[0, 1, 2, 3, 4, 5, 6, 7, 8, 9, 10, 11, 12, 13, 14, 15, 16, 17, 18, 19, 20, 21, 22, 23, 24, 25, 26, 27, 28, 29, 30, 31, 32, 33, 34, 35, 36, 37, 38, 39, 40, 41, 42, 43, 44, 45, 46, 47]
enc_modes: 48, dec_modes: 64
>>>>>>>start training : electricity_96_336_FEDformer_random_modes64_custom_ftM_sl96_ll48_pl336_dm512_nh8_el2_dl1_df2048_fc3_ebtimeF_dtTrue_Exp_0>>>>>>>>>>>>>>>>>>>>>>>>>>
train 17981
val 2297
test 4925
Epoch: 1 cost time: 285.1211369037628
Epoch: 1, Steps: 562 | Train Loss: 0.2911364 Vali Loss: 0.1938558 Test Loss: 0.2299480
Validation loss decreased (inf --> 0.193856).  Saving model ...
Updating learning rate to 0.0001
Epoch: 2 cost time: 288.21474862098694
Epoch: 2, Steps: 562 | Train Loss: 0.2078120 Vali Loss: 0.1794569 Test Loss: 0.2212365
Validation loss decreased (0.193856 --> 0.179457).  Saving model ...
Updating learning rate to 5e-05
Epoch: 3 cost time: 323.09029483795166
Epoch: 3, Steps: 562 | Train Loss: 0.1902511 Vali Loss: 0.1756188 Test Loss: 0.2191522
Validation loss decreased (0.179457 --> 0.175619).  Saving model ...
Updating learning rate to 2.5e-05
Epoch: 4 cost time: 320.03700399398804
Epoch: 4, Steps: 562 | Train Loss: 0.1824465 Vali Loss: 0.1738571 Test Loss: 0.2173652
Validation loss decreased (0.175619 --> 0.173857).  Saving model ...
Updating learning rate to 1.25e-05
Epoch: 5 cost time: 314.2755854129791
Epoch: 5, Steps: 562 | Train Loss: 0.1789276 Vali Loss: 0.1727012 Test Loss: 0.2161876
Validation loss decreased (0.173857 --> 0.172701).  Saving model ...
Updating learning rate to 6.25e-06
Epoch: 6 cost time: 316.35659885406494
Epoch: 6, Steps: 562 | Train Loss: 0.1772168 Vali Loss: 0.1728668 Test Loss: 0.2159597
EarlyStopping counter: 1 out of 3
Updating learning rate to 3.125e-06
Epoch: 7 cost time: 313.5846018791199
Epoch: 7, Steps: 562 | Train Loss: 0.1763532 Vali Loss: 0.1712509 Test Loss: 0.2127653
Validation loss decreased (0.172701 --> 0.171251).  Saving model ...
Updating learning rate to 1.5625e-06
Epoch: 8 cost time: 309.6043002605438
Epoch: 8, Steps: 562 | Train Loss: 0.1759033 Vali Loss: 0.1715978 Test Loss: 0.2142242
EarlyStopping counter: 1 out of 3
Updating learning rate to 7.8125e-07
Epoch: 9 cost time: 310.84204483032227
Epoch: 9, Steps: 562 | Train Loss: 0.1756604 Vali Loss: 0.1714527 Test Loss: 0.2136191
EarlyStopping counter: 2 out of 3
Updating learning rate to 3.90625e-07
Epoch: 10 cost time: 310.15111899375916
Epoch: 10, Steps: 562 | Train Loss: 0.1755512 Vali Loss: 0.1714139 Test Loss: 0.2141063
EarlyStopping counter: 3 out of 3
Early stopping
>>>>>>>testing : electricity_96_336_FEDformer_random_modes64_custom_ftM_sl96_ll48_pl336_dm512_nh8_el2_dl1_df2048_fc3_ebtimeF_dtTrue_Exp_0<<<<<<<<<<<<<<<<<<<<<<<<<<<<<<<<<
test 4925
test shape: (4925, 336, 321) (4925, 336, 321)
test shape: (4925, 336, 321) (4925, 336, 321)
mse:0.21267272531986237, mae:0.3259769082069397
