Args in experiment:
Namespace(is_training=1, task_id='ETTh2_96_96', model='FEDformer', version='Fourier', mode_select='random', modes=64, L=3, base='legendre', cross_activation='tanh', data='ETTh2', root_path='./dataset/', data_path='ETTh2.csv', features='M', target='OT', freq='h', detail_freq='h', checkpoints='./checkpoints/', seq_len=96, label_len=48, pred_len=96, enc_in=7, dec_in=7, c_out=7, d_model=512, n_heads=8, e_layers=2, d_layers=1, d_ff=2048, moving_avg=[25], factor=3, distil=True, dropout=0.05, embed='timeF', activation='gelu', output_attention=False, do_predict=False, num_workers=10, itr=1, train_epochs=10, batch_size=32, patience=3, learning_rate=0.0001, des='Exp', loss='mse', lradj='type1', use_amp=False, use_gpu=True, gpu=0, use_multi_gpu=False, devices='0,1')
Use GPU: cuda:0
fourier enhanced block used!
modes=64, index=[0, 1, 2, 3, 4, 5, 6, 7, 8, 9, 10, 11, 12, 13, 14, 15, 16, 17, 18, 19, 20, 21, 22, 23, 24, 25, 26, 27, 28, 29, 30, 31, 32, 33, 34, 35, 36, 37, 38, 39, 40, 41, 42, 43, 44, 45, 46, 47]
fourier enhanced block used!
modes=64, index=[0, 1, 2, 3, 4, 5, 6, 7, 8, 9, 10, 12, 13, 14, 16, 18, 20, 21, 22, 23, 24, 25, 26, 27, 28, 29, 30, 31, 32, 34, 35, 36, 37, 38, 39, 41, 42, 43, 44, 45, 46, 47, 48, 49, 51, 52, 54, 55, 56, 57, 58, 59, 60, 61, 62, 63, 64, 65, 66, 67, 68, 69, 70, 71]
 fourier enhanced cross attention used!
modes_q=64, index_q=[0, 1, 2, 3, 4, 5, 6, 7, 8, 9, 10, 13, 14, 15, 16, 17, 18, 19, 20, 21, 22, 23, 24, 27, 28, 29, 30, 31, 33, 34, 35, 36, 37, 39, 40, 41, 42, 43, 44, 45, 46, 47, 48, 49, 50, 51, 52, 53, 54, 55, 56, 57, 58, 59, 60, 61, 62, 63, 64, 65, 66, 68, 69, 71]
modes_kv=48, index_kv=[0, 1, 2, 3, 4, 5, 6, 7, 8, 9, 10, 11, 12, 13, 14, 15, 16, 17, 18, 19, 20, 21, 22, 23, 24, 25, 26, 27, 28, 29, 30, 31, 32, 33, 34, 35, 36, 37, 38, 39, 40, 41, 42, 43, 44, 45, 46, 47]
enc_modes: 48, dec_modes: 64
>>>>>>>start training : ETTh2_96_96_FEDformer_random_modes64_ETTh2_ftM_sl96_ll48_pl96_dm512_nh8_el2_dl1_df2048_fc3_ebtimeF_dtTrue_Exp_0>>>>>>>>>>>>>>>>>>>>>>>>>>
train 8449
val 2785
test 2785
Epoch: 1 cost time: 124.04787683486938
Epoch: 1, Steps: 265 | Train Loss: 0.5009929 Vali Loss: 0.2575903 Test Loss: 0.3530655
Validation loss decreased (inf --> 0.257590).  Saving model ...
Updating learning rate to 0.0001
Epoch: 2 cost time: 120.19981408119202
Epoch: 2, Steps: 265 | Train Loss: 0.4659446 Vali Loss: 0.2576764 Test Loss: 0.3435582
EarlyStopping counter: 1 out of 3
Updating learning rate to 5e-05
Epoch: 3 cost time: 118.2231924533844
Epoch: 3, Steps: 265 | Train Loss: 0.4500525 Vali Loss: 0.2511787 Test Loss: 0.3436741
Validation loss decreased (0.257590 --> 0.251179).  Saving model ...
Updating learning rate to 2.5e-05
Epoch: 4 cost time: 118.35148644447327
Epoch: 4, Steps: 265 | Train Loss: 0.4399118 Vali Loss: 0.2507064 Test Loss: 0.3435124
Validation loss decreased (0.251179 --> 0.250706).  Saving model ...
Updating learning rate to 1.25e-05
Epoch: 5 cost time: 118.37706279754639
Epoch: 5, Steps: 265 | Train Loss: 0.4320802 Vali Loss: 0.2493907 Test Loss: 0.3417706
Validation loss decreased (0.250706 --> 0.249391).  Saving model ...
Updating learning rate to 6.25e-06
Epoch: 6 cost time: 120.75773453712463
Epoch: 6, Steps: 265 | Train Loss: 0.4295908 Vali Loss: 0.2496205 Test Loss: 0.3427169
EarlyStopping counter: 1 out of 3
Updating learning rate to 3.125e-06
Epoch: 7 cost time: 119.51711225509644
Epoch: 7, Steps: 265 | Train Loss: 0.4276429 Vali Loss: 0.2486305 Test Loss: 0.3423069
Validation loss decreased (0.249391 --> 0.248631).  Saving model ...
Updating learning rate to 1.5625e-06
Epoch: 8 cost time: 120.71901631355286
Epoch: 8, Steps: 265 | Train Loss: 0.4263965 Vali Loss: 0.2484637 Test Loss: 0.3423720
Validation loss decreased (0.248631 --> 0.248464).  Saving model ...
Updating learning rate to 7.8125e-07
Epoch: 9 cost time: 118.02300214767456
Epoch: 9, Steps: 265 | Train Loss: 0.4260874 Vali Loss: 0.2487689 Test Loss: 0.3423816
EarlyStopping counter: 1 out of 3
Updating learning rate to 3.90625e-07
Epoch: 10 cost time: 120.40754652023315
Epoch: 10, Steps: 265 | Train Loss: 0.4260829 Vali Loss: 0.2537536 Test Loss: 0.3424234
EarlyStopping counter: 2 out of 3
Updating learning rate to 1.953125e-07
>>>>>>>testing : ETTh2_96_96_FEDformer_random_modes64_ETTh2_ftM_sl96_ll48_pl96_dm512_nh8_el2_dl1_df2048_fc3_ebtimeF_dtTrue_Exp_0<<<<<<<<<<<<<<<<<<<<<<<<<<<<<<<<<
test 2785
test shape: (2785, 96, 7) (2785, 96, 7)
test shape: (2785, 96, 7) (2785, 96, 7)
mse:0.345021516084671, mae:0.3872183561325073
