Args in experiment:
Namespace(is_training=1, task_id='weather_192_192', model='FEDformer', version='Fourier', mode_select='random', modes=64, L=3, base='legendre', cross_activation='tanh', data='custom', root_path='./dataset/', data_path='weather.csv', features='M', target='OT', freq='h', detail_freq='h', checkpoints='./checkpoints/', seq_len=192, label_len=96, pred_len=192, enc_in=21, dec_in=21, c_out=21, d_model=512, n_heads=8, e_layers=2, d_layers=1, d_ff=2048, moving_avg=[25], factor=3, distil=True, dropout=0.05, embed='timeF', activation='gelu', output_attention=False, do_predict=False, num_workers=10, itr=1, train_epochs=30, batch_size=32, patience=3, learning_rate=0.0001, des='Exp', loss='mse', lradj='type1', use_amp=False, use_gpu=True, gpu=0, use_multi_gpu=False, devices='0,1')
Use GPU: cuda:0
fourier enhanced block used!
modes=64, index=[2, 3, 4, 6, 8, 9, 11, 13, 15, 17, 18, 19, 20, 22, 23, 27, 28, 30, 31, 32, 34, 35, 36, 37, 39, 40, 42, 43, 45, 46, 47, 51, 53, 55, 56, 58, 59, 60, 61, 64, 65, 67, 68, 69, 71, 72, 73, 74, 75, 77, 78, 79, 80, 81, 82, 83, 84, 87, 89, 90, 91, 92, 93, 94]
fourier enhanced block used!
modes=64, index=[0, 1, 3, 5, 8, 9, 10, 13, 15, 17, 18, 19, 21, 22, 23, 24, 26, 28, 29, 35, 37, 41, 42, 43, 47, 48, 56, 59, 60, 61, 62, 63, 64, 70, 72, 77, 78, 82, 84, 85, 86, 88, 89, 90, 93, 96, 97, 98, 104, 109, 114, 115, 117, 118, 120, 124, 125, 129, 130, 135, 136, 138, 141, 143]
 fourier enhanced cross attention used!
modes_q=64, index_q=[0, 1, 4, 5, 6, 10, 11, 13, 15, 18, 22, 24, 25, 27, 28, 29, 32, 34, 35, 37, 43, 45, 46, 48, 49, 50, 52, 53, 57, 58, 64, 66, 67, 70, 71, 73, 77, 83, 85, 88, 89, 91, 92, 95, 96, 99, 100, 103, 104, 106, 107, 112, 113, 115, 117, 119, 122, 128, 129, 131, 135, 138, 139, 142]
modes_kv=64, index_kv=[1, 2, 3, 4, 7, 9, 12, 13, 14, 16, 17, 18, 20, 21, 22, 24, 26, 27, 30, 31, 33, 34, 35, 36, 37, 38, 40, 42, 43, 45, 46, 48, 51, 53, 54, 58, 59, 62, 63, 64, 65, 68, 69, 71, 72, 73, 75, 76, 77, 78, 79, 80, 81, 82, 83, 84, 85, 86, 87, 89, 90, 92, 94, 95]
enc_modes: 64, dec_modes: 64
>>>>>>>start training : weather_192_192_FEDformer_random_modes64_custom_ftM_sl192_ll96_pl192_dm512_nh8_el2_dl1_df2048_fc3_ebtimeF_dtTrue_Exp_0>>>>>>>>>>>>>>>>>>>>>>>>>>
train 36504
val 5079
test 10348
Epoch: 1 cost time: 802.9255912303925
Epoch: 1, Steps: 1141 | Train Loss: 0.5719959 Vali Loss: 0.5348856 Test Loss: 0.2730954
Validation loss decreased (inf --> 0.534886).  Saving model ...
Updating learning rate to 0.0001
Epoch: 2 cost time: 747.6246740818024
Epoch: 2, Steps: 1141 | Train Loss: 0.5162984 Vali Loss: 0.5480826 Test Loss: 0.2837001
EarlyStopping counter: 1 out of 3
Updating learning rate to 5e-05
Epoch: 3 cost time: 794.2080590724945
Epoch: 3, Steps: 1141 | Train Loss: 0.4991024 Vali Loss: 0.5552946 Test Loss: 0.2866037
EarlyStopping counter: 2 out of 3
Updating learning rate to 2.5e-05
Epoch: 4 cost time: 800.2955369949341
Epoch: 4, Steps: 1141 | Train Loss: 0.4886002 Vali Loss: 0.5598362 Test Loss: 0.2877602
EarlyStopping counter: 3 out of 3
Early stopping
>>>>>>>testing : weather_192_192_FEDformer_random_modes64_custom_ftM_sl192_ll96_pl192_dm512_nh8_el2_dl1_df2048_fc3_ebtimeF_dtTrue_Exp_0<<<<<<<<<<<<<<<<<<<<<<<<<<<<<<<<<
test 10348
test shape: (10348, 192, 21) (10348, 192, 21)
test shape: (10348, 192, 21) (10348, 192, 21)
mse:0.2734126150608063, mae:0.3294367492198944
