Args in experiment:
Namespace(is_training=1, task_id='weather_96_336', model='FEDformer', version='Fourier', mode_select='random', modes=64, L=3, base='legendre', cross_activation='tanh', data='custom', root_path='./dataset/', data_path='weather.csv', features='M', target='OT', freq='h', detail_freq='h', checkpoints='./checkpoints/', seq_len=96, label_len=48, pred_len=336, enc_in=21, dec_in=21, c_out=21, d_model=512, n_heads=8, e_layers=2, d_layers=1, d_ff=2048, moving_avg=[25], factor=3, distil=True, dropout=0.05, embed='timeF', activation='gelu', output_attention=False, do_predict=False, num_workers=10, itr=1, train_epochs=30, batch_size=32, patience=3, learning_rate=0.0001, des='Exp', loss='mse', lradj='type1', use_amp=False, use_gpu=True, gpu=0, use_multi_gpu=False, devices='0,1')
Use GPU: cuda:0
fourier enhanced block used!
modes=64, index=[0, 1, 2, 3, 4, 5, 6, 7, 8, 9, 10, 11, 12, 13, 14, 15, 16, 17, 18, 19, 20, 21, 22, 23, 24, 25, 26, 27, 28, 29, 30, 31, 32, 33, 34, 35, 36, 37, 38, 39, 40, 41, 42, 43, 44, 45, 46, 47]
fourier enhanced block used!
modes=64, index=[0, 1, 3, 5, 8, 10, 13, 15, 18, 21, 22, 23, 24, 26, 28, 35, 37, 41, 42, 43, 48, 51, 56, 59, 61, 63, 64, 72, 76, 77, 80, 85, 86, 88, 92, 95, 97, 101, 108, 109, 111, 117, 118, 128, 129, 130, 134, 137, 138, 142, 144, 149, 150, 151, 154, 157, 163, 168, 171, 174, 182, 184, 185, 191]
 fourier enhanced cross attention used!
modes_q=64, index_q=[0, 2, 4, 8, 10, 12, 13, 24, 27, 34, 35, 37, 41, 44, 45, 46, 49, 50, 52, 64, 66, 70, 73, 76, 81, 83, 86, 92, 95, 98, 100, 106, 107, 108, 111, 113, 115, 118, 120, 121, 124, 128, 131, 133, 138, 139, 140, 141, 142, 144, 147, 151, 152, 154, 155, 157, 163, 167, 169, 170, 174, 179, 184, 191]
modes_kv=48, index_kv=[0, 1, 2, 3, 4, 5, 6, 7, 8, 9, 10, 11, 12, 13, 14, 15, 16, 17, 18, 19, 20, 21, 22, 23, 24, 25, 26, 27, 28, 29, 30, 31, 32, 33, 34, 35, 36, 37, 38, 39, 40, 41, 42, 43, 44, 45, 46, 47]
enc_modes: 48, dec_modes: 64
>>>>>>>start training : weather_96_336_FEDformer_random_modes64_custom_ftM_sl96_ll48_pl336_dm512_nh8_el2_dl1_df2048_fc3_ebtimeF_dtTrue_Exp_0>>>>>>>>>>>>>>>>>>>>>>>>>>
train 36456
val 4935
test 10204
Epoch: 1 cost time: 594.7733969688416
Epoch: 1, Steps: 1140 | Train Loss: 0.6199385 Vali Loss: 0.6334305 Test Loss: 0.3701477
Validation loss decreased (inf --> 0.633431).  Saving model ...
Updating learning rate to 0.0001
Epoch: 2 cost time: 561.8177065849304
Epoch: 2, Steps: 1140 | Train Loss: 0.5718262 Vali Loss: 0.7197129 Test Loss: 0.5994947
EarlyStopping counter: 1 out of 3
Updating learning rate to 5e-05
Epoch: 3 cost time: 513.8196060657501
Epoch: 3, Steps: 1140 | Train Loss: 0.5513112 Vali Loss: 0.7218670 Test Loss: 0.6206632
EarlyStopping counter: 2 out of 3
Updating learning rate to 2.5e-05
Epoch: 4 cost time: 593.3411772251129
Epoch: 4, Steps: 1140 | Train Loss: 0.5443070 Vali Loss: 0.7307094 Test Loss: 0.6217555
EarlyStopping counter: 3 out of 3
Early stopping
>>>>>>>testing : weather_96_336_FEDformer_random_modes64_custom_ftM_sl96_ll48_pl336_dm512_nh8_el2_dl1_df2048_fc3_ebtimeF_dtTrue_Exp_0<<<<<<<<<<<<<<<<<<<<<<<<<<<<<<<<<
test 10204
test shape: (10204, 336, 21) (10204, 336, 21)
test shape: (10204, 336, 21) (10204, 336, 21)
mse:0.37016230821609497, mae:0.4092070758342743
