Args in experiment:
Namespace(is_training=1, task_id='traffic_336_720', model='FEDformer', version='Fourier', mode_select='random', modes=64, L=3, base='legendre', cross_activation='tanh', data='custom', root_path='./dataset/', data_path='traffic.csv', features='M', target='OT', freq='h', detail_freq='h', checkpoints='./checkpoints/', seq_len=336, label_len=168, pred_len=720, enc_in=862, dec_in=862, c_out=862, d_model=512, n_heads=8, e_layers=2, d_layers=1, d_ff=2048, moving_avg=[25], factor=3, distil=True, dropout=0.05, embed='timeF', activation='gelu', output_attention=False, do_predict=False, num_workers=10, itr=1, train_epochs=30, batch_size=32, patience=3, learning_rate=0.0001, des='Exp', loss='mse', lradj='type1', use_amp=False, use_gpu=True, gpu=0, use_multi_gpu=False, devices='0,1')
Use GPU: cuda:0
fourier enhanced block used!
modes=64, index=[0, 2, 4, 6, 8, 10, 12, 13, 14, 22, 23, 24, 28, 30, 34, 35, 36, 41, 42, 43, 45, 52, 55, 56, 58, 59, 64, 65, 66, 68, 69, 72, 73, 74, 77, 79, 81, 83, 86, 91, 95, 96, 97, 98, 104, 107, 112, 117, 118, 121, 125, 126, 131, 134, 136, 138, 139, 142, 143, 148, 149, 154, 161, 162]
fourier enhanced block used!
modes=64, index=[1, 3, 17, 28, 32, 46, 52, 81, 90, 100, 103, 107, 111, 115, 119, 121, 124, 125, 130, 141, 154, 167, 173, 174, 177, 179, 187, 194, 200, 208, 210, 220, 223, 227, 230, 237, 248, 252, 253, 268, 271, 285, 286, 302, 309, 327, 332, 346, 351, 360, 366, 367, 382, 385, 391, 396, 399, 406, 410, 415, 427, 428, 430, 443]
 fourier enhanced cross attention used!
modes_q=64, index_q=[12, 13, 17, 20, 22, 23, 30, 32, 35, 38, 48, 50, 70, 76, 77, 92, 99, 100, 105, 109, 113, 114, 116, 118, 122, 127, 152, 179, 193, 200, 201, 202, 210, 215, 226, 229, 231, 249, 253, 256, 281, 283, 286, 297, 313, 323, 325, 327, 328, 331, 335, 336, 352, 360, 368, 375, 376, 382, 386, 389, 402, 404, 418, 435]
modes_kv=64, index_kv=[1, 3, 7, 8, 10, 13, 15, 16, 18, 23, 26, 28, 32, 33, 38, 40, 42, 43, 44, 45, 47, 48, 49, 51, 53, 55, 56, 57, 59, 62, 64, 65, 66, 67, 75, 76, 77, 83, 89, 92, 94, 95, 97, 98, 104, 108, 109, 114, 119, 120, 122, 124, 125, 126, 133, 138, 139, 141, 142, 145, 147, 148, 160, 164]
enc_modes: 64, dec_modes: 64
>>>>>>>start training : traffic_336_720_FEDformer_random_modes64_custom_ftM_sl336_ll168_pl720_dm512_nh8_el2_dl1_df2048_fc3_ebtimeF_dtTrue_Exp_0>>>>>>>>>>>>>>>>>>>>>>>>>>
train 11225
val 1037
test 2789
Epoch: 1 cost time: 475.131906747818
Epoch: 1, Steps: 351 | Train Loss: 0.4151573 Vali Loss: 0.4876763 Test Loss: 0.6556169
Validation loss decreased (inf --> 0.487676).  Saving model ...
Updating learning rate to 0.0001
Epoch: 2 cost time: 473.84931230545044
Epoch: 2, Steps: 351 | Train Loss: 0.2758157 Vali Loss: 0.4814180 Test Loss: 0.6501243
Validation loss decreased (0.487676 --> 0.481418).  Saving model ...
Updating learning rate to 5e-05
Epoch: 3 cost time: 474.2298057079315
Epoch: 3, Steps: 351 | Train Loss: 0.2602518 Vali Loss: 0.4794428 Test Loss: 0.6464486
Validation loss decreased (0.481418 --> 0.479443).  Saving model ...
Updating learning rate to 2.5e-05
Epoch: 4 cost time: 464.83592987060547
Epoch: 4, Steps: 351 | Train Loss: 0.2541735 Vali Loss: 0.4795838 Test Loss: 0.6345060
EarlyStopping counter: 1 out of 3
Updating learning rate to 1.25e-05
Epoch: 5 cost time: 464.6451950073242
Epoch: 5, Steps: 351 | Train Loss: 0.2512497 Vali Loss: 0.4804917 Test Loss: 0.6347578
EarlyStopping counter: 2 out of 3
Updating learning rate to 6.25e-06
Epoch: 6 cost time: 412.8496325016022
Epoch: 6, Steps: 351 | Train Loss: 0.2497445 Vali Loss: 0.4805228 Test Loss: 0.6329139
EarlyStopping counter: 3 out of 3
Early stopping
>>>>>>>testing : traffic_336_720_FEDformer_random_modes64_custom_ftM_sl336_ll168_pl720_dm512_nh8_el2_dl1_df2048_fc3_ebtimeF_dtTrue_Exp_0<<<<<<<<<<<<<<<<<<<<<<<<<<<<<<<<<
test 2789
test shape: (2789, 720, 862) (2789, 720, 862)
test shape: (2789, 720, 862) (2789, 720, 862)
mse:0.6469915509223938, mae:0.3978879153728485
