Args in experiment:
Namespace(is_training=1, task_id='Etth1_96_192', model='FEDformer', version='Fourier', mode_select='random', modes=64, L=3, base='legendre', cross_activation='tanh', data='ETTh1', root_path='./dataset/', data_path='ETTh1.csv', features='M', target='OT', freq='h', detail_freq='h', checkpoints='./checkpoints/', seq_len=96, label_len=48, pred_len=192, enc_in=7, dec_in=7, c_out=7, d_model=512, n_heads=8, e_layers=2, d_layers=1, d_ff=2048, moving_avg=[25], factor=3, distil=True, dropout=0.05, embed='timeF', activation='gelu', output_attention=False, do_predict=False, num_workers=10, itr=1, train_epochs=10, batch_size=32, patience=3, learning_rate=0.0001, des='Exp', loss='mse', lradj='type1', use_amp=False, use_gpu=True, gpu=0, use_multi_gpu=False, devices='0,1')
Use GPU: cuda:0
fourier enhanced block used!
modes=64, index=[0, 1, 2, 3, 4, 5, 6, 7, 8, 9, 10, 11, 12, 13, 14, 15, 16, 17, 18, 19, 20, 21, 22, 23, 24, 25, 26, 27, 28, 29, 30, 31, 32, 33, 34, 35, 36, 37, 38, 39, 40, 41, 42, 43, 44, 45, 46, 47]
fourier enhanced block used!
modes=64, index=[0, 1, 2, 4, 5, 6, 8, 10, 12, 13, 14, 21, 22, 23, 24, 28, 30, 34, 35, 36, 41, 42, 43, 44, 45, 46, 49, 52, 54, 55, 56, 58, 59, 64, 65, 66, 67, 68, 69, 72, 73, 74, 80, 81, 82, 83, 87, 92, 93, 94, 96, 98, 99, 101, 102, 103, 104, 109, 110, 113, 115, 117, 118, 119]
 fourier enhanced cross attention used!
modes_q=64, index_q=[0, 1, 2, 3, 5, 6, 8, 9, 11, 12, 13, 14, 15, 20, 21, 22, 26, 28, 30, 31, 33, 35, 36, 37, 38, 41, 46, 48, 50, 55, 60, 63, 64, 65, 66, 69, 72, 73, 75, 77, 78, 80, 81, 82, 85, 87, 88, 90, 91, 94, 95, 96, 97, 99, 101, 102, 103, 104, 106, 107, 109, 111, 117, 118]
modes_kv=48, index_kv=[0, 1, 2, 3, 4, 5, 6, 7, 8, 9, 10, 11, 12, 13, 14, 15, 16, 17, 18, 19, 20, 21, 22, 23, 24, 25, 26, 27, 28, 29, 30, 31, 32, 33, 34, 35, 36, 37, 38, 39, 40, 41, 42, 43, 44, 45, 46, 47]
enc_modes: 48, dec_modes: 64
>>>>>>>start training : Etth1_96_192_FEDformer_random_modes64_ETTh1_ftM_sl96_ll48_pl192_dm512_nh8_el2_dl1_df2048_fc3_ebtimeF_dtTrue_Exp_0>>>>>>>>>>>>>>>>>>>>>>>>>>
train 8353
val 2689
test 2689
Epoch: 1 cost time: 123.89173293113708
Epoch: 1, Steps: 262 | Train Loss: 0.4707209 Vali Loss: 1.0832183 Test Loss: 0.4431798
Validation loss decreased (inf --> 1.083218).  Saving model ...
Updating learning rate to 0.0001
Epoch: 2 cost time: 122.43052673339844
Epoch: 2, Steps: 262 | Train Loss: 0.4282814 Vali Loss: 1.0594751 Test Loss: 0.4342747
Validation loss decreased (1.083218 --> 1.059475).  Saving model ...
Updating learning rate to 5e-05
Epoch: 3 cost time: 126.10717916488647
Epoch: 3, Steps: 262 | Train Loss: 0.4137318 Vali Loss: 1.0428101 Test Loss: 0.4298801
Validation loss decreased (1.059475 --> 1.042810).  Saving model ...
Updating learning rate to 2.5e-05
Epoch: 4 cost time: 136.96019053459167
Epoch: 4, Steps: 262 | Train Loss: 0.4080387 Vali Loss: 1.0457119 Test Loss: 0.4202600
EarlyStopping counter: 1 out of 3
Updating learning rate to 1.25e-05
Epoch: 5 cost time: 136.09122037887573
Epoch: 5, Steps: 262 | Train Loss: 0.4066291 Vali Loss: 1.0530168 Test Loss: 0.4247711
EarlyStopping counter: 2 out of 3
Updating learning rate to 6.25e-06
Epoch: 6 cost time: 133.2561640739441
Epoch: 6, Steps: 262 | Train Loss: 0.4053816 Vali Loss: 1.0423398 Test Loss: 0.4232201
Validation loss decreased (1.042810 --> 1.042340).  Saving model ...
Updating learning rate to 3.125e-06
Epoch: 7 cost time: 132.75783514976501
Epoch: 7, Steps: 262 | Train Loss: 0.4040322 Vali Loss: 1.0465105 Test Loss: 0.4245111
EarlyStopping counter: 1 out of 3
Updating learning rate to 1.5625e-06
Epoch: 8 cost time: 133.12650442123413
Epoch: 8, Steps: 262 | Train Loss: 0.4037749 Vali Loss: 1.0448470 Test Loss: 0.4231493
EarlyStopping counter: 2 out of 3
Updating learning rate to 7.8125e-07
Epoch: 9 cost time: 133.3636827468872
Epoch: 9, Steps: 262 | Train Loss: 0.4065193 Vali Loss: 1.0433402 Test Loss: 0.4233437
EarlyStopping counter: 3 out of 3
Early stopping
>>>>>>>testing : Etth1_96_192_FEDformer_random_modes64_ETTh1_ftM_sl96_ll48_pl192_dm512_nh8_el2_dl1_df2048_fc3_ebtimeF_dtTrue_Exp_0<<<<<<<<<<<<<<<<<<<<<<<<<<<<<<<<<
test 2689
test shape: (2689, 192, 7) (2689, 192, 7)
test shape: (2689, 192, 7) (2689, 192, 7)
mse:0.42256811261177063, mae:0.4446803629398346
