Args in experiment:
Namespace(is_training=1, task_id='ETTh2_96_192', model='FEDformer', version='Fourier', mode_select='random', modes=64, L=3, base='legendre', cross_activation='tanh', data='ETTh2', root_path='./dataset/', data_path='ETTh2.csv', features='M', target='OT', freq='h', detail_freq='h', checkpoints='./checkpoints/', seq_len=96, label_len=48, pred_len=192, enc_in=7, dec_in=7, c_out=7, d_model=512, n_heads=8, e_layers=2, d_layers=1, d_ff=2048, moving_avg=[25], factor=3, distil=True, dropout=0.05, embed='timeF', activation='gelu', output_attention=False, do_predict=False, num_workers=10, itr=1, train_epochs=10, batch_size=32, patience=3, learning_rate=0.0001, des='Exp', loss='mse', lradj='type1', use_amp=False, use_gpu=True, gpu=0, use_multi_gpu=False, devices='0,1')
Use GPU: cuda:0
fourier enhanced block used!
modes=64, index=[0, 1, 2, 3, 4, 5, 6, 7, 8, 9, 10, 11, 12, 13, 14, 15, 16, 17, 18, 19, 20, 21, 22, 23, 24, 25, 26, 27, 28, 29, 30, 31, 32, 33, 34, 35, 36, 37, 38, 39, 40, 41, 42, 43, 44, 45, 46, 47]
fourier enhanced block used!
modes=64, index=[0, 1, 2, 4, 5, 6, 8, 10, 12, 13, 14, 21, 22, 23, 24, 28, 30, 34, 35, 36, 41, 42, 43, 44, 45, 46, 49, 52, 54, 55, 56, 58, 59, 64, 65, 66, 67, 68, 69, 72, 73, 74, 80, 81, 82, 83, 87, 92, 93, 94, 96, 98, 99, 101, 102, 103, 104, 109, 110, 113, 115, 117, 118, 119]
 fourier enhanced cross attention used!
modes_q=64, index_q=[0, 1, 2, 3, 5, 6, 8, 9, 11, 12, 13, 14, 15, 20, 21, 22, 26, 28, 30, 31, 33, 35, 36, 37, 38, 41, 46, 48, 50, 55, 60, 63, 64, 65, 66, 69, 72, 73, 75, 77, 78, 80, 81, 82, 85, 87, 88, 90, 91, 94, 95, 96, 97, 99, 101, 102, 103, 104, 106, 107, 109, 111, 117, 118]
modes_kv=48, index_kv=[0, 1, 2, 3, 4, 5, 6, 7, 8, 9, 10, 11, 12, 13, 14, 15, 16, 17, 18, 19, 20, 21, 22, 23, 24, 25, 26, 27, 28, 29, 30, 31, 32, 33, 34, 35, 36, 37, 38, 39, 40, 41, 42, 43, 44, 45, 46, 47]
enc_modes: 48, dec_modes: 64
>>>>>>>start training : ETTh2_96_192_FEDformer_random_modes64_ETTh2_ftM_sl96_ll48_pl192_dm512_nh8_el2_dl1_df2048_fc3_ebtimeF_dtTrue_Exp_0>>>>>>>>>>>>>>>>>>>>>>>>>>
train 8353
val 2689
test 2689
Epoch: 1 cost time: 130.24295711517334
Epoch: 1, Steps: 262 | Train Loss: 0.5846657 Vali Loss: 0.3288285 Test Loss: 0.4539771
Validation loss decreased (inf --> 0.328828).  Saving model ...
Updating learning rate to 0.0001
Epoch: 2 cost time: 118.5388650894165
Epoch: 2, Steps: 262 | Train Loss: 0.5507146 Vali Loss: 0.3249888 Test Loss: 0.4504771
Validation loss decreased (0.328828 --> 0.324989).  Saving model ...
Updating learning rate to 5e-05
Epoch: 3 cost time: 113.52642345428467
Epoch: 3, Steps: 262 | Train Loss: 0.5418267 Vali Loss: 0.3238927 Test Loss: 0.4425892
Validation loss decreased (0.324989 --> 0.323893).  Saving model ...
Updating learning rate to 2.5e-05
Epoch: 4 cost time: 112.62259030342102
Epoch: 4, Steps: 262 | Train Loss: 0.5339590 Vali Loss: 0.3229590 Test Loss: 0.4449185
Validation loss decreased (0.323893 --> 0.322959).  Saving model ...
Updating learning rate to 1.25e-05
Epoch: 5 cost time: 113.20973038673401
Epoch: 5, Steps: 262 | Train Loss: 0.5323549 Vali Loss: 0.3248789 Test Loss: 0.4412376
EarlyStopping counter: 1 out of 3
Updating learning rate to 6.25e-06
Epoch: 6 cost time: 112.0396318435669
Epoch: 6, Steps: 262 | Train Loss: 0.5293050 Vali Loss: 0.3204322 Test Loss: 0.4406224
Validation loss decreased (0.322959 --> 0.320432).  Saving model ...
Updating learning rate to 3.125e-06
Epoch: 7 cost time: 121.5529510974884
Epoch: 7, Steps: 262 | Train Loss: 0.5283726 Vali Loss: 0.3193711 Test Loss: 0.4401563
Validation loss decreased (0.320432 --> 0.319371).  Saving model ...
Updating learning rate to 1.5625e-06
Epoch: 8 cost time: 127.03546500205994
Epoch: 8, Steps: 262 | Train Loss: 0.5308641 Vali Loss: 0.3211478 Test Loss: 0.4405684
EarlyStopping counter: 1 out of 3
Updating learning rate to 7.8125e-07
Epoch: 9 cost time: 127.6531994342804
Epoch: 9, Steps: 262 | Train Loss: 0.5277664 Vali Loss: 0.3230983 Test Loss: 0.4401304
EarlyStopping counter: 2 out of 3
Updating learning rate to 3.90625e-07
Epoch: 10 cost time: 127.45868396759033
Epoch: 10, Steps: 262 | Train Loss: 0.5276150 Vali Loss: 0.3204447 Test Loss: 0.4403256
EarlyStopping counter: 3 out of 3
Early stopping
>>>>>>>testing : ETTh2_96_192_FEDformer_random_modes64_ETTh2_ftM_sl96_ll48_pl192_dm512_nh8_el2_dl1_df2048_fc3_ebtimeF_dtTrue_Exp_0<<<<<<<<<<<<<<<<<<<<<<<<<<<<<<<<<
test 2689
test shape: (2689, 192, 7) (2689, 192, 7)
test shape: (2689, 192, 7) (2689, 192, 7)
mse:0.4356326460838318, mae:0.4415217339992523
