Args in experiment:
Namespace(is_training=1, task_id='traffic_336_336', model='FEDformer', version='Fourier', mode_select='random', modes=64, L=3, base='legendre', cross_activation='tanh', data='custom', root_path='./dataset/', data_path='traffic.csv', features='M', target='OT', freq='h', detail_freq='h', checkpoints='./checkpoints/', seq_len=336, label_len=168, pred_len=336, enc_in=862, dec_in=862, c_out=862, d_model=512, n_heads=8, e_layers=2, d_layers=1, d_ff=2048, moving_avg=[25], factor=3, distil=True, dropout=0.05, embed='timeF', activation='gelu', output_attention=False, do_predict=False, num_workers=10, itr=1, train_epochs=30, batch_size=32, patience=3, learning_rate=0.0001, des='Exp', loss='mse', lradj='type1', use_amp=False, use_gpu=True, gpu=0, use_multi_gpu=False, devices='0,1')
Use GPU: cuda:0
fourier enhanced block used!
modes=64, index=[0, 2, 4, 6, 8, 10, 12, 13, 14, 22, 23, 24, 28, 30, 34, 35, 36, 41, 42, 43, 45, 52, 55, 56, 58, 59, 64, 65, 66, 68, 69, 72, 73, 74, 77, 79, 81, 83, 86, 91, 95, 96, 97, 98, 104, 107, 112, 117, 118, 121, 125, 126, 131, 134, 136, 138, 139, 142, 143, 148, 149, 154, 161, 162]
fourier enhanced block used!
modes=64, index=[0, 11, 13, 15, 22, 29, 35, 37, 41, 46, 50, 58, 64, 66, 71, 81, 83, 87, 95, 100, 103, 106, 107, 108, 111, 118, 121, 124, 126, 129, 130, 133, 136, 137, 138, 139, 140, 147, 150, 156, 159, 162, 165, 167, 176, 179, 180, 183, 184, 188, 192, 198, 202, 207, 208, 222, 228, 230, 233, 235, 238, 240, 245, 249]
 fourier enhanced cross attention used!
modes_q=64, index_q=[3, 6, 17, 20, 21, 25, 26, 28, 32, 38, 45, 46, 47, 57, 59, 70, 73, 79, 81, 84, 85, 90, 93, 100, 105, 106, 111, 117, 123, 125, 128, 131, 136, 153, 157, 159, 162, 171, 186, 187, 188, 190, 191, 197, 201, 204, 207, 208, 210, 213, 215, 216, 218, 220, 221, 222, 228, 231, 232, 233, 236, 243, 247, 249]
modes_kv=64, index_kv=[5, 8, 9, 13, 16, 18, 24, 28, 30, 31, 35, 36, 37, 38, 40, 41, 48, 50, 52, 59, 61, 62, 63, 65, 70, 74, 77, 78, 79, 81, 85, 92, 93, 99, 106, 108, 111, 112, 114, 118, 123, 124, 126, 128, 129, 131, 132, 134, 136, 138, 139, 140, 142, 144, 146, 148, 149, 152, 154, 156, 157, 159, 160, 165]
enc_modes: 64, dec_modes: 64
>>>>>>>start training : traffic_336_336_FEDformer_random_modes64_custom_ftM_sl336_ll168_pl336_dm512_nh8_el2_dl1_df2048_fc3_ebtimeF_dtTrue_Exp_0>>>>>>>>>>>>>>>>>>>>>>>>>>
train 11609
val 1421
test 3173
Epoch: 1 cost time: 358.93295311927795
Epoch: 1, Steps: 363 | Train Loss: 0.3771620 Vali Loss: 0.4687195 Test Loss: 0.6293215
Validation loss decreased (inf --> 0.468719).  Saving model ...
Updating learning rate to 0.0001
Epoch: 2 cost time: 377.3270318508148
Epoch: 2, Steps: 363 | Train Loss: 0.2544600 Vali Loss: 0.4735036 Test Loss: 0.6818667
EarlyStopping counter: 1 out of 3
Updating learning rate to 5e-05
Epoch: 3 cost time: 376.36939120292664
Epoch: 3, Steps: 363 | Train Loss: 0.2385255 Vali Loss: 0.4746992 Test Loss: 0.6850809
EarlyStopping counter: 2 out of 3
Updating learning rate to 2.5e-05
Epoch: 4 cost time: 375.97197699546814
Epoch: 4, Steps: 363 | Train Loss: 0.2325320 Vali Loss: 0.4768003 Test Loss: 0.6956905
EarlyStopping counter: 3 out of 3
Early stopping
>>>>>>>testing : traffic_336_336_FEDformer_random_modes64_custom_ftM_sl336_ll168_pl336_dm512_nh8_el2_dl1_df2048_fc3_ebtimeF_dtTrue_Exp_0<<<<<<<<<<<<<<<<<<<<<<<<<<<<<<<<<
test 3173
test shape: (3173, 336, 862) (3173, 336, 862)
test shape: (3173, 336, 862) (3173, 336, 862)
mse:0.6288304328918457, mae:0.39158135652542114
