Args in experiment:
Namespace(is_training=1, task_id='weather_192_96', model='FEDformer', version='Fourier', mode_select='random', modes=64, L=3, base='legendre', cross_activation='tanh', data='custom', root_path='./dataset/', data_path='weather.csv', features='M', target='OT', freq='h', detail_freq='h', checkpoints='./checkpoints/', seq_len=192, label_len=96, pred_len=96, enc_in=21, dec_in=21, c_out=21, d_model=512, n_heads=8, e_layers=2, d_layers=1, d_ff=2048, moving_avg=[25], factor=3, distil=True, dropout=0.05, embed='timeF', activation='gelu', output_attention=False, do_predict=False, num_workers=10, itr=1, train_epochs=30, batch_size=32, patience=3, learning_rate=0.0001, des='Exp', loss='mse', lradj='type1', use_amp=False, use_gpu=True, gpu=0, use_multi_gpu=False, devices='0,1')
Use GPU: cuda:0
fourier enhanced block used!
modes=64, index=[2, 3, 4, 6, 8, 9, 11, 13, 15, 17, 18, 19, 20, 22, 23, 27, 28, 30, 31, 32, 34, 35, 36, 37, 39, 40, 42, 43, 45, 46, 47, 51, 53, 55, 56, 58, 59, 60, 61, 64, 65, 67, 68, 69, 71, 72, 73, 74, 75, 77, 78, 79, 80, 81, 82, 83, 84, 87, 89, 90, 91, 92, 93, 94]
fourier enhanced block used!
modes=64, index=[0, 1, 2, 4, 5, 7, 8, 9, 10, 13, 14, 17, 18, 20, 21, 22, 23, 24, 27, 28, 29, 31, 35, 36, 37, 40, 42, 43, 44, 47, 48, 49, 50, 51, 52, 53, 54, 55, 56, 58, 59, 60, 61, 62, 64, 66, 70, 72, 73, 75, 77, 79, 80, 82, 84, 85, 86, 87, 89, 90, 91, 92, 93, 95]
 fourier enhanced cross attention used!
modes_q=64, index_q=[1, 2, 4, 5, 6, 8, 9, 11, 12, 13, 14, 15, 16, 20, 21, 22, 23, 25, 26, 28, 29, 30, 31, 34, 36, 37, 40, 41, 42, 43, 45, 46, 48, 51, 52, 53, 54, 55, 56, 58, 59, 60, 63, 64, 65, 66, 68, 69, 71, 72, 73, 74, 76, 78, 79, 80, 81, 82, 83, 85, 86, 87, 89, 95]
modes_kv=64, index_kv=[0, 1, 3, 4, 5, 6, 7, 10, 11, 13, 15, 16, 18, 20, 21, 22, 24, 26, 27, 29, 32, 33, 34, 35, 37, 39, 40, 41, 43, 45, 46, 49, 50, 52, 55, 56, 57, 58, 59, 60, 61, 62, 63, 64, 66, 68, 69, 70, 72, 73, 75, 76, 77, 78, 79, 81, 83, 84, 86, 87, 90, 91, 92, 93]
enc_modes: 64, dec_modes: 64
>>>>>>>start training : weather_192_96_FEDformer_random_modes64_custom_ftM_sl192_ll96_pl96_dm512_nh8_el2_dl1_df2048_fc3_ebtimeF_dtTrue_Exp_0>>>>>>>>>>>>>>>>>>>>>>>>>>
train 36600
val 5175
test 10444
Epoch: 1 cost time: 752.5384011268616
Epoch: 1, Steps: 1144 | Train Loss: 0.5012930 Vali Loss: 0.4694468 Test Loss: 0.2484431
Validation loss decreased (inf --> 0.469447).  Saving model ...
Updating learning rate to 0.0001
Epoch: 2 cost time: 755.0179152488708
Epoch: 2, Steps: 1144 | Train Loss: 0.4518823 Vali Loss: 0.4724213 Test Loss: 0.2627314
EarlyStopping counter: 1 out of 3
Updating learning rate to 5e-05
Epoch: 3 cost time: 745.0612206459045
Epoch: 3, Steps: 1144 | Train Loss: 0.4374041 Vali Loss: 0.4753632 Test Loss: 0.2659927
EarlyStopping counter: 2 out of 3
Updating learning rate to 2.5e-05
Epoch: 4 cost time: 673.7051773071289
Epoch: 4, Steps: 1144 | Train Loss: 0.4271758 Vali Loss: 0.4749485 Test Loss: 0.2685864
EarlyStopping counter: 3 out of 3
Early stopping
>>>>>>>testing : weather_192_96_FEDformer_random_modes64_custom_ftM_sl192_ll96_pl96_dm512_nh8_el2_dl1_df2048_fc3_ebtimeF_dtTrue_Exp_0<<<<<<<<<<<<<<<<<<<<<<<<<<<<<<<<<
test 10444
test shape: (10444, 96, 21) (10444, 96, 21)
test shape: (10444, 96, 21) (10444, 96, 21)
mse:0.2487996518611908, mae:0.3245704174041748
