Args in experiment:
Namespace(is_training=1, task_id='ETTm2_96_720', model='FEDformer', version='Fourier', mode_select='random', modes=64, L=3, base='legendre', cross_activation='tanh', data='ETTm2', root_path='./dataset/', data_path='ETTm2.csv', features='M', target='OT', freq='h', detail_freq='h', checkpoints='./checkpoints/', seq_len=96, label_len=48, pred_len=720, enc_in=7, dec_in=7, c_out=7, d_model=512, n_heads=8, e_layers=2, d_layers=1, d_ff=2048, moving_avg=[25], factor=3, distil=True, dropout=0.05, embed='timeF', activation='gelu', output_attention=False, do_predict=False, num_workers=10, itr=1, train_epochs=10, batch_size=32, patience=3, learning_rate=0.0001, des='Exp', loss='mse', lradj='type1', use_amp=False, use_gpu=True, gpu=0, use_multi_gpu=False, devices='0,1')
Use GPU: cuda:0
fourier enhanced block used!
modes=64, index=[0, 1, 2, 3, 4, 5, 6, 7, 8, 9, 10, 11, 12, 13, 14, 15, 16, 17, 18, 19, 20, 21, 22, 23, 24, 25, 26, 27, 28, 29, 30, 31, 32, 33, 34, 35, 36, 37, 38, 39, 40, 41, 42, 43, 44, 45, 46, 47]
fourier enhanced block used!
modes=64, index=[0, 2, 8, 13, 34, 35, 37, 41, 44, 46, 50, 52, 64, 66, 76, 95, 104, 108, 124, 125, 129, 134, 137, 139, 140, 142, 150, 156, 161, 169, 179, 180, 194, 204, 208, 211, 213, 219, 222, 242, 251, 261, 262, 263, 270, 271, 289, 291, 297, 298, 301, 303, 307, 313, 317, 319, 321, 322, 336, 347, 351, 352, 372, 381]
 fourier enhanced cross attention used!
modes_q=64, index_q=[8, 9, 16, 18, 28, 36, 37, 40, 48, 61, 62, 70, 74, 81, 85, 93, 95, 99, 120, 121, 130, 131, 133, 134, 137, 141, 148, 163, 166, 172, 174, 183, 191, 200, 207, 215, 216, 221, 222, 235, 245, 251, 262, 273, 277, 295, 299, 305, 308, 318, 320, 333, 343, 344, 345, 347, 349, 350, 353, 355, 364, 369, 376, 381]
modes_kv=48, index_kv=[0, 1, 2, 3, 4, 5, 6, 7, 8, 9, 10, 11, 12, 13, 14, 15, 16, 17, 18, 19, 20, 21, 22, 23, 24, 25, 26, 27, 28, 29, 30, 31, 32, 33, 34, 35, 36, 37, 38, 39, 40, 41, 42, 43, 44, 45, 46, 47]
enc_modes: 48, dec_modes: 64
>>>>>>>start training : ETTm2_96_720_FEDformer_random_modes64_ETTm2_ftM_sl96_ll48_pl720_dm512_nh8_el2_dl1_df2048_fc3_ebtimeF_dtTrue_Exp_0>>>>>>>>>>>>>>>>>>>>>>>>>>
train 33745
val 10801
test 10801
Epoch: 1 cost time: 855.8145506381989
Epoch: 1, Steps: 1055 | Train Loss: 0.5844071 Vali Loss: 0.3016085 Test Loss: 0.4351998
Validation loss decreased (inf --> 0.301608).  Saving model ...
Updating learning rate to 0.0001
Epoch: 2 cost time: 822.2666306495667
Epoch: 2, Steps: 1055 | Train Loss: 0.5653383 Vali Loss: 0.3121708 Test Loss: 0.4447304
EarlyStopping counter: 1 out of 3
Updating learning rate to 5e-05
Epoch: 3 cost time: 752.5869793891907
Epoch: 3, Steps: 1055 | Train Loss: 0.5455133 Vali Loss: 0.3239039 Test Loss: 0.4564213
EarlyStopping counter: 2 out of 3
Updating learning rate to 2.5e-05
Epoch: 4 cost time: 686.0579025745392
Epoch: 4, Steps: 1055 | Train Loss: 0.5293163 Vali Loss: 0.3187042 Test Loss: 0.4607939
EarlyStopping counter: 3 out of 3
Early stopping
>>>>>>>testing : ETTm2_96_720_FEDformer_random_modes64_ETTm2_ftM_sl96_ll48_pl720_dm512_nh8_el2_dl1_df2048_fc3_ebtimeF_dtTrue_Exp_0<<<<<<<<<<<<<<<<<<<<<<<<<<<<<<<<<
test 10801
test shape: (10801, 720, 7) (10801, 720, 7)
test shape: (10801, 720, 7) (10801, 720, 7)
mse:0.4349154531955719, mae:0.42522042989730835
