Args in experiment:
Namespace(is_training=1, task_id='traffic_96_720', model='FEDformer', version='Fourier', mode_select='random', modes=64, L=3, base='legendre', cross_activation='tanh', data='custom', root_path='./dataset/', data_path='traffic.csv', features='M', target='OT', freq='h', detail_freq='h', checkpoints='./checkpoints/', seq_len=96, label_len=48, pred_len=720, enc_in=862, dec_in=862, c_out=862, d_model=512, n_heads=8, e_layers=2, d_layers=1, d_ff=2048, moving_avg=[25], factor=3, distil=True, dropout=0.05, embed='timeF', activation='gelu', output_attention=False, do_predict=False, num_workers=10, itr=1, train_epochs=30, batch_size=32, patience=3, learning_rate=0.0001, des='Exp', loss='mse', lradj='type1', use_amp=False, use_gpu=True, gpu=0, use_multi_gpu=False, devices='0,1')
Use GPU: cuda:0
fourier enhanced block used!
modes=64, index=[0, 1, 2, 3, 4, 5, 6, 7, 8, 9, 10, 11, 12, 13, 14, 15, 16, 17, 18, 19, 20, 21, 22, 23, 24, 25, 26, 27, 28, 29, 30, 31, 32, 33, 34, 35, 36, 37, 38, 39, 40, 41, 42, 43, 44, 45, 46, 47]
fourier enhanced block used!
modes=64, index=[0, 2, 8, 13, 34, 35, 37, 41, 44, 46, 50, 52, 64, 66, 76, 95, 104, 108, 124, 125, 129, 134, 137, 139, 140, 142, 150, 156, 161, 169, 179, 180, 194, 204, 208, 211, 213, 219, 222, 242, 251, 261, 262, 263, 270, 271, 289, 291, 297, 298, 301, 303, 307, 313, 317, 319, 321, 322, 336, 347, 351, 352, 372, 381]
 fourier enhanced cross attention used!
modes_q=64, index_q=[8, 9, 16, 18, 28, 36, 37, 40, 48, 61, 62, 70, 74, 81, 85, 93, 95, 99, 120, 121, 130, 131, 133, 134, 137, 141, 148, 163, 166, 172, 174, 183, 191, 200, 207, 215, 216, 221, 222, 235, 245, 251, 262, 273, 277, 295, 299, 305, 308, 318, 320, 333, 343, 344, 345, 347, 349, 350, 353, 355, 364, 369, 376, 381]
modes_kv=48, index_kv=[0, 1, 2, 3, 4, 5, 6, 7, 8, 9, 10, 11, 12, 13, 14, 15, 16, 17, 18, 19, 20, 21, 22, 23, 24, 25, 26, 27, 28, 29, 30, 31, 32, 33, 34, 35, 36, 37, 38, 39, 40, 41, 42, 43, 44, 45, 46, 47]
enc_modes: 48, dec_modes: 64
>>>>>>>start training : traffic_96_720_FEDformer_random_modes64_custom_ftM_sl96_ll48_pl720_dm512_nh8_el2_dl1_df2048_fc3_ebtimeF_dtTrue_Exp_0>>>>>>>>>>>>>>>>>>>>>>>>>>
train 11465
val 1037
test 2789
Epoch: 1 cost time: 314.22761511802673
Epoch: 1, Steps: 359 | Train Loss: 0.4377126 Vali Loss: 0.5019994 Test Loss: 0.6503423
Validation loss decreased (inf --> 0.501999).  Saving model ...
Updating learning rate to 0.0001
Epoch: 2 cost time: 310.589328289032
Epoch: 2, Steps: 359 | Train Loss: 0.2982098 Vali Loss: 0.4853191 Test Loss: 0.6350037
Validation loss decreased (0.501999 --> 0.485319).  Saving model ...
Updating learning rate to 5e-05
Epoch: 3 cost time: 310.499577999115
Epoch: 3, Steps: 359 | Train Loss: 0.2804165 Vali Loss: 0.4827831 Test Loss: 0.6344908
Validation loss decreased (0.485319 --> 0.482783).  Saving model ...
Updating learning rate to 2.5e-05
Epoch: 4 cost time: 310.9477107524872
Epoch: 4, Steps: 359 | Train Loss: 0.2733480 Vali Loss: 0.4787077 Test Loss: 0.6332199
Validation loss decreased (0.482783 --> 0.478708).  Saving model ...
Updating learning rate to 1.25e-05
Epoch: 5 cost time: 311.0651125907898
Epoch: 5, Steps: 359 | Train Loss: 0.2698170 Vali Loss: 0.4790169 Test Loss: 0.6316375
EarlyStopping counter: 1 out of 3
Updating learning rate to 6.25e-06
Epoch: 6 cost time: 311.12552976608276
Epoch: 6, Steps: 359 | Train Loss: 0.2679524 Vali Loss: 0.4783354 Test Loss: 0.6307148
Validation loss decreased (0.478708 --> 0.478335).  Saving model ...
Updating learning rate to 3.125e-06
Epoch: 7 cost time: 307.6170144081116
Epoch: 7, Steps: 359 | Train Loss: 0.2670391 Vali Loss: 0.4777185 Test Loss: 0.6306462
Validation loss decreased (0.478335 --> 0.477719).  Saving model ...
Updating learning rate to 1.5625e-06
Epoch: 8 cost time: 282.12561869621277
Epoch: 8, Steps: 359 | Train Loss: 0.2665206 Vali Loss: 0.4780388 Test Loss: 0.6314675
EarlyStopping counter: 1 out of 3
Updating learning rate to 7.8125e-07
Epoch: 9 cost time: 272.28907203674316
Epoch: 9, Steps: 359 | Train Loss: 0.2662492 Vali Loss: 0.4769197 Test Loss: 0.6317844
Validation loss decreased (0.477719 --> 0.476920).  Saving model ...
Updating learning rate to 3.90625e-07
Epoch: 10 cost time: 311.6456573009491
Epoch: 10, Steps: 359 | Train Loss: 0.2661034 Vali Loss: 0.4773837 Test Loss: 0.6314824
EarlyStopping counter: 1 out of 3
Updating learning rate to 1.953125e-07
Epoch: 11 cost time: 310.99754428863525
Epoch: 11, Steps: 359 | Train Loss: 0.2660302 Vali Loss: 0.4769933 Test Loss: 0.6314812
EarlyStopping counter: 2 out of 3
Updating learning rate to 9.765625e-08
Epoch: 12 cost time: 312.2249355316162
Epoch: 12, Steps: 359 | Train Loss: 0.2659858 Vali Loss: 0.4777852 Test Loss: 0.6313667
EarlyStopping counter: 3 out of 3
Early stopping
>>>>>>>testing : traffic_96_720_FEDformer_random_modes64_custom_ftM_sl96_ll48_pl720_dm512_nh8_el2_dl1_df2048_fc3_ebtimeF_dtTrue_Exp_0<<<<<<<<<<<<<<<<<<<<<<<<<<<<<<<<<
test 2789
test shape: (2789, 720, 862) (2789, 720, 862)
test shape: (2789, 720, 862) (2789, 720, 862)
mse:0.6315000653266907, mae:0.38449886441230774
