Args in experiment:
Namespace(is_training=1, task_id='weather_96_720', model='FEDformer', version='Fourier', mode_select='random', modes=64, L=3, base='legendre', cross_activation='tanh', data='custom', root_path='./dataset/', data_path='weather.csv', features='M', target='OT', freq='h', detail_freq='h', checkpoints='./checkpoints/', seq_len=96, label_len=48, pred_len=720, enc_in=21, dec_in=21, c_out=21, d_model=512, n_heads=8, e_layers=2, d_layers=1, d_ff=2048, moving_avg=[25], factor=3, distil=True, dropout=0.05, embed='timeF', activation='gelu', output_attention=False, do_predict=False, num_workers=10, itr=1, train_epochs=30, batch_size=32, patience=3, learning_rate=0.0001, des='Exp', loss='mse', lradj='type1', use_amp=False, use_gpu=True, gpu=0, use_multi_gpu=False, devices='0,1')
Use GPU: cuda:0
fourier enhanced block used!
modes=64, index=[0, 1, 2, 3, 4, 5, 6, 7, 8, 9, 10, 11, 12, 13, 14, 15, 16, 17, 18, 19, 20, 21, 22, 23, 24, 25, 26, 27, 28, 29, 30, 31, 32, 33, 34, 35, 36, 37, 38, 39, 40, 41, 42, 43, 44, 45, 46, 47]
fourier enhanced block used!
modes=64, index=[0, 2, 8, 13, 34, 35, 37, 41, 44, 46, 50, 52, 64, 66, 76, 95, 104, 108, 124, 125, 129, 134, 137, 139, 140, 142, 150, 156, 161, 169, 179, 180, 194, 204, 208, 211, 213, 219, 222, 242, 251, 261, 262, 263, 270, 271, 289, 291, 297, 298, 301, 303, 307, 313, 317, 319, 321, 322, 336, 347, 351, 352, 372, 381]
 fourier enhanced cross attention used!
modes_q=64, index_q=[8, 9, 16, 18, 28, 36, 37, 40, 48, 61, 62, 70, 74, 81, 85, 93, 95, 99, 120, 121, 130, 131, 133, 134, 137, 141, 148, 163, 166, 172, 174, 183, 191, 200, 207, 215, 216, 221, 222, 235, 245, 251, 262, 273, 277, 295, 299, 305, 308, 318, 320, 333, 343, 344, 345, 347, 349, 350, 353, 355, 364, 369, 376, 381]
modes_kv=48, index_kv=[0, 1, 2, 3, 4, 5, 6, 7, 8, 9, 10, 11, 12, 13, 14, 15, 16, 17, 18, 19, 20, 21, 22, 23, 24, 25, 26, 27, 28, 29, 30, 31, 32, 33, 34, 35, 36, 37, 38, 39, 40, 41, 42, 43, 44, 45, 46, 47]
enc_modes: 48, dec_modes: 64
>>>>>>>start training : weather_96_720_FEDformer_random_modes64_custom_ftM_sl96_ll48_pl720_dm512_nh8_el2_dl1_df2048_fc3_ebtimeF_dtTrue_Exp_0>>>>>>>>>>>>>>>>>>>>>>>>>>
train 36072
val 4551
test 9820
Epoch: 1 cost time: 854.0875623226166
Epoch: 1, Steps: 1128 | Train Loss: 0.7179110 Vali Loss: 0.7556500 Test Loss: 0.4094106
Validation loss decreased (inf --> 0.755650).  Saving model ...
Updating learning rate to 0.0001
Epoch: 2 cost time: 791.1542394161224
Epoch: 2, Steps: 1128 | Train Loss: 0.6695080 Vali Loss: 0.7512004 Test Loss: 0.4030932
Validation loss decreased (0.755650 --> 0.751200).  Saving model ...
Updating learning rate to 5e-05
Epoch: 3 cost time: 785.5180995464325
Epoch: 3, Steps: 1128 | Train Loss: 0.6547091 Vali Loss: 0.7809401 Test Loss: 0.4778903
EarlyStopping counter: 1 out of 3
Updating learning rate to 2.5e-05
Epoch: 4 cost time: 848.0214376449585
Epoch: 4, Steps: 1128 | Train Loss: 0.6433845 Vali Loss: 0.7834455 Test Loss: 0.4964941
EarlyStopping counter: 2 out of 3
Updating learning rate to 1.25e-05
Epoch: 5 cost time: 849.1170008182526
Epoch: 5, Steps: 1128 | Train Loss: 0.6378845 Vali Loss: 0.7981949 Test Loss: 0.5165846
EarlyStopping counter: 3 out of 3
Early stopping
>>>>>>>testing : weather_96_720_FEDformer_random_modes64_custom_ftM_sl96_ll48_pl720_dm512_nh8_el2_dl1_df2048_fc3_ebtimeF_dtTrue_Exp_0<<<<<<<<<<<<<<<<<<<<<<<<<<<<<<<<<
test 9820
test shape: (9820, 720, 21) (9820, 720, 21)
test shape: (9820, 720, 21) (9820, 720, 21)
mse:0.40293627977371216, mae:0.4188099801540375
