Args in experiment:
Namespace(is_training=1, task_id='Etth1_96_336', model='FEDformer', version='Fourier', mode_select='random', modes=64, L=3, base='legendre', cross_activation='tanh', data='ETTh1', root_path='./dataset/', data_path='ETTh1.csv', features='M', target='OT', freq='h', detail_freq='h', checkpoints='./checkpoints/', seq_len=96, label_len=48, pred_len=336, enc_in=7, dec_in=7, c_out=7, d_model=512, n_heads=8, e_layers=2, d_layers=1, d_ff=2048, moving_avg=[25], factor=3, distil=True, dropout=0.05, embed='timeF', activation='gelu', output_attention=False, do_predict=False, num_workers=10, itr=1, train_epochs=10, batch_size=32, patience=3, learning_rate=0.0001, des='Exp', loss='mse', lradj='type1', use_amp=False, use_gpu=True, gpu=0, use_multi_gpu=False, devices='0,1')
Use GPU: cuda:0
fourier enhanced block used!
modes=64, index=[0, 1, 2, 3, 4, 5, 6, 7, 8, 9, 10, 11, 12, 13, 14, 15, 16, 17, 18, 19, 20, 21, 22, 23, 24, 25, 26, 27, 28, 29, 30, 31, 32, 33, 34, 35, 36, 37, 38, 39, 40, 41, 42, 43, 44, 45, 46, 47]
fourier enhanced block used!
modes=64, index=[0, 1, 3, 5, 8, 10, 13, 15, 18, 21, 22, 23, 24, 26, 28, 35, 37, 41, 42, 43, 48, 51, 56, 59, 61, 63, 64, 72, 76, 77, 80, 85, 86, 88, 92, 95, 97, 101, 108, 109, 111, 117, 118, 128, 129, 130, 134, 137, 138, 142, 144, 149, 150, 151, 154, 157, 163, 168, 171, 174, 182, 184, 185, 191]
 fourier enhanced cross attention used!
modes_q=64, index_q=[0, 2, 4, 8, 10, 12, 13, 24, 27, 34, 35, 37, 41, 44, 45, 46, 49, 50, 52, 64, 66, 70, 73, 76, 81, 83, 86, 92, 95, 98, 100, 106, 107, 108, 111, 113, 115, 118, 120, 121, 124, 128, 131, 133, 138, 139, 140, 141, 142, 144, 147, 151, 152, 154, 155, 157, 163, 167, 169, 170, 174, 179, 184, 191]
modes_kv=48, index_kv=[0, 1, 2, 3, 4, 5, 6, 7, 8, 9, 10, 11, 12, 13, 14, 15, 16, 17, 18, 19, 20, 21, 22, 23, 24, 25, 26, 27, 28, 29, 30, 31, 32, 33, 34, 35, 36, 37, 38, 39, 40, 41, 42, 43, 44, 45, 46, 47]
enc_modes: 48, dec_modes: 64
>>>>>>>start training : Etth1_96_336_FEDformer_random_modes64_ETTh1_ftM_sl96_ll48_pl336_dm512_nh8_el2_dl1_df2048_fc3_ebtimeF_dtTrue_Exp_0>>>>>>>>>>>>>>>>>>>>>>>>>>
train 8209
val 2545
test 2545
Epoch: 1 cost time: 143.62284231185913
Epoch: 1, Steps: 257 | Train Loss: 0.5248059 Vali Loss: 1.3188035 Test Loss: 0.4663813
Validation loss decreased (inf --> 1.318804).  Saving model ...
Updating learning rate to 0.0001
Epoch: 2 cost time: 140.35983657836914
Epoch: 2, Steps: 257 | Train Loss: 0.4814491 Vali Loss: 1.3227593 Test Loss: 0.4575315
EarlyStopping counter: 1 out of 3
Updating learning rate to 5e-05
Epoch: 3 cost time: 140.1599245071411
Epoch: 3, Steps: 257 | Train Loss: 0.4677772 Vali Loss: 1.3194987 Test Loss: 0.4560431
EarlyStopping counter: 2 out of 3
Updating learning rate to 2.5e-05
Epoch: 4 cost time: 140.4793438911438
Epoch: 4, Steps: 257 | Train Loss: 0.4621172 Vali Loss: 1.3142579 Test Loss: 0.4545349
Validation loss decreased (1.318804 --> 1.314258).  Saving model ...
Updating learning rate to 1.25e-05
Epoch: 5 cost time: 139.78676748275757
Epoch: 5, Steps: 257 | Train Loss: 0.4594076 Vali Loss: 1.3186610 Test Loss: 0.4500517
EarlyStopping counter: 1 out of 3
Updating learning rate to 6.25e-06
Epoch: 6 cost time: 136.64493823051453
Epoch: 6, Steps: 257 | Train Loss: 0.4581365 Vali Loss: 1.3203017 Test Loss: 0.4530516
EarlyStopping counter: 2 out of 3
Updating learning rate to 3.125e-06
Epoch: 7 cost time: 124.15195965766907
Epoch: 7, Steps: 257 | Train Loss: 0.4574762 Vali Loss: 1.3181980 Test Loss: 0.4517695
EarlyStopping counter: 3 out of 3
Early stopping
>>>>>>>testing : Etth1_96_336_FEDformer_random_modes64_ETTh1_ftM_sl96_ll48_pl336_dm512_nh8_el2_dl1_df2048_fc3_ebtimeF_dtTrue_Exp_0<<<<<<<<<<<<<<<<<<<<<<<<<<<<<<<<<
test 2545
test shape: (2545, 336, 7) (2545, 336, 7)
test shape: (2545, 336, 7) (2545, 336, 7)
mse:0.45298391580581665, mae:0.46412813663482666
