Args in experiment:
Namespace(is_training=1, task_id='electricity_720_720', model='FEDformer', version='Fourier', mode_select='random', modes=64, L=3, base='legendre', cross_activation='tanh', data='custom', root_path='./dataset/', data_path='electricity.csv', features='M', target='OT', freq='h', detail_freq='h', checkpoints='./checkpoints/', seq_len=720, label_len=360, pred_len=720, enc_in=321, dec_in=321, c_out=321, d_model=512, n_heads=8, e_layers=2, d_layers=1, d_ff=2048, moving_avg=[25], factor=3, distil=True, dropout=0.05, embed='timeF', activation='gelu', output_attention=False, do_predict=False, num_workers=10, itr=1, train_epochs=10, batch_size=32, patience=3, learning_rate=0.0001, des='Exp', loss='mse', lradj='type1', use_amp=False, use_gpu=True, gpu=0, use_multi_gpu=False, devices='0,1')
Use GPU: cuda:0
fourier enhanced block used!
modes=64, index=[0, 1, 2, 6, 9, 14, 15, 22, 28, 35, 36, 37, 38, 46, 48, 58, 64, 77, 88, 94, 95, 106, 108, 113, 118, 124, 131, 136, 139, 140, 156, 158, 163, 165, 167, 175, 179, 191, 199, 202, 204, 205, 206, 216, 222, 226, 237, 247, 258, 260, 266, 269, 273, 276, 277, 285, 301, 304, 325, 331, 332, 339, 343, 352]
fourier enhanced block used!
modes=64, index=[8, 16, 17, 18, 20, 21, 32, 38, 40, 61, 62, 74, 85, 92, 111, 120, 121, 127, 148, 152, 167, 202, 205, 208, 210, 212, 233, 235, 242, 245, 251, 259, 277, 287, 302, 306, 320, 328, 340, 341, 344, 354, 361, 363, 366, 380, 381, 387, 399, 410, 411, 412, 424, 438, 445, 450, 451, 453, 483, 484, 486, 500, 530, 538]
 fourier enhanced cross attention used!
modes_q=64, index_q=[10, 13, 17, 28, 38, 49, 65, 91, 92, 95, 105, 111, 124, 135, 136, 144, 166, 169, 170, 178, 179, 183, 185, 189, 217, 227, 233, 241, 244, 250, 263, 276, 278, 283, 284, 290, 295, 302, 303, 306, 348, 350, 360, 364, 367, 369, 380, 381, 385, 391, 407, 413, 424, 426, 428, 432, 433, 434, 440, 446, 460, 462, 470, 510]
modes_kv=64, index_kv=[2, 3, 7, 31, 37, 39, 40, 45, 48, 49, 61, 65, 71, 79, 81, 87, 89, 99, 107, 108, 109, 120, 134, 146, 147, 154, 167, 168, 170, 177, 184, 186, 188, 195, 197, 210, 215, 216, 217, 223, 225, 232, 239, 247, 249, 251, 253, 257, 261, 272, 273, 274, 276, 282, 283, 284, 289, 295, 298, 305, 327, 340, 342, 346]
enc_modes: 64, dec_modes: 64
>>>>>>>start training : electricity_720_720_FEDformer_random_modes64_custom_ftM_sl720_ll360_pl720_dm512_nh8_el2_dl1_df2048_fc3_ebtimeF_dtTrue_Exp_0>>>>>>>>>>>>>>>>>>>>>>>>>>
train 16973
val 1913
test 4541
Epoch: 1 cost time: 465.80878043174744
Epoch: 1, Steps: 531 | Train Loss: 0.3382807 Vali Loss: 0.2428975 Test Loss: 0.2774150
Validation loss decreased (inf --> 0.242898).  Saving model ...
Updating learning rate to 0.0001
Epoch: 2 cost time: 463.9322156906128
Epoch: 2, Steps: 531 | Train Loss: 0.2335306 Vali Loss: 0.2302205 Test Loss: 0.2802877
Validation loss decreased (0.242898 --> 0.230220).  Saving model ...
Updating learning rate to 5e-05
Epoch: 3 cost time: 465.3821430206299
Epoch: 3, Steps: 531 | Train Loss: 0.2114224 Vali Loss: 0.2196484 Test Loss: 0.2714280
Validation loss decreased (0.230220 --> 0.219648).  Saving model ...
Updating learning rate to 2.5e-05
Epoch: 4 cost time: 465.73343777656555
Epoch: 4, Steps: 531 | Train Loss: 0.2048056 Vali Loss: 0.2259180 Test Loss: 0.2785157
EarlyStopping counter: 1 out of 3
Updating learning rate to 1.25e-05
Epoch: 5 cost time: 464.34186339378357
Epoch: 5, Steps: 531 | Train Loss: 0.2015209 Vali Loss: 0.2287332 Test Loss: 0.2798839
EarlyStopping counter: 2 out of 3
Updating learning rate to 6.25e-06
Epoch: 6 cost time: 464.9713034629822
Epoch: 6, Steps: 531 | Train Loss: 0.1998660 Vali Loss: 0.2290933 Test Loss: 0.2812593
EarlyStopping counter: 3 out of 3
Early stopping
>>>>>>>testing : electricity_720_720_FEDformer_random_modes64_custom_ftM_sl720_ll360_pl720_dm512_nh8_el2_dl1_df2048_fc3_ebtimeF_dtTrue_Exp_0<<<<<<<<<<<<<<<<<<<<<<<<<<<<<<<<<
test 4541
test shape: (4541, 720, 321) (4541, 720, 321)
test shape: (4541, 720, 321) (4541, 720, 321)
mse:0.2713513970375061, mae:0.37816062569618225
