Args in experiment:
Namespace(is_training=1, task_id='ETTm2_192_720', model='FEDformer', version='Fourier', mode_select='random', modes=64, L=3, base='legendre', cross_activation='tanh', data='ETTm2', root_path='./dataset/', data_path='ETTm2.csv', features='M', target='OT', freq='h', detail_freq='h', checkpoints='./checkpoints/', seq_len=192, label_len=96, pred_len=720, enc_in=7, dec_in=7, c_out=7, d_model=512, n_heads=8, e_layers=2, d_layers=1, d_ff=2048, moving_avg=[25], factor=3, distil=True, dropout=0.05, embed='timeF', activation='gelu', output_attention=False, do_predict=False, num_workers=10, itr=1, train_epochs=10, batch_size=32, patience=3, learning_rate=0.0001, des='Exp', loss='mse', lradj='type1', use_amp=False, use_gpu=True, gpu=0, use_multi_gpu=False, devices='0,1')
Use GPU: cuda:0
fourier enhanced block used!
modes=64, index=[2, 3, 4, 6, 8, 9, 11, 13, 15, 17, 18, 19, 20, 22, 23, 27, 28, 30, 31, 32, 34, 35, 36, 37, 39, 40, 42, 43, 45, 46, 47, 51, 53, 55, 56, 58, 59, 60, 61, 64, 65, 67, 68, 69, 71, 72, 73, 74, 75, 77, 78, 79, 80, 81, 82, 83, 84, 87, 89, 90, 91, 92, 93, 94]
fourier enhanced block used!
modes=64, index=[2, 8, 13, 17, 24, 28, 29, 32, 34, 36, 73, 76, 88, 98, 106, 108, 110, 118, 121, 125, 141, 150, 155, 158, 161, 167, 178, 194, 198, 213, 219, 220, 221, 234, 237, 238, 240, 243, 246, 262, 265, 275, 285, 288, 291, 298, 306, 318, 324, 325, 336, 337, 346, 349, 356, 359, 360, 364, 370, 373, 377, 384, 402, 403]
 fourier enhanced cross attention used!
modes_q=64, index_q=[17, 18, 20, 21, 28, 32, 38, 61, 62, 63, 65, 70, 74, 92, 93, 102, 110, 113, 128, 130, 136, 137, 142, 152, 156, 159, 177, 178, 179, 193, 197, 201, 205, 208, 229, 232, 239, 246, 247, 251, 254, 263, 265, 268, 272, 274, 277, 278, 282, 292, 296, 298, 301, 302, 310, 312, 322, 341, 346, 366, 378, 380, 400, 401]
modes_kv=64, index_kv=[2, 3, 5, 6, 7, 8, 10, 12, 13, 14, 16, 17, 18, 20, 22, 23, 25, 26, 27, 29, 30, 31, 32, 35, 36, 38, 40, 42, 43, 46, 47, 48, 49, 50, 51, 52, 53, 56, 58, 59, 65, 67, 68, 70, 72, 73, 74, 75, 76, 77, 79, 80, 81, 82, 83, 84, 85, 86, 87, 88, 89, 90, 92, 93]
enc_modes: 64, dec_modes: 64
>>>>>>>start training : ETTm2_192_720_FEDformer_random_modes64_ETTm2_ftM_sl192_ll96_pl720_dm512_nh8_el2_dl1_df2048_fc3_ebtimeF_dtTrue_Exp_0>>>>>>>>>>>>>>>>>>>>>>>>>>
train 33649
val 10801
test 10801
Epoch: 1 cost time: 1026.6331658363342
Epoch: 1, Steps: 1052 | Train Loss: 0.5705815 Vali Loss: 0.3006099 Test Loss: 0.4178350
Validation loss decreased (inf --> 0.300610).  Saving model ...
Updating learning rate to 0.0001
Epoch: 2 cost time: 1022.3104922771454
Epoch: 2, Steps: 1052 | Train Loss: 0.5504705 Vali Loss: 0.3001290 Test Loss: 0.4129795
Validation loss decreased (0.300610 --> 0.300129).  Saving model ...
Updating learning rate to 5e-05
Epoch: 3 cost time: 1019.1823160648346
Epoch: 3, Steps: 1052 | Train Loss: 0.5396955 Vali Loss: 0.3022842 Test Loss: 0.4173571
EarlyStopping counter: 1 out of 3
Updating learning rate to 2.5e-05
Epoch: 4 cost time: 932.5879817008972
Epoch: 4, Steps: 1052 | Train Loss: 0.5322529 Vali Loss: 0.3047557 Test Loss: 0.4216866
EarlyStopping counter: 2 out of 3
Updating learning rate to 1.25e-05
Epoch: 5 cost time: 1020.4027628898621
Epoch: 5, Steps: 1052 | Train Loss: 0.5281393 Vali Loss: 0.3058616 Test Loss: 0.4229400
EarlyStopping counter: 3 out of 3
Early stopping
>>>>>>>testing : ETTm2_192_720_FEDformer_random_modes64_ETTm2_ftM_sl192_ll96_pl720_dm512_nh8_el2_dl1_df2048_fc3_ebtimeF_dtTrue_Exp_0<<<<<<<<<<<<<<<<<<<<<<<<<<<<<<<<<
test 10801
test shape: (10801, 720, 7) (10801, 720, 7)
test shape: (10801, 720, 7) (10801, 720, 7)
mse:0.4124966859817505, mae:0.4210702180862427
