Args in experiment:
Namespace(is_training=1, task_id='ETTm2_96_192', model='FEDformer', version='Fourier', mode_select='random', modes=64, L=3, base='legendre', cross_activation='tanh', data='ETTm2', root_path='./dataset/', data_path='ETTm2.csv', features='M', target='OT', freq='h', detail_freq='h', checkpoints='./checkpoints/', seq_len=96, label_len=48, pred_len=192, enc_in=7, dec_in=7, c_out=7, d_model=512, n_heads=8, e_layers=2, d_layers=1, d_ff=2048, moving_avg=[25], factor=3, distil=True, dropout=0.05, embed='timeF', activation='gelu', output_attention=False, do_predict=False, num_workers=10, itr=1, train_epochs=10, batch_size=32, patience=3, learning_rate=0.0001, des='Exp', loss='mse', lradj='type1', use_amp=False, use_gpu=True, gpu=0, use_multi_gpu=False, devices='0,1')
Use GPU: cuda:0
fourier enhanced block used!
modes=64, index=[0, 1, 2, 3, 4, 5, 6, 7, 8, 9, 10, 11, 12, 13, 14, 15, 16, 17, 18, 19, 20, 21, 22, 23, 24, 25, 26, 27, 28, 29, 30, 31, 32, 33, 34, 35, 36, 37, 38, 39, 40, 41, 42, 43, 44, 45, 46, 47]
fourier enhanced block used!
modes=64, index=[0, 1, 2, 4, 5, 6, 8, 10, 12, 13, 14, 21, 22, 23, 24, 28, 30, 34, 35, 36, 41, 42, 43, 44, 45, 46, 49, 52, 54, 55, 56, 58, 59, 64, 65, 66, 67, 68, 69, 72, 73, 74, 80, 81, 82, 83, 87, 92, 93, 94, 96, 98, 99, 101, 102, 103, 104, 109, 110, 113, 115, 117, 118, 119]
 fourier enhanced cross attention used!
modes_q=64, index_q=[0, 1, 2, 3, 5, 6, 8, 9, 11, 12, 13, 14, 15, 20, 21, 22, 26, 28, 30, 31, 33, 35, 36, 37, 38, 41, 46, 48, 50, 55, 60, 63, 64, 65, 66, 69, 72, 73, 75, 77, 78, 80, 81, 82, 85, 87, 88, 90, 91, 94, 95, 96, 97, 99, 101, 102, 103, 104, 106, 107, 109, 111, 117, 118]
modes_kv=48, index_kv=[0, 1, 2, 3, 4, 5, 6, 7, 8, 9, 10, 11, 12, 13, 14, 15, 16, 17, 18, 19, 20, 21, 22, 23, 24, 25, 26, 27, 28, 29, 30, 31, 32, 33, 34, 35, 36, 37, 38, 39, 40, 41, 42, 43, 44, 45, 46, 47]
enc_modes: 48, dec_modes: 64
>>>>>>>start training : ETTm2_96_192_FEDformer_random_modes64_ETTm2_ftM_sl96_ll48_pl192_dm512_nh8_el2_dl1_df2048_fc3_ebtimeF_dtTrue_Exp_0>>>>>>>>>>>>>>>>>>>>>>>>>>
train 34273
val 11329
test 11329
Epoch: 1 cost time: 488.86198234558105
Epoch: 1, Steps: 1072 | Train Loss: 0.3571217 Vali Loss: 0.1813929 Test Loss: 0.2680875
Validation loss decreased (inf --> 0.181393).  Saving model ...
Updating learning rate to 0.0001
Epoch: 2 cost time: 508.30795907974243
Epoch: 2, Steps: 1072 | Train Loss: 0.3377463 Vali Loss: 0.1806197 Test Loss: 0.2665907
Validation loss decreased (0.181393 --> 0.180620).  Saving model ...
Updating learning rate to 5e-05
Epoch: 3 cost time: 502.69562888145447
Epoch: 3, Steps: 1072 | Train Loss: 0.3215127 Vali Loss: 0.1790271 Test Loss: 0.2634206
Validation loss decreased (0.180620 --> 0.179027).  Saving model ...
Updating learning rate to 2.5e-05
Epoch: 4 cost time: 503.96290707588196
Epoch: 4, Steps: 1072 | Train Loss: 0.3127083 Vali Loss: 0.1762899 Test Loss: 0.2570953
Validation loss decreased (0.179027 --> 0.176290).  Saving model ...
Updating learning rate to 1.25e-05
Epoch: 5 cost time: 505.75760316848755
Epoch: 5, Steps: 1072 | Train Loss: 0.3086478 Vali Loss: 0.1781695 Test Loss: 0.2603877
EarlyStopping counter: 1 out of 3
Updating learning rate to 6.25e-06
Epoch: 6 cost time: 504.26209783554077
Epoch: 6, Steps: 1072 | Train Loss: 0.3067986 Vali Loss: 0.1770366 Test Loss: 0.2573177
EarlyStopping counter: 2 out of 3
Updating learning rate to 3.125e-06
Epoch: 7 cost time: 484.1681180000305
Epoch: 7, Steps: 1072 | Train Loss: 0.3056638 Vali Loss: 0.1774779 Test Loss: 0.2581899
EarlyStopping counter: 3 out of 3
Early stopping
>>>>>>>testing : ETTm2_96_192_FEDformer_random_modes64_ETTm2_ftM_sl96_ll48_pl192_dm512_nh8_el2_dl1_df2048_fc3_ebtimeF_dtTrue_Exp_0<<<<<<<<<<<<<<<<<<<<<<<<<<<<<<<<<
test 11329
test shape: (11329, 192, 7) (11329, 192, 7)
test shape: (11329, 192, 7) (11329, 192, 7)
mse:0.2575501501560211, mae:0.3248176872730255
