Args in experiment:
Namespace(is_training=1, task_id='ETTm2_96_96', model='FEDformer', version='Fourier', mode_select='random', modes=64, L=3, base='legendre', cross_activation='tanh', data='ETTm2', root_path='./dataset/', data_path='ETTm2.csv', features='M', target='OT', freq='h', detail_freq='h', checkpoints='./checkpoints/', seq_len=96, label_len=48, pred_len=96, enc_in=7, dec_in=7, c_out=7, d_model=512, n_heads=8, e_layers=2, d_layers=1, d_ff=2048, moving_avg=[25], factor=3, distil=True, dropout=0.05, embed='timeF', activation='gelu', output_attention=False, do_predict=False, num_workers=10, itr=1, train_epochs=10, batch_size=32, patience=3, learning_rate=0.0001, des='Exp', loss='mse', lradj='type1', use_amp=False, use_gpu=True, gpu=0, use_multi_gpu=False, devices='0,1')
Use GPU: cuda:0
fourier enhanced block used!
modes=64, index=[0, 1, 2, 3, 4, 5, 6, 7, 8, 9, 10, 11, 12, 13, 14, 15, 16, 17, 18, 19, 20, 21, 22, 23, 24, 25, 26, 27, 28, 29, 30, 31, 32, 33, 34, 35, 36, 37, 38, 39, 40, 41, 42, 43, 44, 45, 46, 47]
fourier enhanced block used!
modes=64, index=[0, 1, 2, 3, 4, 5, 6, 7, 8, 9, 10, 12, 13, 14, 16, 18, 20, 21, 22, 23, 24, 25, 26, 27, 28, 29, 30, 31, 32, 34, 35, 36, 37, 38, 39, 41, 42, 43, 44, 45, 46, 47, 48, 49, 51, 52, 54, 55, 56, 57, 58, 59, 60, 61, 62, 63, 64, 65, 66, 67, 68, 69, 70, 71]
 fourier enhanced cross attention used!
modes_q=64, index_q=[0, 1, 2, 3, 4, 5, 6, 7, 8, 9, 10, 13, 14, 15, 16, 17, 18, 19, 20, 21, 22, 23, 24, 27, 28, 29, 30, 31, 33, 34, 35, 36, 37, 39, 40, 41, 42, 43, 44, 45, 46, 47, 48, 49, 50, 51, 52, 53, 54, 55, 56, 57, 58, 59, 60, 61, 62, 63, 64, 65, 66, 68, 69, 71]
modes_kv=48, index_kv=[0, 1, 2, 3, 4, 5, 6, 7, 8, 9, 10, 11, 12, 13, 14, 15, 16, 17, 18, 19, 20, 21, 22, 23, 24, 25, 26, 27, 28, 29, 30, 31, 32, 33, 34, 35, 36, 37, 38, 39, 40, 41, 42, 43, 44, 45, 46, 47]
enc_modes: 48, dec_modes: 64
>>>>>>>start training : ETTm2_96_96_FEDformer_random_modes64_ETTm2_ftM_sl96_ll48_pl96_dm512_nh8_el2_dl1_df2048_fc3_ebtimeF_dtTrue_Exp_0>>>>>>>>>>>>>>>>>>>>>>>>>>
train 34369
val 11425
test 11425
Epoch: 1 cost time: 478.65744066238403
Epoch: 1, Steps: 1075 | Train Loss: 0.2708608 Vali Loss: 0.1390735 Test Loss: 0.2037537
Validation loss decreased (inf --> 0.139074).  Saving model ...
Updating learning rate to 0.0001
Epoch: 2 cost time: 472.3926103115082
Epoch: 2, Steps: 1075 | Train Loss: 0.2400929 Vali Loss: 0.1390094 Test Loss: 0.1971168
Validation loss decreased (0.139074 --> 0.139009).  Saving model ...
Updating learning rate to 5e-05
Epoch: 3 cost time: 478.8758146762848
Epoch: 3, Steps: 1075 | Train Loss: 0.2222873 Vali Loss: 0.1341824 Test Loss: 0.1906435
Validation loss decreased (0.139009 --> 0.134182).  Saving model ...
Updating learning rate to 2.5e-05
Epoch: 4 cost time: 481.99454283714294
Epoch: 4, Steps: 1075 | Train Loss: 0.2165998 Vali Loss: 0.1335959 Test Loss: 0.1889543
Validation loss decreased (0.134182 --> 0.133596).  Saving model ...
Updating learning rate to 1.25e-05
Epoch: 5 cost time: 469.9849054813385
Epoch: 5, Steps: 1075 | Train Loss: 0.2141699 Vali Loss: 0.1338287 Test Loss: 0.1893111
EarlyStopping counter: 1 out of 3
Updating learning rate to 6.25e-06
Epoch: 6 cost time: 433.68318605422974
Epoch: 6, Steps: 1075 | Train Loss: 0.2127202 Vali Loss: 0.1329231 Test Loss: 0.1885887
Validation loss decreased (0.133596 --> 0.132923).  Saving model ...
Updating learning rate to 3.125e-06
Epoch: 7 cost time: 441.2311341762543
Epoch: 7, Steps: 1075 | Train Loss: 0.2120580 Vali Loss: 0.1339961 Test Loss: 0.1889322
EarlyStopping counter: 1 out of 3
Updating learning rate to 1.5625e-06
Epoch: 8 cost time: 473.14747858047485
Epoch: 8, Steps: 1075 | Train Loss: 0.2116345 Vali Loss: 0.1334200 Test Loss: 0.1886384
EarlyStopping counter: 2 out of 3
Updating learning rate to 7.8125e-07
Epoch: 9 cost time: 469.85060238838196
Epoch: 9, Steps: 1075 | Train Loss: 0.2118370 Vali Loss: 0.1333987 Test Loss: 0.1886162
EarlyStopping counter: 3 out of 3
Early stopping
>>>>>>>testing : ETTm2_96_96_FEDformer_random_modes64_ETTm2_ftM_sl96_ll48_pl96_dm512_nh8_el2_dl1_df2048_fc3_ebtimeF_dtTrue_Exp_0<<<<<<<<<<<<<<<<<<<<<<<<<<<<<<<<<
test 11425
test shape: (11425, 96, 7) (11425, 96, 7)
test shape: (11425, 96, 7) (11425, 96, 7)
mse:0.18889063596725464, mae:0.28237631916999817
