Args in experiment:
Namespace(is_training=1, task_id='ETTh2_192_336', model='FEDformer', version='Fourier', mode_select='random', modes=64, L=3, base='legendre', cross_activation='tanh', data='ETTh2', root_path='./dataset/', data_path='ETTh2.csv', features='M', target='OT', freq='h', detail_freq='h', checkpoints='./checkpoints/', seq_len=192, label_len=96, pred_len=336, enc_in=7, dec_in=7, c_out=7, d_model=512, n_heads=8, e_layers=2, d_layers=1, d_ff=2048, moving_avg=[25], factor=3, distil=True, dropout=0.05, embed='timeF', activation='gelu', output_attention=False, do_predict=False, num_workers=10, itr=1, train_epochs=10, batch_size=32, patience=3, learning_rate=0.0001, des='Exp', loss='mse', lradj='type1', use_amp=False, use_gpu=True, gpu=0, use_multi_gpu=False, devices='0,1')
Use GPU: cuda:0
fourier enhanced block used!
modes=64, index=[2, 3, 4, 6, 8, 9, 11, 13, 15, 17, 18, 19, 20, 22, 23, 27, 28, 30, 31, 32, 34, 35, 36, 37, 39, 40, 42, 43, 45, 46, 47, 51, 53, 55, 56, 58, 59, 60, 61, 64, 65, 67, 68, 69, 71, 72, 73, 74, 75, 77, 78, 79, 80, 81, 82, 83, 84, 87, 89, 90, 91, 92, 93, 94]
fourier enhanced block used!
modes=64, index=[1, 2, 5, 6, 8, 9, 14, 15, 21, 22, 26, 28, 36, 37, 41, 46, 48, 58, 60, 63, 64, 65, 72, 76, 78, 80, 84, 93, 94, 96, 98, 106, 113, 117, 120, 123, 127, 129, 132, 133, 139, 140, 141, 145, 146, 150, 152, 155, 156, 163, 172, 178, 179, 182, 183, 186, 190, 197, 198, 199, 200, 202, 207, 213]
 fourier enhanced cross attention used!
modes_q=64, index_q=[0, 2, 3, 8, 13, 16, 17, 24, 26, 29, 30, 32, 34, 43, 45, 52, 56, 62, 73, 74, 76, 79, 80, 81, 82, 85, 86, 87, 88, 90, 93, 99, 100, 101, 114, 115, 116, 121, 130, 131, 138, 146, 148, 152, 155, 157, 161, 166, 167, 171, 172, 180, 184, 186, 188, 190, 192, 197, 201, 202, 204, 207, 209, 212]
modes_kv=64, index_kv=[1, 3, 4, 6, 9, 10, 15, 17, 18, 19, 20, 21, 22, 25, 26, 27, 28, 29, 31, 32, 33, 35, 36, 37, 38, 39, 40, 42, 43, 44, 45, 46, 47, 48, 50, 51, 53, 54, 57, 58, 59, 62, 63, 64, 65, 68, 69, 70, 71, 73, 74, 75, 76, 77, 78, 81, 82, 83, 87, 90, 91, 92, 94, 95]
enc_modes: 64, dec_modes: 64
>>>>>>>start training : ETTh2_192_336_FEDformer_random_modes64_ETTh2_ftM_sl192_ll96_pl336_dm512_nh8_el2_dl1_df2048_fc3_ebtimeF_dtTrue_Exp_0>>>>>>>>>>>>>>>>>>>>>>>>>>
train 8113
val 2545
test 2545
Epoch: 1 cost time: 198.3974254131317
Epoch: 1, Steps: 254 | Train Loss: 0.6540894 Vali Loss: 0.4628373 Test Loss: 0.4693455
Validation loss decreased (inf --> 0.462837).  Saving model ...
Updating learning rate to 0.0001
Epoch: 2 cost time: 192.76696109771729
Epoch: 2, Steps: 254 | Train Loss: 0.6142301 Vali Loss: 0.4638483 Test Loss: 0.4920407
EarlyStopping counter: 1 out of 3
Updating learning rate to 5e-05
Epoch: 3 cost time: 178.8330307006836
Epoch: 3, Steps: 254 | Train Loss: 0.6001282 Vali Loss: 0.4534075 Test Loss: 0.4815121
Validation loss decreased (0.462837 --> 0.453407).  Saving model ...
Updating learning rate to 2.5e-05
Epoch: 4 cost time: 183.88403224945068
Epoch: 4, Steps: 254 | Train Loss: 0.5919471 Vali Loss: 0.4602790 Test Loss: 0.4933153
EarlyStopping counter: 1 out of 3
Updating learning rate to 1.25e-05
Epoch: 5 cost time: 178.16486644744873
Epoch: 5, Steps: 254 | Train Loss: 0.5880544 Vali Loss: 0.4597878 Test Loss: 0.4943644
EarlyStopping counter: 2 out of 3
Updating learning rate to 6.25e-06
Epoch: 6 cost time: 194.00157141685486
Epoch: 6, Steps: 254 | Train Loss: 0.5847340 Vali Loss: 0.4599731 Test Loss: 0.4921968
EarlyStopping counter: 3 out of 3
Early stopping
>>>>>>>testing : ETTh2_192_336_FEDformer_random_modes64_ETTh2_ftM_sl192_ll96_pl336_dm512_nh8_el2_dl1_df2048_fc3_ebtimeF_dtTrue_Exp_0<<<<<<<<<<<<<<<<<<<<<<<<<<<<<<<<<
test 2545
test shape: (2545, 336, 7) (2545, 336, 7)
test shape: (2545, 336, 7) (2545, 336, 7)
mse:0.4772496521472931, mae:0.4847889840602875
