Args in experiment:
Namespace(is_training=1, model_id='ETTh2_96_720', model='SparseTSF', data='ETTh2', root_path='./dataset/', data_path='ETTh2.csv', features='M', target='OT', freq='h', checkpoints='./checkpoints/', seq_len=96, label_len=48, pred_len=720, period_len=24, fc_dropout=0.05, head_dropout=0.0, patch_len=16, stride=8, padding_patch='end', revin=1, affine=0, subtract_last=0, decomposition=0, kernel_size=25, individual=0, embed_type=0, enc_in=7, dec_in=7, c_out=7, d_model=512, n_heads=8, e_layers=2, d_layers=1, d_ff=2048, moving_avg=25, factor=1, distil=True, dropout=0.05, embed='learned', activation='gelu', output_attention=False, do_predict=False, num_workers=10, itr=1, train_epochs=30, batch_size=256, patience=5, learning_rate=0.03, des='test', loss='mse', lradj='type3', pct_start=0.3, use_amp=False, use_gpu=True, gpu=2, use_multi_gpu=0, devices='0,1', test_flop=False)
Use GPU: cuda:2
>>>>>>>start training : ETTh2_96_720_SparseTSF_ETTh2_ftM_sl96_pl720_test_0_seed2023>>>>>>>>>>>>>>>>>>>>>>>>>>
train 7825
val 2161
test 2161
Epoch: 1 cost time: 6.20410943031311
Epoch: 1, Steps: 30 | Train Loss: 0.9497357 Vali Loss: 0.6938690 Test Loss: 0.4995526
Validation loss decreased (inf --> 0.693869).  Saving model ...
Updating learning rate to 0.03
Epoch: 2 cost time: 2.479478120803833
Epoch: 2, Steps: 30 | Train Loss: 0.9092240 Vali Loss: 0.6449181 Test Loss: 0.4498611
Validation loss decreased (0.693869 --> 0.644918).  Saving model ...
Updating learning rate to 0.03
Epoch: 3 cost time: 2.4238321781158447
Epoch: 3, Steps: 30 | Train Loss: 0.8646226 Vali Loss: 0.6406474 Test Loss: 0.4416731
Validation loss decreased (0.644918 --> 0.640647).  Saving model ...
Updating learning rate to 0.03
Epoch: 4 cost time: 2.253885269165039
Epoch: 4, Steps: 30 | Train Loss: 0.8582776 Vali Loss: 0.6291840 Test Loss: 0.4368332
Validation loss decreased (0.640647 --> 0.629184).  Saving model ...
Updating learning rate to 0.024
Epoch: 5 cost time: 2.2645373344421387
Epoch: 5, Steps: 30 | Train Loss: 0.8532722 Vali Loss: 0.6327354 Test Loss: 0.4357450
EarlyStopping counter: 1 out of 5
Updating learning rate to 0.019200000000000002
Epoch: 6 cost time: 2.2524759769439697
Epoch: 6, Steps: 30 | Train Loss: 0.8553153 Vali Loss: 0.6309766 Test Loss: 0.4348998
EarlyStopping counter: 2 out of 5
Updating learning rate to 0.015360000000000004
Epoch: 7 cost time: 2.197197675704956
Epoch: 7, Steps: 30 | Train Loss: 0.8544562 Vali Loss: 0.6268378 Test Loss: 0.4347026
Validation loss decreased (0.629184 --> 0.626838).  Saving model ...
Updating learning rate to 0.012288000000000002
Epoch: 8 cost time: 2.1909756660461426
Epoch: 8, Steps: 30 | Train Loss: 0.8515843 Vali Loss: 0.6317447 Test Loss: 0.4344396
EarlyStopping counter: 1 out of 5
Updating learning rate to 0.009830400000000001
Epoch: 9 cost time: 2.243990421295166
Epoch: 9, Steps: 30 | Train Loss: 0.8536354 Vali Loss: 0.6288972 Test Loss: 0.4344417
EarlyStopping counter: 2 out of 5
Updating learning rate to 0.007864320000000003
Epoch: 10 cost time: 2.381194829940796
Epoch: 10, Steps: 30 | Train Loss: 0.8509740 Vali Loss: 0.6340507 Test Loss: 0.4346607
EarlyStopping counter: 3 out of 5
Updating learning rate to 0.006291456000000002
Epoch: 11 cost time: 2.253554105758667
Epoch: 11, Steps: 30 | Train Loss: 0.8547534 Vali Loss: 0.6296852 Test Loss: 0.4343738
EarlyStopping counter: 4 out of 5
Updating learning rate to 0.005033164800000003
Epoch: 12 cost time: 2.4262001514434814
Epoch: 12, Steps: 30 | Train Loss: 0.8516006 Vali Loss: 0.6297642 Test Loss: 0.4345391
EarlyStopping counter: 5 out of 5
Early stopping
>>>>>>>testing : ETTh2_96_720_SparseTSF_ETTh2_ftM_sl96_pl720_test_0_seed2023<<<<<<<<<<<<<<<<<<<<<<<<<<<<<<<<<
test 2161
mse:0.42003393173217773, mae:0.43744876980781555, rse:0.5180217027664185
