Args in experiment:
Namespace(is_training=1, model_id='ETTh2_336_192', model='SparseTSF', data='ETTh2', root_path='./dataset/', data_path='ETTh2.csv', features='M', target='OT', freq='h', checkpoints='./checkpoints/', seq_len=336, label_len=48, pred_len=192, period_len=24, fc_dropout=0.05, head_dropout=0.0, patch_len=16, stride=8, padding_patch='end', revin=1, affine=0, subtract_last=0, decomposition=0, kernel_size=25, individual=0, embed_type=0, enc_in=7, dec_in=7, c_out=7, d_model=512, n_heads=8, e_layers=2, d_layers=1, d_ff=2048, moving_avg=25, factor=1, distil=True, dropout=0.05, embed='learned', activation='gelu', output_attention=False, do_predict=False, num_workers=10, itr=1, train_epochs=30, batch_size=256, patience=5, learning_rate=0.03, des='test', loss='mse', lradj='type3', pct_start=0.3, use_amp=False, use_gpu=True, gpu=2, use_multi_gpu=0, devices='0,1', test_flop=False)
Use GPU: cuda:2
>>>>>>>start training : ETTh2_336_192_SparseTSF_ETTh2_ftM_sl336_pl192_test_0_seed2023>>>>>>>>>>>>>>>>>>>>>>>>>>
train 8113
val 2689
test 2689
Epoch: 1 cost time: 6.252450227737427
Epoch: 1, Steps: 31 | Train Loss: 0.7089839 Vali Loss: 0.4043679 Test Loss: 0.4470660
Validation loss decreased (inf --> 0.404368).  Saving model ...
Updating learning rate to 0.03
Epoch: 2 cost time: 2.295297861099243
Epoch: 2, Steps: 31 | Train Loss: 0.6543883 Vali Loss: 0.3422900 Test Loss: 0.4200492
Validation loss decreased (0.404368 --> 0.342290).  Saving model ...
Updating learning rate to 0.03
Epoch: 3 cost time: 2.195993661880493
Epoch: 3, Steps: 31 | Train Loss: 0.5766351 Vali Loss: 0.3076503 Test Loss: 0.3928831
Validation loss decreased (0.342290 --> 0.307650).  Saving model ...
Updating learning rate to 0.03
Epoch: 4 cost time: 2.308419704437256
Epoch: 4, Steps: 31 | Train Loss: 0.5504065 Vali Loss: 0.2911796 Test Loss: 0.3744997
Validation loss decreased (0.307650 --> 0.291180).  Saving model ...
Updating learning rate to 0.024
Epoch: 5 cost time: 2.0988194942474365
Epoch: 5, Steps: 31 | Train Loss: 0.5367588 Vali Loss: 0.2967853 Test Loss: 0.3681410
EarlyStopping counter: 1 out of 5
Updating learning rate to 0.019200000000000002
Epoch: 6 cost time: 2.2454276084899902
Epoch: 6, Steps: 31 | Train Loss: 0.5285205 Vali Loss: 0.2913475 Test Loss: 0.3667361
EarlyStopping counter: 2 out of 5
Updating learning rate to 0.015360000000000004
Epoch: 7 cost time: 2.1149067878723145
Epoch: 7, Steps: 31 | Train Loss: 0.5285448 Vali Loss: 0.2875572 Test Loss: 0.3652870
Validation loss decreased (0.291180 --> 0.287557).  Saving model ...
Updating learning rate to 0.012288000000000002
Epoch: 8 cost time: 2.0738942623138428
Epoch: 8, Steps: 31 | Train Loss: 0.5276443 Vali Loss: 0.2932662 Test Loss: 0.3653948
EarlyStopping counter: 1 out of 5
Updating learning rate to 0.009830400000000001
Epoch: 9 cost time: 2.0234572887420654
Epoch: 9, Steps: 31 | Train Loss: 0.5242755 Vali Loss: 0.2965797 Test Loss: 0.3605513
EarlyStopping counter: 2 out of 5
Updating learning rate to 0.007864320000000003
Epoch: 10 cost time: 2.2207655906677246
Epoch: 10, Steps: 31 | Train Loss: 0.5240852 Vali Loss: 0.2854657 Test Loss: 0.3653962
Validation loss decreased (0.287557 --> 0.285466).  Saving model ...
Updating learning rate to 0.006291456000000002
Epoch: 11 cost time: 2.2006678581237793
Epoch: 11, Steps: 31 | Train Loss: 0.5260373 Vali Loss: 0.2857464 Test Loss: 0.3648636
EarlyStopping counter: 1 out of 5
Updating learning rate to 0.005033164800000003
Epoch: 12 cost time: 2.2110612392425537
Epoch: 12, Steps: 31 | Train Loss: 0.5261169 Vali Loss: 0.2868337 Test Loss: 0.3643506
EarlyStopping counter: 2 out of 5
Updating learning rate to 0.004026531840000002
Epoch: 13 cost time: 2.140465021133423
Epoch: 13, Steps: 31 | Train Loss: 0.5218529 Vali Loss: 0.2865032 Test Loss: 0.3636098
EarlyStopping counter: 3 out of 5
Updating learning rate to 0.0032212254720000015
Epoch: 14 cost time: 2.27809476852417
Epoch: 14, Steps: 31 | Train Loss: 0.5222940 Vali Loss: 0.2890281 Test Loss: 0.3635981
EarlyStopping counter: 4 out of 5
Updating learning rate to 0.0025769803776000016
Epoch: 15 cost time: 2.1629374027252197
Epoch: 15, Steps: 31 | Train Loss: 0.5210334 Vali Loss: 0.2866358 Test Loss: 0.3656363
EarlyStopping counter: 5 out of 5
Early stopping
>>>>>>>testing : ETTh2_336_192_SparseTSF_ETTh2_ftM_sl336_pl192_test_0_seed2023<<<<<<<<<<<<<<<<<<<<<<<<<<<<<<<<<
test 2689
mse:0.34527286887168884, mae:0.381991982460022, rse:0.47121819853782654
