Args in experiment:
Namespace(is_training=1, model_id='ETTh1_720_96', model='SparseTSF', data='ETTh1', root_path='./dataset/', data_path='ETTh1.csv', features='M', target='OT', freq='h', checkpoints='./checkpoints/', seq_len=720, label_len=48, pred_len=96, period_len=24, fc_dropout=0.05, head_dropout=0.0, patch_len=16, stride=8, padding_patch='end', revin=1, affine=0, subtract_last=0, decomposition=0, kernel_size=25, individual=0, embed_type=0, enc_in=7, dec_in=7, c_out=7, d_model=512, n_heads=8, e_layers=2, d_layers=1, d_ff=2048, moving_avg=25, factor=1, distil=True, dropout=0.05, embed='learned', activation='gelu', output_attention=False, do_predict=False, num_workers=10, itr=1, train_epochs=30, batch_size=256, patience=5, learning_rate=0.02, des='test', loss='mse', lradj='type3', pct_start=0.3, use_amp=False, use_gpu=True, gpu=0, use_multi_gpu=0, devices='0,1', test_flop=False)
Use GPU: cuda:0
>>>>>>>start training : ETTh1_720_96_SparseTSF_ETTh1_ftM_sl720_pl96_test_0_seed2023>>>>>>>>>>>>>>>>>>>>>>>>>>
train 7825
val 2785
test 2785
Epoch: 1 cost time: 5.291136741638184
Epoch: 1, Steps: 30 | Train Loss: 0.6068899 Vali Loss: 1.1648757 Test Loss: 0.5514749
Validation loss decreased (inf --> 1.164876).  Saving model ...
Updating learning rate to 0.02
Epoch: 2 cost time: 1.4333515167236328
Epoch: 2, Steps: 30 | Train Loss: 0.5037708 Vali Loss: 0.9547405 Test Loss: 0.4816275
Validation loss decreased (1.164876 --> 0.954741).  Saving model ...
Updating learning rate to 0.02
Epoch: 3 cost time: 1.438356876373291
Epoch: 3, Steps: 30 | Train Loss: 0.3973892 Vali Loss: 0.7860614 Test Loss: 0.3972113
Validation loss decreased (0.954741 --> 0.786061).  Saving model ...
Updating learning rate to 0.02
Epoch: 4 cost time: 1.4525532722473145
Epoch: 4, Steps: 30 | Train Loss: 0.3577293 Vali Loss: 0.7378298 Test Loss: 0.3668922
Validation loss decreased (0.786061 --> 0.737830).  Saving model ...
Updating learning rate to 0.016
Epoch: 5 cost time: 1.4296295642852783
Epoch: 5, Steps: 30 | Train Loss: 0.3491970 Vali Loss: 0.7325095 Test Loss: 0.3663814
Validation loss decreased (0.737830 --> 0.732509).  Saving model ...
Updating learning rate to 0.012800000000000002
Epoch: 6 cost time: 1.4391376972198486
Epoch: 6, Steps: 30 | Train Loss: 0.3451226 Vali Loss: 0.7216092 Test Loss: 0.3631243
Validation loss decreased (0.732509 --> 0.721609).  Saving model ...
Updating learning rate to 0.010240000000000003
Epoch: 7 cost time: 1.248615026473999
Epoch: 7, Steps: 30 | Train Loss: 0.3447412 Vali Loss: 0.7177714 Test Loss: 0.3633218
Validation loss decreased (0.721609 --> 0.717771).  Saving model ...
Updating learning rate to 0.008192000000000001
Epoch: 8 cost time: 1.3681628704071045
Epoch: 8, Steps: 30 | Train Loss: 0.3445825 Vali Loss: 0.7283079 Test Loss: 0.3640547
EarlyStopping counter: 1 out of 5
Updating learning rate to 0.0065536000000000014
Epoch: 9 cost time: 1.4217498302459717
Epoch: 9, Steps: 30 | Train Loss: 0.3442614 Vali Loss: 0.7290716 Test Loss: 0.3645424
EarlyStopping counter: 2 out of 5
Updating learning rate to 0.005242880000000002
Epoch: 10 cost time: 1.4419283866882324
Epoch: 10, Steps: 30 | Train Loss: 0.3434124 Vali Loss: 0.7246665 Test Loss: 0.3644140
EarlyStopping counter: 3 out of 5
Updating learning rate to 0.004194304000000002
Epoch: 11 cost time: 1.356604814529419
Epoch: 11, Steps: 30 | Train Loss: 0.3443324 Vali Loss: 0.7214860 Test Loss: 0.3627622
EarlyStopping counter: 4 out of 5
Updating learning rate to 0.003355443200000002
Epoch: 12 cost time: 1.288994312286377
Epoch: 12, Steps: 30 | Train Loss: 0.3440234 Vali Loss: 0.7179531 Test Loss: 0.3625082
EarlyStopping counter: 5 out of 5
Early stopping
>>>>>>>testing : ETTh1_720_96_SparseTSF_ETTh1_ftM_sl720_pl96_test_0_seed2023<<<<<<<<<<<<<<<<<<<<<<<<<<<<<<<<<
test 2785
mse:0.3622725307941437, mae:0.38859280943870544, rse:0.5717096924781799
