Args in experiment:
Namespace(is_training=1, model_id='ETTh2_720_192', model='SparseTSF', data='ETTh2', root_path='./dataset/', data_path='ETTh2.csv', features='M', target='OT', freq='h', checkpoints='./checkpoints/', seq_len=720, label_len=48, pred_len=192, period_len=24, fc_dropout=0.05, head_dropout=0.0, patch_len=16, stride=8, padding_patch='end', revin=1, affine=0, subtract_last=0, decomposition=0, kernel_size=25, individual=0, embed_type=0, enc_in=7, dec_in=7, c_out=7, d_model=512, n_heads=8, e_layers=2, d_layers=1, d_ff=2048, moving_avg=25, factor=1, distil=True, dropout=0.05, embed='learned', activation='gelu', output_attention=False, do_predict=False, num_workers=10, itr=1, train_epochs=30, batch_size=256, patience=5, learning_rate=0.03, des='test', loss='mse', lradj='type3', pct_start=0.3, use_amp=False, use_gpu=True, gpu=0, use_multi_gpu=0, devices='0,1', test_flop=False)
Use GPU: cuda:0
>>>>>>>start training : ETTh2_720_192_SparseTSF_ETTh2_ftM_sl720_pl192_test_0_seed2023>>>>>>>>>>>>>>>>>>>>>>>>>>
train 7729
val 2689
test 2689
Epoch: 1 cost time: 3.790597677230835
Epoch: 1, Steps: 30 | Train Loss: 0.7671782 Vali Loss: 0.4665233 Test Loss: 0.4410074
Validation loss decreased (inf --> 0.466523).  Saving model ...
Updating learning rate to 0.03
Epoch: 2 cost time: 1.3003697395324707
Epoch: 2, Steps: 30 | Train Loss: 0.6901595 Vali Loss: 0.3528281 Test Loss: 0.4355684
Validation loss decreased (0.466523 --> 0.352828).  Saving model ...
Updating learning rate to 0.03
Epoch: 3 cost time: 1.601125955581665
Epoch: 3, Steps: 30 | Train Loss: 0.5957466 Vali Loss: 0.3391618 Test Loss: 0.3783718
Validation loss decreased (0.352828 --> 0.339162).  Saving model ...
Updating learning rate to 0.03
Epoch: 4 cost time: 1.240633249282837
Epoch: 4, Steps: 30 | Train Loss: 0.5522166 Vali Loss: 0.3098068 Test Loss: 0.3639555
Validation loss decreased (0.339162 --> 0.309807).  Saving model ...
Updating learning rate to 0.024
Epoch: 5 cost time: 1.1866731643676758
Epoch: 5, Steps: 30 | Train Loss: 0.5390132 Vali Loss: 0.2917894 Test Loss: 0.3635211
Validation loss decreased (0.309807 --> 0.291789).  Saving model ...
Updating learning rate to 0.019200000000000002
Epoch: 6 cost time: 1.387800931930542
Epoch: 6, Steps: 30 | Train Loss: 0.5325303 Vali Loss: 0.2914925 Test Loss: 0.3598324
Validation loss decreased (0.291789 --> 0.291493).  Saving model ...
Updating learning rate to 0.015360000000000004
Epoch: 7 cost time: 1.3383655548095703
Epoch: 7, Steps: 30 | Train Loss: 0.5310395 Vali Loss: 0.2894951 Test Loss: 0.3619896
Validation loss decreased (0.291493 --> 0.289495).  Saving model ...
Updating learning rate to 0.012288000000000002
Epoch: 8 cost time: 1.2876477241516113
Epoch: 8, Steps: 30 | Train Loss: 0.5279206 Vali Loss: 0.2853054 Test Loss: 0.3611566
Validation loss decreased (0.289495 --> 0.285305).  Saving model ...
Updating learning rate to 0.009830400000000001
Epoch: 9 cost time: 1.1075632572174072
Epoch: 9, Steps: 30 | Train Loss: 0.5294267 Vali Loss: 0.2838372 Test Loss: 0.3619288
Validation loss decreased (0.285305 --> 0.283837).  Saving model ...
Updating learning rate to 0.007864320000000003
Epoch: 10 cost time: 1.1643190383911133
Epoch: 10, Steps: 30 | Train Loss: 0.5270255 Vali Loss: 0.2884686 Test Loss: 0.3591840
EarlyStopping counter: 1 out of 5
Updating learning rate to 0.006291456000000002
Epoch: 11 cost time: 1.14528226852417
Epoch: 11, Steps: 30 | Train Loss: 0.5269495 Vali Loss: 0.2841963 Test Loss: 0.3622008
EarlyStopping counter: 2 out of 5
Updating learning rate to 0.005033164800000003
Epoch: 12 cost time: 1.0914289951324463
Epoch: 12, Steps: 30 | Train Loss: 0.5238569 Vali Loss: 0.2840092 Test Loss: 0.3594873
EarlyStopping counter: 3 out of 5
Updating learning rate to 0.004026531840000002
Epoch: 13 cost time: 1.1780426502227783
Epoch: 13, Steps: 30 | Train Loss: 0.5261643 Vali Loss: 0.2860734 Test Loss: 0.3600447
EarlyStopping counter: 4 out of 5
Updating learning rate to 0.0032212254720000015
Epoch: 14 cost time: 1.1337084770202637
Epoch: 14, Steps: 30 | Train Loss: 0.5270789 Vali Loss: 0.2875794 Test Loss: 0.3597929
EarlyStopping counter: 5 out of 5
Early stopping
>>>>>>>testing : ETTh2_720_192_SparseTSF_ETTh2_ftM_sl720_pl192_test_0_seed2023<<<<<<<<<<<<<<<<<<<<<<<<<<<<<<<<<
test 2689
mse:0.3398667573928833, mae:0.3773200213909149, rse:0.46751460433006287
