Args in experiment:
Namespace(is_training=1, model_id='ETTh1_96_720', model='SparseTSF', data='ETTh1', root_path='./dataset/', data_path='ETTh1.csv', features='M', target='OT', freq='h', checkpoints='./checkpoints/', seq_len=96, label_len=48, pred_len=720, period_len=24, fc_dropout=0.05, head_dropout=0.0, patch_len=16, stride=8, padding_patch='end', revin=1, affine=0, subtract_last=0, decomposition=0, kernel_size=25, individual=0, embed_type=0, enc_in=7, dec_in=7, c_out=7, d_model=512, n_heads=8, e_layers=2, d_layers=1, d_ff=2048, moving_avg=25, factor=1, distil=True, dropout=0.05, embed='learned', activation='gelu', output_attention=False, do_predict=False, num_workers=10, itr=1, train_epochs=30, batch_size=256, patience=5, learning_rate=0.02, des='test', loss='mse', lradj='type3', pct_start=0.3, use_amp=False, use_gpu=True, gpu=2, use_multi_gpu=0, devices='0,1', test_flop=False)
Use GPU: cuda:2
>>>>>>>start training : ETTh1_96_720_SparseTSF_ETTh1_ftM_sl96_pl720_test_0_seed2023>>>>>>>>>>>>>>>>>>>>>>>>>>
train 7825
val 2161
test 2161
Epoch: 1 cost time: 5.920185327529907
Epoch: 1, Steps: 30 | Train Loss: 0.8434082 Vali Loss: 2.0292580 Test Loss: 0.8100013
Validation loss decreased (inf --> 2.029258).  Saving model ...
Updating learning rate to 0.02
Epoch: 2 cost time: 2.0507912635803223
Epoch: 2, Steps: 30 | Train Loss: 0.7185908 Vali Loss: 1.6413064 Test Loss: 0.5034802
Validation loss decreased (2.029258 --> 1.641306).  Saving model ...
Updating learning rate to 0.02
Epoch: 3 cost time: 2.2606725692749023
Epoch: 3, Steps: 30 | Train Loss: 0.6338406 Vali Loss: 1.6265962 Test Loss: 0.4857744
Validation loss decreased (1.641306 --> 1.626596).  Saving model ...
Updating learning rate to 0.02
Epoch: 4 cost time: 2.1218793392181396
Epoch: 4, Steps: 30 | Train Loss: 0.6208565 Vali Loss: 1.5993211 Test Loss: 0.4757540
Validation loss decreased (1.626596 --> 1.599321).  Saving model ...
Updating learning rate to 0.016
Epoch: 5 cost time: 2.218956708908081
Epoch: 5, Steps: 30 | Train Loss: 0.6165837 Vali Loss: 1.5910584 Test Loss: 0.4721809
Validation loss decreased (1.599321 --> 1.591058).  Saving model ...
Updating learning rate to 0.012800000000000002
Epoch: 6 cost time: 2.164578437805176
Epoch: 6, Steps: 30 | Train Loss: 0.6145235 Vali Loss: 1.5993041 Test Loss: 0.4715811
EarlyStopping counter: 1 out of 5
Updating learning rate to 0.010240000000000003
Epoch: 7 cost time: 2.106714963912964
Epoch: 7, Steps: 30 | Train Loss: 0.6142929 Vali Loss: 1.5916059 Test Loss: 0.4716374
EarlyStopping counter: 2 out of 5
Updating learning rate to 0.008192000000000001
Epoch: 8 cost time: 2.3021395206451416
Epoch: 8, Steps: 30 | Train Loss: 0.6137848 Vali Loss: 1.5921756 Test Loss: 0.4717300
EarlyStopping counter: 3 out of 5
Updating learning rate to 0.0065536000000000014
Epoch: 9 cost time: 2.150817394256592
Epoch: 9, Steps: 30 | Train Loss: 0.6136768 Vali Loss: 1.5903416 Test Loss: 0.4720887
Validation loss decreased (1.591058 --> 1.590342).  Saving model ...
Updating learning rate to 0.005242880000000002
Epoch: 10 cost time: 2.1345481872558594
Epoch: 10, Steps: 30 | Train Loss: 0.6137794 Vali Loss: 1.5864035 Test Loss: 0.4728404
Validation loss decreased (1.590342 --> 1.586403).  Saving model ...
Updating learning rate to 0.004194304000000002
Epoch: 11 cost time: 1.9929869174957275
Epoch: 11, Steps: 30 | Train Loss: 0.6143866 Vali Loss: 1.5901206 Test Loss: 0.4731450
EarlyStopping counter: 1 out of 5
Updating learning rate to 0.003355443200000002
Epoch: 12 cost time: 2.32729172706604
Epoch: 12, Steps: 30 | Train Loss: 0.6128785 Vali Loss: 1.5858099 Test Loss: 0.4726706
Validation loss decreased (1.586403 --> 1.585810).  Saving model ...
Updating learning rate to 0.002684354560000001
Epoch: 13 cost time: 2.131706476211548
Epoch: 13, Steps: 30 | Train Loss: 0.6136842 Vali Loss: 1.5872939 Test Loss: 0.4731192
EarlyStopping counter: 1 out of 5
Updating learning rate to 0.0021474836480000013
Epoch: 14 cost time: 2.1790072917938232
Epoch: 14, Steps: 30 | Train Loss: 0.6133461 Vali Loss: 1.5861006 Test Loss: 0.4727766
EarlyStopping counter: 2 out of 5
Updating learning rate to 0.0017179869184000011
Epoch: 15 cost time: 2.1773269176483154
Epoch: 15, Steps: 30 | Train Loss: 0.6123356 Vali Loss: 1.5874673 Test Loss: 0.4731967
EarlyStopping counter: 3 out of 5
Updating learning rate to 0.0013743895347200009
Epoch: 16 cost time: 2.1133549213409424
Epoch: 16, Steps: 30 | Train Loss: 0.6123970 Vali Loss: 1.5871542 Test Loss: 0.4730268
EarlyStopping counter: 4 out of 5
Updating learning rate to 0.0010995116277760007
Epoch: 17 cost time: 2.142425775527954
Epoch: 17, Steps: 30 | Train Loss: 0.6121742 Vali Loss: 1.5832692 Test Loss: 0.4729570
Validation loss decreased (1.585810 --> 1.583269).  Saving model ...
Updating learning rate to 0.0008796093022208007
Epoch: 18 cost time: 2.147282838821411
Epoch: 18, Steps: 30 | Train Loss: 0.6134442 Vali Loss: 1.5814910 Test Loss: 0.4731392
Validation loss decreased (1.583269 --> 1.581491).  Saving model ...
Updating learning rate to 0.0007036874417766406
Epoch: 19 cost time: 2.159266233444214
Epoch: 19, Steps: 30 | Train Loss: 0.6132835 Vali Loss: 1.5891078 Test Loss: 0.4728712
EarlyStopping counter: 1 out of 5
Updating learning rate to 0.0005629499534213125
Epoch: 20 cost time: 2.1204075813293457
Epoch: 20, Steps: 30 | Train Loss: 0.6134416 Vali Loss: 1.5871632 Test Loss: 0.4730474
EarlyStopping counter: 2 out of 5
Updating learning rate to 0.0004503599627370501
Epoch: 21 cost time: 2.1786348819732666
Epoch: 21, Steps: 30 | Train Loss: 0.6135756 Vali Loss: 1.5872977 Test Loss: 0.4730631
EarlyStopping counter: 3 out of 5
Updating learning rate to 0.00036028797018964004
Epoch: 22 cost time: 2.093378782272339
Epoch: 22, Steps: 30 | Train Loss: 0.6131956 Vali Loss: 1.5903902 Test Loss: 0.4730124
EarlyStopping counter: 4 out of 5
Updating learning rate to 0.00028823037615171204
Epoch: 23 cost time: 2.2177324295043945
Epoch: 23, Steps: 30 | Train Loss: 0.6123591 Vali Loss: 1.5822353 Test Loss: 0.4729960
EarlyStopping counter: 5 out of 5
Early stopping
>>>>>>>testing : ETTh1_96_720_SparseTSF_ETTh1_ftM_sl96_pl720_test_0_seed2023<<<<<<<<<<<<<<<<<<<<<<<<<<<<<<<<<
test 2161
mse:0.4611577093601227, mae:0.4542880356311798, rse:0.6500948667526245
