Args in experiment:
Namespace(is_training=1, model_id='ETTh1_96_192', model='SparseTSF', data='ETTh1', root_path='./dataset/', data_path='ETTh1.csv', features='M', target='OT', freq='h', checkpoints='./checkpoints/', seq_len=96, label_len=48, pred_len=192, period_len=24, fc_dropout=0.05, head_dropout=0.0, patch_len=16, stride=8, padding_patch='end', revin=1, affine=0, subtract_last=0, decomposition=0, kernel_size=25, individual=0, embed_type=0, enc_in=7, dec_in=7, c_out=7, d_model=512, n_heads=8, e_layers=2, d_layers=1, d_ff=2048, moving_avg=25, factor=1, distil=True, dropout=0.05, embed='learned', activation='gelu', output_attention=False, do_predict=False, num_workers=10, itr=1, train_epochs=30, batch_size=256, patience=5, learning_rate=0.02, des='test', loss='mse', lradj='type3', pct_start=0.3, use_amp=False, use_gpu=True, gpu=2, use_multi_gpu=0, devices='0,1', test_flop=False)
Use GPU: cuda:2
>>>>>>>start training : ETTh1_96_192_SparseTSF_ETTh1_ftM_sl96_pl192_test_0_seed2023>>>>>>>>>>>>>>>>>>>>>>>>>>
train 8353
val 2689
test 2689
Epoch: 1 cost time: 6.426914691925049
Epoch: 1, Steps: 32 | Train Loss: 0.7046467 Vali Loss: 1.5396111 Test Loss: 0.8433573
Validation loss decreased (inf --> 1.539611).  Saving model ...
Updating learning rate to 0.02
Epoch: 2 cost time: 2.502361297607422
Epoch: 2, Steps: 32 | Train Loss: 0.5492824 Vali Loss: 1.1039927 Test Loss: 0.4646273
Validation loss decreased (1.539611 --> 1.103993).  Saving model ...
Updating learning rate to 0.02
Epoch: 3 cost time: 2.3793911933898926
Epoch: 3, Steps: 32 | Train Loss: 0.4523614 Vali Loss: 1.0901353 Test Loss: 0.4549873
Validation loss decreased (1.103993 --> 1.090135).  Saving model ...
Updating learning rate to 0.02
Epoch: 4 cost time: 2.463743209838867
Epoch: 4, Steps: 32 | Train Loss: 0.4390585 Vali Loss: 1.0668795 Test Loss: 0.4399500
Validation loss decreased (1.090135 --> 1.066880).  Saving model ...
Updating learning rate to 0.016
Epoch: 5 cost time: 2.334343194961548
Epoch: 5, Steps: 32 | Train Loss: 0.4358865 Vali Loss: 1.0678260 Test Loss: 0.4398069
EarlyStopping counter: 1 out of 5
Updating learning rate to 0.012800000000000002
Epoch: 6 cost time: 2.368006467819214
Epoch: 6, Steps: 32 | Train Loss: 0.4329826 Vali Loss: 1.0585479 Test Loss: 0.4396774
Validation loss decreased (1.066880 --> 1.058548).  Saving model ...
Updating learning rate to 0.010240000000000003
Epoch: 7 cost time: 2.397125482559204
Epoch: 7, Steps: 32 | Train Loss: 0.4324313 Vali Loss: 1.0485035 Test Loss: 0.4376112
Validation loss decreased (1.058548 --> 1.048504).  Saving model ...
Updating learning rate to 0.008192000000000001
Epoch: 8 cost time: 2.5156469345092773
Epoch: 8, Steps: 32 | Train Loss: 0.4308618 Vali Loss: 1.0432481 Test Loss: 0.4370297
Validation loss decreased (1.048504 --> 1.043248).  Saving model ...
Updating learning rate to 0.0065536000000000014
Epoch: 9 cost time: 2.5215446949005127
Epoch: 9, Steps: 32 | Train Loss: 0.4299197 Vali Loss: 1.0503681 Test Loss: 0.4375145
EarlyStopping counter: 1 out of 5
Updating learning rate to 0.005242880000000002
Epoch: 10 cost time: 2.489013195037842
Epoch: 10, Steps: 32 | Train Loss: 0.4309330 Vali Loss: 1.0437977 Test Loss: 0.4368687
EarlyStopping counter: 2 out of 5
Updating learning rate to 0.004194304000000002
Epoch: 11 cost time: 2.3161303997039795
Epoch: 11, Steps: 32 | Train Loss: 0.4302735 Vali Loss: 1.0408685 Test Loss: 0.4376896
Validation loss decreased (1.043248 --> 1.040869).  Saving model ...
Updating learning rate to 0.003355443200000002
Epoch: 12 cost time: 2.5019783973693848
Epoch: 12, Steps: 32 | Train Loss: 0.4304188 Vali Loss: 1.0405623 Test Loss: 0.4367027
Validation loss decreased (1.040869 --> 1.040562).  Saving model ...
Updating learning rate to 0.002684354560000001
Epoch: 13 cost time: 2.546363592147827
Epoch: 13, Steps: 32 | Train Loss: 0.4299309 Vali Loss: 1.0356282 Test Loss: 0.4364927
Validation loss decreased (1.040562 --> 1.035628).  Saving model ...
Updating learning rate to 0.0021474836480000013
Epoch: 14 cost time: 2.262739419937134
Epoch: 14, Steps: 32 | Train Loss: 0.4300834 Vali Loss: 1.0382941 Test Loss: 0.4369541
EarlyStopping counter: 1 out of 5
Updating learning rate to 0.0017179869184000011
Epoch: 15 cost time: 2.1297292709350586
Epoch: 15, Steps: 32 | Train Loss: 0.4302388 Vali Loss: 1.0401016 Test Loss: 0.4366015
EarlyStopping counter: 2 out of 5
Updating learning rate to 0.0013743895347200009
Epoch: 16 cost time: 2.3854153156280518
Epoch: 16, Steps: 32 | Train Loss: 0.4300915 Vali Loss: 1.0377104 Test Loss: 0.4365959
EarlyStopping counter: 3 out of 5
Updating learning rate to 0.0010995116277760007
Epoch: 17 cost time: 2.123239278793335
Epoch: 17, Steps: 32 | Train Loss: 0.4301199 Vali Loss: 1.0353029 Test Loss: 0.4366990
Validation loss decreased (1.035628 --> 1.035303).  Saving model ...
Updating learning rate to 0.0008796093022208007
Epoch: 18 cost time: 2.2464282512664795
Epoch: 18, Steps: 32 | Train Loss: 0.4299439 Vali Loss: 1.0385352 Test Loss: 0.4365325
EarlyStopping counter: 1 out of 5
Updating learning rate to 0.0007036874417766406
Epoch: 19 cost time: 2.2445874214172363
Epoch: 19, Steps: 32 | Train Loss: 0.4305617 Vali Loss: 1.0346663 Test Loss: 0.4369031
Validation loss decreased (1.035303 --> 1.034666).  Saving model ...
Updating learning rate to 0.0005629499534213125
Epoch: 20 cost time: 2.372103691101074
Epoch: 20, Steps: 32 | Train Loss: 0.4304706 Vali Loss: 1.0364271 Test Loss: 0.4364878
EarlyStopping counter: 1 out of 5
Updating learning rate to 0.0004503599627370501
Epoch: 21 cost time: 2.1350605487823486
Epoch: 21, Steps: 32 | Train Loss: 0.4294449 Vali Loss: 1.0343194 Test Loss: 0.4366029
Validation loss decreased (1.034666 --> 1.034319).  Saving model ...
Updating learning rate to 0.00036028797018964004
Epoch: 22 cost time: 2.150803804397583
Epoch: 22, Steps: 32 | Train Loss: 0.4304334 Vali Loss: 1.0335243 Test Loss: 0.4367009
Validation loss decreased (1.034319 --> 1.033524).  Saving model ...
Updating learning rate to 0.00028823037615171204
Epoch: 23 cost time: 2.110440254211426
Epoch: 23, Steps: 32 | Train Loss: 0.4299110 Vali Loss: 1.0379890 Test Loss: 0.4366240
EarlyStopping counter: 1 out of 5
Updating learning rate to 0.00023058430092136968
Epoch: 24 cost time: 2.2771389484405518
Epoch: 24, Steps: 32 | Train Loss: 0.4291844 Vali Loss: 1.0350339 Test Loss: 0.4366470
EarlyStopping counter: 2 out of 5
Updating learning rate to 0.00018446744073709575
Epoch: 25 cost time: 2.125525712966919
Epoch: 25, Steps: 32 | Train Loss: 0.4299788 Vali Loss: 1.0398935 Test Loss: 0.4366145
EarlyStopping counter: 3 out of 5
Updating learning rate to 0.0001475739525896766
Epoch: 26 cost time: 1.792665719985962
Epoch: 26, Steps: 32 | Train Loss: 0.4300995 Vali Loss: 1.0363494 Test Loss: 0.4365840
EarlyStopping counter: 4 out of 5
Updating learning rate to 0.00011805916207174128
Epoch: 27 cost time: 1.7472951412200928
Epoch: 27, Steps: 32 | Train Loss: 0.4304197 Vali Loss: 1.0356143 Test Loss: 0.4366033
EarlyStopping counter: 5 out of 5
Early stopping
>>>>>>>testing : ETTh1_96_192_SparseTSF_ETTh1_ftM_sl96_pl192_test_0_seed2023<<<<<<<<<<<<<<<<<<<<<<<<<<<<<<<<<
test 2689
mse:0.4349443018436432, mae:0.4200029969215393, rse:0.6262880563735962
