Args in experiment:
Namespace(is_training=1, model_id='ETTh2_720_96', model='SparseTSF', data='ETTh2', root_path='./dataset/', data_path='ETTh2.csv', features='M', target='OT', freq='h', checkpoints='./checkpoints/', seq_len=720, label_len=48, pred_len=96, period_len=24, fc_dropout=0.05, head_dropout=0.0, patch_len=16, stride=8, padding_patch='end', revin=1, affine=0, subtract_last=0, decomposition=0, kernel_size=25, individual=0, embed_type=0, enc_in=7, dec_in=7, c_out=7, d_model=512, n_heads=8, e_layers=2, d_layers=1, d_ff=2048, moving_avg=25, factor=1, distil=True, dropout=0.05, embed='learned', activation='gelu', output_attention=False, do_predict=False, num_workers=10, itr=1, train_epochs=30, batch_size=256, patience=5, learning_rate=0.03, des='test', loss='mse', lradj='type3', pct_start=0.3, use_amp=False, use_gpu=True, gpu=0, use_multi_gpu=0, devices='0,1', test_flop=False)
Use GPU: cuda:0
>>>>>>>start training : ETTh2_720_96_SparseTSF_ETTh2_ftM_sl720_pl96_test_0_seed2023>>>>>>>>>>>>>>>>>>>>>>>>>>
train 7825
val 2785
test 2785
Epoch: 1 cost time: 3.4068548679351807
Epoch: 1, Steps: 30 | Train Loss: 0.6821277 Vali Loss: 0.3910427 Test Loss: 0.3944095
Validation loss decreased (inf --> 0.391043).  Saving model ...
Updating learning rate to 0.03
Epoch: 2 cost time: 1.1149840354919434
Epoch: 2, Steps: 30 | Train Loss: 0.5808002 Vali Loss: 0.3173587 Test Loss: 0.3669430
Validation loss decreased (0.391043 --> 0.317359).  Saving model ...
Updating learning rate to 0.03
Epoch: 3 cost time: 1.1482770442962646
Epoch: 3, Steps: 30 | Train Loss: 0.4981598 Vali Loss: 0.2558262 Test Loss: 0.3104430
Validation loss decreased (0.317359 --> 0.255826).  Saving model ...
Updating learning rate to 0.03
Epoch: 4 cost time: 1.14561128616333
Epoch: 4, Steps: 30 | Train Loss: 0.4621897 Vali Loss: 0.2346953 Test Loss: 0.2915897
Validation loss decreased (0.255826 --> 0.234695).  Saving model ...
Updating learning rate to 0.024
Epoch: 5 cost time: 1.2036247253417969
Epoch: 5, Steps: 30 | Train Loss: 0.4442968 Vali Loss: 0.2193847 Test Loss: 0.2965351
Validation loss decreased (0.234695 --> 0.219385).  Saving model ...
Updating learning rate to 0.019200000000000002
Epoch: 6 cost time: 1.1677072048187256
Epoch: 6, Steps: 30 | Train Loss: 0.4409432 Vali Loss: 0.2233464 Test Loss: 0.2896009
EarlyStopping counter: 1 out of 5
Updating learning rate to 0.015360000000000004
Epoch: 7 cost time: 1.0986785888671875
Epoch: 7, Steps: 30 | Train Loss: 0.4354203 Vali Loss: 0.2272164 Test Loss: 0.2846487
EarlyStopping counter: 2 out of 5
Updating learning rate to 0.012288000000000002
Epoch: 8 cost time: 1.1923646926879883
Epoch: 8, Steps: 30 | Train Loss: 0.4324640 Vali Loss: 0.2234960 Test Loss: 0.2853165
EarlyStopping counter: 3 out of 5
Updating learning rate to 0.009830400000000001
Epoch: 9 cost time: 1.2669057846069336
Epoch: 9, Steps: 30 | Train Loss: 0.4307473 Vali Loss: 0.2246516 Test Loss: 0.2873155
EarlyStopping counter: 4 out of 5
Updating learning rate to 0.007864320000000003
Epoch: 10 cost time: 1.2513437271118164
Epoch: 10, Steps: 30 | Train Loss: 0.4304668 Vali Loss: 0.2253585 Test Loss: 0.2836832
EarlyStopping counter: 5 out of 5
Early stopping
>>>>>>>testing : ETTh2_720_96_SparseTSF_ETTh2_ftM_sl720_pl96_test_0_seed2023<<<<<<<<<<<<<<<<<<<<<<<<<<<<<<<<<
test 2785
mse:0.294450581073761, mae:0.3463265597820282, rse:0.43730810284614563
