Args in experiment:
Namespace(is_training=1, model_id='ETTh1_336_192', model='SparseTSF', data='ETTh1', root_path='./dataset/', data_path='ETTh1.csv', features='M', target='OT', freq='h', checkpoints='./checkpoints/', seq_len=336, label_len=48, pred_len=192, period_len=24, fc_dropout=0.05, head_dropout=0.0, patch_len=16, stride=8, padding_patch='end', revin=1, affine=0, subtract_last=0, decomposition=0, kernel_size=25, individual=0, embed_type=0, enc_in=7, dec_in=7, c_out=7, d_model=512, n_heads=8, e_layers=2, d_layers=1, d_ff=2048, moving_avg=25, factor=1, distil=True, dropout=0.05, embed='learned', activation='gelu', output_attention=False, do_predict=False, num_workers=10, itr=1, train_epochs=30, batch_size=256, patience=5, learning_rate=0.02, des='test', loss='mse', lradj='type3', pct_start=0.3, use_amp=False, use_gpu=True, gpu=2, use_multi_gpu=0, devices='0,1', test_flop=False)
Use GPU: cuda:2
>>>>>>>start training : ETTh1_336_192_SparseTSF_ETTh1_ftM_sl336_pl192_test_0_seed2023>>>>>>>>>>>>>>>>>>>>>>>>>>
train 8113
val 2689
test 2689
Epoch: 1 cost time: 6.100443363189697
Epoch: 1, Steps: 31 | Train Loss: 0.6719026 Vali Loss: 1.4342160 Test Loss: 0.6844072
Validation loss decreased (inf --> 1.434216).  Saving model ...
Updating learning rate to 0.02
Epoch: 2 cost time: 2.262399435043335
Epoch: 2, Steps: 31 | Train Loss: 0.5519341 Vali Loss: 1.1238440 Test Loss: 0.5089082
Validation loss decreased (1.434216 --> 1.123844).  Saving model ...
Updating learning rate to 0.02
Epoch: 3 cost time: 2.1541361808776855
Epoch: 3, Steps: 31 | Train Loss: 0.4573012 Vali Loss: 1.0516083 Test Loss: 0.4638877
Validation loss decreased (1.123844 --> 1.051608).  Saving model ...
Updating learning rate to 0.02
Epoch: 4 cost time: 2.1785435676574707
Epoch: 4, Steps: 31 | Train Loss: 0.4303300 Vali Loss: 0.9972313 Test Loss: 0.4443458
Validation loss decreased (1.051608 --> 0.997231).  Saving model ...
Updating learning rate to 0.016
Epoch: 5 cost time: 1.9651720523834229
Epoch: 5, Steps: 31 | Train Loss: 0.4173864 Vali Loss: 0.9708935 Test Loss: 0.4342518
Validation loss decreased (0.997231 --> 0.970894).  Saving model ...
Updating learning rate to 0.012800000000000002
Epoch: 6 cost time: 1.8346550464630127
Epoch: 6, Steps: 31 | Train Loss: 0.4119531 Vali Loss: 0.9621666 Test Loss: 0.4321243
Validation loss decreased (0.970894 --> 0.962167).  Saving model ...
Updating learning rate to 0.010240000000000003
Epoch: 7 cost time: 1.6663532257080078
Epoch: 7, Steps: 31 | Train Loss: 0.4104627 Vali Loss: 0.9640528 Test Loss: 0.4309489
EarlyStopping counter: 1 out of 5
Updating learning rate to 0.008192000000000001
Epoch: 8 cost time: 1.7351171970367432
Epoch: 8, Steps: 31 | Train Loss: 0.4100742 Vali Loss: 0.9569759 Test Loss: 0.4291925
Validation loss decreased (0.962167 --> 0.956976).  Saving model ...
Updating learning rate to 0.0065536000000000014
Epoch: 9 cost time: 2.2937777042388916
Epoch: 9, Steps: 31 | Train Loss: 0.4093668 Vali Loss: 0.9592460 Test Loss: 0.4293914
EarlyStopping counter: 1 out of 5
Updating learning rate to 0.005242880000000002
Epoch: 10 cost time: 2.233901023864746
Epoch: 10, Steps: 31 | Train Loss: 0.4094878 Vali Loss: 0.9618180 Test Loss: 0.4290524
EarlyStopping counter: 2 out of 5
Updating learning rate to 0.004194304000000002
Epoch: 11 cost time: 2.3351683616638184
Epoch: 11, Steps: 31 | Train Loss: 0.4094666 Vali Loss: 0.9556218 Test Loss: 0.4291903
Validation loss decreased (0.956976 --> 0.955622).  Saving model ...
Updating learning rate to 0.003355443200000002
Epoch: 12 cost time: 2.2702505588531494
Epoch: 12, Steps: 31 | Train Loss: 0.4089480 Vali Loss: 0.9615280 Test Loss: 0.4291369
EarlyStopping counter: 1 out of 5
Updating learning rate to 0.002684354560000001
Epoch: 13 cost time: 2.3390915393829346
Epoch: 13, Steps: 31 | Train Loss: 0.4092010 Vali Loss: 0.9537943 Test Loss: 0.4288694
Validation loss decreased (0.955622 --> 0.953794).  Saving model ...
Updating learning rate to 0.0021474836480000013
Epoch: 14 cost time: 2.341529607772827
Epoch: 14, Steps: 31 | Train Loss: 0.4086515 Vali Loss: 0.9555511 Test Loss: 0.4288880
EarlyStopping counter: 1 out of 5
Updating learning rate to 0.0017179869184000011
Epoch: 15 cost time: 2.2058277130126953
Epoch: 15, Steps: 31 | Train Loss: 0.4088489 Vali Loss: 0.9577687 Test Loss: 0.4289434
EarlyStopping counter: 2 out of 5
Updating learning rate to 0.0013743895347200009
Epoch: 16 cost time: 2.357962131500244
Epoch: 16, Steps: 31 | Train Loss: 0.4094387 Vali Loss: 0.9572418 Test Loss: 0.4294033
EarlyStopping counter: 3 out of 5
Updating learning rate to 0.0010995116277760007
Epoch: 17 cost time: 2.1855499744415283
Epoch: 17, Steps: 31 | Train Loss: 0.4088730 Vali Loss: 0.9593621 Test Loss: 0.4290739
EarlyStopping counter: 4 out of 5
Updating learning rate to 0.0008796093022208007
Epoch: 18 cost time: 2.2461390495300293
Epoch: 18, Steps: 31 | Train Loss: 0.4088227 Vali Loss: 0.9609262 Test Loss: 0.4290689
EarlyStopping counter: 5 out of 5
Early stopping
>>>>>>>testing : ETTh1_336_192_SparseTSF_ETTh1_ftM_sl336_pl192_test_0_seed2023<<<<<<<<<<<<<<<<<<<<<<<<<<<<<<<<<
test 2689
mse:0.4239661395549774, mae:0.4256832003593445, rse:0.6183336973190308
