Args in experiment:
Namespace(is_training=1, model_id='ETTh2_192_720', model='SparseTSF', data='ETTh2', root_path='./dataset/', data_path='ETTh2.csv', features='M', target='OT', freq='h', checkpoints='./checkpoints/', seq_len=192, label_len=48, pred_len=720, period_len=24, fc_dropout=0.05, head_dropout=0.0, patch_len=16, stride=8, padding_patch='end', revin=1, affine=0, subtract_last=0, decomposition=0, kernel_size=25, individual=0, embed_type=0, enc_in=7, dec_in=7, c_out=7, d_model=512, n_heads=8, e_layers=2, d_layers=1, d_ff=2048, moving_avg=25, factor=1, distil=True, dropout=0.05, embed='learned', activation='gelu', output_attention=False, do_predict=False, num_workers=10, itr=1, train_epochs=30, batch_size=256, patience=5, learning_rate=0.03, des='test', loss='mse', lradj='type3', pct_start=0.3, use_amp=False, use_gpu=True, gpu=2, use_multi_gpu=0, devices='0,1', test_flop=False)
Use GPU: cuda:2
>>>>>>>start training : ETTh2_192_720_SparseTSF_ETTh2_ftM_sl192_pl720_test_0_seed2023>>>>>>>>>>>>>>>>>>>>>>>>>>
train 7729
val 2161
test 2161
Epoch: 1 cost time: 6.332973003387451
Epoch: 1, Steps: 30 | Train Loss: 0.9300040 Vali Loss: 0.7030936 Test Loss: 0.4860550
Validation loss decreased (inf --> 0.703094).  Saving model ...
Updating learning rate to 0.03
Epoch: 2 cost time: 2.4313013553619385
Epoch: 2, Steps: 30 | Train Loss: 0.8799221 Vali Loss: 0.6601492 Test Loss: 0.4440361
Validation loss decreased (0.703094 --> 0.660149).  Saving model ...
Updating learning rate to 0.03
Epoch: 3 cost time: 2.6671364307403564
Epoch: 3, Steps: 30 | Train Loss: 0.8407243 Vali Loss: 0.6377031 Test Loss: 0.4311621
Validation loss decreased (0.660149 --> 0.637703).  Saving model ...
Updating learning rate to 0.03
Epoch: 4 cost time: 2.4742283821105957
Epoch: 4, Steps: 30 | Train Loss: 0.8241207 Vali Loss: 0.6398445 Test Loss: 0.4252400
EarlyStopping counter: 1 out of 5
Updating learning rate to 0.024
Epoch: 5 cost time: 2.4002747535705566
Epoch: 5, Steps: 30 | Train Loss: 0.8194352 Vali Loss: 0.6344618 Test Loss: 0.4210632
Validation loss decreased (0.637703 --> 0.634462).  Saving model ...
Updating learning rate to 0.019200000000000002
Epoch: 6 cost time: 2.3900697231292725
Epoch: 6, Steps: 30 | Train Loss: 0.8174970 Vali Loss: 0.6383322 Test Loss: 0.4217485
EarlyStopping counter: 1 out of 5
Updating learning rate to 0.015360000000000004
Epoch: 7 cost time: 2.4003374576568604
Epoch: 7, Steps: 30 | Train Loss: 0.8176261 Vali Loss: 0.6355753 Test Loss: 0.4216215
EarlyStopping counter: 2 out of 5
Updating learning rate to 0.012288000000000002
Epoch: 8 cost time: 2.4327688217163086
Epoch: 8, Steps: 30 | Train Loss: 0.8141548 Vali Loss: 0.6269221 Test Loss: 0.4201175
Validation loss decreased (0.634462 --> 0.626922).  Saving model ...
Updating learning rate to 0.009830400000000001
Epoch: 9 cost time: 2.452753782272339
Epoch: 9, Steps: 30 | Train Loss: 0.8170260 Vali Loss: 0.6343505 Test Loss: 0.4202518
EarlyStopping counter: 1 out of 5
Updating learning rate to 0.007864320000000003
Epoch: 10 cost time: 2.525109052658081
Epoch: 10, Steps: 30 | Train Loss: 0.8153393 Vali Loss: 0.6310965 Test Loss: 0.4198504
EarlyStopping counter: 2 out of 5
Updating learning rate to 0.006291456000000002
Epoch: 11 cost time: 2.4425601959228516
Epoch: 11, Steps: 30 | Train Loss: 0.8130845 Vali Loss: 0.6355695 Test Loss: 0.4205215
EarlyStopping counter: 3 out of 5
Updating learning rate to 0.005033164800000003
Epoch: 12 cost time: 2.4983322620391846
Epoch: 12, Steps: 30 | Train Loss: 0.8134586 Vali Loss: 0.6325978 Test Loss: 0.4197572
EarlyStopping counter: 4 out of 5
Updating learning rate to 0.004026531840000002
Epoch: 13 cost time: 2.5340685844421387
Epoch: 13, Steps: 30 | Train Loss: 0.8141439 Vali Loss: 0.6259100 Test Loss: 0.4199209
Validation loss decreased (0.626922 --> 0.625910).  Saving model ...
Updating learning rate to 0.0032212254720000015
Epoch: 14 cost time: 2.5695483684539795
Epoch: 14, Steps: 30 | Train Loss: 0.8150624 Vali Loss: 0.6333284 Test Loss: 0.4198796
EarlyStopping counter: 1 out of 5
Updating learning rate to 0.0025769803776000016
Epoch: 15 cost time: 2.399271011352539
Epoch: 15, Steps: 30 | Train Loss: 0.8129789 Vali Loss: 0.6307422 Test Loss: 0.4198492
EarlyStopping counter: 2 out of 5
Updating learning rate to 0.002061584302080001
Epoch: 16 cost time: 2.4191765785217285
Epoch: 16, Steps: 30 | Train Loss: 0.8140022 Vali Loss: 0.6347577 Test Loss: 0.4195884
EarlyStopping counter: 3 out of 5
Updating learning rate to 0.001649267441664001
Epoch: 17 cost time: 2.3286354541778564
Epoch: 17, Steps: 30 | Train Loss: 0.8146455 Vali Loss: 0.6292743 Test Loss: 0.4198153
EarlyStopping counter: 4 out of 5
Updating learning rate to 0.001319413953331201
Epoch: 18 cost time: 2.355350971221924
Epoch: 18, Steps: 30 | Train Loss: 0.8151884 Vali Loss: 0.6335280 Test Loss: 0.4198545
EarlyStopping counter: 5 out of 5
Early stopping
>>>>>>>testing : ETTh2_192_720_SparseTSF_ETTh2_ftM_sl192_pl720_test_0_seed2023<<<<<<<<<<<<<<<<<<<<<<<<<<<<<<<<<
test 2161
mse:0.4037184715270996, mae:0.4303475022315979, rse:0.5078611969947815
