Args in experiment:
Namespace(is_training=1, model_id='ETTm2_720_96', model='SparseTSF', data='ETTm2', root_path='./dataset/', data_path='ETTm2.csv', features='M', target='OT', freq='h', checkpoints='./checkpoints/', seq_len=720, label_len=48, pred_len=96, period_len=4, fc_dropout=0.05, head_dropout=0.0, patch_len=16, stride=8, padding_patch='end', revin=1, affine=0, subtract_last=0, decomposition=0, kernel_size=25, individual=0, embed_type=0, enc_in=7, dec_in=7, c_out=7, d_model=512, n_heads=8, e_layers=2, d_layers=1, d_ff=2048, moving_avg=25, factor=1, distil=True, dropout=0.05, embed='learned', activation='gelu', output_attention=False, do_predict=False, num_workers=10, itr=1, train_epochs=30, batch_size=256, patience=5, learning_rate=0.02, des='test', loss='mse', lradj='type3', pct_start=0.3, use_amp=False, use_gpu=True, gpu=0, use_multi_gpu=0, devices='0,1', test_flop=False)
Use GPU: cuda:0
>>>>>>>start training : ETTm2_720_96_SparseTSF_ETTm2_ftM_sl720_pl96_test_0_seed2023>>>>>>>>>>>>>>>>>>>>>>>>>>
train 33745
val 11425
test 11425
	iters: 100, epoch: 1 | loss: 0.2821492
	speed: 0.0357s/iter; left time: 136.6563s
Epoch: 1 cost time: 4.022974014282227
Epoch: 1, Steps: 131 | Train Loss: 0.3171767 Vali Loss: 0.1383181 Test Loss: 0.1948294
Validation loss decreased (inf --> 0.138318).  Saving model ...
Updating learning rate to 0.02
	iters: 100, epoch: 2 | loss: 0.2047567
	speed: 0.0523s/iter; left time: 193.4126s
Epoch: 2 cost time: 2.607065200805664
Epoch: 2, Steps: 131 | Train Loss: 0.2267566 Vali Loss: 0.1197853 Test Loss: 0.1701646
Validation loss decreased (0.138318 --> 0.119785).  Saving model ...
Updating learning rate to 0.02
	iters: 100, epoch: 3 | loss: 0.2750605
	speed: 0.0547s/iter; left time: 195.0505s
Epoch: 3 cost time: 2.5557668209075928
Epoch: 3, Steps: 131 | Train Loss: 0.2181651 Vali Loss: 0.1193310 Test Loss: 0.1689367
Validation loss decreased (0.119785 --> 0.119331).  Saving model ...
Updating learning rate to 0.02
	iters: 100, epoch: 4 | loss: 0.2167540
	speed: 0.0574s/iter; left time: 197.3871s
Epoch: 4 cost time: 2.7284975051879883
Epoch: 4, Steps: 131 | Train Loss: 0.2153503 Vali Loss: 0.1153800 Test Loss: 0.1680249
Validation loss decreased (0.119331 --> 0.115380).  Saving model ...
Updating learning rate to 0.016
	iters: 100, epoch: 5 | loss: 0.1712870
	speed: 0.0583s/iter; left time: 192.7498s
Epoch: 5 cost time: 2.8692922592163086
Epoch: 5, Steps: 131 | Train Loss: 0.2140361 Vali Loss: 0.1178193 Test Loss: 0.1680888
EarlyStopping counter: 1 out of 5
Updating learning rate to 0.012800000000000002
	iters: 100, epoch: 6 | loss: 0.2126376
	speed: 0.0580s/iter; left time: 184.1265s
Epoch: 6 cost time: 2.946730375289917
Epoch: 6, Steps: 131 | Train Loss: 0.2112490 Vali Loss: 0.1156319 Test Loss: 0.1661473
EarlyStopping counter: 2 out of 5
Updating learning rate to 0.010240000000000003
	iters: 100, epoch: 7 | loss: 0.2031498
	speed: 0.0623s/iter; left time: 189.7047s
Epoch: 7 cost time: 2.948625326156616
Epoch: 7, Steps: 131 | Train Loss: 0.2109615 Vali Loss: 0.1174740 Test Loss: 0.1685222
EarlyStopping counter: 3 out of 5
Updating learning rate to 0.008192000000000001
	iters: 100, epoch: 8 | loss: 0.1695682
	speed: 0.0626s/iter; left time: 182.3841s
Epoch: 8 cost time: 2.9931480884552
Epoch: 8, Steps: 131 | Train Loss: 0.2103230 Vali Loss: 0.1145924 Test Loss: 0.1663969
Validation loss decreased (0.115380 --> 0.114592).  Saving model ...
Updating learning rate to 0.0065536000000000014
	iters: 100, epoch: 9 | loss: 0.2310522
	speed: 0.0613s/iter; left time: 170.5724s
Epoch: 9 cost time: 2.908796787261963
Epoch: 9, Steps: 131 | Train Loss: 0.2097714 Vali Loss: 0.1156471 Test Loss: 0.1678643
EarlyStopping counter: 1 out of 5
Updating learning rate to 0.005242880000000002
	iters: 100, epoch: 10 | loss: 0.2468295
	speed: 0.0598s/iter; left time: 158.7068s
Epoch: 10 cost time: 3.0865478515625
Epoch: 10, Steps: 131 | Train Loss: 0.2098857 Vali Loss: 0.1159291 Test Loss: 0.1686928
EarlyStopping counter: 2 out of 5
Updating learning rate to 0.004194304000000002
	iters: 100, epoch: 11 | loss: 0.1523821
	speed: 0.0594s/iter; left time: 149.7150s
Epoch: 11 cost time: 2.8942747116088867
Epoch: 11, Steps: 131 | Train Loss: 0.2090314 Vali Loss: 0.1154027 Test Loss: 0.1673646
EarlyStopping counter: 3 out of 5
Updating learning rate to 0.003355443200000002
	iters: 100, epoch: 12 | loss: 0.2709414
	speed: 0.0604s/iter; left time: 144.4620s
Epoch: 12 cost time: 2.9920766353607178
Epoch: 12, Steps: 131 | Train Loss: 0.2087401 Vali Loss: 0.1160808 Test Loss: 0.1671205
EarlyStopping counter: 4 out of 5
Updating learning rate to 0.002684354560000001
	iters: 100, epoch: 13 | loss: 0.2217235
	speed: 0.0600s/iter; left time: 135.4909s
Epoch: 13 cost time: 2.8393642902374268
Epoch: 13, Steps: 131 | Train Loss: 0.2085364 Vali Loss: 0.1155235 Test Loss: 0.1687759
EarlyStopping counter: 5 out of 5
Early stopping
>>>>>>>testing : ETTm2_720_96_SparseTSF_ETTm2_ftM_sl720_pl96_test_0_seed2023<<<<<<<<<<<<<<<<<<<<<<<<<<<<<<<<<
test 11425
mse:0.16706422650814056, mae:0.2587715861797333, rse:0.3273976147174835
