Args in experiment:
Namespace(is_training=1, model_id='ETTm1_720_336', model='SparseTSF', data='ETTm1', root_path='./dataset/', data_path='ETTm1.csv', features='M', target='OT', freq='h', checkpoints='./checkpoints/', seq_len=720, label_len=48, pred_len=336, period_len=4, fc_dropout=0.05, head_dropout=0.0, patch_len=16, stride=8, padding_patch='end', revin=1, affine=0, subtract_last=0, decomposition=0, kernel_size=25, individual=0, embed_type=0, enc_in=7, dec_in=7, c_out=7, d_model=512, n_heads=8, e_layers=2, d_layers=1, d_ff=2048, moving_avg=25, factor=1, distil=True, dropout=0.05, embed='learned', activation='gelu', output_attention=False, do_predict=False, num_workers=10, itr=1, train_epochs=30, batch_size=256, patience=5, learning_rate=0.02, des='test', loss='mse', lradj='type3', pct_start=0.3, use_amp=False, use_gpu=True, gpu=0, use_multi_gpu=0, devices='0,1', test_flop=False)
Use GPU: cuda:0
>>>>>>>start training : ETTm1_720_336_SparseTSF_ETTm1_ftM_sl720_pl336_test_0_seed2023>>>>>>>>>>>>>>>>>>>>>>>>>>
train 33505
val 11185
test 11185
	iters: 100, epoch: 1 | loss: 0.3641140
	speed: 0.0397s/iter; left time: 150.9462s
Epoch: 1 cost time: 4.498979091644287
Epoch: 1, Steps: 130 | Train Loss: 0.4347836 Vali Loss: 0.6966280 Test Loss: 0.4011766
Validation loss decreased (inf --> 0.696628).  Saving model ...
Updating learning rate to 0.02
	iters: 100, epoch: 2 | loss: 0.3406480
	speed: 0.0641s/iter; left time: 235.2847s
Epoch: 2 cost time: 3.0541763305664062
Epoch: 2, Steps: 130 | Train Loss: 0.3493570 Vali Loss: 0.6593508 Test Loss: 0.3763919
Validation loss decreased (0.696628 --> 0.659351).  Saving model ...
Updating learning rate to 0.02
	iters: 100, epoch: 3 | loss: 0.3379762
	speed: 0.0629s/iter; left time: 222.7806s
Epoch: 3 cost time: 3.016188859939575
Epoch: 3, Steps: 130 | Train Loss: 0.3433570 Vali Loss: 0.6620836 Test Loss: 0.3727418
EarlyStopping counter: 1 out of 5
Updating learning rate to 0.02
	iters: 100, epoch: 4 | loss: 0.3481189
	speed: 0.0624s/iter; left time: 212.7034s
Epoch: 4 cost time: 3.007511615753174
Epoch: 4, Steps: 130 | Train Loss: 0.3415485 Vali Loss: 0.6571074 Test Loss: 0.3725180
Validation loss decreased (0.659351 --> 0.657107).  Saving model ...
Updating learning rate to 0.016
	iters: 100, epoch: 5 | loss: 0.3456146
	speed: 0.0618s/iter; left time: 202.9195s
Epoch: 5 cost time: 2.874234199523926
Epoch: 5, Steps: 130 | Train Loss: 0.3400173 Vali Loss: 0.6592327 Test Loss: 0.3695514
EarlyStopping counter: 1 out of 5
Updating learning rate to 0.012800000000000002
	iters: 100, epoch: 6 | loss: 0.3749636
	speed: 0.0634s/iter; left time: 199.7296s
Epoch: 6 cost time: 2.9473073482513428
Epoch: 6, Steps: 130 | Train Loss: 0.3388934 Vali Loss: 0.6621755 Test Loss: 0.3697175
EarlyStopping counter: 2 out of 5
Updating learning rate to 0.010240000000000003
	iters: 100, epoch: 7 | loss: 0.3575086
	speed: 0.0633s/iter; left time: 191.2408s
Epoch: 7 cost time: 2.954075813293457
Epoch: 7, Steps: 130 | Train Loss: 0.3379471 Vali Loss: 0.6661916 Test Loss: 0.3664769
EarlyStopping counter: 3 out of 5
Updating learning rate to 0.008192000000000001
	iters: 100, epoch: 8 | loss: 0.3220524
	speed: 0.0655s/iter; left time: 189.4858s
Epoch: 8 cost time: 3.092081069946289
Epoch: 8, Steps: 130 | Train Loss: 0.3378047 Vali Loss: 0.6529157 Test Loss: 0.3701945
Validation loss decreased (0.657107 --> 0.652916).  Saving model ...
Updating learning rate to 0.0065536000000000014
	iters: 100, epoch: 9 | loss: 0.3613675
	speed: 0.0617s/iter; left time: 170.3707s
Epoch: 9 cost time: 2.912013053894043
Epoch: 9, Steps: 130 | Train Loss: 0.3371567 Vali Loss: 0.6578845 Test Loss: 0.3674199
EarlyStopping counter: 1 out of 5
Updating learning rate to 0.005242880000000002
	iters: 100, epoch: 10 | loss: 0.3427422
	speed: 0.0626s/iter; left time: 164.7646s
Epoch: 10 cost time: 2.9686410427093506
Epoch: 10, Steps: 130 | Train Loss: 0.3372248 Vali Loss: 0.6612468 Test Loss: 0.3664610
EarlyStopping counter: 2 out of 5
Updating learning rate to 0.004194304000000002
	iters: 100, epoch: 11 | loss: 0.3261742
	speed: 0.0646s/iter; left time: 161.6341s
Epoch: 11 cost time: 2.9837663173675537
Epoch: 11, Steps: 130 | Train Loss: 0.3372440 Vali Loss: 0.6598717 Test Loss: 0.3668108
EarlyStopping counter: 3 out of 5
Updating learning rate to 0.003355443200000002
	iters: 100, epoch: 12 | loss: 0.3418229
	speed: 0.0620s/iter; left time: 146.9717s
Epoch: 12 cost time: 2.8991119861602783
Epoch: 12, Steps: 130 | Train Loss: 0.3367697 Vali Loss: 0.6521673 Test Loss: 0.3677161
Validation loss decreased (0.652916 --> 0.652167).  Saving model ...
Updating learning rate to 0.002684354560000001
	iters: 100, epoch: 13 | loss: 0.3546566
	speed: 0.0627s/iter; left time: 140.4900s
Epoch: 13 cost time: 3.05195689201355
Epoch: 13, Steps: 130 | Train Loss: 0.3365963 Vali Loss: 0.6534400 Test Loss: 0.3684612
EarlyStopping counter: 1 out of 5
Updating learning rate to 0.0021474836480000013
	iters: 100, epoch: 14 | loss: 0.3274623
	speed: 0.0620s/iter; left time: 130.8393s
Epoch: 14 cost time: 2.8353476524353027
Epoch: 14, Steps: 130 | Train Loss: 0.3366288 Vali Loss: 0.6564681 Test Loss: 0.3677590
EarlyStopping counter: 2 out of 5
Updating learning rate to 0.0017179869184000011
	iters: 100, epoch: 15 | loss: 0.3278011
	speed: 0.0636s/iter; left time: 125.9509s
Epoch: 15 cost time: 3.012343168258667
Epoch: 15, Steps: 130 | Train Loss: 0.3364337 Vali Loss: 0.6526909 Test Loss: 0.3671894
EarlyStopping counter: 3 out of 5
Updating learning rate to 0.0013743895347200009
	iters: 100, epoch: 16 | loss: 0.3286800
	speed: 0.0611s/iter; left time: 113.1647s
Epoch: 16 cost time: 2.8456692695617676
Epoch: 16, Steps: 130 | Train Loss: 0.3363646 Vali Loss: 0.6535186 Test Loss: 0.3667863
EarlyStopping counter: 4 out of 5
Updating learning rate to 0.0010995116277760007
	iters: 100, epoch: 17 | loss: 0.3343597
	speed: 0.0626s/iter; left time: 107.7727s
Epoch: 17 cost time: 2.9301369190216064
Epoch: 17, Steps: 130 | Train Loss: 0.3366924 Vali Loss: 0.6547275 Test Loss: 0.3674878
EarlyStopping counter: 5 out of 5
Early stopping
>>>>>>>testing : ETTm1_720_336_SparseTSF_ETTm1_ftM_sl720_pl336_test_0_seed2023<<<<<<<<<<<<<<<<<<<<<<<<<<<<<<<<<
test 11185
mse:0.3675037920475006, mae:0.3860722482204437, rse:0.5768716931343079
