Args in experiment:
Namespace(is_training=1, model_id='ETTm1_720_720', model='SparseTSF', data='ETTm1', root_path='./dataset/', data_path='ETTm1.csv', features='M', target='OT', freq='h', checkpoints='./checkpoints/', seq_len=720, label_len=48, pred_len=720, period_len=4, fc_dropout=0.05, head_dropout=0.0, patch_len=16, stride=8, padding_patch='end', revin=1, affine=0, subtract_last=0, decomposition=0, kernel_size=25, individual=0, embed_type=0, enc_in=7, dec_in=7, c_out=7, d_model=512, n_heads=8, e_layers=2, d_layers=1, d_ff=2048, moving_avg=25, factor=1, distil=True, dropout=0.05, embed='learned', activation='gelu', output_attention=False, do_predict=False, num_workers=10, itr=1, train_epochs=30, batch_size=256, patience=5, learning_rate=0.02, des='test', loss='mse', lradj='type3', pct_start=0.3, use_amp=False, use_gpu=True, gpu=0, use_multi_gpu=0, devices='0,1', test_flop=False)
Use GPU: cuda:0
>>>>>>>start training : ETTm1_720_720_SparseTSF_ETTm1_ftM_sl720_pl720_test_0_seed2023>>>>>>>>>>>>>>>>>>>>>>>>>>
train 33121
val 10801
test 10801
	iters: 100, epoch: 1 | loss: 0.4235182
	speed: 0.0403s/iter; left time: 152.1093s
Epoch: 1 cost time: 4.592045068740845
Epoch: 1, Steps: 129 | Train Loss: 0.4875876 Vali Loss: 0.9705882 Test Loss: 0.4486657
Validation loss decreased (inf --> 0.970588).  Saving model ...
Updating learning rate to 0.02
	iters: 100, epoch: 2 | loss: 0.4114215
	speed: 0.0680s/iter; left time: 247.7312s
Epoch: 2 cost time: 3.2660887241363525
Epoch: 2, Steps: 129 | Train Loss: 0.4099557 Vali Loss: 0.9429898 Test Loss: 0.4269000
Validation loss decreased (0.970588 --> 0.942990).  Saving model ...
Updating learning rate to 0.02
	iters: 100, epoch: 3 | loss: 0.4109314
	speed: 0.0705s/iter; left time: 247.5547s
Epoch: 3 cost time: 3.3137831687927246
Epoch: 3, Steps: 129 | Train Loss: 0.4037599 Vali Loss: 0.9509473 Test Loss: 0.4260701
EarlyStopping counter: 1 out of 5
Updating learning rate to 0.02
	iters: 100, epoch: 4 | loss: 0.4520354
	speed: 0.0708s/iter; left time: 239.4276s
Epoch: 4 cost time: 3.3088014125823975
Epoch: 4, Steps: 129 | Train Loss: 0.4018735 Vali Loss: 0.9395714 Test Loss: 0.4220367
Validation loss decreased (0.942990 --> 0.939571).  Saving model ...
Updating learning rate to 0.016
	iters: 100, epoch: 5 | loss: 0.4121100
	speed: 0.0713s/iter; left time: 232.0344s
Epoch: 5 cost time: 3.274627685546875
Epoch: 5, Steps: 129 | Train Loss: 0.3998271 Vali Loss: 0.9352819 Test Loss: 0.4294764
Validation loss decreased (0.939571 --> 0.935282).  Saving model ...
Updating learning rate to 0.012800000000000002
	iters: 100, epoch: 6 | loss: 0.4156301
	speed: 0.0737s/iter; left time: 230.2953s
Epoch: 6 cost time: 3.252892255783081
Epoch: 6, Steps: 129 | Train Loss: 0.3989484 Vali Loss: 0.9384372 Test Loss: 0.4167821
EarlyStopping counter: 1 out of 5
Updating learning rate to 0.010240000000000003
	iters: 100, epoch: 7 | loss: 0.4116937
	speed: 0.0722s/iter; left time: 216.4632s
Epoch: 7 cost time: 3.283816337585449
Epoch: 7, Steps: 129 | Train Loss: 0.3984584 Vali Loss: 0.9300227 Test Loss: 0.4220483
Validation loss decreased (0.935282 --> 0.930023).  Saving model ...
Updating learning rate to 0.008192000000000001
	iters: 100, epoch: 8 | loss: 0.4066353
	speed: 0.0728s/iter; left time: 208.6577s
Epoch: 8 cost time: 3.2506752014160156
Epoch: 8, Steps: 129 | Train Loss: 0.3980334 Vali Loss: 0.9368023 Test Loss: 0.4216039
EarlyStopping counter: 1 out of 5
Updating learning rate to 0.0065536000000000014
	iters: 100, epoch: 9 | loss: 0.4128230
	speed: 0.0736s/iter; left time: 201.7070s
Epoch: 9 cost time: 3.4601998329162598
Epoch: 9, Steps: 129 | Train Loss: 0.3974898 Vali Loss: 0.9332677 Test Loss: 0.4177120
EarlyStopping counter: 2 out of 5
Updating learning rate to 0.005242880000000002
	iters: 100, epoch: 10 | loss: 0.4030505
	speed: 0.0750s/iter; left time: 195.6384s
Epoch: 10 cost time: 3.2256600856781006
Epoch: 10, Steps: 129 | Train Loss: 0.3974435 Vali Loss: 0.9365087 Test Loss: 0.4187549
EarlyStopping counter: 3 out of 5
Updating learning rate to 0.004194304000000002
	iters: 100, epoch: 11 | loss: 0.3829880
	speed: 0.0729s/iter; left time: 180.9650s
Epoch: 11 cost time: 3.4153873920440674
Epoch: 11, Steps: 129 | Train Loss: 0.3973484 Vali Loss: 0.9334330 Test Loss: 0.4188410
EarlyStopping counter: 4 out of 5
Updating learning rate to 0.003355443200000002
	iters: 100, epoch: 12 | loss: 0.3792361
	speed: 0.0758s/iter; left time: 178.2787s
Epoch: 12 cost time: 3.471677303314209
Epoch: 12, Steps: 129 | Train Loss: 0.3971665 Vali Loss: 0.9352206 Test Loss: 0.4161261
EarlyStopping counter: 5 out of 5
Early stopping
>>>>>>>testing : ETTm1_720_720_SparseTSF_ETTm1_ftM_sl720_pl720_test_0_seed2023<<<<<<<<<<<<<<<<<<<<<<<<<<<<<<<<<
test 10801
mse:0.4192318916320801, mae:0.41325074434280396, rse:0.6160244345664978
