Args in experiment:
Namespace(is_training=1, model_id='ETTm2_336_192', model='SparseTSF', data='ETTm2', root_path='./dataset/', data_path='ETTm2.csv', features='M', target='OT', freq='h', checkpoints='./checkpoints/', seq_len=336, label_len=48, pred_len=192, period_len=4, fc_dropout=0.05, head_dropout=0.0, patch_len=16, stride=8, padding_patch='end', revin=1, affine=0, subtract_last=0, decomposition=0, kernel_size=25, individual=0, embed_type=0, enc_in=7, dec_in=7, c_out=7, d_model=512, n_heads=8, e_layers=2, d_layers=1, d_ff=2048, moving_avg=25, factor=1, distil=True, dropout=0.05, embed='learned', activation='gelu', output_attention=False, do_predict=False, num_workers=10, itr=1, train_epochs=30, batch_size=256, patience=5, learning_rate=0.02, des='test', loss='mse', lradj='type3', pct_start=0.3, use_amp=False, use_gpu=True, gpu=2, use_multi_gpu=0, devices='0,1', test_flop=False)
Use GPU: cuda:2
>>>>>>>start training : ETTm2_336_192_SparseTSF_ETTm2_ftM_sl336_pl192_test_0_seed2023>>>>>>>>>>>>>>>>>>>>>>>>>>
train 34033
val 11329
test 11329
	iters: 100, epoch: 1 | loss: 0.3132163
	speed: 0.1275s/iter; left time: 492.3161s
Epoch: 1 cost time: 15.241419076919556
Epoch: 1, Steps: 132 | Train Loss: 0.3890737 Vali Loss: 0.1804060 Test Loss: 0.2458657
Validation loss decreased (inf --> 0.180406).  Saving model ...
Updating learning rate to 0.02
	iters: 100, epoch: 2 | loss: 0.3057077
	speed: 0.2599s/iter; left time: 969.2346s
Epoch: 2 cost time: 10.716689109802246
Epoch: 2, Steps: 132 | Train Loss: 0.3173516 Vali Loss: 0.1614902 Test Loss: 0.2232196
Validation loss decreased (0.180406 --> 0.161490).  Saving model ...
Updating learning rate to 0.02
	iters: 100, epoch: 3 | loss: 0.2652619
	speed: 0.2603s/iter; left time: 936.1395s
Epoch: 3 cost time: 11.503241300582886
Epoch: 3, Steps: 132 | Train Loss: 0.3068158 Vali Loss: 0.1592707 Test Loss: 0.2229244
Validation loss decreased (0.161490 --> 0.159271).  Saving model ...
Updating learning rate to 0.02
	iters: 100, epoch: 4 | loss: 0.3390438
	speed: 0.2762s/iter; left time: 957.1320s
Epoch: 4 cost time: 11.71184229850769
Epoch: 4, Steps: 132 | Train Loss: 0.3062404 Vali Loss: 0.1582863 Test Loss: 0.2204737
Validation loss decreased (0.159271 --> 0.158286).  Saving model ...
Updating learning rate to 0.016
	iters: 100, epoch: 5 | loss: 0.3018435
	speed: 0.2652s/iter; left time: 883.7878s
Epoch: 5 cost time: 11.29923152923584
Epoch: 5, Steps: 132 | Train Loss: 0.3045812 Vali Loss: 0.1573680 Test Loss: 0.2220220
Validation loss decreased (0.158286 --> 0.157368).  Saving model ...
Updating learning rate to 0.012800000000000002
	iters: 100, epoch: 6 | loss: 0.3528381
	speed: 0.2646s/iter; left time: 846.8321s
Epoch: 6 cost time: 11.136038303375244
Epoch: 6, Steps: 132 | Train Loss: 0.3036615 Vali Loss: 0.1573067 Test Loss: 0.2190274
Validation loss decreased (0.157368 --> 0.157307).  Saving model ...
Updating learning rate to 0.010240000000000003
	iters: 100, epoch: 7 | loss: 0.3174943
	speed: 0.2675s/iter; left time: 820.8564s
Epoch: 7 cost time: 10.976454734802246
Epoch: 7, Steps: 132 | Train Loss: 0.3026050 Vali Loss: 0.1565926 Test Loss: 0.2195959
Validation loss decreased (0.157307 --> 0.156593).  Saving model ...
Updating learning rate to 0.008192000000000001
	iters: 100, epoch: 8 | loss: 0.2752690
	speed: 0.2660s/iter; left time: 781.2391s
Epoch: 8 cost time: 11.366143226623535
Epoch: 8, Steps: 132 | Train Loss: 0.3018651 Vali Loss: 0.1569640 Test Loss: 0.2208960
EarlyStopping counter: 1 out of 5
Updating learning rate to 0.0065536000000000014
	iters: 100, epoch: 9 | loss: 0.2988091
	speed: 0.2670s/iter; left time: 748.9995s
Epoch: 9 cost time: 10.88888955116272
Epoch: 9, Steps: 132 | Train Loss: 0.3025215 Vali Loss: 0.1561326 Test Loss: 0.2186369
Validation loss decreased (0.156593 --> 0.156133).  Saving model ...
Updating learning rate to 0.005242880000000002
	iters: 100, epoch: 10 | loss: 0.2537599
	speed: 0.2647s/iter; left time: 707.6308s
Epoch: 10 cost time: 11.154698610305786
Epoch: 10, Steps: 132 | Train Loss: 0.3011977 Vali Loss: 0.1572514 Test Loss: 0.2188119
EarlyStopping counter: 1 out of 5
Updating learning rate to 0.004194304000000002
	iters: 100, epoch: 11 | loss: 0.3663179
	speed: 0.2596s/iter; left time: 659.6070s
Epoch: 11 cost time: 10.284493207931519
Epoch: 11, Steps: 132 | Train Loss: 0.3007413 Vali Loss: 0.1565785 Test Loss: 0.2194566
EarlyStopping counter: 2 out of 5
Updating learning rate to 0.003355443200000002
	iters: 100, epoch: 12 | loss: 0.4474919
	speed: 0.2260s/iter; left time: 544.4764s
Epoch: 12 cost time: 9.78710150718689
Epoch: 12, Steps: 132 | Train Loss: 0.3006947 Vali Loss: 0.1567707 Test Loss: 0.2200769
EarlyStopping counter: 3 out of 5
Updating learning rate to 0.002684354560000001
	iters: 100, epoch: 13 | loss: 0.2993138
	speed: 0.2605s/iter; left time: 593.2175s
Epoch: 13 cost time: 10.220372676849365
Epoch: 13, Steps: 132 | Train Loss: 0.2999256 Vali Loss: 0.1561665 Test Loss: 0.2185177
EarlyStopping counter: 4 out of 5
Updating learning rate to 0.0021474836480000013
	iters: 100, epoch: 14 | loss: 0.3314569
	speed: 0.2459s/iter; left time: 527.4703s
Epoch: 14 cost time: 10.09376859664917
Epoch: 14, Steps: 132 | Train Loss: 0.3007572 Vali Loss: 0.1562004 Test Loss: 0.2203867
EarlyStopping counter: 5 out of 5
Early stopping
>>>>>>>testing : ETTm2_336_192_SparseTSF_ETTm2_ftM_sl336_pl192_test_0_seed2023<<<<<<<<<<<<<<<<<<<<<<<<<<<<<<<<<
test 11329
mse:0.2208104431629181, mae:0.29163122177124023, rse:0.38036882877349854
