Args in experiment:
Namespace(is_training=1, model_id='ETTm1_192_192', model='SparseTSF', data='ETTm1', root_path='./dataset/', data_path='ETTm1.csv', features='M', target='OT', freq='h', checkpoints='./checkpoints/', seq_len=192, label_len=48, pred_len=192, period_len=4, fc_dropout=0.05, head_dropout=0.0, patch_len=16, stride=8, padding_patch='end', revin=1, affine=0, subtract_last=0, decomposition=0, kernel_size=25, individual=0, embed_type=0, enc_in=7, dec_in=7, c_out=7, d_model=512, n_heads=8, e_layers=2, d_layers=1, d_ff=2048, moving_avg=25, factor=1, distil=True, dropout=0.05, embed='learned', activation='gelu', output_attention=False, do_predict=False, num_workers=10, itr=1, train_epochs=30, batch_size=256, patience=5, learning_rate=0.02, des='test', loss='mse', lradj='type3', pct_start=0.3, use_amp=False, use_gpu=True, gpu=2, use_multi_gpu=0, devices='0,1', test_flop=False)
Use GPU: cuda:2
>>>>>>>start training : ETTm1_192_192_SparseTSF_ETTm1_ftM_sl192_pl192_test_0_seed2023>>>>>>>>>>>>>>>>>>>>>>>>>>
train 34177
val 11329
test 11329
	iters: 100, epoch: 1 | loss: 0.3834838
	speed: 0.1395s/iter; left time: 542.7022s
Epoch: 1 cost time: 16.566936492919922
Epoch: 1, Steps: 133 | Train Loss: 0.4481083 Vali Loss: 0.5739248 Test Loss: 0.4009263
Validation loss decreased (inf --> 0.573925).  Saving model ...
Updating learning rate to 0.02
	iters: 100, epoch: 2 | loss: 0.3216169
	speed: 0.2846s/iter; left time: 1069.4938s
Epoch: 2 cost time: 11.798269271850586
Epoch: 2, Steps: 133 | Train Loss: 0.3408020 Vali Loss: 0.5291939 Test Loss: 0.3507515
Validation loss decreased (0.573925 --> 0.529194).  Saving model ...
Updating learning rate to 0.02
	iters: 100, epoch: 3 | loss: 0.3093133
	speed: 0.2954s/iter; left time: 1070.9684s
Epoch: 3 cost time: 12.063427209854126
Epoch: 3, Steps: 133 | Train Loss: 0.3317212 Vali Loss: 0.5300796 Test Loss: 0.3483249
EarlyStopping counter: 1 out of 5
Updating learning rate to 0.02
	iters: 100, epoch: 4 | loss: 0.3352852
	speed: 0.2848s/iter; left time: 994.4992s
Epoch: 4 cost time: 11.501334190368652
Epoch: 4, Steps: 133 | Train Loss: 0.3310595 Vali Loss: 0.5194952 Test Loss: 0.3497199
Validation loss decreased (0.529194 --> 0.519495).  Saving model ...
Updating learning rate to 0.016
	iters: 100, epoch: 5 | loss: 0.3102188
	speed: 0.2948s/iter; left time: 990.0935s
Epoch: 5 cost time: 11.847499132156372
Epoch: 5, Steps: 133 | Train Loss: 0.3305395 Vali Loss: 0.5220186 Test Loss: 0.3490306
EarlyStopping counter: 1 out of 5
Updating learning rate to 0.012800000000000002
	iters: 100, epoch: 6 | loss: 0.3510608
	speed: 0.2849s/iter; left time: 919.0266s
Epoch: 6 cost time: 11.278795719146729
Epoch: 6, Steps: 133 | Train Loss: 0.3296873 Vali Loss: 0.5227416 Test Loss: 0.3480034
EarlyStopping counter: 2 out of 5
Updating learning rate to 0.010240000000000003
	iters: 100, epoch: 7 | loss: 0.3348276
	speed: 0.2848s/iter; left time: 880.7536s
Epoch: 7 cost time: 11.762747764587402
Epoch: 7, Steps: 133 | Train Loss: 0.3293812 Vali Loss: 0.5267645 Test Loss: 0.3474548
EarlyStopping counter: 3 out of 5
Updating learning rate to 0.008192000000000001
	iters: 100, epoch: 8 | loss: 0.3212737
	speed: 0.2902s/iter; left time: 859.1286s
Epoch: 8 cost time: 11.96494197845459
Epoch: 8, Steps: 133 | Train Loss: 0.3293804 Vali Loss: 0.5218639 Test Loss: 0.3480385
EarlyStopping counter: 4 out of 5
Updating learning rate to 0.0065536000000000014
	iters: 100, epoch: 9 | loss: 0.3501130
	speed: 0.2822s/iter; left time: 797.7118s
Epoch: 9 cost time: 11.389055252075195
Epoch: 9, Steps: 133 | Train Loss: 0.3287696 Vali Loss: 0.5254104 Test Loss: 0.3469632
EarlyStopping counter: 5 out of 5
Early stopping
>>>>>>>testing : ETTm1_192_192_SparseTSF_ETTm1_ftM_sl192_pl192_test_0_seed2023<<<<<<<<<<<<<<<<<<<<<<<<<<<<<<<<<
test 11329
mse:0.3505108654499054, mae:0.3714437484741211, rse:0.5635756850242615
