Args in experiment:
Namespace(is_training=1, model_id='ETTm2_192_96', model='SparseTSF', data='ETTm2', root_path='./dataset/', data_path='ETTm2.csv', features='M', target='OT', freq='h', checkpoints='./checkpoints/', seq_len=192, label_len=48, pred_len=96, period_len=4, fc_dropout=0.05, head_dropout=0.0, patch_len=16, stride=8, padding_patch='end', revin=1, affine=0, subtract_last=0, decomposition=0, kernel_size=25, individual=0, embed_type=0, enc_in=7, dec_in=7, c_out=7, d_model=512, n_heads=8, e_layers=2, d_layers=1, d_ff=2048, moving_avg=25, factor=1, distil=True, dropout=0.05, embed='learned', activation='gelu', output_attention=False, do_predict=False, num_workers=10, itr=1, train_epochs=30, batch_size=256, patience=5, learning_rate=0.02, des='test', loss='mse', lradj='type3', pct_start=0.3, use_amp=False, use_gpu=True, gpu=2, use_multi_gpu=0, devices='0,1', test_flop=False)
Use GPU: cuda:2
>>>>>>>start training : ETTm2_192_96_SparseTSF_ETTm2_ftM_sl192_pl96_test_0_seed2023>>>>>>>>>>>>>>>>>>>>>>>>>>
train 34273
val 11425
test 11425
	iters: 100, epoch: 1 | loss: 0.2826002
	speed: 0.1360s/iter; left time: 529.0902s
Epoch: 1 cost time: 16.11819076538086
Epoch: 1, Steps: 133 | Train Loss: 0.3040650 Vali Loss: 0.1438497 Test Loss: 0.1985735
Validation loss decreased (inf --> 0.143850).  Saving model ...
Updating learning rate to 0.02
	iters: 100, epoch: 2 | loss: 0.2725022
	speed: 0.2457s/iter; left time: 923.2556s
Epoch: 2 cost time: 10.696560144424438
Epoch: 2, Steps: 133 | Train Loss: 0.2397953 Vali Loss: 0.1246537 Test Loss: 0.1769994
Validation loss decreased (0.143850 --> 0.124654).  Saving model ...
Updating learning rate to 0.02
	iters: 100, epoch: 3 | loss: 0.2356159
	speed: 0.2420s/iter; left time: 877.1814s
Epoch: 3 cost time: 10.516752004623413
Epoch: 3, Steps: 133 | Train Loss: 0.2330770 Vali Loss: 0.1229846 Test Loss: 0.1758506
Validation loss decreased (0.124654 --> 0.122985).  Saving model ...
Updating learning rate to 0.02
	iters: 100, epoch: 4 | loss: 0.2074191
	speed: 0.2552s/iter; left time: 891.2006s
Epoch: 4 cost time: 10.92101526260376
Epoch: 4, Steps: 133 | Train Loss: 0.2322914 Vali Loss: 0.1239636 Test Loss: 0.1743887
EarlyStopping counter: 1 out of 5
Updating learning rate to 0.016
	iters: 100, epoch: 5 | loss: 0.2912886
	speed: 0.2786s/iter; left time: 935.7343s
Epoch: 5 cost time: 12.083611488342285
Epoch: 5, Steps: 133 | Train Loss: 0.2316115 Vali Loss: 0.1240908 Test Loss: 0.1763019
EarlyStopping counter: 2 out of 5
Updating learning rate to 0.012800000000000002
	iters: 100, epoch: 6 | loss: 0.3624279
	speed: 0.2780s/iter; left time: 896.9049s
Epoch: 6 cost time: 11.381896495819092
Epoch: 6, Steps: 133 | Train Loss: 0.2305315 Vali Loss: 0.1231293 Test Loss: 0.1731090
EarlyStopping counter: 3 out of 5
Updating learning rate to 0.010240000000000003
	iters: 100, epoch: 7 | loss: 0.2322272
	speed: 0.2711s/iter; left time: 838.3697s
Epoch: 7 cost time: 11.293113470077515
Epoch: 7, Steps: 133 | Train Loss: 0.2304943 Vali Loss: 0.1232847 Test Loss: 0.1738424
EarlyStopping counter: 4 out of 5
Updating learning rate to 0.008192000000000001
	iters: 100, epoch: 8 | loss: 0.1575788
	speed: 0.2637s/iter; left time: 780.6141s
Epoch: 8 cost time: 10.698634147644043
Epoch: 8, Steps: 133 | Train Loss: 0.2309559 Vali Loss: 0.1231537 Test Loss: 0.1742327
EarlyStopping counter: 5 out of 5
Early stopping
>>>>>>>testing : ETTm2_192_96_SparseTSF_ETTm2_ftM_sl192_pl96_test_0_seed2023<<<<<<<<<<<<<<<<<<<<<<<<<<<<<<<<<
test 11425
mse:0.17663899064064026, mae:0.25949570536613464, rse:0.34075281023979187
