Args in experiment:
Namespace(is_training=1, model_id='ETTm2_96_720', model='SparseTSF', data='ETTm2', root_path='./dataset/', data_path='ETTm2.csv', features='M', target='OT', freq='h', checkpoints='./checkpoints/', seq_len=96, label_len=48, pred_len=720, period_len=4, fc_dropout=0.05, head_dropout=0.0, patch_len=16, stride=8, padding_patch='end', revin=1, affine=0, subtract_last=0, decomposition=0, kernel_size=25, individual=0, embed_type=0, enc_in=7, dec_in=7, c_out=7, d_model=512, n_heads=8, e_layers=2, d_layers=1, d_ff=2048, moving_avg=25, factor=1, distil=True, dropout=0.05, embed='learned', activation='gelu', output_attention=False, do_predict=False, num_workers=10, itr=1, train_epochs=30, batch_size=256, patience=5, learning_rate=0.02, des='test', loss='mse', lradj='type3', pct_start=0.3, use_amp=False, use_gpu=True, gpu=2, use_multi_gpu=0, devices='0,1', test_flop=False)
Use GPU: cuda:2
>>>>>>>start training : ETTm2_96_720_SparseTSF_ETTm2_ftM_sl96_pl720_test_0_seed2023>>>>>>>>>>>>>>>>>>>>>>>>>>
train 33745
val 10801
test 10801
	iters: 100, epoch: 1 | loss: 0.6876298
	speed: 0.1440s/iter; left time: 551.7703s
Epoch: 1 cost time: 16.88848376274109
Epoch: 1, Steps: 131 | Train Loss: 0.6388026 Vali Loss: 0.3091807 Test Loss: 0.4364615
Validation loss decreased (inf --> 0.309181).  Saving model ...
Updating learning rate to 0.02
	iters: 100, epoch: 2 | loss: 0.5429498
	speed: 0.2649s/iter; left time: 980.1695s
Epoch: 2 cost time: 11.610904932022095
Epoch: 2, Steps: 131 | Train Loss: 0.5922796 Vali Loss: 0.2905231 Test Loss: 0.4155939
Validation loss decreased (0.309181 --> 0.290523).  Saving model ...
Updating learning rate to 0.02
	iters: 100, epoch: 3 | loss: 0.6434026
	speed: 0.3031s/iter; left time: 1081.8669s
Epoch: 3 cost time: 12.974394798278809
Epoch: 3, Steps: 131 | Train Loss: 0.5892961 Vali Loss: 0.2909968 Test Loss: 0.4159242
EarlyStopping counter: 1 out of 5
Updating learning rate to 0.02
	iters: 100, epoch: 4 | loss: 0.6989519
	speed: 0.2962s/iter; left time: 1018.3622s
Epoch: 4 cost time: 12.023836135864258
Epoch: 4, Steps: 131 | Train Loss: 0.5888500 Vali Loss: 0.2899807 Test Loss: 0.4146551
Validation loss decreased (0.290523 --> 0.289981).  Saving model ...
Updating learning rate to 0.016
	iters: 100, epoch: 5 | loss: 0.5176215
	speed: 0.2761s/iter; left time: 912.9108s
Epoch: 5 cost time: 11.801610469818115
Epoch: 5, Steps: 131 | Train Loss: 0.5875271 Vali Loss: 0.2915947 Test Loss: 0.4169007
EarlyStopping counter: 1 out of 5
Updating learning rate to 0.012800000000000002
	iters: 100, epoch: 6 | loss: 0.7689179
	speed: 0.2402s/iter; left time: 762.8572s
Epoch: 6 cost time: 9.16033124923706
Epoch: 6, Steps: 131 | Train Loss: 0.5884353 Vali Loss: 0.2896857 Test Loss: 0.4149662
Validation loss decreased (0.289981 --> 0.289686).  Saving model ...
Updating learning rate to 0.010240000000000003
	iters: 100, epoch: 7 | loss: 0.7436479
	speed: 0.2741s/iter; left time: 834.7618s
Epoch: 7 cost time: 11.84654450416565
Epoch: 7, Steps: 131 | Train Loss: 0.5869699 Vali Loss: 0.2897516 Test Loss: 0.4152071
EarlyStopping counter: 1 out of 5
Updating learning rate to 0.008192000000000001
	iters: 100, epoch: 8 | loss: 0.6559311
	speed: 0.2514s/iter; left time: 732.6397s
Epoch: 8 cost time: 10.362547874450684
Epoch: 8, Steps: 131 | Train Loss: 0.5868268 Vali Loss: 0.2891463 Test Loss: 0.4141361
Validation loss decreased (0.289686 --> 0.289146).  Saving model ...
Updating learning rate to 0.0065536000000000014
	iters: 100, epoch: 9 | loss: 0.5394132
	speed: 0.2505s/iter; left time: 697.1890s
Epoch: 9 cost time: 10.418087482452393
Epoch: 9, Steps: 131 | Train Loss: 0.5863003 Vali Loss: 0.2903623 Test Loss: 0.4157301
EarlyStopping counter: 1 out of 5
Updating learning rate to 0.005242880000000002
	iters: 100, epoch: 10 | loss: 0.7268214
	speed: 0.2491s/iter; left time: 660.5128s
Epoch: 10 cost time: 10.335098028182983
Epoch: 10, Steps: 131 | Train Loss: 0.5859324 Vali Loss: 0.2891515 Test Loss: 0.4142217
EarlyStopping counter: 2 out of 5
Updating learning rate to 0.004194304000000002
	iters: 100, epoch: 11 | loss: 0.5105436
	speed: 0.2426s/iter; left time: 611.6624s
Epoch: 11 cost time: 10.599093914031982
Epoch: 11, Steps: 131 | Train Loss: 0.5859696 Vali Loss: 0.2889624 Test Loss: 0.4138614
Validation loss decreased (0.289146 --> 0.288962).  Saving model ...
Updating learning rate to 0.003355443200000002
	iters: 100, epoch: 12 | loss: 0.6468286
	speed: 0.2470s/iter; left time: 590.3056s
Epoch: 12 cost time: 10.183060884475708
Epoch: 12, Steps: 131 | Train Loss: 0.5859334 Vali Loss: 0.2891506 Test Loss: 0.4142794
EarlyStopping counter: 1 out of 5
Updating learning rate to 0.002684354560000001
	iters: 100, epoch: 13 | loss: 0.5999768
	speed: 0.2745s/iter; left time: 620.0430s
Epoch: 13 cost time: 13.187745094299316
Epoch: 13, Steps: 131 | Train Loss: 0.5872799 Vali Loss: 0.2897317 Test Loss: 0.4145430
EarlyStopping counter: 2 out of 5
Updating learning rate to 0.0021474836480000013
	iters: 100, epoch: 14 | loss: 0.5521257
	speed: 0.2908s/iter; left time: 618.7936s
Epoch: 14 cost time: 12.093377113342285
Epoch: 14, Steps: 131 | Train Loss: 0.5866856 Vali Loss: 0.2893547 Test Loss: 0.4143700
EarlyStopping counter: 3 out of 5
Updating learning rate to 0.0017179869184000011
	iters: 100, epoch: 15 | loss: 0.5766973
	speed: 0.2762s/iter; left time: 551.6674s
Epoch: 15 cost time: 11.030364513397217
Epoch: 15, Steps: 131 | Train Loss: 0.5862070 Vali Loss: 0.2887537 Test Loss: 0.4140815
Validation loss decreased (0.288962 --> 0.288754).  Saving model ...
Updating learning rate to 0.0013743895347200009
	iters: 100, epoch: 16 | loss: 0.5150883
	speed: 0.2889s/iter; left time: 539.0407s
Epoch: 16 cost time: 12.302018880844116
Epoch: 16, Steps: 131 | Train Loss: 0.5865482 Vali Loss: 0.2890912 Test Loss: 0.4142244
EarlyStopping counter: 1 out of 5
Updating learning rate to 0.0010995116277760007
	iters: 100, epoch: 17 | loss: 0.5830064
	speed: 0.2833s/iter; left time: 491.4531s
Epoch: 17 cost time: 13.379208087921143
Epoch: 17, Steps: 131 | Train Loss: 0.5854789 Vali Loss: 0.2890568 Test Loss: 0.4140178
EarlyStopping counter: 2 out of 5
Updating learning rate to 0.0008796093022208007
	iters: 100, epoch: 18 | loss: 0.5982813
	speed: 0.2945s/iter; left time: 472.3210s
Epoch: 18 cost time: 12.18668270111084
Epoch: 18, Steps: 131 | Train Loss: 0.5851723 Vali Loss: 0.2893181 Test Loss: 0.4143228
EarlyStopping counter: 3 out of 5
Updating learning rate to 0.0007036874417766406
	iters: 100, epoch: 19 | loss: 0.6173153
	speed: 0.2725s/iter; left time: 401.4441s
Epoch: 19 cost time: 11.007101058959961
Epoch: 19, Steps: 131 | Train Loss: 0.5857546 Vali Loss: 0.2897332 Test Loss: 0.4143395
EarlyStopping counter: 4 out of 5
Updating learning rate to 0.0005629499534213125
	iters: 100, epoch: 20 | loss: 0.6685969
	speed: 0.2858s/iter; left time: 383.5790s
Epoch: 20 cost time: 12.356515884399414
Epoch: 20, Steps: 131 | Train Loss: 0.5858297 Vali Loss: 0.2889633 Test Loss: 0.4143223
EarlyStopping counter: 5 out of 5
Early stopping
>>>>>>>testing : ETTm2_96_720_SparseTSF_ETTm2_ftM_sl96_pl720_test_0_seed2023<<<<<<<<<<<<<<<<<<<<<<<<<<<<<<<<<
test 10801
mse:0.4078061580657959, mae:0.3982217609882355, rse:0.5133000016212463
