Args in experiment:
Namespace(is_training=1, model_id='ETTm2_720_720', model='SparseTSF', data='ETTm2', root_path='./dataset/', data_path='ETTm2.csv', features='M', target='OT', freq='h', checkpoints='./checkpoints/', seq_len=720, label_len=48, pred_len=720, period_len=4, fc_dropout=0.05, head_dropout=0.0, patch_len=16, stride=8, padding_patch='end', revin=1, affine=0, subtract_last=0, decomposition=0, kernel_size=25, individual=0, embed_type=0, enc_in=7, dec_in=7, c_out=7, d_model=512, n_heads=8, e_layers=2, d_layers=1, d_ff=2048, moving_avg=25, factor=1, distil=True, dropout=0.05, embed='learned', activation='gelu', output_attention=False, do_predict=False, num_workers=10, itr=1, train_epochs=30, batch_size=256, patience=5, learning_rate=0.02, des='test', loss='mse', lradj='type3', pct_start=0.3, use_amp=False, use_gpu=True, gpu=0, use_multi_gpu=0, devices='0,1', test_flop=False)
Use GPU: cuda:0
>>>>>>>start training : ETTm2_720_720_SparseTSF_ETTm2_ftM_sl720_pl720_test_0_seed2023>>>>>>>>>>>>>>>>>>>>>>>>>>
train 33121
val 10801
test 10801
	iters: 100, epoch: 1 | loss: 0.5328138
	speed: 0.0402s/iter; left time: 151.5722s
Epoch: 1 cost time: 4.5815253257751465
Epoch: 1, Steps: 129 | Train Loss: 0.5648367 Vali Loss: 0.2802403 Test Loss: 0.3802721
Validation loss decreased (inf --> 0.280240).  Saving model ...
Updating learning rate to 0.02
	iters: 100, epoch: 2 | loss: 0.4798205
	speed: 0.0691s/iter; left time: 251.6046s
Epoch: 2 cost time: 3.320856809616089
Epoch: 2, Steps: 129 | Train Loss: 0.5128142 Vali Loss: 0.2659204 Test Loss: 0.3659799
Validation loss decreased (0.280240 --> 0.265920).  Saving model ...
Updating learning rate to 0.02
	iters: 100, epoch: 3 | loss: 0.5002187
	speed: 0.0718s/iter; left time: 252.3267s
Epoch: 3 cost time: 3.2187087535858154
Epoch: 3, Steps: 129 | Train Loss: 0.5042409 Vali Loss: 0.2685631 Test Loss: 0.3678683
EarlyStopping counter: 1 out of 5
Updating learning rate to 0.02
	iters: 100, epoch: 4 | loss: 0.4171247
	speed: 0.0719s/iter; left time: 243.2788s
Epoch: 4 cost time: 3.276475191116333
Epoch: 4, Steps: 129 | Train Loss: 0.5021492 Vali Loss: 0.2625854 Test Loss: 0.3615337
Validation loss decreased (0.265920 --> 0.262585).  Saving model ...
Updating learning rate to 0.016
	iters: 100, epoch: 5 | loss: 0.5344469
	speed: 0.0728s/iter; left time: 237.0552s
Epoch: 5 cost time: 3.357940912246704
Epoch: 5, Steps: 129 | Train Loss: 0.5023209 Vali Loss: 0.2644426 Test Loss: 0.3615787
EarlyStopping counter: 1 out of 5
Updating learning rate to 0.012800000000000002
	iters: 100, epoch: 6 | loss: 0.4499225
	speed: 0.0728s/iter; left time: 227.4226s
Epoch: 6 cost time: 3.291098117828369
Epoch: 6, Steps: 129 | Train Loss: 0.4979576 Vali Loss: 0.2627882 Test Loss: 0.3596240
EarlyStopping counter: 2 out of 5
Updating learning rate to 0.010240000000000003
	iters: 100, epoch: 7 | loss: 0.6394774
	speed: 0.0712s/iter; left time: 213.3685s
Epoch: 7 cost time: 3.3043904304504395
Epoch: 7, Steps: 129 | Train Loss: 0.4977067 Vali Loss: 0.2604563 Test Loss: 0.3620817
Validation loss decreased (0.262585 --> 0.260456).  Saving model ...
Updating learning rate to 0.008192000000000001
	iters: 100, epoch: 8 | loss: 0.5325288
	speed: 0.0716s/iter; left time: 205.4342s
Epoch: 8 cost time: 3.2765562534332275
Epoch: 8, Steps: 129 | Train Loss: 0.4963850 Vali Loss: 0.2632835 Test Loss: 0.3612882
EarlyStopping counter: 1 out of 5
Updating learning rate to 0.0065536000000000014
	iters: 100, epoch: 9 | loss: 0.4456811
	speed: 0.0715s/iter; left time: 195.7941s
Epoch: 9 cost time: 3.287184000015259
Epoch: 9, Steps: 129 | Train Loss: 0.4956797 Vali Loss: 0.2615627 Test Loss: 0.3596444
EarlyStopping counter: 2 out of 5
Updating learning rate to 0.005242880000000002
	iters: 100, epoch: 10 | loss: 0.5255617
	speed: 0.0727s/iter; left time: 189.7956s
Epoch: 10 cost time: 3.2481939792633057
Epoch: 10, Steps: 129 | Train Loss: 0.4959202 Vali Loss: 0.2634971 Test Loss: 0.3590249
EarlyStopping counter: 3 out of 5
Updating learning rate to 0.004194304000000002
	iters: 100, epoch: 11 | loss: 0.4113530
	speed: 0.0715s/iter; left time: 177.4305s
Epoch: 11 cost time: 3.3677406311035156
Epoch: 11, Steps: 129 | Train Loss: 0.4948762 Vali Loss: 0.2611260 Test Loss: 0.3580071
EarlyStopping counter: 4 out of 5
Updating learning rate to 0.003355443200000002
	iters: 100, epoch: 12 | loss: 0.4729744
	speed: 0.0715s/iter; left time: 168.2695s
Epoch: 12 cost time: 3.344334840774536
Epoch: 12, Steps: 129 | Train Loss: 0.4955039 Vali Loss: 0.2605966 Test Loss: 0.3575942
EarlyStopping counter: 5 out of 5
Early stopping
>>>>>>>testing : ETTm2_720_720_SparseTSF_ETTm2_ftM_sl720_pl720_test_0_seed2023<<<<<<<<<<<<<<<<<<<<<<<<<<<<<<<<<
test 10801
mse:0.35291606187820435, mae:0.3797348737716675, rse:0.47750741243362427
