Args in experiment:
Namespace(is_training=1, model_id='ETTm1_720_192', model='SparseTSF', data='ETTm1', root_path='./dataset/', data_path='ETTm1.csv', features='M', target='OT', freq='h', checkpoints='./checkpoints/', seq_len=720, label_len=48, pred_len=192, period_len=4, fc_dropout=0.05, head_dropout=0.0, patch_len=16, stride=8, padding_patch='end', revin=1, affine=0, subtract_last=0, decomposition=0, kernel_size=25, individual=0, embed_type=0, enc_in=7, dec_in=7, c_out=7, d_model=512, n_heads=8, e_layers=2, d_layers=1, d_ff=2048, moving_avg=25, factor=1, distil=True, dropout=0.05, embed='learned', activation='gelu', output_attention=False, do_predict=False, num_workers=10, itr=1, train_epochs=30, batch_size=256, patience=5, learning_rate=0.02, des='test', loss='mse', lradj='type3', pct_start=0.3, use_amp=False, use_gpu=True, gpu=0, use_multi_gpu=0, devices='0,1', test_flop=False)
Use GPU: cuda:0
>>>>>>>start training : ETTm1_720_192_SparseTSF_ETTm1_ftM_sl720_pl192_test_0_seed2023>>>>>>>>>>>>>>>>>>>>>>>>>>
train 33649
val 11329
test 11329
	iters: 100, epoch: 1 | loss: 0.3525829
	speed: 0.0391s/iter; left time: 149.7260s
Epoch: 1 cost time: 4.4490954875946045
Epoch: 1, Steps: 131 | Train Loss: 0.3953175 Vali Loss: 0.5573862 Test Loss: 0.3741047
Validation loss decreased (inf --> 0.557386).  Saving model ...
Updating learning rate to 0.02
	iters: 100, epoch: 2 | loss: 0.3225804
	speed: 0.0596s/iter; left time: 220.6320s
Epoch: 2 cost time: 2.8706741333007812
Epoch: 2, Steps: 131 | Train Loss: 0.3113815 Vali Loss: 0.5305088 Test Loss: 0.3462496
Validation loss decreased (0.557386 --> 0.530509).  Saving model ...
Updating learning rate to 0.02
	iters: 100, epoch: 3 | loss: 0.3044363
	speed: 0.0577s/iter; left time: 206.0745s
Epoch: 3 cost time: 2.6959283351898193
Epoch: 3, Steps: 131 | Train Loss: 0.3055873 Vali Loss: 0.5113347 Test Loss: 0.3480389
Validation loss decreased (0.530509 --> 0.511335).  Saving model ...
Updating learning rate to 0.02
	iters: 100, epoch: 4 | loss: 0.3328326
	speed: 0.0574s/iter; left time: 197.2983s
Epoch: 4 cost time: 2.8047003746032715
Epoch: 4, Steps: 131 | Train Loss: 0.3031261 Vali Loss: 0.5284747 Test Loss: 0.3421222
EarlyStopping counter: 1 out of 5
Updating learning rate to 0.016
	iters: 100, epoch: 5 | loss: 0.2825842
	speed: 0.0588s/iter; left time: 194.5760s
Epoch: 5 cost time: 2.8134396076202393
Epoch: 5, Steps: 131 | Train Loss: 0.3017966 Vali Loss: 0.5242110 Test Loss: 0.3394267
EarlyStopping counter: 2 out of 5
Updating learning rate to 0.012800000000000002
	iters: 100, epoch: 6 | loss: 0.3000855
	speed: 0.0585s/iter; left time: 185.8081s
Epoch: 6 cost time: 2.756361246109009
Epoch: 6, Steps: 131 | Train Loss: 0.3006426 Vali Loss: 0.5190122 Test Loss: 0.3406396
EarlyStopping counter: 3 out of 5
Updating learning rate to 0.010240000000000003
	iters: 100, epoch: 7 | loss: 0.3048529
	speed: 0.0589s/iter; left time: 179.4146s
Epoch: 7 cost time: 2.8241329193115234
Epoch: 7, Steps: 131 | Train Loss: 0.2999752 Vali Loss: 0.5153027 Test Loss: 0.3416641
EarlyStopping counter: 4 out of 5
Updating learning rate to 0.008192000000000001
	iters: 100, epoch: 8 | loss: 0.3009481
	speed: 0.0603s/iter; left time: 175.7486s
Epoch: 8 cost time: 2.8585731983184814
Epoch: 8, Steps: 131 | Train Loss: 0.2993217 Vali Loss: 0.5188870 Test Loss: 0.3392058
EarlyStopping counter: 5 out of 5
Early stopping
>>>>>>>testing : ETTm1_720_192_SparseTSF_ETTm1_ftM_sl720_pl192_test_0_seed2023<<<<<<<<<<<<<<<<<<<<<<<<<<<<<<<<<
test 11329
mse:0.3477395176887512, mae:0.3764638602733612, rse:0.561343252658844
