Args in experiment:
Namespace(is_training=1, model_id='traffic_96_192', model='SparseTSF', data='custom', root_path='./dataset/', data_path='traffic.csv', features='M', target='OT', freq='h', checkpoints='./checkpoints/', seq_len=96, label_len=48, pred_len=192, period_len=24, fc_dropout=0.05, head_dropout=0.0, patch_len=16, stride=8, padding_patch='end', revin=1, affine=0, subtract_last=0, decomposition=0, kernel_size=25, individual=0, embed_type=0, enc_in=862, dec_in=7, c_out=7, d_model=512, n_heads=8, e_layers=2, d_layers=1, d_ff=2048, moving_avg=25, factor=1, distil=True, dropout=0.05, embed='learned', activation='gelu', output_attention=False, do_predict=False, num_workers=10, itr=1, train_epochs=30, batch_size=128, patience=5, learning_rate=0.03, des='test', loss='mse', lradj='type3', pct_start=0.3, use_amp=False, use_gpu=True, gpu=2, use_multi_gpu=0, devices='0,1', test_flop=False)
Use GPU: cuda:2
>>>>>>>start training : traffic_96_192_SparseTSF_custom_ftM_sl96_pl192_test_0_seed2023>>>>>>>>>>>>>>>>>>>>>>>>>>
train 11993
val 1565
test 3317
Epoch: 1 cost time: 22.631271839141846
Epoch: 1, Steps: 93 | Train Loss: 1.0686061 Vali Loss: 1.1165856 Test Loss: 1.3065070
Validation loss decreased (inf --> 1.116586).  Saving model ...
Updating learning rate to 0.03
Epoch: 2 cost time: 19.56786274909973
Epoch: 2, Steps: 93 | Train Loss: 0.4911693 Vali Loss: 0.5252100 Test Loss: 0.6384510
Validation loss decreased (1.116586 --> 0.525210).  Saving model ...
Updating learning rate to 0.03
Epoch: 3 cost time: 19.196215867996216
Epoch: 3, Steps: 93 | Train Loss: 0.3830574 Vali Loss: 0.5053168 Test Loss: 0.6131914
Validation loss decreased (0.525210 --> 0.505317).  Saving model ...
Updating learning rate to 0.03
Epoch: 4 cost time: 19.530646562576294
Epoch: 4, Steps: 93 | Train Loss: 0.3784540 Vali Loss: 0.5035737 Test Loss: 0.6112193
Validation loss decreased (0.505317 --> 0.503574).  Saving model ...
Updating learning rate to 0.024
Epoch: 5 cost time: 19.89604616165161
Epoch: 5, Steps: 93 | Train Loss: 0.3785290 Vali Loss: 0.5033395 Test Loss: 0.6114458
Validation loss decreased (0.503574 --> 0.503340).  Saving model ...
Updating learning rate to 0.019200000000000002
Epoch: 6 cost time: 19.835635900497437
Epoch: 6, Steps: 93 | Train Loss: 0.3779621 Vali Loss: 0.5043785 Test Loss: 0.6128979
EarlyStopping counter: 1 out of 5
Updating learning rate to 0.015360000000000004
Epoch: 7 cost time: 19.851605653762817
Epoch: 7, Steps: 93 | Train Loss: 0.3780176 Vali Loss: 0.5038397 Test Loss: 0.6116878
EarlyStopping counter: 2 out of 5
Updating learning rate to 0.012288000000000002
Epoch: 8 cost time: 19.478071212768555
Epoch: 8, Steps: 93 | Train Loss: 0.3777790 Vali Loss: 0.5028580 Test Loss: 0.6114233
Validation loss decreased (0.503340 --> 0.502858).  Saving model ...
Updating learning rate to 0.009830400000000001
Epoch: 9 cost time: 18.766043424606323
Epoch: 9, Steps: 93 | Train Loss: 0.3780642 Vali Loss: 0.5032986 Test Loss: 0.6120288
EarlyStopping counter: 1 out of 5
Updating learning rate to 0.007864320000000003
Epoch: 10 cost time: 19.2836754322052
Epoch: 10, Steps: 93 | Train Loss: 0.3781216 Vali Loss: 0.5048252 Test Loss: 0.6135392
EarlyStopping counter: 2 out of 5
Updating learning rate to 0.006291456000000002
Epoch: 11 cost time: 19.04790234565735
Epoch: 11, Steps: 93 | Train Loss: 0.3778393 Vali Loss: 0.5044285 Test Loss: 0.6128041
EarlyStopping counter: 3 out of 5
Updating learning rate to 0.005033164800000003
Epoch: 12 cost time: 18.96556067466736
Epoch: 12, Steps: 93 | Train Loss: 0.3778566 Vali Loss: 0.5042899 Test Loss: 0.6116478
EarlyStopping counter: 4 out of 5
Updating learning rate to 0.004026531840000002
Epoch: 13 cost time: 18.729906797409058
Epoch: 13, Steps: 93 | Train Loss: 0.3777536 Vali Loss: 0.5043246 Test Loss: 0.6116408
EarlyStopping counter: 5 out of 5
Early stopping
>>>>>>>testing : traffic_96_192_SparseTSF_custom_ftM_sl96_pl192_test_0_seed2023<<<<<<<<<<<<<<<<<<<<<<<<<<<<<<<<<
test 3317
mse:0.6111668348312378, mae:0.367160439491272, rse:0.6452215909957886
