Args in experiment:
Namespace(is_training=1, model_id='traffic_336_192', model='SparseTSF', data='custom', root_path='./dataset/', data_path='traffic.csv', features='M', target='OT', freq='h', checkpoints='./checkpoints/', seq_len=336, label_len=48, pred_len=192, period_len=24, fc_dropout=0.05, head_dropout=0.0, patch_len=16, stride=8, padding_patch='end', revin=1, affine=0, subtract_last=0, decomposition=0, kernel_size=25, individual=0, embed_type=0, enc_in=862, dec_in=7, c_out=7, d_model=512, n_heads=8, e_layers=2, d_layers=1, d_ff=2048, moving_avg=25, factor=1, distil=True, dropout=0.05, embed='learned', activation='gelu', output_attention=False, do_predict=False, num_workers=10, itr=1, train_epochs=30, batch_size=128, patience=5, learning_rate=0.03, des='test', loss='mse', lradj='type3', pct_start=0.3, use_amp=False, use_gpu=True, gpu=2, use_multi_gpu=0, devices='0,1', test_flop=False)
Use GPU: cuda:2
>>>>>>>start training : traffic_336_192_SparseTSF_custom_ftM_sl336_pl192_test_0_seed2023>>>>>>>>>>>>>>>>>>>>>>>>>>
train 11753
val 1565
test 3317
Epoch: 1 cost time: 44.99327492713928
Epoch: 1, Steps: 91 | Train Loss: 0.6506174 Vali Loss: 0.5582123 Test Loss: 0.6875709
Validation loss decreased (inf --> 0.558212).  Saving model ...
Updating learning rate to 0.03
Epoch: 2 cost time: 41.44742226600647
Epoch: 2, Steps: 91 | Train Loss: 0.3115279 Vali Loss: 0.3491412 Test Loss: 0.4374694
Validation loss decreased (0.558212 --> 0.349141).  Saving model ...
Updating learning rate to 0.03
Epoch: 3 cost time: 42.18717169761658
Epoch: 3, Steps: 91 | Train Loss: 0.2584988 Vali Loss: 0.3441481 Test Loss: 0.4300048
Validation loss decreased (0.349141 --> 0.344148).  Saving model ...
Updating learning rate to 0.03
Epoch: 4 cost time: 42.28866744041443
Epoch: 4, Steps: 91 | Train Loss: 0.2564366 Vali Loss: 0.3438714 Test Loss: 0.4283603
Validation loss decreased (0.344148 --> 0.343871).  Saving model ...
Updating learning rate to 0.024
Epoch: 5 cost time: 42.05367040634155
Epoch: 5, Steps: 91 | Train Loss: 0.2558665 Vali Loss: 0.3442684 Test Loss: 0.4282098
EarlyStopping counter: 1 out of 5
Updating learning rate to 0.019200000000000002
Epoch: 6 cost time: 42.570863485336304
Epoch: 6, Steps: 91 | Train Loss: 0.2558692 Vali Loss: 0.3437325 Test Loss: 0.4281507
Validation loss decreased (0.343871 --> 0.343732).  Saving model ...
Updating learning rate to 0.015360000000000004
Epoch: 7 cost time: 42.746641397476196
Epoch: 7, Steps: 91 | Train Loss: 0.2557131 Vali Loss: 0.3430829 Test Loss: 0.4271176
Validation loss decreased (0.343732 --> 0.343083).  Saving model ...
Updating learning rate to 0.012288000000000002
Epoch: 8 cost time: 42.74617028236389
Epoch: 8, Steps: 91 | Train Loss: 0.2556622 Vali Loss: 0.3433521 Test Loss: 0.4278439
EarlyStopping counter: 1 out of 5
Updating learning rate to 0.009830400000000001
Epoch: 9 cost time: 43.242162466049194
Epoch: 9, Steps: 91 | Train Loss: 0.2557508 Vali Loss: 0.3438456 Test Loss: 0.4274528
EarlyStopping counter: 2 out of 5
Updating learning rate to 0.007864320000000003
Epoch: 10 cost time: 42.71020007133484
Epoch: 10, Steps: 91 | Train Loss: 0.2556723 Vali Loss: 0.3440604 Test Loss: 0.4290974
EarlyStopping counter: 3 out of 5
Updating learning rate to 0.006291456000000002
Epoch: 11 cost time: 43.59786033630371
Epoch: 11, Steps: 91 | Train Loss: 0.2556311 Vali Loss: 0.3437483 Test Loss: 0.4275232
EarlyStopping counter: 4 out of 5
Updating learning rate to 0.005033164800000003
Epoch: 12 cost time: 43.22766399383545
Epoch: 12, Steps: 91 | Train Loss: 0.2555926 Vali Loss: 0.3431040 Test Loss: 0.4280259
EarlyStopping counter: 5 out of 5
Early stopping
>>>>>>>testing : traffic_336_192_SparseTSF_custom_ftM_sl336_pl192_test_0_seed2023<<<<<<<<<<<<<<<<<<<<<<<<<<<<<<<<<
test 3317
mse:0.42610469460487366, mae:0.28290554881095886, rse:0.5387498736381531
