Args in experiment:
Namespace(is_training=1, model_id='traffic_192_192', model='SparseTSF', data='custom', root_path='./dataset/', data_path='traffic.csv', features='M', target='OT', freq='h', checkpoints='./checkpoints/', seq_len=192, label_len=48, pred_len=192, period_len=24, fc_dropout=0.05, head_dropout=0.0, patch_len=16, stride=8, padding_patch='end', revin=1, affine=0, subtract_last=0, decomposition=0, kernel_size=25, individual=0, embed_type=0, enc_in=862, dec_in=7, c_out=7, d_model=512, n_heads=8, e_layers=2, d_layers=1, d_ff=2048, moving_avg=25, factor=1, distil=True, dropout=0.05, embed='learned', activation='gelu', output_attention=False, do_predict=False, num_workers=10, itr=1, train_epochs=30, batch_size=128, patience=5, learning_rate=0.03, des='test', loss='mse', lradj='type3', pct_start=0.3, use_amp=False, use_gpu=True, gpu=2, use_multi_gpu=0, devices='0,1', test_flop=False)
Use GPU: cuda:2
>>>>>>>start training : traffic_192_192_SparseTSF_custom_ftM_sl192_pl192_test_0_seed2023>>>>>>>>>>>>>>>>>>>>>>>>>>
train 11897
val 1565
test 3317
Epoch: 1 cost time: 31.85677456855774
Epoch: 1, Steps: 92 | Train Loss: 0.9263367 Vali Loss: 0.8082891 Test Loss: 0.9751631
Validation loss decreased (inf --> 0.808289).  Saving model ...
Updating learning rate to 0.03
Epoch: 2 cost time: 27.866185903549194
Epoch: 2, Steps: 92 | Train Loss: 0.4178958 Vali Loss: 0.3874403 Test Loss: 0.4834636
Validation loss decreased (0.808289 --> 0.387440).  Saving model ...
Updating learning rate to 0.03
Epoch: 3 cost time: 28.253504276275635
Epoch: 3, Steps: 92 | Train Loss: 0.2824343 Vali Loss: 0.3733901 Test Loss: 0.4650472
Validation loss decreased (0.387440 --> 0.373390).  Saving model ...
Updating learning rate to 0.03
Epoch: 4 cost time: 27.823137998580933
Epoch: 4, Steps: 92 | Train Loss: 0.2784470 Vali Loss: 0.3722464 Test Loss: 0.4638817
Validation loss decreased (0.373390 --> 0.372246).  Saving model ...
Updating learning rate to 0.024
Epoch: 5 cost time: 28.038280248641968
Epoch: 5, Steps: 92 | Train Loss: 0.2782298 Vali Loss: 0.3730478 Test Loss: 0.4643949
EarlyStopping counter: 1 out of 5
Updating learning rate to 0.019200000000000002
Epoch: 6 cost time: 27.73465061187744
Epoch: 6, Steps: 92 | Train Loss: 0.2782079 Vali Loss: 0.3726777 Test Loss: 0.4633320
EarlyStopping counter: 2 out of 5
Updating learning rate to 0.015360000000000004
Epoch: 7 cost time: 27.85577702522278
Epoch: 7, Steps: 92 | Train Loss: 0.2781894 Vali Loss: 0.3725927 Test Loss: 0.4644005
EarlyStopping counter: 3 out of 5
Updating learning rate to 0.012288000000000002
Epoch: 8 cost time: 28.047816038131714
Epoch: 8, Steps: 92 | Train Loss: 0.2781621 Vali Loss: 0.3722895 Test Loss: 0.4635142
EarlyStopping counter: 4 out of 5
Updating learning rate to 0.009830400000000001
Epoch: 9 cost time: 27.636090993881226
Epoch: 9, Steps: 92 | Train Loss: 0.2781666 Vali Loss: 0.3725647 Test Loss: 0.4637586
EarlyStopping counter: 5 out of 5
Early stopping
>>>>>>>testing : traffic_192_192_SparseTSF_custom_ftM_sl192_pl192_test_0_seed2023<<<<<<<<<<<<<<<<<<<<<<<<<<<<<<<<<
test 3317
mse:0.46298569440841675, mae:0.2994624972343445, rse:0.561581552028656
