Args in experiment:
Namespace(is_training=1, model_id='traffic_336_336', model='SparseTSF', data='custom', root_path='./dataset/', data_path='traffic.csv', features='M', target='OT', freq='h', checkpoints='./checkpoints/', seq_len=336, label_len=48, pred_len=336, period_len=24, fc_dropout=0.05, head_dropout=0.0, patch_len=16, stride=8, padding_patch='end', revin=1, affine=0, subtract_last=0, decomposition=0, kernel_size=25, individual=0, embed_type=0, enc_in=862, dec_in=7, c_out=7, d_model=512, n_heads=8, e_layers=2, d_layers=1, d_ff=2048, moving_avg=25, factor=1, distil=True, dropout=0.05, embed='learned', activation='gelu', output_attention=False, do_predict=False, num_workers=10, itr=1, train_epochs=30, batch_size=128, patience=5, learning_rate=0.03, des='test', loss='mse', lradj='type3', pct_start=0.3, use_amp=False, use_gpu=True, gpu=2, use_multi_gpu=0, devices='0,1', test_flop=False)
Use GPU: cuda:2
>>>>>>>start training : traffic_336_336_SparseTSF_custom_ftM_sl336_pl336_test_0_seed2023>>>>>>>>>>>>>>>>>>>>>>>>>>
train 11609
val 1421
test 3173
Epoch: 1 cost time: 49.79246973991394
Epoch: 1, Steps: 90 | Train Loss: 0.7262570 Vali Loss: 0.5989875 Test Loss: 0.7352578
Validation loss decreased (inf --> 0.598988).  Saving model ...
Updating learning rate to 0.03
Epoch: 2 cost time: 45.50197410583496
Epoch: 2, Steps: 90 | Train Loss: 0.3419031 Vali Loss: 0.3645257 Test Loss: 0.4546160
Validation loss decreased (0.598988 --> 0.364526).  Saving model ...
Updating learning rate to 0.03
Epoch: 3 cost time: 45.602599143981934
Epoch: 3, Steps: 90 | Train Loss: 0.2701125 Vali Loss: 0.3575652 Test Loss: 0.4439402
Validation loss decreased (0.364526 --> 0.357565).  Saving model ...
Updating learning rate to 0.03
Epoch: 4 cost time: 44.836520195007324
Epoch: 4, Steps: 90 | Train Loss: 0.2675058 Vali Loss: 0.3563571 Test Loss: 0.4408954
Validation loss decreased (0.357565 --> 0.356357).  Saving model ...
Updating learning rate to 0.024
Epoch: 5 cost time: 45.13409972190857
Epoch: 5, Steps: 90 | Train Loss: 0.2670932 Vali Loss: 0.3570913 Test Loss: 0.4417258
EarlyStopping counter: 1 out of 5
Updating learning rate to 0.019200000000000002
Epoch: 6 cost time: 45.433780670166016
Epoch: 6, Steps: 90 | Train Loss: 0.2666666 Vali Loss: 0.3566205 Test Loss: 0.4405130
EarlyStopping counter: 2 out of 5
Updating learning rate to 0.015360000000000004
Epoch: 7 cost time: 45.643293619155884
Epoch: 7, Steps: 90 | Train Loss: 0.2666784 Vali Loss: 0.3565646 Test Loss: 0.4405006
EarlyStopping counter: 3 out of 5
Updating learning rate to 0.012288000000000002
Epoch: 8 cost time: 46.83095693588257
Epoch: 8, Steps: 90 | Train Loss: 0.2667484 Vali Loss: 0.3568639 Test Loss: 0.4419076
EarlyStopping counter: 4 out of 5
Updating learning rate to 0.009830400000000001
Epoch: 9 cost time: 45.909313440322876
Epoch: 9, Steps: 90 | Train Loss: 0.2667636 Vali Loss: 0.3560299 Test Loss: 0.4399275
Validation loss decreased (0.356357 --> 0.356030).  Saving model ...
Updating learning rate to 0.007864320000000003
Epoch: 10 cost time: 45.881330490112305
Epoch: 10, Steps: 90 | Train Loss: 0.2664086 Vali Loss: 0.3564752 Test Loss: 0.4398828
EarlyStopping counter: 1 out of 5
Updating learning rate to 0.006291456000000002
Epoch: 11 cost time: 45.97451615333557
Epoch: 11, Steps: 90 | Train Loss: 0.2665446 Vali Loss: 0.3566946 Test Loss: 0.4402050
EarlyStopping counter: 2 out of 5
Updating learning rate to 0.005033164800000003
Epoch: 12 cost time: 45.76729726791382
Epoch: 12, Steps: 90 | Train Loss: 0.2665452 Vali Loss: 0.3566594 Test Loss: 0.4402155
EarlyStopping counter: 3 out of 5
Updating learning rate to 0.004026531840000002
Epoch: 13 cost time: 46.33553886413574
Epoch: 13, Steps: 90 | Train Loss: 0.2665895 Vali Loss: 0.3568089 Test Loss: 0.4403359
EarlyStopping counter: 4 out of 5
Updating learning rate to 0.0032212254720000015
Epoch: 14 cost time: 46.103622913360596
Epoch: 14, Steps: 90 | Train Loss: 0.2664785 Vali Loss: 0.3563161 Test Loss: 0.4404031
EarlyStopping counter: 5 out of 5
Early stopping
>>>>>>>testing : traffic_336_336_SparseTSF_custom_ftM_sl336_pl336_test_0_seed2023<<<<<<<<<<<<<<<<<<<<<<<<<<<<<<<<<
test 3173
mse:0.4375002086162567, mae:0.28958046436309814, rse:0.5436112284660339
