Args in experiment:
Namespace(is_training=1, model_id='traffic_720_192', model='SparseTSF', data='custom', root_path='./dataset/', data_path='traffic.csv', features='M', target='OT', freq='h', checkpoints='./checkpoints/', seq_len=720, label_len=48, pred_len=192, period_len=24, fc_dropout=0.05, head_dropout=0.0, patch_len=16, stride=8, padding_patch='end', revin=1, affine=0, subtract_last=0, decomposition=0, kernel_size=25, individual=0, embed_type=0, enc_in=862, dec_in=7, c_out=7, d_model=512, n_heads=8, e_layers=2, d_layers=1, d_ff=2048, moving_avg=25, factor=1, distil=True, dropout=0.05, embed='learned', activation='gelu', output_attention=False, do_predict=False, num_workers=10, itr=1, train_epochs=30, batch_size=128, patience=5, learning_rate=0.03, des='test', loss='mse', lradj='type3', pct_start=0.3, use_amp=False, use_gpu=True, gpu=0, use_multi_gpu=0, devices='0,1', test_flop=False)
Use GPU: cuda:0
>>>>>>>start training : traffic_720_192_SparseTSF_custom_ftM_sl720_pl192_test_0_seed2023>>>>>>>>>>>>>>>>>>>>>>>>>>
train 11369
val 1565
test 3317
Epoch: 1 cost time: 46.06746315956116
Epoch: 1, Steps: 88 | Train Loss: 0.5645667 Vali Loss: 0.4996778 Test Loss: 0.6114643
Validation loss decreased (inf --> 0.499678).  Saving model ...
Updating learning rate to 0.03
Epoch: 2 cost time: 43.97720003128052
Epoch: 2, Steps: 88 | Train Loss: 0.2807875 Vali Loss: 0.3346349 Test Loss: 0.4073571
Validation loss decreased (0.499678 --> 0.334635).  Saving model ...
Updating learning rate to 0.03
Epoch: 3 cost time: 43.609118938446045
Epoch: 3, Steps: 88 | Train Loss: 0.2407151 Vali Loss: 0.3298301 Test Loss: 0.4035068
Validation loss decreased (0.334635 --> 0.329830).  Saving model ...
Updating learning rate to 0.03
Epoch: 4 cost time: 43.81515336036682
Epoch: 4, Steps: 88 | Train Loss: 0.2392818 Vali Loss: 0.3295963 Test Loss: 0.3996114
Validation loss decreased (0.329830 --> 0.329596).  Saving model ...
Updating learning rate to 0.024
Epoch: 5 cost time: 43.596925020217896
Epoch: 5, Steps: 88 | Train Loss: 0.2389063 Vali Loss: 0.3301757 Test Loss: 0.4003773
EarlyStopping counter: 1 out of 5
Updating learning rate to 0.019200000000000002
Epoch: 6 cost time: 45.243603229522705
Epoch: 6, Steps: 88 | Train Loss: 0.2387117 Vali Loss: 0.3293155 Test Loss: 0.3999561
Validation loss decreased (0.329596 --> 0.329316).  Saving model ...
Updating learning rate to 0.015360000000000004
Epoch: 7 cost time: 43.47734999656677
Epoch: 7, Steps: 88 | Train Loss: 0.2384926 Vali Loss: 0.3293864 Test Loss: 0.3997608
EarlyStopping counter: 1 out of 5
Updating learning rate to 0.012288000000000002
Epoch: 8 cost time: 44.37353777885437
Epoch: 8, Steps: 88 | Train Loss: 0.2384664 Vali Loss: 0.3308248 Test Loss: 0.4012922
EarlyStopping counter: 2 out of 5
Updating learning rate to 0.009830400000000001
Epoch: 9 cost time: 44.04229927062988
Epoch: 9, Steps: 88 | Train Loss: 0.2384802 Vali Loss: 0.3294533 Test Loss: 0.4001340
EarlyStopping counter: 3 out of 5
Updating learning rate to 0.007864320000000003
Epoch: 10 cost time: 44.1350998878479
Epoch: 10, Steps: 88 | Train Loss: 0.2384654 Vali Loss: 0.3295628 Test Loss: 0.4005207
EarlyStopping counter: 4 out of 5
Updating learning rate to 0.006291456000000002
Epoch: 11 cost time: 43.63786578178406
Epoch: 11, Steps: 88 | Train Loss: 0.2384311 Vali Loss: 0.3295945 Test Loss: 0.4006361
EarlyStopping counter: 5 out of 5
Early stopping
>>>>>>>testing : traffic_720_192_SparseTSF_custom_ftM_sl720_pl192_test_0_seed2023<<<<<<<<<<<<<<<<<<<<<<<<<<<<<<<<<
test 3317
mse:0.398979127407074, mae:0.2704711854457855, rse:0.5213196873664856
