Args in experiment:
Namespace(is_training=1, model_id='traffic_720_720', model='SparseTSF', data='custom', root_path='./dataset/', data_path='traffic.csv', features='M', target='OT', freq='h', checkpoints='./checkpoints/', seq_len=720, label_len=48, pred_len=720, period_len=24, fc_dropout=0.05, head_dropout=0.0, patch_len=16, stride=8, padding_patch='end', revin=1, affine=0, subtract_last=0, decomposition=0, kernel_size=25, individual=0, embed_type=0, enc_in=862, dec_in=7, c_out=7, d_model=512, n_heads=8, e_layers=2, d_layers=1, d_ff=2048, moving_avg=25, factor=1, distil=True, dropout=0.05, embed='learned', activation='gelu', output_attention=False, do_predict=False, num_workers=10, itr=1, train_epochs=30, batch_size=128, patience=5, learning_rate=0.03, des='test', loss='mse', lradj='type3', pct_start=0.3, use_amp=False, use_gpu=True, gpu=0, use_multi_gpu=0, devices='0,1', test_flop=False)
Use GPU: cuda:0
>>>>>>>start training : traffic_720_720_SparseTSF_custom_ftM_sl720_pl720_test_0_seed2023>>>>>>>>>>>>>>>>>>>>>>>>>>
train 10841
val 1037
test 2789
Epoch: 1 cost time: 50.273411989212036
Epoch: 1, Steps: 84 | Train Loss: 0.6157976 Vali Loss: 0.5431120 Test Loss: 0.6571590
Validation loss decreased (inf --> 0.543112).  Saving model ...
Updating learning rate to 0.03
Epoch: 2 cost time: 48.90465807914734
Epoch: 2, Steps: 84 | Train Loss: 0.3212354 Vali Loss: 0.3941455 Test Loss: 0.4589846
Validation loss decreased (0.543112 --> 0.394145).  Saving model ...
Updating learning rate to 0.03
Epoch: 3 cost time: 49.60598373413086
Epoch: 3, Steps: 84 | Train Loss: 0.2740665 Vali Loss: 0.3877743 Test Loss: 0.4558164
Validation loss decreased (0.394145 --> 0.387774).  Saving model ...
Updating learning rate to 0.03
Epoch: 4 cost time: 54.91597390174866
Epoch: 4, Steps: 84 | Train Loss: 0.2715060 Vali Loss: 0.3860097 Test Loss: 0.4487138
Validation loss decreased (0.387774 --> 0.386010).  Saving model ...
Updating learning rate to 0.024
Epoch: 5 cost time: 50.235846281051636
Epoch: 5, Steps: 84 | Train Loss: 0.2710742 Vali Loss: 0.3871009 Test Loss: 0.4534363
EarlyStopping counter: 1 out of 5
Updating learning rate to 0.019200000000000002
Epoch: 6 cost time: 48.919663190841675
Epoch: 6, Steps: 84 | Train Loss: 0.2708989 Vali Loss: 0.3853204 Test Loss: 0.4493195
Validation loss decreased (0.386010 --> 0.385320).  Saving model ...
Updating learning rate to 0.015360000000000004
Epoch: 7 cost time: 48.90072727203369
Epoch: 7, Steps: 84 | Train Loss: 0.2708516 Vali Loss: 0.3867278 Test Loss: 0.4521729
EarlyStopping counter: 1 out of 5
Updating learning rate to 0.012288000000000002
Epoch: 8 cost time: 50.27950596809387
Epoch: 8, Steps: 84 | Train Loss: 0.2709467 Vali Loss: 0.3866041 Test Loss: 0.4535883
EarlyStopping counter: 2 out of 5
Updating learning rate to 0.009830400000000001
Epoch: 9 cost time: 48.88902282714844
Epoch: 9, Steps: 84 | Train Loss: 0.2709092 Vali Loss: 0.3854128 Test Loss: 0.4482573
EarlyStopping counter: 3 out of 5
Updating learning rate to 0.007864320000000003
Epoch: 10 cost time: 48.84078860282898
Epoch: 10, Steps: 84 | Train Loss: 0.2707751 Vali Loss: 0.3854405 Test Loss: 0.4481770
EarlyStopping counter: 4 out of 5
Updating learning rate to 0.006291456000000002
Epoch: 11 cost time: 48.64362931251526
Epoch: 11, Steps: 84 | Train Loss: 0.2707326 Vali Loss: 0.3854975 Test Loss: 0.4463114
EarlyStopping counter: 5 out of 5
Early stopping
>>>>>>>testing : traffic_720_720_SparseTSF_custom_ftM_sl720_pl720_test_0_seed2023<<<<<<<<<<<<<<<<<<<<<<<<<<<<<<<<<
test 2789
mse:0.44874176383018494, mae:0.29720452427864075, rse:0.5477710366249084
