Args in experiment:
Namespace(is_training=1, model_id='ETTm1-i_336_96', model='LightTimeBaseTST', data='ETTm1', root_path='./dataset/', data_path='ETTm1.csv', features='M', target='OT', freq='h', checkpoints='./checkpoints/', seq_len=336, label_len=48, pred_len=96, period_len=4, basis_num=20, use_period_norm=1, use_orthogonal=1, orthogonal_weight=0.04, fc_dropout=0.05, head_dropout=0.0, patch_len=16, stride=8, padding_patch='end', revin=1, affine=0, subtract_last=0, decomposition=0, kernel_size=7, individual=1, embed_type=0, enc_in=7, dec_in=7, c_out=7, d_model=512, n_heads=8, e_layers=2, d_layers=1, d_ff=2048, moving_avg=25, factor=1, distil=True, dropout=0.05, embed='learned', activation='gelu', output_attention=False, do_predict=False, num_workers=10, itr=1, train_epochs=30, batch_size=512, patience=5, learning_rate=0.1, des='test', loss='mse', lradj='type3', pct_start=0.3, use_amp=False, use_gpu=True, gpu=7, use_multi_gpu=0, devices='0,1', test_flop=False)
Use GPU: cuda:7
15428
>>>>>>>start training : ETTm1-i_336_96_LightTimeBaseTST_ETTm1_ftM_sl336_pl96_test_0_seed2023>>>>>>>>>>>>>>>>>>>>>>>>>>
train 34129
val 11425
test 11425
Epoch: 1 cost time: 14.322248220443726
Epoch: 1, Steps: 67 | Train Loss: 0.4036756 Vali Loss: 0.5197948 Test Loss: 0.4138911
Validation loss decreased (inf --> 0.519795).  Saving model ...
Updating learning rate to 0.1
Epoch: 2 cost time: 12.57069206237793
Epoch: 2, Steps: 67 | Train Loss: 0.6328365 Vali Loss: 0.5269017 Test Loss: 0.4063343
EarlyStopping counter: 1 out of 5
Updating learning rate to 0.1
Epoch: 3 cost time: 10.392425775527954
Epoch: 3, Steps: 67 | Train Loss: 0.3243717 Vali Loss: 0.4985681 Test Loss: 0.3809045
Validation loss decreased (0.519795 --> 0.498568).  Saving model ...
Updating learning rate to 0.1
Epoch: 4 cost time: 9.954570531845093
Epoch: 4, Steps: 67 | Train Loss: 0.3056275 Vali Loss: 0.4643266 Test Loss: 0.3429212
Validation loss decreased (0.498568 --> 0.464327).  Saving model ...
Updating learning rate to 0.08000000000000002
Epoch: 5 cost time: 9.695687055587769
Epoch: 5, Steps: 67 | Train Loss: 0.2948119 Vali Loss: 0.4283718 Test Loss: 0.3299885
Validation loss decreased (0.464327 --> 0.428372).  Saving model ...
Updating learning rate to 0.06400000000000002
Epoch: 6 cost time: 13.212035417556763
Epoch: 6, Steps: 67 | Train Loss: 0.2923352 Vali Loss: 0.4578405 Test Loss: 0.3475296
EarlyStopping counter: 1 out of 5
Updating learning rate to 0.051200000000000016
Epoch: 7 cost time: 12.705040454864502
Epoch: 7, Steps: 67 | Train Loss: 0.2854499 Vali Loss: 0.4438674 Test Loss: 0.3283983
EarlyStopping counter: 2 out of 5
Updating learning rate to 0.04096000000000001
Epoch: 8 cost time: 12.62488865852356
Epoch: 8, Steps: 67 | Train Loss: 0.2810049 Vali Loss: 0.4278130 Test Loss: 0.3275829
Validation loss decreased (0.428372 --> 0.427813).  Saving model ...
Updating learning rate to 0.03276800000000001
Epoch: 9 cost time: 12.807688474655151
Epoch: 9, Steps: 67 | Train Loss: 0.2790681 Vali Loss: 0.4287359 Test Loss: 0.3303012
EarlyStopping counter: 1 out of 5
Updating learning rate to 0.026214400000000013
Epoch: 10 cost time: 12.614086627960205
Epoch: 10, Steps: 67 | Train Loss: 0.2781941 Vali Loss: 0.4274187 Test Loss: 0.3179468
Validation loss decreased (0.427813 --> 0.427419).  Saving model ...
Updating learning rate to 0.020971520000000007
Epoch: 11 cost time: 9.697360277175903
Epoch: 11, Steps: 67 | Train Loss: 0.2737420 Vali Loss: 0.4167882 Test Loss: 0.3136529
Validation loss decreased (0.427419 --> 0.416788).  Saving model ...
Updating learning rate to 0.016777216000000008
Epoch: 12 cost time: 12.179341077804565
Epoch: 12, Steps: 67 | Train Loss: 0.2705141 Vali Loss: 0.4122135 Test Loss: 0.3122447
Validation loss decreased (0.416788 --> 0.412214).  Saving model ...
Updating learning rate to 0.013421772800000007
Epoch: 13 cost time: 12.824227333068848
Epoch: 13, Steps: 67 | Train Loss: 0.2684876 Vali Loss: 0.4029565 Test Loss: 0.3033147
Validation loss decreased (0.412214 --> 0.402957).  Saving model ...
Updating learning rate to 0.010737418240000006
Epoch: 14 cost time: 12.369388818740845
Epoch: 14, Steps: 67 | Train Loss: 0.2664623 Vali Loss: 0.4041193 Test Loss: 0.3056498
EarlyStopping counter: 1 out of 5
Updating learning rate to 0.008589934592000005
Epoch: 15 cost time: 13.126120567321777
Epoch: 15, Steps: 67 | Train Loss: 0.2656408 Vali Loss: 0.3939044 Test Loss: 0.3014591
Validation loss decreased (0.402957 --> 0.393904).  Saving model ...
Updating learning rate to 0.0068719476736000045
Epoch: 16 cost time: 13.205292701721191
Epoch: 16, Steps: 67 | Train Loss: 0.2639104 Vali Loss: 0.3915378 Test Loss: 0.3008677
Validation loss decreased (0.393904 --> 0.391538).  Saving model ...
Updating learning rate to 0.005497558138880004
Epoch: 17 cost time: 11.91139030456543
Epoch: 17, Steps: 67 | Train Loss: 0.2629828 Vali Loss: 0.3965073 Test Loss: 0.3020321
EarlyStopping counter: 1 out of 5
Updating learning rate to 0.004398046511104004
Epoch: 18 cost time: 11.62237811088562
Epoch: 18, Steps: 67 | Train Loss: 0.2620934 Vali Loss: 0.3935600 Test Loss: 0.2984656
EarlyStopping counter: 2 out of 5
Updating learning rate to 0.0035184372088832034
Epoch: 19 cost time: 12.23111867904663
Epoch: 19, Steps: 67 | Train Loss: 0.2612547 Vali Loss: 0.3971822 Test Loss: 0.2971576
EarlyStopping counter: 3 out of 5
Updating learning rate to 0.0028147497671065624
Epoch: 20 cost time: 12.607333898544312
Epoch: 20, Steps: 67 | Train Loss: 0.2606881 Vali Loss: 0.3912683 Test Loss: 0.2962363
Validation loss decreased (0.391538 --> 0.391268).  Saving model ...
Updating learning rate to 0.0022517998136852503
Epoch: 21 cost time: 12.405876398086548
Epoch: 21, Steps: 67 | Train Loss: 0.2600137 Vali Loss: 0.3889408 Test Loss: 0.2953501
Validation loss decreased (0.391268 --> 0.388941).  Saving model ...
Updating learning rate to 0.0018014398509482003
Epoch: 22 cost time: 10.040094137191772
Epoch: 22, Steps: 67 | Train Loss: 0.2595757 Vali Loss: 0.3902797 Test Loss: 0.2960637
EarlyStopping counter: 1 out of 5
Updating learning rate to 0.0014411518807585604
Epoch: 23 cost time: 10.893291234970093
Epoch: 23, Steps: 67 | Train Loss: 0.2592742 Vali Loss: 0.3891768 Test Loss: 0.2929296
EarlyStopping counter: 2 out of 5
Updating learning rate to 0.0011529215046068484
Epoch: 24 cost time: 11.565534353256226
Epoch: 24, Steps: 67 | Train Loss: 0.2590474 Vali Loss: 0.3897353 Test Loss: 0.2943620
EarlyStopping counter: 3 out of 5
Updating learning rate to 0.0009223372036854787
Epoch: 25 cost time: 11.36682915687561
Epoch: 25, Steps: 67 | Train Loss: 0.2585295 Vali Loss: 0.3946033 Test Loss: 0.2951267
EarlyStopping counter: 4 out of 5
Updating learning rate to 0.000737869762948383
Epoch: 26 cost time: 10.441192388534546
Epoch: 26, Steps: 67 | Train Loss: 0.2585410 Vali Loss: 0.3881974 Test Loss: 0.2932652
Validation loss decreased (0.388941 --> 0.388197).  Saving model ...
Updating learning rate to 0.0005902958103587065
Epoch: 27 cost time: 9.709648609161377
Epoch: 27, Steps: 67 | Train Loss: 0.2582516 Vali Loss: 0.3884758 Test Loss: 0.2937413
EarlyStopping counter: 1 out of 5
Updating learning rate to 0.0004722366482869652
Epoch: 28 cost time: 11.295876741409302
Epoch: 28, Steps: 67 | Train Loss: 0.2581943 Vali Loss: 0.3893839 Test Loss: 0.2931561
EarlyStopping counter: 2 out of 5
Updating learning rate to 0.0003777893186295722
Epoch: 29 cost time: 11.0642249584198
Epoch: 29, Steps: 67 | Train Loss: 0.2580024 Vali Loss: 0.3909051 Test Loss: 0.2941079
EarlyStopping counter: 3 out of 5
Updating learning rate to 0.00030223145490365774
Epoch: 30 cost time: 9.648191928863525
Epoch: 30, Steps: 67 | Train Loss: 0.2580385 Vali Loss: 0.3874372 Test Loss: 0.2929974
Validation loss decreased (0.388197 --> 0.387437).  Saving model ...
Updating learning rate to 0.0002417851639229262
>>>>>>>testing : ETTm1-i_336_96_LightTimeBaseTST_ETTm1_ftM_sl336_pl96_test_0_seed2023<<<<<<<<<<<<<<<<<<<<<<<<<<<<<<<<<
test 11425
mse:0.2981530427932739, mae:0.34682023525238037, rse:0.5195789337158203
