Args in experiment:
Namespace(is_training=1, model_id='traffic_336_720', model='LightTimeBaseTST', data='custom', root_path='./dataset/', data_path='traffic.csv', features='M', target='OT', freq='h', checkpoints='./checkpoints/', seq_len=336, label_len=48, pred_len=720, period_len=24, basis_num=6, use_period_norm=1, use_orthogonal=1, orthogonal_weight=0.08, fc_dropout=0.05, head_dropout=0.0, patch_len=16, stride=8, padding_patch='end', revin=1, affine=0, subtract_last=0, decomposition=0, kernel_size=7, individual=0, embed_type=0, enc_in=862, dec_in=7, c_out=7, d_model=512, n_heads=8, e_layers=2, d_layers=1, d_ff=2048, moving_avg=25, factor=1, distil=True, dropout=0.05, embed='learned', activation='gelu', output_attention=False, do_predict=False, num_workers=10, itr=1, train_epochs=30, batch_size=128, patience=5, learning_rate=0.1, des='test', loss='mse', lradj='type3', pct_start=0.3, use_amp=False, use_gpu=True, gpu=5, use_multi_gpu=0, devices='0,1', test_flop=False)
Use GPU: cuda:5
300
>>>>>>>start training : traffic_336_720_LightTimeBaseTST_custom_ftM_sl336_pl720_test_0_seed2023>>>>>>>>>>>>>>>>>>>>>>>>>>
train 11225
val 1037
test 2789
Epoch: 1 cost time: 33.20106315612793
Epoch: 1, Steps: 88 | Train Loss: 0.4369840 Vali Loss: 0.5539654 Test Loss: 0.6690472
Validation loss decreased (inf --> 0.553965).  Saving model ...
Updating learning rate to 0.1
Epoch: 2 cost time: 32.25200438499451
Epoch: 2, Steps: 88 | Train Loss: 0.3443210 Vali Loss: 0.4320354 Test Loss: 0.5059982
Validation loss decreased (0.553965 --> 0.432035).  Saving model ...
Updating learning rate to 0.1
Epoch: 3 cost time: 31.406060695648193
Epoch: 3, Steps: 88 | Train Loss: 0.3083082 Vali Loss: 0.4156550 Test Loss: 0.4874340
Validation loss decreased (0.432035 --> 0.415655).  Saving model ...
Updating learning rate to 0.1
Epoch: 4 cost time: 30.163845539093018
Epoch: 4, Steps: 88 | Train Loss: 0.3039174 Vali Loss: 0.4186346 Test Loss: 0.4850930
EarlyStopping counter: 1 out of 5
Updating learning rate to 0.08000000000000002
Epoch: 5 cost time: 30.044859409332275
Epoch: 5, Steps: 88 | Train Loss: 0.3019999 Vali Loss: 0.4136219 Test Loss: 0.4877687
Validation loss decreased (0.415655 --> 0.413622).  Saving model ...
Updating learning rate to 0.06400000000000002
Epoch: 6 cost time: 30.21865940093994
Epoch: 6, Steps: 88 | Train Loss: 0.2989616 Vali Loss: 0.4178723 Test Loss: 0.4862798
EarlyStopping counter: 1 out of 5
Updating learning rate to 0.051200000000000016
Epoch: 7 cost time: 30.321073293685913
Epoch: 7, Steps: 88 | Train Loss: 0.2985530 Vali Loss: 0.4156563 Test Loss: 0.4880534
EarlyStopping counter: 2 out of 5
Updating learning rate to 0.04096000000000001
Epoch: 8 cost time: 30.23450779914856
Epoch: 8, Steps: 88 | Train Loss: 0.2978576 Vali Loss: 0.4119064 Test Loss: 0.4815436
Validation loss decreased (0.413622 --> 0.411906).  Saving model ...
Updating learning rate to 0.03276800000000001
Epoch: 9 cost time: 30.09148073196411
Epoch: 9, Steps: 88 | Train Loss: 0.2981933 Vali Loss: 0.4170883 Test Loss: 0.4833057
EarlyStopping counter: 1 out of 5
Updating learning rate to 0.026214400000000013
Epoch: 10 cost time: 30.641399383544922
Epoch: 10, Steps: 88 | Train Loss: 0.2966803 Vali Loss: 0.4034633 Test Loss: 0.4806362
Validation loss decreased (0.411906 --> 0.403463).  Saving model ...
Updating learning rate to 0.020971520000000007
Epoch: 11 cost time: 30.217013835906982
Epoch: 11, Steps: 88 | Train Loss: 0.2962671 Vali Loss: 0.4092032 Test Loss: 0.4813440
EarlyStopping counter: 1 out of 5
Updating learning rate to 0.016777216000000008
Epoch: 12 cost time: 30.375357151031494
Epoch: 12, Steps: 88 | Train Loss: 0.2959187 Vali Loss: 0.4098234 Test Loss: 0.4802355
EarlyStopping counter: 2 out of 5
Updating learning rate to 0.013421772800000007
Epoch: 13 cost time: 30.330661058425903
Epoch: 13, Steps: 88 | Train Loss: 0.2959978 Vali Loss: 0.4094239 Test Loss: 0.4807892
EarlyStopping counter: 3 out of 5
Updating learning rate to 0.010737418240000006
Epoch: 14 cost time: 30.507681131362915
Epoch: 14, Steps: 88 | Train Loss: 0.2955859 Vali Loss: 0.4117752 Test Loss: 0.4791966
EarlyStopping counter: 4 out of 5
Updating learning rate to 0.008589934592000005
Epoch: 15 cost time: 30.19385027885437
Epoch: 15, Steps: 88 | Train Loss: 0.2955396 Vali Loss: 0.4125949 Test Loss: 0.4784724
EarlyStopping counter: 5 out of 5
Early stopping
>>>>>>>testing : traffic_336_720_LightTimeBaseTST_custom_ftM_sl336_pl720_test_0_seed2023<<<<<<<<<<<<<<<<<<<<<<<<<<<<<<<<<
test 2789
mse:0.4799679388999939, mae:0.3103806884288788, rse:0.5670989751815796
