Args in experiment:
Namespace(is_training=1, model_id='weather_336_192', model='LightTimeBaseTST', data='custom', root_path='./dataset/', data_path='weather.csv', features='M', target='OT', freq='h', checkpoints='./checkpoints/', seq_len=336, label_len=48, pred_len=192, period_len=4, basis_num=6, use_period_norm=1, use_orthogonal=1, orthogonal_weight=0.04, fc_dropout=0.05, head_dropout=0.0, patch_len=16, stride=8, padding_patch='end', revin=1, affine=0, subtract_last=0, decomposition=0, kernel_size=7, individual=1, embed_type=0, enc_in=21, dec_in=7, c_out=7, d_model=512, n_heads=8, e_layers=2, d_layers=1, d_ff=2048, moving_avg=25, factor=1, distil=True, dropout=0.05, embed='learned', activation='gelu', output_attention=False, do_predict=False, num_workers=10, itr=1, train_epochs=30, batch_size=512, patience=5, learning_rate=0.05, des='test', loss='mse', lradj='type3', pct_start=0.3, use_amp=False, use_gpu=True, gpu=4, use_multi_gpu=0, devices='0,1', test_flop=False)
Use GPU: cuda:4
17766
>>>>>>>start training : weather_336_192_LightTimeBaseTST_custom_ftM_sl336_pl192_test_0_seed2023>>>>>>>>>>>>>>>>>>>>>>>>>>
train 36360
val 5079
test 10348
Epoch: 1 cost time: 16.110142469406128
Epoch: 1, Steps: 72 | Train Loss: 0.7101134 Vali Loss: 0.6204281 Test Loss: 0.2621110
Validation loss decreased (inf --> 0.620428).  Saving model ...
Updating learning rate to 0.05
Epoch: 2 cost time: 15.44953203201294
Epoch: 2, Steps: 72 | Train Loss: 0.5433724 Vali Loss: 0.5264216 Test Loss: 0.2170687
Validation loss decreased (0.620428 --> 0.526422).  Saving model ...
Updating learning rate to 0.05
Epoch: 3 cost time: 16.454962015151978
Epoch: 3, Steps: 72 | Train Loss: 0.4969093 Vali Loss: 0.4800496 Test Loss: 0.1965351
Validation loss decreased (0.526422 --> 0.480050).  Saving model ...
Updating learning rate to 0.05
Epoch: 4 cost time: 16.39516043663025
Epoch: 4, Steps: 72 | Train Loss: 0.4921663 Vali Loss: 0.5164282 Test Loss: 0.2023477
EarlyStopping counter: 1 out of 5
Updating learning rate to 0.04000000000000001
Epoch: 5 cost time: 17.894548416137695
Epoch: 5, Steps: 72 | Train Loss: 0.4987720 Vali Loss: 0.4767465 Test Loss: 0.1910466
Validation loss decreased (0.480050 --> 0.476746).  Saving model ...
Updating learning rate to 0.03200000000000001
Epoch: 6 cost time: 18.207215785980225
Epoch: 6, Steps: 72 | Train Loss: 0.4876670 Vali Loss: 0.4828314 Test Loss: 0.1963296
EarlyStopping counter: 1 out of 5
Updating learning rate to 0.025600000000000008
Epoch: 7 cost time: 18.36759352684021
Epoch: 7, Steps: 72 | Train Loss: 0.4880082 Vali Loss: 0.4784941 Test Loss: 0.1950971
EarlyStopping counter: 2 out of 5
Updating learning rate to 0.020480000000000005
Epoch: 8 cost time: 17.37477731704712
Epoch: 8, Steps: 72 | Train Loss: 0.4784906 Vali Loss: 0.4749064 Test Loss: 0.1935437
Validation loss decreased (0.476746 --> 0.474906).  Saving model ...
Updating learning rate to 0.016384000000000006
Epoch: 9 cost time: 19.13324522972107
Epoch: 9, Steps: 72 | Train Loss: 0.4747445 Vali Loss: 0.4691411 Test Loss: 0.1895812
Validation loss decreased (0.474906 --> 0.469141).  Saving model ...
Updating learning rate to 0.013107200000000006
Epoch: 10 cost time: 18.37913703918457
Epoch: 10, Steps: 72 | Train Loss: 0.4724878 Vali Loss: 0.4667899 Test Loss: 0.1881320
Validation loss decreased (0.469141 --> 0.466790).  Saving model ...
Updating learning rate to 0.010485760000000004
Epoch: 11 cost time: 17.051711797714233
Epoch: 11, Steps: 72 | Train Loss: 0.4762461 Vali Loss: 0.4673581 Test Loss: 0.1898439
EarlyStopping counter: 1 out of 5
Updating learning rate to 0.008388608000000004
Epoch: 12 cost time: 18.498663663864136
Epoch: 12, Steps: 72 | Train Loss: 0.4754596 Vali Loss: 0.4599332 Test Loss: 0.1859879
Validation loss decreased (0.466790 --> 0.459933).  Saving model ...
Updating learning rate to 0.006710886400000004
Epoch: 13 cost time: 20.393208265304565
Epoch: 13, Steps: 72 | Train Loss: 0.4699866 Vali Loss: 0.4601772 Test Loss: 0.1866636
EarlyStopping counter: 1 out of 5
Updating learning rate to 0.005368709120000003
Epoch: 14 cost time: 17.953234434127808
Epoch: 14, Steps: 72 | Train Loss: 0.4969986 Vali Loss: 0.4598651 Test Loss: 0.1855120
Validation loss decreased (0.459933 --> 0.459865).  Saving model ...
Updating learning rate to 0.0042949672960000025
Epoch: 15 cost time: 17.28901958465576
Epoch: 15, Steps: 72 | Train Loss: 0.4692669 Vali Loss: 0.4593675 Test Loss: 0.1860653
Validation loss decreased (0.459865 --> 0.459368).  Saving model ...
Updating learning rate to 0.0034359738368000023
Epoch: 16 cost time: 20.150779247283936
Epoch: 16, Steps: 72 | Train Loss: 0.4964456 Vali Loss: 0.4561838 Test Loss: 0.1851015
Validation loss decreased (0.459368 --> 0.456184).  Saving model ...
Updating learning rate to 0.002748779069440002
Epoch: 17 cost time: 17.935471057891846
Epoch: 17, Steps: 72 | Train Loss: 0.4678441 Vali Loss: 0.4566105 Test Loss: 0.1857493
EarlyStopping counter: 1 out of 5
Updating learning rate to 0.002199023255552002
Epoch: 18 cost time: 19.80920958518982
Epoch: 18, Steps: 72 | Train Loss: 0.4716644 Vali Loss: 0.4547686 Test Loss: 0.1849424
Validation loss decreased (0.456184 --> 0.454769).  Saving model ...
Updating learning rate to 0.0017592186044416017
Epoch: 19 cost time: 18.64791512489319
Epoch: 19, Steps: 72 | Train Loss: 0.4675045 Vali Loss: 0.4542686 Test Loss: 0.1849145
Validation loss decreased (0.454769 --> 0.454269).  Saving model ...
Updating learning rate to 0.0014073748835532812
Epoch: 20 cost time: 16.755279541015625
Epoch: 20, Steps: 72 | Train Loss: 0.4730455 Vali Loss: 0.4569860 Test Loss: 0.1858605
EarlyStopping counter: 1 out of 5
Updating learning rate to 0.0011258999068426252
Epoch: 21 cost time: 18.128138065338135
Epoch: 21, Steps: 72 | Train Loss: 0.4679085 Vali Loss: 0.4554778 Test Loss: 0.1852227
EarlyStopping counter: 2 out of 5
Updating learning rate to 0.0009007199254741002
Epoch: 22 cost time: 18.83397102355957
Epoch: 22, Steps: 72 | Train Loss: 0.4654812 Vali Loss: 0.4555054 Test Loss: 0.1853949
EarlyStopping counter: 3 out of 5
Updating learning rate to 0.0007205759403792802
Epoch: 23 cost time: 18.164499044418335
Epoch: 23, Steps: 72 | Train Loss: 0.4657308 Vali Loss: 0.4556467 Test Loss: 0.1854755
EarlyStopping counter: 4 out of 5
Updating learning rate to 0.0005764607523034242
Epoch: 24 cost time: 16.95303964614868
Epoch: 24, Steps: 72 | Train Loss: 0.4694501 Vali Loss: 0.4550561 Test Loss: 0.1847433
EarlyStopping counter: 5 out of 5
Early stopping
>>>>>>>testing : weather_336_192_LightTimeBaseTST_custom_ftM_sl336_pl192_test_0_seed2023<<<<<<<<<<<<<<<<<<<<<<<<<<<<<<<<<
test 10348
mse:0.1894189715385437, mae:0.24176505208015442, rse:0.5729014277458191
