Args in experiment:
Namespace(is_training=1, model_id='weather_336_96', model='LightTimeBaseTST', data='custom', root_path='./dataset/', data_path='weather.csv', features='M', target='OT', freq='h', checkpoints='./checkpoints/', seq_len=336, label_len=48, pred_len=96, period_len=4, basis_num=6, use_period_norm=1, use_orthogonal=1, orthogonal_weight=0.04, fc_dropout=0.05, head_dropout=0.0, patch_len=16, stride=8, padding_patch='end', revin=1, affine=0, subtract_last=0, decomposition=0, kernel_size=7, individual=1, embed_type=0, enc_in=21, dec_in=7, c_out=7, d_model=512, n_heads=8, e_layers=2, d_layers=1, d_ff=2048, moving_avg=25, factor=1, distil=True, dropout=0.05, embed='learned', activation='gelu', output_attention=False, do_predict=False, num_workers=10, itr=1, train_epochs=30, batch_size=512, patience=5, learning_rate=0.05, des='test', loss='mse', lradj='type3', pct_start=0.3, use_amp=False, use_gpu=True, gpu=4, use_multi_gpu=0, devices='0,1', test_flop=False)
Use GPU: cuda:4
14238
>>>>>>>start training : weather_336_96_LightTimeBaseTST_custom_ftM_sl336_pl96_test_0_seed2023>>>>>>>>>>>>>>>>>>>>>>>>>>
train 36456
val 5175
test 10444
Epoch: 1 cost time: 15.886433601379395
Epoch: 1, Steps: 72 | Train Loss: 0.6625597 Vali Loss: 0.5492644 Test Loss: 0.2181142
Validation loss decreased (inf --> 0.549264).  Saving model ...
Updating learning rate to 0.05
Epoch: 2 cost time: 14.289082050323486
Epoch: 2, Steps: 72 | Train Loss: 0.4902762 Vali Loss: 0.4339907 Test Loss: 0.1629250
Validation loss decreased (0.549264 --> 0.433991).  Saving model ...
Updating learning rate to 0.05
Epoch: 3 cost time: 13.318297863006592
Epoch: 3, Steps: 72 | Train Loss: 0.4405934 Vali Loss: 0.3953912 Test Loss: 0.1505920
Validation loss decreased (0.433991 --> 0.395391).  Saving model ...
Updating learning rate to 0.05
Epoch: 4 cost time: 15.670435190200806
Epoch: 4, Steps: 72 | Train Loss: 0.4333789 Vali Loss: 0.4055281 Test Loss: 0.1498561
EarlyStopping counter: 1 out of 5
Updating learning rate to 0.04000000000000001
Epoch: 5 cost time: 14.202999353408813
Epoch: 5, Steps: 72 | Train Loss: 0.4265944 Vali Loss: 0.4014134 Test Loss: 0.1459895
EarlyStopping counter: 2 out of 5
Updating learning rate to 0.03200000000000001
Epoch: 6 cost time: 15.32357120513916
Epoch: 6, Steps: 72 | Train Loss: 0.4218993 Vali Loss: 0.3883566 Test Loss: 0.1493644
Validation loss decreased (0.395391 --> 0.388357).  Saving model ...
Updating learning rate to 0.025600000000000008
Epoch: 7 cost time: 14.468576192855835
Epoch: 7, Steps: 72 | Train Loss: 0.4205458 Vali Loss: 0.3995774 Test Loss: 0.1486630
EarlyStopping counter: 1 out of 5
Updating learning rate to 0.020480000000000005
Epoch: 8 cost time: 14.038614749908447
Epoch: 8, Steps: 72 | Train Loss: 0.4170008 Vali Loss: 0.4154127 Test Loss: 0.1444903
EarlyStopping counter: 2 out of 5
Updating learning rate to 0.016384000000000006
Epoch: 9 cost time: 15.85547661781311
Epoch: 9, Steps: 72 | Train Loss: 0.4161505 Vali Loss: 0.3945776 Test Loss: 0.1442145
EarlyStopping counter: 3 out of 5
Updating learning rate to 0.013107200000000006
Epoch: 10 cost time: 16.533583164215088
Epoch: 10, Steps: 72 | Train Loss: 0.4144019 Vali Loss: 0.3901489 Test Loss: 0.1454691
EarlyStopping counter: 4 out of 5
Updating learning rate to 0.010485760000000004
Epoch: 11 cost time: 14.688202857971191
Epoch: 11, Steps: 72 | Train Loss: 0.4147336 Vali Loss: 0.3848711 Test Loss: 0.1447555
Validation loss decreased (0.388357 --> 0.384871).  Saving model ...
Updating learning rate to 0.008388608000000004
Epoch: 12 cost time: 14.114596128463745
Epoch: 12, Steps: 72 | Train Loss: 0.4150990 Vali Loss: 0.3846273 Test Loss: 0.1442396
Validation loss decreased (0.384871 --> 0.384627).  Saving model ...
Updating learning rate to 0.006710886400000004
Epoch: 13 cost time: 14.11838412284851
Epoch: 13, Steps: 72 | Train Loss: 0.4123705 Vali Loss: 0.3892220 Test Loss: 0.1446383
EarlyStopping counter: 1 out of 5
Updating learning rate to 0.005368709120000003
Epoch: 14 cost time: 15.494646072387695
Epoch: 14, Steps: 72 | Train Loss: 0.4108596 Vali Loss: 0.3883818 Test Loss: 0.1455938
EarlyStopping counter: 2 out of 5
Updating learning rate to 0.0042949672960000025
Epoch: 15 cost time: 16.020856142044067
Epoch: 15, Steps: 72 | Train Loss: 0.4144839 Vali Loss: 0.3853534 Test Loss: 0.1443353
EarlyStopping counter: 3 out of 5
Updating learning rate to 0.0034359738368000023
Epoch: 16 cost time: 14.471677780151367
Epoch: 16, Steps: 72 | Train Loss: 0.4106349 Vali Loss: 0.3856069 Test Loss: 0.1439663
EarlyStopping counter: 4 out of 5
Updating learning rate to 0.002748779069440002
Epoch: 17 cost time: 14.591708183288574
Epoch: 17, Steps: 72 | Train Loss: 0.4099135 Vali Loss: 0.3855814 Test Loss: 0.1440585
EarlyStopping counter: 5 out of 5
Early stopping
>>>>>>>testing : weather_336_96_LightTimeBaseTST_custom_ftM_sl336_pl96_test_0_seed2023<<<<<<<<<<<<<<<<<<<<<<<<<<<<<<<<<
test 10444
mse:0.1471470147371292, mae:0.20011068880558014, rse:0.5055078864097595
