Args in experiment:
Namespace(is_training=1, train_only=False, model_id='Autoformer_traffic_192_192', model='Autoformer', data='custom', root_path='./dataset/', data_path='traffic.csv', features='M', target='OT', freq='h', checkpoints='./checkpoints/', seq_len=192, label_len=48, pred_len=192, individual=False, embed_type=0, enc_in=862, dec_in=862, c_out=862, d_model=512, n_heads=8, e_layers=2, d_layers=1, d_ff=2048, moving_avg=25, factor=3, distil=True, dropout=0.05, embed='timeF', activation='gelu', output_attention=False, do_predict=False, num_workers=10, itr=1, train_epochs=30, batch_size=32, patience=3, learning_rate=0.0001, des='Exp', loss='mse', lradj='type1', use_amp=False, use_gpu=True, gpu=0, use_multi_gpu=False, devices='0,1,2,3', test_flop=False)
Use GPU: cuda:0
>>>>>>>start training : Autoformer_traffic_192_192_Autoformer_custom_ftM_sl192_ll48_pl192_dm512_nh8_el2_dl1_df2048_fc3_ebtimeF_dtTrue_Exp_0>>>>>>>>>>>>>>>>>>>>>>>>>>
train 11897
val 1565
test 3317
	iters: 100, epoch: 1 | loss: 0.4330171
	speed: 0.2094s/iter; left time: 2316.0244s
	iters: 200, epoch: 1 | loss: 0.2792863
	speed: 0.1710s/iter; left time: 1874.0652s
	iters: 300, epoch: 1 | loss: 0.2682427
	speed: 0.1705s/iter; left time: 1851.2850s
Epoch: 1 cost time: 67.64327144622803
Epoch: 1, Steps: 372 | Train Loss: 0.3529494 Vali Loss: 0.4841576 Test Loss: 0.6176728
Validation loss decreased (inf --> 0.484158).  Saving model ...
Updating learning rate to 0.0001
	iters: 100, epoch: 2 | loss: 0.2412285
	speed: 0.6379s/iter; left time: 6818.8910s
	iters: 200, epoch: 2 | loss: 0.2318613
	speed: 0.1753s/iter; left time: 1856.0179s
	iters: 300, epoch: 2 | loss: 0.2264573
	speed: 0.1752s/iter; left time: 1837.2027s
Epoch: 2 cost time: 65.55750966072083
Epoch: 2, Steps: 372 | Train Loss: 0.2377748 Vali Loss: 0.5089343 Test Loss: 0.6291692
EarlyStopping counter: 1 out of 3
Updating learning rate to 5e-05
	iters: 100, epoch: 3 | loss: 0.2358023
	speed: 0.6428s/iter; left time: 6631.4621s
	iters: 200, epoch: 3 | loss: 0.2131219
	speed: 0.1877s/iter; left time: 1917.4183s
	iters: 300, epoch: 3 | loss: 0.2126562
	speed: 0.1785s/iter; left time: 1805.9328s
Epoch: 3 cost time: 69.16305088996887
Epoch: 3, Steps: 372 | Train Loss: 0.2163566 Vali Loss: 0.4874167 Test Loss: 0.6134403
EarlyStopping counter: 2 out of 3
Updating learning rate to 2.5e-05
	iters: 100, epoch: 4 | loss: 0.2051726
	speed: 0.8237s/iter; left time: 8191.7762s
	iters: 200, epoch: 4 | loss: 0.2156724
	speed: 0.1788s/iter; left time: 1760.3499s
	iters: 300, epoch: 4 | loss: 0.1992272
	speed: 0.1809s/iter; left time: 1762.5779s
Epoch: 4 cost time: 70.56701016426086
Epoch: 4, Steps: 372 | Train Loss: 0.2079024 Vali Loss: 0.4886596 Test Loss: 0.6148571
EarlyStopping counter: 3 out of 3
Early stopping
>>>>>>>testing : Autoformer_traffic_192_192_Autoformer_custom_ftM_sl192_ll48_pl192_dm512_nh8_el2_dl1_df2048_fc3_ebtimeF_dtTrue_Exp_0<<<<<<<<<<<<<<<<<<<<<<<<<<<<<<<<<
test 3317
mse:0.6181389689445496, mae:0.38414129614830017
