Args in experiment:
Namespace(is_training=1, train_only=False, model_id='ETTm2_720_96', model='Autoformer', data='ETTm2', root_path='./dataset/', data_path='ETTm2.csv', features='M', target='OT', freq='h', checkpoints='./checkpoints/', seq_len=720, label_len=48, pred_len=96, individual=False, embed_type=0, enc_in=7, dec_in=7, c_out=7, d_model=512, n_heads=8, e_layers=2, d_layers=1, d_ff=2048, moving_avg=25, factor=3, distil=True, dropout=0.05, embed='timeF', activation='gelu', output_attention=False, do_predict=False, num_workers=10, itr=1, train_epochs=30, batch_size=32, patience=3, learning_rate=0.0001, des='Exp', loss='mse', lradj='type1', use_amp=False, use_gpu=True, gpu=0, use_multi_gpu=False, devices='0,1,2,3', test_flop=False)
Use GPU: cuda:0
>>>>>>>start training : ETTm2_720_96_Autoformer_ETTm2_ftM_sl720_ll48_pl96_dm512_nh8_el2_dl1_df2048_fc3_ebtimeF_dtTrue_Exp_0>>>>>>>>>>>>>>>>>>>>>>>>>>
train 33745
val 11425
test 11425
	iters: 100, epoch: 1 | loss: 0.2716736
	speed: 0.2593s/iter; left time: 8179.6683s
	iters: 200, epoch: 1 | loss: 0.3883733
	speed: 0.2382s/iter; left time: 7492.1397s
	iters: 300, epoch: 1 | loss: 0.2183508
	speed: 0.2354s/iter; left time: 7380.9889s
	iters: 400, epoch: 1 | loss: 0.6147802
	speed: 0.2361s/iter; left time: 7378.9407s
	iters: 500, epoch: 1 | loss: 0.4635811
	speed: 0.2388s/iter; left time: 7438.6056s
	iters: 600, epoch: 1 | loss: 0.3551579
	speed: 0.2358s/iter; left time: 7320.5738s
	iters: 700, epoch: 1 | loss: 0.4526977
	speed: 0.2353s/iter; left time: 7282.0694s
	iters: 800, epoch: 1 | loss: 0.2543168
	speed: 0.2354s/iter; left time: 7261.9766s
	iters: 900, epoch: 1 | loss: 0.3289465
	speed: 0.2333s/iter; left time: 7174.4576s
	iters: 1000, epoch: 1 | loss: 0.2490804
	speed: 0.2366s/iter; left time: 7251.7402s
Epoch: 1 cost time: 251.5179305076599
Epoch: 1, Steps: 1055 | Train Loss: 0.4011578 Vali Loss: 0.2483867 Test Loss: 0.3243988
Validation loss decreased (inf --> 0.248387).  Saving model ...
Updating learning rate to 0.0001
	iters: 100, epoch: 2 | loss: 0.3229437
	speed: 1.5178s/iter; left time: 46286.0191s
	iters: 200, epoch: 2 | loss: 0.3188532
	speed: 0.2362s/iter; left time: 7180.5608s
	iters: 300, epoch: 2 | loss: 0.3614448
	speed: 0.2341s/iter; left time: 7093.7570s
	iters: 400, epoch: 2 | loss: 0.3188548
	speed: 0.2367s/iter; left time: 7147.4236s
	iters: 500, epoch: 2 | loss: 0.3495193
	speed: 0.2372s/iter; left time: 7138.5484s
	iters: 600, epoch: 2 | loss: 0.2439806
	speed: 0.2395s/iter; left time: 7183.5127s
	iters: 700, epoch: 2 | loss: 0.2228727
	speed: 0.2377s/iter; left time: 7107.1704s
	iters: 800, epoch: 2 | loss: 0.2271023
	speed: 0.2379s/iter; left time: 7087.7961s
	iters: 900, epoch: 2 | loss: 0.3263691
	speed: 0.2409s/iter; left time: 7155.2079s
	iters: 1000, epoch: 2 | loss: 0.3082034
	speed: 0.2356s/iter; left time: 6973.0830s
Epoch: 2 cost time: 251.2629771232605
Epoch: 2, Steps: 1055 | Train Loss: 0.3129106 Vali Loss: 0.2574095 Test Loss: 0.3308125
EarlyStopping counter: 1 out of 3
Updating learning rate to 5e-05
	iters: 100, epoch: 3 | loss: 0.3229428
	speed: 1.6264s/iter; left time: 47881.8355s
	iters: 200, epoch: 3 | loss: 0.1636354
	speed: 0.2341s/iter; left time: 6869.4061s
	iters: 300, epoch: 3 | loss: 0.1599040
	speed: 0.2335s/iter; left time: 6827.5528s
	iters: 400, epoch: 3 | loss: 0.3660611
	speed: 0.2337s/iter; left time: 6810.0293s
	iters: 500, epoch: 3 | loss: 0.2517137
	speed: 0.2384s/iter; left time: 6924.4026s
	iters: 600, epoch: 3 | loss: 0.2643737
	speed: 0.2341s/iter; left time: 6775.3966s
	iters: 700, epoch: 3 | loss: 0.3174586
	speed: 0.2372s/iter; left time: 6842.4871s
	iters: 800, epoch: 3 | loss: 0.2379357
	speed: 0.2369s/iter; left time: 6807.5841s
	iters: 900, epoch: 3 | loss: 0.2648750
	speed: 0.2336s/iter; left time: 6689.8236s
	iters: 1000, epoch: 3 | loss: 0.2135512
	speed: 0.2337s/iter; left time: 6669.4760s
Epoch: 3 cost time: 248.90388369560242
Epoch: 3, Steps: 1055 | Train Loss: 0.2552249 Vali Loss: 0.2735576 Test Loss: 0.3607122
EarlyStopping counter: 2 out of 3
Updating learning rate to 2.5e-05
	iters: 100, epoch: 4 | loss: 0.2203725
	speed: 1.5486s/iter; left time: 43959.3836s
	iters: 200, epoch: 4 | loss: 0.1988786
	speed: 0.2346s/iter; left time: 6636.7569s
	iters: 300, epoch: 4 | loss: 0.2015729
	speed: 0.2360s/iter; left time: 6653.1295s
	iters: 400, epoch: 4 | loss: 0.2212959
	speed: 0.2353s/iter; left time: 6607.6537s
	iters: 500, epoch: 4 | loss: 0.2122651
	speed: 0.2329s/iter; left time: 6516.9678s
	iters: 600, epoch: 4 | loss: 0.2330038
	speed: 0.2345s/iter; left time: 6539.8408s
	iters: 700, epoch: 4 | loss: 0.2194400
	speed: 0.2364s/iter; left time: 6568.1639s
	iters: 800, epoch: 4 | loss: 0.1638469
	speed: 0.2357s/iter; left time: 6524.8364s
	iters: 900, epoch: 4 | loss: 0.2518260
	speed: 0.2354s/iter; left time: 6493.6537s
	iters: 1000, epoch: 4 | loss: 0.2119842
	speed: 0.2363s/iter; left time: 6495.1080s
Epoch: 4 cost time: 249.37718844413757
Epoch: 4, Steps: 1055 | Train Loss: 0.2299036 Vali Loss: 0.2792102 Test Loss: 0.3807701
EarlyStopping counter: 3 out of 3
Early stopping
>>>>>>>testing : ETTm2_720_96_Autoformer_ETTm2_ftM_sl720_ll48_pl96_dm512_nh8_el2_dl1_df2048_fc3_ebtimeF_dtTrue_Exp_0<<<<<<<<<<<<<<<<<<<<<<<<<<<<<<<<<
test 11425
mse:0.3249496817588806, mae:0.39088791608810425
