Args in experiment:
Namespace(is_training=1, train_only=False, model_id='Autoformer_ETTh2_96_720', model='Autoformer', data='ETTh2', root_path='./dataset/', data_path='ETTh2.csv', features='M', target='OT', freq='h', checkpoints='./checkpoints/', seq_len=96, label_len=48, pred_len=720, individual=False, embed_type=0, enc_in=7, dec_in=7, c_out=7, d_model=512, n_heads=8, e_layers=2, d_layers=1, d_ff=2048, moving_avg=25, factor=3, distil=True, dropout=0.05, embed='timeF', activation='gelu', output_attention=False, do_predict=False, num_workers=10, itr=1, train_epochs=30, batch_size=32, patience=3, learning_rate=0.0001, des='Exp', loss='mse', lradj='type1', use_amp=False, use_gpu=True, gpu=0, use_multi_gpu=False, devices='0,1,2,3', test_flop=False)
Use GPU: cuda:0
>>>>>>>start training : Autoformer_ETTh2_96_720_Autoformer_ETTh2_ftM_sl96_ll48_pl720_dm512_nh8_el2_dl1_df2048_fc3_ebtimeF_dtTrue_Exp_0>>>>>>>>>>>>>>>>>>>>>>>>>>
train 7825
val 2161
test 2161
	iters: 100, epoch: 1 | loss: 0.8985246
	speed: 0.2182s/iter; left time: 1581.9900s
	iters: 200, epoch: 1 | loss: 0.5776788
	speed: 0.1951s/iter; left time: 1395.2558s
Epoch: 1 cost time: 50.23147177696228
Epoch: 1, Steps: 245 | Train Loss: 0.8542264 Vali Loss: 0.6669843 Test Loss: 0.4901923
Validation loss decreased (inf --> 0.666984).  Saving model ...
Updating learning rate to 0.0001
	iters: 100, epoch: 2 | loss: 0.3343149
	speed: 0.5066s/iter; left time: 3549.2467s
	iters: 200, epoch: 2 | loss: 0.9080206
	speed: 0.1987s/iter; left time: 1372.5061s
Epoch: 2 cost time: 49.3350830078125
Epoch: 2, Steps: 245 | Train Loss: 0.7829720 Vali Loss: 0.6938748 Test Loss: 0.5280776
EarlyStopping counter: 1 out of 3
Updating learning rate to 5e-05
	iters: 100, epoch: 3 | loss: 0.6661135
	speed: 0.5083s/iter; left time: 3436.5370s
	iters: 200, epoch: 3 | loss: 0.6144099
	speed: 0.1990s/iter; left time: 1325.3181s
Epoch: 3 cost time: 49.46371936798096
Epoch: 3, Steps: 245 | Train Loss: 0.6929999 Vali Loss: 0.7858038 Test Loss: 0.6811955
EarlyStopping counter: 2 out of 3
Updating learning rate to 2.5e-05
	iters: 100, epoch: 4 | loss: 0.4734502
	speed: 0.5556s/iter; left time: 3620.6107s
	iters: 200, epoch: 4 | loss: 0.6918466
	speed: 0.1977s/iter; left time: 1268.3452s
Epoch: 4 cost time: 49.24744653701782
Epoch: 4, Steps: 245 | Train Loss: 0.6606480 Vali Loss: 0.7994178 Test Loss: 0.5940201
EarlyStopping counter: 3 out of 3
Early stopping
>>>>>>>testing : Autoformer_ETTh2_96_720_Autoformer_ETTh2_ftM_sl96_ll48_pl720_dm512_nh8_el2_dl1_df2048_fc3_ebtimeF_dtTrue_Exp_0<<<<<<<<<<<<<<<<<<<<<<<<<<<<<<<<<
test 2161
mse:0.48792731761932373, mae:0.4923190176486969
