Args in experiment:
Namespace(is_training=1, train_only=False, model_id='Autoformer_electricity_96_96', model='Autoformer', data='custom', root_path='./dataset/', data_path='electricity.csv', features='M', target='OT', freq='h', checkpoints='./checkpoints/', seq_len=96, label_len=48, pred_len=96, individual=False, embed_type=0, enc_in=321, dec_in=321, c_out=321, d_model=512, n_heads=8, e_layers=2, d_layers=1, d_ff=2048, moving_avg=25, factor=3, distil=True, dropout=0.05, embed='timeF', activation='gelu', output_attention=False, do_predict=False, num_workers=10, itr=1, train_epochs=30, batch_size=32, patience=3, learning_rate=0.0001, des='Exp', loss='mse', lradj='type1', use_amp=False, use_gpu=True, gpu=0, use_multi_gpu=False, devices='0,1,2,3', test_flop=False)
Use GPU: cuda:0
>>>>>>>start training : Autoformer_electricity_96_96_Autoformer_custom_ftM_sl96_ll48_pl96_dm512_nh8_el2_dl1_df2048_fc3_ebtimeF_dtTrue_Exp_0>>>>>>>>>>>>>>>>>>>>>>>>>>
train 18221
val 2537
test 5165
	iters: 100, epoch: 1 | loss: 0.2461077
	speed: 0.1198s/iter; left time: 2036.4755s
	iters: 200, epoch: 1 | loss: 0.2400574
	speed: 0.0997s/iter; left time: 1684.9995s
	iters: 300, epoch: 1 | loss: 0.2214769
	speed: 0.1002s/iter; left time: 1684.1016s
	iters: 400, epoch: 1 | loss: 0.2165368
	speed: 0.0993s/iter; left time: 1657.8958s
	iters: 500, epoch: 1 | loss: 0.1991008
	speed: 0.1068s/iter; left time: 1772.5859s
Epoch: 1 cost time: 60.73699402809143
Epoch: 1, Steps: 570 | Train Loss: 0.2350763 Vali Loss: 0.1711521 Test Loss: 0.2074883
Validation loss decreased (inf --> 0.171152).  Saving model ...
Updating learning rate to 0.0001
	iters: 100, epoch: 2 | loss: 0.1700490
	speed: 0.5174s/iter; left time: 8501.7206s
	iters: 200, epoch: 2 | loss: 0.1597933
	speed: 0.1089s/iter; left time: 1779.2246s
	iters: 300, epoch: 2 | loss: 0.1579793
	speed: 0.1107s/iter; left time: 1796.9226s
	iters: 400, epoch: 2 | loss: 0.1506016
	speed: 0.1115s/iter; left time: 1799.0914s
	iters: 500, epoch: 2 | loss: 0.1562326
	speed: 0.1030s/iter; left time: 1650.4383s
Epoch: 2 cost time: 63.062732458114624
Epoch: 2, Steps: 570 | Train Loss: 0.1576509 Vali Loss: 0.1780377 Test Loss: 0.2197743
EarlyStopping counter: 1 out of 3
Updating learning rate to 5e-05
	iters: 100, epoch: 3 | loss: 0.1335490
	speed: 0.4192s/iter; left time: 6648.1950s
	iters: 200, epoch: 3 | loss: 0.1308590
	speed: 0.1041s/iter; left time: 1640.2525s
	iters: 300, epoch: 3 | loss: 0.1193830
	speed: 0.1034s/iter; left time: 1619.1336s
	iters: 400, epoch: 3 | loss: 0.1329415
	speed: 0.1035s/iter; left time: 1610.9009s
	iters: 500, epoch: 3 | loss: 0.1301688
	speed: 0.1009s/iter; left time: 1560.5573s
Epoch: 3 cost time: 59.32657194137573
Epoch: 3, Steps: 570 | Train Loss: 0.1346414 Vali Loss: 0.1626058 Test Loss: 0.2047415
Validation loss decreased (0.171152 --> 0.162606).  Saving model ...
Updating learning rate to 2.5e-05
	iters: 100, epoch: 4 | loss: 0.1283562
	speed: 0.4313s/iter; left time: 6595.4033s
	iters: 200, epoch: 4 | loss: 0.1274104
	speed: 0.0950s/iter; left time: 1442.5959s
	iters: 300, epoch: 4 | loss: 0.1278575
	speed: 0.0936s/iter; left time: 1412.0688s
	iters: 400, epoch: 4 | loss: 0.1293020
	speed: 0.0963s/iter; left time: 1443.5503s
	iters: 500, epoch: 4 | loss: 0.1246546
	speed: 0.0948s/iter; left time: 1411.0882s
Epoch: 4 cost time: 56.26096820831299
Epoch: 4, Steps: 570 | Train Loss: 0.1268392 Vali Loss: 0.1608449 Test Loss: 0.2062185
Validation loss decreased (0.162606 --> 0.160845).  Saving model ...
Updating learning rate to 1.25e-05
	iters: 100, epoch: 5 | loss: 0.1271472
	speed: 0.4532s/iter; left time: 6671.0572s
	iters: 200, epoch: 5 | loss: 0.1211850
	speed: 0.1053s/iter; left time: 1539.9132s
	iters: 300, epoch: 5 | loss: 0.1249662
	speed: 0.1060s/iter; left time: 1538.7735s
	iters: 400, epoch: 5 | loss: 0.1269796
	speed: 0.1048s/iter; left time: 1511.4159s
	iters: 500, epoch: 5 | loss: 0.1179362
	speed: 0.0974s/iter; left time: 1394.5825s
Epoch: 5 cost time: 59.96518659591675
Epoch: 5, Steps: 570 | Train Loss: 0.1231612 Vali Loss: 0.1622349 Test Loss: 0.2057395
EarlyStopping counter: 1 out of 3
Updating learning rate to 6.25e-06
	iters: 100, epoch: 6 | loss: 0.1272562
	speed: 0.3971s/iter; left time: 5619.1479s
	iters: 200, epoch: 6 | loss: 0.1205398
	speed: 0.1004s/iter; left time: 1410.9118s
	iters: 300, epoch: 6 | loss: 0.1166904
	speed: 0.1017s/iter; left time: 1418.6239s
	iters: 400, epoch: 6 | loss: 0.1147728
	speed: 0.1037s/iter; left time: 1436.3430s
	iters: 500, epoch: 6 | loss: 0.1262396
	speed: 0.1037s/iter; left time: 1426.0301s
Epoch: 6 cost time: 58.86123609542847
Epoch: 6, Steps: 570 | Train Loss: 0.1211847 Vali Loss: 0.1606783 Test Loss: 0.2053605
Validation loss decreased (0.160845 --> 0.160678).  Saving model ...
Updating learning rate to 3.125e-06
	iters: 100, epoch: 7 | loss: 0.1146124
	speed: 0.4617s/iter; left time: 6270.4968s
	iters: 200, epoch: 7 | loss: 0.1230984
	speed: 0.0944s/iter; left time: 1273.0200s
	iters: 300, epoch: 7 | loss: 0.1127994
	speed: 0.0940s/iter; left time: 1258.2259s
	iters: 400, epoch: 7 | loss: 0.1132941
	speed: 0.0926s/iter; left time: 1229.7687s
	iters: 500, epoch: 7 | loss: 0.1190494
	speed: 0.0968s/iter; left time: 1275.7216s
Epoch: 7 cost time: 55.89478540420532
Epoch: 7, Steps: 570 | Train Loss: 0.1201437 Vali Loss: 0.1595328 Test Loss: 0.2032787
Validation loss decreased (0.160678 --> 0.159533).  Saving model ...
Updating learning rate to 1.5625e-06
	iters: 100, epoch: 8 | loss: 0.1149153
	speed: 0.4461s/iter; left time: 5804.5338s
	iters: 200, epoch: 8 | loss: 0.1183280
	speed: 0.1115s/iter; left time: 1439.7386s
	iters: 300, epoch: 8 | loss: 0.1243653
	speed: 0.1099s/iter; left time: 1407.9561s
	iters: 400, epoch: 8 | loss: 0.1135682
	speed: 0.1048s/iter; left time: 1331.8302s
	iters: 500, epoch: 8 | loss: 0.1241678
	speed: 0.1055s/iter; left time: 1329.9849s
Epoch: 8 cost time: 62.19560408592224
Epoch: 8, Steps: 570 | Train Loss: 0.1195702 Vali Loss: 0.1597212 Test Loss: 0.2034823
EarlyStopping counter: 1 out of 3
Updating learning rate to 7.8125e-07
	iters: 100, epoch: 9 | loss: 0.1201585
	speed: 0.4332s/iter; left time: 5389.3129s
	iters: 200, epoch: 9 | loss: 0.1267497
	speed: 0.1071s/iter; left time: 1321.6924s
	iters: 300, epoch: 9 | loss: 0.1208806
	speed: 0.1057s/iter; left time: 1293.9152s
	iters: 400, epoch: 9 | loss: 0.1176494
	speed: 0.1095s/iter; left time: 1329.7362s
	iters: 500, epoch: 9 | loss: 0.1103493
	speed: 0.1128s/iter; left time: 1357.6655s
Epoch: 9 cost time: 62.710567474365234
Epoch: 9, Steps: 570 | Train Loss: 0.1192828 Vali Loss: 0.1595888 Test Loss: 0.2040117
EarlyStopping counter: 2 out of 3
Updating learning rate to 3.90625e-07
	iters: 100, epoch: 10 | loss: 0.1216770
	speed: 0.5240s/iter; left time: 6220.8467s
	iters: 200, epoch: 10 | loss: 0.1152519
	speed: 0.1015s/iter; left time: 1194.3192s
	iters: 300, epoch: 10 | loss: 0.1194760
	speed: 0.1011s/iter; left time: 1180.1829s
	iters: 400, epoch: 10 | loss: 0.1280424
	speed: 0.0994s/iter; left time: 1150.4352s
	iters: 500, epoch: 10 | loss: 0.1181881
	speed: 0.1035s/iter; left time: 1187.3731s
Epoch: 10 cost time: 59.8606071472168
Epoch: 10, Steps: 570 | Train Loss: 0.1191180 Vali Loss: 0.1596939 Test Loss: 0.2042863
EarlyStopping counter: 3 out of 3
Early stopping
>>>>>>>testing : Autoformer_electricity_96_96_Autoformer_custom_ftM_sl96_ll48_pl96_dm512_nh8_el2_dl1_df2048_fc3_ebtimeF_dtTrue_Exp_0<<<<<<<<<<<<<<<<<<<<<<<<<<<<<<<<<
test 5165
mse:0.20196932554244995, mae:0.31662875413894653
