Args in experiment:
Namespace(is_training=1, train_only=False, model_id='Autoformer_ETTh2_336_192', model='Autoformer', data='ETTh2', root_path='./dataset/', data_path='ETTh2.csv', features='M', target='OT', freq='h', checkpoints='./checkpoints/', seq_len=336, label_len=48, pred_len=192, individual=False, embed_type=0, enc_in=7, dec_in=7, c_out=7, d_model=512, n_heads=8, e_layers=2, d_layers=1, d_ff=2048, moving_avg=25, factor=3, distil=True, dropout=0.05, embed='timeF', activation='gelu', output_attention=False, do_predict=False, num_workers=10, itr=1, train_epochs=30, batch_size=32, patience=3, learning_rate=0.0001, des='Exp', loss='mse', lradj='type1', use_amp=False, use_gpu=True, gpu=0, use_multi_gpu=False, devices='0,1,2,3', test_flop=False)
Use GPU: cuda:0
>>>>>>>start training : Autoformer_ETTh2_336_192_Autoformer_ETTh2_ftM_sl336_ll48_pl192_dm512_nh8_el2_dl1_df2048_fc3_ebtimeF_dtTrue_Exp_0>>>>>>>>>>>>>>>>>>>>>>>>>>
train 8113
val 2689
test 2689
	iters: 100, epoch: 1 | loss: 0.5249318
	speed: 0.2266s/iter; left time: 1704.1766s
	iters: 200, epoch: 1 | loss: 0.4433109
	speed: 0.1839s/iter; left time: 1365.0223s
Epoch: 1 cost time: 51.091588497161865
Epoch: 1, Steps: 254 | Train Loss: 0.5798912 Vali Loss: 0.4433863 Test Loss: 0.4970781
Validation loss decreased (inf --> 0.443386).  Saving model ...
Updating learning rate to 0.0001
	iters: 100, epoch: 2 | loss: 0.5705674
	speed: 0.6263s/iter; left time: 4551.5856s
	iters: 200, epoch: 2 | loss: 0.4024509
	speed: 0.1749s/iter; left time: 1253.5037s
Epoch: 2 cost time: 45.742650747299194
Epoch: 2, Steps: 254 | Train Loss: 0.4701222 Vali Loss: 0.7158207 Test Loss: 0.8249971
EarlyStopping counter: 1 out of 3
Updating learning rate to 5e-05
	iters: 100, epoch: 3 | loss: 0.2188886
	speed: 0.5985s/iter; left time: 4197.1662s
	iters: 200, epoch: 3 | loss: 0.2633341
	speed: 0.1792s/iter; left time: 1238.9229s
Epoch: 3 cost time: 46.74651217460632
Epoch: 3, Steps: 254 | Train Loss: 0.3363052 Vali Loss: 0.7890094 Test Loss: 0.6825950
EarlyStopping counter: 2 out of 3
Updating learning rate to 2.5e-05
	iters: 100, epoch: 4 | loss: 0.3549179
	speed: 0.6768s/iter; left time: 4574.8258s
	iters: 200, epoch: 4 | loss: 0.2907843
	speed: 0.1769s/iter; left time: 1178.0989s
Epoch: 4 cost time: 47.24104142189026
Epoch: 4, Steps: 254 | Train Loss: 0.2872917 Vali Loss: 0.6932285 Test Loss: 0.6265714
EarlyStopping counter: 3 out of 3
Early stopping
>>>>>>>testing : Autoformer_ETTh2_336_192_Autoformer_ETTh2_ftM_sl336_ll48_pl192_dm512_nh8_el2_dl1_df2048_fc3_ebtimeF_dtTrue_Exp_0<<<<<<<<<<<<<<<<<<<<<<<<<<<<<<<<<
test 2689
mse:0.492363303899765, mae:0.5231698155403137
