Args in experiment:
Namespace(is_training=1, train_only=False, model_id='ETTh1_720_720', model='Autoformer', data='ETTh1', root_path='./dataset/', data_path='ETTh1.csv', features='M', target='OT', freq='h', checkpoints='./checkpoints/', seq_len=720, label_len=48, pred_len=720, individual=False, embed_type=0, enc_in=7, dec_in=7, c_out=7, d_model=512, n_heads=8, e_layers=2, d_layers=1, d_ff=2048, moving_avg=25, factor=3, distil=True, dropout=0.05, embed='timeF', activation='gelu', output_attention=False, do_predict=False, num_workers=10, itr=1, train_epochs=30, batch_size=32, patience=3, learning_rate=0.0001, des='Exp', loss='mse', lradj='type1', use_amp=False, use_gpu=True, gpu=0, use_multi_gpu=False, devices='0,1,2,3', test_flop=False)
Use GPU: cuda:0
>>>>>>>start training : ETTh1_720_720_Autoformer_ETTh1_ftM_sl720_ll48_pl720_dm512_nh8_el2_dl1_df2048_fc3_ebtimeF_dtTrue_Exp_0>>>>>>>>>>>>>>>>>>>>>>>>>>
train 7201
val 2161
test 2161
	iters: 100, epoch: 1 | loss: 0.5326912
	speed: 0.3675s/iter; left time: 2455.4442s
	iters: 200, epoch: 1 | loss: 0.5213590
	speed: 0.3569s/iter; left time: 2348.6216s
Epoch: 1 cost time: 81.88278841972351
Epoch: 1, Steps: 226 | Train Loss: 0.5452497 Vali Loss: 1.8305843 Test Loss: 0.8983245
Validation loss decreased (inf --> 1.830584).  Saving model ...
Updating learning rate to 0.0001
	iters: 100, epoch: 2 | loss: 0.4128011
	speed: 0.8268s/iter; left time: 5336.9699s
	iters: 200, epoch: 2 | loss: 0.3338474
	speed: 0.3556s/iter; left time: 2259.8835s
Epoch: 2 cost time: 80.96591997146606
Epoch: 2, Steps: 226 | Train Loss: 0.3977719 Vali Loss: 2.0517750 Test Loss: 0.9191656
EarlyStopping counter: 1 out of 3
Updating learning rate to 5e-05
	iters: 100, epoch: 3 | loss: 0.3251272
	speed: 0.8188s/iter; left time: 5100.3419s
	iters: 200, epoch: 3 | loss: 0.3522572
	speed: 0.3554s/iter; left time: 2178.0170s
Epoch: 3 cost time: 81.15648317337036
Epoch: 3, Steps: 226 | Train Loss: 0.3449512 Vali Loss: 2.1903298 Test Loss: 0.9654771
EarlyStopping counter: 2 out of 3
Updating learning rate to 2.5e-05
	iters: 100, epoch: 4 | loss: 0.3339589
	speed: 0.8248s/iter; left time: 4951.2487s
	iters: 200, epoch: 4 | loss: 0.3173038
	speed: 0.3562s/iter; left time: 2102.6324s
Epoch: 4 cost time: 81.46956062316895
Epoch: 4, Steps: 226 | Train Loss: 0.3258361 Vali Loss: 2.3536999 Test Loss: 1.0673621
EarlyStopping counter: 3 out of 3
Early stopping
>>>>>>>testing : ETTh1_720_720_Autoformer_ETTh1_ftM_sl720_ll48_pl720_dm512_nh8_el2_dl1_df2048_fc3_ebtimeF_dtTrue_Exp_0<<<<<<<<<<<<<<<<<<<<<<<<<<<<<<<<<
test 2161
mse:0.8986514210700989, mae:0.729839026927948
