Args in experiment:
Namespace(is_training=1, train_only=False, model_id='Autoformer_ETTm1_96_720', model='Autoformer', data='ETTm1', root_path='./dataset/', data_path='ETTm1.csv', features='M', target='OT', freq='h', checkpoints='./checkpoints/', seq_len=96, label_len=48, pred_len=720, individual=False, embed_type=0, enc_in=7, dec_in=7, c_out=7, d_model=512, n_heads=8, e_layers=2, d_layers=1, d_ff=2048, moving_avg=25, factor=3, distil=True, dropout=0.05, embed='timeF', activation='gelu', output_attention=False, do_predict=False, num_workers=10, itr=1, train_epochs=30, batch_size=32, patience=3, learning_rate=0.0001, des='Exp', loss='mse', lradj='type1', use_amp=False, use_gpu=True, gpu=0, use_multi_gpu=False, devices='0,1,2,3', test_flop=False)
Use GPU: cuda:0
>>>>>>>start training : Autoformer_ETTm1_96_720_Autoformer_ETTm1_ftM_sl96_ll48_pl720_dm512_nh8_el2_dl1_df2048_fc3_ebtimeF_dtTrue_Exp_0>>>>>>>>>>>>>>>>>>>>>>>>>>
train 33745
val 10801
test 10801
	iters: 100, epoch: 1 | loss: 0.4523104
	speed: 0.2284s/iter; left time: 7205.2205s
	iters: 200, epoch: 1 | loss: 0.4561085
	speed: 0.1985s/iter; left time: 6243.7412s
	iters: 300, epoch: 1 | loss: 0.4796989
	speed: 0.1979s/iter; left time: 6203.5527s
	iters: 400, epoch: 1 | loss: 0.5034637
	speed: 0.1964s/iter; left time: 6138.5030s
	iters: 500, epoch: 1 | loss: 0.4305929
	speed: 0.1982s/iter; left time: 6174.5777s
	iters: 600, epoch: 1 | loss: 0.4849626
	speed: 0.2002s/iter; left time: 6215.0952s
	iters: 700, epoch: 1 | loss: 0.4789641
	speed: 0.1974s/iter; left time: 6110.9026s
	iters: 800, epoch: 1 | loss: 0.4854311
	speed: 0.1958s/iter; left time: 6039.9529s
	iters: 900, epoch: 1 | loss: 0.4379587
	speed: 0.1963s/iter; left time: 6037.8278s
	iters: 1000, epoch: 1 | loss: 0.4957474
	speed: 0.2010s/iter; left time: 6160.0198s
Epoch: 1 cost time: 212.14090204238892
Epoch: 1, Steps: 1055 | Train Loss: 0.4854604 Vali Loss: 1.2318889 Test Loss: 0.6992332
Validation loss decreased (inf --> 1.231889).  Saving model ...
Updating learning rate to 0.0001
	iters: 100, epoch: 2 | loss: 0.4268768
	speed: 1.3726s/iter; left time: 41859.2422s
	iters: 200, epoch: 2 | loss: 0.4712325
	speed: 0.1975s/iter; left time: 6002.8624s
	iters: 300, epoch: 2 | loss: 0.3829780
	speed: 0.1953s/iter; left time: 5918.2950s
	iters: 400, epoch: 2 | loss: 0.4842596
	speed: 0.1970s/iter; left time: 5947.3784s
	iters: 500, epoch: 2 | loss: 0.4662412
	speed: 0.1980s/iter; left time: 5959.0208s
	iters: 600, epoch: 2 | loss: 0.4459081
	speed: 0.1989s/iter; left time: 5966.6377s
	iters: 700, epoch: 2 | loss: 0.4085386
	speed: 0.2000s/iter; left time: 5980.5943s
	iters: 800, epoch: 2 | loss: 0.4008652
	speed: 0.1971s/iter; left time: 5871.3787s
	iters: 900, epoch: 2 | loss: 0.4854636
	speed: 0.1980s/iter; left time: 5880.2565s
	iters: 1000, epoch: 2 | loss: 0.4544821
	speed: 0.1968s/iter; left time: 5825.1935s
Epoch: 2 cost time: 209.45885801315308
Epoch: 2, Steps: 1055 | Train Loss: 0.4240421 Vali Loss: 1.2260227 Test Loss: 0.7116585
Validation loss decreased (1.231889 --> 1.226023).  Saving model ...
Updating learning rate to 5e-05
	iters: 100, epoch: 3 | loss: 0.3779142
	speed: 1.3453s/iter; left time: 39608.2041s
	iters: 200, epoch: 3 | loss: 0.4437348
	speed: 0.2002s/iter; left time: 5873.8364s
	iters: 300, epoch: 3 | loss: 0.3539768
	speed: 0.1958s/iter; left time: 5724.6341s
	iters: 400, epoch: 3 | loss: 0.3882865
	speed: 0.1946s/iter; left time: 5671.4578s
	iters: 500, epoch: 3 | loss: 0.4195499
	speed: 0.1959s/iter; left time: 5687.8471s
	iters: 600, epoch: 3 | loss: 0.3544998
	speed: 0.1976s/iter; left time: 5717.9769s
	iters: 700, epoch: 3 | loss: 0.3704686
	speed: 0.1977s/iter; left time: 5701.2856s
	iters: 800, epoch: 3 | loss: 0.4133898
	speed: 0.1944s/iter; left time: 5586.9776s
	iters: 900, epoch: 3 | loss: 0.3712003
	speed: 0.1963s/iter; left time: 5622.9207s
	iters: 1000, epoch: 3 | loss: 0.3741696
	speed: 0.1961s/iter; left time: 5597.3272s
Epoch: 3 cost time: 208.6038043498993
Epoch: 3, Steps: 1055 | Train Loss: 0.3836414 Vali Loss: 1.2173282 Test Loss: 0.6982375
Validation loss decreased (1.226023 --> 1.217328).  Saving model ...
Updating learning rate to 2.5e-05
	iters: 100, epoch: 4 | loss: 0.3350343
	speed: 1.3071s/iter; left time: 37104.3824s
	iters: 200, epoch: 4 | loss: 0.3891980
	speed: 0.1969s/iter; left time: 5568.7133s
	iters: 300, epoch: 4 | loss: 0.3370199
	speed: 0.1972s/iter; left time: 5557.8366s
	iters: 400, epoch: 4 | loss: 0.3486090
	speed: 0.1987s/iter; left time: 5580.1602s
	iters: 500, epoch: 4 | loss: 0.3366209
	speed: 0.1980s/iter; left time: 5542.2427s
	iters: 600, epoch: 4 | loss: 0.3327008
	speed: 0.1995s/iter; left time: 5564.6367s
	iters: 700, epoch: 4 | loss: 0.3422970
	speed: 0.2000s/iter; left time: 5556.6081s
	iters: 800, epoch: 4 | loss: 0.4049590
	speed: 0.1995s/iter; left time: 5524.2703s
	iters: 900, epoch: 4 | loss: 0.3677019
	speed: 0.1998s/iter; left time: 5510.8075s
	iters: 1000, epoch: 4 | loss: 0.3637010
	speed: 0.2013s/iter; left time: 5532.0942s
Epoch: 4 cost time: 210.70470690727234
Epoch: 4, Steps: 1055 | Train Loss: 0.3634250 Vali Loss: 1.2071965 Test Loss: 0.7066454
Validation loss decreased (1.217328 --> 1.207196).  Saving model ...
Updating learning rate to 1.25e-05
	iters: 100, epoch: 5 | loss: 0.3527655
	speed: 1.5024s/iter; left time: 41061.6147s
	iters: 200, epoch: 5 | loss: 0.3326263
	speed: 0.1988s/iter; left time: 5414.4172s
	iters: 300, epoch: 5 | loss: 0.4322014
	speed: 0.2003s/iter; left time: 5433.0251s
	iters: 400, epoch: 5 | loss: 0.3221342
	speed: 0.2036s/iter; left time: 5504.6355s
	iters: 500, epoch: 5 | loss: 0.2914852
	speed: 0.2044s/iter; left time: 5504.9270s
	iters: 600, epoch: 5 | loss: 0.4023471
	speed: 0.2023s/iter; left time: 5427.6321s
	iters: 700, epoch: 5 | loss: 0.3570454
	speed: 0.2028s/iter; left time: 5422.3679s
	iters: 800, epoch: 5 | loss: 0.3775087
	speed: 0.2025s/iter; left time: 5392.2089s
	iters: 900, epoch: 5 | loss: 0.3355274
	speed: 0.2013s/iter; left time: 5341.5631s
	iters: 1000, epoch: 5 | loss: 0.3424349
	speed: 0.2026s/iter; left time: 5355.3259s
Epoch: 5 cost time: 214.0594756603241
Epoch: 5, Steps: 1055 | Train Loss: 0.3536238 Vali Loss: 1.2230781 Test Loss: 0.7239314
EarlyStopping counter: 1 out of 3
Updating learning rate to 6.25e-06
	iters: 100, epoch: 6 | loss: 0.4060883
	speed: 1.4392s/iter; left time: 37816.2981s
	iters: 200, epoch: 6 | loss: 0.3278597
	speed: 0.1994s/iter; left time: 5219.3196s
	iters: 300, epoch: 6 | loss: 0.3696330
	speed: 0.1997s/iter; left time: 5206.6196s
	iters: 400, epoch: 6 | loss: 0.3450354
	speed: 0.1998s/iter; left time: 5190.2566s
	iters: 500, epoch: 6 | loss: 0.3429787
	speed: 0.2013s/iter; left time: 5209.6656s
	iters: 600, epoch: 6 | loss: 0.3551641
	speed: 0.2021s/iter; left time: 5209.4027s
	iters: 700, epoch: 6 | loss: 0.3712936
	speed: 0.2023s/iter; left time: 5194.5418s
	iters: 800, epoch: 6 | loss: 0.3276460
	speed: 0.2034s/iter; left time: 5203.1981s
	iters: 900, epoch: 6 | loss: 0.3313841
	speed: 0.2028s/iter; left time: 5167.6240s
	iters: 1000, epoch: 6 | loss: 0.3250178
	speed: 0.2023s/iter; left time: 5134.7830s
Epoch: 6 cost time: 213.27604603767395
Epoch: 6, Steps: 1055 | Train Loss: 0.3487561 Vali Loss: 1.2218790 Test Loss: 0.7342137
EarlyStopping counter: 2 out of 3
Updating learning rate to 3.125e-06
	iters: 100, epoch: 7 | loss: 0.3046836
	speed: 1.4981s/iter; left time: 37784.6661s
	iters: 200, epoch: 7 | loss: 0.3481619
	speed: 0.2037s/iter; left time: 5117.9778s
	iters: 300, epoch: 7 | loss: 0.3924785
	speed: 0.2028s/iter; left time: 5073.4648s
	iters: 400, epoch: 7 | loss: 0.3702766
	speed: 0.2052s/iter; left time: 5114.5289s
	iters: 500, epoch: 7 | loss: 0.3824971
	speed: 0.2052s/iter; left time: 5094.1911s
	iters: 600, epoch: 7 | loss: 0.3354153
	speed: 0.2046s/iter; left time: 5057.8294s
	iters: 700, epoch: 7 | loss: 0.3404012
	speed: 0.2026s/iter; left time: 4989.0550s
	iters: 800, epoch: 7 | loss: 0.3615496
	speed: 0.2020s/iter; left time: 4952.3910s
	iters: 900, epoch: 7 | loss: 0.3697551
	speed: 0.2031s/iter; left time: 4960.7727s
	iters: 1000, epoch: 7 | loss: 0.3752145
	speed: 0.2024s/iter; left time: 4923.6016s
Epoch: 7 cost time: 215.65905022621155
Epoch: 7, Steps: 1055 | Train Loss: 0.3464118 Vali Loss: 1.2307599 Test Loss: 0.7451336
EarlyStopping counter: 3 out of 3
Early stopping
>>>>>>>testing : Autoformer_ETTm1_96_720_Autoformer_ETTm1_ftM_sl96_ll48_pl720_dm512_nh8_el2_dl1_df2048_fc3_ebtimeF_dtTrue_Exp_0<<<<<<<<<<<<<<<<<<<<<<<<<<<<<<<<<
test 10801
mse:0.7064242959022522, mae:0.5727761387825012
