Args in experiment:
Namespace(is_training=1, train_only=False, model_id='Autoformer_traffic_192_336', model='Autoformer', data='custom', root_path='./dataset/', data_path='traffic.csv', features='M', target='OT', freq='h', checkpoints='./checkpoints/', seq_len=192, label_len=48, pred_len=336, individual=False, embed_type=0, enc_in=862, dec_in=862, c_out=862, d_model=512, n_heads=8, e_layers=2, d_layers=1, d_ff=2048, moving_avg=25, factor=3, distil=True, dropout=0.05, embed='timeF', activation='gelu', output_attention=False, do_predict=False, num_workers=10, itr=1, train_epochs=30, batch_size=32, patience=3, learning_rate=0.0001, des='Exp', loss='mse', lradj='type1', use_amp=False, use_gpu=True, gpu=0, use_multi_gpu=False, devices='0,1,2,3', test_flop=False)
Use GPU: cuda:0
>>>>>>>start training : Autoformer_traffic_192_336_Autoformer_custom_ftM_sl192_ll48_pl336_dm512_nh8_el2_dl1_df2048_fc3_ebtimeF_dtTrue_Exp_0>>>>>>>>>>>>>>>>>>>>>>>>>>
train 11753
val 1421
test 3173
	iters: 100, epoch: 1 | loss: 0.4352955
	speed: 0.2419s/iter; left time: 2647.1681s
	iters: 200, epoch: 1 | loss: 0.3544801
	speed: 0.2106s/iter; left time: 2282.6811s
	iters: 300, epoch: 1 | loss: 0.3100680
	speed: 0.2212s/iter; left time: 2375.7325s
Epoch: 1 cost time: 81.06844520568848
Epoch: 1, Steps: 368 | Train Loss: 0.4042007 Vali Loss: 0.5163292 Test Loss: 0.6552178
Validation loss decreased (inf --> 0.516329).  Saving model ...
Updating learning rate to 0.0001
	iters: 100, epoch: 2 | loss: 0.2582157
	speed: 0.7863s/iter; left time: 8313.6489s
	iters: 200, epoch: 2 | loss: 0.2565553
	speed: 0.2135s/iter; left time: 2235.6780s
	iters: 300, epoch: 2 | loss: 0.2477153
	speed: 0.2268s/iter; left time: 2353.0050s
Epoch: 2 cost time: 81.5026524066925
Epoch: 2, Steps: 368 | Train Loss: 0.2564776 Vali Loss: 0.4656382 Test Loss: 0.6054007
Validation loss decreased (0.516329 --> 0.465638).  Saving model ...
Updating learning rate to 5e-05
	iters: 100, epoch: 3 | loss: 0.2424022
	speed: 0.7964s/iter; left time: 8127.4154s
	iters: 200, epoch: 3 | loss: 0.2375243
	speed: 0.2302s/iter; left time: 2326.6422s
	iters: 300, epoch: 3 | loss: 0.2388028
	speed: 0.2413s/iter; left time: 2413.9683s
Epoch: 3 cost time: 86.79862070083618
Epoch: 3, Steps: 368 | Train Loss: 0.2327769 Vali Loss: 0.4712525 Test Loss: 0.6225725
EarlyStopping counter: 1 out of 3
Updating learning rate to 2.5e-05
	iters: 100, epoch: 4 | loss: 0.2271593
	speed: 0.7893s/iter; left time: 7764.7183s
	iters: 200, epoch: 4 | loss: 0.2241101
	speed: 0.2231s/iter; left time: 2172.4213s
	iters: 300, epoch: 4 | loss: 0.2145710
	speed: 0.2192s/iter; left time: 2112.5604s
Epoch: 4 cost time: 81.41044235229492
Epoch: 4, Steps: 368 | Train Loss: 0.2243650 Vali Loss: 0.4610330 Test Loss: 0.6127805
Validation loss decreased (0.465638 --> 0.461033).  Saving model ...
Updating learning rate to 1.25e-05
	iters: 100, epoch: 5 | loss: 0.2214869
	speed: 0.7986s/iter; left time: 7562.1674s
	iters: 200, epoch: 5 | loss: 0.2254934
	speed: 0.2253s/iter; left time: 2110.7299s
	iters: 300, epoch: 5 | loss: 0.2258649
	speed: 0.2362s/iter; left time: 2189.4280s
Epoch: 5 cost time: 86.23632526397705
Epoch: 5, Steps: 368 | Train Loss: 0.2203430 Vali Loss: 0.4799513 Test Loss: 0.6329526
EarlyStopping counter: 1 out of 3
Updating learning rate to 6.25e-06
	iters: 100, epoch: 6 | loss: 0.2260608
	speed: 0.8233s/iter; left time: 7492.8420s
	iters: 200, epoch: 6 | loss: 0.2221272
	speed: 0.2168s/iter; left time: 1951.1564s
	iters: 300, epoch: 6 | loss: 0.2230997
	speed: 0.2170s/iter; left time: 1931.0740s
Epoch: 6 cost time: 81.24210667610168
Epoch: 6, Steps: 368 | Train Loss: 0.2182538 Vali Loss: 0.4777120 Test Loss: 0.6365526
EarlyStopping counter: 2 out of 3
Updating learning rate to 3.125e-06
	iters: 100, epoch: 7 | loss: 0.2191996
	speed: 0.8340s/iter; left time: 7283.0774s
	iters: 200, epoch: 7 | loss: 0.2264510
	speed: 0.2179s/iter; left time: 1880.9405s
	iters: 300, epoch: 7 | loss: 0.2139151
	speed: 0.2218s/iter; left time: 1892.7362s
Epoch: 7 cost time: 83.2664487361908
Epoch: 7, Steps: 368 | Train Loss: 0.2170534 Vali Loss: 0.4929085 Test Loss: 0.6563354
EarlyStopping counter: 3 out of 3
Early stopping
>>>>>>>testing : Autoformer_traffic_192_336_Autoformer_custom_ftM_sl192_ll48_pl336_dm512_nh8_el2_dl1_df2048_fc3_ebtimeF_dtTrue_Exp_0<<<<<<<<<<<<<<<<<<<<<<<<<<<<<<<<<
test 3173
mse:0.6124280691146851, mae:0.37488430738449097
