Args in experiment:
Namespace(is_training=1, train_only=False, model_id='ETTh2_720_336', model='Autoformer', data='ETTh2', root_path='./dataset/', data_path='ETTh2.csv', features='M', target='OT', freq='h', checkpoints='./checkpoints/', seq_len=720, label_len=48, pred_len=336, individual=False, embed_type=0, enc_in=7, dec_in=7, c_out=7, d_model=512, n_heads=8, e_layers=2, d_layers=1, d_ff=2048, moving_avg=25, factor=3, distil=True, dropout=0.05, embed='timeF', activation='gelu', output_attention=False, do_predict=False, num_workers=10, itr=1, train_epochs=30, batch_size=32, patience=3, learning_rate=0.0001, des='Exp', loss='mse', lradj='type1', use_amp=False, use_gpu=True, gpu=0, use_multi_gpu=False, devices='0,1,2,3', test_flop=False)
Use GPU: cuda:0
>>>>>>>start training : ETTh2_720_336_Autoformer_ETTh2_ftM_sl720_ll48_pl336_dm512_nh8_el2_dl1_df2048_fc3_ebtimeF_dtTrue_Exp_0>>>>>>>>>>>>>>>>>>>>>>>>>>
train 7585
val 2545
test 2545
	iters: 100, epoch: 1 | loss: 0.9256930
	speed: 0.3108s/iter; left time: 2188.5608s
	iters: 200, epoch: 1 | loss: 0.5151827
	speed: 0.2814s/iter; left time: 1953.2925s
Epoch: 1 cost time: 69.94580483436584
Epoch: 1, Steps: 238 | Train Loss: 0.6828985 Vali Loss: 0.9597360 Test Loss: 0.8269253
Validation loss decreased (inf --> 0.959736).  Saving model ...
Updating learning rate to 0.0001
	iters: 100, epoch: 2 | loss: 0.4091558
	speed: 0.7300s/iter; left time: 4966.3661s
	iters: 200, epoch: 2 | loss: 0.2859870
	speed: 0.2790s/iter; left time: 1869.9194s
Epoch: 2 cost time: 67.29661822319031
Epoch: 2, Steps: 238 | Train Loss: 0.4241705 Vali Loss: 1.1703012 Test Loss: 2.0715766
EarlyStopping counter: 1 out of 3
Updating learning rate to 5e-05
	iters: 100, epoch: 3 | loss: 0.5056543
	speed: 0.7081s/iter; left time: 4648.5383s
	iters: 200, epoch: 3 | loss: 0.3233725
	speed: 0.2809s/iter; left time: 1816.1757s
Epoch: 3 cost time: 67.50821566581726
Epoch: 3, Steps: 238 | Train Loss: 0.3415730 Vali Loss: 1.0342417 Test Loss: 2.3815446
EarlyStopping counter: 2 out of 3
Updating learning rate to 2.5e-05
	iters: 100, epoch: 4 | loss: 0.3469490
	speed: 0.7374s/iter; left time: 4665.6473s
	iters: 200, epoch: 4 | loss: 0.2627268
	speed: 0.2858s/iter; left time: 1779.7477s
Epoch: 4 cost time: 68.52750778198242
Epoch: 4, Steps: 238 | Train Loss: 0.3038838 Vali Loss: 1.0509517 Test Loss: 2.9962316
EarlyStopping counter: 3 out of 3
Early stopping
>>>>>>>testing : ETTh2_720_336_Autoformer_ETTh2_ftM_sl720_ll48_pl336_dm512_nh8_el2_dl1_df2048_fc3_ebtimeF_dtTrue_Exp_0<<<<<<<<<<<<<<<<<<<<<<<<<<<<<<<<<
test 2545
mse:0.8254102468490601, mae:0.7187609672546387
