Args in experiment:
Namespace(is_training=1, train_only=False, model_id='Autoformer_ETTh2_192_720', model='Autoformer', data='ETTh2', root_path='./dataset/', data_path='ETTh2.csv', features='M', target='OT', freq='h', checkpoints='./checkpoints/', seq_len=192, label_len=48, pred_len=720, individual=False, embed_type=0, enc_in=7, dec_in=7, c_out=7, d_model=512, n_heads=8, e_layers=2, d_layers=1, d_ff=2048, moving_avg=25, factor=3, distil=True, dropout=0.05, embed='timeF', activation='gelu', output_attention=False, do_predict=False, num_workers=10, itr=1, train_epochs=30, batch_size=32, patience=3, learning_rate=0.0001, des='Exp', loss='mse', lradj='type1', use_amp=False, use_gpu=True, gpu=0, use_multi_gpu=False, devices='0,1,2,3', test_flop=False)
Use GPU: cuda:0
>>>>>>>start training : Autoformer_ETTh2_192_720_Autoformer_ETTh2_ftM_sl192_ll48_pl720_dm512_nh8_el2_dl1_df2048_fc3_ebtimeF_dtTrue_Exp_0>>>>>>>>>>>>>>>>>>>>>>>>>>
train 7729
val 2161
test 2161
	iters: 100, epoch: 1 | loss: 0.4457794
	speed: 0.2527s/iter; left time: 1809.4981s
	iters: 200, epoch: 1 | loss: 0.7505307
	speed: 0.2288s/iter; left time: 1615.2761s
Epoch: 1 cost time: 57.849446058273315
Epoch: 1, Steps: 242 | Train Loss: 0.8276246 Vali Loss: 0.6871428 Test Loss: 0.4826386
Validation loss decreased (inf --> 0.687143).  Saving model ...
Updating learning rate to 0.0001
	iters: 100, epoch: 2 | loss: 0.8751304
	speed: 0.6213s/iter; left time: 4298.7379s
	iters: 200, epoch: 2 | loss: 0.4446094
	speed: 0.2263s/iter; left time: 1543.2757s
Epoch: 2 cost time: 55.82341146469116
Epoch: 2, Steps: 242 | Train Loss: 0.7144810 Vali Loss: 0.8132176 Test Loss: 0.8903986
EarlyStopping counter: 1 out of 3
Updating learning rate to 5e-05
	iters: 100, epoch: 3 | loss: 0.4440618
	speed: 0.5831s/iter; left time: 3893.0851s
	iters: 200, epoch: 3 | loss: 0.7036293
	speed: 0.2236s/iter; left time: 1470.4594s
Epoch: 3 cost time: 54.80815768241882
Epoch: 3, Steps: 242 | Train Loss: 0.5984115 Vali Loss: 0.8644376 Test Loss: 0.8461034
EarlyStopping counter: 2 out of 3
Updating learning rate to 2.5e-05
	iters: 100, epoch: 4 | loss: 0.5741600
	speed: 0.6046s/iter; left time: 3890.3287s
	iters: 200, epoch: 4 | loss: 0.5334431
	speed: 0.2246s/iter; left time: 1422.8103s
Epoch: 4 cost time: 55.31247615814209
Epoch: 4, Steps: 242 | Train Loss: 0.5489461 Vali Loss: 0.8453671 Test Loss: 0.8487013
EarlyStopping counter: 3 out of 3
Early stopping
>>>>>>>testing : Autoformer_ETTh2_192_720_Autoformer_ETTh2_ftM_sl192_ll48_pl720_dm512_nh8_el2_dl1_df2048_fc3_ebtimeF_dtTrue_Exp_0<<<<<<<<<<<<<<<<<<<<<<<<<<<<<<<<<
test 2161
mse:0.4808674454689026, mae:0.5007873177528381
