Args in experiment:
Namespace(is_training=1, train_only=False, model_id='Autoformer_weather_96_720', model='Autoformer', data='custom', root_path='./dataset/', data_path='weather.csv', features='M', target='OT', freq='h', checkpoints='./checkpoints/', seq_len=96, label_len=48, pred_len=720, individual=False, embed_type=0, enc_in=21, dec_in=21, c_out=21, d_model=512, n_heads=8, e_layers=2, d_layers=1, d_ff=2048, moving_avg=25, factor=3, distil=True, dropout=0.05, embed='timeF', activation='gelu', output_attention=False, do_predict=False, num_workers=10, itr=1, train_epochs=30, batch_size=32, patience=3, learning_rate=0.0001, des='Exp', loss='mse', lradj='type1', use_amp=False, use_gpu=True, gpu=0, use_multi_gpu=False, devices='0,1,2,3', test_flop=False)
Use GPU: cuda:0
>>>>>>>start training : Autoformer_weather_96_720_Autoformer_custom_ftM_sl96_ll48_pl720_dm512_nh8_el2_dl1_df2048_fc3_ebtimeF_dtTrue_Exp_0>>>>>>>>>>>>>>>>>>>>>>>>>>
train 36072
val 4551
test 9820
	iters: 100, epoch: 1 | loss: 0.7722604
	speed: 0.2199s/iter; left time: 7421.2545s
	iters: 200, epoch: 1 | loss: 0.7410498
	speed: 0.1997s/iter; left time: 6718.2283s
	iters: 300, epoch: 1 | loss: 0.5601130
	speed: 0.2033s/iter; left time: 6817.7020s
	iters: 400, epoch: 1 | loss: 0.6752560
	speed: 0.1981s/iter; left time: 6623.3560s
	iters: 500, epoch: 1 | loss: 1.0920322
	speed: 0.1967s/iter; left time: 6557.6116s
	iters: 600, epoch: 1 | loss: 0.7193454
	speed: 0.1958s/iter; left time: 6510.0076s
	iters: 700, epoch: 1 | loss: 0.5670325
	speed: 0.1950s/iter; left time: 6463.4867s
	iters: 800, epoch: 1 | loss: 0.8091187
	speed: 0.1960s/iter; left time: 6475.8778s
	iters: 900, epoch: 1 | loss: 0.6293737
	speed: 0.1951s/iter; left time: 6427.2957s
	iters: 1000, epoch: 1 | loss: 0.6462489
	speed: 0.1941s/iter; left time: 6373.1381s
	iters: 1100, epoch: 1 | loss: 0.7569435
	speed: 0.1955s/iter; left time: 6401.2654s
Epoch: 1 cost time: 224.44467115402222
Epoch: 1, Steps: 1128 | Train Loss: 0.7419072 Vali Loss: 0.8465524 Test Loss: 0.4292526
Validation loss decreased (inf --> 0.846552).  Saving model ...
Updating learning rate to 0.0001
	iters: 100, epoch: 2 | loss: 0.6585305
	speed: 0.9780s/iter; left time: 31894.5200s
	iters: 200, epoch: 2 | loss: 0.8812715
	speed: 0.1965s/iter; left time: 6389.7982s
	iters: 300, epoch: 2 | loss: 0.6338592
	speed: 0.2000s/iter; left time: 6483.8146s
	iters: 400, epoch: 2 | loss: 0.6433992
	speed: 0.2017s/iter; left time: 6518.7860s
	iters: 500, epoch: 2 | loss: 0.7925168
	speed: 0.1990s/iter; left time: 6410.3075s
	iters: 600, epoch: 2 | loss: 0.7613926
	speed: 0.1963s/iter; left time: 6303.0825s
	iters: 700, epoch: 2 | loss: 0.5688878
	speed: 0.1943s/iter; left time: 6219.6471s
	iters: 800, epoch: 2 | loss: 0.6210251
	speed: 0.1956s/iter; left time: 6241.1635s
	iters: 900, epoch: 2 | loss: 0.7703530
	speed: 0.1979s/iter; left time: 6295.1795s
	iters: 1000, epoch: 2 | loss: 0.6421639
	speed: 0.1971s/iter; left time: 6249.1841s
	iters: 1100, epoch: 2 | loss: 0.5672272
	speed: 0.1942s/iter; left time: 6138.5520s
Epoch: 2 cost time: 223.34039568901062
Epoch: 2, Steps: 1128 | Train Loss: 0.7171565 Vali Loss: 0.8526762 Test Loss: 0.4501963
EarlyStopping counter: 1 out of 3
Updating learning rate to 5e-05
	iters: 100, epoch: 3 | loss: 0.6703479
	speed: 0.9839s/iter; left time: 30977.3041s
	iters: 200, epoch: 3 | loss: 0.6625156
	speed: 0.1977s/iter; left time: 6204.9846s
	iters: 300, epoch: 3 | loss: 0.6048719
	speed: 0.1984s/iter; left time: 6206.8485s
	iters: 400, epoch: 3 | loss: 0.5928707
	speed: 0.1980s/iter; left time: 6174.8753s
	iters: 500, epoch: 3 | loss: 0.7343205
	speed: 0.1986s/iter; left time: 6174.4890s
	iters: 600, epoch: 3 | loss: 0.5789233
	speed: 0.2000s/iter; left time: 6196.3896s
	iters: 700, epoch: 3 | loss: 0.6289523
	speed: 0.1977s/iter; left time: 6105.3184s
	iters: 800, epoch: 3 | loss: 0.6917041
	speed: 0.1958s/iter; left time: 6028.2424s
	iters: 900, epoch: 3 | loss: 1.0317645
	speed: 0.1954s/iter; left time: 5995.0723s
	iters: 1000, epoch: 3 | loss: 0.7780304
	speed: 0.1962s/iter; left time: 5999.6551s
	iters: 1100, epoch: 3 | loss: 0.7151197
	speed: 0.1985s/iter; left time: 6051.2947s
Epoch: 3 cost time: 224.1074194908142
Epoch: 3, Steps: 1128 | Train Loss: 0.7014865 Vali Loss: 0.8298109 Test Loss: 0.4293743
Validation loss decreased (0.846552 --> 0.829811).  Saving model ...
Updating learning rate to 2.5e-05
	iters: 100, epoch: 4 | loss: 0.6138029
	speed: 0.9483s/iter; left time: 28786.6057s
	iters: 200, epoch: 4 | loss: 0.6270588
	speed: 0.2063s/iter; left time: 6241.8001s
	iters: 300, epoch: 4 | loss: 0.6234777
	speed: 0.1966s/iter; left time: 5928.7766s
	iters: 400, epoch: 4 | loss: 0.5562800
	speed: 0.1958s/iter; left time: 5884.4350s
	iters: 500, epoch: 4 | loss: 0.9565235
	speed: 0.1964s/iter; left time: 5882.2911s
	iters: 600, epoch: 4 | loss: 0.6971497
	speed: 0.1970s/iter; left time: 5881.0036s
	iters: 700, epoch: 4 | loss: 0.7542469
	speed: 0.1931s/iter; left time: 5745.7090s
	iters: 800, epoch: 4 | loss: 0.7044280
	speed: 0.1936s/iter; left time: 5740.7453s
	iters: 900, epoch: 4 | loss: 0.6601813
	speed: 0.1948s/iter; left time: 5759.1485s
	iters: 1000, epoch: 4 | loss: 0.6306121
	speed: 0.2005s/iter; left time: 5905.0260s
	iters: 1100, epoch: 4 | loss: 0.8259266
	speed: 0.2065s/iter; left time: 6063.3116s
Epoch: 4 cost time: 225.19952487945557
Epoch: 4, Steps: 1128 | Train Loss: 0.6981773 Vali Loss: 0.8221905 Test Loss: 0.4258665
Validation loss decreased (0.829811 --> 0.822191).  Saving model ...
Updating learning rate to 1.25e-05
	iters: 100, epoch: 5 | loss: 0.7878511
	speed: 1.0034s/iter; left time: 29328.4732s
	iters: 200, epoch: 5 | loss: 0.6858714
	speed: 0.1988s/iter; left time: 5790.3690s
	iters: 300, epoch: 5 | loss: 0.5043250
	speed: 0.1936s/iter; left time: 5620.8394s
	iters: 400, epoch: 5 | loss: 0.5728033
	speed: 0.1948s/iter; left time: 5634.1479s
	iters: 500, epoch: 5 | loss: 0.5984615
	speed: 0.1952s/iter; left time: 5626.5640s
	iters: 600, epoch: 5 | loss: 0.6130396
	speed: 0.1991s/iter; left time: 5719.2909s
	iters: 700, epoch: 5 | loss: 0.6655726
	speed: 0.2027s/iter; left time: 5803.7444s
	iters: 800, epoch: 5 | loss: 0.6997766
	speed: 0.1977s/iter; left time: 5639.0417s
	iters: 900, epoch: 5 | loss: 0.4964611
	speed: 0.1966s/iter; left time: 5588.1922s
	iters: 1000, epoch: 5 | loss: 0.7160773
	speed: 0.1967s/iter; left time: 5572.9482s
	iters: 1100, epoch: 5 | loss: 0.6935318
	speed: 0.1957s/iter; left time: 5523.2284s
Epoch: 5 cost time: 223.7141625881195
Epoch: 5, Steps: 1128 | Train Loss: 0.6947229 Vali Loss: 0.8284966 Test Loss: 0.4248524
EarlyStopping counter: 1 out of 3
Updating learning rate to 6.25e-06
	iters: 100, epoch: 6 | loss: 0.6340738
	speed: 0.9566s/iter; left time: 26881.1659s
	iters: 200, epoch: 6 | loss: 0.5635571
	speed: 0.1971s/iter; left time: 5519.4338s
	iters: 300, epoch: 6 | loss: 0.6557472
	speed: 0.1988s/iter; left time: 5546.4673s
	iters: 400, epoch: 6 | loss: 0.7983260
	speed: 0.1939s/iter; left time: 5391.0303s
	iters: 500, epoch: 6 | loss: 0.7851737
	speed: 0.1954s/iter; left time: 5413.0645s
	iters: 600, epoch: 6 | loss: 0.7329441
	speed: 0.1958s/iter; left time: 5403.8263s
	iters: 700, epoch: 6 | loss: 0.7215768
	speed: 0.2005s/iter; left time: 5513.0082s
	iters: 800, epoch: 6 | loss: 0.8425439
	speed: 0.2026s/iter; left time: 5550.8731s
	iters: 900, epoch: 6 | loss: 0.8895671
	speed: 0.1950s/iter; left time: 5324.9058s
	iters: 1000, epoch: 6 | loss: 0.7744465
	speed: 0.1962s/iter; left time: 5335.9123s
	iters: 1100, epoch: 6 | loss: 0.5790700
	speed: 0.1966s/iter; left time: 5327.9003s
Epoch: 6 cost time: 223.1804177761078
Epoch: 6, Steps: 1128 | Train Loss: 0.6926891 Vali Loss: 0.8312436 Test Loss: 0.4277318
EarlyStopping counter: 2 out of 3
Updating learning rate to 3.125e-06
	iters: 100, epoch: 7 | loss: 0.7471897
	speed: 1.0461s/iter; left time: 28215.6774s
	iters: 200, epoch: 7 | loss: 0.6105902
	speed: 0.1959s/iter; left time: 5263.4278s
	iters: 300, epoch: 7 | loss: 0.7164819
	speed: 0.1963s/iter; left time: 5256.6441s
	iters: 400, epoch: 7 | loss: 0.7744363
	speed: 0.1972s/iter; left time: 5259.9418s
	iters: 500, epoch: 7 | loss: 0.6326352
	speed: 0.1933s/iter; left time: 5136.7987s
	iters: 600, epoch: 7 | loss: 0.6062539
	speed: 0.1938s/iter; left time: 5130.3873s
	iters: 700, epoch: 7 | loss: 0.6805546
	speed: 0.1945s/iter; left time: 5129.6438s
	iters: 800, epoch: 7 | loss: 0.7674475
	speed: 0.1999s/iter; left time: 5251.7353s
	iters: 900, epoch: 7 | loss: 0.7801046
	speed: 0.1995s/iter; left time: 5221.0468s
	iters: 1000, epoch: 7 | loss: 0.5343218
	speed: 0.1965s/iter; left time: 5122.6919s
	iters: 1100, epoch: 7 | loss: 1.2653954
	speed: 0.1963s/iter; left time: 5097.9988s
Epoch: 7 cost time: 222.29760885238647
Epoch: 7, Steps: 1128 | Train Loss: 0.6915382 Vali Loss: 0.8257605 Test Loss: 0.4283397
EarlyStopping counter: 3 out of 3
Early stopping
>>>>>>>testing : Autoformer_weather_96_720_Autoformer_custom_ftM_sl96_ll48_pl720_dm512_nh8_el2_dl1_df2048_fc3_ebtimeF_dtTrue_Exp_0<<<<<<<<<<<<<<<<<<<<<<<<<<<<<<<<<
test 9820
mse:0.4257337152957916, mae:0.4298190772533417
