Args in experiment:
Namespace(is_training=1, train_only=False, model_id='Autoformer_weather_336_96', model='Autoformer', data='custom', root_path='./dataset/', data_path='weather.csv', features='M', target='OT', freq='h', checkpoints='./checkpoints/', seq_len=336, label_len=48, pred_len=96, individual=False, embed_type=0, enc_in=21, dec_in=21, c_out=21, d_model=512, n_heads=8, e_layers=2, d_layers=1, d_ff=2048, moving_avg=25, factor=3, distil=True, dropout=0.05, embed='timeF', activation='gelu', output_attention=False, do_predict=False, num_workers=10, itr=1, train_epochs=30, batch_size=32, patience=3, learning_rate=0.0001, des='Exp', loss='mse', lradj='type1', use_amp=False, use_gpu=True, gpu=0, use_multi_gpu=False, devices='0,1,2,3', test_flop=False)
Use GPU: cuda:0
>>>>>>>start training : Autoformer_weather_336_96_Autoformer_custom_ftM_sl336_ll48_pl96_dm512_nh8_el2_dl1_df2048_fc3_ebtimeF_dtTrue_Exp_0>>>>>>>>>>>>>>>>>>>>>>>>>>
train 36456
val 5175
test 10444
	iters: 100, epoch: 1 | loss: 0.7051367
	speed: 0.2684s/iter; left time: 9153.1237s
	iters: 200, epoch: 1 | loss: 0.5976486
	speed: 0.2315s/iter; left time: 7871.1647s
	iters: 300, epoch: 1 | loss: 0.5403498
	speed: 0.1897s/iter; left time: 6431.6396s
	iters: 400, epoch: 1 | loss: 0.3695849
	speed: 0.2138s/iter; left time: 7225.2118s
	iters: 500, epoch: 1 | loss: 0.4461637
	speed: 0.2190s/iter; left time: 7380.9741s
	iters: 600, epoch: 1 | loss: 0.3955881
	speed: 0.2181s/iter; left time: 7327.8284s
	iters: 700, epoch: 1 | loss: 0.5177428
	speed: 0.2187s/iter; left time: 7327.3037s
	iters: 800, epoch: 1 | loss: 0.4386884
	speed: 0.2192s/iter; left time: 7322.2919s
	iters: 900, epoch: 1 | loss: 0.3572529
	speed: 0.2173s/iter; left time: 7237.0225s
	iters: 1000, epoch: 1 | loss: 0.3185929
	speed: 0.2160s/iter; left time: 7170.1524s
	iters: 1100, epoch: 1 | loss: 1.2175473
	speed: 0.2197s/iter; left time: 7273.0238s
Epoch: 1 cost time: 251.96793866157532
Epoch: 1, Steps: 1140 | Train Loss: 0.5470010 Vali Loss: 0.5462819 Test Loss: 0.3100559
Validation loss decreased (inf --> 0.546282).  Saving model ...
Updating learning rate to 0.0001
	iters: 100, epoch: 2 | loss: 0.3257278
	speed: 1.2134s/iter; left time: 39994.8919s
	iters: 200, epoch: 2 | loss: 0.3063557
	speed: 0.2162s/iter; left time: 7104.8333s
	iters: 300, epoch: 2 | loss: 0.3675312
	speed: 0.2162s/iter; left time: 7083.4341s
	iters: 400, epoch: 2 | loss: 0.5704281
	speed: 0.2159s/iter; left time: 7051.0691s
	iters: 500, epoch: 2 | loss: 0.3708178
	speed: 0.2145s/iter; left time: 6982.7074s
	iters: 600, epoch: 2 | loss: 0.5781953
	speed: 0.2123s/iter; left time: 6889.9585s
	iters: 700, epoch: 2 | loss: 0.3394694
	speed: 0.2158s/iter; left time: 6983.4159s
	iters: 800, epoch: 2 | loss: 0.2563600
	speed: 0.2169s/iter; left time: 6998.7983s
	iters: 900, epoch: 2 | loss: 0.4868611
	speed: 0.2164s/iter; left time: 6959.2836s
	iters: 1000, epoch: 2 | loss: 0.2973090
	speed: 0.2235s/iter; left time: 7165.6955s
	iters: 1100, epoch: 2 | loss: 0.2306641
	speed: 0.2246s/iter; left time: 7178.0261s
Epoch: 2 cost time: 249.30163097381592
Epoch: 2, Steps: 1140 | Train Loss: 0.4011712 Vali Loss: 0.5715441 Test Loss: 0.3508690
EarlyStopping counter: 1 out of 3
Updating learning rate to 5e-05
	iters: 100, epoch: 3 | loss: 0.2415308
	speed: 1.2335s/iter; left time: 39250.8860s
	iters: 200, epoch: 3 | loss: 0.3265770
	speed: 0.2155s/iter; left time: 6835.2749s
	iters: 300, epoch: 3 | loss: 0.2935526
	speed: 0.2166s/iter; left time: 6849.4463s
	iters: 400, epoch: 3 | loss: 0.8034861
	speed: 0.2170s/iter; left time: 6841.2794s
	iters: 500, epoch: 3 | loss: 0.5402914
	speed: 0.2164s/iter; left time: 6800.2527s
	iters: 600, epoch: 3 | loss: 0.3120627
	speed: 0.2187s/iter; left time: 6850.1504s
	iters: 700, epoch: 3 | loss: 0.3811306
	speed: 0.2155s/iter; left time: 6729.5649s
	iters: 800, epoch: 3 | loss: 0.3583811
	speed: 0.2207s/iter; left time: 6869.1223s
	iters: 900, epoch: 3 | loss: 0.2396459
	speed: 0.2205s/iter; left time: 6840.0830s
	iters: 1000, epoch: 3 | loss: 0.2453626
	speed: 0.2268s/iter; left time: 7012.6558s
	iters: 1100, epoch: 3 | loss: 0.2126482
	speed: 0.2309s/iter; left time: 7116.9332s
Epoch: 3 cost time: 251.35839438438416
Epoch: 3, Steps: 1140 | Train Loss: 0.3368011 Vali Loss: 0.6035357 Test Loss: 0.4093326
EarlyStopping counter: 2 out of 3
Updating learning rate to 2.5e-05
	iters: 100, epoch: 4 | loss: 0.2191711
	speed: 1.3547s/iter; left time: 41562.5971s
	iters: 200, epoch: 4 | loss: 0.2902401
	speed: 0.2267s/iter; left time: 6933.7971s
	iters: 300, epoch: 4 | loss: 0.2800154
	speed: 0.2256s/iter; left time: 6877.8108s
	iters: 400, epoch: 4 | loss: 0.1998380
	speed: 0.2289s/iter; left time: 6953.3934s
	iters: 500, epoch: 4 | loss: 0.2283293
	speed: 0.2275s/iter; left time: 6888.1002s
	iters: 600, epoch: 4 | loss: 0.1921664
	speed: 0.2008s/iter; left time: 6061.0542s
	iters: 700, epoch: 4 | loss: 0.2142951
	speed: 0.2239s/iter; left time: 6735.8333s
	iters: 800, epoch: 4 | loss: 0.7022931
	speed: 0.2268s/iter; left time: 6800.8688s
	iters: 900, epoch: 4 | loss: 0.7279223
	speed: 0.2281s/iter; left time: 6816.8291s
	iters: 1000, epoch: 4 | loss: 0.2865490
	speed: 0.2329s/iter; left time: 6937.2558s
	iters: 1100, epoch: 4 | loss: 0.1998828
	speed: 0.2342s/iter; left time: 6951.5108s
Epoch: 4 cost time: 258.3428990840912
Epoch: 4, Steps: 1140 | Train Loss: 0.2999517 Vali Loss: 0.6035725 Test Loss: 0.3899532
EarlyStopping counter: 3 out of 3
Early stopping
>>>>>>>testing : Autoformer_weather_336_96_Autoformer_custom_ftM_sl336_ll48_pl96_dm512_nh8_el2_dl1_df2048_fc3_ebtimeF_dtTrue_Exp_0<<<<<<<<<<<<<<<<<<<<<<<<<<<<<<<<<
test 10444
mse:0.31024396419525146, mae:0.38450032472610474
