Args in experiment:
Namespace(is_training=1, train_only=False, model_id='Autoformer_weather_192_720', model='Autoformer', data='custom', root_path='./dataset/', data_path='weather.csv', features='M', target='OT', freq='h', checkpoints='./checkpoints/', seq_len=192, label_len=48, pred_len=720, individual=False, embed_type=0, enc_in=21, dec_in=21, c_out=21, d_model=512, n_heads=8, e_layers=2, d_layers=1, d_ff=2048, moving_avg=25, factor=3, distil=True, dropout=0.05, embed='timeF', activation='gelu', output_attention=False, do_predict=False, num_workers=10, itr=1, train_epochs=30, batch_size=32, patience=3, learning_rate=0.0001, des='Exp', loss='mse', lradj='type1', use_amp=False, use_gpu=True, gpu=0, use_multi_gpu=False, devices='0,1,2,3', test_flop=False)
Use GPU: cuda:0
>>>>>>>start training : Autoformer_weather_192_720_Autoformer_custom_ftM_sl192_ll48_pl720_dm512_nh8_el2_dl1_df2048_fc3_ebtimeF_dtTrue_Exp_0>>>>>>>>>>>>>>>>>>>>>>>>>>
train 35976
val 4551
test 9820
	iters: 100, epoch: 1 | loss: 0.9560751
	speed: 0.2532s/iter; left time: 8521.2544s
	iters: 200, epoch: 1 | loss: 0.9836696
	speed: 0.2252s/iter; left time: 7557.0445s
	iters: 300, epoch: 1 | loss: 0.6312121
	speed: 0.2266s/iter; left time: 7579.5095s
	iters: 400, epoch: 1 | loss: 0.6389786
	speed: 0.2288s/iter; left time: 7630.4624s
	iters: 500, epoch: 1 | loss: 0.6954301
	speed: 0.2231s/iter; left time: 7419.1494s
	iters: 600, epoch: 1 | loss: 0.5072804
	speed: 0.2238s/iter; left time: 7420.0070s
	iters: 700, epoch: 1 | loss: 0.5272755
	speed: 0.2335s/iter; left time: 7718.2363s
	iters: 800, epoch: 1 | loss: 0.5212166
	speed: 0.2309s/iter; left time: 7609.3103s
	iters: 900, epoch: 1 | loss: 0.5266824
	speed: 0.2299s/iter; left time: 7550.8310s
	iters: 1000, epoch: 1 | loss: 0.6268259
	speed: 0.2312s/iter; left time: 7573.1735s
	iters: 1100, epoch: 1 | loss: 0.4871496
	speed: 0.2228s/iter; left time: 7274.2995s
Epoch: 1 cost time: 258.5223608016968
Epoch: 1, Steps: 1125 | Train Loss: 0.6696359 Vali Loss: 0.7754763 Test Loss: 0.4545441
Validation loss decreased (inf --> 0.775476).  Saving model ...
Updating learning rate to 0.0001
	iters: 100, epoch: 2 | loss: 0.7082126
	speed: 1.1924s/iter; left time: 38784.9947s
	iters: 200, epoch: 2 | loss: 0.5687277
	speed: 0.2242s/iter; left time: 7270.5150s
	iters: 300, epoch: 2 | loss: 0.5103711
	speed: 0.2224s/iter; left time: 7190.5937s
	iters: 400, epoch: 2 | loss: 0.9054816
	speed: 0.2255s/iter; left time: 7266.2215s
	iters: 500, epoch: 2 | loss: 0.6474192
	speed: 0.2264s/iter; left time: 7274.1470s
	iters: 600, epoch: 2 | loss: 0.6481431
	speed: 0.2309s/iter; left time: 7396.0809s
	iters: 700, epoch: 2 | loss: 0.6813819
	speed: 0.2278s/iter; left time: 7272.5709s
	iters: 800, epoch: 2 | loss: 0.5768610
	speed: 0.2263s/iter; left time: 7202.0300s
	iters: 900, epoch: 2 | loss: 0.5515755
	speed: 0.2272s/iter; left time: 7207.0368s
	iters: 1000, epoch: 2 | loss: 0.7547194
	speed: 0.2282s/iter; left time: 7216.5351s
	iters: 1100, epoch: 2 | loss: 0.7498814
	speed: 0.2285s/iter; left time: 7202.1863s
Epoch: 2 cost time: 256.30922174453735
Epoch: 2, Steps: 1125 | Train Loss: 0.6195155 Vali Loss: 0.7966377 Test Loss: 0.4496877
EarlyStopping counter: 1 out of 3
Updating learning rate to 5e-05
	iters: 100, epoch: 3 | loss: 0.4427126
	speed: 1.1483s/iter; left time: 36059.0404s
	iters: 200, epoch: 3 | loss: 0.4418357
	speed: 0.2249s/iter; left time: 7038.7690s
	iters: 300, epoch: 3 | loss: 0.5859099
	speed: 0.2272s/iter; left time: 7088.9544s
	iters: 400, epoch: 3 | loss: 0.6273184
	speed: 0.2231s/iter; left time: 6938.2405s
	iters: 500, epoch: 3 | loss: 0.6399556
	speed: 0.2258s/iter; left time: 7001.0607s
	iters: 600, epoch: 3 | loss: 0.4595391
	speed: 0.2354s/iter; left time: 7274.6565s
	iters: 700, epoch: 3 | loss: 0.4482729
	speed: 0.2309s/iter; left time: 7111.4978s
	iters: 800, epoch: 3 | loss: 0.5449952
	speed: 0.2281s/iter; left time: 7003.7571s
	iters: 900, epoch: 3 | loss: 0.4877343
	speed: 0.2245s/iter; left time: 6869.4051s
	iters: 1000, epoch: 3 | loss: 0.6660855
	speed: 0.2229s/iter; left time: 6798.2265s
	iters: 1100, epoch: 3 | loss: 0.6594936
	speed: 0.2226s/iter; left time: 6767.8022s
Epoch: 3 cost time: 255.8456289768219
Epoch: 3, Steps: 1125 | Train Loss: 0.5936279 Vali Loss: 0.7861418 Test Loss: 0.4591084
EarlyStopping counter: 2 out of 3
Updating learning rate to 2.5e-05
	iters: 100, epoch: 4 | loss: 0.6367185
	speed: 1.2217s/iter; left time: 36987.0675s
	iters: 200, epoch: 4 | loss: 0.4561931
	speed: 0.2227s/iter; left time: 6721.2994s
	iters: 300, epoch: 4 | loss: 0.6440761
	speed: 0.2239s/iter; left time: 6733.3237s
	iters: 400, epoch: 4 | loss: 0.5962648
	speed: 0.2266s/iter; left time: 6791.3057s
	iters: 500, epoch: 4 | loss: 0.6145637
	speed: 0.2316s/iter; left time: 6918.2969s
	iters: 600, epoch: 4 | loss: 0.5540111
	speed: 0.2247s/iter; left time: 6691.9529s
	iters: 700, epoch: 4 | loss: 0.4994669
	speed: 0.2220s/iter; left time: 6587.0060s
	iters: 800, epoch: 4 | loss: 0.4792421
	speed: 0.2265s/iter; left time: 6699.0075s
	iters: 900, epoch: 4 | loss: 0.4917692
	speed: 0.2209s/iter; left time: 6510.6088s
	iters: 1000, epoch: 4 | loss: 0.4976636
	speed: 0.2207s/iter; left time: 6482.8740s
	iters: 1100, epoch: 4 | loss: 0.6040531
	speed: 0.2239s/iter; left time: 6554.5682s
Epoch: 4 cost time: 253.7083022594452
Epoch: 4, Steps: 1125 | Train Loss: 0.5758357 Vali Loss: 0.7884477 Test Loss: 0.4592794
EarlyStopping counter: 3 out of 3
Early stopping
>>>>>>>testing : Autoformer_weather_192_720_Autoformer_custom_ftM_sl192_ll48_pl720_dm512_nh8_el2_dl1_df2048_fc3_ebtimeF_dtTrue_Exp_0<<<<<<<<<<<<<<<<<<<<<<<<<<<<<<<<<
test 9820
mse:0.4544050097465515, mae:0.4628472328186035
