Args in experiment:
Namespace(is_training=1, train_only=False, model_id='Autoformer_ETTh1_192_336', model='Autoformer', data='ETTh1', root_path='./dataset/', data_path='ETTh1.csv', features='M', target='OT', freq='h', checkpoints='./checkpoints/', seq_len=192, label_len=48, pred_len=336, individual=False, embed_type=0, enc_in=7, dec_in=7, c_out=7, d_model=512, n_heads=8, e_layers=2, d_layers=1, d_ff=2048, moving_avg=25, factor=3, distil=True, dropout=0.05, embed='timeF', activation='gelu', output_attention=False, do_predict=False, num_workers=10, itr=1, train_epochs=30, batch_size=32, patience=3, learning_rate=0.0001, des='Exp', loss='mse', lradj='type1', use_amp=False, use_gpu=True, gpu=0, use_multi_gpu=False, devices='0,1,2,3', test_flop=False)
Use GPU: cuda:0
>>>>>>>start training : Autoformer_ETTh1_192_336_Autoformer_ETTh1_ftM_sl192_ll48_pl336_dm512_nh8_el2_dl1_df2048_fc3_ebtimeF_dtTrue_Exp_0>>>>>>>>>>>>>>>>>>>>>>>>>>
train 8113
val 2545
test 2545
	iters: 100, epoch: 1 | loss: 0.4497389
	speed: 0.1799s/iter; left time: 1353.3436s
	iters: 200, epoch: 1 | loss: 0.4565926
	speed: 0.1508s/iter; left time: 1119.1123s
Epoch: 1 cost time: 41.3618950843811
Epoch: 1, Steps: 254 | Train Loss: 0.4983832 Vali Loss: 1.3813326 Test Loss: 0.4761984
Validation loss decreased (inf --> 1.381333).  Saving model ...
Updating learning rate to 0.0001
	iters: 100, epoch: 2 | loss: 0.4302535
	speed: 0.5089s/iter; left time: 3698.4290s
	iters: 200, epoch: 2 | loss: 0.3692029
	speed: 0.1569s/iter; left time: 1124.6353s
Epoch: 2 cost time: 40.981168031692505
Epoch: 2, Steps: 254 | Train Loss: 0.4423466 Vali Loss: 1.4140247 Test Loss: 0.5014818
EarlyStopping counter: 1 out of 3
Updating learning rate to 5e-05
	iters: 100, epoch: 3 | loss: 0.3786092
	speed: 0.4801s/iter; left time: 3366.8575s
	iters: 200, epoch: 3 | loss: 0.3434803
	speed: 0.1505s/iter; left time: 1040.1699s
Epoch: 3 cost time: 39.16985011100769
Epoch: 3, Steps: 254 | Train Loss: 0.3913608 Vali Loss: 1.5601918 Test Loss: 0.6293513
EarlyStopping counter: 2 out of 3
Updating learning rate to 2.5e-05
	iters: 100, epoch: 4 | loss: 0.3985365
	speed: 0.4975s/iter; left time: 3362.6965s
	iters: 200, epoch: 4 | loss: 0.3594023
	speed: 0.1548s/iter; left time: 1030.9166s
Epoch: 4 cost time: 40.46135592460632
Epoch: 4, Steps: 254 | Train Loss: 0.3546512 Vali Loss: 1.4746188 Test Loss: 0.6400701
EarlyStopping counter: 3 out of 3
Early stopping
>>>>>>>testing : Autoformer_ETTh1_192_336_Autoformer_ETTh1_ftM_sl192_ll48_pl336_dm512_nh8_el2_dl1_df2048_fc3_ebtimeF_dtTrue_Exp_0<<<<<<<<<<<<<<<<<<<<<<<<<<<<<<<<<
test 2545
mse:0.47498539090156555, mae:0.4766751229763031
