Args in experiment:
Namespace(is_training=1, train_only=False, model_id='ETTm2_720_720', model='Autoformer', data='ETTm2', root_path='./dataset/', data_path='ETTm2.csv', features='M', target='OT', freq='h', checkpoints='./checkpoints/', seq_len=720, label_len=48, pred_len=720, individual=False, embed_type=0, enc_in=7, dec_in=7, c_out=7, d_model=512, n_heads=8, e_layers=2, d_layers=1, d_ff=2048, moving_avg=25, factor=3, distil=True, dropout=0.05, embed='timeF', activation='gelu', output_attention=False, do_predict=False, num_workers=10, itr=1, train_epochs=30, batch_size=32, patience=3, learning_rate=0.0001, des='Exp', loss='mse', lradj='type1', use_amp=False, use_gpu=True, gpu=0, use_multi_gpu=False, devices='0,1,2,3', test_flop=False)
Use GPU: cuda:0
>>>>>>>start training : ETTm2_720_720_Autoformer_ETTm2_ftM_sl720_ll48_pl720_dm512_nh8_el2_dl1_df2048_fc3_ebtimeF_dtTrue_Exp_0>>>>>>>>>>>>>>>>>>>>>>>>>>
train 33121
val 10801
test 10801
	iters: 100, epoch: 1 | loss: 0.2834221
	speed: 0.3573s/iter; left time: 11070.2949s
	iters: 200, epoch: 1 | loss: 0.4034238
	speed: 0.3415s/iter; left time: 10546.6194s
	iters: 300, epoch: 1 | loss: 0.7300072
	speed: 0.3424s/iter; left time: 10538.4874s
	iters: 400, epoch: 1 | loss: 0.4352373
	speed: 0.3423s/iter; left time: 10500.8769s
	iters: 500, epoch: 1 | loss: 0.7628357
	speed: 0.3433s/iter; left time: 10499.2564s
	iters: 600, epoch: 1 | loss: 0.8661010
	speed: 0.3427s/iter; left time: 10444.4286s
	iters: 700, epoch: 1 | loss: 0.2799733
	speed: 0.3424s/iter; left time: 10400.9961s
	iters: 800, epoch: 1 | loss: 0.2402256
	speed: 0.3423s/iter; left time: 10363.7711s
	iters: 900, epoch: 1 | loss: 0.4688358
	speed: 0.3422s/iter; left time: 10327.3074s
	iters: 1000, epoch: 1 | loss: 0.5900091
	speed: 0.3417s/iter; left time: 10277.9630s
Epoch: 1 cost time: 356.1144528388977
Epoch: 1, Steps: 1036 | Train Loss: 0.5053655 Vali Loss: 0.4277556 Test Loss: 0.6125729
Validation loss decreased (inf --> 0.427756).  Saving model ...
Updating learning rate to 0.0001
	iters: 100, epoch: 2 | loss: 0.3598537
	speed: 1.9630s/iter; left time: 58782.1216s
	iters: 200, epoch: 2 | loss: 0.4214789
	speed: 0.3411s/iter; left time: 10179.0861s
	iters: 300, epoch: 2 | loss: 0.2653652
	speed: 0.3414s/iter; left time: 10155.7937s
	iters: 400, epoch: 2 | loss: 0.3279341
	speed: 0.3413s/iter; left time: 10116.9057s
	iters: 500, epoch: 2 | loss: 0.3212237
	speed: 0.3416s/iter; left time: 10093.5090s
	iters: 600, epoch: 2 | loss: 0.3032399
	speed: 0.3419s/iter; left time: 10067.3578s
	iters: 700, epoch: 2 | loss: 0.5073423
	speed: 0.3418s/iter; left time: 10028.8105s
	iters: 800, epoch: 2 | loss: 0.4641471
	speed: 0.3417s/iter; left time: 9991.6589s
	iters: 900, epoch: 2 | loss: 0.4270258
	speed: 0.3418s/iter; left time: 9962.7808s
	iters: 1000, epoch: 2 | loss: 0.3292441
	speed: 0.3416s/iter; left time: 9921.1495s
Epoch: 2 cost time: 354.23288655281067
Epoch: 2, Steps: 1036 | Train Loss: 0.4071007 Vali Loss: 0.4585552 Test Loss: 0.6720548
EarlyStopping counter: 1 out of 3
Updating learning rate to 5e-05
	iters: 100, epoch: 3 | loss: 0.3357792
	speed: 1.9658s/iter; left time: 56829.1721s
	iters: 200, epoch: 3 | loss: 0.3820716
	speed: 0.3413s/iter; left time: 9831.4652s
	iters: 300, epoch: 3 | loss: 0.3810985
	speed: 0.3413s/iter; left time: 9796.9696s
	iters: 400, epoch: 3 | loss: 0.2563440
	speed: 0.3415s/iter; left time: 9770.7319s
	iters: 500, epoch: 3 | loss: 0.4577449
	speed: 0.3421s/iter; left time: 9751.5550s
	iters: 600, epoch: 3 | loss: 0.4078262
	speed: 0.3420s/iter; left time: 9717.0346s
	iters: 700, epoch: 3 | loss: 0.2911603
	speed: 0.3426s/iter; left time: 9698.0967s
	iters: 800, epoch: 3 | loss: 0.2895187
	speed: 0.3421s/iter; left time: 9651.5170s
	iters: 900, epoch: 3 | loss: 0.4153937
	speed: 0.3427s/iter; left time: 9632.9363s
	iters: 1000, epoch: 3 | loss: 0.2817314
	speed: 0.3425s/iter; left time: 9593.4229s
Epoch: 3 cost time: 354.61036133766174
Epoch: 3, Steps: 1036 | Train Loss: 0.3304558 Vali Loss: 0.5877280 Test Loss: 0.7191679
EarlyStopping counter: 2 out of 3
Updating learning rate to 2.5e-05
	iters: 100, epoch: 4 | loss: 0.2038350
	speed: 1.9629s/iter; left time: 54711.8735s
	iters: 200, epoch: 4 | loss: 0.2324506
	speed: 0.3423s/iter; left time: 9505.4234s
	iters: 300, epoch: 4 | loss: 0.2637713
	speed: 0.3423s/iter; left time: 9471.1493s
	iters: 400, epoch: 4 | loss: 0.3071804
	speed: 0.3413s/iter; left time: 9410.6416s
	iters: 500, epoch: 4 | loss: 0.3115814
	speed: 0.3414s/iter; left time: 9379.7840s
	iters: 600, epoch: 4 | loss: 0.2185424
	speed: 0.3423s/iter; left time: 9368.7466s
	iters: 700, epoch: 4 | loss: 0.2703456
	speed: 0.3420s/iter; left time: 9326.9620s
	iters: 800, epoch: 4 | loss: 0.2563854
	speed: 0.3418s/iter; left time: 9287.4208s
	iters: 900, epoch: 4 | loss: 0.2835759
	speed: 0.3417s/iter; left time: 9250.0777s
	iters: 1000, epoch: 4 | loss: 0.2149306
	speed: 0.3421s/iter; left time: 9228.7007s
Epoch: 4 cost time: 354.6053161621094
Epoch: 4, Steps: 1036 | Train Loss: 0.2677399 Vali Loss: 0.5062346 Test Loss: 0.6125371
EarlyStopping counter: 3 out of 3
Early stopping
>>>>>>>testing : ETTm2_720_720_Autoformer_ETTm2_ftM_sl720_ll48_pl720_dm512_nh8_el2_dl1_df2048_fc3_ebtimeF_dtTrue_Exp_0<<<<<<<<<<<<<<<<<<<<<<<<<<<<<<<<<
test 10801
mse:0.6123125553131104, mae:0.5938910841941833
