Args in experiment:
Namespace(is_training=1, model_id='ECL_336_192', model='iTransformer', data='custom', root_path='./dataset/', data_path='electricity.csv', features='M', target='OT', freq='h', checkpoints='./checkpoints/', seq_len=336, label_len=48, pred_len=192, enc_in=321, dec_in=321, c_out=321, d_model=512, n_heads=8, e_layers=3, d_layers=1, d_ff=512, moving_avg=25, factor=1, distil=True, dropout=0.1, embed='timeF', activation='gelu', output_attention=False, do_predict=False, num_workers=10, itr=1, train_epochs=10, batch_size=64, patience=3, learning_rate=0.0001, des='Exp', loss='MSE', lradj='type1', use_amp=False, use_gpu=True, gpu=2, use_multi_gpu=False, devices='0,1,2,3', exp_name='MTSF', channel_independence=False, inverse=False, class_strategy='projection', target_root_path='./data/electricity/', target_data_path='electricity.csv', efficient_training=False, use_norm=True, partial_start_index=0)
Use GPU: cuda:2
[INFO] Register count_linear() for <class 'torch.nn.modules.linear.Linear'>.
[INFO] Register zero_ops() for <class 'torch.nn.modules.dropout.Dropout'>.
[INFO] Register count_convNd() for <class 'torch.nn.modules.conv.Conv1d'>.
[INFO] Register count_normalization() for <class 'torch.nn.modules.normalization.LayerNorm'>.
MACs: 1636067328.0
Params: 5006016.0
1.64G MACs
>>>>>>>start training : ECL_336_192_iTransformer_custom_M_ft336_sl48_ll192_pl512_dm8_nh3_el1_dl512_df1_fctimeF_ebTrue_dtExp_projection_0>>>>>>>>>>>>>>>>>>>>>>>>>>
train 17885
val 2441
test 5069
	iters: 100, epoch: 1 | loss: 0.2306278
	speed: 0.1366s/iter; left time: 367.6956s
	iters: 200, epoch: 1 | loss: 0.1957669
	speed: 0.1184s/iter; left time: 306.8913s
Max Memory (MB): 3087.9970703125
Epoch: 1 cost time: 34.90078520774841
Epoch: 1, Steps: 279 | Train Loss: 0.2467262 Vali Loss: 0.1537366 Test Loss: 0.1766244
Validation loss decreased (inf --> 0.153737).  Saving model ...
Updating learning rate to 0.0001
	iters: 100, epoch: 2 | loss: 0.1910649
	speed: 0.9908s/iter; left time: 2389.8462s
	iters: 200, epoch: 2 | loss: 0.1879349
	speed: 0.1245s/iter; left time: 287.8120s
Max Memory (MB): 3087.9970703125
Epoch: 2 cost time: 35.24912071228027
Epoch: 2, Steps: 279 | Train Loss: 0.1808041 Vali Loss: 0.1430481 Test Loss: 0.1641869
Validation loss decreased (0.153737 --> 0.143048).  Saving model ...
Updating learning rate to 5e-05
	iters: 100, epoch: 3 | loss: 0.1746175
	speed: 0.9977s/iter; left time: 2128.1099s
	iters: 200, epoch: 3 | loss: 0.1661817
	speed: 0.1158s/iter; left time: 235.3659s
Max Memory (MB): 3087.9970703125
Epoch: 3 cost time: 33.937721490859985
Epoch: 3, Steps: 279 | Train Loss: 0.1715568 Vali Loss: 0.1399420 Test Loss: 0.1607922
Validation loss decreased (0.143048 --> 0.139942).  Saving model ...
Updating learning rate to 2.5e-05
	iters: 100, epoch: 4 | loss: 0.1696949
	speed: 1.0578s/iter; left time: 1961.2410s
	iters: 200, epoch: 4 | loss: 0.1679554
	speed: 0.1191s/iter; left time: 208.8515s
Max Memory (MB): 3087.9970703125
Epoch: 4 cost time: 34.39692211151123
Epoch: 4, Steps: 279 | Train Loss: 0.1680228 Vali Loss: 0.1378198 Test Loss: 0.1584522
Validation loss decreased (0.139942 --> 0.137820).  Saving model ...
Updating learning rate to 1.25e-05
	iters: 100, epoch: 5 | loss: 0.1732983
	speed: 1.0207s/iter; left time: 1607.6194s
	iters: 200, epoch: 5 | loss: 0.1652608
	speed: 0.1211s/iter; left time: 178.6804s
Max Memory (MB): 3087.9970703125
Epoch: 5 cost time: 35.01672053337097
Epoch: 5, Steps: 279 | Train Loss: 0.1663040 Vali Loss: 0.1368433 Test Loss: 0.1575637
Validation loss decreased (0.137820 --> 0.136843).  Saving model ...
Updating learning rate to 6.25e-06
	iters: 100, epoch: 6 | loss: 0.1668142
	speed: 1.2187s/iter; left time: 1579.4331s
	iters: 200, epoch: 6 | loss: 0.1654564
	speed: 0.1173s/iter; left time: 140.2540s
Max Memory (MB): 3087.9970703125
Epoch: 6 cost time: 33.54589915275574
Epoch: 6, Steps: 279 | Train Loss: 0.1653688 Vali Loss: 0.1368323 Test Loss: 0.1574477
Validation loss decreased (0.136843 --> 0.136832).  Saving model ...
Updating learning rate to 3.125e-06
	iters: 100, epoch: 7 | loss: 0.1596151
	speed: 0.9496s/iter; left time: 965.7385s
	iters: 200, epoch: 7 | loss: 0.1552421
	speed: 0.1212s/iter; left time: 111.1388s
Max Memory (MB): 3087.9970703125
Epoch: 7 cost time: 34.33267307281494
Epoch: 7, Steps: 279 | Train Loss: 0.1648680 Vali Loss: 0.1364762 Test Loss: 0.1570336
Validation loss decreased (0.136832 --> 0.136476).  Saving model ...
Updating learning rate to 1.5625e-06
	iters: 100, epoch: 8 | loss: 0.1586738
	speed: 1.1096s/iter; left time: 818.8859s
	iters: 200, epoch: 8 | loss: 0.1550110
	speed: 0.1196s/iter; left time: 76.3124s
Max Memory (MB): 3087.9970703125
Epoch: 8 cost time: 34.61879897117615
Epoch: 8, Steps: 279 | Train Loss: 0.1646217 Vali Loss: 0.1363656 Test Loss: 0.1570072
Validation loss decreased (0.136476 --> 0.136366).  Saving model ...
Updating learning rate to 7.8125e-07
	iters: 100, epoch: 9 | loss: 0.1653371
	speed: 1.4113s/iter; left time: 647.7983s
	iters: 200, epoch: 9 | loss: 0.1831965
	speed: 0.1276s/iter; left time: 45.8260s
Max Memory (MB): 3087.9970703125
Epoch: 9 cost time: 37.488847494125366
Epoch: 9, Steps: 279 | Train Loss: 0.1644975 Vali Loss: 0.1363674 Test Loss: 0.1569247
EarlyStopping counter: 1 out of 3
Updating learning rate to 3.90625e-07
	iters: 100, epoch: 10 | loss: 0.1570008
	speed: 1.3452s/iter; left time: 242.1318s
	iters: 200, epoch: 10 | loss: 0.1786304
	speed: 0.1305s/iter; left time: 10.4405s
Max Memory (MB): 3087.9970703125
Epoch: 10 cost time: 36.98784279823303
Epoch: 10, Steps: 279 | Train Loss: 0.1643925 Vali Loss: 0.1361790 Test Loss: 0.1569175
Validation loss decreased (0.136366 --> 0.136179).  Saving model ...
Updating learning rate to 1.953125e-07
>>>>>>>testing : ECL_336_192_iTransformer_custom_M_ft336_sl48_ll192_pl512_dm8_nh3_el1_dl512_df1_fctimeF_ebTrue_dtExp_projection_0<<<<<<<<<<<<<<<<<<<<<<<<<<<<<<<<<
test 5069
test shape: (5069, 1, 192, 321) (5069, 1, 192, 321)
test shape: (5069, 192, 321) (5069, 192, 321)
mse:0.15691784024238586, mae:0.2538728415966034
