Args in experiment:
Namespace(is_training=1, model_id='ECL_192_96', model='iTransformer', data='custom', root_path='./dataset/', data_path='electricity.csv', features='M', target='OT', freq='h', checkpoints='./checkpoints/', seq_len=192, label_len=48, pred_len=96, enc_in=321, dec_in=321, c_out=321, d_model=512, n_heads=8, e_layers=3, d_layers=1, d_ff=512, moving_avg=25, factor=1, distil=True, dropout=0.1, embed='timeF', activation='gelu', output_attention=False, do_predict=False, num_workers=10, itr=1, train_epochs=10, batch_size=64, patience=3, learning_rate=0.0001, des='Exp', loss='MSE', lradj='type1', use_amp=False, use_gpu=True, gpu=2, use_multi_gpu=False, devices='0,1,2,3', exp_name='MTSF', channel_independence=False, inverse=False, class_strategy='projection', target_root_path='./data/electricity/', target_data_path='electricity.csv', efficient_training=False, use_norm=True, partial_start_index=0)
Use GPU: cuda:2
[INFO] Register count_linear() for <class 'torch.nn.modules.linear.Linear'>.
[INFO] Register zero_ops() for <class 'torch.nn.modules.dropout.Dropout'>.
[INFO] Register count_convNd() for <class 'torch.nn.modules.conv.Conv1d'>.
[INFO] Register count_normalization() for <class 'torch.nn.modules.normalization.LayerNorm'>.
MACs: 1595885568.0
Params: 4883040.0
1.60G MACs
>>>>>>>start training : ECL_192_96_iTransformer_custom_M_ft192_sl48_ll96_pl512_dm8_nh3_el1_dl512_df1_fctimeF_ebTrue_dtExp_projection_0>>>>>>>>>>>>>>>>>>>>>>>>>>
train 18125
val 2537
test 5165
	iters: 100, epoch: 1 | loss: 0.2259172
	speed: 0.1260s/iter; left time: 344.0008s
	iters: 200, epoch: 1 | loss: 0.1918559
	speed: 0.1135s/iter; left time: 298.6997s
Max Memory (MB): 3036.25732421875
Epoch: 1 cost time: 33.54690861701965
Epoch: 1, Steps: 283 | Train Loss: 0.2220247 Vali Loss: 0.1403216 Test Loss: 0.1615123
Validation loss decreased (inf --> 0.140322).  Saving model ...
Updating learning rate to 0.0001
	iters: 100, epoch: 2 | loss: 0.1524436
	speed: 0.8144s/iter; left time: 1993.6066s
	iters: 200, epoch: 2 | loss: 0.1542992
	speed: 0.1126s/iter; left time: 264.3514s
Max Memory (MB): 3036.25732421875
Epoch: 2 cost time: 33.05937194824219
Epoch: 2, Steps: 283 | Train Loss: 0.1636332 Vali Loss: 0.1310167 Test Loss: 0.1501493
Validation loss decreased (0.140322 --> 0.131017).  Saving model ...
Updating learning rate to 5e-05
	iters: 100, epoch: 3 | loss: 0.1498540
	speed: 0.8927s/iter; left time: 1932.6028s
	iters: 200, epoch: 3 | loss: 0.1689065
	speed: 0.1146s/iter; left time: 236.7144s
Max Memory (MB): 3036.25732421875
Epoch: 3 cost time: 33.310736656188965
Epoch: 3, Steps: 283 | Train Loss: 0.1540236 Vali Loss: 0.1274355 Test Loss: 0.1460872
Validation loss decreased (0.131017 --> 0.127436).  Saving model ...
Updating learning rate to 2.5e-05
	iters: 100, epoch: 4 | loss: 0.1576971
	speed: 0.9671s/iter; left time: 1820.1647s
	iters: 200, epoch: 4 | loss: 0.1549943
	speed: 0.1170s/iter; left time: 208.4246s
Max Memory (MB): 3036.25732421875
Epoch: 4 cost time: 34.004610776901245
Epoch: 4, Steps: 283 | Train Loss: 0.1507015 Vali Loss: 0.1252983 Test Loss: 0.1440235
Validation loss decreased (0.127436 --> 0.125298).  Saving model ...
Updating learning rate to 1.25e-05
	iters: 100, epoch: 5 | loss: 0.1471024
	speed: 0.9891s/iter; left time: 1581.5968s
	iters: 200, epoch: 5 | loss: 0.1381089
	speed: 0.1123s/iter; left time: 168.3142s
Max Memory (MB): 3036.25732421875
Epoch: 5 cost time: 32.730331897735596
Epoch: 5, Steps: 283 | Train Loss: 0.1491524 Vali Loss: 0.1247502 Test Loss: 0.1432962
Validation loss decreased (0.125298 --> 0.124750).  Saving model ...
Updating learning rate to 6.25e-06
	iters: 100, epoch: 6 | loss: 0.1607400
	speed: 0.8866s/iter; left time: 1166.7958s
	iters: 200, epoch: 6 | loss: 0.1580878
	speed: 0.1123s/iter; left time: 136.6153s
Max Memory (MB): 3036.25732421875
Epoch: 6 cost time: 32.50375175476074
Epoch: 6, Steps: 283 | Train Loss: 0.1484058 Vali Loss: 0.1244295 Test Loss: 0.1429440
Validation loss decreased (0.124750 --> 0.124429).  Saving model ...
Updating learning rate to 3.125e-06
	iters: 100, epoch: 7 | loss: 0.1428456
	speed: 0.7877s/iter; left time: 813.7166s
	iters: 200, epoch: 7 | loss: 0.1440904
	speed: 0.1178s/iter; left time: 109.8641s
Max Memory (MB): 3036.25732421875
Epoch: 7 cost time: 33.87584900856018
Epoch: 7, Steps: 283 | Train Loss: 0.1480134 Vali Loss: 0.1242572 Test Loss: 0.1427214
Validation loss decreased (0.124429 --> 0.124257).  Saving model ...
Updating learning rate to 1.5625e-06
	iters: 100, epoch: 8 | loss: 0.1493465
	speed: 1.1453s/iter; left time: 858.9415s
	iters: 200, epoch: 8 | loss: 0.1380274
	speed: 0.1161s/iter; left time: 75.4662s
Max Memory (MB): 3036.25732421875
Epoch: 8 cost time: 34.31570219993591
Epoch: 8, Steps: 283 | Train Loss: 0.1477962 Vali Loss: 0.1241360 Test Loss: 0.1426137
Validation loss decreased (0.124257 --> 0.124136).  Saving model ...
Updating learning rate to 7.8125e-07
	iters: 100, epoch: 9 | loss: 0.1501306
	speed: 0.8139s/iter; left time: 380.1144s
	iters: 200, epoch: 9 | loss: 0.1348235
	speed: 0.1111s/iter; left time: 40.7773s
Max Memory (MB): 3036.25732421875
Epoch: 9 cost time: 32.264002561569214
Epoch: 9, Steps: 283 | Train Loss: 0.1476741 Vali Loss: 0.1244596 Test Loss: 0.1426278
EarlyStopping counter: 1 out of 3
Updating learning rate to 3.90625e-07
	iters: 100, epoch: 10 | loss: 0.1574624
	speed: 0.7931s/iter; left time: 145.9328s
	iters: 200, epoch: 10 | loss: 0.1466666
	speed: 0.1137s/iter; left time: 9.5505s
Max Memory (MB): 3036.25732421875
Epoch: 10 cost time: 32.99642777442932
Epoch: 10, Steps: 283 | Train Loss: 0.1476447 Vali Loss: 0.1238991 Test Loss: 0.1425496
Validation loss decreased (0.124136 --> 0.123899).  Saving model ...
Updating learning rate to 1.953125e-07
>>>>>>>testing : ECL_192_96_iTransformer_custom_M_ft192_sl48_ll96_pl512_dm8_nh3_el1_dl512_df1_fctimeF_ebTrue_dtExp_projection_0<<<<<<<<<<<<<<<<<<<<<<<<<<<<<<<<<
test 5165
test shape: (5165, 1, 96, 321) (5165, 1, 96, 321)
test shape: (5165, 96, 321) (5165, 96, 321)
mse:0.1425497978925705, mae:0.23852011561393738
