Args in experiment:
Namespace(is_training=1, model_id='ETTh2_336_96', model='iTransformer', data='ETTh2', root_path='./dataset/', data_path='ETTh2.csv', features='M', target='OT', freq='h', checkpoints='./checkpoints/', seq_len=336, label_len=48, pred_len=96, enc_in=7, dec_in=7, c_out=7, d_model=128, n_heads=8, e_layers=2, d_layers=1, d_ff=128, moving_avg=25, factor=1, distil=True, dropout=0.1, embed='timeF', activation='gelu', output_attention=False, do_predict=False, num_workers=10, itr=1, train_epochs=10, batch_size=32, patience=3, learning_rate=0.0001, des='Exp', loss='MSE', lradj='type1', use_amp=False, use_gpu=True, gpu=2, use_multi_gpu=False, devices='0,1,2,3', exp_name='MTSF', channel_independence=False, inverse=False, class_strategy='projection', target_root_path='./data/electricity/', target_data_path='electricity.csv', efficient_training=False, use_norm=True, partial_start_index=0)
Use GPU: cuda:2
[INFO] Register count_linear() for <class 'torch.nn.modules.linear.Linear'>.
[INFO] Register zero_ops() for <class 'torch.nn.modules.dropout.Dropout'>.
[INFO] Register count_convNd() for <class 'torch.nn.modules.conv.Conv1d'>.
[INFO] Register count_normalization() for <class 'torch.nn.modules.normalization.LayerNorm'>.
MACs: 3308032.0
Params: 254944.0
3.31M MACs
>>>>>>>start training : ETTh2_336_96_iTransformer_ETTh2_M_ft336_sl48_ll96_pl128_dm8_nh2_el1_dl128_df1_fctimeF_ebTrue_dtExp_projection_0>>>>>>>>>>>>>>>>>>>>>>>>>>
train 8209
val 2785
test 2785
	iters: 100, epoch: 1 | loss: 0.3705661
	speed: 0.0382s/iter; left time: 94.0377s
	iters: 200, epoch: 1 | loss: 0.3459280
	speed: 0.0269s/iter; left time: 63.4445s
Max Memory (MB): 13.970703125
Epoch: 1 cost time: 8.015628099441528
Epoch: 1, Steps: 256 | Train Loss: 0.4964653 Vali Loss: 0.2425055 Test Loss: 0.3005328
Validation loss decreased (inf --> 0.242506).  Saving model ...
Updating learning rate to 0.0001
	iters: 100, epoch: 2 | loss: 0.1844080
	speed: 0.2405s/iter; left time: 530.2852s
	iters: 200, epoch: 2 | loss: 0.4511231
	speed: 0.0249s/iter; left time: 52.3814s
Max Memory (MB): 13.970703125
Epoch: 2 cost time: 7.067894458770752
Epoch: 2, Steps: 256 | Train Loss: 0.4125261 Vali Loss: 0.2316497 Test Loss: 0.2993617
Validation loss decreased (0.242506 --> 0.231650).  Saving model ...
Updating learning rate to 5e-05
	iters: 100, epoch: 3 | loss: 0.4081958
	speed: 0.2364s/iter; left time: 460.7956s
	iters: 200, epoch: 3 | loss: 0.4177886
	speed: 0.0251s/iter; left time: 46.4463s
Max Memory (MB): 13.970703125
Epoch: 3 cost time: 6.954946994781494
Epoch: 3, Steps: 256 | Train Loss: 0.3800476 Vali Loss: 0.2332820 Test Loss: 0.3074122
EarlyStopping counter: 1 out of 3
Updating learning rate to 2.5e-05
	iters: 100, epoch: 4 | loss: 0.3269930
	speed: 0.2528s/iter; left time: 428.0390s
	iters: 200, epoch: 4 | loss: 0.3342397
	speed: 0.0282s/iter; left time: 44.8646s
Max Memory (MB): 13.970703125
Epoch: 4 cost time: 7.707846641540527
Epoch: 4, Steps: 256 | Train Loss: 0.3638756 Vali Loss: 0.2375311 Test Loss: 0.3113992
EarlyStopping counter: 2 out of 3
Updating learning rate to 1.25e-05
	iters: 100, epoch: 5 | loss: 0.3794459
	speed: 0.2789s/iter; left time: 400.8411s
	iters: 200, epoch: 5 | loss: 0.2289578
	speed: 0.0321s/iter; left time: 42.9264s
Max Memory (MB): 13.970703125
Epoch: 5 cost time: 9.08751368522644
Epoch: 5, Steps: 256 | Train Loss: 0.3555960 Vali Loss: 0.2417189 Test Loss: 0.3142320
EarlyStopping counter: 3 out of 3
Early stopping
>>>>>>>testing : ETTh2_336_96_iTransformer_ETTh2_M_ft336_sl48_ll96_pl128_dm8_nh2_el1_dl128_df1_fctimeF_ebTrue_dtExp_projection_0<<<<<<<<<<<<<<<<<<<<<<<<<<<<<<<<<
test 2785
test shape: (2785, 1, 96, 7) (2785, 1, 96, 7)
test shape: (2785, 96, 7) (2785, 96, 7)
mse:0.2993617355823517, mae:0.3582664132118225
