Args in experiment:
Namespace(is_training=1, model_id='ETTh2_720_720', model='iTransformer', data='ETTh2', root_path='./dataset/', data_path='ETTh2.csv', features='M', target='OT', freq='h', checkpoints='./checkpoints/', seq_len=720, label_len=48, pred_len=720, enc_in=7, dec_in=7, c_out=7, d_model=128, n_heads=8, e_layers=2, d_layers=1, d_ff=128, moving_avg=25, factor=1, distil=True, dropout=0.1, embed='timeF', activation='gelu', output_attention=False, do_predict=False, num_workers=10, itr=1, train_epochs=10, batch_size=32, patience=3, learning_rate=0.0001, des='Exp', loss='MSE', lradj='type1', use_amp=False, use_gpu=True, gpu=0, use_multi_gpu=False, devices='0,1,2,3', exp_name='MTSF', channel_independence=False, inverse=False, class_strategy='projection', target_root_path='./data/electricity/', target_data_path='electricity.csv', efficient_training=False, use_norm=True, partial_start_index=0)
Use GPU: cuda:0
[INFO] Register count_linear() for <class 'torch.nn.modules.linear.Linear'>.
[INFO] Register zero_ops() for <class 'torch.nn.modules.dropout.Dropout'>.
[INFO] Register count_convNd() for <class 'torch.nn.modules.conv.Conv1d'>.
[INFO] Register count_normalization() for <class 'torch.nn.modules.normalization.LayerNorm'>.
MACs: 4985344.0
Params: 384592.0
4.99M MACs
>>>>>>>start training : ETTh2_720_720_iTransformer_ETTh2_M_ft720_sl48_ll720_pl128_dm8_nh2_el1_dl128_df1_fctimeF_ebTrue_dtExp_projection_0>>>>>>>>>>>>>>>>>>>>>>>>>>
train 7201
val 2161
test 2161
	iters: 100, epoch: 1 | loss: 0.9087778
	speed: 0.0351s/iter; left time: 75.3977s
	iters: 200, epoch: 1 | loss: 0.6269518
	speed: 0.0276s/iter; left time: 56.5667s
Max Memory (MB): 19.74609375
Epoch: 1 cost time: 6.904756307601929
Epoch: 1, Steps: 225 | Train Loss: 0.9062991 Vali Loss: 0.6636330 Test Loss: 0.4399949
Validation loss decreased (inf --> 0.663633).  Saving model ...
Updating learning rate to 0.0001
	iters: 100, epoch: 2 | loss: 1.0640275
	speed: 0.1698s/iter; left time: 327.0831s
	iters: 200, epoch: 2 | loss: 0.8754466
	speed: 0.0215s/iter; left time: 39.1724s
Max Memory (MB): 19.74609375
Epoch: 2 cost time: 5.594287633895874
Epoch: 2, Steps: 225 | Train Loss: 0.7622593 Vali Loss: 0.6548519 Test Loss: 0.4293319
Validation loss decreased (0.663633 --> 0.654852).  Saving model ...
Updating learning rate to 5e-05
	iters: 100, epoch: 3 | loss: 0.6066350
	speed: 0.1829s/iter; left time: 311.1867s
	iters: 200, epoch: 3 | loss: 0.6449556
	speed: 0.0229s/iter; left time: 36.6281s
Max Memory (MB): 19.74609375
Epoch: 3 cost time: 6.669030427932739
Epoch: 3, Steps: 225 | Train Loss: 0.7018490 Vali Loss: 0.6443006 Test Loss: 0.4475895
Validation loss decreased (0.654852 --> 0.644301).  Saving model ...
Updating learning rate to 2.5e-05
	iters: 100, epoch: 4 | loss: 1.0299314
	speed: 0.1974s/iter; left time: 291.2985s
	iters: 200, epoch: 4 | loss: 0.6172944
	speed: 0.0281s/iter; left time: 38.6053s
Max Memory (MB): 19.74609375
Epoch: 4 cost time: 6.987133741378784
Epoch: 4, Steps: 225 | Train Loss: 0.6776204 Vali Loss: 0.6470314 Test Loss: 0.4512121
EarlyStopping counter: 1 out of 3
Updating learning rate to 1.25e-05
	iters: 100, epoch: 5 | loss: 0.3584808
	speed: 0.1979s/iter; left time: 247.5169s
	iters: 200, epoch: 5 | loss: 0.5423971
	speed: 0.0304s/iter; left time: 34.9544s
Max Memory (MB): 19.74609375
Epoch: 5 cost time: 6.838386535644531
Epoch: 5, Steps: 225 | Train Loss: 0.6679839 Vali Loss: 0.6486524 Test Loss: 0.4589461
EarlyStopping counter: 2 out of 3
Updating learning rate to 6.25e-06
	iters: 100, epoch: 6 | loss: 0.4726441
	speed: 0.2029s/iter; left time: 208.1418s
	iters: 200, epoch: 6 | loss: 0.5439286
	speed: 0.0359s/iter; left time: 33.2412s
Max Memory (MB): 19.74609375
Epoch: 6 cost time: 7.775791168212891
Epoch: 6, Steps: 225 | Train Loss: 0.6619828 Vali Loss: 0.6562330 Test Loss: 0.4590637
EarlyStopping counter: 3 out of 3
Early stopping
>>>>>>>testing : ETTh2_720_720_iTransformer_ETTh2_M_ft720_sl48_ll720_pl128_dm8_nh2_el1_dl128_df1_fctimeF_ebTrue_dtExp_projection_0<<<<<<<<<<<<<<<<<<<<<<<<<<<<<<<<<
test 2161
test shape: (2161, 1, 720, 7) (2161, 1, 720, 7)
test shape: (2161, 720, 7) (2161, 720, 7)
mse:0.44758957624435425, mae:0.47018930315971375
