Args in experiment:
Namespace(is_training=1, model_id='ETTh2_96_96', model='iTransformer', data='ETTh2', root_path='./dataset/', data_path='ETTh2.csv', features='M', target='OT', freq='h', checkpoints='./checkpoints/', seq_len=96, label_len=48, pred_len=96, enc_in=7, dec_in=7, c_out=7, d_model=128, n_heads=8, e_layers=2, d_layers=1, d_ff=128, moving_avg=25, factor=1, distil=True, dropout=0.1, embed='timeF', activation='gelu', output_attention=False, do_predict=False, num_workers=10, itr=1, train_epochs=10, batch_size=32, patience=3, learning_rate=0.0001, des='Exp', loss='MSE', lradj='type1', use_amp=False, use_gpu=True, gpu=2, use_multi_gpu=False, devices='0,1,2,3', exp_name='MTSF', channel_independence=False, inverse=False, class_strategy='projection', target_root_path='./data/electricity/', target_data_path='electricity.csv', efficient_training=False, use_norm=True, partial_start_index=0)
Use GPU: cuda:2
[INFO] Register count_linear() for <class 'torch.nn.modules.linear.Linear'>.
[INFO] Register zero_ops() for <class 'torch.nn.modules.dropout.Dropout'>.
[INFO] Register count_convNd() for <class 'torch.nn.modules.conv.Conv1d'>.
[INFO] Register count_normalization() for <class 'torch.nn.modules.normalization.LayerNorm'>.
MACs: 2908672.0
Params: 224224.0
2.91M MACs
>>>>>>>start training : ETTh2_96_96_iTransformer_ETTh2_M_ft96_sl48_ll96_pl128_dm8_nh2_el1_dl128_df1_fctimeF_ebTrue_dtExp_projection_0>>>>>>>>>>>>>>>>>>>>>>>>>>
train 8449
val 2785
test 2785
	iters: 100, epoch: 1 | loss: 0.5252401
	speed: 0.0415s/iter; left time: 105.3706s
	iters: 200, epoch: 1 | loss: 0.3989504
	speed: 0.0275s/iter; left time: 67.0804s
Max Memory (MB): 12.65234375
Epoch: 1 cost time: 8.49825406074524
Epoch: 1, Steps: 264 | Train Loss: 0.4858935 Vali Loss: 0.2281955 Test Loss: 0.3046674
Validation loss decreased (inf --> 0.228196).  Saving model ...
Updating learning rate to 0.0001
	iters: 100, epoch: 2 | loss: 0.4372187
	speed: 0.2785s/iter; left time: 634.0395s
	iters: 200, epoch: 2 | loss: 0.3328100
	speed: 0.0248s/iter; left time: 54.0971s
Max Memory (MB): 12.65234375
Epoch: 2 cost time: 7.30617094039917
Epoch: 2, Steps: 264 | Train Loss: 0.4276097 Vali Loss: 0.2216284 Test Loss: 0.2997602
Validation loss decreased (0.228196 --> 0.221628).  Saving model ...
Updating learning rate to 5e-05
	iters: 100, epoch: 3 | loss: 0.2615375
	speed: 0.2509s/iter; left time: 504.9720s
	iters: 200, epoch: 3 | loss: 0.2487410
	speed: 0.0213s/iter; left time: 40.6644s
Max Memory (MB): 12.65234375
Epoch: 3 cost time: 6.626477956771851
Epoch: 3, Steps: 264 | Train Loss: 0.4058100 Vali Loss: 0.2201243 Test Loss: 0.3021137
Validation loss decreased (0.221628 --> 0.220124).  Saving model ...
Updating learning rate to 2.5e-05
	iters: 100, epoch: 4 | loss: 0.3861205
	speed: 0.2329s/iter; left time: 407.3765s
	iters: 200, epoch: 4 | loss: 0.2989537
	speed: 0.0223s/iter; left time: 36.7005s
Max Memory (MB): 12.65234375
Epoch: 4 cost time: 6.745769262313843
Epoch: 4, Steps: 264 | Train Loss: 0.3974498 Vali Loss: 0.2208785 Test Loss: 0.3016067
EarlyStopping counter: 1 out of 3
Updating learning rate to 1.25e-05
	iters: 100, epoch: 5 | loss: 0.2607149
	speed: 0.2425s/iter; left time: 360.1260s
	iters: 200, epoch: 5 | loss: 0.3800106
	speed: 0.0223s/iter; left time: 30.9408s
Max Memory (MB): 12.65234375
Epoch: 5 cost time: 6.844178199768066
Epoch: 5, Steps: 264 | Train Loss: 0.3944886 Vali Loss: 0.2209238 Test Loss: 0.3017597
EarlyStopping counter: 2 out of 3
Updating learning rate to 6.25e-06
	iters: 100, epoch: 6 | loss: 0.4645312
	speed: 0.2751s/iter; left time: 335.8615s
	iters: 200, epoch: 6 | loss: 0.4750768
	speed: 0.0240s/iter; left time: 26.9258s
Max Memory (MB): 12.65234375
Epoch: 6 cost time: 7.298195123672485
Epoch: 6, Steps: 264 | Train Loss: 0.3923772 Vali Loss: 0.2207228 Test Loss: 0.3019775
EarlyStopping counter: 3 out of 3
Early stopping
>>>>>>>testing : ETTh2_96_96_iTransformer_ETTh2_M_ft96_sl48_ll96_pl128_dm8_nh2_el1_dl128_df1_fctimeF_ebTrue_dtExp_projection_0<<<<<<<<<<<<<<<<<<<<<<<<<<<<<<<<<
test 2785
test shape: (2785, 1, 96, 7) (2785, 1, 96, 7)
test shape: (2785, 96, 7) (2785, 96, 7)
mse:0.302113801240921, mae:0.3504277169704437
