Args in experiment:
Namespace(is_training=1, model_id='ETTh1_720_192', model='iTransformer', data='ETTh1', root_path='./dataset/', data_path='ETTh1.csv', features='M', target='OT', freq='h', checkpoints='./checkpoints/', seq_len=720, label_len=48, pred_len=192, enc_in=7, dec_in=7, c_out=7, d_model=128, n_heads=8, e_layers=2, d_layers=1, d_ff=128, moving_avg=25, factor=1, distil=True, dropout=0.1, embed='timeF', activation='gelu', output_attention=False, do_predict=False, num_workers=10, itr=1, train_epochs=10, batch_size=32, patience=3, learning_rate=0.0001, des='Exp', loss='MSE', lradj='type1', use_amp=False, use_gpu=True, gpu=0, use_multi_gpu=False, devices='0,1,2,3', exp_name='MTSF', channel_independence=False, inverse=False, class_strategy='projection', target_root_path='./data/electricity/', target_data_path='electricity.csv', efficient_training=False, use_norm=True, partial_start_index=0)
Use GPU: cuda:0
[INFO] Register count_linear() for <class 'torch.nn.modules.linear.Linear'>.
[INFO] Register zero_ops() for <class 'torch.nn.modules.dropout.Dropout'>.
[INFO] Register count_convNd() for <class 'torch.nn.modules.conv.Conv1d'>.
[INFO] Register count_normalization() for <class 'torch.nn.modules.normalization.LayerNorm'>.
MACs: 4106752.0
Params: 316480.0
4.11M MACs
>>>>>>>start training : ETTh1_720_192_iTransformer_ETTh1_M_ft720_sl48_ll192_pl128_dm8_nh2_el1_dl128_df1_fctimeF_ebTrue_dtExp_projection_0>>>>>>>>>>>>>>>>>>>>>>>>>>
train 7729
val 2689
test 2689
	iters: 100, epoch: 1 | loss: 0.4749868
	speed: 0.0303s/iter; left time: 70.0728s
	iters: 200, epoch: 1 | loss: 0.4387273
	speed: 0.0196s/iter; left time: 43.2672s
Max Memory (MB): 16.64453125
Epoch: 1 cost time: 5.892136812210083
Epoch: 1, Steps: 241 | Train Loss: 0.5274579 Vali Loss: 1.0096191 Test Loss: 0.4417090
Validation loss decreased (inf --> 1.009619).  Saving model ...
Updating learning rate to 0.0001
	iters: 100, epoch: 2 | loss: 0.3849501
	speed: 0.1843s/iter; left time: 381.4744s
	iters: 200, epoch: 2 | loss: 0.4306867
	speed: 0.0177s/iter; left time: 34.8698s
Max Memory (MB): 16.64453125
Epoch: 2 cost time: 5.142019033432007
Epoch: 2, Steps: 241 | Train Loss: 0.4280333 Vali Loss: 0.9819676 Test Loss: 0.4244142
Validation loss decreased (1.009619 --> 0.981968).  Saving model ...
Updating learning rate to 5e-05
	iters: 100, epoch: 3 | loss: 0.3976448
	speed: 0.2018s/iter; left time: 369.1804s
	iters: 200, epoch: 3 | loss: 0.3862738
	speed: 0.0251s/iter; left time: 43.3602s
Max Memory (MB): 16.64453125
Epoch: 3 cost time: 6.4775097370147705
Epoch: 3, Steps: 241 | Train Loss: 0.4002052 Vali Loss: 1.0256735 Test Loss: 0.4305550
EarlyStopping counter: 1 out of 3
Updating learning rate to 2.5e-05
	iters: 100, epoch: 4 | loss: 0.3682776
	speed: 0.2253s/iter; left time: 357.8278s
	iters: 200, epoch: 4 | loss: 0.3709670
	speed: 0.0267s/iter; left time: 39.7306s
Max Memory (MB): 16.64453125
Epoch: 4 cost time: 6.29888916015625
Epoch: 4, Steps: 241 | Train Loss: 0.3850296 Vali Loss: 1.0532793 Test Loss: 0.4370575
EarlyStopping counter: 2 out of 3
Updating learning rate to 1.25e-05
	iters: 100, epoch: 5 | loss: 0.3671789
	speed: 0.2190s/iter; left time: 294.9279s
	iters: 200, epoch: 5 | loss: 0.4169812
	speed: 0.0248s/iter; left time: 30.9208s
Max Memory (MB): 16.64453125
Epoch: 5 cost time: 6.862361192703247
Epoch: 5, Steps: 241 | Train Loss: 0.3786751 Vali Loss: 1.0726092 Test Loss: 0.4413398
EarlyStopping counter: 3 out of 3
Early stopping
>>>>>>>testing : ETTh1_720_192_iTransformer_ETTh1_M_ft720_sl48_ll192_pl128_dm8_nh2_el1_dl128_df1_fctimeF_ebTrue_dtExp_projection_0<<<<<<<<<<<<<<<<<<<<<<<<<<<<<<<<<
test 2689
test shape: (2689, 1, 192, 7) (2689, 1, 192, 7)
test shape: (2689, 192, 7) (2689, 192, 7)
mse:0.4244143068790436, mae:0.4462670087814331
