Args in experiment:
Namespace(is_training=1, model_id='ETTh1_336_336', model='iTransformer', data='ETTh1', root_path='./dataset/', data_path='ETTh1.csv', features='M', target='OT', freq='h', checkpoints='./checkpoints/', seq_len=336, label_len=48, pred_len=336, enc_in=7, dec_in=7, c_out=7, d_model=128, n_heads=8, e_layers=2, d_layers=1, d_ff=128, moving_avg=25, factor=1, distil=True, dropout=0.1, embed='timeF', activation='gelu', output_attention=False, do_predict=False, num_workers=10, itr=1, train_epochs=10, batch_size=32, patience=3, learning_rate=0.0001, des='Exp', loss='MSE', lradj='type1', use_amp=False, use_gpu=True, gpu=2, use_multi_gpu=False, devices='0,1,2,3', exp_name='MTSF', channel_independence=False, inverse=False, class_strategy='projection', target_root_path='./data/electricity/', target_data_path='electricity.csv', efficient_training=False, use_norm=True, partial_start_index=0)
Use GPU: cuda:2
[INFO] Register count_linear() for <class 'torch.nn.modules.linear.Linear'>.
[INFO] Register zero_ops() for <class 'torch.nn.modules.dropout.Dropout'>.
[INFO] Register count_convNd() for <class 'torch.nn.modules.conv.Conv1d'>.
[INFO] Register count_normalization() for <class 'torch.nn.modules.normalization.LayerNorm'>.
MACs: 3707392.0
Params: 285904.0
3.71M MACs
>>>>>>>start training : ETTh1_336_336_iTransformer_ETTh1_M_ft336_sl48_ll336_pl128_dm8_nh2_el1_dl128_df1_fctimeF_ebTrue_dtExp_projection_0>>>>>>>>>>>>>>>>>>>>>>>>>>
train 7969
val 2545
test 2545
	iters: 100, epoch: 1 | loss: 0.5827483
	speed: 0.0425s/iter; left time: 101.6367s
	iters: 200, epoch: 1 | loss: 0.5254309
	speed: 0.0270s/iter; left time: 61.9555s
Max Memory (MB): 15.380859375
Epoch: 1 cost time: 8.357818603515625
Epoch: 1, Steps: 249 | Train Loss: 0.5869751 Vali Loss: 1.2302300 Test Loss: 0.4894066
Validation loss decreased (inf --> 1.230230).  Saving model ...
Updating learning rate to 0.0001
	iters: 100, epoch: 2 | loss: 0.4650660
	speed: 0.2236s/iter; left time: 478.8714s
	iters: 200, epoch: 2 | loss: 0.4690268
	speed: 0.0252s/iter; left time: 51.4153s
Max Memory (MB): 15.380859375
Epoch: 2 cost time: 7.17272424697876
Epoch: 2, Steps: 249 | Train Loss: 0.4985505 Vali Loss: 1.1788255 Test Loss: 0.4607076
Validation loss decreased (1.230230 --> 1.178825).  Saving model ...
Updating learning rate to 5e-05
	iters: 100, epoch: 3 | loss: 0.4785024
	speed: 0.2254s/iter; left time: 426.7082s
	iters: 200, epoch: 3 | loss: 0.4370888
	speed: 0.0256s/iter; left time: 45.9072s
Max Memory (MB): 15.380859375
Epoch: 3 cost time: 7.05227518081665
Epoch: 3, Steps: 249 | Train Loss: 0.4787378 Vali Loss: 1.1772988 Test Loss: 0.4664959
Validation loss decreased (1.178825 --> 1.177299).  Saving model ...
Updating learning rate to 2.5e-05
	iters: 100, epoch: 4 | loss: 0.4754759
	speed: 0.2260s/iter; left time: 371.5173s
	iters: 200, epoch: 4 | loss: 0.5159685
	speed: 0.0256s/iter; left time: 39.5152s
Max Memory (MB): 15.380859375
Epoch: 4 cost time: 7.087380409240723
Epoch: 4, Steps: 249 | Train Loss: 0.4691935 Vali Loss: 1.1862265 Test Loss: 0.4740730
EarlyStopping counter: 1 out of 3
Updating learning rate to 1.25e-05
	iters: 100, epoch: 5 | loss: 0.5403047
	speed: 0.2612s/iter; left time: 364.3440s
	iters: 200, epoch: 5 | loss: 0.4441576
	speed: 0.0412s/iter; left time: 53.3666s
Max Memory (MB): 15.380859375
Epoch: 5 cost time: 11.058158159255981
Epoch: 5, Steps: 249 | Train Loss: 0.4645034 Vali Loss: 1.1944674 Test Loss: 0.4763570
EarlyStopping counter: 2 out of 3
Updating learning rate to 6.25e-06
	iters: 100, epoch: 6 | loss: 0.4287574
	speed: 0.2939s/iter; left time: 336.8390s
	iters: 200, epoch: 6 | loss: 0.4524966
	speed: 0.0285s/iter; left time: 29.7916s
Max Memory (MB): 15.380859375
Epoch: 6 cost time: 8.647711992263794
Epoch: 6, Steps: 249 | Train Loss: 0.4622843 Vali Loss: 1.1946821 Test Loss: 0.4777702
EarlyStopping counter: 3 out of 3
Early stopping
>>>>>>>testing : ETTh1_336_336_iTransformer_ETTh1_M_ft336_sl48_ll336_pl128_dm8_nh2_el1_dl128_df1_fctimeF_ebTrue_dtExp_projection_0<<<<<<<<<<<<<<<<<<<<<<<<<<<<<<<<<
test 2545
test shape: (2545, 1, 336, 7) (2545, 1, 336, 7)
test shape: (2545, 336, 7) (2545, 336, 7)
mse:0.4664958417415619, mae:0.463032603263855
