Args in experiment:
Namespace(is_training=1, model_id='ETTh2_336_336', model='iTransformer', data='ETTh2', root_path='./dataset/', data_path='ETTh2.csv', features='M', target='OT', freq='h', checkpoints='./checkpoints/', seq_len=336, label_len=48, pred_len=336, enc_in=7, dec_in=7, c_out=7, d_model=128, n_heads=8, e_layers=2, d_layers=1, d_ff=128, moving_avg=25, factor=1, distil=True, dropout=0.1, embed='timeF', activation='gelu', output_attention=False, do_predict=False, num_workers=10, itr=1, train_epochs=10, batch_size=32, patience=3, learning_rate=0.0001, des='Exp', loss='MSE', lradj='type1', use_amp=False, use_gpu=True, gpu=2, use_multi_gpu=False, devices='0,1,2,3', exp_name='MTSF', channel_independence=False, inverse=False, class_strategy='projection', target_root_path='./data/electricity/', target_data_path='electricity.csv', efficient_training=False, use_norm=True, partial_start_index=0)
Use GPU: cuda:2
[INFO] Register count_linear() for <class 'torch.nn.modules.linear.Linear'>.
[INFO] Register zero_ops() for <class 'torch.nn.modules.dropout.Dropout'>.
[INFO] Register count_convNd() for <class 'torch.nn.modules.conv.Conv1d'>.
[INFO] Register count_normalization() for <class 'torch.nn.modules.normalization.LayerNorm'>.
MACs: 3707392.0
Params: 285904.0
3.71M MACs
>>>>>>>start training : ETTh2_336_336_iTransformer_ETTh2_M_ft336_sl48_ll336_pl128_dm8_nh2_el1_dl128_df1_fctimeF_ebTrue_dtExp_projection_0>>>>>>>>>>>>>>>>>>>>>>>>>>
train 7969
val 2545
test 2545
	iters: 100, epoch: 1 | loss: 0.5945046
	speed: 0.0415s/iter; left time: 99.2578s
	iters: 200, epoch: 1 | loss: 0.5632309
	speed: 0.0262s/iter; left time: 59.9284s
Max Memory (MB): 15.380859375
Epoch: 1 cost time: 8.135213136672974
Epoch: 1, Steps: 249 | Train Loss: 0.6901967 Vali Loss: 0.3968942 Test Loss: 0.3957374
Validation loss decreased (inf --> 0.396894).  Saving model ...
Updating learning rate to 0.0001
	iters: 100, epoch: 2 | loss: 0.4381426
	speed: 0.2292s/iter; left time: 490.9194s
	iters: 200, epoch: 2 | loss: 0.5980608
	speed: 0.0272s/iter; left time: 55.5488s
Max Memory (MB): 15.380859375
Epoch: 2 cost time: 7.6929850578308105
Epoch: 2, Steps: 249 | Train Loss: 0.6031173 Vali Loss: 0.3919871 Test Loss: 0.4037248
Validation loss decreased (0.396894 --> 0.391987).  Saving model ...
Updating learning rate to 5e-05
	iters: 100, epoch: 3 | loss: 0.4834725
	speed: 0.2257s/iter; left time: 427.2634s
	iters: 200, epoch: 3 | loss: 0.6893328
	speed: 0.0271s/iter; left time: 48.5783s
Max Memory (MB): 15.380859375
Epoch: 3 cost time: 7.4082794189453125
Epoch: 3, Steps: 249 | Train Loss: 0.5768281 Vali Loss: 0.3940748 Test Loss: 0.4094274
EarlyStopping counter: 1 out of 3
Updating learning rate to 2.5e-05
	iters: 100, epoch: 4 | loss: 0.4223301
	speed: 0.2294s/iter; left time: 377.0929s
	iters: 200, epoch: 4 | loss: 0.7722493
	speed: 0.0274s/iter; left time: 42.3380s
Max Memory (MB): 15.380859375
Epoch: 4 cost time: 7.8003034591674805
Epoch: 4, Steps: 249 | Train Loss: 0.5643182 Vali Loss: 0.3969198 Test Loss: 0.4170944
EarlyStopping counter: 2 out of 3
Updating learning rate to 1.25e-05
	iters: 100, epoch: 5 | loss: 0.6380540
	speed: 0.2284s/iter; left time: 318.5676s
	iters: 200, epoch: 5 | loss: 0.7441465
	speed: 0.0261s/iter; left time: 33.7695s
Max Memory (MB): 15.380859375
Epoch: 5 cost time: 7.753662109375
Epoch: 5, Steps: 249 | Train Loss: 0.5572201 Vali Loss: 0.3899772 Test Loss: 0.4231987
Validation loss decreased (0.391987 --> 0.389977).  Saving model ...
Updating learning rate to 6.25e-06
	iters: 100, epoch: 6 | loss: 0.3246769
	speed: 0.2601s/iter; left time: 298.1195s
	iters: 200, epoch: 6 | loss: 0.8531986
	speed: 0.0363s/iter; left time: 37.9759s
Max Memory (MB): 15.380859375
Epoch: 6 cost time: 10.06745171546936
Epoch: 6, Steps: 249 | Train Loss: 0.5539406 Vali Loss: 0.3910208 Test Loss: 0.4252005
EarlyStopping counter: 1 out of 3
Updating learning rate to 3.125e-06
	iters: 100, epoch: 7 | loss: 0.4509261
	speed: 0.2998s/iter; left time: 268.9251s
	iters: 200, epoch: 7 | loss: 0.5096393
	speed: 0.0336s/iter; left time: 26.8046s
Max Memory (MB): 15.380859375
Epoch: 7 cost time: 9.304463624954224
Epoch: 7, Steps: 249 | Train Loss: 0.5522608 Vali Loss: 0.3919196 Test Loss: 0.4255608
EarlyStopping counter: 2 out of 3
Updating learning rate to 1.5625e-06
	iters: 100, epoch: 8 | loss: 0.6196826
	speed: 0.2605s/iter; left time: 168.7949s
	iters: 200, epoch: 8 | loss: 0.4362729
	speed: 0.0327s/iter; left time: 17.9395s
Max Memory (MB): 15.380859375
Epoch: 8 cost time: 9.425935983657837
Epoch: 8, Steps: 249 | Train Loss: 0.5514750 Vali Loss: 0.3919208 Test Loss: 0.4262610
EarlyStopping counter: 3 out of 3
Early stopping
>>>>>>>testing : ETTh2_336_336_iTransformer_ETTh2_M_ft336_sl48_ll336_pl128_dm8_nh2_el1_dl128_df1_fctimeF_ebTrue_dtExp_projection_0<<<<<<<<<<<<<<<<<<<<<<<<<<<<<<<<<
test 2545
test shape: (2545, 1, 336, 7) (2545, 1, 336, 7)
test shape: (2545, 336, 7) (2545, 336, 7)
mse:0.42319878935813904, mae:0.43749916553497314
