Args in experiment:
Namespace(is_training=1, model_id='ETTh2_192_96', model='iTransformer', data='ETTh2', root_path='./dataset/', data_path='ETTh2.csv', features='M', target='OT', freq='h', checkpoints='./checkpoints/', seq_len=192, label_len=48, pred_len=96, enc_in=7, dec_in=7, c_out=7, d_model=128, n_heads=8, e_layers=2, d_layers=1, d_ff=128, moving_avg=25, factor=1, distil=True, dropout=0.1, embed='timeF', activation='gelu', output_attention=False, do_predict=False, num_workers=10, itr=1, train_epochs=10, batch_size=32, patience=3, learning_rate=0.0001, des='Exp', loss='MSE', lradj='type1', use_amp=False, use_gpu=True, gpu=2, use_multi_gpu=False, devices='0,1,2,3', exp_name='MTSF', channel_independence=False, inverse=False, class_strategy='projection', target_root_path='./data/electricity/', target_data_path='electricity.csv', efficient_training=False, use_norm=True, partial_start_index=0)
Use GPU: cuda:2
[INFO] Register count_linear() for <class 'torch.nn.modules.linear.Linear'>.
[INFO] Register zero_ops() for <class 'torch.nn.modules.dropout.Dropout'>.
[INFO] Register count_convNd() for <class 'torch.nn.modules.conv.Conv1d'>.
[INFO] Register count_normalization() for <class 'torch.nn.modules.normalization.LayerNorm'>.
MACs: 3068416.0
Params: 236512.0
3.07M MACs
>>>>>>>start training : ETTh2_192_96_iTransformer_ETTh2_M_ft192_sl48_ll96_pl128_dm8_nh2_el1_dl128_df1_fctimeF_ebTrue_dtExp_projection_0>>>>>>>>>>>>>>>>>>>>>>>>>>
train 8353
val 2785
test 2785
	iters: 100, epoch: 1 | loss: 0.6191354
	speed: 0.0383s/iter; left time: 96.1598s
	iters: 200, epoch: 1 | loss: 0.3001234
	speed: 0.0228s/iter; left time: 54.9531s
Max Memory (MB): 13.1796875
Epoch: 1 cost time: 7.741096258163452
Epoch: 1, Steps: 261 | Train Loss: 0.4893091 Vali Loss: 0.2325117 Test Loss: 0.3101428
Validation loss decreased (inf --> 0.232512).  Saving model ...
Updating learning rate to 0.0001
	iters: 100, epoch: 2 | loss: 0.5490772
	speed: 0.2633s/iter; left time: 592.4215s
	iters: 200, epoch: 2 | loss: 0.7461887
	speed: 0.0318s/iter; left time: 68.3718s
Max Memory (MB): 13.1796875
Epoch: 2 cost time: 9.218688726425171
Epoch: 2, Steps: 261 | Train Loss: 0.4155197 Vali Loss: 0.2248520 Test Loss: 0.3063881
Validation loss decreased (0.232512 --> 0.224852).  Saving model ...
Updating learning rate to 5e-05
	iters: 100, epoch: 3 | loss: 0.3831234
	speed: 0.3037s/iter; left time: 604.1580s
	iters: 200, epoch: 3 | loss: 0.4370984
	speed: 0.0297s/iter; left time: 56.1929s
Max Memory (MB): 13.1796875
Epoch: 3 cost time: 8.782680034637451
Epoch: 3, Steps: 261 | Train Loss: 0.3923956 Vali Loss: 0.2240795 Test Loss: 0.3051491
Validation loss decreased (0.224852 --> 0.224080).  Saving model ...
Updating learning rate to 2.5e-05
	iters: 100, epoch: 4 | loss: 0.3668540
	speed: 0.2897s/iter; left time: 500.5914s
	iters: 200, epoch: 4 | loss: 0.3029420
	speed: 0.0230s/iter; left time: 37.4099s
Max Memory (MB): 13.1796875
Epoch: 4 cost time: 7.45867395401001
Epoch: 4, Steps: 261 | Train Loss: 0.3809597 Vali Loss: 0.2232498 Test Loss: 0.3026982
Validation loss decreased (0.224080 --> 0.223250).  Saving model ...
Updating learning rate to 1.25e-05
	iters: 100, epoch: 5 | loss: 0.3653915
	speed: 0.2441s/iter; left time: 358.1302s
	iters: 200, epoch: 5 | loss: 0.2657057
	speed: 0.0268s/iter; left time: 36.6955s
Max Memory (MB): 13.1796875
Epoch: 5 cost time: 7.552814245223999
Epoch: 5, Steps: 261 | Train Loss: 0.3746649 Vali Loss: 0.2235466 Test Loss: 0.3042935
EarlyStopping counter: 1 out of 3
Updating learning rate to 6.25e-06
	iters: 100, epoch: 6 | loss: 0.3962358
	speed: 0.2532s/iter; left time: 305.4138s
	iters: 200, epoch: 6 | loss: 0.2466329
	speed: 0.0300s/iter; left time: 33.1531s
Max Memory (MB): 13.1796875
Epoch: 6 cost time: 8.387095212936401
Epoch: 6, Steps: 261 | Train Loss: 0.3722538 Vali Loss: 0.2236006 Test Loss: 0.3047426
EarlyStopping counter: 2 out of 3
Updating learning rate to 3.125e-06
	iters: 100, epoch: 7 | loss: 0.3321553
	speed: 0.2561s/iter; left time: 242.0550s
	iters: 200, epoch: 7 | loss: 0.3477479
	speed: 0.0242s/iter; left time: 20.4102s
Max Memory (MB): 13.1796875
Epoch: 7 cost time: 7.195245742797852
Epoch: 7, Steps: 261 | Train Loss: 0.3702251 Vali Loss: 0.2238237 Test Loss: 0.3047460
EarlyStopping counter: 3 out of 3
Early stopping
>>>>>>>testing : ETTh2_192_96_iTransformer_ETTh2_M_ft192_sl48_ll96_pl128_dm8_nh2_el1_dl128_df1_fctimeF_ebTrue_dtExp_projection_0<<<<<<<<<<<<<<<<<<<<<<<<<<<<<<<<<
test 2785
test shape: (2785, 1, 96, 7) (2785, 1, 96, 7)
test shape: (2785, 96, 7) (2785, 96, 7)
mse:0.30269819498062134, mae:0.3553331196308136
