Args in experiment:
Namespace(is_training=1, model_id='ETTh2_192_336', model='iTransformer', data='ETTh2', root_path='./dataset/', data_path='ETTh2.csv', features='M', target='OT', freq='h', checkpoints='./checkpoints/', seq_len=192, label_len=48, pred_len=336, enc_in=7, dec_in=7, c_out=7, d_model=128, n_heads=8, e_layers=2, d_layers=1, d_ff=128, moving_avg=25, factor=1, distil=True, dropout=0.1, embed='timeF', activation='gelu', output_attention=False, do_predict=False, num_workers=10, itr=1, train_epochs=10, batch_size=32, patience=3, learning_rate=0.0001, des='Exp', loss='MSE', lradj='type1', use_amp=False, use_gpu=True, gpu=2, use_multi_gpu=False, devices='0,1,2,3', exp_name='MTSF', channel_independence=False, inverse=False, class_strategy='projection', target_root_path='./data/electricity/', target_data_path='electricity.csv', efficient_training=False, use_norm=True, partial_start_index=0)
Use GPU: cuda:2
[INFO] Register count_linear() for <class 'torch.nn.modules.linear.Linear'>.
[INFO] Register zero_ops() for <class 'torch.nn.modules.dropout.Dropout'>.
[INFO] Register count_convNd() for <class 'torch.nn.modules.conv.Conv1d'>.
[INFO] Register count_normalization() for <class 'torch.nn.modules.normalization.LayerNorm'>.
MACs: 3467776.0
Params: 267472.0
3.47M MACs
>>>>>>>start training : ETTh2_192_336_iTransformer_ETTh2_M_ft192_sl48_ll336_pl128_dm8_nh2_el1_dl128_df1_fctimeF_ebTrue_dtExp_projection_0>>>>>>>>>>>>>>>>>>>>>>>>>>
train 8113
val 2545
test 2545
	iters: 100, epoch: 1 | loss: 0.8025446
	speed: 0.0387s/iter; left time: 94.0174s
	iters: 200, epoch: 1 | loss: 0.6715884
	speed: 0.0252s/iter; left time: 58.7880s
Max Memory (MB): 14.58984375
Epoch: 1 cost time: 7.850558042526245
Epoch: 1, Steps: 253 | Train Loss: 0.6841500 Vali Loss: 0.3845447 Test Loss: 0.4118259
Validation loss decreased (inf --> 0.384545).  Saving model ...
Updating learning rate to 0.0001
	iters: 100, epoch: 2 | loss: 0.4222756
	speed: 0.2186s/iter; left time: 476.1032s
	iters: 200, epoch: 2 | loss: 0.6541211
	speed: 0.0269s/iter; left time: 56.0008s
Max Memory (MB): 14.58984375
Epoch: 2 cost time: 7.707458734512329
Epoch: 2, Steps: 253 | Train Loss: 0.6124343 Vali Loss: 0.3801768 Test Loss: 0.4175169
Validation loss decreased (0.384545 --> 0.380177).  Saving model ...
Updating learning rate to 5e-05
	iters: 100, epoch: 3 | loss: 0.8205221
	speed: 0.2719s/iter; left time: 523.4676s
	iters: 200, epoch: 3 | loss: 0.9127440
	speed: 0.0323s/iter; left time: 58.9834s
Max Memory (MB): 14.58984375
Epoch: 3 cost time: 9.411047458648682
Epoch: 3, Steps: 253 | Train Loss: 0.5802578 Vali Loss: 0.3807856 Test Loss: 0.4235030
EarlyStopping counter: 1 out of 3
Updating learning rate to 2.5e-05
	iters: 100, epoch: 4 | loss: 0.5767315
	speed: 0.2818s/iter; left time: 471.0983s
	iters: 200, epoch: 4 | loss: 0.7848508
	speed: 0.0396s/iter; left time: 62.2465s
Max Memory (MB): 14.58984375
Epoch: 4 cost time: 10.696138381958008
Epoch: 4, Steps: 253 | Train Loss: 0.5626112 Vali Loss: 0.3891165 Test Loss: 0.4293153
EarlyStopping counter: 2 out of 3
Updating learning rate to 1.25e-05
	iters: 100, epoch: 5 | loss: 0.3381326
	speed: 0.2684s/iter; left time: 380.8586s
	iters: 200, epoch: 5 | loss: 0.4659409
	speed: 0.0307s/iter; left time: 40.4323s
Max Memory (MB): 14.58984375
Epoch: 5 cost time: 8.502805233001709
Epoch: 5, Steps: 253 | Train Loss: 0.5571950 Vali Loss: 0.3876766 Test Loss: 0.4300889
EarlyStopping counter: 3 out of 3
Early stopping
>>>>>>>testing : ETTh2_192_336_iTransformer_ETTh2_M_ft192_sl48_ll336_pl128_dm8_nh2_el1_dl128_df1_fctimeF_ebTrue_dtExp_projection_0<<<<<<<<<<<<<<<<<<<<<<<<<<<<<<<<<
test 2545
test shape: (2545, 1, 336, 7) (2545, 1, 336, 7)
test shape: (2545, 336, 7) (2545, 336, 7)
mse:0.41751688718795776, mae:0.430730938911438
