Args in experiment:
Namespace(is_training=1, model_id='ETTh2_96_336', model='iTransformer', data='ETTh2', root_path='./dataset/', data_path='ETTh2.csv', features='M', target='OT', freq='h', checkpoints='./checkpoints/', seq_len=96, label_len=48, pred_len=336, enc_in=7, dec_in=7, c_out=7, d_model=128, n_heads=8, e_layers=2, d_layers=1, d_ff=128, moving_avg=25, factor=1, distil=True, dropout=0.1, embed='timeF', activation='gelu', output_attention=False, do_predict=False, num_workers=10, itr=1, train_epochs=10, batch_size=32, patience=3, learning_rate=0.0001, des='Exp', loss='MSE', lradj='type1', use_amp=False, use_gpu=True, gpu=2, use_multi_gpu=False, devices='0,1,2,3', exp_name='MTSF', channel_independence=False, inverse=False, class_strategy='projection', target_root_path='./data/electricity/', target_data_path='electricity.csv', efficient_training=False, use_norm=True, partial_start_index=0)
Use GPU: cuda:2
[INFO] Register count_linear() for <class 'torch.nn.modules.linear.Linear'>.
[INFO] Register zero_ops() for <class 'torch.nn.modules.dropout.Dropout'>.
[INFO] Register count_convNd() for <class 'torch.nn.modules.conv.Conv1d'>.
[INFO] Register count_normalization() for <class 'torch.nn.modules.normalization.LayerNorm'>.
MACs: 3308032.0
Params: 255184.0
3.31M MACs
>>>>>>>start training : ETTh2_96_336_iTransformer_ETTh2_M_ft96_sl48_ll336_pl128_dm8_nh2_el1_dl128_df1_fctimeF_ebTrue_dtExp_projection_0>>>>>>>>>>>>>>>>>>>>>>>>>>
train 8209
val 2545
test 2545
	iters: 100, epoch: 1 | loss: 0.5535859
	speed: 0.0405s/iter; left time: 99.7705s
	iters: 200, epoch: 1 | loss: 0.8471911
	speed: 0.0282s/iter; left time: 66.5781s
Max Memory (MB): 14.0625
Epoch: 1 cost time: 8.457542419433594
Epoch: 1, Steps: 256 | Train Loss: 0.7087130 Vali Loss: 0.3783088 Test Loss: 0.4355272
Validation loss decreased (inf --> 0.378309).  Saving model ...
Updating learning rate to 0.0001
	iters: 100, epoch: 2 | loss: 0.4770837
	speed: 0.2592s/iter; left time: 571.4528s
	iters: 200, epoch: 2 | loss: 0.3935627
	speed: 0.0329s/iter; left time: 69.2111s
Max Memory (MB): 14.0625
Epoch: 2 cost time: 9.197515964508057
Epoch: 2, Steps: 256 | Train Loss: 0.6528438 Vali Loss: 0.3648211 Test Loss: 0.4239773
Validation loss decreased (0.378309 --> 0.364821).  Saving model ...
Updating learning rate to 5e-05
	iters: 100, epoch: 3 | loss: 0.8105404
	speed: 0.2440s/iter; left time: 475.4649s
	iters: 200, epoch: 3 | loss: 0.7961074
	speed: 0.0286s/iter; left time: 52.8345s
Max Memory (MB): 14.0625
Epoch: 3 cost time: 8.091587781906128
Epoch: 3, Steps: 256 | Train Loss: 0.6324774 Vali Loss: 0.3704489 Test Loss: 0.4193346
EarlyStopping counter: 1 out of 3
Updating learning rate to 2.5e-05
	iters: 100, epoch: 4 | loss: 1.2168561
	speed: 0.2343s/iter; left time: 396.6658s
	iters: 200, epoch: 4 | loss: 0.6150329
	speed: 0.0287s/iter; left time: 45.7274s
Max Memory (MB): 14.0625
Epoch: 4 cost time: 7.870147705078125
Epoch: 4, Steps: 256 | Train Loss: 0.6209310 Vali Loss: 0.3679886 Test Loss: 0.4217048
EarlyStopping counter: 2 out of 3
Updating learning rate to 1.25e-05
	iters: 100, epoch: 5 | loss: 0.4502700
	speed: 0.2391s/iter; left time: 343.6421s
	iters: 200, epoch: 5 | loss: 0.7381287
	speed: 0.0274s/iter; left time: 36.6733s
Max Memory (MB): 14.0625
Epoch: 5 cost time: 8.432403326034546
Epoch: 5, Steps: 256 | Train Loss: 0.6141873 Vali Loss: 0.3699013 Test Loss: 0.4229619
EarlyStopping counter: 3 out of 3
Early stopping
>>>>>>>testing : ETTh2_96_336_iTransformer_ETTh2_M_ft96_sl48_ll336_pl128_dm8_nh2_el1_dl128_df1_fctimeF_ebTrue_dtExp_projection_0<<<<<<<<<<<<<<<<<<<<<<<<<<<<<<<<<
test 2545
test shape: (2545, 1, 336, 7) (2545, 1, 336, 7)
test shape: (2545, 336, 7) (2545, 336, 7)
mse:0.4239773750305176, mae:0.4328397810459137
