Args in experiment:
Namespace(is_training=1, model_id='ETTm1_720_720', model='iTransformer', data='ETTm1', root_path='./dataset/', data_path='ETTm1.csv', features='M', target='OT', freq='h', checkpoints='./checkpoints/', seq_len=720, label_len=48, pred_len=720, enc_in=7, dec_in=7, c_out=7, d_model=128, n_heads=8, e_layers=2, d_layers=1, d_ff=128, moving_avg=25, factor=1, distil=True, dropout=0.1, embed='timeF', activation='gelu', output_attention=False, do_predict=False, num_workers=10, itr=1, train_epochs=10, batch_size=32, patience=3, learning_rate=0.0001, des='Exp', loss='MSE', lradj='type1', use_amp=False, use_gpu=True, gpu=0, use_multi_gpu=False, devices='0,1,2,3', exp_name='MTSF', channel_independence=False, inverse=False, class_strategy='projection', target_root_path='./data/electricity/', target_data_path='electricity.csv', efficient_training=False, use_norm=True, partial_start_index=0)
Use GPU: cuda:0
[INFO] Register count_linear() for <class 'torch.nn.modules.linear.Linear'>.
[INFO] Register zero_ops() for <class 'torch.nn.modules.dropout.Dropout'>.
[INFO] Register count_convNd() for <class 'torch.nn.modules.conv.Conv1d'>.
[INFO] Register count_normalization() for <class 'torch.nn.modules.normalization.LayerNorm'>.
MACs: 4985344.0
Params: 384592.0
4.99M MACs
>>>>>>>start training : ETTm1_720_720_iTransformer_ETTm1_M_ft720_sl48_ll720_pl128_dm8_nh2_el1_dl128_df1_fctimeF_ebTrue_dtExp_projection_0>>>>>>>>>>>>>>>>>>>>>>>>>>
train 33121
val 10801
test 10801
	iters: 100, epoch: 1 | loss: 0.4612894
	speed: 0.0699s/iter; left time: 716.8499s
	iters: 200, epoch: 1 | loss: 0.4365807
	speed: 0.0388s/iter; left time: 393.7136s
	iters: 300, epoch: 1 | loss: 0.4930285
	speed: 0.0411s/iter; left time: 413.3505s
	iters: 400, epoch: 1 | loss: 0.4885032
	speed: 0.0425s/iter; left time: 423.1515s
	iters: 500, epoch: 1 | loss: 0.3852898
	speed: 0.0412s/iter; left time: 405.4358s
	iters: 600, epoch: 1 | loss: 0.4351432
	speed: 0.0424s/iter; left time: 413.2660s
	iters: 700, epoch: 1 | loss: 0.4542778
	speed: 0.0405s/iter; left time: 391.0620s
	iters: 800, epoch: 1 | loss: 0.3941807
	speed: 0.0369s/iter; left time: 352.0667s
	iters: 900, epoch: 1 | loss: 0.3741241
	speed: 0.0347s/iter; left time: 327.8306s
	iters: 1000, epoch: 1 | loss: 0.4461735
	speed: 0.0391s/iter; left time: 365.8730s
Max Memory (MB): 19.74609375
Epoch: 1 cost time: 44.0934042930603
Epoch: 1, Steps: 1035 | Train Loss: 0.4476082 Vali Loss: 0.9537266 Test Loss: 0.4370210
Validation loss decreased (inf --> 0.953727).  Saving model ...
Updating learning rate to 0.0001
	iters: 100, epoch: 2 | loss: 0.3312948
	speed: 1.5728s/iter; left time: 14495.2597s
	iters: 200, epoch: 2 | loss: 0.4071133
	speed: 0.0353s/iter; left time: 321.8096s
	iters: 300, epoch: 2 | loss: 0.3702198
	speed: 0.0362s/iter; left time: 326.2206s
	iters: 400, epoch: 2 | loss: 0.3359593
	speed: 0.0289s/iter; left time: 257.3797s
	iters: 500, epoch: 2 | loss: 0.3199969
	speed: 0.0283s/iter; left time: 249.0744s
	iters: 600, epoch: 2 | loss: 0.3496629
	speed: 0.0376s/iter; left time: 328.0916s
	iters: 700, epoch: 2 | loss: 0.4012296
	speed: 0.0304s/iter; left time: 262.0587s
	iters: 800, epoch: 2 | loss: 0.4336126
	speed: 0.0315s/iter; left time: 268.4196s
	iters: 900, epoch: 2 | loss: 0.3922765
	speed: 0.0448s/iter; left time: 376.8221s
	iters: 1000, epoch: 2 | loss: 0.3446166
	speed: 0.0317s/iter; left time: 263.2342s
Max Memory (MB): 19.74609375
Epoch: 2 cost time: 36.13483738899231
Epoch: 2, Steps: 1035 | Train Loss: 0.3877466 Vali Loss: 0.9583076 Test Loss: 0.4470415
EarlyStopping counter: 1 out of 3
Updating learning rate to 5e-05
	iters: 100, epoch: 3 | loss: 0.4358576
	speed: 1.5457s/iter; left time: 12645.4687s
	iters: 200, epoch: 3 | loss: 0.4240294
	speed: 0.0375s/iter; left time: 303.2225s
	iters: 300, epoch: 3 | loss: 0.3657821
	speed: 0.0328s/iter; left time: 261.9143s
	iters: 400, epoch: 3 | loss: 0.3223344
	speed: 0.0346s/iter; left time: 272.5899s
	iters: 500, epoch: 3 | loss: 0.3966820
	speed: 0.0462s/iter; left time: 359.6232s
	iters: 600, epoch: 3 | loss: 0.3918790
	speed: 0.0325s/iter; left time: 249.8449s
	iters: 700, epoch: 3 | loss: 0.3929245
	speed: 0.0315s/iter; left time: 238.7341s
	iters: 800, epoch: 3 | loss: 0.3407561
	speed: 0.0301s/iter; left time: 225.4110s
	iters: 900, epoch: 3 | loss: 0.3850946
	speed: 0.0433s/iter; left time: 319.4433s
	iters: 1000, epoch: 3 | loss: 0.3373810
	speed: 0.0412s/iter; left time: 299.7253s
Max Memory (MB): 19.74609375
Epoch: 3 cost time: 38.03341007232666
Epoch: 3, Steps: 1035 | Train Loss: 0.3665747 Vali Loss: 0.9597933 Test Loss: 0.4565107
EarlyStopping counter: 2 out of 3
Updating learning rate to 2.5e-05
	iters: 100, epoch: 4 | loss: 0.3348540
	speed: 1.5670s/iter; left time: 11197.8344s
	iters: 200, epoch: 4 | loss: 0.2873090
	speed: 0.0289s/iter; left time: 203.9778s
	iters: 300, epoch: 4 | loss: 0.3355030
	speed: 0.0295s/iter; left time: 204.8809s
	iters: 400, epoch: 4 | loss: 0.3823563
	speed: 0.0291s/iter; left time: 199.4866s
	iters: 500, epoch: 4 | loss: 0.3119065
	speed: 0.0420s/iter; left time: 283.3664s
	iters: 600, epoch: 4 | loss: 0.3324057
	speed: 0.0398s/iter; left time: 264.3401s
	iters: 700, epoch: 4 | loss: 0.3061692
	speed: 0.0344s/iter; left time: 225.0726s
	iters: 800, epoch: 4 | loss: 0.3732046
	speed: 0.0347s/iter; left time: 223.3584s
	iters: 900, epoch: 4 | loss: 0.3570775
	speed: 0.0355s/iter; left time: 225.3843s
	iters: 1000, epoch: 4 | loss: 0.3427669
	speed: 0.0380s/iter; left time: 237.3857s
Max Memory (MB): 19.74609375
Epoch: 4 cost time: 37.65714716911316
Epoch: 4, Steps: 1035 | Train Loss: 0.3589170 Vali Loss: 0.9634046 Test Loss: 0.4562336
EarlyStopping counter: 3 out of 3
Early stopping
>>>>>>>testing : ETTm1_720_720_iTransformer_ETTm1_M_ft720_sl48_ll720_pl128_dm8_nh2_el1_dl128_df1_fctimeF_ebTrue_dtExp_projection_0<<<<<<<<<<<<<<<<<<<<<<<<<<<<<<<<<
test 10801
test shape: (10801, 1, 720, 7) (10801, 1, 720, 7)
test shape: (10801, 720, 7) (10801, 720, 7)
mse:0.4370209276676178, mae:0.43914297223091125
