Args in experiment:
Namespace(is_training=1, model_id='ETTm2_720_720', model='iTransformer', data='ETTm2', root_path='./dataset/', data_path='ETTm2.csv', features='M', target='OT', freq='h', checkpoints='./checkpoints/', seq_len=720, label_len=48, pred_len=720, enc_in=7, dec_in=7, c_out=7, d_model=128, n_heads=8, e_layers=2, d_layers=1, d_ff=128, moving_avg=25, factor=1, distil=True, dropout=0.1, embed='timeF', activation='gelu', output_attention=False, do_predict=False, num_workers=10, itr=1, train_epochs=10, batch_size=32, patience=3, learning_rate=0.0001, des='Exp', loss='MSE', lradj='type1', use_amp=False, use_gpu=True, gpu=0, use_multi_gpu=False, devices='0,1,2,3', exp_name='MTSF', channel_independence=False, inverse=False, class_strategy='projection', target_root_path='./data/electricity/', target_data_path='electricity.csv', efficient_training=False, use_norm=True, partial_start_index=0)
Use GPU: cuda:0
[INFO] Register count_linear() for <class 'torch.nn.modules.linear.Linear'>.
[INFO] Register zero_ops() for <class 'torch.nn.modules.dropout.Dropout'>.
[INFO] Register count_convNd() for <class 'torch.nn.modules.conv.Conv1d'>.
[INFO] Register count_normalization() for <class 'torch.nn.modules.normalization.LayerNorm'>.
MACs: 4985344.0
Params: 384592.0
4.99M MACs
>>>>>>>start training : ETTm2_720_720_iTransformer_ETTm2_M_ft720_sl48_ll720_pl128_dm8_nh2_el1_dl128_df1_fctimeF_ebTrue_dtExp_projection_0>>>>>>>>>>>>>>>>>>>>>>>>>>
train 33121
val 10801
test 10801
	iters: 100, epoch: 1 | loss: 0.6527393
	speed: 0.0478s/iter; left time: 490.3280s
	iters: 200, epoch: 1 | loss: 0.5913098
	speed: 0.0325s/iter; left time: 330.0921s
	iters: 300, epoch: 1 | loss: 0.4125447
	speed: 0.0438s/iter; left time: 439.8439s
	iters: 400, epoch: 1 | loss: 0.2931954
	speed: 0.0355s/iter; left time: 353.6677s
	iters: 500, epoch: 1 | loss: 0.4723475
	speed: 0.0378s/iter; left time: 372.3178s
	iters: 600, epoch: 1 | loss: 0.6182491
	speed: 0.0383s/iter; left time: 373.1999s
	iters: 700, epoch: 1 | loss: 0.3047150
	speed: 0.0400s/iter; left time: 385.7185s
	iters: 800, epoch: 1 | loss: 0.3095089
	speed: 0.0399s/iter; left time: 380.7221s
	iters: 900, epoch: 1 | loss: 0.3635039
	speed: 0.0390s/iter; left time: 368.4148s
	iters: 1000, epoch: 1 | loss: 0.4860010
	speed: 0.0331s/iter; left time: 309.7263s
Max Memory (MB): 19.74609375
Epoch: 1 cost time: 39.91012692451477
Epoch: 1, Steps: 1035 | Train Loss: 0.4891640 Vali Loss: 0.3258277 Test Loss: 0.3865905
Validation loss decreased (inf --> 0.325828).  Saving model ...
Updating learning rate to 0.0001
	iters: 100, epoch: 2 | loss: 0.6940684
	speed: 1.3072s/iter; left time: 12047.2917s
	iters: 200, epoch: 2 | loss: 0.4026102
	speed: 0.0265s/iter; left time: 241.8434s
	iters: 300, epoch: 2 | loss: 0.5095499
	speed: 0.0244s/iter; left time: 220.3157s
	iters: 400, epoch: 2 | loss: 0.2912200
	speed: 0.0253s/iter; left time: 225.9537s
	iters: 500, epoch: 2 | loss: 0.3232335
	speed: 0.0249s/iter; left time: 219.7584s
	iters: 600, epoch: 2 | loss: 0.3166147
	speed: 0.0251s/iter; left time: 218.8488s
	iters: 700, epoch: 2 | loss: 0.3601747
	speed: 0.0249s/iter; left time: 214.9475s
	iters: 800, epoch: 2 | loss: 0.4041153
	speed: 0.0253s/iter; left time: 215.6734s
	iters: 900, epoch: 2 | loss: 0.5048038
	speed: 0.0232s/iter; left time: 195.5436s
	iters: 1000, epoch: 2 | loss: 0.3746724
	speed: 0.0262s/iter; left time: 217.6727s
Max Memory (MB): 19.74609375
Epoch: 2 cost time: 27.12945318222046
Epoch: 2, Steps: 1035 | Train Loss: 0.3981219 Vali Loss: 0.3351233 Test Loss: 0.4007418
EarlyStopping counter: 1 out of 3
Updating learning rate to 5e-05
	iters: 100, epoch: 3 | loss: 0.3611808
	speed: 1.4118s/iter; left time: 11550.2719s
	iters: 200, epoch: 3 | loss: 0.3063968
	speed: 0.0444s/iter; left time: 359.1222s
	iters: 300, epoch: 3 | loss: 0.3848879
	speed: 0.0471s/iter; left time: 375.7695s
	iters: 400, epoch: 3 | loss: 0.3529976
	speed: 0.0458s/iter; left time: 360.9848s
	iters: 500, epoch: 3 | loss: 0.3367789
	speed: 0.0419s/iter; left time: 325.8968s
	iters: 600, epoch: 3 | loss: 0.3058430
	speed: 0.0359s/iter; left time: 275.4192s
	iters: 700, epoch: 3 | loss: 0.3338530
	speed: 0.0315s/iter; left time: 238.7839s
	iters: 800, epoch: 3 | loss: 0.3150733
	speed: 0.0375s/iter; left time: 280.4721s
	iters: 900, epoch: 3 | loss: 0.2748084
	speed: 0.0364s/iter; left time: 268.3135s
	iters: 1000, epoch: 3 | loss: 0.2765339
	speed: 0.0334s/iter; left time: 243.1277s
Max Memory (MB): 19.74609375
Epoch: 3 cost time: 42.86052322387695
Epoch: 3, Steps: 1035 | Train Loss: 0.3697639 Vali Loss: 0.3302233 Test Loss: 0.4026676
EarlyStopping counter: 2 out of 3
Updating learning rate to 2.5e-05
	iters: 100, epoch: 4 | loss: 0.2220583
	speed: 1.6498s/iter; left time: 11789.5384s
	iters: 200, epoch: 4 | loss: 0.3878431
	speed: 0.0331s/iter; left time: 233.5213s
	iters: 300, epoch: 4 | loss: 0.2494068
	speed: 0.0478s/iter; left time: 332.1982s
	iters: 400, epoch: 4 | loss: 0.2677859
	speed: 0.0351s/iter; left time: 240.4378s
	iters: 500, epoch: 4 | loss: 0.3635314
	speed: 0.0356s/iter; left time: 239.9606s
	iters: 600, epoch: 4 | loss: 0.5649046
	speed: 0.0315s/iter; left time: 209.0906s
	iters: 700, epoch: 4 | loss: 0.3002745
	speed: 0.0479s/iter; left time: 313.6261s
	iters: 800, epoch: 4 | loss: 0.4364633
	speed: 0.0415s/iter; left time: 267.3178s
	iters: 900, epoch: 4 | loss: 0.3472204
	speed: 0.0417s/iter; left time: 264.3332s
	iters: 1000, epoch: 4 | loss: 0.2595942
	speed: 0.0398s/iter; left time: 248.8891s
Max Memory (MB): 19.74609375
Epoch: 4 cost time: 41.97053933143616
Epoch: 4, Steps: 1035 | Train Loss: 0.3576824 Vali Loss: 0.3342965 Test Loss: 0.4071128
EarlyStopping counter: 3 out of 3
Early stopping
>>>>>>>testing : ETTm2_720_720_iTransformer_ETTm2_M_ft720_sl48_ll720_pl128_dm8_nh2_el1_dl128_df1_fctimeF_ebTrue_dtExp_projection_0<<<<<<<<<<<<<<<<<<<<<<<<<<<<<<<<<
test 10801
test shape: (10801, 1, 720, 7) (10801, 1, 720, 7)
test shape: (10801, 720, 7) (10801, 720, 7)
mse:0.38659071922302246, mae:0.4070160686969757
