Args in experiment:
Namespace(is_training=1, model_id='ETTm2_336_96', model='iTransformer', data='ETTm2', root_path='./dataset/', data_path='ETTm2.csv', features='M', target='OT', freq='h', checkpoints='./checkpoints/', seq_len=336, label_len=48, pred_len=96, enc_in=7, dec_in=7, c_out=7, d_model=128, n_heads=8, e_layers=2, d_layers=1, d_ff=128, moving_avg=25, factor=1, distil=True, dropout=0.1, embed='timeF', activation='gelu', output_attention=False, do_predict=False, num_workers=10, itr=1, train_epochs=10, batch_size=32, patience=3, learning_rate=0.0001, des='Exp', loss='MSE', lradj='type1', use_amp=False, use_gpu=True, gpu=2, use_multi_gpu=False, devices='0,1,2,3', exp_name='MTSF', channel_independence=False, inverse=False, class_strategy='projection', target_root_path='./data/electricity/', target_data_path='electricity.csv', efficient_training=False, use_norm=True, partial_start_index=0)
Use GPU: cuda:2
[INFO] Register count_linear() for <class 'torch.nn.modules.linear.Linear'>.
[INFO] Register zero_ops() for <class 'torch.nn.modules.dropout.Dropout'>.
[INFO] Register count_convNd() for <class 'torch.nn.modules.conv.Conv1d'>.
[INFO] Register count_normalization() for <class 'torch.nn.modules.normalization.LayerNorm'>.
MACs: 3308032.0
Params: 254944.0
3.31M MACs
>>>>>>>start training : ETTm2_336_96_iTransformer_ETTm2_M_ft336_sl48_ll96_pl128_dm8_nh2_el1_dl128_df1_fctimeF_ebTrue_dtExp_projection_0>>>>>>>>>>>>>>>>>>>>>>>>>>
train 34129
val 11425
test 11425
	iters: 100, epoch: 1 | loss: 0.3069162
	speed: 0.0514s/iter; left time: 542.6706s
	iters: 200, epoch: 1 | loss: 0.1629362
	speed: 0.0335s/iter; left time: 350.3279s
	iters: 300, epoch: 1 | loss: 0.1685452
	speed: 0.0340s/iter; left time: 352.6708s
	iters: 400, epoch: 1 | loss: 0.2695760
	speed: 0.0348s/iter; left time: 357.2160s
	iters: 500, epoch: 1 | loss: 0.1825160
	speed: 0.0350s/iter; left time: 356.0838s
	iters: 600, epoch: 1 | loss: 0.2428259
	speed: 0.0350s/iter; left time: 352.0533s
	iters: 700, epoch: 1 | loss: 0.1253013
	speed: 0.0352s/iter; left time: 350.7160s
	iters: 800, epoch: 1 | loss: 0.2060225
	speed: 0.0351s/iter; left time: 345.7551s
	iters: 900, epoch: 1 | loss: 0.2030022
	speed: 0.0348s/iter; left time: 339.6150s
	iters: 1000, epoch: 1 | loss: 0.1431375
	speed: 0.0329s/iter; left time: 317.4783s
Max Memory (MB): 13.970703125
Epoch: 1 cost time: 38.347413778305054
Epoch: 1, Steps: 1066 | Train Loss: 0.2398812 Vali Loss: 0.1312393 Test Loss: 0.1772947
Validation loss decreased (inf --> 0.131239).  Saving model ...
Updating learning rate to 0.0001
	iters: 100, epoch: 2 | loss: 0.1579188
	speed: 1.2257s/iter; left time: 11637.6656s
	iters: 200, epoch: 2 | loss: 0.1682157
	speed: 0.0306s/iter; left time: 287.3128s
	iters: 300, epoch: 2 | loss: 0.2074961
	speed: 0.0296s/iter; left time: 274.8529s
	iters: 400, epoch: 2 | loss: 0.1350532
	speed: 0.0298s/iter; left time: 273.8175s
	iters: 500, epoch: 2 | loss: 0.1692372
	speed: 0.0293s/iter; left time: 266.8846s
	iters: 600, epoch: 2 | loss: 0.1675361
	speed: 0.0292s/iter; left time: 262.3568s
	iters: 700, epoch: 2 | loss: 0.2249523
	speed: 0.0289s/iter; left time: 256.8522s
	iters: 800, epoch: 2 | loss: 0.3136391
	speed: 0.0296s/iter; left time: 260.0456s
	iters: 900, epoch: 2 | loss: 0.1150379
	speed: 0.0293s/iter; left time: 254.7066s
	iters: 1000, epoch: 2 | loss: 0.2005960
	speed: 0.0302s/iter; left time: 259.5421s
Max Memory (MB): 13.970703125
Epoch: 2 cost time: 32.3504900932312
Epoch: 2, Steps: 1066 | Train Loss: 0.1911257 Vali Loss: 0.1295789 Test Loss: 0.1758142
Validation loss decreased (0.131239 --> 0.129579).  Saving model ...
Updating learning rate to 5e-05
	iters: 100, epoch: 3 | loss: 0.2199401
	speed: 1.1861s/iter; left time: 9997.4765s
	iters: 200, epoch: 3 | loss: 0.2323062
	speed: 0.0319s/iter; left time: 265.5230s
	iters: 300, epoch: 3 | loss: 0.1175371
	speed: 0.0323s/iter; left time: 266.0748s
	iters: 400, epoch: 3 | loss: 0.1158649
	speed: 0.0317s/iter; left time: 257.7289s
	iters: 500, epoch: 3 | loss: 0.1262770
	speed: 0.0330s/iter; left time: 264.9420s
	iters: 600, epoch: 3 | loss: 0.1345682
	speed: 0.0315s/iter; left time: 249.9849s
	iters: 700, epoch: 3 | loss: 0.2135701
	speed: 0.0320s/iter; left time: 250.1390s
	iters: 800, epoch: 3 | loss: 0.1224823
	speed: 0.0328s/iter; left time: 253.3444s
	iters: 900, epoch: 3 | loss: 0.2378611
	speed: 0.0327s/iter; left time: 249.4397s
	iters: 1000, epoch: 3 | loss: 0.1343924
	speed: 0.0320s/iter; left time: 241.1421s
Max Memory (MB): 13.970703125
Epoch: 3 cost time: 35.0866014957428
Epoch: 3, Steps: 1066 | Train Loss: 0.1728429 Vali Loss: 0.1303952 Test Loss: 0.1740218
EarlyStopping counter: 1 out of 3
Updating learning rate to 2.5e-05
	iters: 100, epoch: 4 | loss: 0.1878198
	speed: 1.2141s/iter; left time: 8939.5431s
	iters: 200, epoch: 4 | loss: 0.2448632
	speed: 0.0336s/iter; left time: 243.8056s
	iters: 300, epoch: 4 | loss: 0.1851582
	speed: 0.0327s/iter; left time: 233.8811s
	iters: 400, epoch: 4 | loss: 0.1243010
	speed: 0.0335s/iter; left time: 236.5104s
	iters: 500, epoch: 4 | loss: 0.1215418
	speed: 0.0355s/iter; left time: 247.1605s
	iters: 600, epoch: 4 | loss: 0.1087754
	speed: 0.0342s/iter; left time: 234.8805s
	iters: 700, epoch: 4 | loss: 0.1941730
	speed: 0.0332s/iter; left time: 224.6591s
	iters: 800, epoch: 4 | loss: 0.1405570
	speed: 0.0347s/iter; left time: 231.0168s
	iters: 900, epoch: 4 | loss: 0.1142605
	speed: 0.0342s/iter; left time: 224.5331s
	iters: 1000, epoch: 4 | loss: 0.1564763
	speed: 0.0332s/iter; left time: 214.3270s
Max Memory (MB): 13.970703125
Epoch: 4 cost time: 36.86413335800171
Epoch: 4, Steps: 1066 | Train Loss: 0.1659876 Vali Loss: 0.1310683 Test Loss: 0.1722851
EarlyStopping counter: 2 out of 3
Updating learning rate to 1.25e-05
	iters: 100, epoch: 5 | loss: 0.1921995
	speed: 1.3816s/iter; left time: 8699.7702s
	iters: 200, epoch: 5 | loss: 0.1079839
	speed: 0.0340s/iter; left time: 210.7420s
	iters: 300, epoch: 5 | loss: 0.1562399
	speed: 0.0310s/iter; left time: 189.2940s
	iters: 400, epoch: 5 | loss: 0.1699963
	speed: 0.0376s/iter; left time: 225.4393s
	iters: 500, epoch: 5 | loss: 0.1886794
	speed: 0.0394s/iter; left time: 232.5655s
	iters: 600, epoch: 5 | loss: 0.1285510
	speed: 0.0383s/iter; left time: 221.9703s
	iters: 700, epoch: 5 | loss: 0.1219855
	speed: 0.0405s/iter; left time: 230.8351s
	iters: 800, epoch: 5 | loss: 0.1744116
	speed: 0.0438s/iter; left time: 244.9074s
	iters: 900, epoch: 5 | loss: 0.1929725
	speed: 0.0421s/iter; left time: 231.1845s
	iters: 1000, epoch: 5 | loss: 0.1436848
	speed: 0.0401s/iter; left time: 216.5533s
Max Memory (MB): 13.970703125
Epoch: 5 cost time: 41.68287706375122
Epoch: 5, Steps: 1066 | Train Loss: 0.1629381 Vali Loss: 0.1308373 Test Loss: 0.1731953
EarlyStopping counter: 3 out of 3
Early stopping
>>>>>>>testing : ETTm2_336_96_iTransformer_ETTm2_M_ft336_sl48_ll96_pl128_dm8_nh2_el1_dl128_df1_fctimeF_ebTrue_dtExp_projection_0<<<<<<<<<<<<<<<<<<<<<<<<<<<<<<<<<
test 11425
test shape: (11425, 1, 96, 7) (11425, 1, 96, 7)
test shape: (11425, 96, 7) (11425, 96, 7)
mse:0.1758141666650772, mae:0.2672543227672577
