Args in experiment:
Namespace(is_training=1, model_id='weather_336_96', model='iTransformer', data='custom', root_path='./dataset/', data_path='weather.csv', features='M', target='OT', freq='h', checkpoints='./checkpoints/', seq_len=336, label_len=48, pred_len=96, enc_in=21, dec_in=21, c_out=21, d_model=128, n_heads=8, e_layers=3, d_layers=1, d_ff=128, moving_avg=25, factor=1, distil=True, dropout=0.1, embed='timeF', activation='gelu', output_attention=False, do_predict=False, num_workers=10, itr=1, train_epochs=10, batch_size=64, patience=3, learning_rate=0.0001, des='Exp', loss='MSE', lradj='type1', use_amp=False, use_gpu=True, gpu=2, use_multi_gpu=False, devices='0,1,2,3', exp_name='MTSF', channel_independence=False, inverse=False, class_strategy='projection', target_root_path='./data/electricity/', target_data_path='electricity.csv', efficient_training=False, use_norm=True, partial_start_index=0)
Use GPU: cuda:2
[INFO] Register count_linear() for <class 'torch.nn.modules.linear.Linear'>.
[INFO] Register zero_ops() for <class 'torch.nn.modules.dropout.Dropout'>.
[INFO] Register count_convNd() for <class 'torch.nn.modules.conv.Conv1d'>.
[INFO] Register count_normalization() for <class 'torch.nn.modules.normalization.LayerNorm'>.
MACs: 9552384.0
Params: 354528.0
9.55M MACs
>>>>>>>start training : weather_336_96_iTransformer_custom_M_ft336_sl48_ll96_pl128_dm8_nh3_el1_dl128_df1_fctimeF_ebTrue_dtExp_projection_0>>>>>>>>>>>>>>>>>>>>>>>>>>
train 36456
val 5175
test 10444
	iters: 100, epoch: 1 | loss: 0.5234862
	speed: 0.1009s/iter; left time: 564.0264s
	iters: 200, epoch: 1 | loss: 0.6224488
	speed: 0.0807s/iter; left time: 443.3111s
	iters: 300, epoch: 1 | loss: 0.3565902
	speed: 0.0748s/iter; left time: 403.4467s
	iters: 400, epoch: 1 | loss: 0.2874085
	speed: 0.0787s/iter; left time: 416.4614s
	iters: 500, epoch: 1 | loss: 0.3093917
	speed: 0.0792s/iter; left time: 411.0518s
Max Memory (MB): 175.9560546875
Epoch: 1 cost time: 46.92883610725403
Epoch: 1, Steps: 569 | Train Loss: 0.5099576 Vali Loss: 0.4310336 Test Loss: 0.1739253
Validation loss decreased (inf --> 0.431034).  Saving model ...
Updating learning rate to 0.0001
	iters: 100, epoch: 2 | loss: 0.5408867
	speed: 1.5027s/iter; left time: 7546.4522s
	iters: 200, epoch: 2 | loss: 0.3691456
	speed: 0.0778s/iter; left time: 382.6875s
	iters: 300, epoch: 2 | loss: 0.3389354
	speed: 0.0736s/iter; left time: 354.8283s
	iters: 400, epoch: 2 | loss: 0.4281360
	speed: 0.0780s/iter; left time: 368.2768s
	iters: 500, epoch: 2 | loss: 0.8275508
	speed: 0.0753s/iter; left time: 348.1321s
Max Memory (MB): 175.9560546875
Epoch: 2 cost time: 44.59582257270813
Epoch: 2, Steps: 569 | Train Loss: 0.4350302 Vali Loss: 0.4025064 Test Loss: 0.1612878
Validation loss decreased (0.431034 --> 0.402506).  Saving model ...
Updating learning rate to 5e-05
	iters: 100, epoch: 3 | loss: 0.2619480
	speed: 1.3417s/iter; left time: 5974.5580s
	iters: 200, epoch: 3 | loss: 0.7512591
	speed: 0.0710s/iter; left time: 308.9163s
	iters: 300, epoch: 3 | loss: 0.3762956
	speed: 0.0675s/iter; left time: 287.0914s
	iters: 400, epoch: 3 | loss: 0.3355057
	speed: 0.0687s/iter; left time: 285.2761s
	iters: 500, epoch: 3 | loss: 0.8622346
	speed: 0.0696s/iter; left time: 282.1334s
Max Memory (MB): 175.9560546875
Epoch: 3 cost time: 41.07952833175659
Epoch: 3, Steps: 569 | Train Loss: 0.4164660 Vali Loss: 0.3950238 Test Loss: 0.1600619
Validation loss decreased (0.402506 --> 0.395024).  Saving model ...
Updating learning rate to 2.5e-05
	iters: 100, epoch: 4 | loss: 0.3851915
	speed: 1.4292s/iter; left time: 5551.1517s
	iters: 200, epoch: 4 | loss: 0.8399006
	speed: 0.0774s/iter; left time: 292.7689s
	iters: 300, epoch: 4 | loss: 0.3220716
	speed: 0.0693s/iter; left time: 255.2256s
	iters: 400, epoch: 4 | loss: 0.5862498
	speed: 0.0739s/iter; left time: 265.0057s
	iters: 500, epoch: 4 | loss: 0.4133240
	speed: 0.0841s/iter; left time: 292.9971s
Max Memory (MB): 175.9560546875
Epoch: 4 cost time: 44.908169746398926
Epoch: 4, Steps: 569 | Train Loss: 0.4102954 Vali Loss: 0.3922279 Test Loss: 0.1592903
Validation loss decreased (0.395024 --> 0.392228).  Saving model ...
Updating learning rate to 1.25e-05
	iters: 100, epoch: 5 | loss: 0.3225206
	speed: 1.5411s/iter; left time: 5108.7779s
	iters: 200, epoch: 5 | loss: 0.3091796
	speed: 0.0866s/iter; left time: 278.4763s
	iters: 300, epoch: 5 | loss: 0.3258899
	speed: 0.0776s/iter; left time: 241.7127s
	iters: 400, epoch: 5 | loss: 0.3455051
	speed: 0.0718s/iter; left time: 216.5793s
	iters: 500, epoch: 5 | loss: 0.9323313
	speed: 0.0728s/iter; left time: 212.0905s
Max Memory (MB): 175.9560546875
Epoch: 5 cost time: 46.20774531364441
Epoch: 5, Steps: 569 | Train Loss: 0.4076561 Vali Loss: 0.3877214 Test Loss: 0.1585749
Validation loss decreased (0.392228 --> 0.387721).  Saving model ...
Updating learning rate to 6.25e-06
	iters: 100, epoch: 6 | loss: 0.8628997
	speed: 1.3939s/iter; left time: 3827.6248s
	iters: 200, epoch: 6 | loss: 0.3444957
	speed: 0.0668s/iter; left time: 176.7127s
	iters: 300, epoch: 6 | loss: 0.3592339
	speed: 0.0705s/iter; left time: 179.4432s
	iters: 400, epoch: 6 | loss: 0.4133784
	speed: 0.0665s/iter; left time: 162.5687s
	iters: 500, epoch: 6 | loss: 0.2944572
	speed: 0.0603s/iter; left time: 141.5342s
Max Memory (MB): 175.9560546875
Epoch: 6 cost time: 39.71641278266907
Epoch: 6, Steps: 569 | Train Loss: 0.4057727 Vali Loss: 0.3892837 Test Loss: 0.1586044
EarlyStopping counter: 1 out of 3
Updating learning rate to 3.125e-06
	iters: 100, epoch: 7 | loss: 0.4423819
	speed: 1.3373s/iter; left time: 2911.3964s
	iters: 200, epoch: 7 | loss: 0.6924518
	speed: 0.0739s/iter; left time: 153.4923s
	iters: 300, epoch: 7 | loss: 0.3119420
	speed: 0.0772s/iter; left time: 152.7170s
	iters: 400, epoch: 7 | loss: 0.2560467
	speed: 0.0780s/iter; left time: 146.4011s
	iters: 500, epoch: 7 | loss: 0.3572094
	speed: 0.0771s/iter; left time: 136.9284s
Max Memory (MB): 175.9560546875
Epoch: 7 cost time: 45.02892708778381
Epoch: 7, Steps: 569 | Train Loss: 0.4054982 Vali Loss: 0.3887271 Test Loss: 0.1585831
EarlyStopping counter: 2 out of 3
Updating learning rate to 1.5625e-06
	iters: 100, epoch: 8 | loss: 0.7680877
	speed: 1.5181s/iter; left time: 2441.0810s
	iters: 200, epoch: 8 | loss: 1.1476856
	speed: 0.0632s/iter; left time: 95.3632s
	iters: 300, epoch: 8 | loss: 0.8984044
	speed: 0.0633s/iter; left time: 89.1826s
	iters: 400, epoch: 8 | loss: 0.3806672
	speed: 0.0620s/iter; left time: 81.1187s
	iters: 500, epoch: 8 | loss: 0.8806280
	speed: 0.0673s/iter; left time: 81.3452s
Max Memory (MB): 175.9560546875
Epoch: 8 cost time: 37.91355633735657
Epoch: 8, Steps: 569 | Train Loss: 0.4048864 Vali Loss: 0.3897950 Test Loss: 0.1584663
EarlyStopping counter: 3 out of 3
Early stopping
>>>>>>>testing : weather_336_96_iTransformer_custom_M_ft336_sl48_ll96_pl128_dm8_nh3_el1_dl128_df1_fctimeF_ebTrue_dtExp_projection_0<<<<<<<<<<<<<<<<<<<<<<<<<<<<<<<<<
test 10444
test shape: (10444, 1, 96, 21) (10444, 1, 96, 21)
test shape: (10444, 96, 21) (10444, 96, 21)
mse:0.15857477486133575, mae:0.2089765965938568
