Args in experiment:
Namespace(is_training=1, model_id='weather_720_192', model='iTransformer', data='custom', root_path='./dataset/', data_path='weather.csv', features='M', target='OT', freq='h', checkpoints='./checkpoints/', seq_len=720, label_len=48, pred_len=192, enc_in=21, dec_in=21, c_out=21, d_model=128, n_heads=8, e_layers=3, d_layers=1, d_ff=128, moving_avg=25, factor=1, distil=True, dropout=0.1, embed='timeF', activation='gelu', output_attention=False, do_predict=False, num_workers=10, itr=1, train_epochs=10, batch_size=64, patience=3, learning_rate=0.0001, des='Exp', loss='MSE', lradj='type1', use_amp=False, use_gpu=True, gpu=0, use_multi_gpu=False, devices='0,1,2,3', exp_name='MTSF', channel_independence=False, inverse=False, class_strategy='projection', target_root_path='./data/electricity/', target_data_path='electricity.csv', efficient_training=False, use_norm=True, partial_start_index=0)
Use GPU: cuda:0
[INFO] Register count_linear() for <class 'torch.nn.modules.linear.Linear'>.
[INFO] Register zero_ops() for <class 'torch.nn.modules.dropout.Dropout'>.
[INFO] Register count_convNd() for <class 'torch.nn.modules.conv.Conv1d'>.
[INFO] Register count_normalization() for <class 'torch.nn.modules.normalization.LayerNorm'>.
MACs: 11211264.0
Params: 416064.0
11.21M MACs
>>>>>>>start training : weather_720_192_iTransformer_custom_M_ft720_sl48_ll192_pl128_dm8_nh3_el1_dl128_df1_fctimeF_ebTrue_dtExp_projection_0>>>>>>>>>>>>>>>>>>>>>>>>>>
train 35976
val 5079
test 10348
	iters: 100, epoch: 1 | loss: 0.4713242
	speed: 0.0804s/iter; left time: 443.8057s
	iters: 200, epoch: 1 | loss: 0.4584457
	speed: 0.0469s/iter; left time: 254.0487s
	iters: 300, epoch: 1 | loss: 0.6671389
	speed: 0.0472s/iter; left time: 250.9366s
	iters: 400, epoch: 1 | loss: 0.4412649
	speed: 0.0460s/iter; left time: 239.9155s
	iters: 500, epoch: 1 | loss: 0.4480192
	speed: 0.0620s/iter; left time: 317.4349s
Max Memory (MB): 184.5244140625
Epoch: 1 cost time: 32.04089665412903
Epoch: 1, Steps: 562 | Train Loss: 0.5419742 Vali Loss: 0.4680423 Test Loss: 0.2097194
Validation loss decreased (inf --> 0.468042).  Saving model ...
Updating learning rate to 0.0001
	iters: 100, epoch: 2 | loss: 0.6249606
	speed: 1.6199s/iter; left time: 8033.2965s
	iters: 200, epoch: 2 | loss: 0.3669414
	speed: 0.0476s/iter; left time: 231.5029s
	iters: 300, epoch: 2 | loss: 0.4078093
	speed: 0.0493s/iter; left time: 234.7477s
	iters: 400, epoch: 2 | loss: 0.3530146
	speed: 0.0490s/iter; left time: 228.1313s
	iters: 500, epoch: 2 | loss: 0.3634765
	speed: 0.0452s/iter; left time: 206.0266s
Max Memory (MB): 184.5244140625
Epoch: 2 cost time: 28.10761833190918
Epoch: 2, Steps: 562 | Train Loss: 0.4677288 Vali Loss: 0.4497277 Test Loss: 0.2028601
Validation loss decreased (0.468042 --> 0.449728).  Saving model ...
Updating learning rate to 5e-05
	iters: 100, epoch: 3 | loss: 0.3663324
	speed: 1.6284s/iter; left time: 7159.9180s
	iters: 200, epoch: 3 | loss: 0.6824642
	speed: 0.0466s/iter; left time: 200.0502s
	iters: 300, epoch: 3 | loss: 0.3086880
	speed: 0.0523s/iter; left time: 219.5600s
	iters: 400, epoch: 3 | loss: 0.4092560
	speed: 0.0470s/iter; left time: 192.6837s
	iters: 500, epoch: 3 | loss: 0.3776804
	speed: 0.0550s/iter; left time: 219.9021s
Max Memory (MB): 184.5244140625
Epoch: 3 cost time: 30.191507577896118
Epoch: 3, Steps: 562 | Train Loss: 0.4531461 Vali Loss: 0.4499044 Test Loss: 0.2031715
EarlyStopping counter: 1 out of 3
Updating learning rate to 2.5e-05
	iters: 100, epoch: 4 | loss: 0.3310388
	speed: 1.1952s/iter; left time: 4583.4356s
	iters: 200, epoch: 4 | loss: 0.5966241
	speed: 0.0418s/iter; left time: 156.0610s
	iters: 300, epoch: 4 | loss: 0.2875685
	speed: 0.0488s/iter; left time: 177.2391s
	iters: 400, epoch: 4 | loss: 0.3543741
	speed: 0.0518s/iter; left time: 183.2750s
	iters: 500, epoch: 4 | loss: 0.3966845
	speed: 0.0472s/iter; left time: 162.2314s
Max Memory (MB): 184.5244140625
Epoch: 4 cost time: 28.771829843521118
Epoch: 4, Steps: 562 | Train Loss: 0.4465370 Vali Loss: 0.4508891 Test Loss: 0.2029146
EarlyStopping counter: 2 out of 3
Updating learning rate to 1.25e-05
	iters: 100, epoch: 5 | loss: 0.6654833
	speed: 1.5950s/iter; left time: 5220.3176s
	iters: 200, epoch: 5 | loss: 0.4137226
	speed: 0.0492s/iter; left time: 156.1019s
	iters: 300, epoch: 5 | loss: 0.3401822
	speed: 0.0478s/iter; left time: 146.9383s
	iters: 400, epoch: 5 | loss: 0.3564847
	speed: 0.0415s/iter; left time: 123.2443s
	iters: 500, epoch: 5 | loss: 0.3638921
	speed: 0.0400s/iter; left time: 114.9410s
Max Memory (MB): 184.5244140625
Epoch: 5 cost time: 26.78877854347229
Epoch: 5, Steps: 562 | Train Loss: 0.4429131 Vali Loss: 0.4509244 Test Loss: 0.2042518
EarlyStopping counter: 3 out of 3
Early stopping
>>>>>>>testing : weather_720_192_iTransformer_custom_M_ft720_sl48_ll192_pl128_dm8_nh3_el1_dl128_df1_fctimeF_ebTrue_dtExp_projection_0<<<<<<<<<<<<<<<<<<<<<<<<<<<<<<<<<
test 10348
test shape: (10348, 1, 192, 21) (10348, 1, 192, 21)
test shape: (10348, 192, 21) (10348, 192, 21)
mse:0.20285992324352264, mae:0.25173476338386536
