Args in experiment:
Namespace(is_training=1, model_id='Electricity_96_336', model='LightTimeBaseTST', data='custom', root_path='./dataset/', data_path='electricity.csv', features='M', target='OT', freq='h', checkpoints='./checkpoints/', seq_len=96, label_len=48, pred_len=336, period_len=24, basis_num=40, use_period_norm=1, use_orthogonal=1, orthogonal_weight=0.004, fc_dropout=0.05, head_dropout=0.0, patch_len=16, stride=8, padding_patch='end', revin=1, affine=0, subtract_last=0, decomposition=0, kernel_size=7, individual=1, embed_type=0, enc_in=321, dec_in=7, c_out=7, d_model=512, n_heads=8, e_layers=2, d_layers=1, d_ff=2048, moving_avg=25, factor=1, distil=True, dropout=0.05, embed='learned', activation='gelu', output_attention=False, do_predict=False, num_workers=10, itr=1, train_epochs=30, batch_size=256, patience=5, learning_rate=0.1, des='test', loss='mse', lradj='type3', pct_start=0.3, use_amp=False, use_gpu=True, gpu=6, use_multi_gpu=0, devices='0,1', test_flop=False)
Use GPU: cuda:6
248454
>>>>>>>start training : Electricity_96_336_LightTimeBaseTST_custom_ftM_sl96_pl336_test_0_seed2023>>>>>>>>>>>>>>>>>>>>>>>>>>
train 17981
val 2297
test 4925
Epoch: 1 cost time: 60.79554581642151
Epoch: 1, Steps: 71 | Train Loss: 0.2293770 Vali Loss: 0.1939744 Test Loss: 0.2205466
Validation loss decreased (inf --> 0.193974).  Saving model ...
Updating learning rate to 0.1
Epoch: 2 cost time: 61.57867455482483
Epoch: 2, Steps: 71 | Train Loss: 0.2335306 Vali Loss: 0.2021373 Test Loss: 0.2296921
EarlyStopping counter: 1 out of 5
Updating learning rate to 0.1
Epoch: 3 cost time: 60.214690923690796
Epoch: 3, Steps: 71 | Train Loss: 0.2275684 Vali Loss: 0.1949309 Test Loss: 0.2224522
EarlyStopping counter: 2 out of 5
Updating learning rate to 0.1
Epoch: 4 cost time: 59.54275703430176
Epoch: 4, Steps: 71 | Train Loss: 0.2241205 Vali Loss: 0.1944472 Test Loss: 0.2213672
EarlyStopping counter: 3 out of 5
Updating learning rate to 0.08000000000000002
Epoch: 5 cost time: 59.401448488235474
Epoch: 5, Steps: 71 | Train Loss: 0.2234254 Vali Loss: 0.1950791 Test Loss: 0.2207986
EarlyStopping counter: 4 out of 5
Updating learning rate to 0.06400000000000002
Epoch: 6 cost time: 59.068554401397705
Epoch: 6, Steps: 71 | Train Loss: 0.2230033 Vali Loss: 0.1944346 Test Loss: 0.2202219
EarlyStopping counter: 5 out of 5
Early stopping
>>>>>>>testing : Electricity_96_336_LightTimeBaseTST_custom_ftM_sl96_pl336_test_0_seed2023<<<<<<<<<<<<<<<<<<<<<<<<<<<<<<<<<
test 4925
mse:0.21620751917362213, mae:0.2908245921134949, rse:0.46278226375579834
