Args in experiment:
Namespace(is_training=1, model_id='ETTh2_96_192', model='LightTimeBaseTST', data='ETTh2', root_path='./dataset/', data_path='ETTh2.csv', features='M', target='OT', freq='h', checkpoints='./checkpoints/', seq_len=96, label_len=48, pred_len=192, period_len=24, basis_num=6, use_period_norm=0, use_orthogonal=1, orthogonal_weight=0.08, fc_dropout=0.05, head_dropout=0.0, patch_len=16, stride=8, padding_patch='end', revin=1, affine=0, subtract_last=0, decomposition=0, kernel_size=7, individual=0, embed_type=0, enc_in=7, dec_in=7, c_out=7, d_model=512, n_heads=8, e_layers=2, d_layers=1, d_ff=2048, moving_avg=25, factor=1, distil=True, dropout=0.05, embed='learned', activation='gelu', output_attention=False, do_predict=False, num_workers=10, itr=1, train_epochs=30, batch_size=512, patience=5, learning_rate=0.05, des='test', loss='mse', lradj='type3', pct_start=0.3, use_amp=False, use_gpu=True, gpu=1, use_multi_gpu=0, devices='0,1', test_flop=False)
Use GPU: cuda:1
86
>>>>>>>start training : ETTh2_96_192_LightTimeBaseTST_ETTh2_ftM_sl96_pl192_test_0_seed2023>>>>>>>>>>>>>>>>>>>>>>>>>>
train 8353
val 2689
test 2689
Epoch: 1 cost time: 1.8721914291381836
Epoch: 1, Steps: 17 | Train Loss: 0.7345223 Vali Loss: 0.4101278 Test Loss: 0.5798841
Validation loss decreased (inf --> 0.410128).  Saving model ...
Updating learning rate to 0.05
Epoch: 2 cost time: 0.9690961837768555
Epoch: 2, Steps: 17 | Train Loss: 0.6505031 Vali Loss: 0.3639796 Test Loss: 0.5488495
Validation loss decreased (0.410128 --> 0.363980).  Saving model ...
Updating learning rate to 0.05
Epoch: 3 cost time: 0.9293336868286133
Epoch: 3, Steps: 17 | Train Loss: 0.6931444 Vali Loss: 0.4277918 Test Loss: 0.6011515
EarlyStopping counter: 1 out of 5
Updating learning rate to 0.05
Epoch: 4 cost time: 0.833172082901001
Epoch: 4, Steps: 17 | Train Loss: 0.6491151 Vali Loss: 0.3114982 Test Loss: 0.4829454
Validation loss decreased (0.363980 --> 0.311498).  Saving model ...
Updating learning rate to 0.04000000000000001
Epoch: 5 cost time: 0.9644241333007812
Epoch: 5, Steps: 17 | Train Loss: 0.5902865 Vali Loss: 0.3107063 Test Loss: 0.4711015
Validation loss decreased (0.311498 --> 0.310706).  Saving model ...
Updating learning rate to 0.03200000000000001
Epoch: 6 cost time: 0.8758683204650879
Epoch: 6, Steps: 17 | Train Loss: 0.5885044 Vali Loss: 0.2942121 Test Loss: 0.4613778
Validation loss decreased (0.310706 --> 0.294212).  Saving model ...
Updating learning rate to 0.025600000000000008
Epoch: 7 cost time: 0.9085292816162109
Epoch: 7, Steps: 17 | Train Loss: 0.5827657 Vali Loss: 0.2858937 Test Loss: 0.4547777
Validation loss decreased (0.294212 --> 0.285894).  Saving model ...
Updating learning rate to 0.020480000000000005
Epoch: 8 cost time: 0.956045389175415
Epoch: 8, Steps: 17 | Train Loss: 0.5697957 Vali Loss: 0.2880541 Test Loss: 0.4523829
EarlyStopping counter: 1 out of 5
Updating learning rate to 0.016384000000000006
Epoch: 9 cost time: 1.040132999420166
Epoch: 9, Steps: 17 | Train Loss: 0.5681643 Vali Loss: 0.2892856 Test Loss: 0.4503154
EarlyStopping counter: 2 out of 5
Updating learning rate to 0.013107200000000006
Epoch: 10 cost time: 1.120166540145874
Epoch: 10, Steps: 17 | Train Loss: 0.5669356 Vali Loss: 0.2842239 Test Loss: 0.4493458
Validation loss decreased (0.285894 --> 0.284224).  Saving model ...
Updating learning rate to 0.010485760000000004
Epoch: 11 cost time: 1.0763638019561768
Epoch: 11, Steps: 17 | Train Loss: 0.5646732 Vali Loss: 0.2911820 Test Loss: 0.4495635
EarlyStopping counter: 1 out of 5
Updating learning rate to 0.008388608000000004
Epoch: 12 cost time: 1.197655439376831
Epoch: 12, Steps: 17 | Train Loss: 0.5615886 Vali Loss: 0.2842565 Test Loss: 0.4498575
EarlyStopping counter: 2 out of 5
Updating learning rate to 0.006710886400000004
Epoch: 13 cost time: 1.0467288494110107
Epoch: 13, Steps: 17 | Train Loss: 0.5640983 Vali Loss: 0.2860110 Test Loss: 0.4499570
EarlyStopping counter: 3 out of 5
Updating learning rate to 0.005368709120000003
Epoch: 14 cost time: 1.1574819087982178
Epoch: 14, Steps: 17 | Train Loss: 0.5722182 Vali Loss: 0.2818424 Test Loss: 0.4497704
Validation loss decreased (0.284224 --> 0.281842).  Saving model ...
Updating learning rate to 0.0042949672960000025
Epoch: 15 cost time: 1.010075569152832
Epoch: 15, Steps: 17 | Train Loss: 0.5673468 Vali Loss: 0.2832755 Test Loss: 0.4495087
EarlyStopping counter: 1 out of 5
Updating learning rate to 0.0034359738368000023
Epoch: 16 cost time: 1.1256811618804932
Epoch: 16, Steps: 17 | Train Loss: 0.5645371 Vali Loss: 0.2874248 Test Loss: 0.4492832
EarlyStopping counter: 2 out of 5
Updating learning rate to 0.002748779069440002
Epoch: 17 cost time: 1.0554819107055664
Epoch: 17, Steps: 17 | Train Loss: 0.5661161 Vali Loss: 0.2843695 Test Loss: 0.4492588
EarlyStopping counter: 3 out of 5
Updating learning rate to 0.002199023255552002
Epoch: 18 cost time: 1.1495230197906494
Epoch: 18, Steps: 17 | Train Loss: 0.5614023 Vali Loss: 0.2882415 Test Loss: 0.4494990
EarlyStopping counter: 4 out of 5
Updating learning rate to 0.0017592186044416017
Epoch: 19 cost time: 1.1287646293640137
Epoch: 19, Steps: 17 | Train Loss: 0.5655293 Vali Loss: 0.2839776 Test Loss: 0.4496941
EarlyStopping counter: 5 out of 5
Early stopping
>>>>>>>testing : ETTh2_96_192_LightTimeBaseTST_ETTh2_ftM_sl96_pl192_test_0_seed2023<<<<<<<<<<<<<<<<<<<<<<<<<<<<<<<<<
test 2689
mse:0.39342719316482544, mae:0.40061235427856445, rse:0.503005862236023
