Args in experiment:
Namespace(is_training=1, model_id='ETTh1_96_192', model='LightTimeBaseTST', data='ETTh1', root_path='./dataset/', data_path='ETTh1.csv', features='M', target='OT', freq='h', checkpoints='./checkpoints/', seq_len=96, label_len=48, pred_len=192, period_len=24, basis_num=6, use_period_norm=0, use_orthogonal=1, orthogonal_weight=0.16, fc_dropout=0.05, head_dropout=0.0, patch_len=16, stride=8, padding_patch='end', revin=1, affine=0, subtract_last=0, decomposition=0, kernel_size=7, individual=0, embed_type=0, enc_in=7, dec_in=7, c_out=7, d_model=512, n_heads=8, e_layers=2, d_layers=1, d_ff=2048, moving_avg=25, factor=1, distil=True, dropout=0.05, embed='learned', activation='gelu', output_attention=False, do_predict=False, num_workers=10, itr=1, train_epochs=30, batch_size=512, patience=5, learning_rate=0.05, des='test', loss='mse', lradj='type3', pct_start=0.3, use_amp=False, use_gpu=True, gpu=6, use_multi_gpu=0, devices='0,1', test_flop=False)
Use GPU: cuda:6
86
>>>>>>>start training : ETTh1_96_192_LightTimeBaseTST_ETTh1_ftM_sl96_pl192_test_0_seed2023>>>>>>>>>>>>>>>>>>>>>>>>>>
train 8353
val 2689
test 2689
Epoch: 1 cost time: 1.8161866664886475
Epoch: 1, Steps: 17 | Train Loss: 0.7306930 Vali Loss: 1.5331583 Test Loss: 0.8394400
Validation loss decreased (inf --> 1.533158).  Saving model ...
Updating learning rate to 0.05
Epoch: 2 cost time: 0.8833632469177246
Epoch: 2, Steps: 17 | Train Loss: 0.6515239 Vali Loss: 1.4768386 Test Loss: 0.7857468
Validation loss decreased (1.533158 --> 1.476839).  Saving model ...
Updating learning rate to 0.05
Epoch: 3 cost time: 1.1173830032348633
Epoch: 3, Steps: 17 | Train Loss: 0.6154543 Vali Loss: 1.4258752 Test Loss: 0.7075631
Validation loss decreased (1.476839 --> 1.425875).  Saving model ...
Updating learning rate to 0.05
Epoch: 4 cost time: 0.8816821575164795
Epoch: 4, Steps: 17 | Train Loss: 0.6142833 Vali Loss: 1.2267127 Test Loss: 0.5666823
Validation loss decreased (1.425875 --> 1.226713).  Saving model ...
Updating learning rate to 0.04000000000000001
Epoch: 5 cost time: 0.8664531707763672
Epoch: 5, Steps: 17 | Train Loss: 0.4963343 Vali Loss: 1.1340851 Test Loss: 0.5066893
Validation loss decreased (1.226713 --> 1.134085).  Saving model ...
Updating learning rate to 0.03200000000000001
Epoch: 6 cost time: 0.97635817527771
Epoch: 6, Steps: 17 | Train Loss: 0.4865212 Vali Loss: 1.1635163 Test Loss: 0.4805359
EarlyStopping counter: 1 out of 5
Updating learning rate to 0.025600000000000008
Epoch: 7 cost time: 0.9242582321166992
Epoch: 7, Steps: 17 | Train Loss: 0.4497214 Vali Loss: 1.0503428 Test Loss: 0.4485308
Validation loss decreased (1.134085 --> 1.050343).  Saving model ...
Updating learning rate to 0.020480000000000005
Epoch: 8 cost time: 0.9982304573059082
Epoch: 8, Steps: 17 | Train Loss: 0.4372083 Vali Loss: 1.0759163 Test Loss: 0.4390658
EarlyStopping counter: 1 out of 5
Updating learning rate to 0.016384000000000006
Epoch: 9 cost time: 0.9561641216278076
Epoch: 9, Steps: 17 | Train Loss: 0.4346942 Vali Loss: 1.0538535 Test Loss: 0.4372639
EarlyStopping counter: 2 out of 5
Updating learning rate to 0.013107200000000006
Epoch: 10 cost time: 1.0479192733764648
Epoch: 10, Steps: 17 | Train Loss: 0.4342729 Vali Loss: 1.0487677 Test Loss: 0.4378963
Validation loss decreased (1.050343 --> 1.048768).  Saving model ...
Updating learning rate to 0.010485760000000004
Epoch: 11 cost time: 0.9518527984619141
Epoch: 11, Steps: 17 | Train Loss: 0.4353714 Vali Loss: 1.0432174 Test Loss: 0.4361172
Validation loss decreased (1.048768 --> 1.043217).  Saving model ...
Updating learning rate to 0.008388608000000004
Epoch: 12 cost time: 0.9367368221282959
Epoch: 12, Steps: 17 | Train Loss: 0.4341138 Vali Loss: 1.0434151 Test Loss: 0.4374354
EarlyStopping counter: 1 out of 5
Updating learning rate to 0.006710886400000004
Epoch: 13 cost time: 0.9975244998931885
Epoch: 13, Steps: 17 | Train Loss: 0.4330552 Vali Loss: 1.0469515 Test Loss: 0.4364872
EarlyStopping counter: 2 out of 5
Updating learning rate to 0.005368709120000003
Epoch: 14 cost time: 0.855104923248291
Epoch: 14, Steps: 17 | Train Loss: 0.4336381 Vali Loss: 1.0436901 Test Loss: 0.4361337
EarlyStopping counter: 3 out of 5
Updating learning rate to 0.0042949672960000025
Epoch: 15 cost time: 0.8446452617645264
Epoch: 15, Steps: 17 | Train Loss: 0.4322552 Vali Loss: 1.0391661 Test Loss: 0.4365533
Validation loss decreased (1.043217 --> 1.039166).  Saving model ...
Updating learning rate to 0.0034359738368000023
Epoch: 16 cost time: 0.9030294418334961
Epoch: 16, Steps: 17 | Train Loss: 0.4328648 Vali Loss: 1.0491390 Test Loss: 0.4367017
EarlyStopping counter: 1 out of 5
Updating learning rate to 0.002748779069440002
Epoch: 17 cost time: 0.9811265468597412
Epoch: 17, Steps: 17 | Train Loss: 0.4336736 Vali Loss: 1.0420996 Test Loss: 0.4368423
EarlyStopping counter: 2 out of 5
Updating learning rate to 0.002199023255552002
Epoch: 18 cost time: 0.8690786361694336
Epoch: 18, Steps: 17 | Train Loss: 0.4341956 Vali Loss: 1.0414826 Test Loss: 0.4366226
EarlyStopping counter: 3 out of 5
Updating learning rate to 0.0017592186044416017
Epoch: 19 cost time: 0.9629905223846436
Epoch: 19, Steps: 17 | Train Loss: 0.4342717 Vali Loss: 1.0425645 Test Loss: 0.4365352
EarlyStopping counter: 4 out of 5
Updating learning rate to 0.0014073748835532812
Epoch: 20 cost time: 0.9526019096374512
Epoch: 20, Steps: 17 | Train Loss: 0.4330620 Vali Loss: 1.0437877 Test Loss: 0.4364997
EarlyStopping counter: 5 out of 5
Early stopping
>>>>>>>testing : ETTh1_96_192_LightTimeBaseTST_ETTh1_ftM_sl96_pl192_test_0_seed2023<<<<<<<<<<<<<<<<<<<<<<<<<<<<<<<<<
test 2689
mse:0.42873693323135376, mae:0.4160296401977539, rse:0.6246968507766724
