Args in experiment:
Namespace(is_training=1, model_id='ETTh2_96_336', model='LightTimeBaseTST', data='ETTh2', root_path='./dataset/', data_path='ETTh2.csv', features='M', target='OT', freq='h', checkpoints='./checkpoints/', seq_len=96, label_len=48, pred_len=336, period_len=24, basis_num=6, use_period_norm=0, use_orthogonal=1, orthogonal_weight=0.12, fc_dropout=0.05, head_dropout=0.0, patch_len=16, stride=8, padding_patch='end', revin=1, affine=0, subtract_last=0, decomposition=0, kernel_size=7, individual=0, embed_type=0, enc_in=7, dec_in=7, c_out=7, d_model=512, n_heads=8, e_layers=2, d_layers=1, d_ff=2048, moving_avg=25, factor=1, distil=True, dropout=0.05, embed='learned', activation='gelu', output_attention=False, do_predict=False, num_workers=10, itr=1, train_epochs=30, batch_size=512, patience=5, learning_rate=0.05, des='test', loss='mse', lradj='type3', pct_start=0.3, use_amp=False, use_gpu=True, gpu=1, use_multi_gpu=0, devices='0,1', test_flop=False)
Use GPU: cuda:1
128
>>>>>>>start training : ETTh2_96_336_LightTimeBaseTST_ETTh2_ftM_sl96_pl336_test_0_seed2023>>>>>>>>>>>>>>>>>>>>>>>>>>
train 8209
val 2545
test 2545
Epoch: 1 cost time: 1.7157108783721924
Epoch: 1, Steps: 17 | Train Loss: 0.7787934 Vali Loss: 0.4633385 Test Loss: 0.5159949
Validation loss decreased (inf --> 0.463338).  Saving model ...
Updating learning rate to 0.05
Epoch: 2 cost time: 0.9111080169677734
Epoch: 2, Steps: 17 | Train Loss: 0.7287624 Vali Loss: 0.4461435 Test Loss: 0.4957633
Validation loss decreased (0.463338 --> 0.446143).  Saving model ...
Updating learning rate to 0.05
Epoch: 3 cost time: 0.9382603168487549
Epoch: 3, Steps: 17 | Train Loss: 0.7881277 Vali Loss: 0.4759337 Test Loss: 0.5415226
EarlyStopping counter: 1 out of 5
Updating learning rate to 0.05
Epoch: 4 cost time: 1.0478971004486084
Epoch: 4, Steps: 17 | Train Loss: 0.7329129 Vali Loss: 0.4096727 Test Loss: 0.4635219
Validation loss decreased (0.446143 --> 0.409673).  Saving model ...
Updating learning rate to 0.04000000000000001
Epoch: 5 cost time: 0.8235113620758057
Epoch: 5, Steps: 17 | Train Loss: 0.6774792 Vali Loss: 0.3959052 Test Loss: 0.4478679
Validation loss decreased (0.409673 --> 0.395905).  Saving model ...
Updating learning rate to 0.03200000000000001
Epoch: 6 cost time: 0.8424246311187744
Epoch: 6, Steps: 17 | Train Loss: 0.6800815 Vali Loss: 0.3811073 Test Loss: 0.4383226
Validation loss decreased (0.395905 --> 0.381107).  Saving model ...
Updating learning rate to 0.025600000000000008
Epoch: 7 cost time: 0.881065845489502
Epoch: 7, Steps: 17 | Train Loss: 0.6954494 Vali Loss: 0.3799734 Test Loss: 0.4349195
Validation loss decreased (0.381107 --> 0.379973).  Saving model ...
Updating learning rate to 0.020480000000000005
Epoch: 8 cost time: 1.0214622020721436
Epoch: 8, Steps: 17 | Train Loss: 0.6702213 Vali Loss: 0.3871373 Test Loss: 0.4376057
EarlyStopping counter: 1 out of 5
Updating learning rate to 0.016384000000000006
Epoch: 9 cost time: 0.996445894241333
Epoch: 9, Steps: 17 | Train Loss: 0.6925410 Vali Loss: 0.3831952 Test Loss: 0.4341846
EarlyStopping counter: 2 out of 5
Updating learning rate to 0.013107200000000006
Epoch: 10 cost time: 1.1193959712982178
Epoch: 10, Steps: 17 | Train Loss: 0.6775984 Vali Loss: 0.3806851 Test Loss: 0.4328485
EarlyStopping counter: 3 out of 5
Updating learning rate to 0.010485760000000004
Epoch: 11 cost time: 1.0482873916625977
Epoch: 11, Steps: 17 | Train Loss: 0.6771450 Vali Loss: 0.3756714 Test Loss: 0.4301199
Validation loss decreased (0.379973 --> 0.375671).  Saving model ...
Updating learning rate to 0.008388608000000004
Epoch: 12 cost time: 1.1597497463226318
Epoch: 12, Steps: 17 | Train Loss: 0.6563575 Vali Loss: 0.3743038 Test Loss: 0.4289881
Validation loss decreased (0.375671 --> 0.374304).  Saving model ...
Updating learning rate to 0.006710886400000004
Epoch: 13 cost time: 1.054636001586914
Epoch: 13, Steps: 17 | Train Loss: 0.6603442 Vali Loss: 0.3758449 Test Loss: 0.4286712
EarlyStopping counter: 1 out of 5
Updating learning rate to 0.005368709120000003
Epoch: 14 cost time: 1.1224720478057861
Epoch: 14, Steps: 17 | Train Loss: 0.6682021 Vali Loss: 0.3737647 Test Loss: 0.4287956
Validation loss decreased (0.374304 --> 0.373765).  Saving model ...
Updating learning rate to 0.0042949672960000025
Epoch: 15 cost time: 1.1251161098480225
Epoch: 15, Steps: 17 | Train Loss: 0.6610004 Vali Loss: 0.3733826 Test Loss: 0.4291390
Validation loss decreased (0.373765 --> 0.373383).  Saving model ...
Updating learning rate to 0.0034359738368000023
Epoch: 16 cost time: 1.1416940689086914
Epoch: 16, Steps: 17 | Train Loss: 0.7075882 Vali Loss: 0.3750131 Test Loss: 0.4284878
EarlyStopping counter: 1 out of 5
Updating learning rate to 0.002748779069440002
Epoch: 17 cost time: 1.2170462608337402
Epoch: 17, Steps: 17 | Train Loss: 0.6916401 Vali Loss: 0.3748043 Test Loss: 0.4280458
EarlyStopping counter: 2 out of 5
Updating learning rate to 0.002199023255552002
Epoch: 18 cost time: 1.1224002838134766
Epoch: 18, Steps: 17 | Train Loss: 0.6771412 Vali Loss: 0.3738294 Test Loss: 0.4279236
EarlyStopping counter: 3 out of 5
Updating learning rate to 0.0017592186044416017
Epoch: 19 cost time: 1.2520921230316162
Epoch: 19, Steps: 17 | Train Loss: 0.6944623 Vali Loss: 0.3736188 Test Loss: 0.4281209
EarlyStopping counter: 4 out of 5
Updating learning rate to 0.0014073748835532812
Epoch: 20 cost time: 1.1403062343597412
Epoch: 20, Steps: 17 | Train Loss: 0.6924215 Vali Loss: 0.3733009 Test Loss: 0.4283299
Validation loss decreased (0.373383 --> 0.373301).  Saving model ...
Updating learning rate to 0.0011258999068426252
Epoch: 21 cost time: 1.1857695579528809
Epoch: 21, Steps: 17 | Train Loss: 0.6662095 Vali Loss: 0.3736873 Test Loss: 0.4281787
EarlyStopping counter: 1 out of 5
Updating learning rate to 0.0009007199254741002
Epoch: 22 cost time: 1.1419425010681152
Epoch: 22, Steps: 17 | Train Loss: 0.6920464 Vali Loss: 0.3739316 Test Loss: 0.4281297
EarlyStopping counter: 2 out of 5
Updating learning rate to 0.0007205759403792802
Epoch: 23 cost time: 1.1730334758758545
Epoch: 23, Steps: 17 | Train Loss: 0.6548220 Vali Loss: 0.3737933 Test Loss: 0.4281552
EarlyStopping counter: 3 out of 5
Updating learning rate to 0.0005764607523034242
Epoch: 24 cost time: 1.129833698272705
Epoch: 24, Steps: 17 | Train Loss: 0.6821206 Vali Loss: 0.3736612 Test Loss: 0.4282196
EarlyStopping counter: 4 out of 5
Updating learning rate to 0.00046116860184273935
Epoch: 25 cost time: 1.228963851928711
Epoch: 25, Steps: 17 | Train Loss: 0.6732364 Vali Loss: 0.3735754 Test Loss: 0.4282235
EarlyStopping counter: 5 out of 5
Early stopping
>>>>>>>testing : ETTh2_96_336_LightTimeBaseTST_ETTh2_ftM_sl96_pl336_test_0_seed2023<<<<<<<<<<<<<<<<<<<<<<<<<<<<<<<<<
test 2545
mse:0.42640432715415955, mae:0.43357959389686584, rse:0.5220959782600403
