Args in experiment:
Namespace(is_training=1, model_id='weather_96_96', model='LightTimeBaseTST', data='custom', root_path='./dataset/', data_path='weather.csv', features='M', target='OT', freq='h', checkpoints='./checkpoints/', seq_len=96, label_len=48, pred_len=96, period_len=4, basis_num=6, use_period_norm=1, use_orthogonal=1, orthogonal_weight=0.04, fc_dropout=0.05, head_dropout=0.0, patch_len=16, stride=8, padding_patch='end', revin=1, affine=0, subtract_last=0, decomposition=0, kernel_size=7, individual=1, embed_type=0, enc_in=21, dec_in=7, c_out=7, d_model=512, n_heads=8, e_layers=2, d_layers=1, d_ff=2048, moving_avg=25, factor=1, distil=True, dropout=0.05, embed='learned', activation='gelu', output_attention=False, do_predict=False, num_workers=10, itr=1, train_epochs=30, batch_size=512, patience=5, learning_rate=0.05, des='test', loss='mse', lradj='type3', pct_start=0.3, use_amp=False, use_gpu=True, gpu=0, use_multi_gpu=0, devices='0,1', test_flop=False)
Use GPU: cuda:0
6678
>>>>>>>start training : weather_96_96_LightTimeBaseTST_custom_ftM_sl96_pl96_test_0_seed2023>>>>>>>>>>>>>>>>>>>>>>>>>>
train 36696
val 5175
test 10444
Epoch: 1 cost time: 3.930619478225708
Epoch: 1, Steps: 72 | Train Loss: 0.6950362 Vali Loss: 0.5919167 Test Loss: 0.2109940
Validation loss decreased (inf --> 0.591917).  Saving model ...
Updating learning rate to 0.05
Epoch: 2 cost time: 3.442878484725952
Epoch: 2, Steps: 72 | Train Loss: 0.5070787 Vali Loss: 0.4441094 Test Loss: 0.1736315
Validation loss decreased (0.591917 --> 0.444109).  Saving model ...
Updating learning rate to 0.05
Epoch: 3 cost time: 3.217669725418091
Epoch: 3, Steps: 72 | Train Loss: 0.4780602 Vali Loss: 0.4470710 Test Loss: 0.1666370
EarlyStopping counter: 1 out of 5
Updating learning rate to 0.05
Epoch: 4 cost time: 3.400567054748535
Epoch: 4, Steps: 72 | Train Loss: 0.4705505 Vali Loss: 0.4562236 Test Loss: 0.1689950
EarlyStopping counter: 2 out of 5
Updating learning rate to 0.04000000000000001
Epoch: 5 cost time: 3.307845115661621
Epoch: 5, Steps: 72 | Train Loss: 0.4688597 Vali Loss: 0.4670155 Test Loss: 0.1675908
EarlyStopping counter: 3 out of 5
Updating learning rate to 0.03200000000000001
Epoch: 6 cost time: 3.4262962341308594
Epoch: 6, Steps: 72 | Train Loss: 0.4673003 Vali Loss: 0.4474579 Test Loss: 0.1690626
EarlyStopping counter: 4 out of 5
Updating learning rate to 0.025600000000000008
Epoch: 7 cost time: 3.4512484073638916
Epoch: 7, Steps: 72 | Train Loss: 0.4652061 Vali Loss: 0.4397434 Test Loss: 0.1666213
Validation loss decreased (0.444109 --> 0.439743).  Saving model ...
Updating learning rate to 0.020480000000000005
Epoch: 8 cost time: 3.323321580886841
Epoch: 8, Steps: 72 | Train Loss: 0.4652977 Vali Loss: 0.4322391 Test Loss: 0.1676178
Validation loss decreased (0.439743 --> 0.432239).  Saving model ...
Updating learning rate to 0.016384000000000006
Epoch: 9 cost time: 3.1281697750091553
Epoch: 9, Steps: 72 | Train Loss: 0.4632881 Vali Loss: 0.4269808 Test Loss: 0.1661225
Validation loss decreased (0.432239 --> 0.426981).  Saving model ...
Updating learning rate to 0.013107200000000006
Epoch: 10 cost time: 3.103726387023926
Epoch: 10, Steps: 72 | Train Loss: 0.4616480 Vali Loss: 0.4583402 Test Loss: 0.1664004
EarlyStopping counter: 1 out of 5
Updating learning rate to 0.010485760000000004
Epoch: 11 cost time: 3.1303458213806152
Epoch: 11, Steps: 72 | Train Loss: 0.4612989 Vali Loss: 0.4404713 Test Loss: 0.1671816
EarlyStopping counter: 2 out of 5
Updating learning rate to 0.008388608000000004
Epoch: 12 cost time: 3.1184349060058594
Epoch: 12, Steps: 72 | Train Loss: 0.4603638 Vali Loss: 0.4569545 Test Loss: 0.1668397
EarlyStopping counter: 3 out of 5
Updating learning rate to 0.006710886400000004
Epoch: 13 cost time: 3.1196036338806152
Epoch: 13, Steps: 72 | Train Loss: 0.4602596 Vali Loss: 0.4537183 Test Loss: 0.1663893
EarlyStopping counter: 4 out of 5
Updating learning rate to 0.005368709120000003
Epoch: 14 cost time: 3.2138900756835938
Epoch: 14, Steps: 72 | Train Loss: 0.4598000 Vali Loss: 0.4285919 Test Loss: 0.1660685
EarlyStopping counter: 5 out of 5
Early stopping
>>>>>>>testing : weather_96_96_LightTimeBaseTST_custom_ftM_sl96_pl96_test_0_seed2023<<<<<<<<<<<<<<<<<<<<<<<<<<<<<<<<<
test 10444
mse:0.16957400739192963, mae:0.2163514792919159, rse:0.5426650643348694
