Args in experiment:
Namespace(random_seed=2021, is_training=1, model_id='192_336', model='PatchTST', data='custom', root_path='./dataset/', data_path='electricity.csv', features='M', target='OT', freq='h', checkpoints='./checkpoints/', seq_len=192, label_len=48, pred_len=336, fc_dropout=0.2, head_dropout=0.0, patch_len=16, stride=8, padding_patch='end', revin=1, affine=0, subtract_last=0, decomposition=0, kernel_size=25, individual=0, embed_type=0, enc_in=321, dec_in=7, c_out=7, d_model=128, n_heads=16, e_layers=3, d_layers=1, d_ff=256, moving_avg=25, factor=1, distil=True, dropout=0.2, embed='timeF', activation='gelu', output_attention=False, do_predict=False, num_workers=10, itr=1, train_epochs=30, batch_size=8, patience=5, learning_rate=0.0001, des='Exp', loss='mse', lradj='TST', pct_start=0.2, use_amp=False, use_gpu=True, gpu=1, use_multi_gpu=False, devices='0,1,2,3', test_flop=False)
Use GPU: cuda:1
[INFO] Register count_linear() for <class 'torch.nn.modules.linear.Linear'>.
[INFO] Register zero_ops() for <class 'torch.nn.modules.dropout.Dropout'>.
[INFO] Register zero_ops() for <class 'torch.nn.modules.container.Sequential'>.
[INFO] Register count_normalization() for <class 'torch.nn.modules.batchnorm.BatchNorm1d'>.
MACs: 3400114176.0
Params: 1432144.0
3.40G MACs
>>>>>>>start training : 192_336_PatchTST_custom_ftM_sl192_ll48_pl336_dm128_nh16_el3_dl1_df256_fc1_ebtimeF_dtTrue_Exp_0>>>>>>>>>>>>>>>>>>>>>>>>>>
train 17885
val 2297
test 4925
	iters: 100, epoch: 1 | loss: 0.7786056
	speed: 0.1715s/iter; left time: 11489.6271s
	iters: 200, epoch: 1 | loss: 0.4286249
	speed: 0.1621s/iter; left time: 10838.8780s
	iters: 300, epoch: 1 | loss: 0.3862203
	speed: 0.1626s/iter; left time: 10856.5677s
	iters: 400, epoch: 1 | loss: 0.3678906
	speed: 0.1621s/iter; left time: 10812.2169s
	iters: 500, epoch: 1 | loss: 0.3493759
	speed: 0.1619s/iter; left time: 10781.3787s
	iters: 600, epoch: 1 | loss: 0.3395221
	speed: 0.1618s/iter; left time: 10759.4868s
	iters: 700, epoch: 1 | loss: 0.3105345
	speed: 0.1615s/iter; left time: 10717.6015s
	iters: 800, epoch: 1 | loss: 0.3593177
	speed: 0.1620s/iter; left time: 10740.6108s
	iters: 900, epoch: 1 | loss: 0.3479942
	speed: 0.1618s/iter; left time: 10710.5773s
	iters: 1000, epoch: 1 | loss: 0.3319827
	speed: 0.1613s/iter; left time: 10656.9042s
	iters: 1100, epoch: 1 | loss: 0.2599114
	speed: 0.1617s/iter; left time: 10668.6821s
	iters: 1200, epoch: 1 | loss: 0.3139569
	speed: 0.1628s/iter; left time: 10728.1105s
	iters: 1300, epoch: 1 | loss: 0.2325942
	speed: 0.1629s/iter; left time: 10714.8551s
	iters: 1400, epoch: 1 | loss: 0.2626492
	speed: 0.1626s/iter; left time: 10681.6389s
	iters: 1500, epoch: 1 | loss: 0.2506013
	speed: 0.1633s/iter; left time: 10708.3078s
	iters: 1600, epoch: 1 | loss: 0.2551584
	speed: 0.1624s/iter; left time: 10631.3742s
	iters: 1700, epoch: 1 | loss: 0.2419435
	speed: 0.1615s/iter; left time: 10559.8297s
	iters: 1800, epoch: 1 | loss: 0.2242659
	speed: 0.1630s/iter; left time: 10640.2618s
	iters: 1900, epoch: 1 | loss: 0.2015789
	speed: 0.1635s/iter; left time: 10656.5881s
	iters: 2000, epoch: 1 | loss: 0.2820199
	speed: 0.1624s/iter; left time: 10570.0348s
	iters: 2100, epoch: 1 | loss: 0.2442801
	speed: 0.1614s/iter; left time: 10485.1914s
	iters: 2200, epoch: 1 | loss: 0.2155904
	speed: 0.1626s/iter; left time: 10552.5979s
Epoch: 1 cost time: 363.82132172584534
Epoch: 1, Steps: 2236 | Train Loss: 0.3335082 Vali Loss: 0.1768533 Test Loss: 0.2014426
Validation loss decreased (inf --> 0.176853).  Saving model ...
Updating learning rate to 1.0431717390272101e-05
	iters: 100, epoch: 2 | loss: 0.2305873
	speed: 1.3558s/iter; left time: 87780.0408s
	iters: 200, epoch: 2 | loss: 0.1996140
	speed: 0.1628s/iter; left time: 10521.4040s
	iters: 300, epoch: 2 | loss: 0.2120237
	speed: 0.1623s/iter; left time: 10472.8754s
	iters: 400, epoch: 2 | loss: 0.1970592
	speed: 0.1628s/iter; left time: 10488.9517s
	iters: 500, epoch: 2 | loss: 0.2078747
	speed: 0.1616s/iter; left time: 10397.7753s
	iters: 600, epoch: 2 | loss: 0.2643044
	speed: 0.1624s/iter; left time: 10430.4901s
	iters: 700, epoch: 2 | loss: 0.2072439
	speed: 0.1622s/iter; left time: 10404.8381s
	iters: 800, epoch: 2 | loss: 0.1872662
	speed: 0.1621s/iter; left time: 10380.4391s
	iters: 900, epoch: 2 | loss: 0.2051036
	speed: 0.1624s/iter; left time: 10384.0257s
	iters: 1000, epoch: 2 | loss: 0.2214139
	speed: 0.1623s/iter; left time: 10362.3894s
	iters: 1100, epoch: 2 | loss: 0.2140736
	speed: 0.1628s/iter; left time: 10379.1064s
	iters: 1200, epoch: 2 | loss: 0.2325102
	speed: 0.1625s/iter; left time: 10342.2987s
	iters: 1300, epoch: 2 | loss: 0.2209428
	speed: 0.1635s/iter; left time: 10387.0719s
	iters: 1400, epoch: 2 | loss: 0.2020389
	speed: 0.1623s/iter; left time: 10298.2125s
	iters: 1500, epoch: 2 | loss: 0.1898870
	speed: 0.1622s/iter; left time: 10277.0171s
	iters: 1600, epoch: 2 | loss: 0.1717740
	speed: 0.1629s/iter; left time: 10299.6790s
	iters: 1700, epoch: 2 | loss: 0.1962572
	speed: 0.1625s/iter; left time: 10258.2939s
	iters: 1800, epoch: 2 | loss: 0.1721437
	speed: 0.1630s/iter; left time: 10279.1339s
	iters: 1900, epoch: 2 | loss: 0.2200803
	speed: 0.1628s/iter; left time: 10247.6166s
	iters: 2000, epoch: 2 | loss: 0.2166946
	speed: 0.1625s/iter; left time: 10210.1601s
	iters: 2100, epoch: 2 | loss: 0.2033702
	speed: 0.1619s/iter; left time: 10158.9928s
	iters: 2200, epoch: 2 | loss: 0.2426827
	speed: 0.1618s/iter; left time: 10133.3567s
Epoch: 2 cost time: 364.61062955856323
Epoch: 2, Steps: 2236 | Train Loss: 0.2202757 Vali Loss: 0.1649427 Test Loss: 0.1896550
Validation loss decreased (0.176853 --> 0.164943).  Saving model ...
Updating learning rate to 2.80032450365747e-05
	iters: 100, epoch: 3 | loss: 0.2043561
	speed: 1.3640s/iter; left time: 85259.7254s
	iters: 200, epoch: 3 | loss: 0.1809050
	speed: 0.1616s/iter; left time: 10087.5886s
	iters: 300, epoch: 3 | loss: 0.1811733
	speed: 0.1622s/iter; left time: 10103.6536s
	iters: 400, epoch: 3 | loss: 0.1974729
	speed: 0.1630s/iter; left time: 10138.2532s
	iters: 500, epoch: 3 | loss: 0.2345559
	speed: 0.1623s/iter; left time: 10080.3533s
	iters: 600, epoch: 3 | loss: 0.2899688
	speed: 0.1629s/iter; left time: 10102.4188s
	iters: 700, epoch: 3 | loss: 0.2250642
	speed: 0.1622s/iter; left time: 10040.2900s
	iters: 800, epoch: 3 | loss: 0.1756040
	speed: 0.1615s/iter; left time: 9980.4982s
	iters: 900, epoch: 3 | loss: 0.1902258
	speed: 0.1622s/iter; left time: 10006.2077s
	iters: 1000, epoch: 3 | loss: 0.2576007
	speed: 0.1623s/iter; left time: 10001.3013s
	iters: 1100, epoch: 3 | loss: 0.2612999
	speed: 0.1619s/iter; left time: 9961.2076s
	iters: 1200, epoch: 3 | loss: 0.2325717
	speed: 0.1607s/iter; left time: 9869.3800s
	iters: 1300, epoch: 3 | loss: 0.1796762
	speed: 0.1622s/iter; left time: 9943.1070s
	iters: 1400, epoch: 3 | loss: 0.2044431
	speed: 0.1619s/iter; left time: 9912.4311s
	iters: 1500, epoch: 3 | loss: 0.1925165
	speed: 0.1613s/iter; left time: 9856.2945s
	iters: 1600, epoch: 3 | loss: 0.2033362
	speed: 0.1621s/iter; left time: 9890.1408s
	iters: 1700, epoch: 3 | loss: 0.1725020
	speed: 0.1638s/iter; left time: 9975.8851s
	iters: 1800, epoch: 3 | loss: 0.2055098
	speed: 0.1625s/iter; left time: 9883.0927s
	iters: 1900, epoch: 3 | loss: 0.2264658
	speed: 0.1614s/iter; left time: 9800.5614s
	iters: 2000, epoch: 3 | loss: 0.1745184
	speed: 0.1614s/iter; left time: 9782.3759s
	iters: 2100, epoch: 3 | loss: 0.1848253
	speed: 0.1618s/iter; left time: 9791.6239s
	iters: 2200, epoch: 3 | loss: 0.1816686
	speed: 0.1614s/iter; left time: 9747.7067s
Epoch: 3 cost time: 364.07251739501953
Epoch: 3, Steps: 2236 | Train Loss: 0.2062668 Vali Loss: 0.1601547 Test Loss: 0.1837659
Validation loss decreased (0.164943 --> 0.160155).  Saving model ...
Updating learning rate to 5.2005620441558984e-05
	iters: 100, epoch: 4 | loss: 0.2067359
	speed: 1.3918s/iter; left time: 83890.5150s
	iters: 200, epoch: 4 | loss: 0.2392520
	speed: 0.1629s/iter; left time: 9804.6421s
	iters: 300, epoch: 4 | loss: 0.1810204
	speed: 0.1625s/iter; left time: 9762.4596s
	iters: 400, epoch: 4 | loss: 0.2286724
	speed: 0.1617s/iter; left time: 9700.5668s
	iters: 500, epoch: 4 | loss: 0.1826698
	speed: 0.1626s/iter; left time: 9733.2228s
	iters: 600, epoch: 4 | loss: 0.1758917
	speed: 0.1629s/iter; left time: 9735.7979s
	iters: 700, epoch: 4 | loss: 0.1844945
	speed: 0.1625s/iter; left time: 9699.7222s
	iters: 800, epoch: 4 | loss: 0.2238922
	speed: 0.1620s/iter; left time: 9652.8862s
	iters: 900, epoch: 4 | loss: 0.2153805
	speed: 0.1622s/iter; left time: 9644.6262s
	iters: 1000, epoch: 4 | loss: 0.1840828
	speed: 0.1617s/iter; left time: 9603.4981s
	iters: 1100, epoch: 4 | loss: 0.1999326
	speed: 0.1617s/iter; left time: 9585.7919s
	iters: 1200, epoch: 4 | loss: 0.2097495
	speed: 0.1639s/iter; left time: 9700.7882s
	iters: 1300, epoch: 4 | loss: 0.2109895
	speed: 0.1626s/iter; left time: 9605.2364s
	iters: 1400, epoch: 4 | loss: 0.2043104
	speed: 0.1622s/iter; left time: 9565.0366s
	iters: 1500, epoch: 4 | loss: 0.2103360
	speed: 0.1631s/iter; left time: 9601.3397s
	iters: 1600, epoch: 4 | loss: 0.2014768
	speed: 0.1643s/iter; left time: 9657.4992s
	iters: 1700, epoch: 4 | loss: 0.1714409
	speed: 0.1627s/iter; left time: 9546.7220s
	iters: 1800, epoch: 4 | loss: 0.1941777
	speed: 0.1627s/iter; left time: 9529.5296s
	iters: 1900, epoch: 4 | loss: 0.1685217
	speed: 0.1624s/iter; left time: 9498.5472s
	iters: 2000, epoch: 4 | loss: 0.1647205
	speed: 0.1624s/iter; left time: 9480.5134s
	iters: 2100, epoch: 4 | loss: 0.1711070
	speed: 0.1631s/iter; left time: 9505.0616s
	iters: 2200, epoch: 4 | loss: 0.1789824
	speed: 0.1627s/iter; left time: 9464.1464s
Epoch: 4 cost time: 365.2726001739502
Epoch: 4, Steps: 2236 | Train Loss: 0.1987968 Vali Loss: 0.1596054 Test Loss: 0.1825160
Validation loss decreased (0.160155 --> 0.159605).  Saving model ...
Updating learning rate to 7.600648963438847e-05
	iters: 100, epoch: 5 | loss: 0.1733419
	speed: 1.3994s/iter; left time: 81214.3711s
	iters: 200, epoch: 5 | loss: 0.2038867
	speed: 0.1622s/iter; left time: 9399.0832s
	iters: 300, epoch: 5 | loss: 0.1882962
	speed: 0.1618s/iter; left time: 9359.4359s
	iters: 400, epoch: 5 | loss: 0.2188266
	speed: 0.1624s/iter; left time: 9377.8133s
	iters: 500, epoch: 5 | loss: 0.2997441
	speed: 0.1620s/iter; left time: 9334.4913s
	iters: 600, epoch: 5 | loss: 0.3129726
	speed: 0.1632s/iter; left time: 9387.4753s
	iters: 700, epoch: 5 | loss: 0.2023813
	speed: 0.1615s/iter; left time: 9273.8192s
	iters: 800, epoch: 5 | loss: 0.1995061
	speed: 0.1620s/iter; left time: 9287.3608s
	iters: 900, epoch: 5 | loss: 0.1863788
	speed: 0.1621s/iter; left time: 9275.6895s
	iters: 1000, epoch: 5 | loss: 0.2260852
	speed: 0.1627s/iter; left time: 9293.5147s
	iters: 1100, epoch: 5 | loss: 0.1738803
	speed: 0.1621s/iter; left time: 9242.8594s
	iters: 1200, epoch: 5 | loss: 0.1873681
	speed: 0.1625s/iter; left time: 9252.2225s
	iters: 1300, epoch: 5 | loss: 0.1761053
	speed: 0.1632s/iter; left time: 9273.2817s
	iters: 1400, epoch: 5 | loss: 0.1826688
	speed: 0.1628s/iter; left time: 9236.1038s
	iters: 1500, epoch: 5 | loss: 0.1712868
	speed: 0.1636s/iter; left time: 9268.5216s
	iters: 1600, epoch: 5 | loss: 0.1590626
	speed: 0.1623s/iter; left time: 9176.6594s
	iters: 1700, epoch: 5 | loss: 0.1344284
	speed: 0.1624s/iter; left time: 9164.3673s
	iters: 1800, epoch: 5 | loss: 0.2603940
	speed: 0.1611s/iter; left time: 9075.6901s
	iters: 1900, epoch: 5 | loss: 0.1858571
	speed: 0.1621s/iter; left time: 9117.1632s
	iters: 2000, epoch: 5 | loss: 0.2612227
	speed: 0.1621s/iter; left time: 9097.5918s
	iters: 2100, epoch: 5 | loss: 0.1909651
	speed: 0.1619s/iter; left time: 9073.2068s
	iters: 2200, epoch: 5 | loss: 0.1549776
	speed: 0.1625s/iter; left time: 9091.5314s
Epoch: 5 cost time: 364.7754590511322
Epoch: 5, Steps: 2236 | Train Loss: 0.1938930 Vali Loss: 0.1578523 Test Loss: 0.1806034
Validation loss decreased (0.159605 --> 0.157852).  Saving model ...
Updating learning rate to 9.35739022913478e-05
	iters: 100, epoch: 6 | loss: 0.1672035
	speed: 1.3879s/iter; left time: 77446.7471s
	iters: 200, epoch: 6 | loss: 0.3070868
	speed: 0.1605s/iter; left time: 8940.8692s
	iters: 300, epoch: 6 | loss: 0.1922943
	speed: 0.1630s/iter; left time: 9061.5977s
	iters: 400, epoch: 6 | loss: 0.1634255
	speed: 0.1613s/iter; left time: 8954.4192s
	iters: 500, epoch: 6 | loss: 0.1705543
	speed: 0.1620s/iter; left time: 8972.4791s
	iters: 600, epoch: 6 | loss: 0.2033699
	speed: 0.1633s/iter; left time: 9028.3098s
	iters: 700, epoch: 6 | loss: 0.1654378
	speed: 0.1635s/iter; left time: 9023.3105s
	iters: 800, epoch: 6 | loss: 0.1786276
	speed: 0.1633s/iter; left time: 9000.1611s
	iters: 900, epoch: 6 | loss: 0.1572017
	speed: 0.1631s/iter; left time: 8970.7168s
	iters: 1000, epoch: 6 | loss: 0.2397635
	speed: 0.1626s/iter; left time: 8926.3387s
	iters: 1100, epoch: 6 | loss: 0.1998879
	speed: 0.1630s/iter; left time: 8934.5731s
	iters: 1200, epoch: 6 | loss: 0.1836977
	speed: 0.1629s/iter; left time: 8911.6930s
	iters: 1300, epoch: 6 | loss: 0.1589839
	speed: 0.1639s/iter; left time: 8949.6014s
	iters: 1400, epoch: 6 | loss: 0.2048892
	speed: 0.1630s/iter; left time: 8884.1057s
	iters: 1500, epoch: 6 | loss: 0.2154826
	speed: 0.1628s/iter; left time: 8857.3421s
	iters: 1600, epoch: 6 | loss: 0.1634482
	speed: 0.1624s/iter; left time: 8818.9126s
	iters: 1700, epoch: 6 | loss: 0.1743422
	speed: 0.1621s/iter; left time: 8786.8404s
	iters: 1800, epoch: 6 | loss: 0.1936100
	speed: 0.1619s/iter; left time: 8759.7299s
	iters: 1900, epoch: 6 | loss: 0.2379256
	speed: 0.1615s/iter; left time: 8723.4243s
	iters: 2000, epoch: 6 | loss: 0.1789693
	speed: 0.1633s/iter; left time: 8799.3961s
	iters: 2100, epoch: 6 | loss: 0.1864857
	speed: 0.1637s/iter; left time: 8806.0719s
	iters: 2200, epoch: 6 | loss: 0.1736800
	speed: 0.1623s/iter; left time: 8714.2021s
Epoch: 6 cost time: 365.3665146827698
Epoch: 6, Steps: 2236 | Train Loss: 0.1905474 Vali Loss: 0.1574492 Test Loss: 0.1782492
Validation loss decreased (0.157852 --> 0.157449).  Saving model ...
Updating learning rate to 9.999999991432148e-05
	iters: 100, epoch: 7 | loss: 0.1504132
	speed: 1.4181s/iter; left time: 75960.0972s
	iters: 200, epoch: 7 | loss: 0.1953093
	speed: 0.1628s/iter; left time: 8704.3044s
	iters: 300, epoch: 7 | loss: 0.1688258
	speed: 0.1629s/iter; left time: 8691.2926s
	iters: 400, epoch: 7 | loss: 0.1814336
	speed: 0.1604s/iter; left time: 8543.4036s
	iters: 500, epoch: 7 | loss: 0.1519244
	speed: 0.1618s/iter; left time: 8600.3341s
	iters: 600, epoch: 7 | loss: 0.2119409
	speed: 0.1620s/iter; left time: 8596.9811s
	iters: 700, epoch: 7 | loss: 0.2067260
	speed: 0.1619s/iter; left time: 8573.5280s
	iters: 800, epoch: 7 | loss: 0.2121660
	speed: 0.1640s/iter; left time: 8668.1556s
	iters: 900, epoch: 7 | loss: 0.1985995
	speed: 0.1620s/iter; left time: 8549.6090s
	iters: 1000, epoch: 7 | loss: 0.1755325
	speed: 0.1624s/iter; left time: 8554.6602s
	iters: 1100, epoch: 7 | loss: 0.1612819
	speed: 0.1618s/iter; left time: 8506.1435s
	iters: 1200, epoch: 7 | loss: 0.1765731
	speed: 0.1630s/iter; left time: 8549.7897s
	iters: 1300, epoch: 7 | loss: 0.2430609
	speed: 0.1620s/iter; left time: 8483.9213s
	iters: 1400, epoch: 7 | loss: 0.1475756
	speed: 0.1615s/iter; left time: 8443.3056s
	iters: 1500, epoch: 7 | loss: 0.1706055
	speed: 0.1620s/iter; left time: 8452.5099s
	iters: 1600, epoch: 7 | loss: 0.2310765
	speed: 0.1610s/iter; left time: 8381.2460s
	iters: 1700, epoch: 7 | loss: 0.1524600
	speed: 0.1606s/iter; left time: 8346.4053s
	iters: 1800, epoch: 7 | loss: 0.1629600
	speed: 0.1621s/iter; left time: 8407.8857s
	iters: 1900, epoch: 7 | loss: 0.2196048
	speed: 0.1619s/iter; left time: 8379.4121s
	iters: 2000, epoch: 7 | loss: 0.1810275
	speed: 0.1617s/iter; left time: 8354.9312s
	iters: 2100, epoch: 7 | loss: 0.1881997
	speed: 0.1616s/iter; left time: 8335.3723s
	iters: 2200, epoch: 7 | loss: 0.2338520
	speed: 0.1624s/iter; left time: 8355.8526s
Epoch: 7 cost time: 364.2946574687958
Epoch: 7, Steps: 2236 | Train Loss: 0.1878723 Vali Loss: 0.1556325 Test Loss: 0.1765011
Validation loss decreased (0.157449 --> 0.155632).  Saving model ...
Updating learning rate to 9.957186263372053e-05
	iters: 100, epoch: 8 | loss: 0.1846607
	speed: 1.3904s/iter; left time: 71365.3831s
	iters: 200, epoch: 8 | loss: 0.1584689
	speed: 0.1617s/iter; left time: 8283.4131s
	iters: 300, epoch: 8 | loss: 0.1808956
	speed: 0.1619s/iter; left time: 8277.4855s
	iters: 400, epoch: 8 | loss: 0.1630609
	speed: 0.1621s/iter; left time: 8274.0361s
	iters: 500, epoch: 8 | loss: 0.2123200
	speed: 0.1619s/iter; left time: 8244.5606s
	iters: 600, epoch: 8 | loss: 0.1728978
	speed: 0.1626s/iter; left time: 8264.0365s
	iters: 700, epoch: 8 | loss: 0.1413282
	speed: 0.1627s/iter; left time: 8253.7463s
	iters: 800, epoch: 8 | loss: 0.1762398
	speed: 0.1622s/iter; left time: 8212.3530s
	iters: 900, epoch: 8 | loss: 0.1573929
	speed: 0.1613s/iter; left time: 8150.6052s
	iters: 1000, epoch: 8 | loss: 0.1618765
	speed: 0.1633s/iter; left time: 8234.1300s
	iters: 1100, epoch: 8 | loss: 0.1725288
	speed: 0.1625s/iter; left time: 8175.9680s
	iters: 1200, epoch: 8 | loss: 0.1844374
	speed: 0.1619s/iter; left time: 8130.0824s
	iters: 1300, epoch: 8 | loss: 0.1496366
	speed: 0.1615s/iter; left time: 8096.1154s
	iters: 1400, epoch: 8 | loss: 0.2043084
	speed: 0.1606s/iter; left time: 8033.9134s
	iters: 1500, epoch: 8 | loss: 0.1711782
	speed: 0.1619s/iter; left time: 8083.8693s
	iters: 1600, epoch: 8 | loss: 0.2030775
	speed: 0.1612s/iter; left time: 8032.0918s
	iters: 1700, epoch: 8 | loss: 0.2316531
	speed: 0.1618s/iter; left time: 8046.2103s
	iters: 1800, epoch: 8 | loss: 0.2053816
	speed: 0.1613s/iter; left time: 8005.0453s
	iters: 1900, epoch: 8 | loss: 0.1872485
	speed: 0.1621s/iter; left time: 8027.5664s
	iters: 2000, epoch: 8 | loss: 0.1746813
	speed: 0.1619s/iter; left time: 8001.8229s
	iters: 2100, epoch: 8 | loss: 0.1728399
	speed: 0.1622s/iter; left time: 8000.5270s
	iters: 2200, epoch: 8 | loss: 0.2573747
	speed: 0.1617s/iter; left time: 7959.4750s
Epoch: 8 cost time: 363.60009145736694
Epoch: 8, Steps: 2236 | Train Loss: 0.1858054 Vali Loss: 0.1548485 Test Loss: 0.1752915
Validation loss decreased (0.155632 --> 0.154848).  Saving model ...
Updating learning rate to 9.82955404615952e-05
	iters: 100, epoch: 9 | loss: 0.1840470
	speed: 1.3574s/iter; left time: 66636.9140s
	iters: 200, epoch: 9 | loss: 0.1792033
	speed: 0.1622s/iter; left time: 7947.0948s
	iters: 300, epoch: 9 | loss: 0.1622418
	speed: 0.1616s/iter; left time: 7902.3116s
	iters: 400, epoch: 9 | loss: 0.2066697
	speed: 0.1619s/iter; left time: 7900.2215s
	iters: 500, epoch: 9 | loss: 0.1781012
	speed: 0.1621s/iter; left time: 7893.5276s
	iters: 600, epoch: 9 | loss: 0.2286153
	speed: 0.1621s/iter; left time: 7874.8312s
	iters: 700, epoch: 9 | loss: 0.1909118
	speed: 0.1623s/iter; left time: 7869.7549s
	iters: 800, epoch: 9 | loss: 0.1812106
	speed: 0.1632s/iter; left time: 7895.9335s
	iters: 900, epoch: 9 | loss: 0.1658080
	speed: 0.1632s/iter; left time: 7881.6657s
	iters: 1000, epoch: 9 | loss: 0.1793761
	speed: 0.1616s/iter; left time: 7787.0734s
	iters: 1100, epoch: 9 | loss: 0.2288257
	speed: 0.1615s/iter; left time: 7768.8175s
	iters: 1200, epoch: 9 | loss: 0.1587998
	speed: 0.1616s/iter; left time: 7756.3612s
	iters: 1300, epoch: 9 | loss: 0.1783184
	speed: 0.1622s/iter; left time: 7766.1937s
	iters: 1400, epoch: 9 | loss: 0.2070378
	speed: 0.1627s/iter; left time: 7774.8919s
	iters: 1500, epoch: 9 | loss: 0.1643295
	speed: 0.1616s/iter; left time: 7708.3489s
	iters: 1600, epoch: 9 | loss: 0.1543602
	speed: 0.1624s/iter; left time: 7729.1106s
	iters: 1700, epoch: 9 | loss: 0.1880014
	speed: 0.1619s/iter; left time: 7690.4665s
	iters: 1800, epoch: 9 | loss: 0.2005183
	speed: 0.1624s/iter; left time: 7696.2002s
	iters: 1900, epoch: 9 | loss: 0.1704275
	speed: 0.1620s/iter; left time: 7663.5113s
	iters: 2000, epoch: 9 | loss: 0.2087398
	speed: 0.1616s/iter; left time: 7625.1422s
	iters: 2100, epoch: 9 | loss: 0.1972179
	speed: 0.1617s/iter; left time: 7615.2712s
	iters: 2200, epoch: 9 | loss: 0.2228320
	speed: 0.1619s/iter; left time: 7608.9225s
Epoch: 9 cost time: 364.163631439209
Epoch: 9, Steps: 2236 | Train Loss: 0.1841512 Vali Loss: 0.1544506 Test Loss: 0.1754764
Validation loss decreased (0.154848 --> 0.154451).  Saving model ...
Updating learning rate to 9.619287162417394e-05
	iters: 100, epoch: 10 | loss: 0.2203771
	speed: 1.3562s/iter; left time: 63546.3319s
	iters: 200, epoch: 10 | loss: 0.1719123
	speed: 0.1617s/iter; left time: 7559.4280s
	iters: 300, epoch: 10 | loss: 0.1550654
	speed: 0.1624s/iter; left time: 7576.1536s
	iters: 400, epoch: 10 | loss: 0.1777713
	speed: 0.1629s/iter; left time: 7581.8352s
	iters: 500, epoch: 10 | loss: 0.2305940
	speed: 0.1630s/iter; left time: 7572.1530s
	iters: 600, epoch: 10 | loss: 0.1776347
	speed: 0.1624s/iter; left time: 7528.3982s
	iters: 700, epoch: 10 | loss: 0.1737588
	speed: 0.1637s/iter; left time: 7570.0434s
	iters: 800, epoch: 10 | loss: 0.1524981
	speed: 0.1634s/iter; left time: 7543.0258s
	iters: 900, epoch: 10 | loss: 0.1489096
	speed: 0.1629s/iter; left time: 7500.6601s
	iters: 1000, epoch: 10 | loss: 0.1931064
	speed: 0.1633s/iter; left time: 7504.8207s
	iters: 1100, epoch: 10 | loss: 0.2266193
	speed: 0.1606s/iter; left time: 7366.3848s
	iters: 1200, epoch: 10 | loss: 0.2308580
	speed: 0.1615s/iter; left time: 7388.1350s
	iters: 1300, epoch: 10 | loss: 0.1527226
	speed: 0.1619s/iter; left time: 7393.5335s
	iters: 1400, epoch: 10 | loss: 0.1831183
	speed: 0.1620s/iter; left time: 7379.1953s
	iters: 1500, epoch: 10 | loss: 0.1383313
	speed: 0.1626s/iter; left time: 7391.3131s
	iters: 1600, epoch: 10 | loss: 0.1592338
	speed: 0.1617s/iter; left time: 7334.3766s
	iters: 1700, epoch: 10 | loss: 0.1542926
	speed: 0.1618s/iter; left time: 7322.5120s
	iters: 1800, epoch: 10 | loss: 0.1763411
	speed: 0.1621s/iter; left time: 7319.6840s
	iters: 1900, epoch: 10 | loss: 0.1986460
	speed: 0.1629s/iter; left time: 7338.4935s
	iters: 2000, epoch: 10 | loss: 0.1492153
	speed: 0.1622s/iter; left time: 7290.7214s
	iters: 2100, epoch: 10 | loss: 0.2094085
	speed: 0.1627s/iter; left time: 7297.7182s
	iters: 2200, epoch: 10 | loss: 0.1958397
	speed: 0.1627s/iter; left time: 7281.1880s
Epoch: 10 cost time: 364.9227068424225
Epoch: 10, Steps: 2236 | Train Loss: 0.1827157 Vali Loss: 0.1524473 Test Loss: 0.1734428
Validation loss decreased (0.154451 --> 0.152447).  Saving model ...
Updating learning rate to 9.329983336823495e-05
	iters: 100, epoch: 11 | loss: 0.1630159
	speed: 1.4301s/iter; left time: 63810.2744s
	iters: 200, epoch: 11 | loss: 0.1776746
	speed: 0.1635s/iter; left time: 7279.9510s
	iters: 300, epoch: 11 | loss: 0.2575034
	speed: 0.1644s/iter; left time: 7303.3263s
	iters: 400, epoch: 11 | loss: 0.1688546
	speed: 0.1639s/iter; left time: 7265.4985s
	iters: 500, epoch: 11 | loss: 0.1783379
	speed: 0.1644s/iter; left time: 7269.8334s
	iters: 600, epoch: 11 | loss: 0.1682892
	speed: 0.1645s/iter; left time: 7256.7045s
	iters: 700, epoch: 11 | loss: 0.1739946
	speed: 0.1646s/iter; left time: 7245.3385s
	iters: 800, epoch: 11 | loss: 0.2661054
	speed: 0.1638s/iter; left time: 7196.0195s
	iters: 900, epoch: 11 | loss: 0.1776669
	speed: 0.1631s/iter; left time: 7148.8730s
	iters: 1000, epoch: 11 | loss: 0.1842914
	speed: 0.1632s/iter; left time: 7135.4995s
	iters: 1100, epoch: 11 | loss: 0.1954233
	speed: 0.1635s/iter; left time: 7132.9237s
	iters: 1200, epoch: 11 | loss: 0.1382746
	speed: 0.1632s/iter; left time: 7101.8155s
	iters: 1300, epoch: 11 | loss: 0.2031081
	speed: 0.1647s/iter; left time: 7152.2396s
	iters: 1400, epoch: 11 | loss: 0.1472039
	speed: 0.1639s/iter; left time: 7099.4247s
	iters: 1500, epoch: 11 | loss: 0.1701329
	speed: 0.1636s/iter; left time: 7070.9950s
	iters: 1600, epoch: 11 | loss: 0.1586873
	speed: 0.1635s/iter; left time: 7051.7310s
	iters: 1700, epoch: 11 | loss: 0.1940538
	speed: 0.1625s/iter; left time: 6988.8659s
	iters: 1800, epoch: 11 | loss: 0.2704494
	speed: 0.1629s/iter; left time: 6992.9866s
	iters: 1900, epoch: 11 | loss: 0.1520067
	speed: 0.1628s/iter; left time: 6969.4620s
	iters: 2000, epoch: 11 | loss: 0.2182030
	speed: 0.1620s/iter; left time: 6922.6303s
	iters: 2100, epoch: 11 | loss: 0.2387632
	speed: 0.1625s/iter; left time: 6924.2008s
	iters: 2200, epoch: 11 | loss: 0.2157838
	speed: 0.1623s/iter; left time: 6902.7797s
Epoch: 11 cost time: 367.2200598716736
Epoch: 11, Steps: 2236 | Train Loss: 0.1815224 Vali Loss: 0.1528099 Test Loss: 0.1737585
EarlyStopping counter: 1 out of 5
Updating learning rate to 8.966592638043908e-05
	iters: 100, epoch: 12 | loss: 0.1381256
	speed: 1.3852s/iter; left time: 58712.2272s
	iters: 200, epoch: 12 | loss: 0.1844437
	speed: 0.1620s/iter; left time: 6850.9213s
	iters: 300, epoch: 12 | loss: 0.1504532
	speed: 0.1620s/iter; left time: 6835.7202s
	iters: 400, epoch: 12 | loss: 0.2118021
	speed: 0.1633s/iter; left time: 6871.1245s
	iters: 500, epoch: 12 | loss: 0.1452440
	speed: 0.1637s/iter; left time: 6871.1498s
	iters: 600, epoch: 12 | loss: 0.1682586
	speed: 0.1628s/iter; left time: 6819.3622s
	iters: 700, epoch: 12 | loss: 0.2114170
	speed: 0.1618s/iter; left time: 6761.8944s
	iters: 800, epoch: 12 | loss: 0.1918320
	speed: 0.1620s/iter; left time: 6754.1772s
	iters: 900, epoch: 12 | loss: 0.1641033
	speed: 0.1626s/iter; left time: 6760.3672s
	iters: 1000, epoch: 12 | loss: 0.1577025
	speed: 0.1616s/iter; left time: 6704.3725s
	iters: 1100, epoch: 12 | loss: 0.1713190
	speed: 0.1620s/iter; left time: 6703.7667s
	iters: 1200, epoch: 12 | loss: 0.1769665
	speed: 0.1626s/iter; left time: 6712.1191s
	iters: 1300, epoch: 12 | loss: 0.1553728
	speed: 0.1617s/iter; left time: 6659.3170s
	iters: 1400, epoch: 12 | loss: 0.1862255
	speed: 0.1620s/iter; left time: 6654.9981s
	iters: 1500, epoch: 12 | loss: 0.2083966
	speed: 0.1615s/iter; left time: 6618.1899s
	iters: 1600, epoch: 12 | loss: 0.1939903
	speed: 0.1621s/iter; left time: 6626.2969s
	iters: 1700, epoch: 12 | loss: 0.2013407
	speed: 0.1620s/iter; left time: 6607.1974s
	iters: 1800, epoch: 12 | loss: 0.1539889
	speed: 0.1623s/iter; left time: 6603.6348s
	iters: 1900, epoch: 12 | loss: 0.2059134
	speed: 0.1610s/iter; left time: 6534.8766s
	iters: 2000, epoch: 12 | loss: 0.2060865
	speed: 0.1605s/iter; left time: 6499.1954s
	iters: 2100, epoch: 12 | loss: 0.2305712
	speed: 0.1633s/iter; left time: 6595.1668s
	iters: 2200, epoch: 12 | loss: 0.1904237
	speed: 0.1627s/iter; left time: 6554.4418s
Epoch: 12 cost time: 364.5109763145447
Epoch: 12, Steps: 2236 | Train Loss: 0.1804761 Vali Loss: 0.1516676 Test Loss: 0.1723280
Validation loss decreased (0.152447 --> 0.151668).  Saving model ...
Updating learning rate to 8.53533278168569e-05
	iters: 100, epoch: 13 | loss: 0.1732237
	speed: 1.4053s/iter; left time: 56423.0981s
	iters: 200, epoch: 13 | loss: 0.1574241
	speed: 0.1620s/iter; left time: 6487.5710s
	iters: 300, epoch: 13 | loss: 0.1706539
	speed: 0.1626s/iter; left time: 6497.0823s
	iters: 400, epoch: 13 | loss: 0.1748975
	speed: 0.1643s/iter; left time: 6545.4173s
	iters: 500, epoch: 13 | loss: 0.2154425
	speed: 0.1629s/iter; left time: 6475.7685s
	iters: 600, epoch: 13 | loss: 0.2068549
	speed: 0.1631s/iter; left time: 6468.6151s
	iters: 700, epoch: 13 | loss: 0.1749472
	speed: 0.1635s/iter; left time: 6465.9649s
	iters: 800, epoch: 13 | loss: 0.1801099
	speed: 0.1620s/iter; left time: 6390.4835s
	iters: 900, epoch: 13 | loss: 0.1551794
	speed: 0.1623s/iter; left time: 6384.7573s
	iters: 1000, epoch: 13 | loss: 0.1539021
	speed: 0.1631s/iter; left time: 6400.7882s
	iters: 1100, epoch: 13 | loss: 0.1651470
	speed: 0.1618s/iter; left time: 6333.3075s
	iters: 1200, epoch: 13 | loss: 0.1710165
	speed: 0.1620s/iter; left time: 6327.7093s
	iters: 1300, epoch: 13 | loss: 0.2038439
	speed: 0.1629s/iter; left time: 6343.4759s
	iters: 1400, epoch: 13 | loss: 0.1492799
	speed: 0.1615s/iter; left time: 6274.9204s
	iters: 1500, epoch: 13 | loss: 0.1993972
	speed: 0.1627s/iter; left time: 6303.4220s
	iters: 1600, epoch: 13 | loss: 0.1604680
	speed: 0.1620s/iter; left time: 6262.0175s
	iters: 1700, epoch: 13 | loss: 0.1596965
	speed: 0.1616s/iter; left time: 6228.7585s
	iters: 1800, epoch: 13 | loss: 0.1868874
	speed: 0.1632s/iter; left time: 6276.4237s
	iters: 1900, epoch: 13 | loss: 0.2166853
	speed: 0.1627s/iter; left time: 6239.4302s
	iters: 2000, epoch: 13 | loss: 0.1835719
	speed: 0.1609s/iter; left time: 6153.2771s
	iters: 2100, epoch: 13 | loss: 0.1807487
	speed: 0.1613s/iter; left time: 6154.0309s
	iters: 2200, epoch: 13 | loss: 0.1795167
	speed: 0.1618s/iter; left time: 6157.2043s
Epoch: 13 cost time: 365.0270013809204
Epoch: 13, Steps: 2236 | Train Loss: 0.1795127 Vali Loss: 0.1520898 Test Loss: 0.1721844
EarlyStopping counter: 1 out of 5
Updating learning rate to 8.043582743458951e-05
	iters: 100, epoch: 14 | loss: 0.1653107
	speed: 1.3687s/iter; left time: 51891.9873s
	iters: 200, epoch: 14 | loss: 0.1550398
	speed: 0.1601s/iter; left time: 6054.6848s
	iters: 300, epoch: 14 | loss: 0.1595681
	speed: 0.1621s/iter; left time: 6114.5682s
	iters: 400, epoch: 14 | loss: 0.2428408
	speed: 0.1605s/iter; left time: 6035.4763s
	iters: 500, epoch: 14 | loss: 0.1819167
	speed: 0.1603s/iter; left time: 6012.1053s
	iters: 600, epoch: 14 | loss: 0.1511969
	speed: 0.1605s/iter; left time: 6003.7326s
	iters: 700, epoch: 14 | loss: 0.1528049
	speed: 0.1605s/iter; left time: 5989.8280s
	iters: 800, epoch: 14 | loss: 0.2072185
	speed: 0.1595s/iter; left time: 5934.4996s
	iters: 900, epoch: 14 | loss: 0.1830170
	speed: 0.1609s/iter; left time: 5970.3745s
	iters: 1000, epoch: 14 | loss: 0.1492434
	speed: 0.1580s/iter; left time: 5849.6363s
	iters: 1100, epoch: 14 | loss: 0.1556260
	speed: 0.1619s/iter; left time: 5977.9146s
	iters: 1200, epoch: 14 | loss: 0.2198264
	speed: 0.1609s/iter; left time: 5924.6886s
	iters: 1300, epoch: 14 | loss: 0.1921783
	speed: 0.1610s/iter; left time: 5911.1817s
	iters: 1400, epoch: 14 | loss: 0.1569313
	speed: 0.1609s/iter; left time: 5892.7481s
	iters: 1500, epoch: 14 | loss: 0.1607910
	speed: 0.1614s/iter; left time: 5892.1060s
	iters: 1600, epoch: 14 | loss: 0.1983365
	speed: 0.1606s/iter; left time: 5847.8004s
	iters: 1700, epoch: 14 | loss: 0.1543118
	speed: 0.1609s/iter; left time: 5844.3786s
	iters: 1800, epoch: 14 | loss: 0.2811300
	speed: 0.1610s/iter; left time: 5828.9836s
	iters: 1900, epoch: 14 | loss: 0.1558956
	speed: 0.1609s/iter; left time: 5811.2832s
	iters: 2000, epoch: 14 | loss: 0.1512399
	speed: 0.1607s/iter; left time: 5787.7581s
	iters: 2100, epoch: 14 | loss: 0.1510389
	speed: 0.1603s/iter; left time: 5757.9112s
	iters: 2200, epoch: 14 | loss: 0.1628428
	speed: 0.1608s/iter; left time: 5758.8594s
Epoch: 14 cost time: 361.05709981918335
Epoch: 14, Steps: 2236 | Train Loss: 0.1786250 Vali Loss: 0.1510454 Test Loss: 0.1712168
Validation loss decreased (0.151668 --> 0.151045).  Saving model ...
Updating learning rate to 7.499756502856616e-05
	iters: 100, epoch: 15 | loss: 0.1783823
	speed: 1.2947s/iter; left time: 46191.4740s
	iters: 200, epoch: 15 | loss: 0.1716546
	speed: 0.1619s/iter; left time: 5760.8798s
	iters: 300, epoch: 15 | loss: 0.1802570
	speed: 0.1603s/iter; left time: 5686.7447s
	iters: 400, epoch: 15 | loss: 0.1703640
	speed: 0.1599s/iter; left time: 5655.8276s
	iters: 500, epoch: 15 | loss: 0.1877213
	speed: 0.1598s/iter; left time: 5638.6726s
	iters: 600, epoch: 15 | loss: 0.1740765
	speed: 0.1604s/iter; left time: 5640.8571s
	iters: 700, epoch: 15 | loss: 0.1865266
	speed: 0.1612s/iter; left time: 5655.0421s
	iters: 800, epoch: 15 | loss: 0.1948427
	speed: 0.1607s/iter; left time: 5620.3880s
	iters: 900, epoch: 15 | loss: 0.1649180
	speed: 0.1605s/iter; left time: 5597.9554s
	iters: 1000, epoch: 15 | loss: 0.2254975
	speed: 0.1604s/iter; left time: 5577.8524s
	iters: 1100, epoch: 15 | loss: 0.1597322
	speed: 0.1608s/iter; left time: 5575.1530s
	iters: 1200, epoch: 15 | loss: 0.2137332
	speed: 0.1621s/iter; left time: 5605.3019s
	iters: 1300, epoch: 15 | loss: 0.1755325
	speed: 0.1619s/iter; left time: 5581.1653s
	iters: 1400, epoch: 15 | loss: 0.1350804
	speed: 0.1620s/iter; left time: 5569.9929s
	iters: 1500, epoch: 15 | loss: 0.2162458
	speed: 0.1611s/iter; left time: 5521.0884s
	iters: 1600, epoch: 15 | loss: 0.1712269
	speed: 0.1611s/iter; left time: 5507.2688s
	iters: 1700, epoch: 15 | loss: 0.1324017
	speed: 0.1611s/iter; left time: 5489.1144s
	iters: 1800, epoch: 15 | loss: 0.1847265
	speed: 0.1608s/iter; left time: 5464.3430s
	iters: 1900, epoch: 15 | loss: 0.1668051
	speed: 0.1622s/iter; left time: 5494.2238s
	iters: 2000, epoch: 15 | loss: 0.1771114
	speed: 0.1613s/iter; left time: 5449.0094s
	iters: 2100, epoch: 15 | loss: 0.1557119
	speed: 0.1628s/iter; left time: 5484.0412s
	iters: 2200, epoch: 15 | loss: 0.1521437
	speed: 0.1612s/iter; left time: 5411.5132s
Epoch: 15 cost time: 362.36590814590454
Epoch: 15, Steps: 2236 | Train Loss: 0.1778787 Vali Loss: 0.1504257 Test Loss: 0.1706151
Validation loss decreased (0.151045 --> 0.150426).  Saving model ...
Updating learning rate to 6.913159077632512e-05
	iters: 100, epoch: 16 | loss: 0.1381485
	speed: 1.3343s/iter; left time: 44621.8088s
	iters: 200, epoch: 16 | loss: 0.2417633
	speed: 0.1605s/iter; left time: 5351.6572s
	iters: 300, epoch: 16 | loss: 0.1738211
	speed: 0.1604s/iter; left time: 5333.1856s
	iters: 400, epoch: 16 | loss: 0.1771738
	speed: 0.1604s/iter; left time: 5315.0703s
	iters: 500, epoch: 16 | loss: 0.1769184
	speed: 0.1604s/iter; left time: 5298.5637s
	iters: 600, epoch: 16 | loss: 0.1822139
	speed: 0.1600s/iter; left time: 5270.8187s
	iters: 700, epoch: 16 | loss: 0.1725735
	speed: 0.1602s/iter; left time: 5259.9601s
	iters: 800, epoch: 16 | loss: 0.1910218
	speed: 0.1604s/iter; left time: 5250.3795s
	iters: 900, epoch: 16 | loss: 0.1476921
	speed: 0.1606s/iter; left time: 5241.7278s
	iters: 1000, epoch: 16 | loss: 0.1554488
	speed: 0.1593s/iter; left time: 5184.1089s
	iters: 1100, epoch: 16 | loss: 0.1951881
	speed: 0.1609s/iter; left time: 5220.6332s
	iters: 1200, epoch: 16 | loss: 0.1699894
	speed: 0.1611s/iter; left time: 5210.9599s
	iters: 1300, epoch: 16 | loss: 0.2409182
	speed: 0.1610s/iter; left time: 5189.6321s
	iters: 1400, epoch: 16 | loss: 0.1911757
	speed: 0.1606s/iter; left time: 5161.4646s
	iters: 1500, epoch: 16 | loss: 0.1858944
	speed: 0.1608s/iter; left time: 5151.3401s
	iters: 1600, epoch: 16 | loss: 0.1949349
	speed: 0.1609s/iter; left time: 5139.1517s
	iters: 1700, epoch: 16 | loss: 0.1873626
	speed: 0.1613s/iter; left time: 5136.6392s
	iters: 1800, epoch: 16 | loss: 0.1951332
	speed: 0.1607s/iter; left time: 5099.2628s
	iters: 1900, epoch: 16 | loss: 0.1805679
	speed: 0.1610s/iter; left time: 5095.4075s
	iters: 2000, epoch: 16 | loss: 0.2054120
	speed: 0.1598s/iter; left time: 5040.7404s
	iters: 2100, epoch: 16 | loss: 0.1700196
	speed: 0.1592s/iter; left time: 5006.8612s
	iters: 2200, epoch: 16 | loss: 0.1961646
	speed: 0.1616s/iter; left time: 5065.9885s
Epoch: 16 cost time: 361.06862473487854
Epoch: 16, Steps: 2236 | Train Loss: 0.1771972 Vali Loss: 0.1502133 Test Loss: 0.1703176
Validation loss decreased (0.150426 --> 0.150213).  Saving model ...
Updating learning rate to 6.293827312367755e-05
	iters: 100, epoch: 17 | loss: 0.1553252
	speed: 1.3138s/iter; left time: 40997.0727s
	iters: 200, epoch: 17 | loss: 0.1779044
	speed: 0.1602s/iter; left time: 4983.2458s
	iters: 300, epoch: 17 | loss: 0.1830184
	speed: 0.1608s/iter; left time: 4984.4320s
	iters: 400, epoch: 17 | loss: 0.1684285
	speed: 0.1603s/iter; left time: 4953.2375s
	iters: 500, epoch: 17 | loss: 0.1575634
	speed: 0.1605s/iter; left time: 4943.6902s
	iters: 600, epoch: 17 | loss: 0.1510165
	speed: 0.1604s/iter; left time: 4925.8002s
	iters: 700, epoch: 17 | loss: 0.1928489
	speed: 0.1609s/iter; left time: 4923.3928s
	iters: 800, epoch: 17 | loss: 0.1956402
	speed: 0.1608s/iter; left time: 4906.5244s
	iters: 900, epoch: 17 | loss: 0.1704700
	speed: 0.1613s/iter; left time: 4903.7347s
	iters: 1000, epoch: 17 | loss: 0.1491269
	speed: 0.1609s/iter; left time: 4875.8886s
	iters: 1100, epoch: 17 | loss: 0.1635962
	speed: 0.1613s/iter; left time: 4870.6656s
	iters: 1200, epoch: 17 | loss: 0.1620277
	speed: 0.1607s/iter; left time: 4837.7451s
	iters: 1300, epoch: 17 | loss: 0.1813989
	speed: 0.1602s/iter; left time: 4806.8922s
	iters: 1400, epoch: 17 | loss: 0.2264190
	speed: 0.1616s/iter; left time: 4832.7705s
	iters: 1500, epoch: 17 | loss: 0.2101090
	speed: 0.1607s/iter; left time: 4790.3330s
	iters: 1600, epoch: 17 | loss: 0.2306904
	speed: 0.1614s/iter; left time: 4795.0122s
	iters: 1700, epoch: 17 | loss: 0.2057764
	speed: 0.1601s/iter; left time: 4738.5942s
	iters: 1800, epoch: 17 | loss: 0.1506339
	speed: 0.1612s/iter; left time: 4754.7958s
	iters: 1900, epoch: 17 | loss: 0.2061683
	speed: 0.1615s/iter; left time: 4748.6256s
	iters: 2000, epoch: 17 | loss: 0.1592486
	speed: 0.1613s/iter; left time: 4726.8895s
	iters: 2100, epoch: 17 | loss: 0.1558769
	speed: 0.1604s/iter; left time: 4685.1956s
	iters: 2200, epoch: 17 | loss: 0.2000076
	speed: 0.1613s/iter; left time: 4693.4297s
Epoch: 17 cost time: 361.6483528614044
Epoch: 17, Steps: 2236 | Train Loss: 0.1765785 Vali Loss: 0.1498498 Test Loss: 0.1701114
Validation loss decreased (0.150213 --> 0.149850).  Saving model ...
Updating learning rate to 5.652358145277229e-05
	iters: 100, epoch: 18 | loss: 0.2115594
	speed: 1.3447s/iter; left time: 38954.0598s
	iters: 200, epoch: 18 | loss: 0.1897953
	speed: 0.1612s/iter; left time: 4652.5878s
	iters: 300, epoch: 18 | loss: 0.1361124
	speed: 0.1616s/iter; left time: 4650.3104s
	iters: 400, epoch: 18 | loss: 0.2111723
	speed: 0.1612s/iter; left time: 4620.7830s
	iters: 500, epoch: 18 | loss: 0.1816193
	speed: 0.1598s/iter; left time: 4564.0252s
	iters: 600, epoch: 18 | loss: 0.1551271
	speed: 0.1606s/iter; left time: 4570.9004s
	iters: 700, epoch: 18 | loss: 0.1700546
	speed: 0.1611s/iter; left time: 4571.4151s
	iters: 800, epoch: 18 | loss: 0.1561637
	speed: 0.1607s/iter; left time: 4542.8131s
	iters: 900, epoch: 18 | loss: 0.1994827
	speed: 0.1613s/iter; left time: 4543.4446s
	iters: 1000, epoch: 18 | loss: 0.1516887
	speed: 0.1609s/iter; left time: 4517.1130s
	iters: 1100, epoch: 18 | loss: 0.1472681
	speed: 0.1608s/iter; left time: 4498.1648s
	iters: 1200, epoch: 18 | loss: 0.1757254
	speed: 0.1611s/iter; left time: 4488.8597s
	iters: 1300, epoch: 18 | loss: 0.2280353
	speed: 0.1603s/iter; left time: 4451.8599s
	iters: 1400, epoch: 18 | loss: 0.2407246
	speed: 0.1596s/iter; left time: 4416.1249s
	iters: 1500, epoch: 18 | loss: 0.1582820
	speed: 0.1609s/iter; left time: 4435.3427s
	iters: 1600, epoch: 18 | loss: 0.1370884
	speed: 0.1602s/iter; left time: 4399.9622s
	iters: 1700, epoch: 18 | loss: 0.2211589
	speed: 0.1607s/iter; left time: 4397.2181s
	iters: 1800, epoch: 18 | loss: 0.1930287
	speed: 0.1608s/iter; left time: 4385.5074s
	iters: 1900, epoch: 18 | loss: 0.1447097
	speed: 0.1604s/iter; left time: 4357.3791s
	iters: 2000, epoch: 18 | loss: 0.1576211
	speed: 0.1608s/iter; left time: 4353.0778s
	iters: 2100, epoch: 18 | loss: 0.2252725
	speed: 0.1605s/iter; left time: 4327.2141s
	iters: 2200, epoch: 18 | loss: 0.1780319
	speed: 0.1617s/iter; left time: 4343.7995s
Epoch: 18 cost time: 361.5424528121948
Epoch: 18, Steps: 2236 | Train Loss: 0.1760591 Vali Loss: 0.1510814 Test Loss: 0.1699425
EarlyStopping counter: 1 out of 5
Updating learning rate to 4.999727291658708e-05
	iters: 100, epoch: 19 | loss: 0.2754841
	speed: 1.2944s/iter; left time: 34602.6559s
	iters: 200, epoch: 19 | loss: 0.1862324
	speed: 0.1611s/iter; left time: 4291.1511s
	iters: 300, epoch: 19 | loss: 0.2308535
	speed: 0.1609s/iter; left time: 4267.9868s
	iters: 400, epoch: 19 | loss: 0.2155474
	speed: 0.1609s/iter; left time: 4252.3425s
	iters: 500, epoch: 19 | loss: 0.2165389
	speed: 0.1591s/iter; left time: 4189.0185s
	iters: 600, epoch: 19 | loss: 0.2155178
	speed: 0.1603s/iter; left time: 4205.0044s
	iters: 700, epoch: 19 | loss: 0.1738263
	speed: 0.1603s/iter; left time: 4189.1241s
	iters: 800, epoch: 19 | loss: 0.1855499
	speed: 0.1608s/iter; left time: 4186.0295s
	iters: 900, epoch: 19 | loss: 0.1817043
	speed: 0.1599s/iter; left time: 4145.8210s
	iters: 1000, epoch: 19 | loss: 0.1764901
	speed: 0.1600s/iter; left time: 4133.3897s
	iters: 1100, epoch: 19 | loss: 0.1894267
	speed: 0.1622s/iter; left time: 4173.3021s
	iters: 1200, epoch: 19 | loss: 0.1722063
	speed: 0.1608s/iter; left time: 4120.7742s
	iters: 1300, epoch: 19 | loss: 0.1741021
	speed: 0.1610s/iter; left time: 4110.5941s
	iters: 1400, epoch: 19 | loss: 0.1333234
	speed: 0.1608s/iter; left time: 4089.2703s
	iters: 1500, epoch: 19 | loss: 0.1209767
	speed: 0.1606s/iter; left time: 4069.0971s
	iters: 1600, epoch: 19 | loss: 0.2007220
	speed: 0.1606s/iter; left time: 4053.0962s
	iters: 1700, epoch: 19 | loss: 0.2338056
	speed: 0.1604s/iter; left time: 4030.1914s
	iters: 1800, epoch: 19 | loss: 0.1468363
	speed: 0.1602s/iter; left time: 4010.9510s
	iters: 1900, epoch: 19 | loss: 0.2082608
	speed: 0.1607s/iter; left time: 4006.7418s
	iters: 2000, epoch: 19 | loss: 0.1396546
	speed: 0.1604s/iter; left time: 3983.1202s
	iters: 2100, epoch: 19 | loss: 0.1583109
	speed: 0.1611s/iter; left time: 3983.2625s
	iters: 2200, epoch: 19 | loss: 0.1618175
	speed: 0.1605s/iter; left time: 3953.0920s
Epoch: 19 cost time: 360.54631638526917
Epoch: 19, Steps: 2236 | Train Loss: 0.1755514 Vali Loss: 0.1498067 Test Loss: 0.1697422
Validation loss decreased (0.149850 --> 0.149807).  Saving model ...
Updating learning rate to 4.3471014463610605e-05
	iters: 100, epoch: 20 | loss: 0.2003408
	speed: 1.3119s/iter; left time: 32137.1260s
	iters: 200, epoch: 20 | loss: 0.1979195
	speed: 0.1616s/iter; left time: 3941.4795s
	iters: 300, epoch: 20 | loss: 0.1502187
	speed: 0.1619s/iter; left time: 3934.8756s
	iters: 400, epoch: 20 | loss: 0.1614890
	speed: 0.1610s/iter; left time: 3896.0176s
	iters: 500, epoch: 20 | loss: 0.1467030
	speed: 0.1609s/iter; left time: 3877.4206s
	iters: 600, epoch: 20 | loss: 0.1483906
	speed: 0.1612s/iter; left time: 3867.1317s
	iters: 700, epoch: 20 | loss: 0.2132912
	speed: 0.1599s/iter; left time: 3820.8241s
	iters: 800, epoch: 20 | loss: 0.1704859
	speed: 0.1612s/iter; left time: 3835.1591s
	iters: 900, epoch: 20 | loss: 0.1741427
	speed: 0.1619s/iter; left time: 3837.1756s
	iters: 1000, epoch: 20 | loss: 0.1923825
	speed: 0.1612s/iter; left time: 3804.3933s
	iters: 1100, epoch: 20 | loss: 0.1389171
	speed: 0.1615s/iter; left time: 3795.0680s
	iters: 1200, epoch: 20 | loss: 0.1774678
	speed: 0.1613s/iter; left time: 3773.3810s
	iters: 1300, epoch: 20 | loss: 0.3016979
	speed: 0.1618s/iter; left time: 3768.6977s
	iters: 1400, epoch: 20 | loss: 0.1674678
	speed: 0.1604s/iter; left time: 3720.5108s
	iters: 1500, epoch: 20 | loss: 0.1666671
	speed: 0.1614s/iter; left time: 3727.1729s
	iters: 1600, epoch: 20 | loss: 0.1635710
	speed: 0.1614s/iter; left time: 3712.2541s
	iters: 1700, epoch: 20 | loss: 0.1779409
	speed: 0.1620s/iter; left time: 3709.8079s
	iters: 1800, epoch: 20 | loss: 0.1377440
	speed: 0.1618s/iter; left time: 3688.9289s
	iters: 1900, epoch: 20 | loss: 0.1444950
	speed: 0.1611s/iter; left time: 3656.3957s
	iters: 2000, epoch: 20 | loss: 0.1808678
	speed: 0.1604s/iter; left time: 3625.6044s
	iters: 2100, epoch: 20 | loss: 0.2688120
	speed: 0.1610s/iter; left time: 3622.8528s
	iters: 2200, epoch: 20 | loss: 0.1443337
	speed: 0.1623s/iter; left time: 3635.0522s
Epoch: 20 cost time: 362.6467835903168
Epoch: 20, Steps: 2236 | Train Loss: 0.1751204 Vali Loss: 0.1497091 Test Loss: 0.1691365
Validation loss decreased (0.149807 --> 0.149709).  Saving model ...
Updating learning rate to 3.705647218539397e-05
	iters: 100, epoch: 21 | loss: 0.1832611
	speed: 1.3150s/iter; left time: 29273.6893s
	iters: 200, epoch: 21 | loss: 0.1597148
	speed: 0.1606s/iter; left time: 3557.9550s
	iters: 300, epoch: 21 | loss: 0.1951018
	speed: 0.1616s/iter; left time: 3564.7458s
	iters: 400, epoch: 21 | loss: 0.1997669
	speed: 0.1612s/iter; left time: 3539.7673s
	iters: 500, epoch: 21 | loss: 0.1561540
	speed: 0.1608s/iter; left time: 3515.7675s
	iters: 600, epoch: 21 | loss: 0.1797287
	speed: 0.1600s/iter; left time: 3482.7247s
	iters: 700, epoch: 21 | loss: 0.2005198
	speed: 0.1597s/iter; left time: 3459.2745s
	iters: 800, epoch: 21 | loss: 0.1540250
	speed: 0.1608s/iter; left time: 3467.2364s
	iters: 900, epoch: 21 | loss: 0.1708423
	speed: 0.1605s/iter; left time: 3443.8254s
	iters: 1000, epoch: 21 | loss: 0.1944741
	speed: 0.1608s/iter; left time: 3435.1881s
	iters: 1100, epoch: 21 | loss: 0.1662474
	speed: 0.1609s/iter; left time: 3421.4158s
	iters: 1200, epoch: 21 | loss: 0.1744725
	speed: 0.1602s/iter; left time: 3390.9445s
	iters: 1300, epoch: 21 | loss: 0.1491764
	speed: 0.1607s/iter; left time: 3384.5345s
	iters: 1400, epoch: 21 | loss: 0.1418639
	speed: 0.1601s/iter; left time: 3356.8679s
	iters: 1500, epoch: 21 | loss: 0.1486578
	speed: 0.1608s/iter; left time: 3355.0663s
	iters: 1600, epoch: 21 | loss: 0.1672601
	speed: 0.1613s/iter; left time: 3347.9168s
	iters: 1700, epoch: 21 | loss: 0.2145288
	speed: 0.1616s/iter; left time: 3339.6032s
	iters: 1800, epoch: 21 | loss: 0.2003127
	speed: 0.1614s/iter; left time: 3317.5981s
	iters: 1900, epoch: 21 | loss: 0.1433841
	speed: 0.1606s/iter; left time: 3285.9962s
	iters: 2000, epoch: 21 | loss: 0.1934998
	speed: 0.1617s/iter; left time: 3292.8586s
	iters: 2100, epoch: 21 | loss: 0.1922468
	speed: 0.1612s/iter; left time: 3267.0444s
	iters: 2200, epoch: 21 | loss: 0.2074825
	speed: 0.1601s/iter; left time: 3227.8104s
Epoch: 21 cost time: 361.51222562789917
Epoch: 21, Steps: 2236 | Train Loss: 0.1746835 Vali Loss: 0.1498514 Test Loss: 0.1688834
EarlyStopping counter: 1 out of 5
Updating learning rate to 3.0863400678764574e-05
	iters: 100, epoch: 22 | loss: 0.1573707
	speed: 1.2733s/iter; left time: 25497.7388s
	iters: 200, epoch: 22 | loss: 0.1646364
	speed: 0.1619s/iter; left time: 3226.2634s
	iters: 300, epoch: 22 | loss: 0.1434803
	speed: 0.1611s/iter; left time: 3194.6506s
	iters: 400, epoch: 22 | loss: 0.1307758
	speed: 0.1612s/iter; left time: 3179.7751s
	iters: 500, epoch: 22 | loss: 0.1460641
	speed: 0.1609s/iter; left time: 3158.4180s
	iters: 600, epoch: 22 | loss: 0.1784572
	speed: 0.1610s/iter; left time: 3143.3595s
	iters: 700, epoch: 22 | loss: 0.1597834
	speed: 0.1601s/iter; left time: 3109.7851s
	iters: 800, epoch: 22 | loss: 0.1520309
	speed: 0.1608s/iter; left time: 3108.4124s
	iters: 900, epoch: 22 | loss: 0.1325163
	speed: 0.1604s/iter; left time: 3083.0481s
	iters: 1000, epoch: 22 | loss: 0.1594505
	speed: 0.1602s/iter; left time: 3063.5946s
	iters: 1100, epoch: 22 | loss: 0.2090565
	speed: 0.1601s/iter; left time: 3045.8219s
	iters: 1200, epoch: 22 | loss: 0.1322460
	speed: 0.1606s/iter; left time: 3040.1530s
	iters: 1300, epoch: 22 | loss: 0.1896156
	speed: 0.1597s/iter; left time: 3005.7823s
	iters: 1400, epoch: 22 | loss: 0.1602809
	speed: 0.1604s/iter; left time: 3002.8590s
	iters: 1500, epoch: 22 | loss: 0.1755965
	speed: 0.1604s/iter; left time: 2987.1086s
	iters: 1600, epoch: 22 | loss: 0.1404473
	speed: 0.1612s/iter; left time: 2987.0495s
	iters: 1700, epoch: 22 | loss: 0.1472038
	speed: 0.1605s/iter; left time: 2957.7913s
	iters: 1800, epoch: 22 | loss: 0.1476464
	speed: 0.1600s/iter; left time: 2931.9235s
	iters: 1900, epoch: 22 | loss: 0.1646344
	speed: 0.1604s/iter; left time: 2923.3820s
	iters: 2000, epoch: 22 | loss: 0.1457241
	speed: 0.1614s/iter; left time: 2924.4830s
	iters: 2100, epoch: 22 | loss: 0.1621575
	speed: 0.1598s/iter; left time: 2879.9549s
	iters: 2200, epoch: 22 | loss: 0.1366417
	speed: 0.1594s/iter; left time: 2857.3437s
Epoch: 22 cost time: 360.77981996536255
Epoch: 22, Steps: 2236 | Train Loss: 0.1743602 Vali Loss: 0.1490359 Test Loss: 0.1690034
Validation loss decreased (0.149709 --> 0.149036).  Saving model ...
Updating learning rate to 2.4997765114244684e-05
	iters: 100, epoch: 23 | loss: 0.1663189
	speed: 1.2904s/iter; left time: 22955.0631s
	iters: 200, epoch: 23 | loss: 0.1529869
	speed: 0.1621s/iter; left time: 2867.3920s
	iters: 300, epoch: 23 | loss: 0.1867658
	speed: 0.1616s/iter; left time: 2843.1617s
	iters: 400, epoch: 23 | loss: 0.1611693
	speed: 0.1607s/iter; left time: 2810.6892s
	iters: 500, epoch: 23 | loss: 0.1776714
	speed: 0.1611s/iter; left time: 2801.5946s
	iters: 600, epoch: 23 | loss: 0.1560286
	speed: 0.1602s/iter; left time: 2769.5666s
	iters: 700, epoch: 23 | loss: 0.1252848
	speed: 0.1607s/iter; left time: 2761.8038s
	iters: 800, epoch: 23 | loss: 0.1473914
	speed: 0.1609s/iter; left time: 2750.0036s
	iters: 900, epoch: 23 | loss: 0.2134006
	speed: 0.1614s/iter; left time: 2741.1788s
	iters: 1000, epoch: 23 | loss: 0.1566586
	speed: 0.1608s/iter; left time: 2715.0176s
	iters: 1100, epoch: 23 | loss: 0.1702130
	speed: 0.1607s/iter; left time: 2698.1507s
	iters: 1200, epoch: 23 | loss: 0.1982057
	speed: 0.1611s/iter; left time: 2688.2620s
	iters: 1300, epoch: 23 | loss: 0.1724521
	speed: 0.1597s/iter; left time: 2649.6691s
	iters: 1400, epoch: 23 | loss: 0.1801066
	speed: 0.1605s/iter; left time: 2646.7504s
	iters: 1500, epoch: 23 | loss: 0.1978615
	speed: 0.1611s/iter; left time: 2640.8199s
	iters: 1600, epoch: 23 | loss: 0.1545349
	speed: 0.1607s/iter; left time: 2617.3133s
	iters: 1700, epoch: 23 | loss: 0.1721649
	speed: 0.1611s/iter; left time: 2607.8228s
	iters: 1800, epoch: 23 | loss: 0.1710667
	speed: 0.1612s/iter; left time: 2593.0066s
	iters: 1900, epoch: 23 | loss: 0.1488588
	speed: 0.1616s/iter; left time: 2584.3669s
	iters: 2000, epoch: 23 | loss: 0.1630088
	speed: 0.1616s/iter; left time: 2566.9217s
	iters: 2100, epoch: 23 | loss: 0.1469568
	speed: 0.1610s/iter; left time: 2541.7681s
	iters: 2200, epoch: 23 | loss: 0.1901634
	speed: 0.1610s/iter; left time: 2526.6672s
Epoch: 23 cost time: 361.90796637535095
Epoch: 23, Steps: 2236 | Train Loss: 0.1740153 Vali Loss: 0.1488902 Test Loss: 0.1687391
Validation loss decreased (0.149036 --> 0.148890).  Saving model ...
Updating learning rate to 1.9559928142604592e-05
	iters: 100, epoch: 24 | loss: 0.1799966
	speed: 1.3123s/iter; left time: 20410.4186s
	iters: 200, epoch: 24 | loss: 0.1428272
	speed: 0.1619s/iter; left time: 2502.0776s
	iters: 300, epoch: 24 | loss: 0.1778703
	speed: 0.1632s/iter; left time: 2506.0775s
	iters: 400, epoch: 24 | loss: 0.1432950
	speed: 0.1616s/iter; left time: 2465.3921s
	iters: 500, epoch: 24 | loss: 0.1249652
	speed: 0.1618s/iter; left time: 2451.4293s
	iters: 600, epoch: 24 | loss: 0.1877855
	speed: 0.1603s/iter; left time: 2412.8509s
	iters: 700, epoch: 24 | loss: 0.1539048
	speed: 0.1609s/iter; left time: 2405.7790s
	iters: 800, epoch: 24 | loss: 0.1454403
	speed: 0.1613s/iter; left time: 2395.4177s
	iters: 900, epoch: 24 | loss: 0.1621654
	speed: 0.1606s/iter; left time: 2369.6596s
	iters: 1000, epoch: 24 | loss: 0.1559433
	speed: 0.1613s/iter; left time: 2363.0744s
	iters: 1100, epoch: 24 | loss: 0.1768283
	speed: 0.1607s/iter; left time: 2338.3441s
	iters: 1200, epoch: 24 | loss: 0.1911482
	speed: 0.1611s/iter; left time: 2328.6117s
	iters: 1300, epoch: 24 | loss: 0.1668569
	speed: 0.1622s/iter; left time: 2327.8234s
	iters: 1400, epoch: 24 | loss: 0.1799056
	speed: 0.1610s/iter; left time: 2294.2396s
	iters: 1500, epoch: 24 | loss: 0.1594519
	speed: 0.1613s/iter; left time: 2282.9835s
	iters: 1600, epoch: 24 | loss: 0.1933534
	speed: 0.1598s/iter; left time: 2245.8427s
	iters: 1700, epoch: 24 | loss: 0.1571159
	speed: 0.1622s/iter; left time: 2263.8078s
	iters: 1800, epoch: 24 | loss: 0.1376431
	speed: 0.1631s/iter; left time: 2259.3038s
	iters: 1900, epoch: 24 | loss: 0.1861292
	speed: 0.1616s/iter; left time: 2222.8036s
	iters: 2000, epoch: 24 | loss: 0.1521651
	speed: 0.1611s/iter; left time: 2199.6698s
	iters: 2100, epoch: 24 | loss: 0.1580288
	speed: 0.1616s/iter; left time: 2189.9305s
	iters: 2200, epoch: 24 | loss: 0.1371319
	speed: 0.1608s/iter; left time: 2163.1146s
Epoch: 24 cost time: 363.0508587360382
Epoch: 24, Steps: 2236 | Train Loss: 0.1737390 Vali Loss: 0.1491952 Test Loss: 0.1682065
EarlyStopping counter: 1 out of 5
Updating learning rate to 1.4642932662082347e-05
	iters: 100, epoch: 25 | loss: 0.1507619
	speed: 1.2811s/iter; left time: 17060.0454s
	iters: 200, epoch: 25 | loss: 0.1688335
	speed: 0.1622s/iter; left time: 2143.7585s
	iters: 300, epoch: 25 | loss: 0.1869686
	speed: 0.1627s/iter; left time: 2134.2103s
	iters: 400, epoch: 25 | loss: 0.1424514
	speed: 0.1634s/iter; left time: 2127.2723s
	iters: 500, epoch: 25 | loss: 0.1450981
	speed: 0.1620s/iter; left time: 2093.1108s
	iters: 600, epoch: 25 | loss: 0.1532788
	speed: 0.1619s/iter; left time: 2074.9581s
	iters: 700, epoch: 25 | loss: 0.1542369
	speed: 0.1619s/iter; left time: 2058.6365s
	iters: 800, epoch: 25 | loss: 0.1283992
	speed: 0.1603s/iter; left time: 2022.4340s
	iters: 900, epoch: 25 | loss: 0.1848639
	speed: 0.1618s/iter; left time: 2025.7114s
	iters: 1000, epoch: 25 | loss: 0.1401292
	speed: 0.1613s/iter; left time: 2003.1510s
	iters: 1100, epoch: 25 | loss: 0.2009647
	speed: 0.1610s/iter; left time: 1983.5112s
	iters: 1200, epoch: 25 | loss: 0.1998764
	speed: 0.1612s/iter; left time: 1969.3016s
	iters: 1300, epoch: 25 | loss: 0.1760867
	speed: 0.1616s/iter; left time: 1957.8519s
	iters: 1400, epoch: 25 | loss: 0.1804547
	speed: 0.1627s/iter; left time: 1955.3273s
	iters: 1500, epoch: 25 | loss: 0.1842821
	speed: 0.1604s/iter; left time: 1911.1236s
	iters: 1600, epoch: 25 | loss: 0.2015093
	speed: 0.1603s/iter; left time: 1894.4302s
	iters: 1700, epoch: 25 | loss: 0.1583756
	speed: 0.1610s/iter; left time: 1886.7705s
	iters: 1800, epoch: 25 | loss: 0.1506332
	speed: 0.1608s/iter; left time: 1868.1849s
	iters: 1900, epoch: 25 | loss: 0.1426892
	speed: 0.1611s/iter; left time: 1855.5251s
	iters: 2000, epoch: 25 | loss: 0.1459456
	speed: 0.1587s/iter; left time: 1811.3235s
	iters: 2100, epoch: 25 | loss: 0.1824422
	speed: 0.1615s/iter; left time: 1828.0226s
	iters: 2200, epoch: 25 | loss: 0.1515053
	speed: 0.1605s/iter; left time: 1800.8674s
Epoch: 25 cost time: 362.6554534435272
Epoch: 25, Steps: 2236 | Train Loss: 0.1735630 Vali Loss: 0.1490352 Test Loss: 0.1682916
EarlyStopping counter: 2 out of 5
Updating learning rate to 1.0330909828598365e-05
	iters: 100, epoch: 26 | loss: 0.1479200
	speed: 1.2565s/iter; left time: 13923.4091s
	iters: 200, epoch: 26 | loss: 0.2397138
	speed: 0.1608s/iter; left time: 1766.2288s
	iters: 300, epoch: 26 | loss: 0.1623218
	speed: 0.1618s/iter; left time: 1760.9884s
	iters: 400, epoch: 26 | loss: 0.1737107
	speed: 0.1621s/iter; left time: 1747.0776s
	iters: 500, epoch: 26 | loss: 0.1750801
	speed: 0.1605s/iter; left time: 1714.1295s
	iters: 600, epoch: 26 | loss: 0.1941091
	speed: 0.1616s/iter; left time: 1709.7347s
	iters: 700, epoch: 26 | loss: 0.1909302
	speed: 0.1603s/iter; left time: 1679.9636s
	iters: 800, epoch: 26 | loss: 0.1976871
	speed: 0.1618s/iter; left time: 1679.1634s
	iters: 900, epoch: 26 | loss: 0.1597060
	speed: 0.1622s/iter; left time: 1667.1100s
	iters: 1000, epoch: 26 | loss: 0.1583148
	speed: 0.1613s/iter; left time: 1641.7325s
	iters: 1100, epoch: 26 | loss: 0.2163948
	speed: 0.1606s/iter; left time: 1618.8472s
	iters: 1200, epoch: 26 | loss: 0.1611138
	speed: 0.1604s/iter; left time: 1600.6814s
	iters: 1300, epoch: 26 | loss: 0.1465655
	speed: 0.1623s/iter; left time: 1604.1607s
	iters: 1400, epoch: 26 | loss: 0.1407052
	speed: 0.1618s/iter; left time: 1582.9888s
	iters: 1500, epoch: 26 | loss: 0.1943166
	speed: 0.1620s/iter; left time: 1568.6367s
	iters: 1600, epoch: 26 | loss: 0.1940519
	speed: 0.1620s/iter; left time: 1552.5699s
	iters: 1700, epoch: 26 | loss: 0.1991057
	speed: 0.1627s/iter; left time: 1542.3243s
	iters: 1800, epoch: 26 | loss: 0.2194523
	speed: 0.1622s/iter; left time: 1521.1975s
	iters: 1900, epoch: 26 | loss: 0.1814962
	speed: 0.1613s/iter; left time: 1496.7129s
	iters: 2000, epoch: 26 | loss: 0.1992648
	speed: 0.1610s/iter; left time: 1478.5566s
	iters: 2100, epoch: 26 | loss: 0.1446555
	speed: 0.1621s/iter; left time: 1471.7242s
	iters: 2200, epoch: 26 | loss: 0.1444354
	speed: 0.1600s/iter; left time: 1436.5968s
Epoch: 26 cost time: 362.7852554321289
Epoch: 26, Steps: 2236 | Train Loss: 0.1733842 Vali Loss: 0.1489290 Test Loss: 0.1682432
EarlyStopping counter: 3 out of 5
Updating learning rate to 6.697639548352135e-06
	iters: 100, epoch: 27 | loss: 0.1707290
	speed: 1.2186s/iter; left time: 10778.6716s
	iters: 200, epoch: 27 | loss: 0.1512944
	speed: 0.1597s/iter; left time: 1396.8715s
	iters: 300, epoch: 27 | loss: 0.1461546
	speed: 0.1599s/iter; left time: 1382.2539s
	iters: 400, epoch: 27 | loss: 0.1797072
	speed: 0.1592s/iter; left time: 1360.6188s
	iters: 500, epoch: 27 | loss: 0.1505902
	speed: 0.1598s/iter; left time: 1349.6907s
	iters: 600, epoch: 27 | loss: 0.1563339
	speed: 0.1601s/iter; left time: 1335.9763s
	iters: 700, epoch: 27 | loss: 0.1538220
	speed: 0.1603s/iter; left time: 1321.5797s
	iters: 800, epoch: 27 | loss: 0.2311977
	speed: 0.1600s/iter; left time: 1303.4052s
	iters: 900, epoch: 27 | loss: 0.2144639
	speed: 0.1588s/iter; left time: 1277.5364s
	iters: 1000, epoch: 27 | loss: 0.1688133
	speed: 0.1600s/iter; left time: 1271.2197s
	iters: 1100, epoch: 27 | loss: 0.1986941
	speed: 0.1596s/iter; left time: 1252.3953s
	iters: 1200, epoch: 27 | loss: 0.2198223
	speed: 0.1597s/iter; left time: 1237.2244s
	iters: 1300, epoch: 27 | loss: 0.1723061
	speed: 0.1591s/iter; left time: 1216.3083s
	iters: 1400, epoch: 27 | loss: 0.2235034
	speed: 0.1595s/iter; left time: 1203.2030s
	iters: 1500, epoch: 27 | loss: 0.1930794
	speed: 0.1597s/iter; left time: 1188.7230s
	iters: 1600, epoch: 27 | loss: 0.1789168
	speed: 0.1596s/iter; left time: 1172.5665s
	iters: 1700, epoch: 27 | loss: 0.2261198
	speed: 0.1590s/iter; left time: 1152.0122s
	iters: 1800, epoch: 27 | loss: 0.1700503
	speed: 0.1592s/iter; left time: 1137.2720s
	iters: 1900, epoch: 27 | loss: 0.1409034
	speed: 0.1596s/iter; left time: 1124.4417s
	iters: 2000, epoch: 27 | loss: 0.1630636
	speed: 0.1592s/iter; left time: 1105.6404s
	iters: 2100, epoch: 27 | loss: 0.1745714
	speed: 0.1587s/iter; left time: 1086.2157s
	iters: 2200, epoch: 27 | loss: 0.1523640
	speed: 0.1594s/iter; left time: 1074.8964s
Epoch: 27 cost time: 358.4109511375427
Epoch: 27, Steps: 2236 | Train Loss: 0.1733081 Vali Loss: 0.1491698 Test Loss: 0.1680609
EarlyStopping counter: 4 out of 5
Updating learning rate to 3.805288083171518e-06
	iters: 100, epoch: 28 | loss: 0.2048437
	speed: 1.2213s/iter; left time: 8071.6209s
	iters: 200, epoch: 28 | loss: 0.1504174
	speed: 0.1602s/iter; left time: 1042.7160s
	iters: 300, epoch: 28 | loss: 0.1462030
	speed: 0.1604s/iter; left time: 1027.8269s
	iters: 400, epoch: 28 | loss: 0.1918813
	speed: 0.1602s/iter; left time: 1010.4911s
	iters: 500, epoch: 28 | loss: 0.1523169
	speed: 0.1603s/iter; left time: 995.1365s
	iters: 600, epoch: 28 | loss: 0.1574581
	speed: 0.1603s/iter; left time: 979.3234s
	iters: 700, epoch: 28 | loss: 0.2133723
	speed: 0.1592s/iter; left time: 956.6376s
	iters: 800, epoch: 28 | loss: 0.1651664
	speed: 0.1594s/iter; left time: 942.1760s
	iters: 900, epoch: 28 | loss: 0.2018588
	speed: 0.1601s/iter; left time: 929.7861s
	iters: 1000, epoch: 28 | loss: 0.1579879
	speed: 0.1603s/iter; left time: 915.2450s
	iters: 1100, epoch: 28 | loss: 0.2073646
	speed: 0.1598s/iter; left time: 896.2116s
	iters: 1200, epoch: 28 | loss: 0.1837430
	speed: 0.1598s/iter; left time: 880.1944s
	iters: 1300, epoch: 28 | loss: 0.1585459
	speed: 0.1606s/iter; left time: 868.8894s
	iters: 1400, epoch: 28 | loss: 0.1797920
	speed: 0.1591s/iter; left time: 844.3984s
	iters: 1500, epoch: 28 | loss: 0.1430192
	speed: 0.1607s/iter; left time: 836.8819s
	iters: 1600, epoch: 28 | loss: 0.2209215
	speed: 0.1608s/iter; left time: 821.4394s
	iters: 1700, epoch: 28 | loss: 0.1968920
	speed: 0.1609s/iter; left time: 805.9807s
	iters: 1800, epoch: 28 | loss: 0.1327966
	speed: 0.1605s/iter; left time: 787.6579s
	iters: 1900, epoch: 28 | loss: 0.1365064
	speed: 0.1599s/iter; left time: 768.7755s
	iters: 2000, epoch: 28 | loss: 0.1501959
	speed: 0.1592s/iter; left time: 749.7820s
	iters: 2100, epoch: 28 | loss: 0.1450252
	speed: 0.1582s/iter; left time: 729.0546s
	iters: 2200, epoch: 28 | loss: 0.1831308
	speed: 0.1598s/iter; left time: 720.4575s
Epoch: 28 cost time: 359.5602993965149
Epoch: 28, Steps: 2236 | Train Loss: 0.1731305 Vali Loss: 0.1489034 Test Loss: 0.1681605
EarlyStopping counter: 5 out of 5
Early stopping
>>>>>>>testing : 192_336_PatchTST_custom_ftM_sl192_ll48_pl336_dm128_nh16_el3_dl1_df256_fc1_ebtimeF_dtTrue_Exp_0<<<<<<<<<<<<<<<<<<<<<<<<<<<<<<<<<
test 4925
mse:0.16862522065639496, mae:0.2610642611980438, rse:0.40869805216789246
