Args in experiment:
Namespace(random_seed=2021, is_training=1, model_id='192_336', model='PatchTST', data='ETTh1', root_path='./dataset/', data_path='ETTh1.csv', features='M', target='OT', freq='h', checkpoints='./checkpoints/', seq_len=192, label_len=48, pred_len=336, fc_dropout=0.3, head_dropout=0.0, patch_len=16, stride=8, padding_patch='end', revin=1, affine=0, subtract_last=0, decomposition=0, kernel_size=25, individual=0, embed_type=0, enc_in=7, dec_in=7, c_out=7, d_model=16, n_heads=4, e_layers=3, d_layers=1, d_ff=128, moving_avg=25, factor=1, distil=True, dropout=0.3, embed='timeF', activation='gelu', output_attention=False, do_predict=False, num_workers=10, itr=1, train_epochs=30, batch_size=128, patience=5, learning_rate=0.0001, des='Exp', loss='mse', lradj='type3', pct_start=0.3, use_amp=False, use_gpu=True, gpu=1, use_multi_gpu=False, devices='0,1,2,3', test_flop=False)
Use GPU: cuda:1
[INFO] Register count_linear() for <class 'torch.nn.modules.linear.Linear'>.
[INFO] Register zero_ops() for <class 'torch.nn.modules.dropout.Dropout'>.
[INFO] Register zero_ops() for <class 'torch.nn.modules.container.Sequential'>.
[INFO] Register count_normalization() for <class 'torch.nn.modules.batchnorm.BatchNorm1d'>.
MACs: 3591168.0
Params: 145808.0
3.59M MACs
>>>>>>>start training : 192_336_PatchTST_ETTh1_ftM_sl192_ll48_pl336_dm16_nh4_el3_dl1_df128_fc1_ebtimeF_dtTrue_Exp_0>>>>>>>>>>>>>>>>>>>>>>>>>>
train 8113
val 2545
test 2545
Epoch: 1 cost time: 7.846985340118408
Epoch: 1, Steps: 64 | Train Loss: 0.7892905 Vali Loss: 1.7823179 Test Loss: 0.8108039
Validation loss decreased (inf --> 1.782318).  Saving model ...
Updating learning rate to 0.0001
Epoch: 2 cost time: 8.148112297058105
Epoch: 2, Steps: 64 | Train Loss: 0.6823996 Vali Loss: 1.4045186 Test Loss: 0.5621824
Validation loss decreased (1.782318 --> 1.404519).  Saving model ...
Updating learning rate to 0.0001
Epoch: 3 cost time: 8.271488189697266
Epoch: 3, Steps: 64 | Train Loss: 0.5784323 Vali Loss: 1.3144410 Test Loss: 0.5106109
Validation loss decreased (1.404519 --> 1.314441).  Saving model ...
Updating learning rate to 0.0001
Epoch: 4 cost time: 8.075675249099731
Epoch: 4, Steps: 64 | Train Loss: 0.5403171 Vali Loss: 1.2721732 Test Loss: 0.4907763
Validation loss decreased (1.314441 --> 1.272173).  Saving model ...
Updating learning rate to 9e-05
Epoch: 5 cost time: 8.42984414100647
Epoch: 5, Steps: 64 | Train Loss: 0.5200336 Vali Loss: 1.2530564 Test Loss: 0.4807351
Validation loss decreased (1.272173 --> 1.253056).  Saving model ...
Updating learning rate to 8.1e-05
Epoch: 6 cost time: 8.49836778640747
Epoch: 6, Steps: 64 | Train Loss: 0.5088054 Vali Loss: 1.2429309 Test Loss: 0.4740308
Validation loss decreased (1.253056 --> 1.242931).  Saving model ...
Updating learning rate to 7.290000000000001e-05
Epoch: 7 cost time: 8.041297197341919
Epoch: 7, Steps: 64 | Train Loss: 0.5016447 Vali Loss: 1.2371546 Test Loss: 0.4703110
Validation loss decreased (1.242931 --> 1.237155).  Saving model ...
Updating learning rate to 6.561e-05
Epoch: 8 cost time: 8.534028053283691
Epoch: 8, Steps: 64 | Train Loss: 0.4986689 Vali Loss: 1.2339209 Test Loss: 0.4676881
Validation loss decreased (1.237155 --> 1.233921).  Saving model ...
Updating learning rate to 5.904900000000001e-05
Epoch: 9 cost time: 8.687576293945312
Epoch: 9, Steps: 64 | Train Loss: 0.4943602 Vali Loss: 1.2315713 Test Loss: 0.4656200
Validation loss decreased (1.233921 --> 1.231571).  Saving model ...
Updating learning rate to 5.3144100000000005e-05
Epoch: 10 cost time: 8.435163021087646
Epoch: 10, Steps: 64 | Train Loss: 0.4921303 Vali Loss: 1.2300472 Test Loss: 0.4644602
Validation loss decreased (1.231571 --> 1.230047).  Saving model ...
Updating learning rate to 4.782969000000001e-05
Epoch: 11 cost time: 8.180850267410278
Epoch: 11, Steps: 64 | Train Loss: 0.4906010 Vali Loss: 1.2281865 Test Loss: 0.4634432
Validation loss decreased (1.230047 --> 1.228186).  Saving model ...
Updating learning rate to 4.304672100000001e-05
Epoch: 12 cost time: 7.723979711532593
Epoch: 12, Steps: 64 | Train Loss: 0.4890305 Vali Loss: 1.2278306 Test Loss: 0.4626717
Validation loss decreased (1.228186 --> 1.227831).  Saving model ...
Updating learning rate to 3.874204890000001e-05
Epoch: 13 cost time: 8.599990367889404
Epoch: 13, Steps: 64 | Train Loss: 0.4878885 Vali Loss: 1.2274580 Test Loss: 0.4617331
Validation loss decreased (1.227831 --> 1.227458).  Saving model ...
Updating learning rate to 3.486784401000001e-05
Epoch: 14 cost time: 8.41888165473938
Epoch: 14, Steps: 64 | Train Loss: 0.4871232 Vali Loss: 1.2263542 Test Loss: 0.4612362
Validation loss decreased (1.227458 --> 1.226354).  Saving model ...
Updating learning rate to 3.138105960900001e-05
Epoch: 15 cost time: 8.383268356323242
Epoch: 15, Steps: 64 | Train Loss: 0.4872643 Vali Loss: 1.2258523 Test Loss: 0.4610059
Validation loss decreased (1.226354 --> 1.225852).  Saving model ...
Updating learning rate to 2.824295364810001e-05
Epoch: 16 cost time: 8.173342943191528
Epoch: 16, Steps: 64 | Train Loss: 0.4853200 Vali Loss: 1.2249234 Test Loss: 0.4604834
Validation loss decreased (1.225852 --> 1.224923).  Saving model ...
Updating learning rate to 2.541865828329001e-05
Epoch: 17 cost time: 8.56569766998291
Epoch: 17, Steps: 64 | Train Loss: 0.4852872 Vali Loss: 1.2256068 Test Loss: 0.4600356
EarlyStopping counter: 1 out of 5
Updating learning rate to 2.287679245496101e-05
Epoch: 18 cost time: 9.031620979309082
Epoch: 18, Steps: 64 | Train Loss: 0.4848770 Vali Loss: 1.2252201 Test Loss: 0.4599410
EarlyStopping counter: 2 out of 5
Updating learning rate to 2.0589113209464907e-05
Epoch: 19 cost time: 8.233054399490356
Epoch: 19, Steps: 64 | Train Loss: 0.4845479 Vali Loss: 1.2252841 Test Loss: 0.4595199
EarlyStopping counter: 3 out of 5
Updating learning rate to 1.8530201888518416e-05
Epoch: 20 cost time: 8.2180757522583
Epoch: 20, Steps: 64 | Train Loss: 0.4841613 Vali Loss: 1.2249376 Test Loss: 0.4593949
EarlyStopping counter: 4 out of 5
Updating learning rate to 1.6677181699666577e-05
Epoch: 21 cost time: 7.900595426559448
Epoch: 21, Steps: 64 | Train Loss: 0.4839700 Vali Loss: 1.2246956 Test Loss: 0.4592255
Validation loss decreased (1.224923 --> 1.224696).  Saving model ...
Updating learning rate to 1.5009463529699919e-05
Epoch: 22 cost time: 7.1877601146698
Epoch: 22, Steps: 64 | Train Loss: 0.4831766 Vali Loss: 1.2243199 Test Loss: 0.4590667
Validation loss decreased (1.224696 --> 1.224320).  Saving model ...
Updating learning rate to 1.3508517176729929e-05
Epoch: 23 cost time: 7.539475202560425
Epoch: 23, Steps: 64 | Train Loss: 0.4830492 Vali Loss: 1.2250491 Test Loss: 0.4588417
EarlyStopping counter: 1 out of 5
Updating learning rate to 1.2157665459056936e-05
Epoch: 24 cost time: 8.597867965698242
Epoch: 24, Steps: 64 | Train Loss: 0.4828442 Vali Loss: 1.2246997 Test Loss: 0.4588138
EarlyStopping counter: 2 out of 5
Updating learning rate to 1.0941898913151242e-05
Epoch: 25 cost time: 8.707019567489624
Epoch: 25, Steps: 64 | Train Loss: 0.4833096 Vali Loss: 1.2240726 Test Loss: 0.4586221
Validation loss decreased (1.224320 --> 1.224073).  Saving model ...
Updating learning rate to 9.847709021836118e-06
Epoch: 26 cost time: 8.125805854797363
Epoch: 26, Steps: 64 | Train Loss: 0.4824063 Vali Loss: 1.2239823 Test Loss: 0.4585435
Validation loss decreased (1.224073 --> 1.223982).  Saving model ...
Updating learning rate to 8.862938119652508e-06
Epoch: 27 cost time: 8.280989170074463
Epoch: 27, Steps: 64 | Train Loss: 0.4825853 Vali Loss: 1.2231064 Test Loss: 0.4585656
Validation loss decreased (1.223982 --> 1.223106).  Saving model ...
Updating learning rate to 7.976644307687255e-06
Epoch: 28 cost time: 8.427378416061401
Epoch: 28, Steps: 64 | Train Loss: 0.4822680 Vali Loss: 1.2238401 Test Loss: 0.4583801
EarlyStopping counter: 1 out of 5
Updating learning rate to 7.178979876918531e-06
Epoch: 29 cost time: 7.548822641372681
Epoch: 29, Steps: 64 | Train Loss: 0.4829481 Vali Loss: 1.2235923 Test Loss: 0.4583541
EarlyStopping counter: 2 out of 5
Updating learning rate to 6.4610818892266776e-06
Epoch: 30 cost time: 8.65433645248413
Epoch: 30, Steps: 64 | Train Loss: 0.4820714 Vali Loss: 1.2233204 Test Loss: 0.4583141
EarlyStopping counter: 3 out of 5
Updating learning rate to 5.8149737003040096e-06
>>>>>>>testing : 192_336_PatchTST_ETTh1_ftM_sl192_ll48_pl336_dm16_nh4_el3_dl1_df128_fc1_ebtimeF_dtTrue_Exp_0<<<<<<<<<<<<<<<<<<<<<<<<<<<<<<<<<
test 2545
mse:0.4577927589416504, mae:0.44048404693603516, rse:0.6441492438316345
