Args in experiment:
Namespace(random_seed=2021, is_training=1, model_id='192_192', model='PatchTST', data='custom', root_path='./dataset/', data_path='traffic.csv', features='M', target='OT', freq='h', checkpoints='./checkpoints/', seq_len=192, label_len=48, pred_len=192, fc_dropout=0.2, head_dropout=0.0, patch_len=16, stride=8, padding_patch='end', revin=1, affine=0, subtract_last=0, decomposition=0, kernel_size=25, individual=0, embed_type=0, enc_in=862, dec_in=7, c_out=7, d_model=128, n_heads=16, e_layers=3, d_layers=1, d_ff=256, moving_avg=25, factor=1, distil=True, dropout=0.2, embed='timeF', activation='gelu', output_attention=False, do_predict=False, num_workers=10, itr=1, train_epochs=30, batch_size=4, patience=5, learning_rate=0.0001, des='Exp', loss='mse', lradj='TST', pct_start=0.2, use_amp=False, use_gpu=True, gpu=1, use_multi_gpu=False, devices='0,1,2,3', test_flop=False)
Use GPU: cuda:1
[INFO] Register count_linear() for <class 'torch.nn.modules.linear.Linear'>.
[INFO] Register zero_ops() for <class 'torch.nn.modules.dropout.Dropout'>.
[INFO] Register zero_ops() for <class 'torch.nn.modules.container.Sequential'>.
[INFO] Register count_normalization() for <class 'torch.nn.modules.batchnorm.BatchNorm1d'>.
MACs: 8749203456.0
Params: 989632.0
8.75G MACs
>>>>>>>start training : 192_192_PatchTST_custom_ftM_sl192_ll48_pl192_dm128_nh16_el3_dl1_df256_fc1_ebtimeF_dtTrue_Exp_0>>>>>>>>>>>>>>>>>>>>>>>>>>
train 11897
val 1565
test 3317
	iters: 100, epoch: 1 | loss: 0.8956343
	speed: 0.2083s/iter; left time: 18565.9596s
	iters: 200, epoch: 1 | loss: 0.7774678
	speed: 0.2023s/iter; left time: 18018.0708s
	iters: 300, epoch: 1 | loss: 0.6187599
	speed: 0.2017s/iter; left time: 17942.3787s
	iters: 400, epoch: 1 | loss: 0.6242103
	speed: 0.2017s/iter; left time: 17924.9740s
	iters: 500, epoch: 1 | loss: 0.5473936
	speed: 0.2016s/iter; left time: 17895.2891s
	iters: 600, epoch: 1 | loss: 0.5631878
	speed: 0.2014s/iter; left time: 17856.7502s
	iters: 700, epoch: 1 | loss: 0.4894992
	speed: 0.2016s/iter; left time: 17852.2739s
	iters: 800, epoch: 1 | loss: 0.5209755
	speed: 0.2015s/iter; left time: 17825.0217s
	iters: 900, epoch: 1 | loss: 0.4681441
	speed: 0.2016s/iter; left time: 17814.9756s
	iters: 1000, epoch: 1 | loss: 0.4898847
	speed: 0.2015s/iter; left time: 17779.0901s
	iters: 1100, epoch: 1 | loss: 0.5045466
	speed: 0.2014s/iter; left time: 17757.6843s
	iters: 1200, epoch: 1 | loss: 0.4493153
	speed: 0.2016s/iter; left time: 17747.4881s
	iters: 1300, epoch: 1 | loss: 0.4099526
	speed: 0.2013s/iter; left time: 17708.8112s
	iters: 1400, epoch: 1 | loss: 0.4554015
	speed: 0.2015s/iter; left time: 17701.0087s
	iters: 1500, epoch: 1 | loss: 0.3988270
	speed: 0.2017s/iter; left time: 17697.2848s
	iters: 1600, epoch: 1 | loss: 0.4252312
	speed: 0.2013s/iter; left time: 17643.8850s
	iters: 1700, epoch: 1 | loss: 0.4367938
	speed: 0.2014s/iter; left time: 17630.1842s
	iters: 1800, epoch: 1 | loss: 0.4283984
	speed: 0.2015s/iter; left time: 17623.6421s
	iters: 1900, epoch: 1 | loss: 0.3786388
	speed: 0.2018s/iter; left time: 17624.7603s
	iters: 2000, epoch: 1 | loss: 0.3937508
	speed: 0.2020s/iter; left time: 17624.6654s
	iters: 2100, epoch: 1 | loss: 0.4390050
	speed: 0.2015s/iter; left time: 17558.9125s
	iters: 2200, epoch: 1 | loss: 0.3406069
	speed: 0.2015s/iter; left time: 17541.8309s
	iters: 2300, epoch: 1 | loss: 0.3209593
	speed: 0.2018s/iter; left time: 17545.2609s
	iters: 2400, epoch: 1 | loss: 0.4464518
	speed: 0.2017s/iter; left time: 17515.8558s
	iters: 2500, epoch: 1 | loss: 0.4041495
	speed: 0.2015s/iter; left time: 17482.5645s
	iters: 2600, epoch: 1 | loss: 0.3924969
	speed: 0.2018s/iter; left time: 17489.7480s
	iters: 2700, epoch: 1 | loss: 0.3724554
	speed: 0.2019s/iter; left time: 17478.1702s
	iters: 2800, epoch: 1 | loss: 0.3912334
	speed: 0.2022s/iter; left time: 17477.8650s
	iters: 2900, epoch: 1 | loss: 0.3644452
	speed: 0.2017s/iter; left time: 17417.8159s
Epoch: 1 cost time: 600.6615328788757
Epoch: 1, Steps: 2975 | Train Loss: 0.4793466 Vali Loss: 0.3968371 Test Loss: 0.4946062
Validation loss decreased (inf --> 0.396837).  Saving model ...
Updating learning rate to 1.0431484674028405e-05
	iters: 100, epoch: 2 | loss: 0.3769789
	speed: 1.4718s/iter; left time: 126837.5057s
	iters: 200, epoch: 2 | loss: 0.2924624
	speed: 0.2017s/iter; left time: 17360.4851s
	iters: 300, epoch: 2 | loss: 0.3377763
	speed: 0.2022s/iter; left time: 17381.6470s
	iters: 400, epoch: 2 | loss: 0.3492666
	speed: 0.2022s/iter; left time: 17367.4119s
	iters: 500, epoch: 2 | loss: 0.3838567
	speed: 0.2025s/iter; left time: 17370.6543s
	iters: 600, epoch: 2 | loss: 0.3833466
	speed: 0.2020s/iter; left time: 17309.9457s
	iters: 700, epoch: 2 | loss: 0.4228362
	speed: 0.2019s/iter; left time: 17274.7297s
	iters: 800, epoch: 2 | loss: 0.3522232
	speed: 0.2018s/iter; left time: 17252.1610s
	iters: 900, epoch: 2 | loss: 0.3769456
	speed: 0.2022s/iter; left time: 17266.5865s
	iters: 1000, epoch: 2 | loss: 0.3038211
	speed: 0.2020s/iter; left time: 17229.4336s
	iters: 1100, epoch: 2 | loss: 0.3089981
	speed: 0.2020s/iter; left time: 17205.1703s
	iters: 1200, epoch: 2 | loss: 0.2823993
	speed: 0.2020s/iter; left time: 17184.6135s
	iters: 1300, epoch: 2 | loss: 0.2746260
	speed: 0.2024s/iter; left time: 17203.3380s
	iters: 1400, epoch: 2 | loss: 0.2810719
	speed: 0.2021s/iter; left time: 17156.4153s
	iters: 1500, epoch: 2 | loss: 0.2842913
	speed: 0.2026s/iter; left time: 17179.8462s
	iters: 1600, epoch: 2 | loss: 0.3431251
	speed: 0.2022s/iter; left time: 17121.1297s
	iters: 1700, epoch: 2 | loss: 0.2806977
	speed: 0.2019s/iter; left time: 17075.6105s
	iters: 1800, epoch: 2 | loss: 0.3147125
	speed: 0.2019s/iter; left time: 17057.0911s
	iters: 1900, epoch: 2 | loss: 0.2899225
	speed: 0.2018s/iter; left time: 17025.4418s
	iters: 2000, epoch: 2 | loss: 0.3484421
	speed: 0.2021s/iter; left time: 17035.4054s
	iters: 2100, epoch: 2 | loss: 0.3304943
	speed: 0.2022s/iter; left time: 17020.4268s
	iters: 2200, epoch: 2 | loss: 0.2891531
	speed: 0.2025s/iter; left time: 17028.4621s
	iters: 2300, epoch: 2 | loss: 0.3170913
	speed: 0.2017s/iter; left time: 16935.8144s
	iters: 2400, epoch: 2 | loss: 0.3009222
	speed: 0.2015s/iter; left time: 16899.9392s
	iters: 2500, epoch: 2 | loss: 0.2979015
	speed: 0.2015s/iter; left time: 16878.3422s
	iters: 2600, epoch: 2 | loss: 0.2633726
	speed: 0.2018s/iter; left time: 16882.2965s
	iters: 2700, epoch: 2 | loss: 0.3168564
	speed: 0.2015s/iter; left time: 16838.4641s
	iters: 2800, epoch: 2 | loss: 0.2665579
	speed: 0.2016s/iter; left time: 16832.7292s
	iters: 2900, epoch: 2 | loss: 0.3032807
	speed: 0.2015s/iter; left time: 16799.5133s
Epoch: 2 cost time: 601.9100642204285
Epoch: 2, Steps: 2975 | Train Loss: 0.3191089 Vali Loss: 0.3761675 Test Loss: 0.4612207
Validation loss decreased (0.396837 --> 0.376168).  Saving model ...
Updating learning rate to 2.800243889976936e-05
	iters: 100, epoch: 3 | loss: 0.2362521
	speed: 1.4971s/iter; left time: 124556.5747s
	iters: 200, epoch: 3 | loss: 0.2915029
	speed: 0.2017s/iter; left time: 16761.1270s
	iters: 300, epoch: 3 | loss: 0.3438280
	speed: 0.2018s/iter; left time: 16751.4654s
	iters: 400, epoch: 3 | loss: 0.3141308
	speed: 0.2017s/iter; left time: 16721.2118s
	iters: 500, epoch: 3 | loss: 0.2825780
	speed: 0.2017s/iter; left time: 16701.8665s
	iters: 600, epoch: 3 | loss: 0.2597816
	speed: 0.2024s/iter; left time: 16739.6637s
	iters: 700, epoch: 3 | loss: 0.2978506
	speed: 0.2017s/iter; left time: 16661.3658s
	iters: 800, epoch: 3 | loss: 0.3775733
	speed: 0.2019s/iter; left time: 16655.5731s
	iters: 900, epoch: 3 | loss: 0.2665105
	speed: 0.2023s/iter; left time: 16666.0424s
	iters: 1000, epoch: 3 | loss: 0.2726718
	speed: 0.2015s/iter; left time: 16586.8494s
	iters: 1100, epoch: 3 | loss: 0.3121033
	speed: 0.2015s/iter; left time: 16564.9867s
	iters: 1200, epoch: 3 | loss: 0.2499849
	speed: 0.2013s/iter; left time: 16526.8010s
	iters: 1300, epoch: 3 | loss: 0.2922982
	speed: 0.2017s/iter; left time: 16537.5888s
	iters: 1400, epoch: 3 | loss: 0.2690092
	speed: 0.2014s/iter; left time: 16497.3449s
	iters: 1500, epoch: 3 | loss: 0.3546833
	speed: 0.2015s/iter; left time: 16480.4378s
	iters: 1600, epoch: 3 | loss: 0.2979010
	speed: 0.2018s/iter; left time: 16488.7719s
	iters: 1700, epoch: 3 | loss: 0.2439348
	speed: 0.2016s/iter; left time: 16448.3506s
	iters: 1800, epoch: 3 | loss: 0.2883309
	speed: 0.2024s/iter; left time: 16496.6360s
	iters: 1900, epoch: 3 | loss: 0.2790921
	speed: 0.2018s/iter; left time: 16425.1797s
	iters: 2000, epoch: 3 | loss: 0.2789460
	speed: 0.2018s/iter; left time: 16403.8813s
	iters: 2100, epoch: 3 | loss: 0.2627374
	speed: 0.2014s/iter; left time: 16352.2953s
	iters: 2200, epoch: 3 | loss: 0.2666821
	speed: 0.2025s/iter; left time: 16424.7430s
	iters: 2300, epoch: 3 | loss: 0.3323088
	speed: 0.2014s/iter; left time: 16316.2602s
	iters: 2400, epoch: 3 | loss: 0.2591815
	speed: 0.2016s/iter; left time: 16308.8258s
	iters: 2500, epoch: 3 | loss: 0.3789025
	speed: 0.2015s/iter; left time: 16280.5114s
	iters: 2600, epoch: 3 | loss: 0.2823467
	speed: 0.2018s/iter; left time: 16287.3740s
	iters: 2700, epoch: 3 | loss: 0.2930168
	speed: 0.2016s/iter; left time: 16249.9980s
	iters: 2800, epoch: 3 | loss: 0.3042520
	speed: 0.2017s/iter; left time: 16239.9132s
	iters: 2900, epoch: 3 | loss: 0.3225492
	speed: 0.2019s/iter; left time: 16229.4977s
Epoch: 3 cost time: 601.411239862442
Epoch: 3, Steps: 2975 | Train Loss: 0.2948010 Vali Loss: 0.3694054 Test Loss: 0.4506012
Validation loss decreased (0.376168 --> 0.369405).  Saving model ...
Updating learning rate to 5.2004224226768384e-05
	iters: 100, epoch: 4 | loss: 0.3283959
	speed: 1.4954s/iter; left time: 119972.6751s
	iters: 200, epoch: 4 | loss: 0.2504643
	speed: 0.2018s/iter; left time: 16167.3404s
	iters: 300, epoch: 4 | loss: 0.2475131
	speed: 0.2015s/iter; left time: 16122.1012s
	iters: 400, epoch: 4 | loss: 0.2553823
	speed: 0.2017s/iter; left time: 16123.7630s
	iters: 500, epoch: 4 | loss: 0.2756568
	speed: 0.2016s/iter; left time: 16095.1368s
	iters: 600, epoch: 4 | loss: 0.2659270
	speed: 0.2020s/iter; left time: 16101.5558s
	iters: 700, epoch: 4 | loss: 0.3251837
	speed: 0.2018s/iter; left time: 16071.2443s
	iters: 800, epoch: 4 | loss: 0.2778964
	speed: 0.2017s/iter; left time: 16043.6464s
	iters: 900, epoch: 4 | loss: 0.2738720
	speed: 0.2025s/iter; left time: 16080.9025s
	iters: 1000, epoch: 4 | loss: 0.3156224
	speed: 0.2020s/iter; left time: 16026.4900s
	iters: 1100, epoch: 4 | loss: 0.2418730
	speed: 0.2020s/iter; left time: 16000.8136s
	iters: 1200, epoch: 4 | loss: 0.2553374
	speed: 0.2020s/iter; left time: 15981.3963s
	iters: 1300, epoch: 4 | loss: 0.3138870
	speed: 0.2017s/iter; left time: 15942.5370s
	iters: 1400, epoch: 4 | loss: 0.3384732
	speed: 0.2016s/iter; left time: 15915.1260s
	iters: 1500, epoch: 4 | loss: 0.3188680
	speed: 0.2019s/iter; left time: 15917.0978s
	iters: 1600, epoch: 4 | loss: 0.2476502
	speed: 0.2016s/iter; left time: 15874.6879s
	iters: 1700, epoch: 4 | loss: 0.3188417
	speed: 0.2011s/iter; left time: 15811.2862s
	iters: 1800, epoch: 4 | loss: 0.3052443
	speed: 0.2012s/iter; left time: 15798.9707s
	iters: 1900, epoch: 4 | loss: 0.2439244
	speed: 0.2012s/iter; left time: 15778.5063s
	iters: 2000, epoch: 4 | loss: 0.3549677
	speed: 0.2011s/iter; left time: 15753.9903s
	iters: 2100, epoch: 4 | loss: 0.2458797
	speed: 0.2014s/iter; left time: 15757.2636s
	iters: 2200, epoch: 4 | loss: 0.2643505
	speed: 0.2012s/iter; left time: 15720.0734s
	iters: 2300, epoch: 4 | loss: 0.2536915
	speed: 0.2013s/iter; left time: 15705.0986s
	iters: 2400, epoch: 4 | loss: 0.2742898
	speed: 0.2012s/iter; left time: 15679.8879s
	iters: 2500, epoch: 4 | loss: 0.2499535
	speed: 0.2011s/iter; left time: 15651.6524s
	iters: 2600, epoch: 4 | loss: 0.2802665
	speed: 0.2011s/iter; left time: 15630.9211s
	iters: 2700, epoch: 4 | loss: 0.2759567
	speed: 0.2013s/iter; left time: 15623.6100s
	iters: 2800, epoch: 4 | loss: 0.3143266
	speed: 0.2012s/iter; left time: 15595.5793s
	iters: 2900, epoch: 4 | loss: 0.2164740
	speed: 0.2011s/iter; left time: 15571.0286s
Epoch: 4 cost time: 600.6010537147522
Epoch: 4, Steps: 2975 | Train Loss: 0.2813334 Vali Loss: 0.3685397 Test Loss: 0.4465221
Validation loss decreased (0.369405 --> 0.368540).  Saving model ...
Updating learning rate to 7.600487755169573e-05
	iters: 100, epoch: 5 | loss: 0.2813247
	speed: 1.4847s/iter; left time: 114696.8388s
	iters: 200, epoch: 5 | loss: 0.3124199
	speed: 0.2010s/iter; left time: 15510.0163s
	iters: 300, epoch: 5 | loss: 0.2235052
	speed: 0.2011s/iter; left time: 15498.3272s
	iters: 400, epoch: 5 | loss: 0.3697594
	speed: 0.2013s/iter; left time: 15489.2218s
	iters: 500, epoch: 5 | loss: 0.2970821
	speed: 0.2011s/iter; left time: 15455.1915s
	iters: 600, epoch: 5 | loss: 0.2711023
	speed: 0.2013s/iter; left time: 15446.6070s
	iters: 700, epoch: 5 | loss: 0.2680686
	speed: 0.2013s/iter; left time: 15426.2413s
	iters: 800, epoch: 5 | loss: 0.2971624
	speed: 0.2011s/iter; left time: 15396.5513s
	iters: 900, epoch: 5 | loss: 0.2655441
	speed: 0.2014s/iter; left time: 15396.3290s
	iters: 1000, epoch: 5 | loss: 0.2742772
	speed: 0.2012s/iter; left time: 15358.8847s
	iters: 1100, epoch: 5 | loss: 0.2606322
	speed: 0.2011s/iter; left time: 15336.7008s
	iters: 1200, epoch: 5 | loss: 0.2601852
	speed: 0.2012s/iter; left time: 15321.5931s
	iters: 1300, epoch: 5 | loss: 0.2599474
	speed: 0.2010s/iter; left time: 15289.1093s
	iters: 1400, epoch: 5 | loss: 0.3583211
	speed: 0.2012s/iter; left time: 15278.7352s
	iters: 1500, epoch: 5 | loss: 0.3246037
	speed: 0.2012s/iter; left time: 15263.7233s
	iters: 1600, epoch: 5 | loss: 0.3017820
	speed: 0.2012s/iter; left time: 15239.2490s
	iters: 1700, epoch: 5 | loss: 0.2503963
	speed: 0.2013s/iter; left time: 15228.8000s
	iters: 1800, epoch: 5 | loss: 0.2827978
	speed: 0.2014s/iter; left time: 15217.4338s
	iters: 1900, epoch: 5 | loss: 0.3156055
	speed: 0.2012s/iter; left time: 15179.1489s
	iters: 2000, epoch: 5 | loss: 0.2865839
	speed: 0.2015s/iter; left time: 15181.4385s
	iters: 2100, epoch: 5 | loss: 0.2949988
	speed: 0.2014s/iter; left time: 15156.1871s
	iters: 2200, epoch: 5 | loss: 0.2499216
	speed: 0.2014s/iter; left time: 15136.0114s
	iters: 2300, epoch: 5 | loss: 0.2512672
	speed: 0.2015s/iter; left time: 15121.4050s
	iters: 2400, epoch: 5 | loss: 0.2479922
	speed: 0.2014s/iter; left time: 15097.6463s
	iters: 2500, epoch: 5 | loss: 0.2983809
	speed: 0.2012s/iter; left time: 15057.7747s
	iters: 2600, epoch: 5 | loss: 0.2382615
	speed: 0.2014s/iter; left time: 15056.5321s
	iters: 2700, epoch: 5 | loss: 0.2938396
	speed: 0.2014s/iter; left time: 15033.3430s
	iters: 2800, epoch: 5 | loss: 0.2728459
	speed: 0.2015s/iter; left time: 15018.5915s
	iters: 2900, epoch: 5 | loss: 0.2768558
	speed: 0.2012s/iter; left time: 14977.3608s
Epoch: 5 cost time: 599.9273669719696
Epoch: 5, Steps: 2975 | Train Loss: 0.2724717 Vali Loss: 0.3650711 Test Loss: 0.4403234
Validation loss decreased (0.368540 --> 0.365071).  Saving model ...
Updating learning rate to 9.357273912347058e-05
	iters: 100, epoch: 6 | loss: 0.2548589
	speed: 1.4862s/iter; left time: 110390.6504s
	iters: 200, epoch: 6 | loss: 0.2948646
	speed: 0.2015s/iter; left time: 14942.9393s
	iters: 300, epoch: 6 | loss: 0.2075033
	speed: 0.2012s/iter; left time: 14906.6506s
	iters: 400, epoch: 6 | loss: 0.3004164
	speed: 0.2012s/iter; left time: 14886.9635s
	iters: 500, epoch: 6 | loss: 0.3031065
	speed: 0.2013s/iter; left time: 14869.6762s
	iters: 600, epoch: 6 | loss: 0.2576747
	speed: 0.2013s/iter; left time: 14853.2487s
	iters: 700, epoch: 6 | loss: 0.3331040
	speed: 0.2013s/iter; left time: 14829.5292s
	iters: 800, epoch: 6 | loss: 0.2017526
	speed: 0.2014s/iter; left time: 14818.9122s
	iters: 900, epoch: 6 | loss: 0.4231800
	speed: 0.2014s/iter; left time: 14795.6176s
	iters: 1000, epoch: 6 | loss: 0.2177507
	speed: 0.2014s/iter; left time: 14774.9273s
	iters: 1100, epoch: 6 | loss: 0.2894950
	speed: 0.2013s/iter; left time: 14748.6725s
	iters: 1200, epoch: 6 | loss: 0.2823307
	speed: 0.2011s/iter; left time: 14715.7141s
	iters: 1300, epoch: 6 | loss: 0.2562557
	speed: 0.2015s/iter; left time: 14727.3844s
	iters: 1400, epoch: 6 | loss: 0.2491462
	speed: 0.2013s/iter; left time: 14687.3021s
	iters: 1500, epoch: 6 | loss: 0.2569838
	speed: 0.2011s/iter; left time: 14655.8983s
	iters: 1600, epoch: 6 | loss: 0.2305289
	speed: 0.2013s/iter; left time: 14647.1424s
	iters: 1700, epoch: 6 | loss: 0.2507382
	speed: 0.2012s/iter; left time: 14620.4500s
	iters: 1800, epoch: 6 | loss: 0.2231717
	speed: 0.2013s/iter; left time: 14608.1329s
	iters: 1900, epoch: 6 | loss: 0.2488117
	speed: 0.2011s/iter; left time: 14576.3532s
	iters: 2000, epoch: 6 | loss: 0.3039338
	speed: 0.2010s/iter; left time: 14550.9016s
	iters: 2100, epoch: 6 | loss: 0.2781083
	speed: 0.2010s/iter; left time: 14526.9728s
	iters: 2200, epoch: 6 | loss: 0.2458283
	speed: 0.2015s/iter; left time: 14541.7505s
	iters: 2300, epoch: 6 | loss: 0.2182699
	speed: 0.2011s/iter; left time: 14495.8404s
	iters: 2400, epoch: 6 | loss: 0.2852991
	speed: 0.2012s/iter; left time: 14478.0757s
	iters: 2500, epoch: 6 | loss: 0.3578915
	speed: 0.2010s/iter; left time: 14447.5391s
	iters: 2600, epoch: 6 | loss: 0.2369104
	speed: 0.2010s/iter; left time: 14430.4026s
	iters: 2700, epoch: 6 | loss: 0.2858239
	speed: 0.2012s/iter; left time: 14418.8781s
	iters: 2800, epoch: 6 | loss: 0.2218272
	speed: 0.2013s/iter; left time: 14407.8668s
	iters: 2900, epoch: 6 | loss: 0.3048857
	speed: 0.2011s/iter; left time: 14373.7905s
Epoch: 6 cost time: 599.7699899673462
Epoch: 6, Steps: 2975 | Train Loss: 0.2657437 Vali Loss: 0.3647252 Test Loss: 0.4359459
Validation loss decreased (0.365071 --> 0.364725).  Saving model ...
Updating learning rate to 9.999999995160042e-05
	iters: 100, epoch: 7 | loss: 0.2453080
	speed: 1.4805s/iter; left time: 105564.4636s
	iters: 200, epoch: 7 | loss: 0.2387707
	speed: 0.2011s/iter; left time: 14319.2744s
	iters: 300, epoch: 7 | loss: 0.2592751
	speed: 0.2010s/iter; left time: 14294.2595s
	iters: 400, epoch: 7 | loss: 0.2296013
	speed: 0.2012s/iter; left time: 14285.5690s
	iters: 500, epoch: 7 | loss: 0.2733370
	speed: 0.2014s/iter; left time: 14276.3773s
	iters: 600, epoch: 7 | loss: 0.2903342
	speed: 0.2010s/iter; left time: 14233.0195s
	iters: 700, epoch: 7 | loss: 0.2608078
	speed: 0.2013s/iter; left time: 14230.1577s
	iters: 800, epoch: 7 | loss: 0.2472620
	speed: 0.2009s/iter; left time: 14182.5752s
	iters: 900, epoch: 7 | loss: 0.2619164
	speed: 0.2011s/iter; left time: 14177.6856s
	iters: 1000, epoch: 7 | loss: 0.2675435
	speed: 0.2010s/iter; left time: 14152.6801s
	iters: 1100, epoch: 7 | loss: 0.3090816
	speed: 0.2013s/iter; left time: 14152.1611s
	iters: 1200, epoch: 7 | loss: 0.2286782
	speed: 0.2011s/iter; left time: 14116.2472s
	iters: 1300, epoch: 7 | loss: 0.3212249
	speed: 0.2011s/iter; left time: 14100.2404s
	iters: 1400, epoch: 7 | loss: 0.2564041
	speed: 0.2009s/iter; left time: 14062.2367s
	iters: 1500, epoch: 7 | loss: 0.3100154
	speed: 0.2011s/iter; left time: 14054.1962s
	iters: 1600, epoch: 7 | loss: 0.2020117
	speed: 0.2011s/iter; left time: 14039.1165s
	iters: 1700, epoch: 7 | loss: 0.2601388
	speed: 0.2013s/iter; left time: 14028.6017s
	iters: 1800, epoch: 7 | loss: 0.2427815
	speed: 0.2011s/iter; left time: 13999.7554s
	iters: 1900, epoch: 7 | loss: 0.2143392
	speed: 0.2012s/iter; left time: 13983.4150s
	iters: 2000, epoch: 7 | loss: 0.2625020
	speed: 0.2013s/iter; left time: 13969.3275s
	iters: 2100, epoch: 7 | loss: 0.2603490
	speed: 0.2010s/iter; left time: 13927.8457s
	iters: 2200, epoch: 7 | loss: 0.2705809
	speed: 0.2011s/iter; left time: 13915.2014s
	iters: 2300, epoch: 7 | loss: 0.3622362
	speed: 0.2010s/iter; left time: 13891.4018s
	iters: 2400, epoch: 7 | loss: 0.2784392
	speed: 0.2008s/iter; left time: 13855.5784s
	iters: 2500, epoch: 7 | loss: 0.3100269
	speed: 0.2010s/iter; left time: 13848.1966s
	iters: 2600, epoch: 7 | loss: 0.1893173
	speed: 0.2010s/iter; left time: 13827.6665s
	iters: 2700, epoch: 7 | loss: 0.2467470
	speed: 0.2011s/iter; left time: 13816.9771s
	iters: 2800, epoch: 7 | loss: 0.2590549
	speed: 0.2010s/iter; left time: 13788.2043s
	iters: 2900, epoch: 7 | loss: 0.2534407
	speed: 0.2008s/iter; left time: 13758.1241s
Epoch: 7 cost time: 599.47496509552
Epoch: 7, Steps: 2975 | Train Loss: 0.2602711 Vali Loss: 0.3591483 Test Loss: 0.4304472
Validation loss decreased (0.364725 --> 0.359148).  Saving model ...
Updating learning rate to 9.957195757593006e-05
	iters: 100, epoch: 8 | loss: 0.2788273
	speed: 1.4807s/iter; left time: 101170.5962s
	iters: 200, epoch: 8 | loss: 0.2301000
	speed: 0.2011s/iter; left time: 13719.6940s
	iters: 300, epoch: 8 | loss: 0.2702439
	speed: 0.2009s/iter; left time: 13687.6958s
	iters: 400, epoch: 8 | loss: 0.3023818
	speed: 0.2010s/iter; left time: 13671.0084s
	iters: 500, epoch: 8 | loss: 0.3139847
	speed: 0.2010s/iter; left time: 13653.4191s
	iters: 600, epoch: 8 | loss: 0.2908824
	speed: 0.2010s/iter; left time: 13636.2993s
	iters: 700, epoch: 8 | loss: 0.2380249
	speed: 0.2010s/iter; left time: 13613.8904s
	iters: 800, epoch: 8 | loss: 0.2088071
	speed: 0.2011s/iter; left time: 13597.1134s
	iters: 900, epoch: 8 | loss: 0.2063799
	speed: 0.2011s/iter; left time: 13582.1852s
	iters: 1000, epoch: 8 | loss: 0.2530422
	speed: 0.2012s/iter; left time: 13568.3286s
	iters: 1100, epoch: 8 | loss: 0.2748952
	speed: 0.2012s/iter; left time: 13545.8886s
	iters: 1200, epoch: 8 | loss: 0.3005267
	speed: 0.2009s/iter; left time: 13502.5253s
	iters: 1300, epoch: 8 | loss: 0.2186589
	speed: 0.2011s/iter; left time: 13501.5937s
	iters: 1400, epoch: 8 | loss: 0.2752276
	speed: 0.2012s/iter; left time: 13487.9668s
	iters: 1500, epoch: 8 | loss: 0.2469648
	speed: 0.2011s/iter; left time: 13458.9829s
	iters: 1600, epoch: 8 | loss: 0.3218412
	speed: 0.2013s/iter; left time: 13449.3371s
	iters: 1700, epoch: 8 | loss: 0.2348194
	speed: 0.2010s/iter; left time: 13411.4504s
	iters: 1800, epoch: 8 | loss: 0.2480383
	speed: 0.2011s/iter; left time: 13396.8222s
	iters: 1900, epoch: 8 | loss: 0.2311326
	speed: 0.2011s/iter; left time: 13376.0633s
	iters: 2000, epoch: 8 | loss: 0.3168635
	speed: 0.2012s/iter; left time: 13365.0522s
	iters: 2100, epoch: 8 | loss: 0.2677271
	speed: 0.2015s/iter; left time: 13361.5601s
	iters: 2200, epoch: 8 | loss: 0.2375410
	speed: 0.2011s/iter; left time: 13316.2335s
	iters: 2300, epoch: 8 | loss: 0.2435560
	speed: 0.2013s/iter; left time: 13312.9826s
	iters: 2400, epoch: 8 | loss: 0.2426946
	speed: 0.2012s/iter; left time: 13281.8066s
	iters: 2500, epoch: 8 | loss: 0.2296354
	speed: 0.2011s/iter; left time: 13254.5613s
	iters: 2600, epoch: 8 | loss: 0.2970029
	speed: 0.2011s/iter; left time: 13234.7710s
	iters: 2700, epoch: 8 | loss: 0.2402515
	speed: 0.2015s/iter; left time: 13242.9103s
	iters: 2800, epoch: 8 | loss: 0.2975052
	speed: 0.2015s/iter; left time: 13222.0103s
	iters: 2900, epoch: 8 | loss: 0.2627684
	speed: 0.2017s/iter; left time: 13217.3485s
Epoch: 8 cost time: 599.5659556388855
Epoch: 8, Steps: 2975 | Train Loss: 0.2561100 Vali Loss: 0.3575366 Test Loss: 0.4260373
Validation loss decreased (0.359148 --> 0.357537).  Saving model ...
Updating learning rate to 9.829572868424782e-05
	iters: 100, epoch: 9 | loss: 0.2195720
	speed: 1.4927s/iter; left time: 97552.2380s
	iters: 200, epoch: 9 | loss: 0.2856761
	speed: 0.2017s/iter; left time: 13158.7251s
	iters: 300, epoch: 9 | loss: 0.2537879
	speed: 0.2017s/iter; left time: 13139.6347s
	iters: 400, epoch: 9 | loss: 0.2345977
	speed: 0.2019s/iter; left time: 13134.1363s
	iters: 500, epoch: 9 | loss: 0.2575676
	speed: 0.2017s/iter; left time: 13099.0549s
	iters: 600, epoch: 9 | loss: 0.2151030
	speed: 0.2017s/iter; left time: 13078.0030s
	iters: 700, epoch: 9 | loss: 0.2802319
	speed: 0.2014s/iter; left time: 13043.4277s
	iters: 800, epoch: 9 | loss: 0.2513868
	speed: 0.2018s/iter; left time: 13048.0496s
	iters: 900, epoch: 9 | loss: 0.2313294
	speed: 0.2018s/iter; left time: 13023.4560s
	iters: 1000, epoch: 9 | loss: 0.2339554
	speed: 0.2019s/iter; left time: 13009.9242s
	iters: 1100, epoch: 9 | loss: 0.2382950
	speed: 0.2018s/iter; left time: 12985.3546s
	iters: 1200, epoch: 9 | loss: 0.2091969
	speed: 0.2015s/iter; left time: 12945.7864s
	iters: 1300, epoch: 9 | loss: 0.2577643
	speed: 0.2011s/iter; left time: 12899.6050s
	iters: 1400, epoch: 9 | loss: 0.2410410
	speed: 0.2011s/iter; left time: 12881.9773s
	iters: 1500, epoch: 9 | loss: 0.2022690
	speed: 0.2013s/iter; left time: 12871.8239s
	iters: 1600, epoch: 9 | loss: 0.3017494
	speed: 0.2011s/iter; left time: 12838.5812s
	iters: 1700, epoch: 9 | loss: 0.2279883
	speed: 0.2012s/iter; left time: 12827.7298s
	iters: 1800, epoch: 9 | loss: 0.1912002
	speed: 0.2012s/iter; left time: 12806.1404s
	iters: 1900, epoch: 9 | loss: 0.2571959
	speed: 0.2015s/iter; left time: 12806.9957s
	iters: 2000, epoch: 9 | loss: 0.2785309
	speed: 0.2014s/iter; left time: 12777.0813s
	iters: 2100, epoch: 9 | loss: 0.2324053
	speed: 0.2011s/iter; left time: 12740.5048s
	iters: 2200, epoch: 9 | loss: 0.2388108
	speed: 0.2014s/iter; left time: 12739.9448s
	iters: 2300, epoch: 9 | loss: 0.2364858
	speed: 0.2015s/iter; left time: 12727.4958s
	iters: 2400, epoch: 9 | loss: 0.2772655
	speed: 0.2016s/iter; left time: 12709.9941s
	iters: 2500, epoch: 9 | loss: 0.2418454
	speed: 0.2013s/iter; left time: 12671.0015s
	iters: 2600, epoch: 9 | loss: 0.2620085
	speed: 0.2014s/iter; left time: 12660.4789s
	iters: 2700, epoch: 9 | loss: 0.2848108
	speed: 0.2011s/iter; left time: 12618.9892s
	iters: 2800, epoch: 9 | loss: 0.3297426
	speed: 0.2014s/iter; left time: 12616.5936s
	iters: 2900, epoch: 9 | loss: 0.2383792
	speed: 0.2017s/iter; left time: 12613.5293s
Epoch: 9 cost time: 600.5495457649231
Epoch: 9, Steps: 2975 | Train Loss: 0.2528826 Vali Loss: 0.3560097 Test Loss: 0.4248340
Validation loss decreased (0.357537 --> 0.356010).  Saving model ...
Updating learning rate to 9.619314990672786e-05
	iters: 100, epoch: 10 | loss: 0.2400452
	speed: 1.5026s/iter; left time: 93726.7441s
	iters: 200, epoch: 10 | loss: 0.2714075
	speed: 0.2016s/iter; left time: 12555.5615s
	iters: 300, epoch: 10 | loss: 0.2940795
	speed: 0.2013s/iter; left time: 12518.3331s
	iters: 400, epoch: 10 | loss: 0.2373985
	speed: 0.2016s/iter; left time: 12514.3907s
	iters: 500, epoch: 10 | loss: 0.2702838
	speed: 0.2014s/iter; left time: 12484.9363s
	iters: 600, epoch: 10 | loss: 0.2744732
	speed: 0.2016s/iter; left time: 12475.0691s
	iters: 700, epoch: 10 | loss: 0.2289425
	speed: 0.2014s/iter; left time: 12440.0114s
	iters: 800, epoch: 10 | loss: 0.2314434
	speed: 0.2014s/iter; left time: 12421.4990s
	iters: 900, epoch: 10 | loss: 0.1996342
	speed: 0.2015s/iter; left time: 12407.8128s
	iters: 1000, epoch: 10 | loss: 0.3000627
	speed: 0.2016s/iter; left time: 12390.7861s
	iters: 1100, epoch: 10 | loss: 0.2522661
	speed: 0.2016s/iter; left time: 12373.8987s
	iters: 1200, epoch: 10 | loss: 0.2289923
	speed: 0.2013s/iter; left time: 12336.8834s
	iters: 1300, epoch: 10 | loss: 0.2086824
	speed: 0.2017s/iter; left time: 12339.6186s
	iters: 1400, epoch: 10 | loss: 0.2383040
	speed: 0.2017s/iter; left time: 12319.0113s
	iters: 1500, epoch: 10 | loss: 0.2339883
	speed: 0.2018s/iter; left time: 12302.8564s
	iters: 1600, epoch: 10 | loss: 0.2366546
	speed: 0.2014s/iter; left time: 12261.6809s
	iters: 1700, epoch: 10 | loss: 0.3024494
	speed: 0.2016s/iter; left time: 12252.2915s
	iters: 1800, epoch: 10 | loss: 0.2760277
	speed: 0.2017s/iter; left time: 12239.8922s
	iters: 1900, epoch: 10 | loss: 0.2840410
	speed: 0.2015s/iter; left time: 12205.5386s
	iters: 2000, epoch: 10 | loss: 0.3120469
	speed: 0.2015s/iter; left time: 12185.7841s
	iters: 2100, epoch: 10 | loss: 0.2502911
	speed: 0.2015s/iter; left time: 12164.0455s
	iters: 2200, epoch: 10 | loss: 0.2299862
	speed: 0.2016s/iter; left time: 12152.5965s
	iters: 2300, epoch: 10 | loss: 0.2955430
	speed: 0.2016s/iter; left time: 12130.6561s
	iters: 2400, epoch: 10 | loss: 0.2174018
	speed: 0.2014s/iter; left time: 12100.0765s
	iters: 2500, epoch: 10 | loss: 0.2505842
	speed: 0.2014s/iter; left time: 12081.9959s
	iters: 2600, epoch: 10 | loss: 0.2663666
	speed: 0.2013s/iter; left time: 12055.2350s
	iters: 2700, epoch: 10 | loss: 0.2140582
	speed: 0.2016s/iter; left time: 12047.9031s
	iters: 2800, epoch: 10 | loss: 0.2641674
	speed: 0.2015s/iter; left time: 12022.4084s
	iters: 2900, epoch: 10 | loss: 0.2217735
	speed: 0.2016s/iter; left time: 12007.5495s
Epoch: 10 cost time: 600.7920408248901
Epoch: 10, Steps: 2975 | Train Loss: 0.2503314 Vali Loss: 0.3520973 Test Loss: 0.4196904
Validation loss decreased (0.356010 --> 0.352097).  Saving model ...
Updating learning rate to 9.330019694919853e-05
	iters: 100, epoch: 11 | loss: 0.2476867
	speed: 1.5018s/iter; left time: 89210.4350s
	iters: 200, epoch: 11 | loss: 0.2228652
	speed: 0.2017s/iter; left time: 11962.8848s
	iters: 300, epoch: 11 | loss: 0.2926672
	speed: 0.2014s/iter; left time: 11921.6117s
	iters: 400, epoch: 11 | loss: 0.2619570
	speed: 0.2016s/iter; left time: 11915.5968s
	iters: 500, epoch: 11 | loss: 0.2083842
	speed: 0.2017s/iter; left time: 11899.0545s
	iters: 600, epoch: 11 | loss: 0.2729271
	speed: 0.2016s/iter; left time: 11875.8490s
	iters: 700, epoch: 11 | loss: 0.2334777
	speed: 0.2017s/iter; left time: 11857.4825s
	iters: 800, epoch: 11 | loss: 0.2844090
	speed: 0.2016s/iter; left time: 11835.7604s
	iters: 900, epoch: 11 | loss: 0.2359187
	speed: 0.2017s/iter; left time: 11818.4022s
	iters: 1000, epoch: 11 | loss: 0.2417739
	speed: 0.2015s/iter; left time: 11786.9525s
	iters: 1100, epoch: 11 | loss: 0.3388943
	speed: 0.2011s/iter; left time: 11743.9667s
	iters: 1200, epoch: 11 | loss: 0.2329773
	speed: 0.2020s/iter; left time: 11775.3833s
	iters: 1300, epoch: 11 | loss: 0.2442207
	speed: 0.2014s/iter; left time: 11723.1979s
	iters: 1400, epoch: 11 | loss: 0.2554222
	speed: 0.2017s/iter; left time: 11719.1274s
	iters: 1500, epoch: 11 | loss: 0.3130182
	speed: 0.2015s/iter; left time: 11687.9735s
	iters: 1600, epoch: 11 | loss: 0.2059885
	speed: 0.2019s/iter; left time: 11688.5325s
	iters: 1700, epoch: 11 | loss: 0.2659051
	speed: 0.2014s/iter; left time: 11640.9963s
	iters: 1800, epoch: 11 | loss: 0.2415134
	speed: 0.2018s/iter; left time: 11645.5530s
	iters: 1900, epoch: 11 | loss: 0.2084780
	speed: 0.2016s/iter; left time: 11612.6091s
	iters: 2000, epoch: 11 | loss: 0.2463783
	speed: 0.2014s/iter; left time: 11578.5014s
	iters: 2100, epoch: 11 | loss: 0.2689449
	speed: 0.2014s/iter; left time: 11559.9493s
	iters: 2200, epoch: 11 | loss: 0.2673739
	speed: 0.2014s/iter; left time: 11537.8573s
	iters: 2300, epoch: 11 | loss: 0.2708457
	speed: 0.2018s/iter; left time: 11541.7614s
	iters: 2400, epoch: 11 | loss: 0.2222918
	speed: 0.2017s/iter; left time: 11518.1739s
	iters: 2500, epoch: 11 | loss: 0.2433876
	speed: 0.2013s/iter; left time: 11477.0721s
	iters: 2600, epoch: 11 | loss: 0.2531652
	speed: 0.2015s/iter; left time: 11467.6500s
	iters: 2700, epoch: 11 | loss: 0.2277063
	speed: 0.2013s/iter; left time: 11434.0254s
	iters: 2800, epoch: 11 | loss: 0.2237117
	speed: 0.2016s/iter; left time: 11432.8597s
	iters: 2900, epoch: 11 | loss: 0.2469516
	speed: 0.2012s/iter; left time: 11385.3519s
Epoch: 11 cost time: 600.796352148056
Epoch: 11, Steps: 2975 | Train Loss: 0.2483280 Vali Loss: 0.3513546 Test Loss: 0.4180945
Validation loss decreased (0.352097 --> 0.351355).  Saving model ...
Updating learning rate to 8.966636903884125e-05
	iters: 100, epoch: 12 | loss: 0.2608758
	speed: 1.5026s/iter; left time: 84785.0300s
	iters: 200, epoch: 12 | loss: 0.2270610
	speed: 0.2020s/iter; left time: 11377.4094s
	iters: 300, epoch: 12 | loss: 0.2582392
	speed: 0.2013s/iter; left time: 11320.5052s
	iters: 400, epoch: 12 | loss: 0.2346091
	speed: 0.2017s/iter; left time: 11320.0801s
	iters: 500, epoch: 12 | loss: 0.2425169
	speed: 0.2014s/iter; left time: 11284.3854s
	iters: 600, epoch: 12 | loss: 0.2602720
	speed: 0.2013s/iter; left time: 11259.5435s
	iters: 700, epoch: 12 | loss: 0.2194754
	speed: 0.2013s/iter; left time: 11235.5817s
	iters: 800, epoch: 12 | loss: 0.3018180
	speed: 0.2014s/iter; left time: 11224.4134s
	iters: 900, epoch: 12 | loss: 0.2603219
	speed: 0.2017s/iter; left time: 11221.0004s
	iters: 1000, epoch: 12 | loss: 0.2536547
	speed: 0.2020s/iter; left time: 11217.7534s
	iters: 1100, epoch: 12 | loss: 0.2560830
	speed: 0.2012s/iter; left time: 11151.3768s
	iters: 1200, epoch: 12 | loss: 0.2781937
	speed: 0.2016s/iter; left time: 11154.8422s
	iters: 1300, epoch: 12 | loss: 0.2104410
	speed: 0.2017s/iter; left time: 11138.6536s
	iters: 1400, epoch: 12 | loss: 0.2796633
	speed: 0.2016s/iter; left time: 11115.3651s
	iters: 1500, epoch: 12 | loss: 0.2126208
	speed: 0.2015s/iter; left time: 11088.3536s
	iters: 1600, epoch: 12 | loss: 0.2433584
	speed: 0.2019s/iter; left time: 11090.7451s
	iters: 1700, epoch: 12 | loss: 0.2297999
	speed: 0.2014s/iter; left time: 11039.5516s
	iters: 1800, epoch: 12 | loss: 0.2908183
	speed: 0.2019s/iter; left time: 11050.4452s
	iters: 1900, epoch: 12 | loss: 0.2312205
	speed: 0.2020s/iter; left time: 11034.1706s
	iters: 2000, epoch: 12 | loss: 0.2307756
	speed: 0.2018s/iter; left time: 11003.9957s
	iters: 2100, epoch: 12 | loss: 0.2363619
	speed: 0.2017s/iter; left time: 10977.0926s
	iters: 2200, epoch: 12 | loss: 0.2654398
	speed: 0.2014s/iter; left time: 10940.4171s
	iters: 2300, epoch: 12 | loss: 0.2251873
	speed: 0.2015s/iter; left time: 10928.7628s
	iters: 2400, epoch: 12 | loss: 0.2419812
	speed: 0.2018s/iter; left time: 10922.7115s
	iters: 2500, epoch: 12 | loss: 0.2345366
	speed: 0.2020s/iter; left time: 10915.4778s
	iters: 2600, epoch: 12 | loss: 0.3457014
	speed: 0.2013s/iter; left time: 10852.9660s
	iters: 2700, epoch: 12 | loss: 0.2588371
	speed: 0.2018s/iter; left time: 10862.4675s
	iters: 2800, epoch: 12 | loss: 0.2600866
	speed: 0.2018s/iter; left time: 10841.0810s
	iters: 2900, epoch: 12 | loss: 0.2238468
	speed: 0.2015s/iter; left time: 10806.8728s
Epoch: 12 cost time: 601.2012615203857
Epoch: 12, Steps: 2975 | Train Loss: 0.2466881 Vali Loss: 0.3491077 Test Loss: 0.4152650
Validation loss decreased (0.351355 --> 0.349108).  Saving model ...
Updating learning rate to 8.535384197868963e-05
	iters: 100, epoch: 13 | loss: 0.2275313
	speed: 1.4922s/iter; left time: 79761.6048s
	iters: 200, epoch: 13 | loss: 0.2331346
	speed: 0.2016s/iter; left time: 10753.4942s
	iters: 300, epoch: 13 | loss: 0.2445441
	speed: 0.2013s/iter; left time: 10720.4800s
	iters: 400, epoch: 13 | loss: 0.2469784
	speed: 0.2014s/iter; left time: 10706.4095s
	iters: 500, epoch: 13 | loss: 0.2079843
	speed: 0.2013s/iter; left time: 10680.7028s
	iters: 600, epoch: 13 | loss: 0.1991238
	speed: 0.2015s/iter; left time: 10667.2346s
	iters: 700, epoch: 13 | loss: 0.2077716
	speed: 0.2015s/iter; left time: 10649.7855s
	iters: 800, epoch: 13 | loss: 0.2418710
	speed: 0.2014s/iter; left time: 10622.1194s
	iters: 900, epoch: 13 | loss: 0.1857663
	speed: 0.2013s/iter; left time: 10599.7356s
	iters: 1000, epoch: 13 | loss: 0.2253280
	speed: 0.2015s/iter; left time: 10589.2160s
	iters: 1100, epoch: 13 | loss: 0.2278211
	speed: 0.2014s/iter; left time: 10563.3027s
	iters: 1200, epoch: 13 | loss: 0.2703045
	speed: 0.2013s/iter; left time: 10537.8266s
	iters: 1300, epoch: 13 | loss: 0.2023932
	speed: 0.2018s/iter; left time: 10541.8057s
	iters: 1400, epoch: 13 | loss: 0.2359633
	speed: 0.2013s/iter; left time: 10500.5464s
	iters: 1500, epoch: 13 | loss: 0.2023382
	speed: 0.2013s/iter; left time: 10479.5065s
	iters: 1600, epoch: 13 | loss: 0.2239201
	speed: 0.2013s/iter; left time: 10458.3271s
	iters: 1700, epoch: 13 | loss: 0.2124600
	speed: 0.2013s/iter; left time: 10435.4871s
	iters: 1800, epoch: 13 | loss: 0.2094612
	speed: 0.2017s/iter; left time: 10437.7831s
	iters: 1900, epoch: 13 | loss: 0.2817131
	speed: 0.2018s/iter; left time: 10423.9073s
	iters: 2000, epoch: 13 | loss: 0.2571017
	speed: 0.2017s/iter; left time: 10396.8802s
	iters: 2100, epoch: 13 | loss: 0.2497301
	speed: 0.2015s/iter; left time: 10369.0193s
	iters: 2200, epoch: 13 | loss: 0.2319697
	speed: 0.2015s/iter; left time: 10345.3439s
	iters: 2300, epoch: 13 | loss: 0.2520623
	speed: 0.2014s/iter; left time: 10321.3037s
	iters: 2400, epoch: 13 | loss: 0.2340693
	speed: 0.2013s/iter; left time: 10298.7941s
	iters: 2500, epoch: 13 | loss: 0.2839841
	speed: 0.2017s/iter; left time: 10294.4928s
	iters: 2600, epoch: 13 | loss: 0.2001993
	speed: 0.2014s/iter; left time: 10262.4294s
	iters: 2700, epoch: 13 | loss: 0.2483348
	speed: 0.2015s/iter; left time: 10246.9080s
	iters: 2800, epoch: 13 | loss: 0.2193950
	speed: 0.2015s/iter; left time: 10226.6293s
	iters: 2900, epoch: 13 | loss: 0.2390981
	speed: 0.2014s/iter; left time: 10198.7628s
Epoch: 13 cost time: 600.6355028152466
Epoch: 13, Steps: 2975 | Train Loss: 0.2451564 Vali Loss: 0.3459654 Test Loss: 0.4132202
Validation loss decreased (0.349108 --> 0.345965).  Saving model ...
Updating learning rate to 8.04364043024013e-05
	iters: 100, epoch: 14 | loss: 0.2641420
	speed: 1.4922s/iter; left time: 75320.2711s
	iters: 200, epoch: 14 | loss: 0.2226748
	speed: 0.2013s/iter; left time: 10141.0506s
	iters: 300, epoch: 14 | loss: 0.2512766
	speed: 0.2016s/iter; left time: 10135.6446s
	iters: 400, epoch: 14 | loss: 0.2616485
	speed: 0.2015s/iter; left time: 10111.5858s
	iters: 500, epoch: 14 | loss: 0.2266545
	speed: 0.2017s/iter; left time: 10102.7649s
	iters: 600, epoch: 14 | loss: 0.3246971
	speed: 0.2016s/iter; left time: 10075.3700s
	iters: 700, epoch: 14 | loss: 0.2528150
	speed: 0.2016s/iter; left time: 10054.1571s
	iters: 800, epoch: 14 | loss: 0.2267100
	speed: 0.2016s/iter; left time: 10036.0329s
	iters: 900, epoch: 14 | loss: 0.1931516
	speed: 0.2015s/iter; left time: 10011.1078s
	iters: 1000, epoch: 14 | loss: 0.2951474
	speed: 0.2016s/iter; left time: 9992.9562s
	iters: 1100, epoch: 14 | loss: 0.2344018
	speed: 0.2014s/iter; left time: 9964.4512s
	iters: 1200, epoch: 14 | loss: 0.2709891
	speed: 0.2019s/iter; left time: 9966.8668s
	iters: 1300, epoch: 14 | loss: 0.2217599
	speed: 0.2013s/iter; left time: 9919.0199s
	iters: 1400, epoch: 14 | loss: 0.2697377
	speed: 0.2017s/iter; left time: 9921.0567s
	iters: 1500, epoch: 14 | loss: 0.2669139
	speed: 0.2016s/iter; left time: 9893.2868s
	iters: 1600, epoch: 14 | loss: 0.2108069
	speed: 0.2018s/iter; left time: 9885.6489s
	iters: 1700, epoch: 14 | loss: 0.2217609
	speed: 0.2014s/iter; left time: 9845.8226s
	iters: 1800, epoch: 14 | loss: 0.2642458
	speed: 0.2018s/iter; left time: 9841.5680s
	iters: 1900, epoch: 14 | loss: 0.2343122
	speed: 0.2015s/iter; left time: 9808.8178s
	iters: 2000, epoch: 14 | loss: 0.2972036
	speed: 0.2018s/iter; left time: 9803.2195s
	iters: 2100, epoch: 14 | loss: 0.2452113
	speed: 0.2016s/iter; left time: 9773.0566s
	iters: 2200, epoch: 14 | loss: 0.2877905
	speed: 0.2015s/iter; left time: 9747.7604s
	iters: 2300, epoch: 14 | loss: 0.1960179
	speed: 0.2021s/iter; left time: 9757.4838s
	iters: 2400, epoch: 14 | loss: 0.2470654
	speed: 0.2011s/iter; left time: 9690.5292s
	iters: 2500, epoch: 14 | loss: 0.2587061
	speed: 0.2014s/iter; left time: 9684.4444s
	iters: 2600, epoch: 14 | loss: 0.3194195
	speed: 0.2011s/iter; left time: 9648.1868s
	iters: 2700, epoch: 14 | loss: 0.2764198
	speed: 0.2021s/iter; left time: 9675.3510s
	iters: 2800, epoch: 14 | loss: 0.2728807
	speed: 0.2015s/iter; left time: 9624.6371s
	iters: 2900, epoch: 14 | loss: 0.2926812
	speed: 0.2014s/iter; left time: 9603.8033s
Epoch: 14 cost time: 600.9290618896484
Epoch: 14, Steps: 2975 | Train Loss: 0.2439602 Vali Loss: 0.3482284 Test Loss: 0.4123804
EarlyStopping counter: 1 out of 5
Updating learning rate to 7.499819473198882e-05
	iters: 100, epoch: 15 | loss: 0.2949577
	speed: 1.4949s/iter; left time: 71008.6097s
	iters: 200, epoch: 15 | loss: 0.1948994
	speed: 0.2013s/iter; left time: 9539.5962s
	iters: 300, epoch: 15 | loss: 0.2310047
	speed: 0.2014s/iter; left time: 9528.6892s
	iters: 400, epoch: 15 | loss: 0.2396669
	speed: 0.2012s/iter; left time: 9498.0799s
	iters: 500, epoch: 15 | loss: 0.2074917
	speed: 0.2015s/iter; left time: 9488.9269s
	iters: 600, epoch: 15 | loss: 0.2416687
	speed: 0.2013s/iter; left time: 9462.3354s
	iters: 700, epoch: 15 | loss: 0.2599236
	speed: 0.2013s/iter; left time: 9440.6219s
	iters: 800, epoch: 15 | loss: 0.2944377
	speed: 0.2022s/iter; left time: 9462.8091s
	iters: 900, epoch: 15 | loss: 0.2882428
	speed: 0.2014s/iter; left time: 9407.3490s
	iters: 1000, epoch: 15 | loss: 0.1909864
	speed: 0.2015s/iter; left time: 9391.4859s
	iters: 1100, epoch: 15 | loss: 0.2379424
	speed: 0.2014s/iter; left time: 9363.1270s
	iters: 1200, epoch: 15 | loss: 0.2214179
	speed: 0.2012s/iter; left time: 9335.7325s
	iters: 1300, epoch: 15 | loss: 0.2595359
	speed: 0.2015s/iter; left time: 9328.9662s
	iters: 1400, epoch: 15 | loss: 0.2708327
	speed: 0.2013s/iter; left time: 9298.6814s
	iters: 1500, epoch: 15 | loss: 0.2414557
	speed: 0.2017s/iter; left time: 9297.0831s
	iters: 1600, epoch: 15 | loss: 0.2199032
	speed: 0.2012s/iter; left time: 9253.7364s
	iters: 1700, epoch: 15 | loss: 0.2672710
	speed: 0.2014s/iter; left time: 9243.2170s
	iters: 1800, epoch: 15 | loss: 0.2516116
	speed: 0.2015s/iter; left time: 9229.5984s
	iters: 1900, epoch: 15 | loss: 0.2226082
	speed: 0.2015s/iter; left time: 9208.7542s
	iters: 2000, epoch: 15 | loss: 0.2078155
	speed: 0.2015s/iter; left time: 9187.1471s
	iters: 2100, epoch: 15 | loss: 0.2625401
	speed: 0.2011s/iter; left time: 9148.7326s
	iters: 2200, epoch: 15 | loss: 0.2401531
	speed: 0.2018s/iter; left time: 9162.7104s
	iters: 2300, epoch: 15 | loss: 0.2378080
	speed: 0.2014s/iter; left time: 9122.9179s
	iters: 2400, epoch: 15 | loss: 0.2117635
	speed: 0.2013s/iter; left time: 9097.5896s
	iters: 2500, epoch: 15 | loss: 0.2315545
	speed: 0.2015s/iter; left time: 9089.7874s
	iters: 2600, epoch: 15 | loss: 0.2262673
	speed: 0.2014s/iter; left time: 9063.0947s
	iters: 2700, epoch: 15 | loss: 0.2532313
	speed: 0.2012s/iter; left time: 9034.5506s
	iters: 2800, epoch: 15 | loss: 0.2444657
	speed: 0.2013s/iter; left time: 9020.5622s
	iters: 2900, epoch: 15 | loss: 0.2309906
	speed: 0.2012s/iter; left time: 8994.4206s
Epoch: 15 cost time: 600.3340420722961
Epoch: 15, Steps: 2975 | Train Loss: 0.2428965 Vali Loss: 0.3451707 Test Loss: 0.4096996
Validation loss decreased (0.345965 --> 0.345171).  Saving model ...
Updating learning rate to 6.913226254095848e-05
	iters: 100, epoch: 16 | loss: 0.2215642
	speed: 1.5103s/iter; left time: 67245.4120s
	iters: 200, epoch: 16 | loss: 0.2696402
	speed: 0.2025s/iter; left time: 8996.2815s
	iters: 300, epoch: 16 | loss: 0.2107123
	speed: 0.2022s/iter; left time: 8963.6059s
	iters: 400, epoch: 16 | loss: 0.1969194
	speed: 0.2018s/iter; left time: 8924.4903s
	iters: 500, epoch: 16 | loss: 0.2763573
	speed: 0.2032s/iter; left time: 8967.8560s
	iters: 600, epoch: 16 | loss: 0.2180234
	speed: 0.2023s/iter; left time: 8908.4277s
	iters: 700, epoch: 16 | loss: 0.2148161
	speed: 0.2023s/iter; left time: 8887.4713s
	iters: 800, epoch: 16 | loss: 0.2191858
	speed: 0.2021s/iter; left time: 8857.6366s
	iters: 900, epoch: 16 | loss: 0.2619260
	speed: 0.2020s/iter; left time: 8832.7290s
	iters: 1000, epoch: 16 | loss: 0.2721313
	speed: 0.2019s/iter; left time: 8807.6091s
	iters: 1100, epoch: 16 | loss: 0.2388238
	speed: 0.2023s/iter; left time: 8803.5339s
	iters: 1200, epoch: 16 | loss: 0.1969169
	speed: 0.2020s/iter; left time: 8772.2565s
	iters: 1300, epoch: 16 | loss: 0.2037709
	speed: 0.2029s/iter; left time: 8791.4287s
	iters: 1400, epoch: 16 | loss: 0.2134507
	speed: 0.2015s/iter; left time: 8708.1072s
	iters: 1500, epoch: 16 | loss: 0.2324597
	speed: 0.2024s/iter; left time: 8729.1029s
	iters: 1600, epoch: 16 | loss: 0.2639950
	speed: 0.2025s/iter; left time: 8712.2852s
	iters: 1700, epoch: 16 | loss: 0.2679502
	speed: 0.2029s/iter; left time: 8711.7775s
	iters: 1800, epoch: 16 | loss: 0.2557051
	speed: 0.2033s/iter; left time: 8706.9334s
	iters: 1900, epoch: 16 | loss: 0.2383604
	speed: 0.2034s/iter; left time: 8690.2189s
	iters: 2000, epoch: 16 | loss: 0.2438176
	speed: 0.2031s/iter; left time: 8657.6714s
	iters: 2100, epoch: 16 | loss: 0.1975956
	speed: 0.2032s/iter; left time: 8640.6977s
	iters: 2200, epoch: 16 | loss: 0.2478898
	speed: 0.2036s/iter; left time: 8637.1907s
	iters: 2300, epoch: 16 | loss: 0.2539853
	speed: 0.2041s/iter; left time: 8636.6698s
	iters: 2400, epoch: 16 | loss: 0.2030533
	speed: 0.2032s/iter; left time: 8579.8663s
	iters: 2500, epoch: 16 | loss: 0.2383773
	speed: 0.2020s/iter; left time: 8510.8312s
	iters: 2600, epoch: 16 | loss: 0.2056241
	speed: 0.2020s/iter; left time: 8489.6520s
	iters: 2700, epoch: 16 | loss: 0.2648540
	speed: 0.2017s/iter; left time: 8454.8176s
	iters: 2800, epoch: 16 | loss: 0.1996259
	speed: 0.2023s/iter; left time: 8463.0565s
	iters: 2900, epoch: 16 | loss: 0.2444690
	speed: 0.2022s/iter; left time: 8436.1179s
Epoch: 16 cost time: 603.6685783863068
Epoch: 16, Steps: 2975 | Train Loss: 0.2420639 Vali Loss: 0.3439940 Test Loss: 0.4097834
Validation loss decreased (0.345171 --> 0.343994).  Saving model ...
Updating learning rate to 6.293897545544252e-05
	iters: 100, epoch: 17 | loss: 0.2339739
	speed: 1.5471s/iter; left time: 64281.9942s
	iters: 200, epoch: 17 | loss: 0.2655108
	speed: 0.2024s/iter; left time: 8389.3839s
	iters: 300, epoch: 17 | loss: 0.2707916
	speed: 0.2029s/iter; left time: 8388.9359s
	iters: 400, epoch: 17 | loss: 0.2340385
	speed: 0.2026s/iter; left time: 8358.2242s
	iters: 500, epoch: 17 | loss: 0.2176257
	speed: 0.2025s/iter; left time: 8333.1558s
	iters: 600, epoch: 17 | loss: 0.2046592
	speed: 0.2022s/iter; left time: 8302.1268s
	iters: 700, epoch: 17 | loss: 0.2548683
	speed: 0.2026s/iter; left time: 8295.1893s
	iters: 800, epoch: 17 | loss: 0.2206288
	speed: 0.2036s/iter; left time: 8315.8461s
	iters: 900, epoch: 17 | loss: 0.2884247
	speed: 0.2034s/iter; left time: 8288.0726s
	iters: 1000, epoch: 17 | loss: 0.2493865
	speed: 0.2044s/iter; left time: 8310.5584s
	iters: 1100, epoch: 17 | loss: 0.2200990
	speed: 0.2046s/iter; left time: 8295.9454s
	iters: 1200, epoch: 17 | loss: 0.2135904
	speed: 0.2052s/iter; left time: 8301.6220s
	iters: 1300, epoch: 17 | loss: 0.2506607
	speed: 0.2051s/iter; left time: 8274.4582s
	iters: 1400, epoch: 17 | loss: 0.2613645
	speed: 0.2049s/iter; left time: 8248.0901s
	iters: 1500, epoch: 17 | loss: 0.2371614
	speed: 0.2050s/iter; left time: 8232.7995s
	iters: 1600, epoch: 17 | loss: 0.2525129
	speed: 0.2048s/iter; left time: 8200.7045s
	iters: 1700, epoch: 17 | loss: 0.2450709
	speed: 0.2043s/iter; left time: 8163.3484s
	iters: 1800, epoch: 17 | loss: 0.2311041
	speed: 0.2045s/iter; left time: 8150.7936s
	iters: 1900, epoch: 17 | loss: 0.2267109
	speed: 0.2055s/iter; left time: 8169.9100s
	iters: 2000, epoch: 17 | loss: 0.1930987
	speed: 0.2050s/iter; left time: 8129.1373s
	iters: 2100, epoch: 17 | loss: 0.2350639
	speed: 0.2053s/iter; left time: 8118.4734s
	iters: 2200, epoch: 17 | loss: 0.2196539
	speed: 0.2046s/iter; left time: 8071.4713s
	iters: 2300, epoch: 17 | loss: 0.2248029
	speed: 0.2052s/iter; left time: 8074.6653s
	iters: 2400, epoch: 17 | loss: 0.2165462
	speed: 0.2050s/iter; left time: 8047.7831s
	iters: 2500, epoch: 17 | loss: 0.2477248
	speed: 0.2058s/iter; left time: 8058.4380s
	iters: 2600, epoch: 17 | loss: 0.2572939
	speed: 0.2046s/iter; left time: 7989.0513s
	iters: 2700, epoch: 17 | loss: 0.2615054
	speed: 0.2045s/iter; left time: 7966.8853s
	iters: 2800, epoch: 17 | loss: 0.2427087
	speed: 0.2051s/iter; left time: 7969.7190s
	iters: 2900, epoch: 17 | loss: 0.2084461
	speed: 0.2047s/iter; left time: 7932.5633s
Epoch: 17 cost time: 608.8622610569
Epoch: 17, Steps: 2975 | Train Loss: 0.2411620 Vali Loss: 0.3438913 Test Loss: 0.4075327
Validation loss decreased (0.343994 --> 0.343891).  Saving model ...
Updating learning rate to 5.652430233457764e-05
	iters: 100, epoch: 18 | loss: 0.2576546
	speed: 1.9025s/iter; left time: 73389.3952s
	iters: 200, epoch: 18 | loss: 0.2280190
	speed: 0.2052s/iter; left time: 7896.8742s
	iters: 300, epoch: 18 | loss: 0.2812534
	speed: 0.2048s/iter; left time: 7860.2230s
	iters: 400, epoch: 18 | loss: 0.2430115
	speed: 0.2043s/iter; left time: 7821.1507s
	iters: 500, epoch: 18 | loss: 0.2330312
	speed: 0.2045s/iter; left time: 7808.1817s
	iters: 600, epoch: 18 | loss: 0.2822773
	speed: 0.2051s/iter; left time: 7807.7415s
	iters: 700, epoch: 18 | loss: 0.2017025
	speed: 0.2053s/iter; left time: 7797.4506s
	iters: 800, epoch: 18 | loss: 0.2265663
	speed: 0.2052s/iter; left time: 7771.0006s
	iters: 900, epoch: 18 | loss: 0.2252401
	speed: 0.2050s/iter; left time: 7742.4764s
	iters: 1000, epoch: 18 | loss: 0.2537980
	speed: 0.2052s/iter; left time: 7732.4505s
	iters: 1100, epoch: 18 | loss: 0.2147850
	speed: 0.2051s/iter; left time: 7707.7017s
	iters: 1200, epoch: 18 | loss: 0.2395064
	speed: 0.2049s/iter; left time: 7678.0489s
	iters: 1300, epoch: 18 | loss: 0.2566442
	speed: 0.2051s/iter; left time: 7667.3752s
	iters: 1400, epoch: 18 | loss: 0.2555504
	speed: 0.2047s/iter; left time: 7629.7451s
	iters: 1500, epoch: 18 | loss: 0.1921669
	speed: 0.2048s/iter; left time: 7611.8121s
	iters: 1600, epoch: 18 | loss: 0.2217650
	speed: 0.2054s/iter; left time: 7613.9886s
	iters: 1700, epoch: 18 | loss: 0.2354340
	speed: 0.2051s/iter; left time: 7584.5996s
	iters: 1800, epoch: 18 | loss: 0.2333708
	speed: 0.2050s/iter; left time: 7560.1773s
	iters: 1900, epoch: 18 | loss: 0.2570884
	speed: 0.2051s/iter; left time: 7542.1771s
	iters: 2000, epoch: 18 | loss: 0.1985600
	speed: 0.2047s/iter; left time: 7509.1332s
	iters: 2100, epoch: 18 | loss: 0.2371602
	speed: 0.2045s/iter; left time: 7478.2262s
	iters: 2200, epoch: 18 | loss: 0.2852261
	speed: 0.2051s/iter; left time: 7481.5481s
	iters: 2300, epoch: 18 | loss: 0.2131911
	speed: 0.2057s/iter; left time: 7481.2842s
	iters: 2400, epoch: 18 | loss: 0.2090172
	speed: 0.2048s/iter; left time: 7428.1428s
	iters: 2500, epoch: 18 | loss: 0.2007728
	speed: 0.2060s/iter; left time: 7453.9352s
	iters: 2600, epoch: 18 | loss: 0.2052383
	speed: 0.2050s/iter; left time: 7394.4313s
	iters: 2700, epoch: 18 | loss: 0.2311018
	speed: 0.2051s/iter; left time: 7380.2870s
	iters: 2800, epoch: 18 | loss: 0.2258905
	speed: 0.2052s/iter; left time: 7361.2097s
	iters: 2900, epoch: 18 | loss: 0.2569490
	speed: 0.2047s/iter; left time: 7322.5470s
Epoch: 18 cost time: 611.0983848571777
Epoch: 18, Steps: 2975 | Train Loss: 0.2403704 Vali Loss: 0.3417202 Test Loss: 0.4060599
Validation loss decreased (0.343891 --> 0.341720).  Saving model ...
Updating learning rate to 4.999800001394525e-05
	iters: 100, epoch: 19 | loss: 0.2344693
	speed: 1.8916s/iter; left time: 67342.3439s
	iters: 200, epoch: 19 | loss: 0.2699259
	speed: 0.2055s/iter; left time: 7296.1899s
	iters: 300, epoch: 19 | loss: 0.2731383
	speed: 0.2047s/iter; left time: 7245.6704s
	iters: 400, epoch: 19 | loss: 0.2277066
	speed: 0.2047s/iter; left time: 7227.8278s
	iters: 500, epoch: 19 | loss: 0.2463810
	speed: 0.2052s/iter; left time: 7222.3166s
	iters: 600, epoch: 19 | loss: 0.2234518
	speed: 0.2052s/iter; left time: 7203.7814s
	iters: 700, epoch: 19 | loss: 0.2446086
	speed: 0.2055s/iter; left time: 7192.0870s
	iters: 800, epoch: 19 | loss: 0.2794034
	speed: 0.2052s/iter; left time: 7162.4028s
	iters: 900, epoch: 19 | loss: 0.2330615
	speed: 0.2059s/iter; left time: 7165.4863s
	iters: 1000, epoch: 19 | loss: 0.2254299
	speed: 0.2064s/iter; left time: 7163.0305s
	iters: 1100, epoch: 19 | loss: 0.2087794
	speed: 0.2054s/iter; left time: 7107.1554s
	iters: 1200, epoch: 19 | loss: 0.2379231
	speed: 0.2057s/iter; left time: 7096.9376s
	iters: 1300, epoch: 19 | loss: 0.2367265
	speed: 0.2062s/iter; left time: 7092.0889s
	iters: 1400, epoch: 19 | loss: 0.2460409
	speed: 0.2059s/iter; left time: 7062.8375s
	iters: 1500, epoch: 19 | loss: 0.2462454
	speed: 0.2058s/iter; left time: 7039.7856s
	iters: 1600, epoch: 19 | loss: 0.2395615
	speed: 0.2060s/iter; left time: 7026.1502s
	iters: 1700, epoch: 19 | loss: 0.2537091
	speed: 0.2057s/iter; left time: 6995.2393s
	iters: 1800, epoch: 19 | loss: 0.2280109
	speed: 0.2052s/iter; left time: 6954.9552s
	iters: 1900, epoch: 19 | loss: 0.2125633
	speed: 0.2057s/iter; left time: 6954.2711s
	iters: 2000, epoch: 19 | loss: 0.2666427
	speed: 0.2060s/iter; left time: 6943.3681s
	iters: 2100, epoch: 19 | loss: 0.2303098
	speed: 0.2059s/iter; left time: 6917.6441s
	iters: 2200, epoch: 19 | loss: 0.1836402
	speed: 0.2063s/iter; left time: 6912.4885s
	iters: 2300, epoch: 19 | loss: 0.2457817
	speed: 0.2059s/iter; left time: 6878.2914s
	iters: 2400, epoch: 19 | loss: 0.2481213
	speed: 0.2056s/iter; left time: 6845.9139s
	iters: 2500, epoch: 19 | loss: 0.2105268
	speed: 0.2072s/iter; left time: 6879.2672s
	iters: 2600, epoch: 19 | loss: 0.2032759
	speed: 0.2056s/iter; left time: 6806.3844s
	iters: 2700, epoch: 19 | loss: 0.2523009
	speed: 0.2063s/iter; left time: 6808.5204s
	iters: 2800, epoch: 19 | loss: 0.2741802
	speed: 0.2057s/iter; left time: 6768.4522s
	iters: 2900, epoch: 19 | loss: 0.2197854
	speed: 0.2056s/iter; left time: 6745.4533s
Epoch: 19 cost time: 613.369966506958
Epoch: 19, Steps: 2975 | Train Loss: 0.2397222 Vali Loss: 0.3412593 Test Loss: 0.4055656
Validation loss decreased (0.341720 --> 0.341259).  Saving model ...
Updating learning rate to 4.347173533568419e-05
	iters: 100, epoch: 20 | loss: 0.3157039
	speed: 1.9230s/iter; left time: 62739.1457s
	iters: 200, epoch: 20 | loss: 0.2371199
	speed: 0.2054s/iter; left time: 6680.6981s
	iters: 300, epoch: 20 | loss: 0.2254109
	speed: 0.2053s/iter; left time: 6658.5260s
	iters: 400, epoch: 20 | loss: 0.2275006
	speed: 0.2046s/iter; left time: 6613.9395s
	iters: 500, epoch: 20 | loss: 0.1938428
	speed: 0.2046s/iter; left time: 6594.5383s
	iters: 600, epoch: 20 | loss: 0.2274937
	speed: 0.2052s/iter; left time: 6593.3531s
	iters: 700, epoch: 20 | loss: 0.2602583
	speed: 0.2051s/iter; left time: 6568.9064s
	iters: 800, epoch: 20 | loss: 0.2628809
	speed: 0.2048s/iter; left time: 6540.0268s
	iters: 900, epoch: 20 | loss: 0.2433419
	speed: 0.2054s/iter; left time: 6538.2830s
	iters: 1000, epoch: 20 | loss: 0.2264095
	speed: 0.2047s/iter; left time: 6494.0720s
	iters: 1100, epoch: 20 | loss: 0.2224830
	speed: 0.2051s/iter; left time: 6485.5525s
	iters: 1200, epoch: 20 | loss: 0.2259641
	speed: 0.2050s/iter; left time: 6463.9018s
	iters: 1300, epoch: 20 | loss: 0.2024553
	speed: 0.2044s/iter; left time: 6423.4690s
	iters: 1400, epoch: 20 | loss: 0.2354034
	speed: 0.2050s/iter; left time: 6422.5976s
	iters: 1500, epoch: 20 | loss: 0.2567525
	speed: 0.2049s/iter; left time: 6397.1265s
	iters: 1600, epoch: 20 | loss: 0.2090515
	speed: 0.2047s/iter; left time: 6371.5067s
	iters: 1700, epoch: 20 | loss: 0.2339996
	speed: 0.2052s/iter; left time: 6365.2918s
	iters: 1800, epoch: 20 | loss: 0.2181384
	speed: 0.2050s/iter; left time: 6340.7122s
	iters: 1900, epoch: 20 | loss: 0.2300192
	speed: 0.2047s/iter; left time: 6310.3828s
	iters: 2000, epoch: 20 | loss: 0.2391265
	speed: 0.2051s/iter; left time: 6301.0673s
	iters: 2100, epoch: 20 | loss: 0.2408763
	speed: 0.2056s/iter; left time: 6295.6506s
	iters: 2200, epoch: 20 | loss: 0.1960072
	speed: 0.2056s/iter; left time: 6274.9424s
	iters: 2300, epoch: 20 | loss: 0.2287030
	speed: 0.2051s/iter; left time: 6240.1776s
	iters: 2400, epoch: 20 | loss: 0.2456426
	speed: 0.2053s/iter; left time: 6224.9999s
	iters: 2500, epoch: 20 | loss: 0.2025562
	speed: 0.2087s/iter; left time: 6309.3012s
	iters: 2600, epoch: 20 | loss: 0.2412257
	speed: 0.2048s/iter; left time: 6170.4254s
	iters: 2700, epoch: 20 | loss: 0.2595965
	speed: 0.2052s/iter; left time: 6160.7031s
	iters: 2800, epoch: 20 | loss: 0.2230647
	speed: 0.2054s/iter; left time: 6147.5484s
	iters: 2900, epoch: 20 | loss: 0.2127237
	speed: 0.2051s/iter; left time: 6118.6757s
Epoch: 20 cost time: 611.9351987838745
Epoch: 20, Steps: 2975 | Train Loss: 0.2392149 Vali Loss: 0.3414154 Test Loss: 0.4037618
EarlyStopping counter: 1 out of 5
Updating learning rate to 3.705717449786195e-05
	iters: 100, epoch: 21 | loss: 0.2066703
	speed: 1.9039s/iter; left time: 56451.8568s
	iters: 200, epoch: 21 | loss: 0.2182146
	speed: 0.2052s/iter; left time: 6064.2437s
	iters: 300, epoch: 21 | loss: 0.2062957
	speed: 0.2051s/iter; left time: 6039.6976s
	iters: 400, epoch: 21 | loss: 0.1972213
	speed: 0.2054s/iter; left time: 6028.2444s
	iters: 500, epoch: 21 | loss: 0.2127701
	speed: 0.2056s/iter; left time: 6015.0326s
	iters: 600, epoch: 21 | loss: 0.2412240
	speed: 0.2052s/iter; left time: 5981.0625s
	iters: 700, epoch: 21 | loss: 0.2726366
	speed: 0.2053s/iter; left time: 5964.9423s
	iters: 800, epoch: 21 | loss: 0.2132632
	speed: 0.2053s/iter; left time: 5942.8743s
	iters: 900, epoch: 21 | loss: 0.2287987
	speed: 0.2052s/iter; left time: 5919.9416s
	iters: 1000, epoch: 21 | loss: 0.2930009
	speed: 0.2051s/iter; left time: 5898.2600s
	iters: 1100, epoch: 21 | loss: 0.2578321
	speed: 0.2064s/iter; left time: 5912.2214s
	iters: 1200, epoch: 21 | loss: 0.2709671
	speed: 0.2062s/iter; left time: 5887.3012s
	iters: 1300, epoch: 21 | loss: 0.2759638
	speed: 0.2062s/iter; left time: 5866.0099s
	iters: 1400, epoch: 21 | loss: 0.2317019
	speed: 0.2062s/iter; left time: 5845.6971s
	iters: 1500, epoch: 21 | loss: 0.2835840
	speed: 0.2067s/iter; left time: 5840.5470s
	iters: 1600, epoch: 21 | loss: 0.2390712
	speed: 0.2063s/iter; left time: 5806.4314s
	iters: 1700, epoch: 21 | loss: 0.2340630
	speed: 0.2054s/iter; left time: 5761.2530s
	iters: 1800, epoch: 21 | loss: 0.2494174
	speed: 0.2047s/iter; left time: 5720.5284s
	iters: 1900, epoch: 21 | loss: 0.2192186
	speed: 0.2051s/iter; left time: 5713.6080s
	iters: 2000, epoch: 21 | loss: 0.2043230
	speed: 0.2052s/iter; left time: 5693.2863s
	iters: 2100, epoch: 21 | loss: 0.2473702
	speed: 0.2052s/iter; left time: 5672.6162s
	iters: 2200, epoch: 21 | loss: 0.2172808
	speed: 0.2053s/iter; left time: 5656.5932s
	iters: 2300, epoch: 21 | loss: 0.2769386
	speed: 0.2055s/iter; left time: 5641.2031s
	iters: 2400, epoch: 21 | loss: 0.2090800
	speed: 0.2057s/iter; left time: 5625.6366s
	iters: 2500, epoch: 21 | loss: 0.2236426
	speed: 0.2068s/iter; left time: 5636.3359s
	iters: 2600, epoch: 21 | loss: 0.2402096
	speed: 0.2053s/iter; left time: 5573.2955s
	iters: 2700, epoch: 21 | loss: 0.3159063
	speed: 0.2047s/iter; left time: 5537.4304s
	iters: 2800, epoch: 21 | loss: 0.2654468
	speed: 0.2050s/iter; left time: 5524.7798s
	iters: 2900, epoch: 21 | loss: 0.2133280
	speed: 0.2050s/iter; left time: 5503.3444s
Epoch: 21 cost time: 612.565803527832
Epoch: 21, Steps: 2975 | Train Loss: 0.2386797 Vali Loss: 0.3420537 Test Loss: 0.4057897
EarlyStopping counter: 2 out of 5
Updating learning rate to 3.086407241486591e-05
	iters: 100, epoch: 22 | loss: 0.1853303
	speed: 1.9310s/iter; left time: 51512.2557s
	iters: 200, epoch: 22 | loss: 0.2321577
	speed: 0.2051s/iter; left time: 5451.0404s
	iters: 300, epoch: 22 | loss: 0.2655810
	speed: 0.2052s/iter; left time: 5431.7811s
	iters: 400, epoch: 22 | loss: 0.2013953
	speed: 0.2056s/iter; left time: 5421.7984s
	iters: 500, epoch: 22 | loss: 0.2259582
	speed: 0.2051s/iter; left time: 5390.2328s
	iters: 600, epoch: 22 | loss: 0.2725651
	speed: 0.2049s/iter; left time: 5362.6216s
	iters: 700, epoch: 22 | loss: 0.2561987
	speed: 0.2056s/iter; left time: 5360.9533s
	iters: 800, epoch: 22 | loss: 0.1882963
	speed: 0.2053s/iter; left time: 5332.9900s
	iters: 900, epoch: 22 | loss: 0.2074199
	speed: 0.2051s/iter; left time: 5307.1632s
	iters: 1000, epoch: 22 | loss: 0.3354132
	speed: 0.2051s/iter; left time: 5287.8322s
	iters: 1100, epoch: 22 | loss: 0.2451890
	speed: 0.2050s/iter; left time: 5264.7364s
	iters: 1200, epoch: 22 | loss: 0.2347564
	speed: 0.2053s/iter; left time: 5251.8770s
	iters: 1300, epoch: 22 | loss: 0.2123616
	speed: 0.2051s/iter; left time: 5224.9750s
	iters: 1400, epoch: 22 | loss: 0.1811690
	speed: 0.2051s/iter; left time: 5203.7207s
	iters: 1500, epoch: 22 | loss: 0.1963467
	speed: 0.2051s/iter; left time: 5184.1254s
	iters: 1600, epoch: 22 | loss: 0.2462373
	speed: 0.2053s/iter; left time: 5169.7806s
	iters: 1700, epoch: 22 | loss: 0.2160264
	speed: 0.2054s/iter; left time: 5151.2390s
	iters: 1800, epoch: 22 | loss: 0.2459783
	speed: 0.2046s/iter; left time: 5109.3170s
	iters: 1900, epoch: 22 | loss: 0.2374243
	speed: 0.2054s/iter; left time: 5110.6857s
	iters: 2000, epoch: 22 | loss: 0.2733265
	speed: 0.2051s/iter; left time: 5080.3935s
	iters: 2100, epoch: 22 | loss: 0.2153139
	speed: 0.2055s/iter; left time: 5070.6164s
	iters: 2200, epoch: 22 | loss: 0.2493449
	speed: 0.2053s/iter; left time: 5046.4995s
	iters: 2300, epoch: 22 | loss: 0.2562423
	speed: 0.2047s/iter; left time: 5009.2941s
	iters: 2400, epoch: 22 | loss: 0.2395291
	speed: 0.2056s/iter; left time: 5012.5165s
	iters: 2500, epoch: 22 | loss: 0.3115292
	speed: 0.2068s/iter; left time: 5019.3644s
	iters: 2600, epoch: 22 | loss: 0.2412389
	speed: 0.2052s/iter; left time: 4960.1088s
	iters: 2700, epoch: 22 | loss: 0.2620003
	speed: 0.2055s/iter; left time: 4947.5991s
	iters: 2800, epoch: 22 | loss: 0.2245512
	speed: 0.2045s/iter; left time: 4903.1287s
	iters: 2900, epoch: 22 | loss: 0.2728859
	speed: 0.2049s/iter; left time: 4891.1294s
Epoch: 22 cost time: 611.8973157405853
Epoch: 22, Steps: 2975 | Train Loss: 0.2382081 Vali Loss: 0.3399378 Test Loss: 0.4032457
Validation loss decreased (0.341259 --> 0.339938).  Saving model ...
Updating learning rate to 2.4998394780388393e-05
	iters: 100, epoch: 23 | loss: 0.2413730
	speed: 1.8903s/iter; left time: 44801.1559s
	iters: 200, epoch: 23 | loss: 0.2550254
	speed: 0.2048s/iter; left time: 4833.7064s
	iters: 300, epoch: 23 | loss: 0.2221864
	speed: 0.2054s/iter; left time: 4826.9278s
	iters: 400, epoch: 23 | loss: 0.3014141
	speed: 0.2057s/iter; left time: 4814.0898s
	iters: 500, epoch: 23 | loss: 0.1933452
	speed: 0.2055s/iter; left time: 4788.6811s
	iters: 600, epoch: 23 | loss: 0.2087757
	speed: 0.2054s/iter; left time: 4765.3613s
	iters: 700, epoch: 23 | loss: 0.2215147
	speed: 0.2052s/iter; left time: 4740.3201s
	iters: 800, epoch: 23 | loss: 0.2199672
	speed: 0.2049s/iter; left time: 4713.5104s
	iters: 900, epoch: 23 | loss: 0.2188753
	speed: 0.2052s/iter; left time: 4700.1145s
	iters: 1000, epoch: 23 | loss: 0.2306897
	speed: 0.2053s/iter; left time: 4682.1745s
	iters: 1100, epoch: 23 | loss: 0.2368104
	speed: 0.2053s/iter; left time: 4661.5820s
	iters: 1200, epoch: 23 | loss: 0.2314528
	speed: 0.2053s/iter; left time: 4640.4654s
	iters: 1300, epoch: 23 | loss: 0.2588485
	speed: 0.2044s/iter; left time: 4599.8996s
	iters: 1400, epoch: 23 | loss: 0.2433581
	speed: 0.2051s/iter; left time: 4594.5403s
	iters: 1500, epoch: 23 | loss: 0.2825515
	speed: 0.2051s/iter; left time: 4573.6903s
	iters: 1600, epoch: 23 | loss: 0.2512151
	speed: 0.2051s/iter; left time: 4554.1278s
	iters: 1700, epoch: 23 | loss: 0.2344130
	speed: 0.2045s/iter; left time: 4520.1096s
	iters: 1800, epoch: 23 | loss: 0.2653227
	speed: 0.2054s/iter; left time: 4518.6565s
	iters: 1900, epoch: 23 | loss: 0.2250923
	speed: 0.2049s/iter; left time: 4487.1560s
	iters: 2000, epoch: 23 | loss: 0.2418616
	speed: 0.2049s/iter; left time: 4466.3940s
	iters: 2100, epoch: 23 | loss: 0.2395237
	speed: 0.2058s/iter; left time: 4465.3135s
	iters: 2200, epoch: 23 | loss: 0.2705618
	speed: 0.2057s/iter; left time: 4444.4028s
	iters: 2300, epoch: 23 | loss: 0.2373129
	speed: 0.2057s/iter; left time: 4422.3295s
	iters: 2400, epoch: 23 | loss: 0.2909534
	speed: 0.2047s/iter; left time: 4381.0467s
	iters: 2500, epoch: 23 | loss: 0.2298421
	speed: 0.2055s/iter; left time: 4377.7144s
	iters: 2600, epoch: 23 | loss: 0.2679540
	speed: 0.2054s/iter; left time: 4355.2917s
	iters: 2700, epoch: 23 | loss: 0.2567020
	speed: 0.2052s/iter; left time: 4329.3263s
	iters: 2800, epoch: 23 | loss: 0.2038883
	speed: 0.2048s/iter; left time: 4301.7851s
	iters: 2900, epoch: 23 | loss: 0.2463748
	speed: 0.2056s/iter; left time: 4297.4382s
Epoch: 23 cost time: 611.967787027359
Epoch: 23, Steps: 2975 | Train Loss: 0.2377336 Vali Loss: 0.3397696 Test Loss: 0.4034883
Validation loss decreased (0.339938 --> 0.339770).  Saving model ...
Updating learning rate to 1.9560504965028433e-05
	iters: 100, epoch: 24 | loss: 0.2376215
	speed: 1.8936s/iter; left time: 39245.9095s
	iters: 200, epoch: 24 | loss: 0.2972102
	speed: 0.2054s/iter; left time: 4235.6527s
	iters: 300, epoch: 24 | loss: 0.1925535
	speed: 0.2053s/iter; left time: 4212.9860s
	iters: 400, epoch: 24 | loss: 0.2308635
	speed: 0.2050s/iter; left time: 4187.7212s
	iters: 500, epoch: 24 | loss: 0.2185703
	speed: 0.2053s/iter; left time: 4172.0825s
	iters: 600, epoch: 24 | loss: 0.2826463
	speed: 0.2048s/iter; left time: 4142.6997s
	iters: 700, epoch: 24 | loss: 0.2404753
	speed: 0.2051s/iter; left time: 4128.7358s
	iters: 800, epoch: 24 | loss: 0.2076346
	speed: 0.2056s/iter; left time: 4116.7038s
	iters: 900, epoch: 24 | loss: 0.2813769
	speed: 0.2055s/iter; left time: 4094.8992s
	iters: 1000, epoch: 24 | loss: 0.2511288
	speed: 0.2049s/iter; left time: 4062.9939s
	iters: 1100, epoch: 24 | loss: 0.2265204
	speed: 0.2050s/iter; left time: 4043.4577s
	iters: 1200, epoch: 24 | loss: 0.2116124
	speed: 0.2066s/iter; left time: 4054.0922s
	iters: 1300, epoch: 24 | loss: 0.1951935
	speed: 0.2060s/iter; left time: 4022.1854s
	iters: 1400, epoch: 24 | loss: 0.2261252
	speed: 0.2052s/iter; left time: 3985.4226s
	iters: 1500, epoch: 24 | loss: 0.2218151
	speed: 0.2053s/iter; left time: 3967.0974s
	iters: 1600, epoch: 24 | loss: 0.1770280
	speed: 0.2057s/iter; left time: 3955.1245s
	iters: 1700, epoch: 24 | loss: 0.2383284
	speed: 0.2054s/iter; left time: 3927.5355s
	iters: 1800, epoch: 24 | loss: 0.2741177
	speed: 0.2061s/iter; left time: 3921.3146s
	iters: 1900, epoch: 24 | loss: 0.2488069
	speed: 0.2052s/iter; left time: 3883.5742s
	iters: 2000, epoch: 24 | loss: 0.2155862
	speed: 0.2049s/iter; left time: 3858.0669s
	iters: 2100, epoch: 24 | loss: 0.2417905
	speed: 0.2052s/iter; left time: 3843.1666s
	iters: 2200, epoch: 24 | loss: 0.2662141
	speed: 0.2052s/iter; left time: 3822.7414s
	iters: 2300, epoch: 24 | loss: 0.2607054
	speed: 0.2051s/iter; left time: 3800.3985s
	iters: 2400, epoch: 24 | loss: 0.2144530
	speed: 0.2052s/iter; left time: 3780.2201s
	iters: 2500, epoch: 24 | loss: 0.2700642
	speed: 0.2050s/iter; left time: 3755.9897s
	iters: 2600, epoch: 24 | loss: 0.2259211
	speed: 0.2065s/iter; left time: 3763.5211s
	iters: 2700, epoch: 24 | loss: 0.2966641
	speed: 0.2050s/iter; left time: 3716.6869s
	iters: 2800, epoch: 24 | loss: 0.2299037
	speed: 0.2043s/iter; left time: 3683.1304s
	iters: 2900, epoch: 24 | loss: 0.2013232
	speed: 0.2045s/iter; left time: 3666.7016s
Epoch: 24 cost time: 612.3066625595093
Epoch: 24, Steps: 2975 | Train Loss: 0.2373970 Vali Loss: 0.3391479 Test Loss: 0.4026723
Validation loss decreased (0.339770 --> 0.339148).  Saving model ...
Updating learning rate to 1.4643446771194701e-05
	iters: 100, epoch: 25 | loss: 0.2505594
	speed: 1.8926s/iter; left time: 33595.3705s
	iters: 200, epoch: 25 | loss: 0.2526999
	speed: 0.2043s/iter; left time: 3606.4517s
	iters: 300, epoch: 25 | loss: 0.2122370
	speed: 0.2046s/iter; left time: 3590.1287s
	iters: 400, epoch: 25 | loss: 0.2369745
	speed: 0.2042s/iter; left time: 3562.9045s
	iters: 500, epoch: 25 | loss: 0.2682896
	speed: 0.2048s/iter; left time: 3552.7126s
	iters: 600, epoch: 25 | loss: 0.2556232
	speed: 0.2048s/iter; left time: 3533.4074s
	iters: 700, epoch: 25 | loss: 0.2027175
	speed: 0.2051s/iter; left time: 3518.0629s
	iters: 800, epoch: 25 | loss: 0.2190472
	speed: 0.2051s/iter; left time: 3496.8103s
	iters: 900, epoch: 25 | loss: 0.1857861
	speed: 0.2056s/iter; left time: 3484.6047s
	iters: 1000, epoch: 25 | loss: 0.2257338
	speed: 0.2047s/iter; left time: 3448.9766s
	iters: 1100, epoch: 25 | loss: 0.1870849
	speed: 0.2048s/iter; left time: 3430.9623s
	iters: 1200, epoch: 25 | loss: 0.2237098
	speed: 0.2048s/iter; left time: 3410.2422s
	iters: 1300, epoch: 25 | loss: 0.2349629
	speed: 0.2046s/iter; left time: 3386.1288s
	iters: 1400, epoch: 25 | loss: 0.2284697
	speed: 0.2047s/iter; left time: 3367.9625s
	iters: 1500, epoch: 25 | loss: 0.2203038
	speed: 0.2058s/iter; left time: 3364.6909s
	iters: 1600, epoch: 25 | loss: 0.2525363
	speed: 0.2059s/iter; left time: 3346.7981s
	iters: 1700, epoch: 25 | loss: 0.2336274
	speed: 0.2053s/iter; left time: 3315.0958s
	iters: 1800, epoch: 25 | loss: 0.1949135
	speed: 0.2055s/iter; left time: 3299.2720s
	iters: 1900, epoch: 25 | loss: 0.2088054
	speed: 0.2058s/iter; left time: 3282.0558s
	iters: 2000, epoch: 25 | loss: 0.2225490
	speed: 0.2048s/iter; left time: 3245.6516s
	iters: 2100, epoch: 25 | loss: 0.2213578
	speed: 0.2050s/iter; left time: 3229.3644s
	iters: 2200, epoch: 25 | loss: 0.2655516
	speed: 0.2047s/iter; left time: 3203.2995s
	iters: 2300, epoch: 25 | loss: 0.2200410
	speed: 0.2050s/iter; left time: 3188.5312s
	iters: 2400, epoch: 25 | loss: 0.2301687
	speed: 0.2049s/iter; left time: 3165.3809s
	iters: 2500, epoch: 25 | loss: 0.2011073
	speed: 0.2048s/iter; left time: 3143.6509s
	iters: 2600, epoch: 25 | loss: 0.2481950
	speed: 0.2060s/iter; left time: 3142.4125s
	iters: 2700, epoch: 25 | loss: 0.2117036
	speed: 0.2054s/iter; left time: 3112.6020s
	iters: 2800, epoch: 25 | loss: 0.2244721
	speed: 0.2048s/iter; left time: 3082.7517s
	iters: 2900, epoch: 25 | loss: 0.2318819
	speed: 0.2055s/iter; left time: 3072.3014s
Epoch: 25 cost time: 611.7263758182526
Epoch: 25, Steps: 2975 | Train Loss: 0.2370899 Vali Loss: 0.3394612 Test Loss: 0.4022760
EarlyStopping counter: 1 out of 5
Updating learning rate to 1.0331352427849772e-05
	iters: 100, epoch: 26 | loss: 0.2710451
	speed: 1.9198s/iter; left time: 28366.2727s
	iters: 200, epoch: 26 | loss: 0.2267130
	speed: 0.2059s/iter; left time: 3022.0573s
	iters: 300, epoch: 26 | loss: 0.2126693
	speed: 0.2063s/iter; left time: 3006.6146s
	iters: 400, epoch: 26 | loss: 0.2455355
	speed: 0.2054s/iter; left time: 2973.0442s
	iters: 500, epoch: 26 | loss: 0.2037199
	speed: 0.2063s/iter; left time: 2966.2016s
	iters: 600, epoch: 26 | loss: 0.2191036
	speed: 0.2057s/iter; left time: 2937.2217s
	iters: 700, epoch: 26 | loss: 0.1788335
	speed: 0.2056s/iter; left time: 2914.5292s
	iters: 800, epoch: 26 | loss: 0.1954657
	speed: 0.2060s/iter; left time: 2899.8512s
	iters: 900, epoch: 26 | loss: 0.2152195
	speed: 0.2059s/iter; left time: 2877.7712s
	iters: 1000, epoch: 26 | loss: 0.2477365
	speed: 0.2068s/iter; left time: 2869.6873s
	iters: 1100, epoch: 26 | loss: 0.2312817
	speed: 0.2060s/iter; left time: 2837.6169s
	iters: 1200, epoch: 26 | loss: 0.2718520
	speed: 0.2052s/iter; left time: 2806.9399s
	iters: 1300, epoch: 26 | loss: 0.2168598
	speed: 0.2056s/iter; left time: 2791.1459s
	iters: 1400, epoch: 26 | loss: 0.2304809
	speed: 0.2055s/iter; left time: 2769.8503s
	iters: 1500, epoch: 26 | loss: 0.2438227
	speed: 0.2059s/iter; left time: 2754.0634s
	iters: 1600, epoch: 26 | loss: 0.2500566
	speed: 0.2054s/iter; left time: 2726.5153s
	iters: 1700, epoch: 26 | loss: 0.2054962
	speed: 0.2061s/iter; left time: 2716.0149s
	iters: 1800, epoch: 26 | loss: 0.2161858
	speed: 0.2057s/iter; left time: 2689.2969s
	iters: 1900, epoch: 26 | loss: 0.1881032
	speed: 0.2055s/iter; left time: 2666.3791s
	iters: 2000, epoch: 26 | loss: 0.2336673
	speed: 0.2057s/iter; left time: 2648.4708s
	iters: 2100, epoch: 26 | loss: 0.2292630
	speed: 0.2060s/iter; left time: 2632.1394s
	iters: 2200, epoch: 26 | loss: 0.2195626
	speed: 0.2058s/iter; left time: 2609.1314s
	iters: 2300, epoch: 26 | loss: 0.2939518
	speed: 0.2061s/iter; left time: 2591.8227s
	iters: 2400, epoch: 26 | loss: 0.3300699
	speed: 0.2060s/iter; left time: 2569.7272s
	iters: 2500, epoch: 26 | loss: 0.2340872
	speed: 0.2064s/iter; left time: 2553.8213s
	iters: 2600, epoch: 26 | loss: 0.2048613
	speed: 0.2067s/iter; left time: 2537.3690s
	iters: 2700, epoch: 26 | loss: 0.2470535
	speed: 0.2069s/iter; left time: 2519.6203s
	iters: 2800, epoch: 26 | loss: 0.2581280
	speed: 0.2062s/iter; left time: 2490.5256s
	iters: 2900, epoch: 26 | loss: 0.2325009
	speed: 0.2061s/iter; left time: 2468.1112s
Epoch: 26 cost time: 614.2986562252045
Epoch: 26, Steps: 2975 | Train Loss: 0.2368288 Vali Loss: 0.3394683 Test Loss: 0.4018890
EarlyStopping counter: 2 out of 5
Updating learning rate to 6.698003064746714e-06
	iters: 100, epoch: 27 | loss: 0.2459297
	speed: 1.9763s/iter; left time: 23322.8835s
	iters: 200, epoch: 27 | loss: 0.2536967
	speed: 0.2066s/iter; left time: 2417.7759s
	iters: 300, epoch: 27 | loss: 0.2605025
	speed: 0.2062s/iter; left time: 2392.5209s
	iters: 400, epoch: 27 | loss: 0.2122391
	speed: 0.2044s/iter; left time: 2351.0018s
	iters: 500, epoch: 27 | loss: 0.2639193
	speed: 0.2057s/iter; left time: 2345.3554s
	iters: 600, epoch: 27 | loss: 0.2346840
	speed: 0.2041s/iter; left time: 2306.5878s
	iters: 700, epoch: 27 | loss: 0.2581271
	speed: 0.2042s/iter; left time: 2287.4585s
	iters: 800, epoch: 27 | loss: 0.2600662
	speed: 0.2044s/iter; left time: 2269.1693s
	iters: 900, epoch: 27 | loss: 0.2452504
	speed: 0.2040s/iter; left time: 2244.0240s
	iters: 1000, epoch: 27 | loss: 0.2488023
	speed: 0.2044s/iter; left time: 2227.6911s
	iters: 1100, epoch: 27 | loss: 0.2309118
	speed: 0.2036s/iter; left time: 2199.2694s
	iters: 1200, epoch: 27 | loss: 0.2881424
	speed: 0.2035s/iter; left time: 2177.4615s
	iters: 1300, epoch: 27 | loss: 0.2550822
	speed: 0.2030s/iter; left time: 2151.6592s
	iters: 1400, epoch: 27 | loss: 0.2033159
	speed: 0.2030s/iter; left time: 2131.4650s
	iters: 1500, epoch: 27 | loss: 0.2512422
	speed: 0.2022s/iter; left time: 2103.4737s
	iters: 1600, epoch: 27 | loss: 0.2173239
	speed: 0.2023s/iter; left time: 2083.7749s
	iters: 1700, epoch: 27 | loss: 0.2689643
	speed: 0.2025s/iter; left time: 2065.3723s
	iters: 1800, epoch: 27 | loss: 0.2437770
	speed: 0.2028s/iter; left time: 2048.3406s
	iters: 1900, epoch: 27 | loss: 0.2207328
	speed: 0.2022s/iter; left time: 2022.2512s
	iters: 2000, epoch: 27 | loss: 0.2301335
	speed: 0.2024s/iter; left time: 2003.7727s
	iters: 2100, epoch: 27 | loss: 0.2220401
	speed: 0.2023s/iter; left time: 1983.0363s
	iters: 2200, epoch: 27 | loss: 0.1800222
	speed: 0.2027s/iter; left time: 1966.6135s
	iters: 2300, epoch: 27 | loss: 0.2451982
	speed: 0.2028s/iter; left time: 1946.9588s
	iters: 2400, epoch: 27 | loss: 0.2116755
	speed: 0.2028s/iter; left time: 1927.1195s
	iters: 2500, epoch: 27 | loss: 0.2589845
	speed: 0.2029s/iter; left time: 1907.1569s
	iters: 2600, epoch: 27 | loss: 0.2006322
	speed: 0.2027s/iter; left time: 1885.4981s
	iters: 2700, epoch: 27 | loss: 0.2312627
	speed: 0.2026s/iter; left time: 1864.0216s
	iters: 2800, epoch: 27 | loss: 0.2534321
	speed: 0.2027s/iter; left time: 1844.9832s
	iters: 2900, epoch: 27 | loss: 0.2755969
	speed: 0.2026s/iter; left time: 1823.4371s
Epoch: 27 cost time: 606.9591860771179
Epoch: 27, Steps: 2975 | Train Loss: 0.2366270 Vali Loss: 0.3383485 Test Loss: 0.4013485
Validation loss decreased (0.339148 --> 0.338349).  Saving model ...
Updating learning rate to 3.8055662968429585e-06
	iters: 100, epoch: 28 | loss: 0.2440685
	speed: 1.5783s/iter; left time: 13930.2007s
	iters: 200, epoch: 28 | loss: 0.2037054
	speed: 0.2025s/iter; left time: 1767.0857s
	iters: 300, epoch: 28 | loss: 0.2083956
	speed: 0.2025s/iter; left time: 1746.9157s
	iters: 400, epoch: 28 | loss: 0.2490811
	speed: 0.2024s/iter; left time: 1725.5793s
	iters: 500, epoch: 28 | loss: 0.2959912
	speed: 0.2026s/iter; left time: 1707.0761s
	iters: 600, epoch: 28 | loss: 0.2020358
	speed: 0.2027s/iter; left time: 1687.9729s
	iters: 700, epoch: 28 | loss: 0.2502635
	speed: 0.2031s/iter; left time: 1670.5850s
	iters: 800, epoch: 28 | loss: 0.2708468
	speed: 0.2030s/iter; left time: 1649.2691s
	iters: 900, epoch: 28 | loss: 0.2210329
	speed: 0.2030s/iter; left time: 1629.2212s
	iters: 1000, epoch: 28 | loss: 0.2301558
	speed: 0.2026s/iter; left time: 1605.5374s
	iters: 1100, epoch: 28 | loss: 0.2403785
	speed: 0.2029s/iter; left time: 1587.8724s
	iters: 1200, epoch: 28 | loss: 0.2505682
	speed: 0.2026s/iter; left time: 1565.5050s
	iters: 1300, epoch: 28 | loss: 0.2230411
	speed: 0.2030s/iter; left time: 1548.3752s
	iters: 1400, epoch: 28 | loss: 0.3099895
	speed: 0.2030s/iter; left time: 1527.6833s
	iters: 1500, epoch: 28 | loss: 0.2211479
	speed: 0.2033s/iter; left time: 1509.6856s
	iters: 1600, epoch: 28 | loss: 0.2293820
	speed: 0.2028s/iter; left time: 1485.6127s
	iters: 1700, epoch: 28 | loss: 0.2103927
	speed: 0.2027s/iter; left time: 1464.6779s
	iters: 1800, epoch: 28 | loss: 0.2077681
	speed: 0.2026s/iter; left time: 1443.8233s
	iters: 1900, epoch: 28 | loss: 0.2310807
	speed: 0.2024s/iter; left time: 1422.0568s
	iters: 2000, epoch: 28 | loss: 0.2655945
	speed: 0.2027s/iter; left time: 1403.9376s
	iters: 2100, epoch: 28 | loss: 0.2588870
	speed: 0.2026s/iter; left time: 1382.8560s
	iters: 2200, epoch: 28 | loss: 0.2511634
	speed: 0.2024s/iter; left time: 1361.4614s
	iters: 2300, epoch: 28 | loss: 0.2499129
	speed: 0.2028s/iter; left time: 1343.7410s
	iters: 2400, epoch: 28 | loss: 0.1977064
	speed: 0.2023s/iter; left time: 1320.1325s
	iters: 2500, epoch: 28 | loss: 0.2211920
	speed: 0.2022s/iter; left time: 1299.2309s
	iters: 2600, epoch: 28 | loss: 0.2353414
	speed: 0.2025s/iter; left time: 1281.1632s
	iters: 2700, epoch: 28 | loss: 0.2315552
	speed: 0.2030s/iter; left time: 1263.9685s
	iters: 2800, epoch: 28 | loss: 0.2067008
	speed: 0.2030s/iter; left time: 1243.4970s
	iters: 2900, epoch: 28 | loss: 0.2198649
	speed: 0.2033s/iter; left time: 1225.0144s
Epoch: 28 cost time: 604.2197244167328
Epoch: 28, Steps: 2975 | Train Loss: 0.2364891 Vali Loss: 0.3388402 Test Loss: 0.4019129
EarlyStopping counter: 1 out of 5
Updating learning rate to 1.7035325191723149e-06
	iters: 100, epoch: 29 | loss: 0.2421167
	speed: 1.6056s/iter; left time: 9394.3303s
	iters: 200, epoch: 29 | loss: 0.2338060
	speed: 0.2023s/iter; left time: 1163.2300s
	iters: 300, epoch: 29 | loss: 0.2020042
	speed: 0.2027s/iter; left time: 1145.1772s
	iters: 400, epoch: 29 | loss: 0.2147354
	speed: 0.2028s/iter; left time: 1125.6905s
	iters: 500, epoch: 29 | loss: 0.2222116
	speed: 0.2038s/iter; left time: 1110.7424s
	iters: 600, epoch: 29 | loss: 0.2733123
	speed: 0.2035s/iter; left time: 1089.0680s
	iters: 700, epoch: 29 | loss: 0.2298294
	speed: 0.2032s/iter; left time: 1066.7572s
	iters: 800, epoch: 29 | loss: 0.2351666
	speed: 0.2031s/iter; left time: 1045.9961s
	iters: 900, epoch: 29 | loss: 0.1912690
	speed: 0.2029s/iter; left time: 1024.7004s
	iters: 1000, epoch: 29 | loss: 0.3259442
	speed: 0.2029s/iter; left time: 1004.6101s
	iters: 1100, epoch: 29 | loss: 0.2133461
	speed: 0.2034s/iter; left time: 986.5173s
	iters: 1200, epoch: 29 | loss: 0.2114879
	speed: 0.2028s/iter; left time: 963.6026s
	iters: 1300, epoch: 29 | loss: 0.2807494
	speed: 0.2030s/iter; left time: 944.2374s
	iters: 1400, epoch: 29 | loss: 0.2775853
	speed: 0.2027s/iter; left time: 922.6415s
	iters: 1500, epoch: 29 | loss: 0.2422354
	speed: 0.2027s/iter; left time: 902.3062s
	iters: 1600, epoch: 29 | loss: 0.2192721
	speed: 0.2024s/iter; left time: 880.7378s
	iters: 1700, epoch: 29 | loss: 0.2291359
	speed: 0.2033s/iter; left time: 864.3285s
	iters: 1800, epoch: 29 | loss: 0.2997338
	speed: 0.2030s/iter; left time: 842.7918s
	iters: 1900, epoch: 29 | loss: 0.2379104
	speed: 0.2032s/iter; left time: 822.9904s
	iters: 2000, epoch: 29 | loss: 0.2196772
	speed: 0.2031s/iter; left time: 802.4543s
	iters: 2100, epoch: 29 | loss: 0.2200467
	speed: 0.2027s/iter; left time: 780.6192s
	iters: 2200, epoch: 29 | loss: 0.2505909
	speed: 0.2034s/iter; left time: 762.9567s
	iters: 2300, epoch: 29 | loss: 0.2231092
	speed: 0.2035s/iter; left time: 742.9827s
	iters: 2400, epoch: 29 | loss: 0.2177811
	speed: 0.2030s/iter; left time: 720.8447s
	iters: 2500, epoch: 29 | loss: 0.2299092
	speed: 0.2035s/iter; left time: 702.3270s
	iters: 2600, epoch: 29 | loss: 0.2162983
	speed: 0.2041s/iter; left time: 683.9763s
	iters: 2700, epoch: 29 | loss: 0.2665828
	speed: 0.2032s/iter; left time: 660.4663s
	iters: 2800, epoch: 29 | loss: 0.2543963
	speed: 0.2032s/iter; left time: 640.1952s
	iters: 2900, epoch: 29 | loss: 0.2018484
	speed: 0.2023s/iter; left time: 617.3681s
Epoch: 29 cost time: 605.5065104961395
Epoch: 29, Steps: 2975 | Train Loss: 0.2363852 Vali Loss: 0.3387712 Test Loss: 0.4018863
EarlyStopping counter: 2 out of 5
Updating learning rate to 4.2786811246460616e-07
	iters: 100, epoch: 30 | loss: 0.2303502
	speed: 1.5989s/iter; left time: 4598.3373s
	iters: 200, epoch: 30 | loss: 0.2129674
	speed: 0.2024s/iter; left time: 561.9042s
	iters: 300, epoch: 30 | loss: 0.2657004
	speed: 0.2024s/iter; left time: 541.7237s
	iters: 400, epoch: 30 | loss: 0.2149875
	speed: 0.2028s/iter; left time: 522.5009s
	iters: 500, epoch: 30 | loss: 0.1891351
	speed: 0.2022s/iter; left time: 500.5940s
	iters: 600, epoch: 30 | loss: 0.2296125
	speed: 0.2024s/iter; left time: 480.9197s
	iters: 700, epoch: 30 | loss: 0.2343590
	speed: 0.2028s/iter; left time: 461.4844s
	iters: 800, epoch: 30 | loss: 0.2121975
	speed: 0.2028s/iter; left time: 441.1899s
	iters: 900, epoch: 30 | loss: 0.2361561
	speed: 0.2027s/iter; left time: 420.8630s
	iters: 1000, epoch: 30 | loss: 0.2358430
	speed: 0.2027s/iter; left time: 400.4466s
	iters: 1100, epoch: 30 | loss: 0.2180473
	speed: 0.2028s/iter; left time: 380.3919s
	iters: 1200, epoch: 30 | loss: 0.2539726
	speed: 0.2027s/iter; left time: 360.0479s
	iters: 1300, epoch: 30 | loss: 0.2121955
	speed: 0.2029s/iter; left time: 340.0464s
	iters: 1400, epoch: 30 | loss: 0.2476817
	speed: 0.2030s/iter; left time: 319.8580s
	iters: 1500, epoch: 30 | loss: 0.1965810
	speed: 0.2027s/iter; left time: 299.2322s
	iters: 1600, epoch: 30 | loss: 0.2163057
	speed: 0.2027s/iter; left time: 278.8643s
	iters: 1700, epoch: 30 | loss: 0.2337083
	speed: 0.2022s/iter; left time: 258.0151s
	iters: 1800, epoch: 30 | loss: 0.2261625
	speed: 0.2022s/iter; left time: 237.8386s
	iters: 1900, epoch: 30 | loss: 0.2770294
	speed: 0.2024s/iter; left time: 217.7422s
	iters: 2000, epoch: 30 | loss: 0.2411402
	speed: 0.2025s/iter; left time: 197.6316s
	iters: 2100, epoch: 30 | loss: 0.2629107
	speed: 0.2023s/iter; left time: 177.1970s
	iters: 2200, epoch: 30 | loss: 0.2266107
	speed: 0.2025s/iter; left time: 157.1338s
	iters: 2300, epoch: 30 | loss: 0.2406153
	speed: 0.2027s/iter; left time: 137.0319s
	iters: 2400, epoch: 30 | loss: 0.2608726
	speed: 0.2026s/iter; left time: 116.7160s
	iters: 2500, epoch: 30 | loss: 0.2975017
	speed: 0.2034s/iter; left time: 96.7947s
	iters: 2600, epoch: 30 | loss: 0.2393792
	speed: 0.2032s/iter; left time: 76.3920s
	iters: 2700, epoch: 30 | loss: 0.2596224
	speed: 0.2030s/iter; left time: 56.0397s
	iters: 2800, epoch: 30 | loss: 0.2855391
	speed: 0.2027s/iter; left time: 35.6818s
	iters: 2900, epoch: 30 | loss: 0.2443687
	speed: 0.2041s/iter; left time: 15.5086s
Epoch: 30 cost time: 604.314611196518
Epoch: 30, Steps: 2975 | Train Loss: 0.2363467 Vali Loss: 0.3386442 Test Loss: 0.4016241
EarlyStopping counter: 3 out of 5
Updating learning rate to 4.000483995794791e-10
>>>>>>>testing : 192_192_PatchTST_custom_ftM_sl192_ll48_pl192_dm128_nh16_el3_dl1_df256_fc1_ebtimeF_dtTrue_Exp_0<<<<<<<<<<<<<<<<<<<<<<<<<<<<<<<<<
test 3317
mse:0.40128013491630554, mae:0.26271432638168335, rse:0.522820770740509
