Args in experiment:
Namespace(random_seed=2021, is_training=1, model_id='192_336', model='PatchTST', data='ETTm2', root_path='./dataset/', data_path='ETTm2.csv', features='M', target='OT', freq='h', checkpoints='./checkpoints/', seq_len=192, label_len=48, pred_len=336, fc_dropout=0.2, head_dropout=0.0, patch_len=16, stride=8, padding_patch='end', revin=1, affine=0, subtract_last=0, decomposition=0, kernel_size=25, individual=0, embed_type=0, enc_in=7, dec_in=7, c_out=7, d_model=128, n_heads=16, e_layers=3, d_layers=1, d_ff=256, moving_avg=25, factor=1, distil=True, dropout=0.2, embed='timeF', activation='gelu', output_attention=False, do_predict=False, num_workers=10, itr=1, train_epochs=30, batch_size=128, patience=5, learning_rate=0.0001, des='Exp', loss='mse', lradj='TST', pct_start=0.4, use_amp=False, use_gpu=True, gpu=1, use_multi_gpu=False, devices='0,1,2,3', test_flop=False)
Use GPU: cuda:1
[INFO] Register count_linear() for <class 'torch.nn.modules.linear.Linear'>.
[INFO] Register zero_ops() for <class 'torch.nn.modules.dropout.Dropout'>.
[INFO] Register zero_ops() for <class 'torch.nn.modules.container.Sequential'>.
[INFO] Register count_normalization() for <class 'torch.nn.modules.batchnorm.BatchNorm1d'>.
MACs: 74145792.0
Params: 1432144.0
74.15M MACs
>>>>>>>start training : 192_336_PatchTST_ETTm2_ftM_sl192_ll48_pl336_dm128_nh16_el3_dl1_df256_fc1_ebtimeF_dtTrue_Exp_0>>>>>>>>>>>>>>>>>>>>>>>>>>
train 34033
val 11185
test 11185
	iters: 100, epoch: 1 | loss: 0.4678837
	speed: 0.1180s/iter; left time: 930.0125s
	iters: 200, epoch: 1 | loss: 0.5071940
	speed: 0.1027s/iter; left time: 798.7482s
Epoch: 1 cost time: 29.141246557235718
Epoch: 1, Steps: 266 | Train Loss: 0.4986543 Vali Loss: 0.2317549 Test Loss: 0.3128506
Validation loss decreased (inf --> 0.231755).  Saving model ...
Updating learning rate to 5.6365797408091224e-06
	iters: 100, epoch: 2 | loss: 0.4649259
	speed: 0.4428s/iter; left time: 3371.5738s
	iters: 200, epoch: 2 | loss: 0.4634174
	speed: 0.1041s/iter; left time: 782.3791s
Epoch: 2 cost time: 28.62489128112793
Epoch: 2, Steps: 266 | Train Loss: 0.4507931 Vali Loss: 0.2162355 Test Loss: 0.2940675
Validation loss decreased (0.231755 --> 0.216236).  Saving model ...
Updating learning rate to 1.0434719244568718e-05
	iters: 100, epoch: 3 | loss: 0.5791555
	speed: 0.4347s/iter; left time: 3194.3305s
	iters: 200, epoch: 3 | loss: 0.5847008
	speed: 0.0991s/iter; left time: 718.1110s
Epoch: 3 cost time: 28.31298804283142
Epoch: 3, Steps: 266 | Train Loss: 0.4323831 Vali Loss: 0.2114046 Test Loss: 0.2849005
Validation loss decreased (0.216236 --> 0.211405).  Saving model ...
Updating learning rate to 1.8067229431885886e-05
	iters: 100, epoch: 4 | loss: 0.5365610
	speed: 0.4436s/iter; left time: 3142.0157s
	iters: 200, epoch: 4 | loss: 0.4835848
	speed: 0.1017s/iter; left time: 710.1341s
Epoch: 4 cost time: 28.750333786010742
Epoch: 4, Steps: 266 | Train Loss: 0.4228602 Vali Loss: 0.2100608 Test Loss: 0.2868091
Validation loss decreased (0.211405 --> 0.210061).  Saving model ...
Updating learning rate to 2.8013643155090564e-05
	iters: 100, epoch: 5 | loss: 0.5268846
	speed: 0.4404s/iter; left time: 3001.9061s
	iters: 200, epoch: 5 | loss: 0.5006505
	speed: 0.0997s/iter; left time: 669.3894s
Epoch: 5 cost time: 28.6732759475708
Epoch: 5, Steps: 266 | Train Loss: 0.4166132 Vali Loss: 0.2107948 Test Loss: 0.2791264
EarlyStopping counter: 1 out of 5
Updating learning rate to 3.9595706281136755e-05
	iters: 100, epoch: 6 | loss: 0.4565239
	speed: 0.4479s/iter; left time: 2934.2457s
	iters: 200, epoch: 6 | loss: 0.3650381
	speed: 0.1042s/iter; left time: 671.8942s
Epoch: 6 cost time: 28.741539478302002
Epoch: 6, Steps: 266 | Train Loss: 0.4121427 Vali Loss: 0.2103183 Test Loss: 0.2802495
EarlyStopping counter: 2 out of 5
Updating learning rate to 5.202362839882203e-05
	iters: 100, epoch: 7 | loss: 0.4218517
	speed: 0.3857s/iter; left time: 2424.0671s
	iters: 200, epoch: 7 | loss: 0.4562220
	speed: 0.1074s/iter; left time: 664.0475s
Epoch: 7 cost time: 28.586362600326538
Epoch: 7, Steps: 266 | Train Loss: 0.4015968 Vali Loss: 0.2106331 Test Loss: 0.2856221
EarlyStopping counter: 3 out of 5
Updating learning rate to 6.444993927655647e-05
	iters: 100, epoch: 8 | loss: 0.3886591
	speed: 0.4297s/iter; left time: 2586.0685s
	iters: 200, epoch: 8 | loss: 0.3939832
	speed: 0.1048s/iter; left time: 620.5224s
Epoch: 8 cost time: 27.917106866836548
Epoch: 8, Steps: 266 | Train Loss: 0.3872840 Vali Loss: 0.2170072 Test Loss: 0.2960133
EarlyStopping counter: 4 out of 5
Updating learning rate to 7.602727855452773e-05
	iters: 100, epoch: 9 | loss: 0.3090051
	speed: 0.4289s/iter; left time: 2467.6724s
	iters: 200, epoch: 9 | loss: 0.3697966
	speed: 0.1035s/iter; left time: 584.9870s
Epoch: 9 cost time: 27.996500253677368
Epoch: 9, Steps: 266 | Train Loss: 0.3755812 Vali Loss: 0.2144464 Test Loss: 0.2970904
EarlyStopping counter: 5 out of 5
Early stopping
>>>>>>>testing : 192_336_PatchTST_ETTm2_ftM_sl192_ll48_pl336_dm128_nh16_el3_dl1_df256_fc1_ebtimeF_dtTrue_Exp_0<<<<<<<<<<<<<<<<<<<<<<<<<<<<<<<<<
test 11185
mse:0.28806549310684204, mae:0.33261561393737793, rse:0.43351712822914124
