Args in experiment:
Namespace(random_seed=2021, is_training=1, model_id='192_192', model='PatchTST', data='ETTm2', root_path='./dataset/', data_path='ETTm2.csv', features='M', target='OT', freq='h', checkpoints='./checkpoints/', seq_len=192, label_len=48, pred_len=192, fc_dropout=0.2, head_dropout=0.0, patch_len=16, stride=8, padding_patch='end', revin=1, affine=0, subtract_last=0, decomposition=0, kernel_size=25, individual=0, embed_type=0, enc_in=7, dec_in=7, c_out=7, d_model=128, n_heads=16, e_layers=3, d_layers=1, d_ff=256, moving_avg=25, factor=1, distil=True, dropout=0.2, embed='timeF', activation='gelu', output_attention=False, do_predict=False, num_workers=10, itr=1, train_epochs=30, batch_size=128, patience=5, learning_rate=0.0001, des='Exp', loss='mse', lradj='TST', pct_start=0.4, use_amp=False, use_gpu=True, gpu=1, use_multi_gpu=False, devices='0,1,2,3', test_flop=False)
Use GPU: cuda:1
[INFO] Register count_linear() for <class 'torch.nn.modules.linear.Linear'>.
[INFO] Register zero_ops() for <class 'torch.nn.modules.dropout.Dropout'>.
[INFO] Register zero_ops() for <class 'torch.nn.modules.container.Sequential'>.
[INFO] Register count_normalization() for <class 'torch.nn.modules.batchnorm.BatchNorm1d'>.
MACs: 71049216.0
Params: 989632.0
71.05M MACs
>>>>>>>start training : 192_192_PatchTST_ETTm2_ftM_sl192_ll48_pl192_dm128_nh16_el3_dl1_df256_fc1_ebtimeF_dtTrue_Exp_0>>>>>>>>>>>>>>>>>>>>>>>>>>
train 34177
val 11329
test 11329
	iters: 100, epoch: 1 | loss: 0.3969632
	speed: 0.1169s/iter; left time: 927.9381s
	iters: 200, epoch: 1 | loss: 0.3031889
	speed: 0.1043s/iter; left time: 817.4473s
Epoch: 1 cost time: 28.97631812095642
Epoch: 1, Steps: 268 | Train Loss: 0.4109906 Vali Loss: 0.1881797 Test Loss: 0.2606449
Validation loss decreased (inf --> 0.188180).  Saving model ...
Updating learning rate to 5.6365721298040346e-06
	iters: 100, epoch: 2 | loss: 0.3931757
	speed: 0.4385s/iter; left time: 3364.6460s
	iters: 200, epoch: 2 | loss: 0.2562339
	speed: 0.1053s/iter; left time: 797.5637s
Epoch: 2 cost time: 28.558215856552124
Epoch: 2, Steps: 268 | Train Loss: 0.3552096 Vali Loss: 0.1724260 Test Loss: 0.2397367
Validation loss decreased (0.188180 --> 0.172426).  Saving model ...
Updating learning rate to 1.043468983854729e-05
	iters: 100, epoch: 3 | loss: 0.3494413
	speed: 0.4191s/iter; left time: 3103.4363s
	iters: 200, epoch: 3 | loss: 0.2918047
	speed: 0.1019s/iter; left time: 744.1429s
Epoch: 3 cost time: 29.186368942260742
Epoch: 3, Steps: 268 | Train Loss: 0.3360489 Vali Loss: 0.1676286 Test Loss: 0.2326728
Validation loss decreased (0.172426 --> 0.167629).  Saving model ...
Updating learning rate to 1.806716705466112e-05
	iters: 100, epoch: 4 | loss: 0.2458671
	speed: 0.4494s/iter; left time: 3207.5710s
	iters: 200, epoch: 4 | loss: 0.2514920
	speed: 0.1063s/iter; left time: 747.8012s
Epoch: 4 cost time: 28.717684984207153
Epoch: 4, Steps: 268 | Train Loss: 0.3251525 Vali Loss: 0.1661637 Test Loss: 0.2283634
Validation loss decreased (0.167629 --> 0.166164).  Saving model ...
Updating learning rate to 2.8013541299259828e-05
	iters: 100, epoch: 5 | loss: 0.3197079
	speed: 0.4263s/iter; left time: 2928.5038s
	iters: 200, epoch: 5 | loss: 0.3308525
	speed: 0.1018s/iter; left time: 688.9684s
Epoch: 5 cost time: 28.34486436843872
Epoch: 5, Steps: 268 | Train Loss: 0.3192763 Vali Loss: 0.1655006 Test Loss: 0.2278468
Validation loss decreased (0.166164 --> 0.165501).  Saving model ...
Updating learning rate to 3.9595564285622165e-05
	iters: 100, epoch: 6 | loss: 0.3388162
	speed: 0.4396s/iter; left time: 2901.7596s
	iters: 200, epoch: 6 | loss: 0.2864574
	speed: 0.1004s/iter; left time: 652.9296s
Epoch: 6 cost time: 28.922902584075928
Epoch: 6, Steps: 268 | Train Loss: 0.3159495 Vali Loss: 0.1654525 Test Loss: 0.2273526
Validation loss decreased (0.165501 --> 0.165452).  Saving model ...
Updating learning rate to 5.202345201265517e-05
	iters: 100, epoch: 7 | loss: 0.3080065
	speed: 0.4495s/iter; left time: 2846.4963s
	iters: 200, epoch: 7 | loss: 0.2149284
	speed: 0.1024s/iter; left time: 638.3189s
Epoch: 7 cost time: 29.160064935684204
Epoch: 7, Steps: 268 | Train Loss: 0.3133758 Vali Loss: 0.1666615 Test Loss: 0.2317548
EarlyStopping counter: 1 out of 5
Updating learning rate to 6.444974053509239e-05
	iters: 100, epoch: 8 | loss: 0.2264366
	speed: 0.4399s/iter; left time: 2667.7450s
	iters: 200, epoch: 8 | loss: 0.2802071
	speed: 0.1011s/iter; left time: 602.9919s
Epoch: 8 cost time: 29.144452333450317
Epoch: 8, Steps: 268 | Train Loss: 0.3077505 Vali Loss: 0.1672271 Test Loss: 0.2334294
EarlyStopping counter: 2 out of 5
Updating learning rate to 7.602707495823693e-05
	iters: 100, epoch: 9 | loss: 0.3221233
	speed: 0.4417s/iter; left time: 2560.5523s
	iters: 200, epoch: 9 | loss: 0.3403910
	speed: 0.1068s/iter; left time: 608.5009s
Epoch: 9 cost time: 29.055963039398193
Epoch: 9, Steps: 268 | Train Loss: 0.3031060 Vali Loss: 0.1674479 Test Loss: 0.2448473
EarlyStopping counter: 3 out of 5
Updating learning rate to 8.596599099649138e-05
	iters: 100, epoch: 10 | loss: 0.2628741
	speed: 0.4347s/iter; left time: 2403.4429s
	iters: 200, epoch: 10 | loss: 0.2716592
	speed: 0.1076s/iter; left time: 584.1959s
Epoch: 10 cost time: 29.0742928981781
Epoch: 10, Steps: 268 | Train Loss: 0.3002383 Vali Loss: 0.1678993 Test Loss: 0.2328583
EarlyStopping counter: 4 out of 5
Updating learning rate to 9.35887489419945e-05
	iters: 100, epoch: 11 | loss: 0.2105630
	speed: 0.4311s/iter; left time: 2267.9100s
	iters: 200, epoch: 11 | loss: 0.2667775
	speed: 0.1064s/iter; left time: 549.1018s
Epoch: 11 cost time: 28.985925436019897
Epoch: 11, Steps: 268 | Train Loss: 0.2910067 Vali Loss: 0.1676979 Test Loss: 0.2367342
EarlyStopping counter: 5 out of 5
Early stopping
>>>>>>>testing : 192_192_PatchTST_ETTm2_ftM_sl192_ll48_pl192_dm128_nh16_el3_dl1_df256_fc1_ebtimeF_dtTrue_Exp_0<<<<<<<<<<<<<<<<<<<<<<<<<<<<<<<<<
test 11329
mse:0.22802607715129852, mae:0.29404497146606445, rse:0.3865337073802948
