Args in experiment:
Namespace(is_training=1, task_id='weather_720_96', model='FEDformer', version='Fourier', mode_select='random', modes=64, L=3, base='legendre', cross_activation='tanh', data='custom', root_path='./dataset/', data_path='weather.csv', features='M', target='OT', freq='h', detail_freq='h', checkpoints='./checkpoints/', seq_len=720, label_len=360, pred_len=96, enc_in=21, dec_in=21, c_out=21, d_model=512, n_heads=8, e_layers=2, d_layers=1, d_ff=2048, moving_avg=[25], factor=3, distil=True, dropout=0.05, embed='timeF', activation='gelu', output_attention=False, do_predict=False, num_workers=10, itr=1, train_epochs=30, batch_size=32, patience=3, learning_rate=0.0001, des='Exp', loss='mse', lradj='type1', use_amp=False, use_gpu=True, gpu=0, use_multi_gpu=False, devices='0,1')
Use GPU: cuda:0
fourier enhanced block used!
modes=64, index=[0, 1, 2, 6, 9, 14, 15, 22, 28, 35, 36, 37, 38, 46, 48, 58, 64, 77, 88, 94, 95, 106, 108, 113, 118, 124, 131, 136, 139, 140, 156, 158, 163, 165, 167, 175, 179, 191, 199, 202, 204, 205, 206, 216, 222, 226, 237, 247, 258, 260, 266, 269, 273, 276, 277, 285, 301, 304, 325, 331, 332, 339, 343, 352]
fourier enhanced block used!
modes=64, index=[0, 1, 3, 6, 8, 16, 18, 24, 26, 31, 32, 33, 34, 38, 43, 45, 52, 56, 62, 73, 74, 75, 79, 80, 81, 85, 86, 87, 88, 90, 91, 98, 107, 109, 112, 115, 119, 121, 124, 131, 135, 141, 143, 146, 153, 154, 161, 162, 168, 172, 178, 182, 183, 186, 192, 194, 196, 197, 199, 208, 209, 210, 213, 220]
 fourier enhanced cross attention used!
modes_q=64, index_q=[5, 8, 9, 12, 16, 18, 24, 28, 30, 35, 36, 37, 41, 48, 61, 62, 63, 67, 72, 74, 81, 85, 92, 99, 103, 106, 111, 112, 113, 114, 120, 121, 122, 123, 128, 130, 131, 134, 136, 141, 146, 148, 152, 156, 163, 164, 168, 170, 172, 175, 176, 178, 192, 197, 202, 203, 204, 205, 211, 216, 218, 219, 225, 226]
modes_kv=64, index_kv=[5, 7, 9, 13, 27, 32, 35, 44, 49, 52, 59, 65, 70, 85, 86, 88, 89, 92, 95, 111, 113, 114, 117, 129, 133, 136, 148, 155, 157, 164, 165, 170, 175, 194, 195, 197, 198, 199, 200, 215, 219, 226, 230, 233, 239, 240, 241, 243, 246, 250, 271, 275, 277, 284, 286, 294, 300, 315, 319, 341, 346, 348, 352, 355]
enc_modes: 64, dec_modes: 64
>>>>>>>start training : weather_720_96_FEDformer_random_modes64_custom_ftM_sl720_ll360_pl96_dm512_nh8_el2_dl1_df2048_fc3_ebtimeF_dtTrue_Exp_0>>>>>>>>>>>>>>>>>>>>>>>>>>
train 36072
val 5175
test 10444
Epoch: 1 cost time: 854.6575214862823
Epoch: 1, Steps: 1128 | Train Loss: 0.5364070 Vali Loss: 0.5419503 Test Loss: 0.2885960
Validation loss decreased (inf --> 0.541950).  Saving model ...
Updating learning rate to 0.0001
Epoch: 2 cost time: 861.5450537204742
Epoch: 2, Steps: 1128 | Train Loss: 0.4882816 Vali Loss: 0.5747204 Test Loss: 0.3160485
EarlyStopping counter: 1 out of 3
Updating learning rate to 5e-05
Epoch: 3 cost time: 841.7278220653534
Epoch: 3, Steps: 1128 | Train Loss: 0.4720830 Vali Loss: 0.5729320 Test Loss: 0.3169639
EarlyStopping counter: 2 out of 3
Updating learning rate to 2.5e-05
Epoch: 4 cost time: 819.0655539035797
Epoch: 4, Steps: 1128 | Train Loss: 0.4610847 Vali Loss: 0.5734556 Test Loss: 0.3255320
EarlyStopping counter: 3 out of 3
Early stopping
>>>>>>>testing : weather_720_96_FEDformer_random_modes64_custom_ftM_sl720_ll360_pl96_dm512_nh8_el2_dl1_df2048_fc3_ebtimeF_dtTrue_Exp_0<<<<<<<<<<<<<<<<<<<<<<<<<<<<<<<<<
test 10444
test shape: (10444, 96, 21) (10444, 96, 21)
test shape: (10444, 96, 21) (10444, 96, 21)
mse:0.28895968198776245, mae:0.3420654833316803
