Args in experiment:
Namespace(is_training=1, task_id='traffic_720_96', model='FEDformer', version='Fourier', mode_select='random', modes=64, L=3, base='legendre', cross_activation='tanh', data='custom', root_path='./dataset/', data_path='traffic.csv', features='M', target='OT', freq='h', detail_freq='h', checkpoints='./checkpoints/', seq_len=720, label_len=360, pred_len=96, enc_in=862, dec_in=862, c_out=862, d_model=512, n_heads=8, e_layers=2, d_layers=1, d_ff=2048, moving_avg=[25], factor=3, distil=True, dropout=0.05, embed='timeF', activation='gelu', output_attention=False, do_predict=False, num_workers=10, itr=1, train_epochs=30, batch_size=32, patience=3, learning_rate=0.0001, des='Exp', loss='mse', lradj='type1', use_amp=False, use_gpu=True, gpu=0, use_multi_gpu=False, devices='0,1')
Use GPU: cuda:0
fourier enhanced block used!
modes=64, index=[0, 1, 2, 6, 9, 14, 15, 22, 28, 35, 36, 37, 38, 46, 48, 58, 64, 77, 88, 94, 95, 106, 108, 113, 118, 124, 131, 136, 139, 140, 156, 158, 163, 165, 167, 175, 179, 191, 199, 202, 204, 205, 206, 216, 222, 226, 237, 247, 258, 260, 266, 269, 273, 276, 277, 285, 301, 304, 325, 331, 332, 339, 343, 352]
fourier enhanced block used!
modes=64, index=[0, 1, 3, 6, 8, 16, 18, 24, 26, 31, 32, 33, 34, 38, 43, 45, 52, 56, 62, 73, 74, 75, 79, 80, 81, 85, 86, 87, 88, 90, 91, 98, 107, 109, 112, 115, 119, 121, 124, 131, 135, 141, 143, 146, 153, 154, 161, 162, 168, 172, 178, 182, 183, 186, 192, 194, 196, 197, 199, 208, 209, 210, 213, 220]
 fourier enhanced cross attention used!
modes_q=64, index_q=[5, 8, 9, 12, 16, 18, 24, 28, 30, 35, 36, 37, 41, 48, 61, 62, 63, 67, 72, 74, 81, 85, 92, 99, 103, 106, 111, 112, 113, 114, 120, 121, 122, 123, 128, 130, 131, 134, 136, 141, 146, 148, 152, 156, 163, 164, 168, 170, 172, 175, 176, 178, 192, 197, 202, 203, 204, 205, 211, 216, 218, 219, 225, 226]
modes_kv=64, index_kv=[5, 7, 9, 13, 27, 32, 35, 44, 49, 52, 59, 65, 70, 85, 86, 88, 89, 92, 95, 111, 113, 114, 117, 129, 133, 136, 148, 155, 157, 164, 165, 170, 175, 194, 195, 197, 198, 199, 200, 215, 219, 226, 230, 233, 239, 240, 241, 243, 246, 250, 271, 275, 277, 284, 286, 294, 300, 315, 319, 341, 346, 348, 352, 355]
enc_modes: 64, dec_modes: 64
>>>>>>>start training : traffic_720_96_FEDformer_random_modes64_custom_ftM_sl720_ll360_pl96_dm512_nh8_el2_dl1_df2048_fc3_ebtimeF_dtTrue_Exp_0>>>>>>>>>>>>>>>>>>>>>>>>>>
train 11465
val 1661
test 3413
Epoch: 1 cost time: 334.8770010471344
Epoch: 1, Steps: 359 | Train Loss: 0.3790882 Vali Loss: 0.4845915 Test Loss: 0.6143335
Validation loss decreased (inf --> 0.484592).  Saving model ...
Updating learning rate to 0.0001
Epoch: 2 cost time: 335.0183758735657
Epoch: 2, Steps: 359 | Train Loss: 0.2532853 Vali Loss: 0.4802777 Test Loss: 0.6454316
Validation loss decreased (0.484592 --> 0.480278).  Saving model ...
Updating learning rate to 5e-05
Epoch: 3 cost time: 337.2510886192322
Epoch: 3, Steps: 359 | Train Loss: 0.2361804 Vali Loss: 0.4797517 Test Loss: 0.6573228
Validation loss decreased (0.480278 --> 0.479752).  Saving model ...
Updating learning rate to 2.5e-05
Epoch: 4 cost time: 332.2962839603424
Epoch: 4, Steps: 359 | Train Loss: 0.2299911 Vali Loss: 0.4795914 Test Loss: 0.6644595
Validation loss decreased (0.479752 --> 0.479591).  Saving model ...
Updating learning rate to 1.25e-05
Epoch: 5 cost time: 327.44500207901
Epoch: 5, Steps: 359 | Train Loss: 0.2271625 Vali Loss: 0.4801934 Test Loss: 0.6714953
EarlyStopping counter: 1 out of 3
Updating learning rate to 6.25e-06
Epoch: 6 cost time: 334.49964356422424
Epoch: 6, Steps: 359 | Train Loss: 0.2257583 Vali Loss: 0.4803523 Test Loss: 0.6732334
EarlyStopping counter: 2 out of 3
Updating learning rate to 3.125e-06
Epoch: 7 cost time: 333.2424855232239
Epoch: 7, Steps: 359 | Train Loss: 0.2250534 Vali Loss: 0.4796713 Test Loss: 0.6708942
EarlyStopping counter: 3 out of 3
Early stopping
>>>>>>>testing : traffic_720_96_FEDformer_random_modes64_custom_ftM_sl720_ll360_pl96_dm512_nh8_el2_dl1_df2048_fc3_ebtimeF_dtTrue_Exp_0<<<<<<<<<<<<<<<<<<<<<<<<<<<<<<<<<
test 3413
test shape: (3413, 96, 862) (3413, 96, 862)
test shape: (3413, 96, 862) (3413, 96, 862)
mse:0.6644716262817383, mae:0.4305259585380554
