Args in experiment:
Namespace(is_training=1, model_id='ETTm1_192_192', model='FITS', data='ETTm1', root_path='./dataset/', data_path='ETTm1.csv', features='M', target='OT', freq='h', checkpoints='./checkpoints/', seq_len=192, label_len=48, pred_len=192, individual=False, embed_type=0, enc_in=7, dec_in=7, c_out=7, d_model=512, n_heads=8, e_layers=2, d_layers=1, d_ff=2048, moving_avg=25, factor=1, distil=True, dropout=0.05, embed='timeF', activation='gelu', output_attention=False, do_predict=False, ab=2, hidden_size=1, kernel=5, groups=1, levels=3, stacks=1, num_workers=10, itr=1, train_epochs=30, batch_size=128, patience=5, learning_rate=0.0005, des='Exp', loss='mse', lradj='type3', use_amp=False, use_gpu=True, gpu=0, use_multi_gpu=False, devices='0,1,2,3', test_flop=False, aug_method='NA', aug_rate=0.5, in_batch_augmentation=False, in_dataset_augmentation=False, data_size=1, aug_data_size=1, seed=0, testset_div=2, test_time_train=False, train_mode=2, cut_freq=64, base_T=24, H_order=6)
Use GPU: cuda:0
>>>>>>>start training : ETTm1_192_192_FITS_ETTm1_ftM_sl192_ll48_pl192_H6_0>>>>>>>>>>>>>>>>>>>>>>>>>>
train 34177
val 11329
test 11329
Model(
  (freq_upsampler): Linear(in_features=64, out_features=128, bias=True)
)
[INFO] Register count_linear() for <class 'torch.nn.modules.linear.Linear'>.
FLOPs:  7340032.0
params:  8320.0
Trainable parameters:  8320
!!!!!!!!!!!!!!learning rate!!!!!!!!!!!!!!!
0.0005
	iters: 100, epoch: 1 | loss: 0.4873568
	speed: 0.0622s/iter; left time: 491.6930s
	iters: 200, epoch: 1 | loss: 0.4006481
	speed: 0.0564s/iter; left time: 440.5011s
Epoch: 1 cost time: 16.51700758934021
Epoch: 1, Steps: 267 | Train Loss: 0.4809408 Vali Loss: 0.9146099 Test Loss: 0.7141983
Validation loss decreased (inf --> 0.914610).  Saving model ...
Updating learning rate to 0.0005
	iters: 100, epoch: 2 | loss: 0.3166153
	speed: 0.3277s/iter; left time: 2504.7281s
	iters: 200, epoch: 2 | loss: 0.3066050
	speed: 0.0627s/iter; left time: 472.9492s
Epoch: 2 cost time: 18.70700168609619
Epoch: 2, Steps: 267 | Train Loss: 0.3371179 Vali Loss: 0.8021918 Test Loss: 0.6108303
Validation loss decreased (0.914610 --> 0.802192).  Saving model ...
Updating learning rate to 0.000475
	iters: 100, epoch: 3 | loss: 0.3034133
	speed: 0.3073s/iter; left time: 2267.1684s
	iters: 200, epoch: 3 | loss: 0.2532801
	speed: 0.0712s/iter; left time: 517.7913s
Epoch: 3 cost time: 19.334208011627197
Epoch: 3, Steps: 267 | Train Loss: 0.2848295 Vali Loss: 0.7259004 Test Loss: 0.5385399
Validation loss decreased (0.802192 --> 0.725900).  Saving model ...
Updating learning rate to 0.00045125
	iters: 100, epoch: 4 | loss: 0.2327940
	speed: 0.2880s/iter; left time: 2047.5559s
	iters: 200, epoch: 4 | loss: 0.2291957
	speed: 0.0620s/iter; left time: 434.5139s
Epoch: 4 cost time: 16.907864809036255
Epoch: 4, Steps: 267 | Train Loss: 0.2493554 Vali Loss: 0.6693311 Test Loss: 0.4848464
Validation loss decreased (0.725900 --> 0.669331).  Saving model ...
Updating learning rate to 0.0004286875
	iters: 100, epoch: 5 | loss: 0.2327455
	speed: 0.2913s/iter; left time: 1993.2241s
	iters: 200, epoch: 5 | loss: 0.2121927
	speed: 0.0561s/iter; left time: 378.2811s
Epoch: 5 cost time: 15.860611915588379
Epoch: 5, Steps: 267 | Train Loss: 0.2242610 Vali Loss: 0.6274078 Test Loss: 0.4448631
Validation loss decreased (0.669331 --> 0.627408).  Saving model ...
Updating learning rate to 0.00040725312499999993
	iters: 100, epoch: 6 | loss: 0.2021243
	speed: 0.2694s/iter; left time: 1771.5534s
	iters: 200, epoch: 6 | loss: 0.1834303
	speed: 0.0652s/iter; left time: 422.2996s
Epoch: 6 cost time: 18.85523796081543
Epoch: 6, Steps: 267 | Train Loss: 0.2064573 Vali Loss: 0.5976369 Test Loss: 0.4169300
Validation loss decreased (0.627408 --> 0.597637).  Saving model ...
Updating learning rate to 0.0003868904687499999
	iters: 100, epoch: 7 | loss: 0.1940464
	speed: 0.2604s/iter; left time: 1642.6463s
	iters: 200, epoch: 7 | loss: 0.1833854
	speed: 0.0542s/iter; left time: 336.7346s
Epoch: 7 cost time: 16.633888959884644
Epoch: 7, Steps: 267 | Train Loss: 0.1938670 Vali Loss: 0.5760003 Test Loss: 0.3955554
Validation loss decreased (0.597637 --> 0.576000).  Saving model ...
Updating learning rate to 0.00036754594531249993
	iters: 100, epoch: 8 | loss: 0.1697142
	speed: 0.3013s/iter; left time: 1820.6624s
	iters: 200, epoch: 8 | loss: 0.1774941
	speed: 0.0523s/iter; left time: 310.8034s
Epoch: 8 cost time: 15.662189483642578
Epoch: 8, Steps: 267 | Train Loss: 0.1850562 Vali Loss: 0.5596607 Test Loss: 0.3804388
Validation loss decreased (0.576000 --> 0.559661).  Saving model ...
Updating learning rate to 0.00034916864804687486
	iters: 100, epoch: 9 | loss: 0.1764518
	speed: 0.2675s/iter; left time: 1545.0788s
	iters: 200, epoch: 9 | loss: 0.1797244
	speed: 0.0703s/iter; left time: 398.8571s
Epoch: 9 cost time: 19.283217191696167
Epoch: 9, Steps: 267 | Train Loss: 0.1789477 Vali Loss: 0.5483572 Test Loss: 0.3699929
Validation loss decreased (0.559661 --> 0.548357).  Saving model ...
Updating learning rate to 0.00033171021564453113
	iters: 100, epoch: 10 | loss: 0.1594002
	speed: 0.2746s/iter; left time: 1512.7656s
	iters: 200, epoch: 10 | loss: 0.1928301
	speed: 0.0586s/iter; left time: 317.0497s
Epoch: 10 cost time: 16.26109552383423
Epoch: 10, Steps: 267 | Train Loss: 0.1747911 Vali Loss: 0.5395404 Test Loss: 0.3616238
Validation loss decreased (0.548357 --> 0.539540).  Saving model ...
Updating learning rate to 0.00031512470486230455
	iters: 100, epoch: 11 | loss: 0.1729216
	speed: 0.3087s/iter; left time: 1617.6456s
	iters: 200, epoch: 11 | loss: 0.1546421
	speed: 0.0584s/iter; left time: 300.2165s
Epoch: 11 cost time: 16.984812021255493
Epoch: 11, Steps: 267 | Train Loss: 0.1720006 Vali Loss: 0.5337017 Test Loss: 0.3566997
Validation loss decreased (0.539540 --> 0.533702).  Saving model ...
Updating learning rate to 0.00029936846961918935
	iters: 100, epoch: 12 | loss: 0.1661801
	speed: 0.2707s/iter; left time: 1346.6739s
	iters: 200, epoch: 12 | loss: 0.1916899
	speed: 0.0678s/iter; left time: 330.4167s
Epoch: 12 cost time: 18.557714462280273
Epoch: 12, Steps: 267 | Train Loss: 0.1701824 Vali Loss: 0.5297708 Test Loss: 0.3530150
Validation loss decreased (0.533702 --> 0.529771).  Saving model ...
Updating learning rate to 0.0002844000461382298
	iters: 100, epoch: 13 | loss: 0.1711864
	speed: 0.2753s/iter; left time: 1295.9862s
	iters: 200, epoch: 13 | loss: 0.1894005
	speed: 0.0564s/iter; left time: 260.0555s
Epoch: 13 cost time: 14.66989016532898
Epoch: 13, Steps: 267 | Train Loss: 0.1690234 Vali Loss: 0.5266942 Test Loss: 0.3505029
Validation loss decreased (0.529771 --> 0.526694).  Saving model ...
Updating learning rate to 0.0002701800438313183
	iters: 100, epoch: 14 | loss: 0.1875302
	speed: 0.2639s/iter; left time: 1171.4959s
	iters: 200, epoch: 14 | loss: 0.1605481
	speed: 0.0561s/iter; left time: 243.6798s
Epoch: 14 cost time: 16.34656071662903
Epoch: 14, Steps: 267 | Train Loss: 0.1683055 Vali Loss: 0.5238787 Test Loss: 0.3490416
Validation loss decreased (0.526694 --> 0.523879).  Saving model ...
Updating learning rate to 0.0002566710416397524
	iters: 100, epoch: 15 | loss: 0.1683679
	speed: 0.2934s/iter; left time: 1224.3346s
	iters: 200, epoch: 15 | loss: 0.1638552
	speed: 0.0701s/iter; left time: 285.3633s
Epoch: 15 cost time: 18.71589159965515
Epoch: 15, Steps: 267 | Train Loss: 0.1678832 Vali Loss: 0.5217628 Test Loss: 0.3478954
Validation loss decreased (0.523879 --> 0.521763).  Saving model ...
Updating learning rate to 0.00024383748955776477
	iters: 100, epoch: 16 | loss: 0.1687473
	speed: 0.2626s/iter; left time: 1025.6468s
	iters: 200, epoch: 16 | loss: 0.1675762
	speed: 0.0616s/iter; left time: 234.5902s
Epoch: 16 cost time: 16.5611834526062
Epoch: 16, Steps: 267 | Train Loss: 0.1676405 Vali Loss: 0.5221470 Test Loss: 0.3472891
EarlyStopping counter: 1 out of 5
Updating learning rate to 0.0002316456150798765
	iters: 100, epoch: 17 | loss: 0.1545049
	speed: 0.2693s/iter; left time: 979.9242s
	iters: 200, epoch: 17 | loss: 0.1473237
	speed: 0.0607s/iter; left time: 214.8193s
Epoch: 17 cost time: 17.197836875915527
Epoch: 17, Steps: 267 | Train Loss: 0.1675070 Vali Loss: 0.5217460 Test Loss: 0.3469208
Validation loss decreased (0.521763 --> 0.521746).  Saving model ...
Updating learning rate to 0.00022006333432588268
	iters: 100, epoch: 18 | loss: 0.1684656
	speed: 0.2794s/iter; left time: 942.2271s
	iters: 200, epoch: 18 | loss: 0.1632867
	speed: 0.0638s/iter; left time: 208.8974s
Epoch: 18 cost time: 18.86053466796875
Epoch: 18, Steps: 267 | Train Loss: 0.1674365 Vali Loss: 0.5218312 Test Loss: 0.3465844
EarlyStopping counter: 1 out of 5
Updating learning rate to 0.00020906016760958854
	iters: 100, epoch: 19 | loss: 0.1842286
	speed: 0.2797s/iter; left time: 868.5314s
	iters: 200, epoch: 19 | loss: 0.1766735
	speed: 0.0557s/iter; left time: 167.2773s
Epoch: 19 cost time: 16.992283821105957
Epoch: 19, Steps: 267 | Train Loss: 0.1674005 Vali Loss: 0.5212161 Test Loss: 0.3462272
Validation loss decreased (0.521746 --> 0.521216).  Saving model ...
Updating learning rate to 0.0001986071592291091
	iters: 100, epoch: 20 | loss: 0.1693425
	speed: 0.3054s/iter; left time: 866.7848s
	iters: 200, epoch: 20 | loss: 0.1823564
	speed: 0.0613s/iter; left time: 167.8964s
Epoch: 20 cost time: 17.24779486656189
Epoch: 20, Steps: 267 | Train Loss: 0.1673829 Vali Loss: 0.5211303 Test Loss: 0.3463425
Validation loss decreased (0.521216 --> 0.521130).  Saving model ...
Updating learning rate to 0.00018867680126765363
	iters: 100, epoch: 21 | loss: 0.1564217
	speed: 0.2827s/iter; left time: 726.8905s
	iters: 200, epoch: 21 | loss: 0.1629180
	speed: 0.0639s/iter; left time: 157.9964s
Epoch: 21 cost time: 19.443145990371704
Epoch: 21, Steps: 267 | Train Loss: 0.1673730 Vali Loss: 0.5199518 Test Loss: 0.3462336
Validation loss decreased (0.521130 --> 0.519952).  Saving model ...
Updating learning rate to 0.00017924296120427094
	iters: 100, epoch: 22 | loss: 0.1717310
	speed: 0.2836s/iter; left time: 653.4090s
	iters: 200, epoch: 22 | loss: 0.1531074
	speed: 0.0599s/iter; left time: 132.0280s
Epoch: 22 cost time: 16.55216121673584
Epoch: 22, Steps: 267 | Train Loss: 0.1673683 Vali Loss: 0.5209719 Test Loss: 0.3463298
EarlyStopping counter: 1 out of 5
Updating learning rate to 0.0001702808131440574
	iters: 100, epoch: 23 | loss: 0.1803871
	speed: 0.2973s/iter; left time: 605.6472s
	iters: 200, epoch: 23 | loss: 0.1635898
	speed: 0.0619s/iter; left time: 119.8043s
Epoch: 23 cost time: 17.702608585357666
Epoch: 23, Steps: 267 | Train Loss: 0.1673624 Vali Loss: 0.5210351 Test Loss: 0.3462226
EarlyStopping counter: 2 out of 5
Updating learning rate to 0.0001617667724868545
	iters: 100, epoch: 24 | loss: 0.1837639
	speed: 0.2837s/iter; left time: 502.1289s
	iters: 200, epoch: 24 | loss: 0.1780530
	speed: 0.0696s/iter; left time: 116.2365s
Epoch: 24 cost time: 19.11270308494568
Epoch: 24, Steps: 267 | Train Loss: 0.1673604 Vali Loss: 0.5207323 Test Loss: 0.3460539
EarlyStopping counter: 3 out of 5
Updating learning rate to 0.00015367843386251178
	iters: 100, epoch: 25 | loss: 0.1885835
	speed: 0.2852s/iter; left time: 428.5865s
	iters: 200, epoch: 25 | loss: 0.1509437
	speed: 0.0651s/iter; left time: 91.3302s
Epoch: 25 cost time: 17.164945125579834
Epoch: 25, Steps: 267 | Train Loss: 0.1673567 Vali Loss: 0.5208099 Test Loss: 0.3463055
EarlyStopping counter: 4 out of 5
Updating learning rate to 0.0001459945121693862
	iters: 100, epoch: 26 | loss: 0.1716856
	speed: 0.3053s/iter; left time: 377.3167s
	iters: 200, epoch: 26 | loss: 0.1863695
	speed: 0.0599s/iter; left time: 67.9995s
Epoch: 26 cost time: 16.878301858901978
Epoch: 26, Steps: 267 | Train Loss: 0.1673562 Vali Loss: 0.5200892 Test Loss: 0.3461689
EarlyStopping counter: 5 out of 5
Early stopping
train 34177
val 11329
test 11329
Model(
  (freq_upsampler): Linear(in_features=64, out_features=128, bias=True)
)
[INFO] Register count_linear() for <class 'torch.nn.modules.linear.Linear'>.
FLOPs:  7340032.0
params:  8320.0
Trainable parameters:  8320
!!!!!!!!!!!!!!learning rate!!!!!!!!!!!!!!!
0.0005
	iters: 100, epoch: 1 | loss: 0.3095533
	speed: 0.0763s/iter; left time: 603.4537s
	iters: 200, epoch: 1 | loss: 0.2990303
	speed: 0.0696s/iter; left time: 543.6567s
Epoch: 1 cost time: 19.280900478363037
Epoch: 1, Steps: 267 | Train Loss: 0.3273946 Vali Loss: 0.5185236 Test Loss: 0.3452211
Validation loss decreased (inf --> 0.518524).  Saving model ...
Updating learning rate to 0.0005
	iters: 100, epoch: 2 | loss: 0.3083229
	speed: 0.2825s/iter; left time: 2159.1139s
	iters: 200, epoch: 2 | loss: 0.3248996
	speed: 0.0652s/iter; left time: 491.5757s
Epoch: 2 cost time: 16.99625539779663
Epoch: 2, Steps: 267 | Train Loss: 0.3269589 Vali Loss: 0.5181198 Test Loss: 0.3457357
Validation loss decreased (0.518524 --> 0.518120).  Saving model ...
Updating learning rate to 0.000475
	iters: 100, epoch: 3 | loss: 0.3045079
	speed: 0.2969s/iter; left time: 2190.3211s
	iters: 200, epoch: 3 | loss: 0.3124166
	speed: 0.0538s/iter; left time: 391.5033s
Epoch: 3 cost time: 17.23529839515686
Epoch: 3, Steps: 267 | Train Loss: 0.3267741 Vali Loss: 0.5188388 Test Loss: 0.3448899
EarlyStopping counter: 1 out of 5
Updating learning rate to 0.00045125
	iters: 100, epoch: 4 | loss: 0.3220806
	speed: 0.2648s/iter; left time: 1882.7566s
	iters: 200, epoch: 4 | loss: 0.3333598
	speed: 0.0685s/iter; left time: 479.9590s
Epoch: 4 cost time: 18.35855197906494
Epoch: 4, Steps: 267 | Train Loss: 0.3266797 Vali Loss: 0.5184819 Test Loss: 0.3452000
EarlyStopping counter: 2 out of 5
Updating learning rate to 0.0004286875
	iters: 100, epoch: 5 | loss: 0.3258055
	speed: 0.2807s/iter; left time: 1920.9624s
	iters: 200, epoch: 5 | loss: 0.3406844
	speed: 0.0505s/iter; left time: 340.4306s
Epoch: 5 cost time: 14.802949666976929
Epoch: 5, Steps: 267 | Train Loss: 0.3266009 Vali Loss: 0.5191850 Test Loss: 0.3451328
EarlyStopping counter: 3 out of 5
Updating learning rate to 0.00040725312499999993
	iters: 100, epoch: 6 | loss: 0.3284574
	speed: 0.2544s/iter; left time: 1672.6661s
	iters: 200, epoch: 6 | loss: 0.3066112
	speed: 0.0611s/iter; left time: 395.9871s
Epoch: 6 cost time: 17.128798961639404
Epoch: 6, Steps: 267 | Train Loss: 0.3265461 Vali Loss: 0.5187120 Test Loss: 0.3450392
EarlyStopping counter: 4 out of 5
Updating learning rate to 0.0003868904687499999
	iters: 100, epoch: 7 | loss: 0.3466184
	speed: 0.3006s/iter; left time: 1896.2871s
	iters: 200, epoch: 7 | loss: 0.3520035
	speed: 0.0666s/iter; left time: 413.5039s
Epoch: 7 cost time: 18.979159832000732
Epoch: 7, Steps: 267 | Train Loss: 0.3264872 Vali Loss: 0.5180826 Test Loss: 0.3452251
Validation loss decreased (0.518120 --> 0.518083).  Saving model ...
Updating learning rate to 0.00036754594531249993
	iters: 100, epoch: 8 | loss: 0.3390944
	speed: 0.2749s/iter; left time: 1660.8370s
	iters: 200, epoch: 8 | loss: 0.3261344
	speed: 0.0695s/iter; left time: 412.6909s
Epoch: 8 cost time: 18.122742414474487
Epoch: 8, Steps: 267 | Train Loss: 0.3264678 Vali Loss: 0.5170487 Test Loss: 0.3449256
Validation loss decreased (0.518083 --> 0.517049).  Saving model ...
Updating learning rate to 0.00034916864804687486
	iters: 100, epoch: 9 | loss: 0.3667799
	speed: 0.3009s/iter; left time: 1737.5336s
	iters: 200, epoch: 9 | loss: 0.3479437
	speed: 0.0607s/iter; left time: 344.4343s
Epoch: 9 cost time: 16.97542452812195
Epoch: 9, Steps: 267 | Train Loss: 0.3264263 Vali Loss: 0.5183415 Test Loss: 0.3448091
EarlyStopping counter: 1 out of 5
Updating learning rate to 0.00033171021564453113
	iters: 100, epoch: 10 | loss: 0.3343698
	speed: 0.2947s/iter; left time: 1623.1127s
	iters: 200, epoch: 10 | loss: 0.3458384
	speed: 0.0742s/iter; left time: 401.3603s
Epoch: 10 cost time: 19.481789350509644
Epoch: 10, Steps: 267 | Train Loss: 0.3264099 Vali Loss: 0.5177971 Test Loss: 0.3446881
EarlyStopping counter: 2 out of 5
Updating learning rate to 0.00031512470486230455
	iters: 100, epoch: 11 | loss: 0.3400869
	speed: 0.2850s/iter; left time: 1493.8924s
	iters: 200, epoch: 11 | loss: 0.3176250
	speed: 0.0610s/iter; left time: 313.5496s
Epoch: 11 cost time: 17.915302753448486
Epoch: 11, Steps: 267 | Train Loss: 0.3263817 Vali Loss: 0.5178425 Test Loss: 0.3449006
EarlyStopping counter: 3 out of 5
Updating learning rate to 0.00029936846961918935
	iters: 100, epoch: 12 | loss: 0.3298965
	speed: 0.3029s/iter; left time: 1506.5658s
	iters: 200, epoch: 12 | loss: 0.3458289
	speed: 0.0571s/iter; left time: 278.3122s
Epoch: 12 cost time: 16.23862099647522
Epoch: 12, Steps: 267 | Train Loss: 0.3263283 Vali Loss: 0.5176745 Test Loss: 0.3449465
EarlyStopping counter: 4 out of 5
Updating learning rate to 0.0002844000461382298
	iters: 100, epoch: 13 | loss: 0.3291793
	speed: 0.3082s/iter; left time: 1450.5454s
	iters: 200, epoch: 13 | loss: 0.2861815
	speed: 0.0692s/iter; left time: 318.6762s
Epoch: 13 cost time: 19.608969926834106
Epoch: 13, Steps: 267 | Train Loss: 0.3263366 Vali Loss: 0.5177315 Test Loss: 0.3448295
EarlyStopping counter: 5 out of 5
Early stopping
>>>>>>>testing : ETTm1_192_192_FITS_ETTm1_ftM_sl192_ll48_pl192_H6_0<<<<<<<<<<<<<<<<<<<<<<<<<<<<<<<<<
test 11329
mse:0.3451915979385376, mae:0.36703091859817505, rse:0.5592830181121826, corr:[0.5507862  0.5516006  0.5497604  0.5529774  0.54958856 0.5496816
 0.5505755  0.5486819  0.54868793 0.54943883 0.5490808  0.5485007
 0.54755855 0.5466677  0.54572934 0.5438543  0.5416708  0.53979313
 0.5377053  0.53559184 0.5338542  0.53150004 0.52887017 0.5269052
 0.52539176 0.52353287 0.5216001  0.5198587  0.5186963  0.51783127
 0.5174927  0.51775545 0.51829714 0.518935   0.5190585  0.51916546
 0.5191428  0.51905155 0.5188371  0.51849824 0.5184898  0.5183738
 0.51783925 0.5179028  0.5181729  0.51781785 0.5177641  0.51800525
 0.5181414  0.5185     0.51891136 0.51894695 0.5190604  0.5191465
 0.5188398  0.51868504 0.51899105 0.51882017 0.51839656 0.5182366
 0.51796955 0.517573   0.5177069  0.5177779  0.5174962  0.51736635
 0.5175026  0.51755804 0.51786554 0.5183628  0.51857305 0.51853067
 0.5185954  0.51876444 0.51896983 0.51921254 0.5194104  0.51934505
 0.5193151  0.51955235 0.51945764 0.5191461  0.5192841  0.5194785
 0.5193986  0.5193109  0.51943165 0.51992124 0.52058077 0.520758
 0.5211225  0.5220616  0.5222102  0.52225524 0.5232654  0.52317274
 0.52208537 0.52270454 0.5237166  0.52262664 0.52128315 0.5215966
 0.5220695  0.52188146 0.52183366 0.5218971  0.52185494 0.5221966
 0.5221964  0.52113813 0.5204382  0.5206149  0.52052426 0.5201064
 0.5196569  0.5187976  0.5180901  0.51812166 0.517577   0.5164424
 0.5163803  0.5164766  0.5155823  0.5149999  0.51488465 0.5141788
 0.5134819  0.513027   0.51243955 0.51255786 0.51306725 0.51276386
 0.51254517 0.51290953 0.5124127  0.5118878  0.51202536 0.5111949
 0.5103085  0.5108986  0.51149505 0.51117647 0.51077974 0.51054096
 0.5106614  0.5113186  0.51102585 0.5103988  0.5110222  0.5114133
 0.5108068  0.51114655 0.51188636 0.51180726 0.5115981  0.51179904
 0.5116235  0.511054   0.5107223  0.5106681  0.5107037  0.5106479
 0.51056457 0.51050293 0.5107382  0.51124054 0.5117597  0.5124149
 0.51283413 0.512871   0.5132055  0.51395607 0.51426226 0.5144616
 0.5148882  0.51471347 0.514386   0.51492584 0.5153341  0.5152091
 0.51580226 0.5163987  0.5161395  0.5166156  0.5174215  0.5175568
 0.5186028  0.51964396 0.5197977  0.52162534 0.52259606 0.52384216]
