Args in experiment:
Namespace(is_training=1, model_id='Electricity_336_192', model='LightTimeBaseTST', data='custom', root_path='./dataset/', data_path='electricity.csv', features='M', target='OT', freq='h', checkpoints='./checkpoints/', seq_len=336, label_len=48, pred_len=192, period_len=24, basis_num=6, use_period_norm=1, use_orthogonal=1, orthogonal_weight=0.04, fc_dropout=0.05, head_dropout=0.0, patch_len=16, stride=8, padding_patch='end', revin=1, affine=0, subtract_last=0, decomposition=0, kernel_size=7, individual=1, embed_type=0, enc_in=321, dec_in=7, c_out=7, d_model=512, n_heads=8, e_layers=2, d_layers=1, d_ff=2048, moving_avg=25, factor=1, distil=True, dropout=0.05, embed='learned', activation='gelu', output_attention=False, do_predict=False, num_workers=10, itr=1, train_epochs=30, batch_size=256, patience=5, learning_rate=0.1, des='test', loss='mse', lradj='type3', pct_start=0.3, use_amp=False, use_gpu=True, gpu=5, use_multi_gpu=0, devices='0,1', test_flop=False)
Use GPU: cuda:5
46866
>>>>>>>start training : Electricity_336_192_LightTimeBaseTST_custom_ftM_sl336_pl192_test_0_seed2023>>>>>>>>>>>>>>>>>>>>>>>>>>
train 17885
val 2441
test 5069
Epoch: 1 cost time: 75.52496600151062
Epoch: 1, Steps: 70 | Train Loss: 0.2301317 Vali Loss: 0.1796216 Test Loss: 0.2058355
Validation loss decreased (inf --> 0.179622).  Saving model ...
Updating learning rate to 0.1
Epoch: 2 cost time: 74.73449921607971
Epoch: 2, Steps: 70 | Train Loss: 0.1814664 Vali Loss: 0.1451638 Test Loss: 0.1719124
Validation loss decreased (0.179622 --> 0.145164).  Saving model ...
Updating learning rate to 0.1
Epoch: 3 cost time: 75.52810835838318
Epoch: 3, Steps: 70 | Train Loss: 0.1636469 Vali Loss: 0.1405979 Test Loss: 0.1654675
Validation loss decreased (0.145164 --> 0.140598).  Saving model ...
Updating learning rate to 0.1
Epoch: 4 cost time: 80.507497549057
Epoch: 4, Steps: 70 | Train Loss: 0.1612014 Vali Loss: 0.1409459 Test Loss: 0.1647403
EarlyStopping counter: 1 out of 5
Updating learning rate to 0.08000000000000002
Epoch: 5 cost time: 65.6252384185791
Epoch: 5, Steps: 70 | Train Loss: 0.1594896 Vali Loss: 0.1386210 Test Loss: 0.1640899
Validation loss decreased (0.140598 --> 0.138621).  Saving model ...
Updating learning rate to 0.06400000000000002
Epoch: 6 cost time: 65.82485890388489
Epoch: 6, Steps: 70 | Train Loss: 0.1584260 Vali Loss: 0.1377956 Test Loss: 0.1619639
Validation loss decreased (0.138621 --> 0.137796).  Saving model ...
Updating learning rate to 0.051200000000000016
Epoch: 7 cost time: 81.79736948013306
Epoch: 7, Steps: 70 | Train Loss: 0.1576010 Vali Loss: 0.1380287 Test Loss: 0.1621051
EarlyStopping counter: 1 out of 5
Updating learning rate to 0.04096000000000001
Epoch: 8 cost time: 77.61381912231445
Epoch: 8, Steps: 70 | Train Loss: 0.1571218 Vali Loss: 0.1371006 Test Loss: 0.1619026
Validation loss decreased (0.137796 --> 0.137101).  Saving model ...
Updating learning rate to 0.03276800000000001
Epoch: 9 cost time: 79.93869042396545
Epoch: 9, Steps: 70 | Train Loss: 0.1564473 Vali Loss: 0.1366787 Test Loss: 0.1617415
Validation loss decreased (0.137101 --> 0.136679).  Saving model ...
Updating learning rate to 0.026214400000000013
Epoch: 10 cost time: 79.55995392799377
Epoch: 10, Steps: 70 | Train Loss: 0.1561273 Vali Loss: 0.1366443 Test Loss: 0.1604182
Validation loss decreased (0.136679 --> 0.136644).  Saving model ...
Updating learning rate to 0.020971520000000007
Epoch: 11 cost time: 79.70725631713867
Epoch: 11, Steps: 70 | Train Loss: 0.1555751 Vali Loss: 0.1354876 Test Loss: 0.1600735
Validation loss decreased (0.136644 --> 0.135488).  Saving model ...
Updating learning rate to 0.016777216000000008
Epoch: 12 cost time: 79.57263612747192
Epoch: 12, Steps: 70 | Train Loss: 0.1551730 Vali Loss: 0.1354225 Test Loss: 0.1597025
Validation loss decreased (0.135488 --> 0.135422).  Saving model ...
Updating learning rate to 0.013421772800000007
Epoch: 13 cost time: 80.19314980506897
Epoch: 13, Steps: 70 | Train Loss: 0.1549296 Vali Loss: 0.1349213 Test Loss: 0.1593031
Validation loss decreased (0.135422 --> 0.134921).  Saving model ...
Updating learning rate to 0.010737418240000006
Epoch: 14 cost time: 77.52507853507996
Epoch: 14, Steps: 70 | Train Loss: 0.1546730 Vali Loss: 0.1345397 Test Loss: 0.1602519
Validation loss decreased (0.134921 --> 0.134540).  Saving model ...
Updating learning rate to 0.008589934592000005
Epoch: 15 cost time: 87.72184729576111
Epoch: 15, Steps: 70 | Train Loss: 0.1544619 Vali Loss: 0.1352692 Test Loss: 0.1589554
EarlyStopping counter: 1 out of 5
Updating learning rate to 0.0068719476736000045
Epoch: 16 cost time: 86.25999474525452
Epoch: 16, Steps: 70 | Train Loss: 0.1542354 Vali Loss: 0.1347875 Test Loss: 0.1589610
EarlyStopping counter: 2 out of 5
Updating learning rate to 0.005497558138880004
Epoch: 17 cost time: 82.56039214134216
Epoch: 17, Steps: 70 | Train Loss: 0.1541085 Vali Loss: 0.1343817 Test Loss: 0.1589983
Validation loss decreased (0.134540 --> 0.134382).  Saving model ...
Updating learning rate to 0.004398046511104004
Epoch: 18 cost time: 82.1045868396759
Epoch: 18, Steps: 70 | Train Loss: 0.1540010 Vali Loss: 0.1344026 Test Loss: 0.1587693
EarlyStopping counter: 1 out of 5
Updating learning rate to 0.0035184372088832034
Epoch: 19 cost time: 88.24999713897705
Epoch: 19, Steps: 70 | Train Loss: 0.1539259 Vali Loss: 0.1343586 Test Loss: 0.1585553
Validation loss decreased (0.134382 --> 0.134359).  Saving model ...
Updating learning rate to 0.0028147497671065624
Epoch: 20 cost time: 88.05278539657593
Epoch: 20, Steps: 70 | Train Loss: 0.1537956 Vali Loss: 0.1341510 Test Loss: 0.1585733
Validation loss decreased (0.134359 --> 0.134151).  Saving model ...
Updating learning rate to 0.0022517998136852503
Epoch: 21 cost time: 87.99100041389465
Epoch: 21, Steps: 70 | Train Loss: 0.1536940 Vali Loss: 0.1341384 Test Loss: 0.1585710
Validation loss decreased (0.134151 --> 0.134138).  Saving model ...
Updating learning rate to 0.0018014398509482003
Epoch: 22 cost time: 88.74159240722656
Epoch: 22, Steps: 70 | Train Loss: 0.1536589 Vali Loss: 0.1343026 Test Loss: 0.1582759
EarlyStopping counter: 1 out of 5
Updating learning rate to 0.0014411518807585604
Epoch: 23 cost time: 91.35364151000977
Epoch: 23, Steps: 70 | Train Loss: 0.1535990 Vali Loss: 0.1336535 Test Loss: 0.1585903
Validation loss decreased (0.134138 --> 0.133653).  Saving model ...
Updating learning rate to 0.0011529215046068484
Epoch: 24 cost time: 91.6876106262207
Epoch: 24, Steps: 70 | Train Loss: 0.1535477 Vali Loss: 0.1339472 Test Loss: 0.1582820
EarlyStopping counter: 1 out of 5
Updating learning rate to 0.0009223372036854787
Epoch: 25 cost time: 94.6463577747345
Epoch: 25, Steps: 70 | Train Loss: 0.1535076 Vali Loss: 0.1341424 Test Loss: 0.1581750
EarlyStopping counter: 2 out of 5
Updating learning rate to 0.000737869762948383
Epoch: 26 cost time: 93.08252739906311
Epoch: 26, Steps: 70 | Train Loss: 0.1534905 Vali Loss: 0.1340515 Test Loss: 0.1582346
EarlyStopping counter: 3 out of 5
Updating learning rate to 0.0005902958103587065
Epoch: 27 cost time: 94.04406976699829
Epoch: 27, Steps: 70 | Train Loss: 0.1534551 Vali Loss: 0.1339108 Test Loss: 0.1582170
EarlyStopping counter: 4 out of 5
Updating learning rate to 0.0004722366482869652
Epoch: 28 cost time: 92.56264805793762
Epoch: 28, Steps: 70 | Train Loss: 0.1534274 Vali Loss: 0.1338370 Test Loss: 0.1582166
EarlyStopping counter: 5 out of 5
Early stopping
>>>>>>>testing : Electricity_336_192_LightTimeBaseTST_custom_ftM_sl336_pl192_test_0_seed2023<<<<<<<<<<<<<<<<<<<<<<<<<<<<<<<<<
test 5069
mse:0.15635839104652405, mae:0.2460390329360962, rse:0.39315423369407654
